<?xml version="1.0" encoding="UTF-8"?>
<!-- Generated by org.testng.reporters.JUnitReportReporter -->
<testsuite hostname="DESKTOP-5M7AM2E" failures="0" tests="11" name="org.test.SubscriptionYearlyPowerHouse" time="53.249" errors="0" timestamp="2023-05-27T16:24:50 IST" skipped="0">
  <testcase classname="org.test.SubscriptionYearlyPowerHouse" name="createTenant" time="37.265"/>
  <system-out/>
  <testcase classname="org.test.SubscriptionYearlyPowerHouse" name="subDomineURL" time="0.074"/>
  <system-out/>
  <testcase classname="org.test.SubscriptionYearlyPowerHouse" name="ownerName" time="0.131"/>
  <system-out/>
  <testcase classname="org.test.SubscriptionYearlyPowerHouse" name="modulepage" time="7.769"/>
  <system-out/>
  <testcase classname="org.test.SubscriptionYearlyPowerHouse" name="confirmPage" time="2.354"/>
  <system-out/>
  <testcase classname="org.test.SubscriptionYearlyPowerHouse" name="proAmount" time="0.067"/>
  <system-out/>
  <testcase classname="org.test.SubscriptionYearlyPowerHouse" name="totalAmount" time="0.065"/>
  <system-out/>
  <testcase classname="org.test.SubscriptionYearlyPowerHouse" name="billingInformation" time="3.554"/>
  <system-out/>
  <testcase classname="org.test.SubscriptionYearlyPowerHouse" name="paymentDetailsPage" time="1.852"/>
  <system-out/>
  <testcase classname="org.test.SubscriptionYearlyPowerHouse" name="billingInformationAmount" time="0.064"/>
  <system-out/>
  <testcase classname="org.test.SubscriptionYearlyPowerHouse" name="paymentDetailsAmount" time="0.054"/>
  <system-out/>
</testsuite> <!-- org.test.SubscriptionYearlyPowerHouse -->
