<?xml version="1.0" encoding="UTF-8"?>
<!-- Generated by org.testng.reporters.JUnitReportReporter -->
<testsuite hostname="DESKTOP-5M7AM2E" failures="0" tests="105" name="org.test.TeamModule" time="223.978" errors="0" timestamp="2023-01-17T20:28:19 IST" skipped="0">
  <testcase classname="org.test.TeamModule" name="verify" time="29.173"/>
  <system-out/>
  <testcase classname="org.test.TeamModule" name="teamModule" time="8.722"/>
  <system-out/>
  <testcase classname="org.test.TeamModule" name="edit" time="5.409"/>
  <system-out/>
  <testcase classname="org.test.TeamModule" name="addLocation" time="4.681"/>
  <system-out/>
  <testcase classname="org.test.TeamModule" name="deleteLocation" time="2.685"/>
  <system-out/>
  <testcase classname="org.test.TeamModule" name="verifyContractorNameMandatory" time="1.789"/>
  <system-out/>
  <testcase classname="org.test.TeamModule" name="verifyContractorNumberMinValidation" time="0.476"/>
  <system-out/>
  <testcase classname="org.test.TeamModule" name="verifyContractorEmailFormat" time="0.337"/>
  <system-out/>
  <testcase classname="org.test.TeamModule" name="verifyContractorNumberMaxValidation" time="0.469"/>
  <system-out/>
  <testcase classname="org.test.TeamModule" name="verifyFaxMinValidation" time="0.287"/>
  <system-out/>
  <testcase classname="org.test.TeamModule" name="verifyFaxMaxValidation" time="0.472"/>
  <system-out/>
  <testcase classname="org.test.TeamModule" name="verifyCpersonLastNameMaxValidation" time="1.358"/>
  <system-out/>
  <testcase classname="org.test.TeamModule" name="verifyCpersonFirstNameMaxValidation" time="1.361"/>
  <system-out/>
  <testcase classname="org.test.TeamModule" name="maxValidationLocationNameField" time="2.500"/>
  <system-out/>
  <testcase classname="org.test.TeamModule" name="validateEmailField" time="0.281"/>
  <system-out/>
  <testcase classname="org.test.TeamModule" name="maxValidationEmailField" time="2.092"/>
  <system-out/>
  <testcase classname="org.test.TeamModule" name="minValidationPhoneNumberField" time="0.192"/>
  <system-out/>
  <testcase classname="org.test.TeamModule" name="maxValidationPhoneNumberField" time="0.178"/>
  <system-out/>
  <testcase classname="org.test.TeamModule" name="maxValidationAddress1Field" time="1.635"/>
  <system-out/>
  <testcase classname="org.test.TeamModule" name="maxValidationAddress2Field" time="1.529"/>
  <system-out/>
  <testcase classname="org.test.TeamModule" name="maxValidationStateField" time="1.662"/>
  <system-out/>
  <testcase classname="org.test.TeamModule" name="maxValidationCityField" time="1.538"/>
  <system-out/>
  <testcase classname="org.test.TeamModule" name="maxValidationZipcodeField" time="0.226"/>
  <system-out/>
  <testcase classname="org.test.TeamModule" name="minValidationZipcodeField" time="0.145"/>
  <system-out/>
  <testcase classname="org.test.TeamModule" name="characterValidationZipcodeField" time="0.170"/>
  <system-out/>
  <testcase classname="org.test.TeamModule" name="maxValidationContactPerson" time="1.630"/>
  <system-out/>
  <testcase classname="org.test.TeamModule" name="verifySaveButtonExist" time="0.046"/>
  <system-out/>
  <testcase classname="org.test.TeamModule" name="createContract" time="5.015"/>
  <system-out/>
  <testcase classname="org.test.TeamModule" name="contractotCompanyNameExistedValidation" time="2.634"/>
  <system-out/>
  <testcase classname="org.test.TeamModule" name="contractorAlreadyEmailValidation" time="2.578"/>
  <system-out/>
  <testcase classname="org.test.TeamModule" name="listValidationName" time="1.117"/>
  <system-out/>
  <testcase classname="org.test.TeamModule" name="searchCompanyNameListValidation" time="1.620"/>
  <system-out/>
  <testcase classname="org.test.TeamModule" name="searchNameListValidation" time="1.762"/>
  <system-out/>
  <testcase classname="org.test.TeamModule" name="searchEmailListValidation" time="2.132"/>
  <system-out/>
  <testcase classname="org.test.TeamModule" name="searchPhoneNumberListValidation" time="2.945"/>
  <system-out/>
  <testcase classname="org.test.TeamModule" name="invalidValidationData" time="2.092"/>
  <system-out/>
  <testcase classname="org.test.TeamModule" name="editContractorPage" time="2.708"/>
  <system-out/>
  <testcase classname="org.test.TeamModule" name="editContractorDetails" time="6.295"/>
  <system-out/>
  <testcase classname="org.test.TeamModule" name="deleteContractorDetails" time="2.779"/>
  <system-out/>
  <testcase classname="org.test.TeamModule" name="landingUserFormPage" time="1.602"/>
  <system-out/>
  <testcase classname="org.test.TeamModule" name="mandatoryValidationFirstNameField" time="0.544"/>
  <system-out/>
  <testcase classname="org.test.TeamModule" name="mandatoryValidationTypeField" time="0.695"/>
  <system-out/>
  <testcase classname="org.test.TeamModule" name="mandatoryValidationEmailField" time="0.476"/>
  <system-out/>
  <testcase classname="org.test.TeamModule" name="maxValidationFirstNameField" time="1.248"/>
  <system-out/>
  <testcase classname="org.test.TeamModule" name="maxValidationLastNameField" time="1.198"/>
  <system-out/>
  <testcase classname="org.test.TeamModule" name="maxValidationJobTittleField" time="1.263"/>
  <system-out/>
  <testcase classname="org.test.TeamModule" name="maxValidationEmailFields" time="1.254"/>
  <system-out/>
  <testcase classname="org.test.TeamModule" name="invalidEmailValidation" time="0.313"/>
  <system-out/>
  <testcase classname="org.test.TeamModule" name="minValidatonPhoneNumber" time="0.244"/>
  <system-out/>
  <testcase classname="org.test.TeamModule" name="maxValidatonPhoneNumber" time="0.505"/>
  <system-out/>
  <testcase classname="org.test.TeamModule" name="maxValidationLocationName" time="1.298"/>
  <system-out/>
  <testcase classname="org.test.TeamModule" name="maxValidationAddress1" time="1.168"/>
  <system-out/>
  <testcase classname="org.test.TeamModule" name="maxValidationAddress2" time="1.128"/>
  <system-out/>
  <testcase classname="org.test.TeamModule" name="maxValidationState" time="0.917"/>
  <system-out/>
  <testcase classname="org.test.TeamModule" name="maxValidationCity" time="0.759"/>
  <system-out/>
  <testcase classname="org.test.TeamModule" name="specialCharacterValidationContractorZipcode" time="0.190"/>
  <system-out/>
  <testcase classname="org.test.TeamModule" name="minValidationZipcode" time="0.143"/>
  <system-out/>
  <testcase classname="org.test.TeamModule" name="specialCharacterValidationZipcode" time="0.148"/>
  <system-out/>
  <testcase classname="org.test.TeamModule" name="maxValidationZipcode" time="0.368"/>
  <system-out/>
  <testcase classname="org.test.TeamModule" name="userCreate" time="3.983"/>
  <system-out/>
  <testcase classname="org.test.TeamModule" name="alreadyExistedMailValidation" time="9.633"/>
  <system-out/>
  <testcase classname="org.test.TeamModule" name="createdListName" time="0.112"/>
  <system-out/>
  <testcase classname="org.test.TeamModule" name="searchNameValidation" time="2.625"/>
  <system-out/>
  <testcase classname="org.test.TeamModule" name="searchPhoneNumberValidation" time="1.590"/>
  <system-out/>
  <testcase classname="org.test.TeamModule" name="searchEmailValidation" time="2.272"/>
  <system-out/>
  <testcase classname="org.test.TeamModule" name="invalidDataValidation" time="2.699"/>
  <system-out/>
  <testcase classname="org.test.TeamModule" name="landingOnEditForm" time="2.633"/>
  <system-out/>
  <testcase classname="org.test.TeamModule" name="editUserDetails" time="6.231"/>
  <system-out/>
  <testcase classname="org.test.TeamModule" name="deleteUserDetails" time="3.280"/>
  <system-out/>
  <testcase classname="org.test.TeamModule" name="landingContractorFormPage" time="2.043"/>
  <system-out/>
  <testcase classname="org.test.TeamModule" name="mandatoryValidationContractorFirstNameField" time="0.475"/>
  <system-out/>
  <testcase classname="org.test.TeamModule" name="mandatoryValidationContractorEmailField" time="0.431"/>
  <system-out/>
  <testcase classname="org.test.TeamModule" name="mandatoryOrganizationName" time="2.908"/>
  <system-out/>
  <testcase classname="org.test.TeamModule" name="maxValidationContractorFirstNameField" time="1.431"/>
  <system-out/>
  <testcase classname="org.test.TeamModule" name="maxValidationContractorLastNameField" time="1.250"/>
  <system-out/>
  <testcase classname="org.test.TeamModule" name="invalidContractorEmailValidation" time="0.382"/>
  <system-out/>
  <testcase classname="org.test.TeamModule" name="maxValidationContractorEmailFields" time="1.255"/>
  <system-out/>
  <testcase classname="org.test.TeamModule" name="minValidatonContractorPhoneNumber" time="0.261"/>
  <system-out/>
  <testcase classname="org.test.TeamModule" name="maxValidatonContractorPhoneNumber" time="0.493"/>
  <system-out/>
  <testcase classname="org.test.TeamModule" name="maxValidationContractorLocationName" time="1.249"/>
  <system-out/>
  <testcase classname="org.test.TeamModule" name="maxValidationContractorAddress1" time="1.182"/>
  <system-out/>
  <testcase classname="org.test.TeamModule" name="maxValidationContractorAddress2" time="1.204"/>
  <system-out/>
  <testcase classname="org.test.TeamModule" name="maxValidationContractorState" time="1.226"/>
  <system-out/>
  <testcase classname="org.test.TeamModule" name="maxValidationContractorCity" time="1.158"/>
  <system-out/>
  <testcase classname="org.test.TeamModule" name="minValidationContractorZipcode" time="0.259"/>
  <system-out/>
  <testcase classname="org.test.TeamModule" name="maxValidationContractorZipcode" time="0.416"/>
  <system-out/>
  <testcase classname="org.test.TeamModule" name="userContractorCreate" time="6.506"/>
  <system-out/>
  <testcase classname="org.test.TeamModule" name="createdContractorListName" time="1.684"/>
  <system-out/>
  <testcase classname="org.test.TeamModule" name="alreadyExistedContractorMailValidation" time="6.104"/>
  <system-out/>
  <testcase classname="org.test.TeamModule" name="searchContractorNameValidation" time="2.261"/>
  <system-out/>
  <testcase classname="org.test.TeamModule" name="searchContractorPhoneNumberValidation" time="2.291"/>
  <system-out/>
  <testcase classname="org.test.TeamModule" name="searchContractorEmailValidation" time="1.914"/>
  <system-out/>
  <testcase classname="org.test.TeamModule" name="filterByCompany" time="2.039"/>
  <system-out/>
  <testcase classname="org.test.TeamModule" name="invalidDatasValidation" time="1.789"/>
  <system-out/>
  <testcase classname="org.test.TeamModule" name="landingOnContractorEditForm" time="2.628"/>
  <system-out/>
  <testcase classname="org.test.TeamModule" name="editContractorDetail" time="7.094"/>
  <system-out/>
  <testcase classname="org.test.TeamModule" name="deleteContractorDetail" time="3.836"/>
  <system-out/>
  <testcase classname="org.test.TeamModule" name="landOnSendInvitePage" time="1.004"/>
  <system-out/>
  <testcase classname="org.test.TeamModule" name="verifyEmailRequired" time="0.136"/>
  <system-out/>
  <testcase classname="org.test.TeamModule" name="verfiyEmailFormat" time="1.437"/>
  <system-out/>
  <testcase classname="org.test.TeamModule" name="verifyFirstName" time="0.379"/>
  <system-out/>
  <testcase classname="org.test.TeamModule" name="verifyFirstNamewithBlankSpace" time="2.467"/>
  <system-out/>
  <testcase classname="org.test.TeamModule" name="verifyUserEnterMessage" time="4.253"/>
  <system-out/>
  <testcase classname="org.test.TeamModule" name="verfiyAddMoreButton" time="0.176"/>
  <system-out/>
  <testcase classname="org.test.TeamModule" name="verifyUserSendInvite" time="3.118"/>
  <system-out/>
</testsuite> <!-- org.test.TeamModule -->
