<?xml version="1.0" encoding="UTF-8"?>
<!-- Generated by org.testng.reporters.JUnitReportReporter -->
<testsuite hostname="DESKTOP-5M7AM2E" failures="0" tests="5" name="org.enhancement.ServiceType" time="31.878" errors="0" timestamp="2023-04-23T20:36:39 IST" skipped="0">
  <testcase classname="org.enhancement.ServiceType" name="loginPage" time="20.519"/>
  <system-out/>
  <testcase classname="org.enhancement.ServiceType" name="settingModule" time="1.979"/>
  <system-out/>
  <testcase classname="org.enhancement.ServiceType" name="leadSourceLabel" time="0.083"/>
  <system-out/>
  <testcase classname="org.enhancement.ServiceType" name="createFormLabel" time="1.359"/>
  <system-out/>
  <testcase classname="org.enhancement.ServiceType" name="serviceTypeCreate" time="7.938"/>
  <system-out/>
</testsuite> <!-- org.enhancement.ServiceType -->
