<?xml version="1.0" encoding="UTF-8"?>
<!-- Generated by org.testng.reporters.JUnitReportReporter -->
<testsuite hostname="DESKTOP-5M7AM2E" failures="0" tests="69" name="org.test.GlobalContactQuote" time="447.069" errors="0" timestamp="2023-05-14T13:43:06 IST" skipped="6">
  <testcase classname="org.test.GlobalContactQuote" name="loginPage" time="21.927"/>
  <system-out/>
  <testcase classname="org.test.GlobalContactQuote" name="quoteModule" time="5.678"/>
  <system-out/>
  <testcase classname="org.test.GlobalContactQuote" name="labelValidation" time="1.343"/>
  <system-out/>
  <testcase classname="org.test.GlobalContactQuote" name="contactMandatoryValidation" time="1.606"/>
  <system-out/>
  <testcase classname="org.test.GlobalContactQuote" name="mandatoryValidationExpiryDate" time="0.060"/>
  <system-out/>
  <testcase classname="org.test.GlobalContactQuote" name="mandatoryValidationInventoryItem" time="0.063"/>
  <system-out/>
  <testcase classname="org.test.GlobalContactQuote" name="mandatoryValidationQunatity" time="0.059"/>
  <system-out/>
  <testcase classname="org.test.GlobalContactQuote" name="mandatoryValidationPrice" time="0.060"/>
  <system-out/>
  <testcase classname="org.test.GlobalContactQuote" name="mandatoryValidationDescription" time="0.065"/>
  <system-out/>
  <testcase classname="org.test.GlobalContactQuote" name="autoCompleteContactCreation" time="15.715"/>
  <system-out/>
  <testcase classname="org.test.GlobalContactQuote" name="maximumValidationQuoteTittle" time="0.721"/>
  <system-out/>
  <testcase classname="org.test.GlobalContactQuote" name="maximumValidationReference" time="0.681"/>
  <system-out/>
  <testcase classname="org.test.GlobalContactQuote" name="maximumValidationInventoryItem" time="1.019"/>
  <system-out/>
  <testcase classname="org.test.GlobalContactQuote" name="emptyValidationQuantityField" time="0.202"/>
  <system-out/>
  <testcase classname="org.test.GlobalContactQuote" name="maxQuanitityLimit" time="0.257"/>
  <system-out/>
  <testcase classname="org.test.GlobalContactQuote" name="afterDecimalPointValidationQuantityField" time="0.171"/>
  <system-out/>
  <testcase classname="org.test.GlobalContactQuote" name="beforeDecimalPointValidationQuantityField" time="0.305"/>
  <system-out/>
  <testcase classname="org.test.GlobalContactQuote" name="emptyValidationPriceField" time="0.225"/>
  <system-out/>
  <testcase classname="org.test.GlobalContactQuote" name="maxPriceLimit" time="0.186"/>
  <system-out/>
  <testcase classname="org.test.GlobalContactQuote" name="beforeDecimalPointPriceField" time="0.207"/>
  <system-out/>
  <testcase classname="org.test.GlobalContactQuote" name="afterDecimalPointPriceField" time="0.236"/>
  <system-out/>
  <testcase classname="org.test.GlobalContactQuote" name="afterDecimalPointDiscountField" time="0.223"/>
  <system-out/>
  <testcase classname="org.test.GlobalContactQuote" name="beforeDecimalPointDiscountField" time="0.177"/>
  <system-out/>
  <testcase classname="org.test.GlobalContactQuote" name="maxLimitDiscountField" time="0.226"/>
  <system-out/>
  <testcase classname="org.test.GlobalContactQuote" name="afterDecimalPointTaxField" time="1.240">
    <skipped/>
  </testcase> <!-- afterDecimalPointTaxField -->
  <system-out/>
  <testcase classname="org.test.GlobalContactQuote" name="beforeDecimalPointTaxField" time="1.204">
    <skipped/>
  </testcase> <!-- beforeDecimalPointTaxField -->
  <system-out/>
  <testcase classname="org.test.GlobalContactQuote" name="maxLimitTaxField" time="1.182">
    <skipped/>
  </testcase> <!-- maxLimitTaxField -->
  <system-out/>
  <testcase classname="org.test.GlobalContactQuote" name="maximumValidationDescription" time="1.906"/>
  <system-out/>
  <testcase classname="org.test.GlobalContactQuote" name="maximumValidationNotes" time="50.815"/>
  <system-out/>
  <testcase classname="org.test.GlobalContactQuote" name="expiryFieldPastDateValidation" time="8.253"/>
  <system-out/>
  <testcase classname="org.test.GlobalContactQuote" name="validateCalculation" time="8.290"/>
  <system-out/>
  <testcase classname="org.test.GlobalContactQuote" name="quoteCount" time="0.135"/>
  <system-out/>
  <testcase classname="org.test.GlobalContactQuote" name="createQuote" time="25.405"/>
  <system-out/>
  <testcase classname="org.test.GlobalContactQuote" name="quoteEdit" time="24.654"/>
  <system-out/>
  <testcase classname="org.test.GlobalContactQuote" name="editmandatoryValidationExpiryDate" time="0.061"/>
  <system-out/>
  <testcase classname="org.test.GlobalContactQuote" name="editmandatoryValidationQunatity" time="0.062"/>
  <system-out/>
  <testcase classname="org.test.GlobalContactQuote" name="editmandatoryValidationPrice" time="0.056"/>
  <system-out/>
  <testcase classname="org.test.GlobalContactQuote" name="editmandatoryValidationDescription" time="0.124"/>
  <system-out/>
  <testcase classname="org.test.GlobalContactQuote" name="editmaximumValidationReference" time="0.677"/>
  <system-out/>
  <testcase classname="org.test.GlobalContactQuote" name="editmaximumValidationQuoteTittle" time="0.719"/>
  <system-out/>
  <testcase classname="org.test.GlobalContactQuote" name="editmaximumValidationInventoryItem" time="1.049"/>
  <system-out/>
  <testcase classname="org.test.GlobalContactQuote" name="editemptyValidationQuantityField" time="0.207"/>
  <system-out/>
  <testcase classname="org.test.GlobalContactQuote" name="editmaxQuanitityLimit" time="0.249"/>
  <system-out/>
  <testcase classname="org.test.GlobalContactQuote" name="editafterDecimalPointValidationQuantityField" time="0.198"/>
  <system-out/>
  <testcase classname="org.test.GlobalContactQuote" name="editbeforeDecimalPointValidationQuantityField" time="0.322"/>
  <system-out/>
  <testcase classname="org.test.GlobalContactQuote" name="editemptyValidationPriceField" time="0.208"/>
  <system-out/>
  <testcase classname="org.test.GlobalContactQuote" name="editmaxPriceLimit" time="0.183"/>
  <system-out/>
  <testcase classname="org.test.GlobalContactQuote" name="editbeforeDecimalPointPriceField" time="0.238"/>
  <system-out/>
  <testcase classname="org.test.GlobalContactQuote" name="editafterDecimalPointPriceField" time="0.250"/>
  <system-out/>
  <testcase classname="org.test.GlobalContactQuote" name="editafterDecimalPointDiscountField" time="0.209"/>
  <system-out/>
  <testcase classname="org.test.GlobalContactQuote" name="editbeforeDecimalPointDiscountField" time="0.185"/>
  <system-out/>
  <testcase classname="org.test.GlobalContactQuote" name="editmaxLimitDiscountField" time="0.156"/>
  <system-out/>
  <testcase classname="org.test.GlobalContactQuote" name="editafterDecimalPointTaxField" time="1.261">
    <skipped/>
  </testcase> <!-- editafterDecimalPointTaxField -->
  <system-out/>
  <testcase classname="org.test.GlobalContactQuote" name="editbeforeDecimalPointTaxField" time="1.219">
    <skipped/>
  </testcase> <!-- editbeforeDecimalPointTaxField -->
  <system-out/>
  <testcase classname="org.test.GlobalContactQuote" name="editmaxLimitTaxField" time="1.207">
    <skipped/>
  </testcase> <!-- editmaxLimitTaxField -->
  <system-out/>
  <testcase classname="org.test.GlobalContactQuote" name="editmaximumValidationDescription" time="1.890"/>
  <system-out/>
  <testcase classname="org.test.GlobalContactQuote" name="editmaximumValidationNotes" time="50.461"/>
  <system-out/>
  <testcase classname="org.test.GlobalContactQuote" name="editexpiryFieldPastDateValidation" time="8.293"/>
  <system-out/>
  <testcase classname="org.test.GlobalContactQuote" name="editvalidateCalculation" time="8.300"/>
  <system-out/>
  <testcase classname="org.test.GlobalContactQuote" name="updateQuote" time="22.905"/>
  <system-out/>
  <testcase classname="org.test.GlobalContactQuote" name="createdQuoteStatus" time="0.116"/>
  <system-out/>
  <testcase classname="org.test.GlobalContactQuote" name="draftQuote" time="46.300"/>
  <system-out/>
  <testcase classname="org.test.GlobalContactQuote" name="convertQuote" time="56.480"/>
  <system-out/>
  <testcase classname="org.test.GlobalContactQuote" name="declinedStatus" time="58.102"/>
  <system-out/>
  <testcase classname="org.test.GlobalContactQuote" name="listCustomerName" time="3.066"/>
  <system-out/>
  <testcase classname="org.test.GlobalContactQuote" name="listQuoteNo" time="1.950"/>
  <system-out/>
  <testcase classname="org.test.GlobalContactQuote" name="listQuoteTittle" time="2.061"/>
  <system-out/>
  <testcase classname="org.test.GlobalContactQuote" name="listQuoteReference" time="1.924"/>
  <system-out/>
  <testcase classname="org.test.GlobalContactQuote" name="listInvalid" time="1.885"/>
  <system-out/>
</testsuite> <!-- org.test.GlobalContactQuote -->
