<?xml version="1.0" encoding="UTF-8"?>
<!-- Generated by org.testng.reporters.JUnitReportReporter -->
<testsuite hostname="DESKTOP-5M7AM2E" failures="0" tests="4" name="org.enhancement.CustomerContactModule" time="56.240" errors="0" timestamp="2023-05-25T11:49:57 IST" skipped="0">
  <testcase classname="org.enhancement.CustomerContactModule" name="loginPage" time="33.737"/>
  <system-out/>
  <testcase classname="org.enhancement.CustomerContactModule" name="contactModule" time="7.065"/>
  <system-out/>
  <testcase classname="org.enhancement.CustomerContactModule" name="createLabel" time="0.102"/>
  <system-out/>
  <testcase classname="org.enhancement.CustomerContactModule" name="CreateContact" time="15.336"/>
  <system-out/>
</testsuite> <!-- org.enhancement.CustomerContactModule -->
