<?xml version="1.0" encoding="UTF-8"?>
<!-- Generated by org.testng.reporters.JUnitReportReporter -->
<testsuite hostname="DESKTOP-5M7AM2E" failures="0" tests="47" name="org.test.CustomerContactJob" time="259.463" errors="0" timestamp="2023-04-23T22:29:52 IST" skipped="0">
  <testcase classname="org.test.CustomerContactJob" name="loginPage" time="31.265"/>
  <system-out/>
  <testcase classname="org.test.CustomerContactJob" name="contactModule" time="5.045"/>
  <system-out/>
  <testcase classname="org.test.CustomerContactJob" name="CreateContact" time="17.137"/>
  <system-out/>
  <testcase classname="org.test.CustomerContactJob" name="listabelValidation" time="12.267"/>
  <system-out/>
  <testcase classname="org.test.CustomerContactJob" name="labelValidation" time="1.359"/>
  <system-out/>
  <testcase classname="org.test.CustomerContactJob" name="namePrepopulation" time="2.719"/>
  <system-out/>
  <testcase classname="org.test.CustomerContactJob" name="mandatoryValidationLocation" time="0.265"/>
  <system-out/>
  <testcase classname="org.test.CustomerContactJob" name="maximumValidationLocation" time="4.572"/>
  <system-out/>
  <testcase classname="org.test.CustomerContactJob" name="maximumValidationTittle" time="4.010"/>
  <system-out/>
  <testcase classname="org.test.CustomerContactJob" name="mandatoryValidationDescription" time="0.065"/>
  <system-out/>
  <testcase classname="org.test.CustomerContactJob" name="maximumValidationDescription" time="3.609"/>
  <system-out/>
  <testcase classname="org.test.CustomerContactJob" name="maximumTagValidation" time="0.655"/>
  <system-out/>
  <testcase classname="org.test.CustomerContactJob" name="duplicateTagsValidation" time="0.230"/>
  <system-out/>
  <testcase classname="org.test.CustomerContactJob" name="maxTagLimitValidation" time="14.331"/>
  <system-out/>
  <testcase classname="org.test.CustomerContactJob" name="maximumValidationNotes" time="3.439"/>
  <system-out/>
  <testcase classname="org.test.CustomerContactJob" name="createButton" time="0.067"/>
  <system-out/>
  <testcase classname="org.test.CustomerContactJob" name="unsssignedJob" time="14.250"/>
  <system-out/>
  <testcase classname="org.test.CustomerContactJob" name="jobCreatedCount" time="0.116"/>
  <system-out/>
  <testcase classname="org.test.CustomerContactJob" name="jobUnassignedStatus" time="0.079"/>
  <system-out/>
  <testcase classname="org.test.CustomerContactJob" name="labelEditValidation" time="7.199"/>
  <system-out/>
  <testcase classname="org.test.CustomerContactJob" name="editmandatoryValidationLocation" time="0.317"/>
  <system-out/>
  <testcase classname="org.test.CustomerContactJob" name="editmaximumValidationLocation" time="4.506"/>
  <system-out/>
  <testcase classname="org.test.CustomerContactJob" name="editmaximumValidationTittle" time="4.035"/>
  <system-out/>
  <testcase classname="org.test.CustomerContactJob" name="editmandatoryValidationDescription" time="0.064"/>
  <system-out/>
  <testcase classname="org.test.CustomerContactJob" name="editmaximumValidationDescription" time="3.620"/>
  <system-out/>
  <testcase classname="org.test.CustomerContactJob" name="editmaximumTagValidation" time="0.660"/>
  <system-out/>
  <testcase classname="org.test.CustomerContactJob" name="editduplicateTagsValidation" time="0.213"/>
  <system-out/>
  <testcase classname="org.test.CustomerContactJob" name="editmaxTagLimitValidation" time="14.419"/>
  <system-out/>
  <testcase classname="org.test.CustomerContactJob" name="editmaximumValidationNotes" time="3.416"/>
  <system-out/>
  <testcase classname="org.test.CustomerContactJob" name="updateButton" time="0.067"/>
  <system-out/>
  <testcase classname="org.test.CustomerContactJob" name="editJobwithFromDateFromTime" time="10.890"/>
  <system-out/>
  <testcase classname="org.test.CustomerContactJob" name="createJob_FromDateandTime_ToDateandTime" time="17.353"/>
  <system-out/>
  <testcase classname="org.test.CustomerContactJob" name="jobScheduleStatus" time="0.076"/>
  <system-out/>
  <testcase classname="org.test.CustomerContactJob" name="dispatchedJob" time="12.482"/>
  <system-out/>
  <testcase classname="org.test.CustomerContactJob" name="jobDispatchedStatus" time="0.078"/>
  <system-out/>
  <testcase classname="org.test.CustomerContactJob" name="startedJob" time="13.024"/>
  <system-out/>
  <testcase classname="org.test.CustomerContactJob" name="jobStartedStatus" time="0.084"/>
  <system-out/>
  <testcase classname="org.test.CustomerContactJob" name="completedJob" time="12.997"/>
  <system-out/>
  <testcase classname="org.test.CustomerContactJob" name="jobCompleteStatus" time="0.083"/>
  <system-out/>
  <testcase classname="org.test.CustomerContactJob" name="cancelledJob" time="12.011"/>
  <system-out/>
  <testcase classname="org.test.CustomerContactJob" name="jobCancelledStatus" time="0.089"/>
  <system-out/>
  <testcase classname="org.test.CustomerContactJob" name="jobDraftStatus" time="10.322"/>
  <system-out/>
  <testcase classname="org.test.CustomerContactJob" name="deletedJob" time="7.400"/>
  <system-out/>
  <testcase classname="org.test.CustomerContactJob" name="searchJobNo" time="2.184"/>
  <system-out/>
  <testcase classname="org.test.CustomerContactJob" name="searchLocation" time="2.236"/>
  <system-out/>
  <testcase classname="org.test.CustomerContactJob" name="searchFilterByDate" time="2.381"/>
  <system-out/>
  <testcase classname="org.test.CustomerContactJob" name="searchInvalid" time="1.777"/>
  <system-out/>
</testsuite> <!-- org.test.CustomerContactJob -->
