<?xml version="1.0" encoding="UTF-8"?>
<!-- Generated by org.testng.reporters.JUnitReportReporter -->
<testsuite hostname="DESKTOP-5M7AM2E" failures="0" tests="3" name="org.enhancement.GlobalOrganizationInvoice" time="80.535" errors="0" timestamp="2023-05-25T11:49:57 IST" skipped="0">
  <testcase classname="org.enhancement.GlobalOrganizationInvoice" name="loginPage" time="28.075"/>
  <system-out/>
  <testcase classname="org.enhancement.GlobalOrganizationInvoice" name="invoiceModule" time="4.269"/>
  <system-out/>
  <testcase classname="org.enhancement.GlobalOrganizationInvoice" name="createInvoice" time="48.191"/>
  <system-out/>
</testsuite> <!-- org.enhancement.GlobalOrganizationInvoice -->
