<?xml version="1.0" encoding="UTF-8"?>
<!-- Generated by org.testng.reporters.JUnitReportReporter -->
<testsuite hostname="DESKTOP-5M7AM2E" failures="0" tests="29" name="org.test.CustomerContactJob" time="174.855" errors="0" timestamp="2023-01-12T00:27:17 IST" skipped="0">
  <testcase classname="org.test.CustomerContactJob" name="loginPage" time="11.916"/>
  <system-out/>
  <testcase classname="org.test.CustomerContactJob" name="contactModule" time="10.364"/>
  <system-out/>
  <testcase classname="org.test.CustomerContactJob" name="CreateContact" time="15.363"/>
  <system-out/>
  <testcase classname="org.test.CustomerContactJob" name="labelValidation" time="7.358"/>
  <system-out/>
  <testcase classname="org.test.CustomerContactJob" name="maximumValidationTittle" time="7.300"/>
  <system-out/>
  <testcase classname="org.test.CustomerContactJob" name="mandatoryValidationDescription" time="0.224"/>
  <system-out/>
  <testcase classname="org.test.CustomerContactJob" name="maximumValidationDescription" time="6.457"/>
  <system-out/>
  <testcase classname="org.test.CustomerContactJob" name="maximumTagValidation" time="1.099"/>
  <system-out/>
  <testcase classname="org.test.CustomerContactJob" name="duplicateTagsValidation" time="0.517"/>
  <system-out/>
  <testcase classname="org.test.CustomerContactJob" name="maxTagLimitValidation" time="10.666"/>
  <system-out/>
  <testcase classname="org.test.CustomerContactJob" name="maximumValidationNotes" time="6.569"/>
  <system-out/>
  <testcase classname="org.test.CustomerContactJob" name="unsssignedJob" time="12.741"/>
  <system-out/>
  <testcase classname="org.test.CustomerContactJob" name="jobUnassignedStatus" time="1.695"/>
  <system-out/>
  <testcase classname="org.test.CustomerContactJob" name="editJobwithFromDateFromTime" time="18.341"/>
  <system-out/>
  <testcase classname="org.test.CustomerContactJob" name="createJob_FromDateandTime_ToDateandTime" time="19.580"/>
  <system-out/>
  <testcase classname="org.test.CustomerContactJob" name="jobScheduleStatus" time="2.198"/>
  <system-out/>
  <testcase classname="org.test.CustomerContactJob" name="dispatchedJob" time="3.739"/>
  <system-out/>
  <testcase classname="org.test.CustomerContactJob" name="jobDispatchedStatus" time="1.179"/>
  <system-out/>
  <testcase classname="org.test.CustomerContactJob" name="startedJob" time="4.150"/>
  <system-out/>
  <testcase classname="org.test.CustomerContactJob" name="jobStartedStatus" time="0.080"/>
  <system-out/>
  <testcase classname="org.test.CustomerContactJob" name="completedJob" time="3.674"/>
  <system-out/>
  <testcase classname="org.test.CustomerContactJob" name="cancelledJob" time="4.116"/>
  <system-out/>
  <testcase classname="org.test.CustomerContactJob" name="jobCancelledStatus" time="0.718"/>
  <system-out/>
  <testcase classname="org.test.CustomerContactJob" name="jobDraftStatus" time="8.785"/>
  <system-out/>
  <testcase classname="org.test.CustomerContactJob" name="deletedJob" time="1.544"/>
  <system-out/>
  <testcase classname="org.test.CustomerContactJob" name="searchJobNo" time="3.017"/>
  <system-out/>
  <testcase classname="org.test.CustomerContactJob" name="searchLocation" time="4.465"/>
  <system-out/>
  <testcase classname="org.test.CustomerContactJob" name="searchFilterByDate" time="5.207"/>
  <system-out/>
  <testcase classname="org.test.CustomerContactJob" name="searchInvalid" time="1.793"/>
  <system-out/>
</testsuite> <!-- org.test.CustomerContactJob -->
