<?xml version="1.0" encoding="UTF-8"?>
<!-- Generated by org.testng.reporters.JUnitReportReporter -->
<testsuite hostname="DESKTOP-5M7AM2E" failures="0" tests="8" name="org.test.Login" time="27.199" errors="0" timestamp="2022-10-26T11:36:41 IST" skipped="0">
  <testcase classname="org.test.Login" name="verifyEmptyEmail" time="2.907"/>
  <system-out/>
  <testcase classname="org.test.Login" name="verifyEmptyPassword" time="1.567"/>
  <system-out/>
  <testcase classname="org.test.Login" name="verifyIncorrectMail" time="1.010"/>
  <system-out/>
  <testcase classname="org.test.Login" name="verifyIncorrectPassword" time="1.487"/>
  <system-out/>
  <testcase classname="org.test.Login" name="verifyInvalidEmail" time="0.946"/>
  <system-out/>
  <testcase classname="org.test.Login" name="verifyInvalidPassword" time="1.030"/>
  <system-out/>
  <testcase classname="org.test.Login" name="verifyInvalidCredentials" time="1.491"/>
  <system-out/>
  <testcase classname="org.test.Login" name="verify" time="16.761"/>
  <system-out/>
</testsuite> <!-- org.test.Login -->
