<?xml version="1.0" encoding="UTF-8"?>
<!-- Generated by org.testng.reporters.JUnitReportReporter -->
<testsuite hostname="DESKTOP-5M7AM2E" failures="0" tests="4" name="org.enhancement.GlobalOrganizationJob" time="78.747" errors="0" timestamp="2023-05-22T20:03:10 IST" skipped="0">
  <testcase classname="org.enhancement.GlobalOrganizationJob" name="loginPage" time="40.778"/>
  <system-out/>
  <testcase classname="org.enhancement.GlobalOrganizationJob" name="jobModule" time="1.218"/>
  <system-out/>
  <testcase classname="org.enhancement.GlobalOrganizationJob" name="labelValidation" time="5.990"/>
  <system-out/>
  <testcase classname="org.enhancement.GlobalOrganizationJob" name="createJob_FromDateandTime_ToDateandTime" time="30.761"/>
  <system-out/>
</testsuite> <!-- org.enhancement.GlobalOrganizationJob -->
