<?xml version="1.0" encoding="UTF-8"?>
<!-- Generated by org.testng.reporters.JUnitReportReporter -->
<testsuite hostname="DESKTOP-5M7AM2E" failures="0" tests="26" name="org.test.TaxModule" time="155.604" errors="0" timestamp="2023-06-22T13:28:55 IST" skipped="0">
  <testcase classname="org.test.TaxModule" name="loginPage" time="28.951"/>
  <system-out/>
  <testcase classname="org.test.TaxModule" name="settingModule" time="2.009"/>
  <system-out/>
  <testcase classname="org.test.TaxModule" name="createFormLabel" time="1.048"/>
  <system-out/>
  <testcase classname="org.test.TaxModule" name="mandatoryValidationTaxName" time="0.264"/>
  <system-out/>
  <testcase classname="org.test.TaxModule" name="mandatoryValidationDescription" time="0.051"/>
  <system-out/>
  <testcase classname="org.test.TaxModule" name="maximumValidationProductName" time="9.140"/>
  <system-out/>
  <testcase classname="org.test.TaxModule" name="subTaxNameUnique" time="6.722"/>
  <system-out/>
  <testcase classname="org.test.TaxModule" name="subTaxPercentageEqual" time="7.545"/>
  <system-out/>
  <testcase classname="org.test.TaxModule" name="maximumValidationTaxPercentage" time="8.058"/>
  <system-out/>
  <testcase classname="org.test.TaxModule" name="createButton" time="0.069"/>
  <system-out/>
  <testcase classname="org.test.TaxModule" name="createTax" time="7.196"/>
  <system-out/>
  <testcase classname="org.test.TaxModule" name="createdTaxList" time="0.062"/>
  <system-out/>
  <testcase classname="org.test.TaxModule" name="uniqueValidationTaxName" time="7.421"/>
  <system-out/>
  <testcase classname="org.test.TaxModule" name="editFormLabel" time="3.948"/>
  <system-out/>
  <testcase classname="org.test.TaxModule" name="editmandatoryValidationTaxName" time="0.225"/>
  <system-out/>
  <testcase classname="org.test.TaxModule" name="editmandatoryValidationDescription" time="0.063"/>
  <system-out/>
  <testcase classname="org.test.TaxModule" name="editmaximumValidationProductName" time="8.037"/>
  <system-out/>
  <testcase classname="org.test.TaxModule" name="editmaximumValidationTaxPercentage" time="6.996"/>
  <system-out/>
  <testcase classname="org.test.TaxModule" name="editsubTaxNameUnique" time="6.685"/>
  <system-out/>
  <testcase classname="org.test.TaxModule" name="editsubTaxPercentageEqual" time="7.536"/>
  <system-out/>
  <testcase classname="org.test.TaxModule" name="updateButton" time="0.066"/>
  <system-out/>
  <testcase classname="org.test.TaxModule" name="updatedTax" time="6.941"/>
  <system-out/>
  <testcase classname="org.test.TaxModule" name="deleteTax" time="7.453"/>
  <system-out/>
  <testcase classname="org.test.TaxModule" name="updatedTaxList" time="7.659"/>
  <system-out/>
  <testcase classname="org.test.TaxModule" name="createdTaxRefectProductService" time="16.542"/>
  <system-out/>
  <testcase classname="org.test.TaxModule" name="editTaxRefectProductService" time="4.917"/>
  <system-out/>
</testsuite> <!-- org.test.TaxModule -->
