<?xml version="1.0" encoding="UTF-8"?>
<!-- Generated by org.testng.reporters.JUnitReportReporter -->
<testsuite hostname="DESKTOP-5M7AM2E" failures="0" tests="42" name="org.test.CustomerContactQuote" time="137.728" errors="0" timestamp="2023-01-27T18:58:57 IST" skipped="0">
  <testcase classname="org.test.CustomerContactQuote" name="loginPage" time="20.553"/>
  <system-out/>
  <testcase classname="org.test.CustomerContactQuote" name="contactModule" time="8.938"/>
  <system-out/>
  <testcase classname="org.test.CustomerContactQuote" name="CreateContact" time="15.526"/>
  <system-out/>
  <testcase classname="org.test.CustomerContactQuote" name="labelValidation" time="8.536"/>
  <system-out/>
  <testcase classname="org.test.CustomerContactQuote" name="namePrepopulation" time="1.211"/>
  <system-out/>
  <testcase classname="org.test.CustomerContactQuote" name="mandatoryValidationExpiryDate" time="0.539"/>
  <system-out/>
  <testcase classname="org.test.CustomerContactQuote" name="mandatoryValidationInventoryItem" time="0.088"/>
  <system-out/>
  <testcase classname="org.test.CustomerContactQuote" name="mandatoryValidationQunatity" time="0.080"/>
  <system-out/>
  <testcase classname="org.test.CustomerContactQuote" name="mandatoryValidationPrice" time="0.079"/>
  <system-out/>
  <testcase classname="org.test.CustomerContactQuote" name="mandatoryValidationDescription" time="0.074"/>
  <system-out/>
  <testcase classname="org.test.CustomerContactQuote" name="maximumValidationReference" time="0.954"/>
  <system-out/>
  <testcase classname="org.test.CustomerContactQuote" name="maximumValidationQuoteTittle" time="1.316"/>
  <system-out/>
  <testcase classname="org.test.CustomerContactQuote" name="maximumValidationInventoryItem" time="1.107"/>
  <system-out/>
  <testcase classname="org.test.CustomerContactQuote" name="emptyValidationQuantityField" time="0.297"/>
  <system-out/>
  <testcase classname="org.test.CustomerContactQuote" name="maxQuanitityLimit" time="0.352"/>
  <system-out/>
  <testcase classname="org.test.CustomerContactQuote" name="afterDecimalPointValidationQuantityField" time="0.228"/>
  <system-out/>
  <testcase classname="org.test.CustomerContactQuote" name="beforeDecimalPointValidationQuantityField" time="0.364"/>
  <system-out/>
  <testcase classname="org.test.CustomerContactQuote" name="emptyValidationPriceField" time="0.263"/>
  <system-out/>
  <testcase classname="org.test.CustomerContactQuote" name="maxPriceLimit" time="0.240"/>
  <system-out/>
  <testcase classname="org.test.CustomerContactQuote" name="beforeDecimalPointPriceField" time="0.349"/>
  <system-out/>
  <testcase classname="org.test.CustomerContactQuote" name="afterDecimalPointPriceField" time="0.338"/>
  <system-out/>
  <testcase classname="org.test.CustomerContactQuote" name="afterDecimalPointDiscountField" time="0.338"/>
  <system-out/>
  <testcase classname="org.test.CustomerContactQuote" name="beforeDecimalPointDiscountField" time="0.216"/>
  <system-out/>
  <testcase classname="org.test.CustomerContactQuote" name="maxLimitDiscountField" time="0.201"/>
  <system-out/>
  <testcase classname="org.test.CustomerContactQuote" name="afterDecimalPointTaxField" time="0.276"/>
  <system-out/>
  <testcase classname="org.test.CustomerContactQuote" name="beforeDecimalPointTaxField" time="0.216"/>
  <system-out/>
  <testcase classname="org.test.CustomerContactQuote" name="maxLimitTaxField" time="0.304"/>
  <system-out/>
  <testcase classname="org.test.CustomerContactQuote" name="maximumValidationDescription" time="3.361"/>
  <system-out/>
  <testcase classname="org.test.CustomerContactQuote" name="maximumValidationNotes" time="5.336"/>
  <system-out/>
  <testcase classname="org.test.CustomerContactQuote" name="expiryFieldPastDateValidation" time="2.540"/>
  <system-out/>
  <testcase classname="org.test.CustomerContactQuote" name="validateCalculation" time="1.019"/>
  <system-out/>
  <testcase classname="org.test.CustomerContactQuote" name="quoteCreatedCount" time="1.249"/>
  <system-out/>
  <testcase classname="org.test.CustomerContactQuote" name="quoteEdit" time="10.409"/>
  <system-out/>
  <testcase classname="org.test.CustomerContactQuote" name="createQuote" time="6.866"/>
  <system-out/>
  <testcase classname="org.test.CustomerContactQuote" name="createdQuoteStatus" time="1.268"/>
  <system-out/>
  <testcase classname="org.test.CustomerContactQuote" name="draftQuote" time="6.864"/>
  <system-out/>
  <testcase classname="org.test.CustomerContactQuote" name="convertQuote" time="16.184"/>
  <system-out/>
  <testcase classname="org.test.CustomerContactQuote" name="declinedStatus" time="14.032"/>
  <system-out/>
  <testcase classname="org.test.CustomerContactQuote" name="listQuoteNo" time="1.594"/>
  <system-out/>
  <testcase classname="org.test.CustomerContactQuote" name="listQuoteTittle" time="1.434"/>
  <system-out/>
  <testcase classname="org.test.CustomerContactQuote" name="listQuoteReference" time="1.360"/>
  <system-out/>
  <testcase classname="org.test.CustomerContactQuote" name="listInvalid" time="1.229"/>
  <system-out/>
</testsuite> <!-- org.test.CustomerContactQuote -->
