<?xml version="1.0" encoding="UTF-8"?>
<!-- Generated by org.testng.reporters.JUnitReportReporter -->
<testsuite hostname="DESKTOP-5M7AM2E" failures="0" tests="4" name="org.enhancement.TeamUser" time="90.942" errors="0" timestamp="2023-04-23T22:49:44 IST" skipped="0">
  <testcase classname="org.enhancement.TeamUser" name="verify" time="28.331"/>
  <system-out/>
  <testcase classname="org.enhancement.TeamUser" name="TeamUserPage" time="7.023"/>
  <system-out/>
  <testcase classname="org.enhancement.TeamUser" name="landingOnCreateForm" time="0.593"/>
  <system-out/>
  <testcase classname="org.enhancement.TeamUser" name="userCreate" time="54.995"/>
  <system-out/>
</testsuite> <!-- org.enhancement.TeamUser -->
