<?xml version="1.0" encoding="UTF-8"?>
<!-- Generated by org.testng.reporters.JUnitReportReporter -->
<testsuite hostname="DESKTOP-5M7AM2E" failures="0" tests="64" name="org.test.TeamUser" time="170.399" errors="0" timestamp="2023-06-02T17:46:17 IST" skipped="0">
  <testcase classname="org.test.TeamUser" name="verify" time="35.003"/>
  <system-out/>
  <testcase classname="org.test.TeamUser" name="TeamUserPage" time="11.791"/>
  <system-out/>
  <testcase classname="org.test.TeamUser" name="landingOnCreateForm" time="0.670"/>
  <system-out/>
  <testcase classname="org.test.TeamUser" name="mandatoryValidationFirstNameField" time="0.284"/>
  <system-out/>
  <testcase classname="org.test.TeamUser" name="mandatoryValidationTypeField" time="0.127"/>
  <system-out/>
  <testcase classname="org.test.TeamUser" name="mandatoryValidationEmailField" time="0.125"/>
  <system-out/>
  <testcase classname="org.test.TeamUser" name="maxValidationFirstNameField" time="0.748"/>
  <system-out/>
  <testcase classname="org.test.TeamUser" name="maxValidationLastNameField" time="0.713"/>
  <system-out/>
  <testcase classname="org.test.TeamUser" name="maxValidationJobTittleField" time="0.775"/>
  <system-out/>
  <testcase classname="org.test.TeamUser" name="maxValidationEmailFields" time="0.757"/>
  <system-out/>
  <testcase classname="org.test.TeamUser" name="invalidEmailValidation" time="0.267"/>
  <system-out/>
  <testcase classname="org.test.TeamUser" name="specialCharacterPhoneNumberField" time="0.282"/>
  <system-out/>
  <testcase classname="org.test.TeamUser" name="minValidatonPhoneNumber" time="0.261"/>
  <system-out/>
  <testcase classname="org.test.TeamUser" name="maxValidatonPhoneNumber" time="3.959"/>
  <system-out/>
  <testcase classname="org.test.TeamUser" name="maxValidationLocationName" time="1.096"/>
  <system-out/>
  <testcase classname="org.test.TeamUser" name="maxValidationAddress1" time="0.791"/>
  <system-out/>
  <testcase classname="org.test.TeamUser" name="maxValidationAddress2" time="0.818"/>
  <system-out/>
  <testcase classname="org.test.TeamUser" name="maxValidationState" time="0.787"/>
  <system-out/>
  <testcase classname="org.test.TeamUser" name="maxValidationCity" time="0.736"/>
  <system-out/>
  <testcase classname="org.test.TeamUser" name="minValidationZipcode" time="0.280"/>
  <system-out/>
  <testcase classname="org.test.TeamUser" name="specialCharacterValidationZipcode" time="0.280"/>
  <system-out/>
  <testcase classname="org.test.TeamUser" name="maxValidationZipcode" time="1.267"/>
  <system-out/>
  <testcase classname="org.test.TeamUser" name="verifySaveButtonExist" time="0.341"/>
  <system-out/>
  <testcase classname="org.test.TeamUser" name="userCreate" time="9.821"/>
  <system-out/>
  <testcase classname="org.test.TeamUser" name="userCount" time="2.788"/>
  <system-out/>
  <testcase classname="org.test.TeamUser" name="alreadyExistedMailValidation" time="10.568"/>
  <system-out/>
  <testcase classname="org.test.TeamUser" name="searchNameValidation" time="8.847"/>
  <system-out/>
  <testcase classname="org.test.TeamUser" name="searchPhoneNumberValidation" time="8.816"/>
  <system-out/>
  <testcase classname="org.test.TeamUser" name="searchEmailValidation" time="8.862"/>
  <system-out/>
  <testcase classname="org.test.TeamUser" name="invalidDataValidation" time="8.447"/>
  <system-out/>
  <testcase classname="org.test.TeamUser" name="landingOnEditForm" time="10.732"/>
  <system-out/>
  <testcase classname="org.test.TeamUser" name="firstNamePrepopulate" time="0.096"/>
  <system-out/>
  <testcase classname="org.test.TeamUser" name="lastNamePrepopulate" time="0.152"/>
  <system-out/>
  <testcase classname="org.test.TeamUser" name="jobTittlePrepopulate" time="0.141"/>
  <system-out/>
  <testcase classname="org.test.TeamUser" name="emailPrepopulate" time="0.134"/>
  <system-out/>
  <testcase classname="org.test.TeamUser" name="typePrepopulate" time="0.125"/>
  <system-out/>
  <testcase classname="org.test.TeamUser" name="phoneNumberPrepopulate" time="0.297"/>
  <system-out/>
  <testcase classname="org.test.TeamUser" name="locationNamePrepopulate" time="0.109"/>
  <system-out/>
  <testcase classname="org.test.TeamUser" name="locationAddress1Prepopulate" time="0.102"/>
  <system-out/>
  <testcase classname="org.test.TeamUser" name="locationAddress2Prepopulate" time="0.127"/>
  <system-out/>
  <testcase classname="org.test.TeamUser" name="locationCityPrepopulate" time="0.104"/>
  <system-out/>
  <testcase classname="org.test.TeamUser" name="locationStatePrepopulate" time="0.088"/>
  <system-out/>
  <testcase classname="org.test.TeamUser" name="locationZipcodePrepopulate" time="0.723"/>
  <system-out/>
  <testcase classname="org.test.TeamUser" name="editmandatoryValidationFirstNameField" time="0.303"/>
  <system-out/>
  <testcase classname="org.test.TeamUser" name="editmandatoryValidationEmailField" time="0.135"/>
  <system-out/>
  <testcase classname="org.test.TeamUser" name="editmaxValidationFirstNameField" time="0.977"/>
  <system-out/>
  <testcase classname="org.test.TeamUser" name="editmaxValidationLastNameField" time="0.936"/>
  <system-out/>
  <testcase classname="org.test.TeamUser" name="editmaxValidationJobTittleField" time="0.986"/>
  <system-out/>
  <testcase classname="org.test.TeamUser" name="editmaxValidationEmailFields" time="0.904"/>
  <system-out/>
  <testcase classname="org.test.TeamUser" name="editinvalidEmailValidation" time="0.331"/>
  <system-out/>
  <testcase classname="org.test.TeamUser" name="editspecialCharacterPhoneNumberField" time="0.370"/>
  <system-out/>
  <testcase classname="org.test.TeamUser" name="editminValidatonPhoneNumber" time="0.326"/>
  <system-out/>
  <testcase classname="org.test.TeamUser" name="editmaxValidatonPhoneNumber" time="2.630"/>
  <system-out/>
  <testcase classname="org.test.TeamUser" name="editmaxValidationLocationName" time="1.051"/>
  <system-out/>
  <testcase classname="org.test.TeamUser" name="editmaxValidationAddress1" time="1.063"/>
  <system-out/>
  <testcase classname="org.test.TeamUser" name="editmaxValidationAddress2" time="0.910"/>
  <system-out/>
  <testcase classname="org.test.TeamUser" name="editmaxValidationState" time="0.779"/>
  <system-out/>
  <testcase classname="org.test.TeamUser" name="editmaxValidationCity" time="0.732"/>
  <system-out/>
  <testcase classname="org.test.TeamUser" name="editminValidationZipcode" time="0.240"/>
  <system-out/>
  <testcase classname="org.test.TeamUser" name="editspecialCharacterValidationZipcode" time="0.266"/>
  <system-out/>
  <testcase classname="org.test.TeamUser" name="editmaxValidationZipcode" time="1.182"/>
  <system-out/>
  <testcase classname="org.test.TeamUser" name="verifyUpdateExist" time="0.283"/>
  <system-out/>
  <testcase classname="org.test.TeamUser" name="userEdit" time="8.547"/>
  <system-out/>
  <testcase classname="org.test.TeamUser" name="deleteUserDetails" time="14.211"/>
  <system-out/>
</testsuite> <!-- org.test.TeamUser -->
