<?xml version="1.0" encoding="UTF-8"?>
<!-- Generated by org.testng.reporters.JUnitReportReporter -->
<testsuite hostname="DESKTOP-5M7AM2E" failures="0" tests="53" name="org.test.ProductModule" time="232.239" errors="2" timestamp="2023-06-24T16:51:45 IST" skipped="0">
  <testcase classname="org.test.ProductModule" name="loginPage" time="35.093"/>
  <system-out/>
  <testcase classname="org.test.ProductModule" name="settingModule" time="1.565"/>
  <system-out/>
  <testcase classname="org.test.ProductModule" name="createFormLabel" time="1.545"/>
  <system-out/>
  <testcase classname="org.test.ProductModule" name="mandatoryValidationProductName" time="0.274"/>
  <system-out/>
  <testcase classname="org.test.ProductModule" name="mandatoryValidationDescription" time="0.082"/>
  <system-out/>
  <testcase classname="org.test.ProductModule" name="mandatoryValidationPrice" time="0.072"/>
  <system-out/>
  <testcase classname="org.test.ProductModule" name="mandatoryValidationTaxName" time="0.902"/>
  <system-out/>
  <testcase classname="org.test.ProductModule" name="mandatoryValidationTaxPercentage" time="0.074"/>
  <system-out/>
  <testcase classname="org.test.ProductModule" name="maximumValidationProductName" time="5.400"/>
  <system-out/>
  <testcase classname="org.test.ProductModule" name="maximumValidationSKU" time="0.846"/>
  <system-out/>
  <testcase classname="org.test.ProductModule" name="maximumValidationDescription" time="34.480">
    <error message="Expected condition failed: waiting for visibility of element located by By.id: description_error (tried for 30 second(s) with 500 milliseconds interval)
Build info: version: &#039;3.141.5&#039;, revision: &#039;d54ebd709a&#039;, time: &#039;2018-11-06T11:42:16&#039;
System info: host: &#039;DESKTOP-5M7AM2E&#039;, ip: &#039;192.168.56.1&#039;, os.name: &#039;Windows 11&#039;, os.arch: &#039;amd64&#039;, os.version: &#039;10.0&#039;, java.version: &#039;17.0.3&#039;
Driver info: org.openqa.selenium.chrome.ChromeDriver
Capabilities {acceptInsecureCerts: false, browserName: chrome, browserVersion: 114.0.5735.134, chrome: {chromedriverVersion: 114.0.5735.90 (386bc09e8f4f..., userDataDir: C:\Users\ZAIGOP~1\AppData\L...}, goog:chromeOptions: {debuggerAddress: localhost:60052}, javascriptEnabled: true, networkConnectionEnabled: false, pageLoadStrategy: normal, platform: WINDOWS, platformName: WINDOWS, proxy: Proxy(), setWindowRect: true, strictFileInteractability: false, timeouts: {implicit: 0, pageLoad: 300000, script: 30000}, unhandledPromptBehavior: dismiss and notify, webauthn:extension:credBlob: true, webauthn:extension:largeBlob: true, webauthn:extension:minPinLength: true, webauthn:extension:prf: true, webauthn:virtualAuthenticators: true}
Session ID: 67f7186e2785ad10032cdc5086289bdb" type="org.openqa.selenium.TimeoutException">
      <![CDATA[org.openqa.selenium.TimeoutException: Expected condition failed: waiting for visibility of element located by By.id: description_error (tried for 30 second(s) with 500 milliseconds interval)
Build info: version: '3.141.5', revision: 'd54ebd709a', time: '2018-11-06T11:42:16'
System info: host: 'DESKTOP-5M7AM2E', ip: '192.168.56.1', os.name: 'Windows 11', os.arch: 'amd64', os.version: '10.0', java.version: '17.0.3'
Driver info: org.openqa.selenium.chrome.ChromeDriver
Capabilities {acceptInsecureCerts: false, browserName: chrome, browserVersion: 114.0.5735.134, chrome: {chromedriverVersion: 114.0.5735.90 (386bc09e8f4f..., userDataDir: C:\Users\ZAIGOP~1\AppData\L...}, goog:chromeOptions: {debuggerAddress: localhost:60052}, javascriptEnabled: true, networkConnectionEnabled: false, pageLoadStrategy: normal, platform: WINDOWS, platformName: WINDOWS, proxy: Proxy(), setWindowRect: true, strictFileInteractability: false, timeouts: {implicit: 0, pageLoad: 300000, script: 30000}, unhandledPromptBehavior: dismiss and notify, webauthn:extension:credBlob: true, webauthn:extension:largeBlob: true, webauthn:extension:minPinLength: true, webauthn:extension:prf: true, webauthn:virtualAuthenticators: true}
Session ID: 67f7186e2785ad10032cdc5086289bdb
at org.openqa.selenium.support.ui.WebDriverWait.timeoutException(WebDriverWait.java:95)
at org.openqa.selenium.support.ui.FluentWait.until(FluentWait.java:272)
at com.zaigo.pageobjects.ProductServicePage.getText(ProductServicePage.java:177)
at com.zaigo.pageobjects.ProductServicePage.errorFields(ProductServicePage.java:420)
at org.test.ProductModule.maximumValidationDescription(ProductModule.java:290)
at java.base/jdk.internal.reflect.NativeMethodAccessorImpl.invoke0(Native Method)
at java.base/jdk.internal.reflect.NativeMethodAccessorImpl.invoke(NativeMethodAccessorImpl.java:77)
at java.base/jdk.internal.reflect.DelegatingMethodAccessorImpl.invoke(DelegatingMethodAccessorImpl.java:43)
at java.base/java.lang.reflect.Method.invoke(Method.java:568)
at org.testng.internal.MethodInvocationHelper.invokeMethod(MethodInvocationHelper.java:133)
at org.testng.internal.TestInvoker.invokeMethod(TestInvoker.java:598)
at org.testng.internal.TestInvoker.invokeTestMethod(TestInvoker.java:173)
at org.testng.internal.MethodRunner.runInSequence(MethodRunner.java:46)
at org.testng.internal.TestInvoker$MethodInvocationAgent.invoke(TestInvoker.java:824)
at org.testng.internal.TestInvoker.invokeTestMethods(TestInvoker.java:146)
at org.testng.internal.TestMethodWorker.invokeTestMethods(TestMethodWorker.java:146)
at org.testng.internal.TestMethodWorker.run(TestMethodWorker.java:128)
at java.base/java.util.ArrayList.forEach(ArrayList.java:1511)
at org.testng.TestRunner.privateRun(TestRunner.java:794)
at org.testng.TestRunner.run(TestRunner.java:596)
at org.testng.SuiteRunner.runTest(SuiteRunner.java:377)
at org.testng.SuiteRunner.runSequentially(SuiteRunner.java:371)
at org.testng.SuiteRunner.privateRun(SuiteRunner.java:332)
at org.testng.SuiteRunner.run(SuiteRunner.java:276)
at org.testng.SuiteRunnerWorker.runSuite(SuiteRunnerWorker.java:53)
at org.testng.SuiteRunnerWorker.run(SuiteRunnerWorker.java:96)
at org.testng.TestNG.runSuitesSequentially(TestNG.java:1212)
at org.testng.TestNG.runSuitesSequentially(TestNG.java:1207)
at org.testng.TestNG.runSuitesLocally(TestNG.java:1134)
at org.testng.TestNG.runSuites(TestNG.java:1063)
at org.testng.TestNG.run(TestNG.java:1031)
at org.testng.remote.AbstractRemoteTestNG.run(AbstractRemoteTestNG.java:115)
at org.testng.remote.RemoteTestNG.initAndRun(RemoteTestNG.java:251)
at org.testng.remote.RemoteTestNG.main(RemoteTestNG.java:77)
]]>
    </error>
  </testcase> <!-- maximumValidationDescription -->
  <system-out/>
  <testcase classname="org.test.ProductModule" name="maximumValidationPrice" time="0.299"/>
  <system-out/>
  <testcase classname="org.test.ProductModule" name="beforeDecimalPointPriceField" time="0.267"/>
  <system-out/>
  <testcase classname="org.test.ProductModule" name="afterDecimalPointPriceField" time="0.212"/>
  <system-out/>
  <testcase classname="org.test.ProductModule" name="maximumValidationTax" time="1.282"/>
  <system-out/>
  <testcase classname="org.test.ProductModule" name="beforeDecimalPointTaxPercentageField" time="0.445"/>
  <system-out/>
  <testcase classname="org.test.ProductModule" name="afterDecimalPointTaxPercentageField" time="0.412"/>
  <system-out/>
  <testcase classname="org.test.ProductModule" name="maximumValidationQuantityHand" time="0.330"/>
  <system-out/>
  <testcase classname="org.test.ProductModule" name="beforeDecimalPointQuantityHandField" time="0.288"/>
  <system-out/>
  <testcase classname="org.test.ProductModule" name="afterDecimalPointQuantityHandField" time="0.210"/>
  <system-out/>
  <testcase classname="org.test.ProductModule" name="maximumValidationLowStockThresold" time="0.276"/>
  <system-out/>
  <testcase classname="org.test.ProductModule" name="beforeDecimalPointLowStockThresoldField" time="0.300"/>
  <system-out/>
  <testcase classname="org.test.ProductModule" name="afterDecimalPointLowStockThresoldField" time="0.240"/>
  <system-out/>
  <testcase classname="org.test.ProductModule" name="createButton" time="0.465"/>
  <system-out/>
  <testcase classname="org.test.ProductModule" name="createProduct" time="8.775"/>
  <system-out/>
  <testcase classname="org.test.ProductModule" name="editFormLabel" time="4.943"/>
  <system-out/>
  <testcase classname="org.test.ProductModule" name="editmandatoryValidationProductName" time="0.240"/>
  <system-out/>
  <testcase classname="org.test.ProductModule" name="editmandatoryValidationDescription" time="0.061"/>
  <system-out/>
  <testcase classname="org.test.ProductModule" name="editmandatoryValidationPrice" time="0.072"/>
  <system-out/>
  <testcase classname="org.test.ProductModule" name="editmandatoryValidationTaxName" time="1.242"/>
  <system-out/>
  <testcase classname="org.test.ProductModule" name="editmandatoryValidationTaxPercentage" time="0.075"/>
  <system-out/>
  <testcase classname="org.test.ProductModule" name="editmaximumValidationProductName" time="5.638"/>
  <system-out/>
  <testcase classname="org.test.ProductModule" name="editmaximumValidationSKU" time="0.868"/>
  <system-out/>
  <testcase classname="org.test.ProductModule" name="editmaximumValidationDescription" time="34.951">
    <error message="Expected condition failed: waiting for visibility of element located by By.id: description_error (tried for 30 second(s) with 500 milliseconds interval)
Build info: version: &#039;3.141.5&#039;, revision: &#039;d54ebd709a&#039;, time: &#039;2018-11-06T11:42:16&#039;
System info: host: &#039;DESKTOP-5M7AM2E&#039;, ip: &#039;192.168.56.1&#039;, os.name: &#039;Windows 11&#039;, os.arch: &#039;amd64&#039;, os.version: &#039;10.0&#039;, java.version: &#039;17.0.3&#039;
Driver info: org.openqa.selenium.chrome.ChromeDriver
Capabilities {acceptInsecureCerts: false, browserName: chrome, browserVersion: 114.0.5735.134, chrome: {chromedriverVersion: 114.0.5735.90 (386bc09e8f4f..., userDataDir: C:\Users\ZAIGOP~1\AppData\L...}, goog:chromeOptions: {debuggerAddress: localhost:60052}, javascriptEnabled: true, networkConnectionEnabled: false, pageLoadStrategy: normal, platform: WINDOWS, platformName: WINDOWS, proxy: Proxy(), setWindowRect: true, strictFileInteractability: false, timeouts: {implicit: 0, pageLoad: 300000, script: 30000}, unhandledPromptBehavior: dismiss and notify, webauthn:extension:credBlob: true, webauthn:extension:largeBlob: true, webauthn:extension:minPinLength: true, webauthn:extension:prf: true, webauthn:virtualAuthenticators: true}
Session ID: 67f7186e2785ad10032cdc5086289bdb" type="org.openqa.selenium.TimeoutException">
      <![CDATA[org.openqa.selenium.TimeoutException: Expected condition failed: waiting for visibility of element located by By.id: description_error (tried for 30 second(s) with 500 milliseconds interval)
Build info: version: '3.141.5', revision: 'd54ebd709a', time: '2018-11-06T11:42:16'
System info: host: 'DESKTOP-5M7AM2E', ip: '192.168.56.1', os.name: 'Windows 11', os.arch: 'amd64', os.version: '10.0', java.version: '17.0.3'
Driver info: org.openqa.selenium.chrome.ChromeDriver
Capabilities {acceptInsecureCerts: false, browserName: chrome, browserVersion: 114.0.5735.134, chrome: {chromedriverVersion: 114.0.5735.90 (386bc09e8f4f..., userDataDir: C:\Users\ZAIGOP~1\AppData\L...}, goog:chromeOptions: {debuggerAddress: localhost:60052}, javascriptEnabled: true, networkConnectionEnabled: false, pageLoadStrategy: normal, platform: WINDOWS, platformName: WINDOWS, proxy: Proxy(), setWindowRect: true, strictFileInteractability: false, timeouts: {implicit: 0, pageLoad: 300000, script: 30000}, unhandledPromptBehavior: dismiss and notify, webauthn:extension:credBlob: true, webauthn:extension:largeBlob: true, webauthn:extension:minPinLength: true, webauthn:extension:prf: true, webauthn:virtualAuthenticators: true}
Session ID: 67f7186e2785ad10032cdc5086289bdb
at org.openqa.selenium.support.ui.WebDriverWait.timeoutException(WebDriverWait.java:95)
at org.openqa.selenium.support.ui.FluentWait.until(FluentWait.java:272)
at com.zaigo.pageobjects.ProductServicePage.getText(ProductServicePage.java:177)
at com.zaigo.pageobjects.ProductServicePage.errorFields(ProductServicePage.java:420)
at org.test.ProductModule.editmaximumValidationDescription(ProductModule.java:847)
at java.base/jdk.internal.reflect.NativeMethodAccessorImpl.invoke0(Native Method)
at java.base/jdk.internal.reflect.NativeMethodAccessorImpl.invoke(NativeMethodAccessorImpl.java:77)
at java.base/jdk.internal.reflect.DelegatingMethodAccessorImpl.invoke(DelegatingMethodAccessorImpl.java:43)
at java.base/java.lang.reflect.Method.invoke(Method.java:568)
at org.testng.internal.MethodInvocationHelper.invokeMethod(MethodInvocationHelper.java:133)
at org.testng.internal.TestInvoker.invokeMethod(TestInvoker.java:598)
at org.testng.internal.TestInvoker.invokeTestMethod(TestInvoker.java:173)
at org.testng.internal.MethodRunner.runInSequence(MethodRunner.java:46)
at org.testng.internal.TestInvoker$MethodInvocationAgent.invoke(TestInvoker.java:824)
at org.testng.internal.TestInvoker.invokeTestMethods(TestInvoker.java:146)
at org.testng.internal.TestMethodWorker.invokeTestMethods(TestMethodWorker.java:146)
at org.testng.internal.TestMethodWorker.run(TestMethodWorker.java:128)
at java.base/java.util.ArrayList.forEach(ArrayList.java:1511)
at org.testng.TestRunner.privateRun(TestRunner.java:794)
at org.testng.TestRunner.run(TestRunner.java:596)
at org.testng.SuiteRunner.runTest(SuiteRunner.java:377)
at org.testng.SuiteRunner.runSequentially(SuiteRunner.java:371)
at org.testng.SuiteRunner.privateRun(SuiteRunner.java:332)
at org.testng.SuiteRunner.run(SuiteRunner.java:276)
at org.testng.SuiteRunnerWorker.runSuite(SuiteRunnerWorker.java:53)
at org.testng.SuiteRunnerWorker.run(SuiteRunnerWorker.java:96)
at org.testng.TestNG.runSuitesSequentially(TestNG.java:1212)
at org.testng.TestNG.runSuitesSequentially(TestNG.java:1207)
at org.testng.TestNG.runSuitesLocally(TestNG.java:1134)
at org.testng.TestNG.runSuites(TestNG.java:1063)
at org.testng.TestNG.run(TestNG.java:1031)
at org.testng.remote.AbstractRemoteTestNG.run(AbstractRemoteTestNG.java:115)
at org.testng.remote.RemoteTestNG.initAndRun(RemoteTestNG.java:251)
at org.testng.remote.RemoteTestNG.main(RemoteTestNG.java:77)
]]>
    </error>
  </testcase> <!-- editmaximumValidationDescription -->
  <system-out/>
  <testcase classname="org.test.ProductModule" name="editmaximumValidationPrice" time="0.278"/>
  <system-out/>
  <testcase classname="org.test.ProductModule" name="editbeforeDecimalPointPriceField" time="0.254"/>
  <system-out/>
  <testcase classname="org.test.ProductModule" name="editafterDecimalPointPriceField" time="0.211"/>
  <system-out/>
  <testcase classname="org.test.ProductModule" name="editbeforeDecimalPointTaxPercentageField" time="0.536"/>
  <system-out/>
  <testcase classname="org.test.ProductModule" name="editafterDecimalPointTaxPercentageField" time="0.409"/>
  <system-out/>
  <testcase classname="org.test.ProductModule" name="editmaximumValidationQuantityHand" time="0.281"/>
  <system-out/>
  <testcase classname="org.test.ProductModule" name="editbeforeDecimalPointQuantityHandField" time="0.300"/>
  <system-out/>
  <testcase classname="org.test.ProductModule" name="editafterDecimalPointQuantityHandField" time="0.244"/>
  <system-out/>
  <testcase classname="org.test.ProductModule" name="editmaximumValidationLowStockThresold" time="0.336"/>
  <system-out/>
  <testcase classname="org.test.ProductModule" name="editbeforeDecimalPointLowStockThresoldField" time="0.312"/>
  <system-out/>
  <testcase classname="org.test.ProductModule" name="editafterDecimalPointLowStockThresoldField" time="0.253"/>
  <system-out/>
  <testcase classname="org.test.ProductModule" name="updateButton" time="0.432"/>
  <system-out/>
  <testcase classname="org.test.ProductModule" name="updateProduct" time="8.911"/>
  <system-out/>
  <testcase classname="org.test.ProductModule" name="searchProductName" time="1.896"/>
  <system-out/>
  <testcase classname="org.test.ProductModule" name="searchInvalid" time="1.431"/>
  <system-out/>
  <testcase classname="org.test.ProductModule" name="deletedProduct" time="17.345"/>
  <system-out/>
  <testcase classname="org.test.ProductModule" name="reflectQuotePage" time="32.075"/>
  <system-out/>
  <testcase classname="org.test.ProductModule" name="inactiveProduct" time="16.988"/>
  <system-out/>
  <testcase classname="org.test.ProductModule" name="deleteProduct" time="7.523"/>
  <system-out/>
</testsuite> <!-- org.test.ProductModule -->
