<?xml version="1.0" encoding="UTF-8"?>
<!-- Generated by org.testng.reporters.JUnitReportReporter -->
<testsuite hostname="DESKTOP-5M7AM2E" failures="0" tests="20" name="org.test.ServiceType" time="148.974" errors="0" timestamp="2023-04-20T11:50:18 IST" skipped="0">
  <testcase classname="org.test.ServiceType" name="loginPage" time="34.229"/>
  <system-out/>
  <testcase classname="org.test.ServiceType" name="settingModule" time="2.205"/>
  <system-out/>
  <testcase classname="org.test.ServiceType" name="leadSourceLabel" time="0.360"/>
  <system-out/>
  <testcase classname="org.test.ServiceType" name="createFormLabel" time="1.012"/>
  <system-out/>
  <testcase classname="org.test.ServiceType" name="mandatoryValidation" time="1.487"/>
  <system-out/>
  <testcase classname="org.test.ServiceType" name="maximumValidationServiceType" time="6.060"/>
  <system-out/>
  <testcase classname="org.test.ServiceType" name="verifySaveButtonExist" time="0.504"/>
  <system-out/>
  <testcase classname="org.test.ServiceType" name="serviceTypeCreate" time="8.016"/>
  <system-out/>
  <testcase classname="org.test.ServiceType" name="serviceTypeCreateList" time="0.073"/>
  <system-out/>
  <testcase classname="org.test.ServiceType" name="alreadyExists" time="1.671"/>
  <system-out/>
  <testcase classname="org.test.ServiceType" name="activeStatus" time="0.069"/>
  <system-out/>
  <testcase classname="org.test.ServiceType" name="editFormLabel" time="4.974"/>
  <system-out/>
  <testcase classname="org.test.ServiceType" name="editmandatoryValidation" time="1.028"/>
  <system-out/>
  <testcase classname="org.test.ServiceType" name="editmaximumValidationLeadSource" time="4.664"/>
  <system-out/>
  <testcase classname="org.test.ServiceType" name="verifyUpdateButtonExist" time="0.487"/>
  <system-out/>
  <testcase classname="org.test.ServiceType" name="leadSourceUpdate" time="8.318"/>
  <system-out/>
  <testcase classname="org.test.ServiceType" name="deleteBusinessUnit" time="16.114"/>
  <system-out/>
  <testcase classname="org.test.ServiceType" name="reflectCreateContactPage" time="29.781"/>
  <system-out/>
  <testcase classname="org.test.ServiceType" name="inactiveLeadSource" time="19.155"/>
  <system-out/>
  <testcase classname="org.test.ServiceType" name="deleteLeadSource" time="8.767"/>
  <system-out/>
</testsuite> <!-- org.test.ServiceType -->
