<?xml version="1.0" encoding="UTF-8"?>
<!-- Generated by org.testng.reporters.JUnitReportReporter -->
<testsuite hostname="DESKTOP-5M7AM2E" failures="0" tests="6" name="org.enhancement.CustomerContactJob" time="147.411" errors="0" timestamp="2023-04-23T11:13:03 IST" skipped="0">
  <testcase classname="org.enhancement.CustomerContactJob" name="loginPage" time="64.189"/>
  <system-out/>
  <testcase classname="org.enhancement.CustomerContactJob" name="contactModule" time="11.115"/>
  <system-out/>
  <testcase classname="org.enhancement.CustomerContactJob" name="CreateContact" time="21.149"/>
  <system-out/>
  <testcase classname="org.enhancement.CustomerContactJob" name="listabelValidation" time="23.390"/>
  <system-out/>
  <testcase classname="org.enhancement.CustomerContactJob" name="labelValidation" time="1.547"/>
  <system-out/>
  <testcase classname="org.enhancement.CustomerContactJob" name="createJob_FromDateandTime_ToDateandTime" time="26.021"/>
  <system-out/>
</testsuite> <!-- org.enhancement.CustomerContactJob -->
