<?xml version="1.0" encoding="UTF-8"?>
<!-- Generated by org.testng.reporters.JUnitReportReporter -->
<testsuite hostname="DESKTOP-5M7AM2E" failures="0" tests="5" name="org.enhancement.LeadSource" time="35.400" errors="0" timestamp="2023-05-25T11:49:57 IST" skipped="0">
  <testcase classname="org.enhancement.LeadSource" name="loginPage" time="23.070"/>
  <system-out/>
  <testcase classname="org.enhancement.LeadSource" name="settingModule" time="2.073"/>
  <system-out/>
  <testcase classname="org.enhancement.LeadSource" name="leadSourceLabel" time="0.124"/>
  <system-out/>
  <testcase classname="org.enhancement.LeadSource" name="createFormLabel" time="1.904"/>
  <system-out/>
  <testcase classname="org.enhancement.LeadSource" name="leadSourceCreate" time="8.229"/>
  <system-out/>
</testsuite> <!-- org.enhancement.LeadSource -->
