<?xml version="1.0" encoding="UTF-8"?>
<!-- Generated by org.testng.reporters.JUnitReportReporter -->
<testsuite hostname="DESKTOP-5M7AM2E" failures="0" tests="69" name="org.test.CustomerContactInvoice" time="314.202" errors="0" timestamp="2023-05-12T13:43:14 IST" skipped="6">
  <testcase classname="org.test.CustomerContactInvoice" name="loginPage" time="52.795"/>
  <system-out/>
  <testcase classname="org.test.CustomerContactInvoice" name="contactModule" time="4.994"/>
  <system-out/>
  <testcase classname="org.test.CustomerContactInvoice" name="CreateContact" time="11.905"/>
  <system-out/>
  <testcase classname="org.test.CustomerContactInvoice" name="labelValidation" time="8.096"/>
  <system-out/>
  <testcase classname="org.test.CustomerContactInvoice" name="namePrepopulation" time="2.156"/>
  <system-out/>
  <testcase classname="org.test.CustomerContactInvoice" name="mandatoryValidationDeuDate" time="0.627"/>
  <system-out/>
  <testcase classname="org.test.CustomerContactInvoice" name="mandatoryValidationInventoryItem" time="0.063"/>
  <system-out/>
  <testcase classname="org.test.CustomerContactInvoice" name="mandatoryValidationQunatity" time="0.063"/>
  <system-out/>
  <testcase classname="org.test.CustomerContactInvoice" name="mandatoryValidationPrice" time="0.068"/>
  <system-out/>
  <testcase classname="org.test.CustomerContactInvoice" name="mandatoryValidationDescription" time="0.065"/>
  <system-out/>
  <testcase classname="org.test.CustomerContactInvoice" name="maximumValidationReference" time="0.663"/>
  <system-out/>
  <testcase classname="org.test.CustomerContactInvoice" name="maximumValidationInvoiceTittle" time="0.666"/>
  <system-out/>
  <testcase classname="org.test.CustomerContactInvoice" name="maximumValidationInventoryItem" time="0.955"/>
  <system-out/>
  <testcase classname="org.test.CustomerContactInvoice" name="emptyValidationQuantityField" time="0.199"/>
  <system-out/>
  <testcase classname="org.test.CustomerContactInvoice" name="maxQuanitityLimit" time="0.254"/>
  <system-out/>
  <testcase classname="org.test.CustomerContactInvoice" name="afterDecimalPointValidationQuantityField" time="0.186"/>
  <system-out/>
  <testcase classname="org.test.CustomerContactInvoice" name="beforeDecimalPointValidationQuantityField" time="0.273"/>
  <system-out/>
  <testcase classname="org.test.CustomerContactInvoice" name="emptyValidationPriceField" time="0.216"/>
  <system-out/>
  <testcase classname="org.test.CustomerContactInvoice" name="maxPriceLimit" time="0.192"/>
  <system-out/>
  <testcase classname="org.test.CustomerContactInvoice" name="beforeDecimalPointPriceField" time="0.216"/>
  <system-out/>
  <testcase classname="org.test.CustomerContactInvoice" name="afterDecimalPointPriceField" time="0.244"/>
  <system-out/>
  <testcase classname="org.test.CustomerContactInvoice" name="afterDecimalPointDiscountField" time="0.229"/>
  <system-out/>
  <testcase classname="org.test.CustomerContactInvoice" name="beforeDecimalPointDiscountField" time="0.187"/>
  <system-out/>
  <testcase classname="org.test.CustomerContactInvoice" name="maxLimitDiscountField" time="0.169"/>
  <system-out/>
  <testcase classname="org.test.CustomerContactInvoice" name="afterDecimalPointTaxField" time="2.318">
    <skipped/>
  </testcase> <!-- afterDecimalPointTaxField -->
  <system-out/>
  <testcase classname="org.test.CustomerContactInvoice" name="beforeDecimalPointTaxField" time="2.285">
    <skipped/>
  </testcase> <!-- beforeDecimalPointTaxField -->
  <system-out/>
  <testcase classname="org.test.CustomerContactInvoice" name="maxLimitTaxField" time="2.288">
    <skipped/>
  </testcase> <!-- maxLimitTaxField -->
  <system-out/>
  <testcase classname="org.test.CustomerContactInvoice" name="maximumValidationDescription" time="1.827"/>
  <system-out/>
  <testcase classname="org.test.CustomerContactInvoice" name="maximumValidationNotes" time="48.510"/>
  <system-out/>
  <testcase classname="org.test.CustomerContactInvoice" name="expiryFieldPastDateValidation" time="7.719"/>
  <system-out/>
  <testcase classname="org.test.CustomerContactInvoice" name="validateCalculation" time="8.931"/>
  <system-out/>
  <testcase classname="org.test.CustomerContactInvoice" name="createInvoice" time="14.396"/>
  <system-out/>
  <testcase classname="org.test.CustomerContactInvoice" name="invoiceCreatedCount" time="0.127"/>
  <system-out/>
  <testcase classname="org.test.CustomerContactInvoice" name="editLableValidation" time="10.328"/>
  <system-out/>
  <testcase classname="org.test.CustomerContactInvoice" name="mandatoryValidationEditDueDate" time="0.798"/>
  <system-out/>
  <testcase classname="org.test.CustomerContactInvoice" name="mandatoryValidationEditQunatity" time="0.068"/>
  <system-out/>
  <testcase classname="org.test.CustomerContactInvoice" name="mandatoryValidationEditPrice" time="0.062"/>
  <system-out/>
  <testcase classname="org.test.CustomerContactInvoice" name="mandatoryValidationEditDescription" time="0.059"/>
  <system-out/>
  <testcase classname="org.test.CustomerContactInvoice" name="maximumValidationEditReference" time="0.645"/>
  <system-out/>
  <testcase classname="org.test.CustomerContactInvoice" name="maximumValidationEditInvoiceTittle" time="0.709"/>
  <system-out/>
  <testcase classname="org.test.CustomerContactInvoice" name="maximumValidationEditInventoryItem" time="0.984"/>
  <system-out/>
  <testcase classname="org.test.CustomerContactInvoice" name="emptyValidationEditQuantityField" time="0.218"/>
  <system-out/>
  <testcase classname="org.test.CustomerContactInvoice" name="maxEditQuanitityLimit" time="0.272"/>
  <system-out/>
  <testcase classname="org.test.CustomerContactInvoice" name="afterEditDecimalPointValidationQuantityField" time="0.201"/>
  <system-out/>
  <testcase classname="org.test.CustomerContactInvoice" name="beforeEditDecimalPointValidationQuantityField" time="0.301"/>
  <system-out/>
  <testcase classname="org.test.CustomerContactInvoice" name="emptyValidationEditPriceField" time="0.219"/>
  <system-out/>
  <testcase classname="org.test.CustomerContactInvoice" name="maxEditPriceLimit" time="0.194"/>
  <system-out/>
  <testcase classname="org.test.CustomerContactInvoice" name="beforeEditDecimalPointPriceField" time="0.226"/>
  <system-out/>
  <testcase classname="org.test.CustomerContactInvoice" name="afterEditDecimalPointPriceField" time="0.247"/>
  <system-out/>
  <testcase classname="org.test.CustomerContactInvoice" name="afterEditDecimalPointDiscountField" time="0.221"/>
  <system-out/>
  <testcase classname="org.test.CustomerContactInvoice" name="beforeEditDecimalPointDiscountField" time="0.194"/>
  <system-out/>
  <testcase classname="org.test.CustomerContactInvoice" name="maxLimitEditDiscountField" time="0.240"/>
  <system-out/>
  <testcase classname="org.test.CustomerContactInvoice" name="afterDecimalEditPointTaxField" time="2.309">
    <skipped/>
  </testcase> <!-- afterDecimalEditPointTaxField -->
  <system-out/>
  <testcase classname="org.test.CustomerContactInvoice" name="beforeDecimalEditPointTaxField" time="2.297">
    <skipped/>
  </testcase> <!-- beforeDecimalEditPointTaxField -->
  <system-out/>
  <testcase classname="org.test.CustomerContactInvoice" name="maxEditLimitTaxField" time="2.287">
    <skipped/>
  </testcase> <!-- maxEditLimitTaxField -->
  <system-out/>
  <testcase classname="org.test.CustomerContactInvoice" name="maximumEditValidationDescription" time="1.801"/>
  <system-out/>
  <testcase classname="org.test.CustomerContactInvoice" name="maximumEditValidationNotes" time="50.047"/>
  <system-out/>
  <testcase classname="org.test.CustomerContactInvoice" name="expiryEditFieldPastDateValidation" time="7.800"/>
  <system-out/>
  <testcase classname="org.test.CustomerContactInvoice" name="updatedInvoice" time="29.049"/>
  <system-out/>
  <testcase classname="org.test.CustomerContactInvoice" name="draftInvoice" time="7.964"/>
  <system-out/>
  <testcase classname="org.test.CustomerContactInvoice" name="createdQuoteStatus" time="0.070"/>
  <system-out/>
  <testcase classname="org.test.CustomerContactInvoice" name="UpdatedInvociePartialPayment" time="7.087"/>
  <system-out/>
  <testcase classname="org.test.CustomerContactInvoice" name="partialPaidAmount" time="0.062"/>
  <system-out/>
  <testcase classname="org.test.CustomerContactInvoice" name="UpdatedInvociePaid" time="7.537"/>
  <system-out/>
  <testcase classname="org.test.CustomerContactInvoice" name="fullyPaidAmount" time="0.127"/>
  <system-out/>
  <testcase classname="org.test.CustomerContactInvoice" name="listInvoiceNo" time="1.544"/>
  <system-out/>
  <testcase classname="org.test.CustomerContactInvoice" name="listQuoteReference" time="1.452"/>
  <system-out/>
  <testcase classname="org.test.CustomerContactInvoice" name="filterDateInvoice" time="1.530"/>
  <system-out/>
  <testcase classname="org.test.CustomerContactInvoice" name="listInvalid" time="1.171"/>
  <system-out/>
</testsuite> <!-- org.test.CustomerContactInvoice -->
