<?xml version="1.0" encoding="UTF-8"?>
<!-- Generated by org.testng.reporters.JUnitReportReporter -->
<testsuite hostname="DESKTOP-5M7AM2E" failures="0" tests="20" name="org.test.LeadSource" time="138.090" errors="0" timestamp="2023-03-08T15:48:45 IST" skipped="0">
  <testcase classname="org.test.LeadSource" name="loginPage" time="26.555"/>
  <system-out/>
  <testcase classname="org.test.LeadSource" name="settingModule" time="1.739"/>
  <system-out/>
  <testcase classname="org.test.LeadSource" name="leadSourceLabel" time="0.168"/>
  <system-out/>
  <testcase classname="org.test.LeadSource" name="createFormLabel" time="1.348"/>
  <system-out/>
  <testcase classname="org.test.LeadSource" name="maximumValidationLeadSource" time="5.011"/>
  <system-out/>
  <testcase classname="org.test.LeadSource" name="mandatoryValidation" time="0.348"/>
  <system-out/>
  <testcase classname="org.test.LeadSource" name="verifySaveButtonExist" time="0.466"/>
  <system-out/>
  <testcase classname="org.test.LeadSource" name="leadSourceCreate" time="9.700"/>
  <system-out/>
  <testcase classname="org.test.LeadSource" name="leadSourceCreateList" time="0.056"/>
  <system-out/>
  <testcase classname="org.test.LeadSource" name="activeStatus" time="0.064"/>
  <system-out/>
  <testcase classname="org.test.LeadSource" name="editFormLabel" time="2.075"/>
  <system-out/>
  <testcase classname="org.test.LeadSource" name="editmaximumValidationLeadSource" time="4.964"/>
  <system-out/>
  <testcase classname="org.test.LeadSource" name="editmandatoryValidation" time="0.208"/>
  <system-out/>
  <testcase classname="org.test.LeadSource" name="verifyUpdateButtonExist" time="0.584"/>
  <system-out/>
  <testcase classname="org.test.LeadSource" name="leadSourceUpdate" time="9.138"/>
  <system-out/>
  <testcase classname="org.test.LeadSource" name="alreadyExists" time="1.922"/>
  <system-out/>
  <testcase classname="org.test.LeadSource" name="deleteBusinessUnit" time="18.833"/>
  <system-out/>
  <testcase classname="org.test.LeadSource" name="reflectCreateContactPage" time="27.759"/>
  <system-out/>
  <testcase classname="org.test.LeadSource" name="inactiveLeadSource" time="20.624"/>
  <system-out/>
  <testcase classname="org.test.LeadSource" name="deleteLeadSource" time="6.528"/>
  <system-out/>
</testsuite> <!-- org.test.LeadSource -->
