<?xml version="1.0" encoding="UTF-8"?>
<!-- Generated by org.testng.reporters.JUnitReportReporter -->
<testsuite hostname="DESKTOP-5M7AM2E" failures="0" tests="7" name="org.test.Login" time="42.339" errors="0" timestamp="2023-03-03T08:33:43 IST" skipped="0">
  <testcase classname="org.test.Login" name="verifyEmptyEmail" time="3.634"/>
  <system-out/>
  <testcase classname="org.test.Login" name="verifyEmptyPassword" time="3.753"/>
  <system-out/>
  <testcase classname="org.test.Login" name="verifyIncorrectMail" time="1.655"/>
  <system-out/>
  <testcase classname="org.test.Login" name="verifyIncorrectPassword" time="3.231"/>
  <system-out/>
  <testcase classname="org.test.Login" name="verifyInvalidEmail" time="1.629"/>
  <system-out/>
  <testcase classname="org.test.Login" name="verifyInvalidCredentials" time="2.181"/>
  <system-out/>
  <testcase classname="org.test.Login" name="verify" time="26.256"/>
  <system-out/>
</testsuite> <!-- org.test.Login -->
