<?xml version="1.0" encoding="UTF-8"?>
<!-- Generated by org.testng.reporters.JUnitReportReporter -->
<testsuite hostname="DESKTOP-5M7AM2E" failures="0" tests="24" name="org.test.CategoryModule" time="171.089" errors="0" timestamp="2023-04-04T00:12:38 IST" skipped="0">
  <testcase classname="org.test.CategoryModule" name="loginPage" time="25.096"/>
  <system-out/>
  <testcase classname="org.test.CategoryModule" name="settingModule" time="1.944"/>
  <system-out/>
  <testcase classname="org.test.CategoryModule" name="createFormLabel" time="1.819"/>
  <system-out/>
  <testcase classname="org.test.CategoryModule" name="mandatoryValidationCategoryName" time="2.464"/>
  <system-out/>
  <testcase classname="org.test.CategoryModule" name="maximumValidationCategoryName" time="3.801"/>
  <system-out/>
  <testcase classname="org.test.CategoryModule" name="maximumValidationDescription" time="3.413"/>
  <system-out/>
  <testcase classname="org.test.CategoryModule" name="createButton" time="0.048"/>
  <system-out/>
  <testcase classname="org.test.CategoryModule" name="createCategoryProduct" time="9.024"/>
  <system-out/>
  <testcase classname="org.test.CategoryModule" name="createCategoryProductList" time="0.063"/>
  <system-out/>
  <testcase classname="org.test.CategoryModule" name="searchProductName" time="1.175"/>
  <system-out/>
  <testcase classname="org.test.CategoryModule" name="searchInvalid" time="1.335"/>
  <system-out/>
  <testcase classname="org.test.CategoryModule" name="editFormLabel" time="3.049"/>
  <system-out/>
  <testcase classname="org.test.CategoryModule" name="editmandatoryValidationCategoryName" time="0.220"/>
  <system-out/>
  <testcase classname="org.test.CategoryModule" name="editmaximumValidationCategoryName" time="3.671"/>
  <system-out/>
  <testcase classname="org.test.CategoryModule" name="editmaximumValidationDescription" time="3.212"/>
  <system-out/>
  <testcase classname="org.test.CategoryModule" name="updateButton" time="0.063"/>
  <system-out/>
  <testcase classname="org.test.CategoryModule" name="UpdateCategoryProduct" time="8.524"/>
  <system-out/>
  <testcase classname="org.test.CategoryModule" name="deleteProduct" time="18.768"/>
  <system-out/>
  <testcase classname="org.test.CategoryModule" name="reflectCategoryProduct" time="19.815"/>
  <system-out/>
  <testcase classname="org.test.CategoryModule" name="inactiveProductCategory" time="12.629"/>
  <system-out/>
  <testcase classname="org.test.CategoryModule" name="deleteProductCategory" time="13.028"/>
  <system-out/>
  <testcase classname="org.test.CategoryModule" name="reflectCategoryService" time="20.161"/>
  <system-out/>
  <testcase classname="org.test.CategoryModule" name="inactiveProductService" time="13.518"/>
  <system-out/>
  <testcase classname="org.test.CategoryModule" name="deleteProductService" time="4.249"/>
  <system-out/>
</testsuite> <!-- org.test.CategoryModule -->
