<?xml version="1.0" encoding="UTF-8"?>
<!-- Generated by org.testng.reporters.JUnitReportReporter -->
<testsuite hostname="DESKTOP-5M7AM2E" failures="0" tests="5" name="org.enhancement.CustomerOrganizationInvoice" time="181.206" errors="0" timestamp="2023-04-23T11:13:03 IST" skipped="0">
  <testcase classname="org.enhancement.CustomerOrganizationInvoice" name="loginPage" time="72.819"/>
  <system-out/>
  <testcase classname="org.enhancement.CustomerOrganizationInvoice" name="modulePage" time="9.699"/>
  <system-out/>
  <testcase classname="org.enhancement.CustomerOrganizationInvoice" name="createOrganization" time="26.891"/>
  <system-out/>
  <testcase classname="org.enhancement.CustomerOrganizationInvoice" name="labelValidation" time="13.587"/>
  <system-out/>
  <testcase classname="org.enhancement.CustomerOrganizationInvoice" name="createInvoice" time="58.210"/>
  <system-out/>
</testsuite> <!-- org.enhancement.CustomerOrganizationInvoice -->
