<?xml version="1.0" encoding="UTF-8"?>
<!-- Generated by org.testng.reporters.JUnitReportReporter -->
<testsuite hostname="DESKTOP-5M7AM2E" failures="0" tests="29" name="org.test.CustomerContactJob" time="199.026" errors="0" timestamp="2023-01-17T21:16:39 IST" skipped="0">
  <testcase classname="org.test.CustomerContactJob" name="loginPage" time="34.260"/>
  <system-out/>
  <testcase classname="org.test.CustomerContactJob" name="contactModule" time="8.810"/>
  <system-out/>
  <testcase classname="org.test.CustomerContactJob" name="CreateContact" time="15.417"/>
  <system-out/>
  <testcase classname="org.test.CustomerContactJob" name="labelValidation" time="8.637"/>
  <system-out/>
  <testcase classname="org.test.CustomerContactJob" name="maximumValidationTittle" time="7.557"/>
  <system-out/>
  <testcase classname="org.test.CustomerContactJob" name="mandatoryValidationDescription" time="0.235"/>
  <system-out/>
  <testcase classname="org.test.CustomerContactJob" name="maximumValidationDescription" time="7.780"/>
  <system-out/>
  <testcase classname="org.test.CustomerContactJob" name="maximumTagValidation" time="1.284"/>
  <system-out/>
  <testcase classname="org.test.CustomerContactJob" name="duplicateTagsValidation" time="0.557"/>
  <system-out/>
  <testcase classname="org.test.CustomerContactJob" name="maxTagLimitValidation" time="11.107"/>
  <system-out/>
  <testcase classname="org.test.CustomerContactJob" name="maximumValidationNotes" time="7.929"/>
  <system-out/>
  <testcase classname="org.test.CustomerContactJob" name="unsssignedJob" time="13.274"/>
  <system-out/>
  <testcase classname="org.test.CustomerContactJob" name="jobUnassignedStatus" time="2.178"/>
  <system-out/>
  <testcase classname="org.test.CustomerContactJob" name="editJobwithFromDateFromTime" time="18.395"/>
  <system-out/>
  <testcase classname="org.test.CustomerContactJob" name="createJob_FromDateandTime_ToDateandTime" time="18.251"/>
  <system-out/>
  <testcase classname="org.test.CustomerContactJob" name="jobScheduleStatus" time="1.714"/>
  <system-out/>
  <testcase classname="org.test.CustomerContactJob" name="dispatchedJob" time="3.641"/>
  <system-out/>
  <testcase classname="org.test.CustomerContactJob" name="jobDispatchedStatus" time="0.611"/>
  <system-out/>
  <testcase classname="org.test.CustomerContactJob" name="startedJob" time="3.040"/>
  <system-out/>
  <testcase classname="org.test.CustomerContactJob" name="jobStartedStatus" time="1.151"/>
  <system-out/>
  <testcase classname="org.test.CustomerContactJob" name="completedJob" time="3.651"/>
  <system-out/>
  <testcase classname="org.test.CustomerContactJob" name="cancelledJob" time="4.133"/>
  <system-out/>
  <testcase classname="org.test.CustomerContactJob" name="jobCancelledStatus" time="0.633"/>
  <system-out/>
  <testcase classname="org.test.CustomerContactJob" name="jobDraftStatus" time="8.911"/>
  <system-out/>
  <testcase classname="org.test.CustomerContactJob" name="deletedJob" time="1.564"/>
  <system-out/>
  <testcase classname="org.test.CustomerContactJob" name="searchJobNo" time="4.656"/>
  <system-out/>
  <testcase classname="org.test.CustomerContactJob" name="searchLocation" time="3.634"/>
  <system-out/>
  <testcase classname="org.test.CustomerContactJob" name="searchFilterByDate" time="4.724"/>
  <system-out/>
  <testcase classname="org.test.CustomerContactJob" name="searchInvalid" time="1.292"/>
  <system-out/>
</testsuite> <!-- org.test.CustomerContactJob -->
