<?xml version="1.0" encoding="UTF-8"?>
<!-- Generated by org.testng.reporters.JUnitReportReporter -->
<testsuite hostname="DESKTOP-5M7AM2E" failures="0" tests="6" name="org.enhancement.CustomerContactRequest" time="85.591" errors="0" timestamp="2023-05-22T20:03:10 IST" skipped="0">
  <testcase classname="org.enhancement.CustomerContactRequest" name="loginPage" time="42.378"/>
  <system-out/>
  <testcase classname="org.enhancement.CustomerContactRequest" name="contactModule" time="7.280"/>
  <system-out/>
  <testcase classname="org.enhancement.CustomerContactRequest" name="CreateContact" time="13.477"/>
  <system-out/>
  <testcase classname="org.enhancement.CustomerContactRequest" name="listabelValidation" time="6.143"/>
  <system-out/>
  <testcase classname="org.enhancement.CustomerContactRequest" name="labelValidation" time="1.464"/>
  <system-out/>
  <testcase classname="org.enhancement.CustomerContactRequest" name="createRequest_FromDateandTime_ToDateandTime" time="14.849"/>
  <system-out/>
</testsuite> <!-- org.enhancement.CustomerContactRequest -->
