<?xml version="1.0" encoding="UTF-8"?>
<!-- Generated by org.testng.reporters.JUnitReportReporter -->
<testsuite hostname="DESKTOP-5M7AM2E" failures="0" tests="13" name="org.test.TeamSendInvite" time="54.583" errors="0" timestamp="2023-02-18T23:34:17 IST" skipped="0">
  <testcase classname="org.test.TeamSendInvite" name="verify" time="35.375"/>
  <system-out/>
  <testcase classname="org.test.TeamSendInvite" name="TeamUserPage" time="6.803"/>
  <system-out/>
  <testcase classname="org.test.TeamSendInvite" name="landingOnSendInviteForm" time="0.705"/>
  <system-out/>
  <testcase classname="org.test.TeamSendInvite" name="mandatoryValidationFirstNameField" time="0.279"/>
  <system-out/>
  <testcase classname="org.test.TeamSendInvite" name="mandatoryValidationTypeField" time="0.080"/>
  <system-out/>
  <testcase classname="org.test.TeamSendInvite" name="mandatoryValidationEmailField" time="0.091"/>
  <system-out/>
  <testcase classname="org.test.TeamSendInvite" name="maxValidationFirstNameField" time="0.816"/>
  <system-out/>
  <testcase classname="org.test.TeamSendInvite" name="maxValidationLastNameField" time="0.749"/>
  <system-out/>
  <testcase classname="org.test.TeamSendInvite" name="maxValidationEmailFields" time="0.758"/>
  <system-out/>
  <testcase classname="org.test.TeamSendInvite" name="invalidEmailValidation" time="0.886"/>
  <system-out/>
  <testcase classname="org.test.TeamSendInvite" name="maxValidationMessage" time="5.200"/>
  <system-out/>
  <testcase classname="org.test.TeamSendInvite" name="verifySaveButtonExist" time="0.217"/>
  <system-out/>
  <testcase classname="org.test.TeamSendInvite" name="userSendInvite" time="2.624"/>
  <system-out/>
</testsuite> <!-- org.test.TeamSendInvite -->
