<?xml version="1.0" encoding="UTF-8"?>
<!-- Generated by org.testng.reporters.JUnitReportReporter -->
<testsuite hostname="DESKTOP-5M7AM2E" failures="0" tests="38" name="org.test.ServiceModule" time="167.157" errors="0" timestamp="2023-03-08T19:50:09 IST" skipped="4">
  <testcase classname="org.test.ServiceModule" name="loginPage" time="32.465"/>
  <system-out/>
  <testcase classname="org.test.ServiceModule" name="settingModule" time="4.076"/>
  <system-out/>
  <testcase classname="org.test.ServiceModule" name="createFormLabel" time="1.579"/>
  <system-out/>
  <testcase classname="org.test.ServiceModule" name="mandatoryValidationServiceName" time="0.281"/>
  <system-out/>
  <testcase classname="org.test.ServiceModule" name="mandatoryValidationDescription" time="0.097"/>
  <system-out/>
  <testcase classname="org.test.ServiceModule" name="mandatoryValidationPrice" time="0.084"/>
  <system-out/>
  <testcase classname="org.test.ServiceModule" name="mandatoryValidationTaxName" time="1.059"/>
  <system-out/>
  <testcase classname="org.test.ServiceModule" name="mandatoryValidationTaxPercentage" time="0.076"/>
  <system-out/>
  <testcase classname="org.test.ServiceModule" name="maximumValidationServiceName" time="4.710"/>
  <system-out/>
  <testcase classname="org.test.ServiceModule" name="maximumValidationDescription" time="3.645"/>
  <system-out/>
  <testcase classname="org.test.ServiceModule" name="maximumValidationPrice" time="0.182"/>
  <system-out/>
  <testcase classname="org.test.ServiceModule" name="beforeDecimalPointPriceField" time="0.160"/>
  <system-out/>
  <testcase classname="org.test.ServiceModule" name="afterDecimalPointPriceField" time="0.148"/>
  <system-out/>
  <testcase classname="org.test.ServiceModule" name="beforeDecimalPointTaxPercentageField" time="0.390"/>
  <system-out/>
  <testcase classname="org.test.ServiceModule" name="afterDecimalPointTaxPercentageField" time="0.425"/>
  <system-out/>
  <testcase classname="org.test.ServiceModule" name="createButton" time="0.236"/>
  <system-out/>
  <testcase classname="org.test.ServiceModule" name="createProduct" time="16.642"/>
  <system-out/>
  <testcase classname="org.test.ServiceModule" name="editFormLabel" time="4.206"/>
  <system-out/>
  <testcase classname="org.test.ServiceModule" name="editmandatoryValidationServiceName" time="0.265"/>
  <system-out/>
  <testcase classname="org.test.ServiceModule" name="editmandatoryValidationDescription" time="0.088"/>
  <system-out/>
  <testcase classname="org.test.ServiceModule" name="editmandatoryValidationPrice" time="0.085"/>
  <system-out/>
  <testcase classname="org.test.ServiceModule" name="editmandatoryValidationTaxName" time="0.001">
    <skipped/>
  </testcase> <!-- editmandatoryValidationTaxName -->
  <system-out/>
  <testcase classname="org.test.ServiceModule" name="editmandatoryValidationTaxPercentage" time="0.001">
    <skipped/>
  </testcase> <!-- editmandatoryValidationTaxPercentage -->
  <system-out/>
  <testcase classname="org.test.ServiceModule" name="editmaximumValidationProductName" time="4.945"/>
  <system-out/>
  <testcase classname="org.test.ServiceModule" name="editmaximumValidationDescription" time="4.113"/>
  <system-out/>
  <testcase classname="org.test.ServiceModule" name="editmaximumValidationPrice" time="0.176"/>
  <system-out/>
  <testcase classname="org.test.ServiceModule" name="editbeforeDecimalPointPriceField" time="0.157"/>
  <system-out/>
  <testcase classname="org.test.ServiceModule" name="editafterDecimalPointPriceField" time="0.157"/>
  <system-out/>
  <testcase classname="org.test.ServiceModule" name="editbeforeDecimalPointTaxPercentageField" time="0.000">
    <skipped/>
  </testcase> <!-- editbeforeDecimalPointTaxPercentageField -->
  <system-out/>
  <testcase classname="org.test.ServiceModule" name="editafterDecimalPointTaxPercentageField" time="0.000">
    <skipped/>
  </testcase> <!-- editafterDecimalPointTaxPercentageField -->
  <system-out/>
  <testcase classname="org.test.ServiceModule" name="updateButton" time="0.155"/>
  <system-out/>
  <testcase classname="org.test.ServiceModule" name="updateProduct" time="8.345"/>
  <system-out/>
  <testcase classname="org.test.ServiceModule" name="searchServiceName" time="3.676"/>
  <system-out/>
  <testcase classname="org.test.ServiceModule" name="searchInvalid" time="1.517"/>
  <system-out/>
  <testcase classname="org.test.ServiceModule" name="deletedService" time="17.587"/>
  <system-out/>
  <testcase classname="org.test.ServiceModule" name="reflectQuotePage" time="24.163"/>
  <system-out/>
  <testcase classname="org.test.ServiceModule" name="inactiveProduct" time="22.968"/>
  <system-out/>
  <testcase classname="org.test.ServiceModule" name="deleteProduct" time="8.297"/>
  <system-out/>
</testsuite> <!-- org.test.ServiceModule -->
