<?xml version="1.0" encoding="UTF-8"?>
<!-- Generated by org.testng.reporters.JUnitReportReporter -->
<testsuite hostname="DESKTOP-5M7AM2E" failures="0" tests="29" name="org.test.CustomerContactJob" time="247.116" errors="0" timestamp="2023-01-11T18:39:51 IST" skipped="0">
  <testcase classname="org.test.CustomerContactJob" name="loginPage" time="27.245"/>
  <system-out/>
  <testcase classname="org.test.CustomerContactJob" name="contactModule" time="9.814"/>
  <system-out/>
  <testcase classname="org.test.CustomerContactJob" name="CreateContact" time="18.508"/>
  <system-out/>
  <testcase classname="org.test.CustomerContactJob" name="labelValidation" time="9.103"/>
  <system-out/>
  <testcase classname="org.test.CustomerContactJob" name="maximumValidationTittle" time="6.802"/>
  <system-out/>
  <testcase classname="org.test.CustomerContactJob" name="mandatoryValidationDescription" time="0.258"/>
  <system-out/>
  <testcase classname="org.test.CustomerContactJob" name="maximumValidationDescription" time="6.601"/>
  <system-out/>
  <testcase classname="org.test.CustomerContactJob" name="maximumTagValidation" time="1.132"/>
  <system-out/>
  <testcase classname="org.test.CustomerContactJob" name="duplicateTagsValidation" time="0.587"/>
  <system-out/>
  <testcase classname="org.test.CustomerContactJob" name="maxTagLimitValidation" time="10.838"/>
  <system-out/>
  <testcase classname="org.test.CustomerContactJob" name="maximumValidationNotes" time="6.702"/>
  <system-out/>
  <testcase classname="org.test.CustomerContactJob" name="unsssignedJob" time="15.608"/>
  <system-out/>
  <testcase classname="org.test.CustomerContactJob" name="jobUnassignedStatus" time="2.188"/>
  <system-out/>
  <testcase classname="org.test.CustomerContactJob" name="editJobwithFromDateFromTime" time="28.764"/>
  <system-out/>
  <testcase classname="org.test.CustomerContactJob" name="createJob_FromDateandTime_ToDateandTime" time="21.037"/>
  <system-out/>
  <testcase classname="org.test.CustomerContactJob" name="jobScheduleStatus" time="5.340"/>
  <system-out/>
  <testcase classname="org.test.CustomerContactJob" name="dispatchedJob" time="5.211"/>
  <system-out/>
  <testcase classname="org.test.CustomerContactJob" name="jobDispatchedStatus" time="2.206"/>
  <system-out/>
  <testcase classname="org.test.CustomerContactJob" name="startedJob" time="5.756"/>
  <system-out/>
  <testcase classname="org.test.CustomerContactJob" name="jobStartedStatus" time="0.109"/>
  <system-out/>
  <testcase classname="org.test.CustomerContactJob" name="completedJob" time="4.136"/>
  <system-out/>
  <testcase classname="org.test.CustomerContactJob" name="cancelledJob" time="6.802"/>
  <system-out/>
  <testcase classname="org.test.CustomerContactJob" name="jobCancelledStatus" time="1.867"/>
  <system-out/>
  <testcase classname="org.test.CustomerContactJob" name="jobDraftStatus" time="21.448"/>
  <system-out/>
  <testcase classname="org.test.CustomerContactJob" name="deletedJob" time="2.085"/>
  <system-out/>
  <testcase classname="org.test.CustomerContactJob" name="searchJobNo" time="9.344"/>
  <system-out/>
  <testcase classname="org.test.CustomerContactJob" name="searchLocation" time="8.706"/>
  <system-out/>
  <testcase classname="org.test.CustomerContactJob" name="searchFilterByDate" time="6.163"/>
  <system-out/>
  <testcase classname="org.test.CustomerContactJob" name="searchInvalid" time="2.756"/>
  <system-out/>
</testsuite> <!-- org.test.CustomerContactJob -->
