<?xml version="1.0" encoding="UTF-8"?>
<!-- Generated by org.testng.reporters.JUnitReportReporter -->
<testsuite hostname="DESKTOP-5M7AM2E" failures="0" tests="29" name="org.test.OnBoardingModule" time="75.150" errors="0" timestamp="2023-05-23T13:08:30 IST" skipped="0">
  <testcase classname="org.test.OnBoardingModule" name="mandatoryBussinessNameFieldValidation" time="10.936"/>
  <system-out/>
  <testcase classname="org.test.OnBoardingModule" name="mandatoryEmailFieldValidation" time="1.131"/>
  <system-out/>
  <testcase classname="org.test.OnBoardingModule" name="alreadyBussinessNameValidation" time="1.254"/>
  <system-out/>
  <testcase classname="org.test.OnBoardingModule" name="specialCharacterBussinessNameValidation" time="0.351"/>
  <system-out/>
  <testcase classname="org.test.OnBoardingModule" name="maximumValidationBussinessName" time="0.716"/>
  <system-out/>
  <testcase classname="org.test.OnBoardingModule" name="maximumValidationBussinessWebSite" time="2.730"/>
  <system-out/>
  <testcase classname="org.test.OnBoardingModule" name="maximumValidationFirstName" time="1.188"/>
  <system-out/>
  <testcase classname="org.test.OnBoardingModule" name="maximumValidationLastName" time="1.197"/>
  <system-out/>
  <testcase classname="org.test.OnBoardingModule" name="maximumValidationEmail" time="0.751"/>
  <system-out/>
  <testcase classname="org.test.OnBoardingModule" name="validateEmailFormat" time="0.925"/>
  <system-out/>
  <testcase classname="org.test.OnBoardingModule" name="existingEmailValidation" time="0.784"/>
  <system-out/>
  <testcase classname="org.test.OnBoardingModule" name="correctValidationEmail" time="2.159"/>
  <system-out/>
  <testcase classname="org.test.OnBoardingModule" name="validateRadioButtonClickable" time="4.977"/>
  <system-out/>
  <testcase classname="org.test.OnBoardingModule" name="industryTypeFieldPresent" time="0.260"/>
  <system-out/>
  <testcase classname="org.test.OnBoardingModule" name="maximumValidationIndustryField" time="1.765"/>
  <system-out/>
  <testcase classname="org.test.OnBoardingModule" name="sizeCompanyValidation" time="0.937"/>
  <system-out/>
  <testcase classname="org.test.OnBoardingModule" name="validationRadioButtonIntrested" time="1.300"/>
  <system-out/>
  <testcase classname="org.test.OnBoardingModule" name="mandatoryValidationLocation" time="0.874"/>
  <system-out/>
  <testcase classname="org.test.OnBoardingModule" name="maximumValidationLocation" time="2.252"/>
  <system-out/>
  <testcase classname="org.test.OnBoardingModule" name="passwordMandatoryField" time="0.377"/>
  <system-out/>
  <testcase classname="org.test.OnBoardingModule" name="minValidationPassword" time="0.321"/>
  <system-out/>
  <testcase classname="org.test.OnBoardingModule" name="minValidationConfirmPassword" time="0.343"/>
  <system-out/>
  <testcase classname="org.test.OnBoardingModule" name="passwordFieldConditions" time="0.496"/>
  <system-out/>
  <testcase classname="org.test.OnBoardingModule" name="confirmPasswordFieldCondition" time="0.676"/>
  <system-out/>
  <testcase classname="org.test.OnBoardingModule" name="lowerCaseValidation" time="0.674"/>
  <system-out/>
  <testcase classname="org.test.OnBoardingModule" name="mismatchPassword" time="1.049"/>
  <system-out/>
  <testcase classname="org.test.OnBoardingModule" name="createTenant" time="34.598"/>
  <system-out/>
  <testcase classname="org.test.OnBoardingModule" name="subDomineURL" time="0.040"/>
  <system-out/>
  <testcase classname="org.test.OnBoardingModule" name="ownerName" time="0.089"/>
  <system-out/>
</testsuite> <!-- org.test.OnBoardingModule -->
