<?xml version="1.0" encoding="UTF-8"?>
<!-- Generated by org.testng.reporters.JUnitReportReporter -->
<testsuite hostname="DESKTOP-5M7AM2E" failures="0" tests="11" name="org.test.SubscriptionMonthlyTeamPack" time="57.716" errors="0" timestamp="2023-06-23T15:22:45 IST" skipped="0">
  <testcase classname="org.test.SubscriptionMonthlyTeamPack" name="createTenant" time="42.349"/>
  <system-out/>
  <testcase classname="org.test.SubscriptionMonthlyTeamPack" name="subDomineURL" time="0.054"/>
  <system-out/>
  <testcase classname="org.test.SubscriptionMonthlyTeamPack" name="ownerName" time="0.086"/>
  <system-out/>
  <testcase classname="org.test.SubscriptionMonthlyTeamPack" name="modulepage" time="6.689"/>
  <system-out/>
  <testcase classname="org.test.SubscriptionMonthlyTeamPack" name="confirmPage" time="1.770"/>
  <system-out/>
  <testcase classname="org.test.SubscriptionMonthlyTeamPack" name="proAmount" time="0.047"/>
  <system-out/>
  <testcase classname="org.test.SubscriptionMonthlyTeamPack" name="totalAmount" time="0.174"/>
  <system-out/>
  <testcase classname="org.test.SubscriptionMonthlyTeamPack" name="billingInformation" time="3.034"/>
  <system-out/>
  <testcase classname="org.test.SubscriptionMonthlyTeamPack" name="paymentDetailsPage" time="2.976"/>
  <system-out/>
  <testcase classname="org.test.SubscriptionMonthlyTeamPack" name="billingInformationAmount" time="0.253"/>
  <system-out/>
  <testcase classname="org.test.SubscriptionMonthlyTeamPack" name="paymentDetailsAmount" time="0.284"/>
  <system-out/>
</testsuite> <!-- org.test.SubscriptionMonthlyTeamPack -->
