<?xml version="1.0" encoding="UTF-8"?>
<!-- Generated by org.testng.reporters.JUnitReportReporter -->
<<<<<<< HEAD
<testsuite hostname="DESKTOP-5M7AM2E" failures="0" tests="24" name="org.test.CategoryModule" time="366.232" errors="1" timestamp="2023-05-12T15:10:56 IST" skipped="0">
  <testcase classname="org.test.CategoryModule" name="loginPage" time="41.720"/>
  <system-out/>
  <testcase classname="org.test.CategoryModule" name="settingModule" time="2.067"/>
  <system-out/>
  <testcase classname="org.test.CategoryModule" name="createFormLabel" time="1.601"/>
  <system-out/>
  <testcase classname="org.test.CategoryModule" name="mandatoryValidationCategoryName" time="2.746"/>
  <system-out/>
  <testcase classname="org.test.CategoryModule" name="maximumValidationCategoryName" time="5.553"/>
  <system-out/>
  <testcase classname="org.test.CategoryModule" name="maximumValidationDescription" time="4.081"/>
  <system-out/>
  <testcase classname="org.test.CategoryModule" name="createButton" time="0.073"/>
  <system-out/>
  <testcase classname="org.test.CategoryModule" name="createCategoryProduct" time="8.799"/>
  <system-out/>
  <testcase classname="org.test.CategoryModule" name="createCategoryProductList" time="0.116"/>
  <system-out/>
  <testcase classname="org.test.CategoryModule" name="searchProductName" time="1.339"/>
  <system-out/>
  <testcase classname="org.test.CategoryModule" name="searchInvalid" time="1.514"/>
  <system-out/>
  <testcase classname="org.test.CategoryModule" name="editFormLabel" time="19.740"/>
  <system-out/>
  <testcase classname="org.test.CategoryModule" name="editmandatoryValidationCategoryName" time="0.407"/>
  <system-out/>
  <testcase classname="org.test.CategoryModule" name="editmaximumValidationCategoryName" time="4.891"/>
  <system-out/>
  <testcase classname="org.test.CategoryModule" name="editmaximumValidationDescription" time="3.690"/>
  <system-out/>
  <testcase classname="org.test.CategoryModule" name="updateButton" time="0.095"/>
  <system-out/>
  <testcase classname="org.test.CategoryModule" name="UpdateCategoryProduct" time="8.904"/>
  <system-out/>
  <testcase classname="org.test.CategoryModule" name="deleteProduct" time="26.057"/>
  <system-out/>
  <testcase classname="org.test.CategoryModule" name="reflectCategoryProduct" time="28.370"/>
  <system-out/>
  <testcase classname="org.test.CategoryModule" name="inactiveProductCategory" time="16.809"/>
  <system-out/>
  <testcase classname="org.test.CategoryModule" name="deleteProductCategory" time="13.610"/>
  <system-out/>
  <testcase classname="org.test.CategoryModule" name="reflectCategoryService" time="59.399"/>
  <system-out/>
  <testcase classname="org.test.CategoryModule" name="inactiveProductService" time="110.115">
    <error message="Expected condition failed: waiting for visibility of element located by By.xpath: //*[@id=&#039;fieldy-category-list_aserpttbl&#039;]//tr[2]//td[1]//li[2] (tried for 100 second(s) with 500 milliseconds interval)
Build info: version: &#039;3.141.5&#039;, revision: &#039;d54ebd709a&#039;, time: &#039;2018-11-06T11:42:16&#039;
System info: host: &#039;DESKTOP-5M7AM2E&#039;, ip: &#039;192.168.56.1&#039;, os.name: &#039;Windows 11&#039;, os.arch: &#039;amd64&#039;, os.version: &#039;10.0&#039;, java.version: &#039;17.0.3&#039;
Driver info: org.openqa.selenium.chrome.ChromeDriver
Capabilities {acceptInsecureCerts: false, browserName: chrome, browserVersion: 112.0.5615.139, chrome: {chromedriverVersion: 112.0.5615.49 (bd2a7bcb881c..., userDataDir: C:\Users\ZAIGOP~1\AppData\L...}, goog:chromeOptions: {debuggerAddress: localhost:54615}, javascriptEnabled: true, networkConnectionEnabled: false, pageLoadStrategy: normal, platform: WINDOWS, platformName: WINDOWS, proxy: Proxy(), setWindowRect: true, strictFileInteractability: false, timeouts: {implicit: 0, pageLoad: 300000, script: 30000}, unhandledPromptBehavior: dismiss and notify, webauthn:extension:credBlob: true, webauthn:extension:largeBlob: true, webauthn:extension:minPinLength: true, webauthn:extension:prf: true, webauthn:virtualAuthenticators: true}
Session ID: 25f3934a969fb2742697f7898cabbf0c" type="org.openqa.selenium.TimeoutException">
      <![CDATA[org.openqa.selenium.TimeoutException: Expected condition failed: waiting for visibility of element located by By.xpath: //*[@id='fieldy-category-list_aserpttbl']//tr[2]//td[1]//li[2] (tried for 100 second(s) with 500 milliseconds interval)
Build info: version: '3.141.5', revision: 'd54ebd709a', time: '2018-11-06T11:42:16'
System info: host: 'DESKTOP-5M7AM2E', ip: '192.168.56.1', os.name: 'Windows 11', os.arch: 'amd64', os.version: '10.0', java.version: '17.0.3'
Driver info: org.openqa.selenium.chrome.ChromeDriver
Capabilities {acceptInsecureCerts: false, browserName: chrome, browserVersion: 112.0.5615.139, chrome: {chromedriverVersion: 112.0.5615.49 (bd2a7bcb881c..., userDataDir: C:\Users\ZAIGOP~1\AppData\L...}, goog:chromeOptions: {debuggerAddress: localhost:54615}, javascriptEnabled: true, networkConnectionEnabled: false, pageLoadStrategy: normal, platform: WINDOWS, platformName: WINDOWS, proxy: Proxy(), setWindowRect: true, strictFileInteractability: false, timeouts: {implicit: 0, pageLoad: 300000, script: 30000}, unhandledPromptBehavior: dismiss and notify, webauthn:extension:credBlob: true, webauthn:extension:largeBlob: true, webauthn:extension:minPinLength: true, webauthn:extension:prf: true, webauthn:virtualAuthenticators: true}
Session ID: 25f3934a969fb2742697f7898cabbf0c
at org.openqa.selenium.support.ui.WebDriverWait.timeoutException(WebDriverWait.java:95)
at org.openqa.selenium.support.ui.FluentWait.until(FluentWait.java:272)
at com.zaigo.pageobjects.CategoryPage.mouseActionClick(CategoryPage.java:81)
at com.zaigo.pageobjects.CategoryPage.backEvent(CategoryPage.java:405)
at org.test.CategoryModule.inactiveProductService(CategoryModule.java:581)
at java.base/jdk.internal.reflect.NativeMethodAccessorImpl.invoke0(Native Method)
at java.base/jdk.internal.reflect.NativeMethodAccessorImpl.invoke(NativeMethodAccessorImpl.java:77)
at java.base/jdk.internal.reflect.DelegatingMethodAccessorImpl.invoke(DelegatingMethodAccessorImpl.java:43)
at java.base/java.lang.reflect.Method.invoke(Method.java:568)
at org.testng.internal.MethodInvocationHelper.invokeMethod(MethodInvocationHelper.java:133)
at org.testng.internal.TestInvoker.invokeMethod(TestInvoker.java:598)
at org.testng.internal.TestInvoker.invokeTestMethod(TestInvoker.java:173)
at org.testng.internal.MethodRunner.runInSequence(MethodRunner.java:46)
at org.testng.internal.TestInvoker$MethodInvocationAgent.invoke(TestInvoker.java:824)
at org.testng.internal.TestInvoker.invokeTestMethods(TestInvoker.java:146)
at org.testng.internal.TestMethodWorker.invokeTestMethods(TestMethodWorker.java:146)
at org.testng.internal.TestMethodWorker.run(TestMethodWorker.java:128)
at java.base/java.util.ArrayList.forEach(ArrayList.java:1511)
at org.testng.TestRunner.privateRun(TestRunner.java:794)
at org.testng.TestRunner.run(TestRunner.java:596)
at org.testng.SuiteRunner.runTest(SuiteRunner.java:377)
at org.testng.SuiteRunner.runSequentially(SuiteRunner.java:371)
at org.testng.SuiteRunner.privateRun(SuiteRunner.java:332)
at org.testng.SuiteRunner.run(SuiteRunner.java:276)
at org.testng.SuiteRunnerWorker.runSuite(SuiteRunnerWorker.java:53)
at org.testng.SuiteRunnerWorker.run(SuiteRunnerWorker.java:96)
at org.testng.TestNG.runSuitesSequentially(TestNG.java:1212)
at org.testng.TestNG.runSuitesLocally(TestNG.java:1134)
at org.testng.TestNG.runSuites(TestNG.java:1063)
at org.testng.TestNG.run(TestNG.java:1031)
at org.testng.remote.AbstractRemoteTestNG.run(AbstractRemoteTestNG.java:115)
at org.testng.remote.RemoteTestNG.initAndRun(RemoteTestNG.java:251)
at org.testng.remote.RemoteTestNG.main(RemoteTestNG.java:77)
]]>
    </error>
  </testcase> <!-- inactiveProductService -->
  <system-out/>
  <testcase classname="org.test.CategoryModule" name="deleteProductService" time="4.536"/>
=======
<testsuite hostname="DESKTOP-5M7AM2E" failures="0" tests="24" name="org.test.CategoryModule" time="165.947" errors="0" timestamp="2023-05-14T13:43:06 IST" skipped="0">
  <testcase classname="org.test.CategoryModule" name="loginPage" time="20.522"/>
  <system-out/>
  <testcase classname="org.test.CategoryModule" name="settingModule" time="1.969"/>
  <system-out/>
  <testcase classname="org.test.CategoryModule" name="createFormLabel" time="1.360"/>
  <system-out/>
  <testcase classname="org.test.CategoryModule" name="mandatoryValidationCategoryName" time="2.478"/>
  <system-out/>
  <testcase classname="org.test.CategoryModule" name="maximumValidationCategoryName" time="3.883"/>
  <system-out/>
  <testcase classname="org.test.CategoryModule" name="maximumValidationDescription" time="3.405"/>
  <system-out/>
  <testcase classname="org.test.CategoryModule" name="createButton" time="0.063"/>
  <system-out/>
  <testcase classname="org.test.CategoryModule" name="createCategoryProduct" time="8.026"/>
  <system-out/>
  <testcase classname="org.test.CategoryModule" name="createCategoryProductList" time="0.068"/>
  <system-out/>
  <testcase classname="org.test.CategoryModule" name="searchProductName" time="1.761"/>
  <system-out/>
  <testcase classname="org.test.CategoryModule" name="searchInvalid" time="1.324"/>
  <system-out/>
  <testcase classname="org.test.CategoryModule" name="editFormLabel" time="3.562"/>
  <system-out/>
  <testcase classname="org.test.CategoryModule" name="editmandatoryValidationCategoryName" time="0.264"/>
  <system-out/>
  <testcase classname="org.test.CategoryModule" name="editmaximumValidationCategoryName" time="3.720"/>
  <system-out/>
  <testcase classname="org.test.CategoryModule" name="editmaximumValidationDescription" time="3.433"/>
  <system-out/>
  <testcase classname="org.test.CategoryModule" name="updateButton" time="0.073"/>
  <system-out/>
  <testcase classname="org.test.CategoryModule" name="UpdateCategoryProduct" time="8.517"/>
  <system-out/>
  <testcase classname="org.test.CategoryModule" name="deleteProduct" time="18.486"/>
  <system-out/>
  <testcase classname="org.test.CategoryModule" name="reflectCategoryProduct" time="19.145"/>
  <system-out/>
  <testcase classname="org.test.CategoryModule" name="inactiveProductCategory" time="12.419"/>
  <system-out/>
  <testcase classname="org.test.CategoryModule" name="deleteProductCategory" time="13.235"/>
  <system-out/>
  <testcase classname="org.test.CategoryModule" name="reflectCategoryService" time="20.420"/>
  <system-out/>
  <testcase classname="org.test.CategoryModule" name="inactiveProductService" time="13.945"/>
  <system-out/>
  <testcase classname="org.test.CategoryModule" name="deleteProductService" time="3.869"/>
>>>>>>> 8918fb077ada3f9074ba067a7b48b5e725492e12
  <system-out/>
</testsuite> <!-- org.test.CategoryModule -->
