<?xml version="1.0" encoding="UTF-8"?>
<!-- Generated by org.testng.reporters.JUnitReportReporter -->
<testsuite hostname="DESKTOP-5M7AM2E" failures="0" tests="19" name="org.test.DispatchModule" time="234.323" errors="0" timestamp="2023-05-23T18:21:48 IST" skipped="0">
  <testcase classname="org.test.DispatchModule" name="loginPage" time="28.108"/>
  <system-out/>
  <testcase classname="org.test.DispatchModule" name="userCreate" time="44.591"/>
  <system-out/>
  <testcase classname="org.test.DispatchModule" name="requestModule" time="2.790"/>
  <system-out/>
  <testcase classname="org.test.DispatchModule" name="labelValidation" time="0.997"/>
  <system-out/>
  <testcase classname="org.test.DispatchModule" name="autoCompleteContactCreationRequest" time="11.111"/>
  <system-out/>
  <testcase classname="org.test.DispatchModule" name="unsssignedRequest" time="15.003"/>
  <system-out/>
  <testcase classname="org.test.DispatchModule" name="dispatchModule" time="5.607"/>
  <system-out/>
  <testcase classname="org.test.DispatchModule" name="assignRequest" time="10.647"/>
  <system-out/>
  <testcase classname="org.test.DispatchModule" name="unassignRequest" time="8.646"/>
  <system-out/>
  <testcase classname="org.test.DispatchModule" name="dispatchRequest" time="17.439"/>
  <system-out/>
  <testcase classname="org.test.DispatchModule" name="cancelRequest" time="9.438"/>
  <system-out/>
  <testcase classname="org.test.DispatchModule" name="jobModule" time="4.094"/>
  <system-out/>
  <testcase classname="org.test.DispatchModule" name="labelJobValidation" time="2.024"/>
  <system-out/>
  <testcase classname="org.test.DispatchModule" name="autoCompleteContactCreationJob" time="11.268"/>
  <system-out/>
  <testcase classname="org.test.DispatchModule" name="unsssignedJob" time="14.670"/>
  <system-out/>
  <testcase classname="org.test.DispatchModule" name="assignJob" time="13.208"/>
  <system-out/>
  <testcase classname="org.test.DispatchModule" name="unassignJob" time="8.008"/>
  <system-out/>
  <testcase classname="org.test.DispatchModule" name="dispatchJob" time="16.652"/>
  <system-out/>
  <testcase classname="org.test.DispatchModule" name="cancelJob" time="10.022"/>
  <system-out/>
</testsuite> <!-- org.test.DispatchModule -->
