<?xml version="1.0" encoding="UTF-8"?>
<!-- Generated by org.testng.reporters.JUnitReportReporter -->
<testsuite hostname="DESKTOP-5M7AM2E" failures="0" tests="20" name="org.test.LeadSource" time="127.312" errors="0" timestamp="2023-04-23T22:29:52 IST" skipped="0">
  <testcase classname="org.test.LeadSource" name="loginPage" time="19.592"/>
  <system-out/>
  <testcase classname="org.test.LeadSource" name="settingModule" time="2.560"/>
  <system-out/>
  <testcase classname="org.test.LeadSource" name="leadSourceLabel" time="0.073"/>
  <system-out/>
  <testcase classname="org.test.LeadSource" name="createFormLabel" time="1.917"/>
  <system-out/>
  <testcase classname="org.test.LeadSource" name="mandatoryValidation" time="1.079"/>
  <system-out/>
  <testcase classname="org.test.LeadSource" name="maximumValidationLeadSource" time="4.359"/>
  <system-out/>
  <testcase classname="org.test.LeadSource" name="verifySaveButtonExist" time="0.371"/>
  <system-out/>
  <testcase classname="org.test.LeadSource" name="leadSourceCreate" time="8.212"/>
  <system-out/>
  <testcase classname="org.test.LeadSource" name="leadSourceCreateList" time="0.047"/>
  <system-out/>
  <testcase classname="org.test.LeadSource" name="activeStatus" time="0.063"/>
  <system-out/>
  <testcase classname="org.test.LeadSource" name="editFormLabel" time="2.104"/>
  <system-out/>
  <testcase classname="org.test.LeadSource" name="editmandatoryValidation" time="0.987"/>
  <system-out/>
  <testcase classname="org.test.LeadSource" name="editmaximumValidationLeadSource" time="4.258"/>
  <system-out/>
  <testcase classname="org.test.LeadSource" name="verifyUpdateButtonExist" time="0.424"/>
  <system-out/>
  <testcase classname="org.test.LeadSource" name="leadSourceUpdate" time="8.201"/>
  <system-out/>
  <testcase classname="org.test.LeadSource" name="alreadyExists" time="2.151"/>
  <system-out/>
  <testcase classname="org.test.LeadSource" name="deleteBusinessUnit" time="17.653"/>
  <system-out/>
  <testcase classname="org.test.LeadSource" name="reflectCreateContactPage" time="25.186"/>
  <system-out/>
  <testcase classname="org.test.LeadSource" name="inactiveLeadSource" time="19.430"/>
  <system-out/>
  <testcase classname="org.test.LeadSource" name="deleteLeadSource" time="8.645"/>
  <system-out/>
</testsuite> <!-- org.test.LeadSource -->
