<?xml version="1.0" encoding="UTF-8"?>
<!-- Generated by org.testng.reporters.JUnitReportReporter -->
<testsuite hostname="DESKTOP-5M7AM2E" failures="0" tests="4" name="org.enhancement.TeamSendInvite" time="57.748" errors="0" timestamp="2023-06-19T18:33:28 IST" skipped="0">
  <testcase classname="org.enhancement.TeamSendInvite" name="verify" time="41.904"/>
  <system-out/>
  <testcase classname="org.enhancement.TeamSendInvite" name="TeamUserPage" time="6.525"/>
  <system-out/>
  <testcase classname="org.enhancement.TeamSendInvite" name="landingOnSendInviteForm" time="0.595"/>
  <system-out/>
  <testcase classname="org.enhancement.TeamSendInvite" name="userSendInvite" time="8.724"/>
  <system-out/>
</testsuite> <!-- org.enhancement.TeamSendInvite -->
