<?xml version="1.0" encoding="UTF-8"?>
<!-- Generated by org.testng.reporters.JUnitReportReporter -->
<testsuite hostname="DESKTOP-5M7AM2E" failures="0" tests="20" name="org.test.ServiceType" time="190.780" errors="0" timestamp="2023-06-03T23:46:29 IST" skipped="0">
  <testcase classname="org.test.ServiceType" name="loginPage" time="37.260"/>
  <system-out/>
  <testcase classname="org.test.ServiceType" name="settingModule" time="1.739"/>
  <system-out/>
  <testcase classname="org.test.ServiceType" name="leadSourceLabel" time="0.229"/>
  <system-out/>
  <testcase classname="org.test.ServiceType" name="createFormLabel" time="1.677"/>
  <system-out/>
  <testcase classname="org.test.ServiceType" name="mandatoryValidation" time="0.393"/>
  <system-out/>
  <testcase classname="org.test.ServiceType" name="maximumValidationServiceType" time="10.913"/>
  <system-out/>
  <testcase classname="org.test.ServiceType" name="verifySaveButtonExist" time="0.416"/>
  <system-out/>
  <testcase classname="org.test.ServiceType" name="serviceTypeCreate" time="8.421"/>
  <system-out/>
  <testcase classname="org.test.ServiceType" name="serviceTypeCreateList" time="0.066"/>
  <system-out/>
  <testcase classname="org.test.ServiceType" name="activeStatus" time="0.225"/>
  <system-out/>
  <testcase classname="org.test.ServiceType" name="alreadyExists" time="1.645"/>
  <system-out/>
  <testcase classname="org.test.ServiceType" name="editFormLabel" time="3.284"/>
  <system-out/>
  <testcase classname="org.test.ServiceType" name="editmandatoryValidation" time="0.306"/>
  <system-out/>
  <testcase classname="org.test.ServiceType" name="editmaximumValidationLeadSource" time="10.621"/>
  <system-out/>
  <testcase classname="org.test.ServiceType" name="verifyUpdateButtonExist" time="0.410"/>
  <system-out/>
  <testcase classname="org.test.ServiceType" name="leadSourceUpdate" time="8.674"/>
  <system-out/>
  <testcase classname="org.test.ServiceType" name="deleteBusinessUnit" time="15.336"/>
  <system-out/>
  <testcase classname="org.test.ServiceType" name="reflectCreateContactPage" time="43.410"/>
  <system-out/>
  <testcase classname="org.test.ServiceType" name="inactiveLeadSource" time="28.115"/>
  <system-out/>
  <testcase classname="org.test.ServiceType" name="deleteLeadSource" time="17.640"/>
  <system-out/>
</testsuite> <!-- org.test.ServiceType -->
