<?xml version="1.0" encoding="UTF-8"?>
<!-- Generated by org.testng.reporters.JUnitReportReporter -->
<testsuite hostname="DESKTOP-5M7AM2E" failures="0" tests="9" name="org.enhancement.ServiceType" time="88.588" errors="0" timestamp="2023-06-19T18:33:28 IST" skipped="0">
  <testcase classname="org.enhancement.ServiceType" name="loginPage" time="42.764"/>
  <system-out/>
  <testcase classname="org.enhancement.ServiceType" name="settingModule" time="1.638"/>
  <system-out/>
  <testcase classname="org.enhancement.ServiceType" name="leadSourceLabel" time="0.092"/>
  <system-out/>
  <testcase classname="org.enhancement.ServiceType" name="createFormLabel" time="1.985"/>
  <system-out/>
  <testcase classname="org.enhancement.ServiceType" name="serviceTypeCreate" time="8.111"/>
  <system-out/>
  <testcase classname="org.enhancement.ServiceType" name="serviceTypeCreate" time="8.401"/>
  <system-out/>
  <testcase classname="org.enhancement.ServiceType" name="serviceTypeCreate" time="8.368"/>
  <system-out/>
  <testcase classname="org.enhancement.ServiceType" name="serviceTypeCreate" time="8.741"/>
  <system-out/>
  <testcase classname="org.enhancement.ServiceType" name="serviceTypeCreate" time="8.488"/>
  <system-out/>
</testsuite> <!-- org.enhancement.ServiceType -->
