<?xml version="1.0" encoding="UTF-8"?>
<!-- Generated by org.testng.reporters.JUnitReportReporter -->
<testsuite hostname="DESKTOP-5M7AM2E" failures="0" tests="4" name="org.enhancement.GlobalContactJob" time="53.189" errors="0" timestamp="2023-04-23T20:36:39 IST" skipped="0">
  <testcase classname="org.enhancement.GlobalContactJob" name="loginPage" time="22.127"/>
  <system-out/>
  <testcase classname="org.enhancement.GlobalContactJob" name="jobModule" time="0.957"/>
  <system-out/>
  <testcase classname="org.enhancement.GlobalContactJob" name="labelValidation" time="0.915"/>
  <system-out/>
  <testcase classname="org.enhancement.GlobalContactJob" name="createJob_FromDateandTime_ToDateandTime" time="29.190"/>
  <system-out/>
</testsuite> <!-- org.enhancement.GlobalContactJob -->
