<?xml version="1.0" encoding="UTF-8"?>
<!-- Generated by org.testng.reporters.JUnitReportReporter -->
<<<<<<< HEAD
<<<<<<< HEAD
<testsuite hostname="DESKTOP-5M7AM2E" failures="0" tests="5" name="org.enhancement.LeadSource" time="57.189" errors="0" timestamp="2023-05-22T20:03:10 IST" skipped="0">
  <testcase classname="org.enhancement.LeadSource" name="loginPage" time="45.707"/>
  <system-out/>
  <testcase classname="org.enhancement.LeadSource" name="settingModule" time="1.837"/>
  <system-out/>
  <testcase classname="org.enhancement.LeadSource" name="leadSourceLabel" time="0.198"/>
  <system-out/>
  <testcase classname="org.enhancement.LeadSource" name="createFormLabel" time="1.445"/>
  <system-out/>
  <testcase classname="org.enhancement.LeadSource" name="leadSourceCreate" time="8.002"/>
=======
<testsuite hostname="DESKTOP-5M7AM2E" failures="0" tests="5" name="org.enhancement.LeadSource" time="35.400" errors="0" timestamp="2023-05-25T11:49:57 IST" skipped="0">
  <testcase classname="org.enhancement.LeadSource" name="loginPage" time="23.070"/>
=======
<testsuite hostname="DESKTOP-5M7AM2E" failures="0" tests="9" name="org.enhancement.LeadSource" time="105.945" errors="0" timestamp="2023-06-04T11:22:12 IST" skipped="0">
  <testcase classname="org.enhancement.LeadSource" name="loginPage" time="56.900"/>
>>>>>>> 8f032e9abfd9edfc56ded76230782504aeca4741
  <system-out/>
  <testcase classname="org.enhancement.LeadSource" name="settingModule" time="2.001"/>
  <system-out/>
  <testcase classname="org.enhancement.LeadSource" name="leadSourceLabel" time="0.365"/>
  <system-out/>
  <testcase classname="org.enhancement.LeadSource" name="createFormLabel" time="1.094"/>
  <system-out/>
<<<<<<< HEAD
  <testcase classname="org.enhancement.LeadSource" name="leadSourceCreate" time="8.229"/>
>>>>>>> c5699b793ecef34ca60eb49f33139d209ba1ec97
=======
  <testcase classname="org.enhancement.LeadSource" name="leadSourceCreate" time="9.323"/>
  <system-out/>
  <testcase classname="org.enhancement.LeadSource" name="leadSourceCreate" time="9.564"/>
  <system-out/>
  <testcase classname="org.enhancement.LeadSource" name="leadSourceCreate" time="9.063"/>
  <system-out/>
  <testcase classname="org.enhancement.LeadSource" name="leadSourceCreate" time="8.970"/>
  <system-out/>
  <testcase classname="org.enhancement.LeadSource" name="leadSourceCreate" time="8.665"/>
>>>>>>> 8f032e9abfd9edfc56ded76230782504aeca4741
  <system-out/>
</testsuite> <!-- org.enhancement.LeadSource -->
