<?xml version="1.0" encoding="UTF-8"?>
<!-- Generated by org.testng.reporters.JUnitReportReporter -->
<<<<<<< HEAD
<testsuite hostname="DESKTOP-5M7AM2E" failures="0" tests="4" name="org.enhancement.GlobalContactRequest" time="121.649" errors="0" timestamp="2023-05-22T20:03:10 IST" skipped="0">
  <testcase classname="org.enhancement.GlobalContactRequest" name="loginPage" time="43.670"/>
  <system-out/>
  <testcase classname="org.enhancement.GlobalContactRequest" name="requestModule" time="1.462"/>
  <system-out/>
  <testcase classname="org.enhancement.GlobalContactRequest" name="labelValidation" time="1.987"/>
  <system-out/>
  <testcase classname="org.enhancement.GlobalContactRequest" name="createRequest_FromDateandTime_ToDateandTime" time="74.530"/>
=======
<testsuite hostname="DESKTOP-5M7AM2E" failures="0" tests="4" name="org.enhancement.GlobalContactRequest" time="69.330" errors="0" timestamp="2023-05-25T15:36:36 IST" skipped="0">
  <testcase classname="org.enhancement.GlobalContactRequest" name="loginPage" time="40.824"/>
  <system-out/>
  <testcase classname="org.enhancement.GlobalContactRequest" name="requestModule" time="2.590"/>
  <system-out/>
  <testcase classname="org.enhancement.GlobalContactRequest" name="labelValidation" time="2.119"/>
  <system-out/>
  <testcase classname="org.enhancement.GlobalContactRequest" name="createRequest_FromDateandTime_ToDateandTime" time="23.797"/>
>>>>>>> c5699b793ecef34ca60eb49f33139d209ba1ec97
  <system-out/>
</testsuite> <!-- org.enhancement.GlobalContactRequest -->
