<?xml version="1.0" encoding="UTF-8"?>
<!-- Generated by org.testng.reporters.JUnitReportReporter -->
<testsuite hostname="DESKTOP-5M7AM2E" failures="0" tests="10" name="org.enhancement.CustomerOrganizationQuote" time="151.286" errors="0" timestamp="2023-06-19T18:33:28 IST" skipped="0">
  <testcase classname="org.enhancement.CustomerOrganizationQuote" name="loginPage" time="42.764"/>
  <system-out/>
  <testcase classname="org.enhancement.CustomerOrganizationQuote" name="contactModule" time="4.309"/>
  <system-out/>
  <testcase classname="org.enhancement.CustomerOrganizationQuote" name="createOrganization" time="20.047"/>
  <system-out/>
  <testcase classname="org.enhancement.CustomerOrganizationQuote" name="listabelValidation" time="7.142"/>
  <system-out/>
  <testcase classname="org.enhancement.CustomerOrganizationQuote" name="labelValidation" time="0.852"/>
  <system-out/>
  <testcase classname="org.enhancement.CustomerOrganizationQuote" name="createQuote" time="19.073"/>
  <system-out/>
  <testcase classname="org.enhancement.CustomerOrganizationQuote" name="createQuote" time="13.961"/>
  <system-out/>
  <testcase classname="org.enhancement.CustomerOrganizationQuote" name="createQuote" time="14.285"/>
  <system-out/>
  <testcase classname="org.enhancement.CustomerOrganizationQuote" name="createQuote" time="14.559"/>
  <system-out/>
  <testcase classname="org.enhancement.CustomerOrganizationQuote" name="createQuote" time="14.294"/>
  <system-out/>
</testsuite> <!-- org.enhancement.CustomerOrganizationQuote -->
