<?xml version="1.0" encoding="UTF-8"?>
<!-- Generated by org.testng.reporters.JUnitReportReporter -->
<testsuite hostname="DESKTOP-5M7AM2E" failures="0" tests="94" name="org.test.CustomerCreateContactModule" time="176.794" errors="0" timestamp="2023-05-14T13:43:06 IST" skipped="0">
  <testcase classname="org.test.CustomerCreateContactModule" name="loginPage" time="20.567"/>
  <system-out/>
  <testcase classname="org.test.CustomerCreateContactModule" name="contactModule" time="7.376"/>
  <system-out/>
  <testcase classname="org.test.CustomerCreateContactModule" name="createLabel" time="0.136"/>
  <system-out/>
  <testcase classname="org.test.CustomerCreateContactModule" name="mandatoryValidation" time="5.274"/>
  <system-out/>
  <testcase classname="org.test.CustomerCreateContactModule" name="maxValidationFirstNameField" time="1.400"/>
  <system-out/>
  <testcase classname="org.test.CustomerCreateContactModule" name="maxValidationLastNameField" time="1.064"/>
  <system-out/>
  <testcase classname="org.test.CustomerCreateContactModule" name="maxValidationJobTittle" time="1.043"/>
  <system-out/>
  <testcase classname="org.test.CustomerCreateContactModule" name="maxValidationEmailField" time="1.048"/>
  <system-out/>
  <testcase classname="org.test.CustomerCreateContactModule" name="maxValidationTaxNumberField" time="5.746"/>
  <system-out/>
  <testcase classname="org.test.CustomerCreateContactModule" name="invalidValidationEmailField" time="0.276"/>
  <system-out/>
  <testcase classname="org.test.CustomerCreateContactModule" name="specialCharacterPhoneNumberField" time="0.300"/>
  <system-out/>
  <testcase classname="org.test.CustomerCreateContactModule" name="invalidPhoneNumberField" time="0.231"/>
  <system-out/>
  <testcase classname="org.test.CustomerCreateContactModule" name="minValidationPhoneNumberField" time="0.195"/>
  <system-out/>
  <testcase classname="org.test.CustomerCreateContactModule" name="maxValidationPhoneNumberField" time="0.505"/>
  <system-out/>
  <testcase classname="org.test.CustomerCreateContactModule" name="maxValidationPropertyFirstNameField" time="0.887"/>
  <system-out/>
  <testcase classname="org.test.CustomerCreateContactModule" name="maxValidationPropertyLastNameField" time="1.003"/>
  <system-out/>
  <testcase classname="org.test.CustomerCreateContactModule" name="maxValidationPropertyNameField" time="0.933"/>
  <system-out/>
  <testcase classname="org.test.CustomerCreateContactModule" name="maxValidationAddress1" time="0.887"/>
  <system-out/>
  <testcase classname="org.test.CustomerCreateContactModule" name="maxValidationAddress22Field" time="0.849"/>
  <system-out/>
  <testcase classname="org.test.CustomerCreateContactModule" name="maxValidationCityField" time="0.794"/>
  <system-out/>
  <testcase classname="org.test.CustomerCreateContactModule" name="maxValidationStateField" time="0.786"/>
  <system-out/>
  <testcase classname="org.test.CustomerCreateContactModule" name="minValidationZipcodeField" time="0.265"/>
  <system-out/>
  <testcase classname="org.test.CustomerCreateContactModule" name="maxValidationZipcodeField" time="0.307"/>
  <system-out/>
  <testcase classname="org.test.CustomerCreateContactModule" name="specialCharacterZipcodeField" time="0.421"/>
  <system-out/>
  <testcase classname="org.test.CustomerCreateContactModule" name="maxValidationProductNameField" time="0.804"/>
  <system-out/>
  <testcase classname="org.test.CustomerCreateContactModule" name="maxValidationBrandNameField" time="0.842"/>
  <system-out/>
  <testcase classname="org.test.CustomerCreateContactModule" name="maxValdidationModelNumberField" time="0.873"/>
  <system-out/>
  <testcase classname="org.test.CustomerCreateContactModule" name="maxValidationSerialNumberField" time="0.787"/>
  <system-out/>
  <testcase classname="org.test.CustomerCreateContactModule" name="dateValidation" time="8.194"/>
  <system-out/>
  <testcase classname="org.test.CustomerCreateContactModule" name="maxValidationAccessHoursField" time="1.506"/>
  <system-out/>
  <testcase classname="org.test.CustomerCreateContactModule" name="maxValidationInstallationNotesField" time="5.764"/>
  <system-out/>
  <testcase classname="org.test.CustomerCreateContactModule" name="CreateContact" time="15.268"/>
  <system-out/>
  <testcase classname="org.test.CustomerCreateContactModule" name="customerContactCount" time="0.217"/>
  <system-out/>
  <testcase classname="org.test.CustomerCreateContactModule" name="alreadyExistedMail" time="3.507"/>
  <system-out/>
  <testcase classname="org.test.CustomerCreateContactModule" name="characterFilterValidation" time="4.248"/>
  <system-out/>
  <testcase classname="org.test.CustomerCreateContactModule" name="searchListNameField" time="2.104"/>
  <system-out/>
  <testcase classname="org.test.CustomerCreateContactModule" name="searchListPhoneNumberField" time="2.018"/>
  <system-out/>
  <testcase classname="org.test.CustomerCreateContactModule" name="searchListEmailField" time="1.999"/>
  <system-out/>
  <testcase classname="org.test.CustomerCreateContactModule" name="filterField" time="2.739"/>
  <system-out/>
  <testcase classname="org.test.CustomerCreateContactModule" name="searchInvalidListName" time="2.199"/>
  <system-out/>
  <testcase classname="org.test.CustomerCreateContactModule" name="editLabel" time="5.465"/>
  <system-out/>
  <testcase classname="org.test.CustomerCreateContactModule" name="firstNamePrepopulate" time="0.104"/>
  <system-out/>
  <testcase classname="org.test.CustomerCreateContactModule" name="lastNamePrepopulate" time="0.106"/>
  <system-out/>
  <testcase classname="org.test.CustomerCreateContactModule" name="leadSourcePrepopulate" time="0.116"/>
  <system-out/>
  <testcase classname="org.test.CustomerCreateContactModule" name="emailPrepopulate" time="0.085"/>
  <system-out/>
  <testcase classname="org.test.CustomerCreateContactModule" name="taxNumberPrepopulate" time="0.103"/>
  <system-out/>
  <testcase classname="org.test.CustomerCreateContactModule" name="jobTittlePrepopulate" time="0.089"/>
  <system-out/>
  <testcase classname="org.test.CustomerCreateContactModule" name="phoneNumberPrepopulate" time="0.379"/>
  <system-out/>
  <testcase classname="org.test.CustomerCreateContactModule" name="propertyFirstNamePrepopulate" time="0.086"/>
  <system-out/>
  <testcase classname="org.test.CustomerCreateContactModule" name="propertyLastNamePrepopulate" time="0.085"/>
  <system-out/>
  <testcase classname="org.test.CustomerCreateContactModule" name="propertyNamePrepopulate" time="0.088"/>
  <system-out/>
  <testcase classname="org.test.CustomerCreateContactModule" name="locationAddress1Prepopulate" time="0.089"/>
  <system-out/>
  <testcase classname="org.test.CustomerCreateContactModule" name="locationAddress2Prepopulate" time="0.106"/>
  <system-out/>
  <testcase classname="org.test.CustomerCreateContactModule" name="locationCityPrepopulate" time="0.093"/>
  <system-out/>
  <testcase classname="org.test.CustomerCreateContactModule" name="locationStatePrepopulate" time="0.101"/>
  <system-out/>
  <testcase classname="org.test.CustomerCreateContactModule" name="locationZipcodePrepopulate" time="0.357"/>
  <system-out/>
  <testcase classname="org.test.CustomerCreateContactModule" name="productNamePrepopulate" time="0.103"/>
  <system-out/>
  <testcase classname="org.test.CustomerCreateContactModule" name="brandNamePrepopulate" time="0.130"/>
  <system-out/>
  <testcase classname="org.test.CustomerCreateContactModule" name="modelNumberPrepopulate" time="0.155"/>
  <system-out/>
  <testcase classname="org.test.CustomerCreateContactModule" name="serialNumberPrepopulate" time="0.096"/>
  <system-out/>
  <testcase classname="org.test.CustomerCreateContactModule" name="dateInstalledPrepopulate" time="0.279"/>
  <system-out/>
  <testcase classname="org.test.CustomerCreateContactModule" name="warrantyInformationPrepopulate" time="0.108"/>
  <system-out/>
  <testcase classname="org.test.CustomerCreateContactModule" name="accessHoursPrepopulate" time="0.081"/>
  <system-out/>
  <testcase classname="org.test.CustomerCreateContactModule" name="installationNotesPrepopulate" time="0.987"/>
  <system-out/>
  <testcase classname="org.test.CustomerCreateContactModule" name="editMandatoryValidation" time="0.484"/>
  <system-out/>
  <testcase classname="org.test.CustomerCreateContactModule" name="editMaxValidationFirstNameField" time="1.128"/>
  <system-out/>
  <testcase classname="org.test.CustomerCreateContactModule" name="editMaxValidationLastNameField" time="1.032"/>
  <system-out/>
  <testcase classname="org.test.CustomerCreateContactModule" name="editMaxValidationJobTittle" time="1.036"/>
  <system-out/>
  <testcase classname="org.test.CustomerCreateContactModule" name="editMaxValidationEmailField" time="0.976"/>
  <system-out/>
  <testcase classname="org.test.CustomerCreateContactModule" name="editInvalidValidationEmailField" time="0.369"/>
  <system-out/>
  <testcase classname="org.test.CustomerCreateContactModule" name="editmaxValidationTaxNumberField" time="5.047"/>
  <system-out/>
  <testcase classname="org.test.CustomerCreateContactModule" name="editSpecialCharacterPhoneNumberField" time="0.243"/>
  <system-out/>
  <testcase classname="org.test.CustomerCreateContactModule" name="editInvalidPhoneNumberField" time="0.223"/>
  <system-out/>
  <testcase classname="org.test.CustomerCreateContactModule" name="editInValidationPhoneNumberField" time="0.198"/>
  <system-out/>
  <testcase classname="org.test.CustomerCreateContactModule" name="editMaxValidationPhoneNumberField" time="0.964"/>
  <system-out/>
  <testcase classname="org.test.CustomerCreateContactModule" name="editMaxValidationPropertyFirstNameField" time="0.774"/>
  <system-out/>
  <testcase classname="org.test.CustomerCreateContactModule" name="editMaxValidationPropertyLastNameField" time="0.788"/>
  <system-out/>
  <testcase classname="org.test.CustomerCreateContactModule" name="editMaxValidationPropertyNameField" time="0.804"/>
  <system-out/>
  <testcase classname="org.test.CustomerCreateContactModule" name="editMaxValidationAddress1" time="0.769"/>
  <system-out/>
  <testcase classname="org.test.CustomerCreateContactModule" name="editMaxValidationAddress22Field" time="0.733"/>
  <system-out/>
  <testcase classname="org.test.CustomerCreateContactModule" name="editMaxValidationCityField" time="0.758"/>
  <system-out/>
  <testcase classname="org.test.CustomerCreateContactModule" name="editMaxValidationStateField" time="0.785"/>
  <system-out/>
  <testcase classname="org.test.CustomerCreateContactModule" name="editMinValidationZipcodeField" time="0.269"/>
  <system-out/>
  <testcase classname="org.test.CustomerCreateContactModule" name="editMaxValidationZipcodeField" time="0.288"/>
  <system-out/>
  <testcase classname="org.test.CustomerCreateContactModule" name="editSpecialCharacterZipcodeField" time="0.875"/>
  <system-out/>
  <testcase classname="org.test.CustomerCreateContactModule" name="editMaxValidationProductNameField" time="0.876"/>
  <system-out/>
  <testcase classname="org.test.CustomerCreateContactModule" name="editMaxValidationBrandNameField" time="0.942"/>
  <system-out/>
  <testcase classname="org.test.CustomerCreateContactModule" name="editMaxValdidationModelNumberField" time="0.937"/>
  <system-out/>
  <testcase classname="org.test.CustomerCreateContactModule" name="editMaxValidationSerialNumberField" time="0.880"/>
  <system-out/>
  <testcase classname="org.test.CustomerCreateContactModule" name="editDateValidation" time="8.184"/>
  <system-out/>
  <testcase classname="org.test.CustomerCreateContactModule" name="editMaxValidationAccessHoursField" time="1.407"/>
  <system-out/>
  <testcase classname="org.test.CustomerCreateContactModule" name="editMaxValidationInstallationNotesField" time="5.948"/>
  <system-out/>
  <testcase classname="org.test.CustomerCreateContactModule" name="editContactList" time="15.419"/>
  <system-out/>
  <testcase classname="org.test.CustomerCreateContactModule" name="deleteContactList" time="8.905"/>
  <system-out/>
</testsuite> <!-- org.test.CustomerCreateContactModule -->
