<?xml version="1.0" encoding="UTF-8"?>
<!-- Generated by org.testng.reporters.JUnitReportReporter -->
<testsuite hostname="DESKTOP-5M7AM2E" failures="0" tests="47" name="org.test.CustomerOrganizationJob" time="291.934" errors="0" timestamp="2023-03-03T09:33:40 IST" skipped="0">
  <testcase classname="org.test.CustomerOrganizationJob" name="loginPage" time="38.397"/>
  <system-out/>
  <testcase classname="org.test.CustomerOrganizationJob" name="contactModule" time="4.376"/>
  <system-out/>
  <testcase classname="org.test.CustomerOrganizationJob" name="createOrganization" time="25.673"/>
  <system-out/>
  <testcase classname="org.test.CustomerOrganizationJob" name="labelValidation" time="12.734"/>
  <system-out/>
  <testcase classname="org.test.CustomerOrganizationJob" name="namePrepopulation" time="1.750"/>
  <system-out/>
  <testcase classname="org.test.CustomerOrganizationJob" name="autoCompleteOrganizationContactCreation" time="11.046"/>
  <system-out/>
  <testcase classname="org.test.CustomerOrganizationJob" name="mandatoryValidationLocation" time="0.327"/>
  <system-out/>
  <testcase classname="org.test.CustomerOrganizationJob" name="maximumValidationLocation" time="6.885"/>
  <system-out/>
  <testcase classname="org.test.CustomerOrganizationJob" name="maximumValidationTittle" time="4.624"/>
  <system-out/>
  <testcase classname="org.test.CustomerOrganizationJob" name="mandatoryValidationDescription" time="0.056"/>
  <system-out/>
  <testcase classname="org.test.CustomerOrganizationJob" name="maximumValidationDescription" time="3.690"/>
  <system-out/>
  <testcase classname="org.test.CustomerOrganizationJob" name="maximumTagValidation" time="0.625"/>
  <system-out/>
  <testcase classname="org.test.CustomerOrganizationJob" name="duplicateTagsValidation" time="0.248"/>
  <system-out/>
  <testcase classname="org.test.CustomerOrganizationJob" name="maxTagLimitValidation" time="16.846"/>
  <system-out/>
  <testcase classname="org.test.CustomerOrganizationJob" name="maximumValidationNotes" time="5.238"/>
  <system-out/>
  <testcase classname="org.test.CustomerOrganizationJob" name="createButton" time="0.089"/>
  <system-out/>
  <testcase classname="org.test.CustomerOrganizationJob" name="unsssignedJob" time="14.869"/>
  <system-out/>
  <testcase classname="org.test.CustomerOrganizationJob" name="jobCreatedCount" time="0.165"/>
  <system-out/>
  <testcase classname="org.test.CustomerOrganizationJob" name="jobUnassignedStatus" time="0.127"/>
  <system-out/>
  <testcase classname="org.test.CustomerOrganizationJob" name="labelEditValidation" time="7.877"/>
  <system-out/>
  <testcase classname="org.test.CustomerOrganizationJob" name="editmandatoryValidationLocation" time="0.546"/>
  <system-out/>
  <testcase classname="org.test.CustomerOrganizationJob" name="editmaximumValidationLocation" time="6.574"/>
  <system-out/>
  <testcase classname="org.test.CustomerOrganizationJob" name="editmaximumValidationTittle" time="4.506"/>
  <system-out/>
  <testcase classname="org.test.CustomerOrganizationJob" name="editmandatoryValidationDescription" time="0.096"/>
  <system-out/>
  <testcase classname="org.test.CustomerOrganizationJob" name="editmaximumValidationDescription" time="3.796"/>
  <system-out/>
  <testcase classname="org.test.CustomerOrganizationJob" name="editmaximumTagValidation" time="0.586"/>
  <system-out/>
  <testcase classname="org.test.CustomerOrganizationJob" name="editduplicateTagsValidation" time="0.417"/>
  <system-out/>
  <testcase classname="org.test.CustomerOrganizationJob" name="editmaxTagLimitValidation" time="18.920"/>
  <system-out/>
  <testcase classname="org.test.CustomerOrganizationJob" name="editmaximumValidationNotes" time="5.306"/>
  <system-out/>
  <testcase classname="org.test.CustomerOrganizationJob" name="updateButton" time="0.089"/>
  <system-out/>
  <testcase classname="org.test.CustomerOrganizationJob" name="editJobwithFromDateFromTime" time="12.724"/>
  <system-out/>
  <testcase classname="org.test.CustomerOrganizationJob" name="createJob_FromDateandTime_ToDateandTime" time="17.327"/>
  <system-out/>
  <testcase classname="org.test.CustomerOrganizationJob" name="jobScheduleStatus" time="0.118"/>
  <system-out/>
  <testcase classname="org.test.CustomerOrganizationJob" name="dispatchedJob" time="9.712"/>
  <system-out/>
  <testcase classname="org.test.CustomerOrganizationJob" name="jobDispatchedStatus" time="0.120"/>
  <system-out/>
  <testcase classname="org.test.CustomerOrganizationJob" name="startedJob" time="9.140"/>
  <system-out/>
  <testcase classname="org.test.CustomerOrganizationJob" name="jobStartedStatus" time="0.141"/>
  <system-out/>
  <testcase classname="org.test.CustomerOrganizationJob" name="completedJob" time="9.191"/>
  <system-out/>
  <testcase classname="org.test.CustomerOrganizationJob" name="jobCompletedStatus" time="0.128"/>
  <system-out/>
  <testcase classname="org.test.CustomerOrganizationJob" name="cancelledJob" time="9.792"/>
  <system-out/>
  <testcase classname="org.test.CustomerOrganizationJob" name="jobCancelledStatus" time="0.157"/>
  <system-out/>
  <testcase classname="org.test.CustomerOrganizationJob" name="jobDraftStatus" time="11.034"/>
  <system-out/>
  <testcase classname="org.test.CustomerOrganizationJob" name="deletedJob" time="7.321"/>
  <system-out/>
  <testcase classname="org.test.CustomerOrganizationJob" name="searchJobNo" time="2.372"/>
  <system-out/>
  <testcase classname="org.test.CustomerOrganizationJob" name="searchLocation" time="2.041"/>
  <system-out/>
  <testcase classname="org.test.CustomerOrganizationJob" name="searchFilterByDate" time="2.212"/>
  <system-out/>
  <testcase classname="org.test.CustomerOrganizationJob" name="searchInvalid" time="1.926"/>
  <system-out/>
</testsuite> <!-- org.test.CustomerOrganizationJob -->
