<?xml version="1.0" encoding="UTF-8"?>
<!-- Generated by org.testng.reporters.JUnitReportReporter -->
<testsuite hostname="DESKTOP-5M7AM2E" failures="0" tests="38" name="org.test.ServiceModule" time="153.400" errors="0" timestamp="2023-06-09T16:40:32 IST" skipped="0">
  <testcase classname="org.test.ServiceModule" name="loginPage" time="30.300"/>
  <system-out/>
  <testcase classname="org.test.ServiceModule" name="settingModule" time="1.630"/>
  <system-out/>
  <testcase classname="org.test.ServiceModule" name="createFormLabel" time="2.041"/>
  <system-out/>
  <testcase classname="org.test.ServiceModule" name="mandatoryValidationServiceName" time="0.298"/>
  <system-out/>
  <testcase classname="org.test.ServiceModule" name="mandatoryValidationDescription" time="0.088"/>
  <system-out/>
  <testcase classname="org.test.ServiceModule" name="mandatoryValidationPrice" time="0.073"/>
  <system-out/>
  <testcase classname="org.test.ServiceModule" name="mandatoryValidationTaxName" time="0.802"/>
  <system-out/>
  <testcase classname="org.test.ServiceModule" name="mandatoryValidationTaxPercentage" time="0.074"/>
  <system-out/>
  <testcase classname="org.test.ServiceModule" name="maximumValidationServiceName" time="4.928"/>
  <system-out/>
  <testcase classname="org.test.ServiceModule" name="maximumValidationDescription" time="4.561"/>
  <system-out/>
  <testcase classname="org.test.ServiceModule" name="maximumValidationPrice" time="0.255"/>
  <system-out/>
  <testcase classname="org.test.ServiceModule" name="beforeDecimalPointPriceField" time="0.226"/>
  <system-out/>
  <testcase classname="org.test.ServiceModule" name="afterDecimalPointPriceField" time="0.237"/>
  <system-out/>
  <testcase classname="org.test.ServiceModule" name="beforeDecimalPointTaxPercentageField" time="0.412"/>
  <system-out/>
  <testcase classname="org.test.ServiceModule" name="afterDecimalPointTaxPercentageField" time="0.456"/>
  <system-out/>
  <testcase classname="org.test.ServiceModule" name="createButton" time="0.249"/>
  <system-out/>
  <testcase classname="org.test.ServiceModule" name="createProduct" time="8.898"/>
  <system-out/>
  <testcase classname="org.test.ServiceModule" name="editFormLabel" time="3.725"/>
  <system-out/>
  <testcase classname="org.test.ServiceModule" name="editmandatoryValidationServiceName" time="0.222"/>
  <system-out/>
  <testcase classname="org.test.ServiceModule" name="editmandatoryValidationDescription" time="0.071"/>
  <system-out/>
  <testcase classname="org.test.ServiceModule" name="editmandatoryValidationPrice" time="0.082"/>
  <system-out/>
  <testcase classname="org.test.ServiceModule" name="editmandatoryValidationTaxName" time="0.996"/>
  <system-out/>
  <testcase classname="org.test.ServiceModule" name="editmandatoryValidationTaxPercentage" time="0.080"/>
  <system-out/>
  <testcase classname="org.test.ServiceModule" name="editmaximumValidationProductName" time="5.204"/>
  <system-out/>
  <testcase classname="org.test.ServiceModule" name="editmaximumValidationDescription" time="4.447"/>
  <system-out/>
  <testcase classname="org.test.ServiceModule" name="editmaximumValidationPrice" time="0.251"/>
  <system-out/>
  <testcase classname="org.test.ServiceModule" name="editbeforeDecimalPointPriceField" time="0.217"/>
  <system-out/>
  <testcase classname="org.test.ServiceModule" name="editafterDecimalPointPriceField" time="0.228"/>
  <system-out/>
  <testcase classname="org.test.ServiceModule" name="editbeforeDecimalPointTaxPercentageField" time="0.429"/>
  <system-out/>
  <testcase classname="org.test.ServiceModule" name="editafterDecimalPointTaxPercentageField" time="0.415"/>
  <system-out/>
  <testcase classname="org.test.ServiceModule" name="updateButton" time="0.266"/>
  <system-out/>
  <testcase classname="org.test.ServiceModule" name="updateProduct" time="8.820"/>
  <system-out/>
  <testcase classname="org.test.ServiceModule" name="searchServiceName" time="1.289"/>
  <system-out/>
  <testcase classname="org.test.ServiceModule" name="searchInvalid" time="1.385"/>
  <system-out/>
  <testcase classname="org.test.ServiceModule" name="deletedService" time="16.068"/>
  <system-out/>
  <testcase classname="org.test.ServiceModule" name="reflectQuotePage" time="22.450"/>
  <system-out/>
  <testcase classname="org.test.ServiceModule" name="inactiveProduct" time="22.837"/>
  <system-out/>
  <testcase classname="org.test.ServiceModule" name="deleteProduct" time="8.390"/>
  <system-out/>
</testsuite> <!-- org.test.ServiceModule -->
