<?xml version="1.0" encoding="UTF-8"?>
<!-- Generated by org.testng.reporters.JUnitReportReporter -->
<testsuite hostname="DESKTOP-5M7AM2E" failures="0" tests="5" name="org.enhancement.CustomerContactInvoice" time="72.402" errors="0" timestamp="2023-04-23T20:36:39 IST" skipped="0">
  <testcase classname="org.enhancement.CustomerContactInvoice" name="loginPage" time="21.733"/>
  <system-out/>
  <testcase classname="org.enhancement.CustomerContactInvoice" name="contactModule" time="7.713"/>
  <system-out/>
  <testcase classname="org.enhancement.CustomerContactInvoice" name="CreateContact" time="17.244"/>
  <system-out/>
  <testcase classname="org.enhancement.CustomerContactInvoice" name="labelValidation" time="9.167"/>
  <system-out/>
  <testcase classname="org.enhancement.CustomerContactInvoice" name="createInvoice" time="16.545"/>
  <system-out/>
</testsuite> <!-- org.enhancement.CustomerContactInvoice -->
