<?xml version="1.0" encoding="UTF-8"?>
<!-- Generated by org.testng.reporters.JUnitReportReporter -->
<testsuite hostname="DESKTOP-5M7AM2E" failures="0" tests="28" name="org.enhancement.TeamUserContractor" time="410.152" errors="0" timestamp="2023-06-04T11:22:12 IST" skipped="0">
  <testcase classname="org.enhancement.TeamUserContractor" name="verify" time="25.390"/>
  <system-out/>
  <testcase classname="org.enhancement.TeamUserContractor" name="TeamUserPage" time="12.632"/>
  <system-out/>
  <testcase classname="org.enhancement.TeamUserContractor" name="landingOnCreateForm" time="0.683"/>
  <system-out/>
  <testcase classname="org.enhancement.TeamUserContractor" name="userCreate" time="14.368"/>
  <system-out/>
  <testcase classname="org.enhancement.TeamUserContractor" name="userCreate" time="14.680"/>
  <system-out/>
  <testcase classname="org.enhancement.TeamUserContractor" name="userCreate" time="13.963"/>
  <system-out/>
  <testcase classname="org.enhancement.TeamUserContractor" name="userCreate" time="18.530"/>
  <system-out/>
  <testcase classname="org.enhancement.TeamUserContractor" name="userCreate" time="14.723"/>
  <system-out/>
  <testcase classname="org.enhancement.TeamUserContractor" name="userCreate" time="14.258"/>
  <system-out/>
  <testcase classname="org.enhancement.TeamUserContractor" name="userCreate" time="16.191"/>
  <system-out/>
  <testcase classname="org.enhancement.TeamUserContractor" name="userCreate" time="13.757"/>
  <system-out/>
  <testcase classname="org.enhancement.TeamUserContractor" name="userCreate" time="15.309"/>
  <system-out/>
  <testcase classname="org.enhancement.TeamUserContractor" name="userCreate" time="14.053"/>
  <system-out/>
  <testcase classname="org.enhancement.TeamUserContractor" name="userCreate" time="14.074"/>
  <system-out/>
  <testcase classname="org.enhancement.TeamUserContractor" name="userCreate" time="14.230"/>
  <system-out/>
  <testcase classname="org.enhancement.TeamUserContractor" name="userCreate" time="16.852"/>
  <system-out/>
  <testcase classname="org.enhancement.TeamUserContractor" name="userCreate" time="14.663"/>
  <system-out/>
  <testcase classname="org.enhancement.TeamUserContractor" name="userCreate" time="15.098"/>
  <system-out/>
  <testcase classname="org.enhancement.TeamUserContractor" name="userCreate" time="17.172"/>
  <system-out/>
  <testcase classname="org.enhancement.TeamUserContractor" name="userCreate" time="14.117"/>
  <system-out/>
  <testcase classname="org.enhancement.TeamUserContractor" name="userCreate" time="14.571"/>
  <system-out/>
  <testcase classname="org.enhancement.TeamUserContractor" name="userCreate" time="14.569"/>
  <system-out/>
  <testcase classname="org.enhancement.TeamUserContractor" name="userCreate" time="14.292"/>
  <system-out/>
  <testcase classname="org.enhancement.TeamUserContractor" name="userCreate" time="14.066"/>
  <system-out/>
  <testcase classname="org.enhancement.TeamUserContractor" name="userCreate" time="15.227"/>
  <system-out/>
  <testcase classname="org.enhancement.TeamUserContractor" name="userCreate" time="14.078"/>
  <system-out/>
  <testcase classname="org.enhancement.TeamUserContractor" name="userCreate" time="14.027"/>
  <system-out/>
  <testcase classname="org.enhancement.TeamUserContractor" name="userCreate" time="14.579"/>
  <system-out/>
</testsuite> <!-- org.enhancement.TeamUserContractor -->
