<?xml version="1.0" encoding="UTF-8"?>
<!-- Generated by org.testng.reporters.JUnitReportReporter -->
<testsuite hostname="DESKTOP-5M7AM2E" failures="0" tests="29" name="org.test.CustomerContactJob" time="162.036" errors="0" timestamp="2023-01-18T10:55:52 IST" skipped="0">
  <testcase classname="org.test.CustomerContactJob" name="loginPage" time="19.577"/>
  <system-out/>
  <testcase classname="org.test.CustomerContactJob" name="contactModule" time="8.534"/>
  <system-out/>
  <testcase classname="org.test.CustomerContactJob" name="CreateContact" time="13.027"/>
  <system-out/>
  <testcase classname="org.test.CustomerContactJob" name="labelValidation" time="6.461"/>
  <system-out/>
  <testcase classname="org.test.CustomerContactJob" name="maximumValidationTittle" time="6.836"/>
  <system-out/>
  <testcase classname="org.test.CustomerContactJob" name="mandatoryValidationDescription" time="0.141"/>
  <system-out/>
  <testcase classname="org.test.CustomerContactJob" name="maximumValidationDescription" time="5.080"/>
  <system-out/>
  <testcase classname="org.test.CustomerContactJob" name="maximumTagValidation" time="0.832"/>
  <system-out/>
  <testcase classname="org.test.CustomerContactJob" name="duplicateTagsValidation" time="0.400"/>
  <system-out/>
  <testcase classname="org.test.CustomerContactJob" name="maxTagLimitValidation" time="8.413"/>
  <system-out/>
  <testcase classname="org.test.CustomerContactJob" name="maximumValidationNotes" time="4.932"/>
  <system-out/>
  <testcase classname="org.test.CustomerContactJob" name="unsssignedJob" time="10.815"/>
  <system-out/>
  <testcase classname="org.test.CustomerContactJob" name="jobUnassignedStatus" time="1.600"/>
  <system-out/>
  <testcase classname="org.test.CustomerContactJob" name="editJobwithFromDateFromTime" time="18.519"/>
  <system-out/>
  <testcase classname="org.test.CustomerContactJob" name="createJob_FromDateandTime_ToDateandTime" time="16.584"/>
  <system-out/>
  <testcase classname="org.test.CustomerContactJob" name="jobScheduleStatus" time="1.632"/>
  <system-out/>
  <testcase classname="org.test.CustomerContactJob" name="dispatchedJob" time="3.988"/>
  <system-out/>
  <testcase classname="org.test.CustomerContactJob" name="jobDispatchedStatus" time="0.054"/>
  <system-out/>
  <testcase classname="org.test.CustomerContactJob" name="startedJob" time="3.451"/>
  <system-out/>
  <testcase classname="org.test.CustomerContactJob" name="jobStartedStatus" time="0.055"/>
  <system-out/>
  <testcase classname="org.test.CustomerContactJob" name="completedJob" time="3.481"/>
  <system-out/>
  <testcase classname="org.test.CustomerContactJob" name="cancelledJob" time="3.490"/>
  <system-out/>
  <testcase classname="org.test.CustomerContactJob" name="jobCancelledStatus" time="0.583"/>
  <system-out/>
  <testcase classname="org.test.CustomerContactJob" name="jobDraftStatus" time="8.693"/>
  <system-out/>
  <testcase classname="org.test.CustomerContactJob" name="deletedJob" time="1.957"/>
  <system-out/>
  <testcase classname="org.test.CustomerContactJob" name="searchJobNo" time="2.956"/>
  <system-out/>
  <testcase classname="org.test.CustomerContactJob" name="searchLocation" time="3.884"/>
  <system-out/>
  <testcase classname="org.test.CustomerContactJob" name="searchFilterByDate" time="4.367"/>
  <system-out/>
  <testcase classname="org.test.CustomerContactJob" name="searchInvalid" time="1.694"/>
  <system-out/>
</testsuite> <!-- org.test.CustomerContactJob -->
