<?xml version="1.0" encoding="UTF-8"?>
<!-- Generated by org.testng.reporters.JUnitReportReporter -->
<testsuite hostname="DESKTOP-5M7AM2E" failures="0" tests="4" name="org.enhancement.CustomerContactModule" time="44.869" errors="0" timestamp="2023-04-23T20:36:39 IST" skipped="0">
  <testcase classname="org.enhancement.CustomerContactModule" name="loginPage" time="25.408"/>
  <system-out/>
  <testcase classname="org.enhancement.CustomerContactModule" name="contactModule" time="5.030"/>
  <system-out/>
  <testcase classname="org.enhancement.CustomerContactModule" name="createLabel" time="0.591"/>
  <system-out/>
  <testcase classname="org.enhancement.CustomerContactModule" name="CreateContact" time="13.840"/>
  <system-out/>
</testsuite> <!-- org.enhancement.CustomerContactModule -->
