<?xml version="1.0" encoding="UTF-8"?>
<!-- Generated by org.testng.reporters.JUnitReportReporter -->
<testsuite hostname="DESKTOP-5M7AM2E" failures="0" tests="132" name="org.test.CustomerCreateOrganizationModule" time="258.691" errors="0" timestamp="2023-06-26T12:02:39 IST" skipped="0">
  <testcase classname="org.test.CustomerCreateOrganizationModule" name="loginPage" time="26.597"/>
  <system-out/>
  <testcase classname="org.test.CustomerCreateOrganizationModule" name="modulePage" time="4.755"/>
  <system-out/>
  <testcase classname="org.test.CustomerCreateOrganizationModule" name="createLabel" time="0.607"/>
  <system-out/>
  <testcase classname="org.test.CustomerCreateOrganizationModule" name="maxValidation" time="2.629"/>
  <system-out/>
  <testcase classname="org.test.CustomerCreateOrganizationModule" name="maxValidationOrganizationField" time="1.206"/>
  <system-out/>
  <testcase classname="org.test.CustomerCreateOrganizationModule" name="maxValidationWebsiteField" time="5.084"/>
  <system-out/>
  <testcase classname="org.test.CustomerCreateOrganizationModule" name="maxValidationAddress1Field" time="0.958"/>
  <system-out/>
  <testcase classname="org.test.CustomerCreateOrganizationModule" name="maxValidationAddress2Field" time="1.015"/>
  <system-out/>
  <testcase classname="org.test.CustomerCreateOrganizationModule" name="maxValidationCityField" time="0.928"/>
  <system-out/>
  <testcase classname="org.test.CustomerCreateOrganizationModule" name="maxValidationStateField" time="0.833"/>
  <system-out/>
  <testcase classname="org.test.CustomerCreateOrganizationModule" name="minValidationZipcodeField" time="0.290"/>
  <system-out/>
  <testcase classname="org.test.CustomerCreateOrganizationModule" name="maxValidationZipcodeField" time="0.309"/>
  <system-out/>
  <testcase classname="org.test.CustomerCreateOrganizationModule" name="specialCharacterZipcodeField" time="0.305"/>
  <system-out/>
  <testcase classname="org.test.CustomerCreateOrganizationModule" name="emailValidation" time="0.331"/>
  <system-out/>
  <testcase classname="org.test.CustomerCreateOrganizationModule" name="maxValidationEmailField" time="0.995"/>
  <system-out/>
  <testcase classname="org.test.CustomerCreateOrganizationModule" name="maxValidationTaxNumberField" time="4.866"/>
  <system-out/>
  <testcase classname="org.test.CustomerCreateOrganizationModule" name="invalidPhoneNumberField" time="0.323"/>
  <system-out/>
  <testcase classname="org.test.CustomerCreateOrganizationModule" name="minValidationPhoneNumberField" time="0.269"/>
  <system-out/>
  <testcase classname="org.test.CustomerCreateOrganizationModule" name="maxValidationPhoneNumberField" time="0.602"/>
  <system-out/>
  <testcase classname="org.test.CustomerCreateOrganizationModule" name="maxValidationContactFirstNameField" time="0.948"/>
  <system-out/>
  <testcase classname="org.test.CustomerCreateOrganizationModule" name="maxValidationContactLastNameField" time="1.003"/>
  <system-out/>
  <testcase classname="org.test.CustomerCreateOrganizationModule" name="maxValidationContactEmailField" time="1.035"/>
  <system-out/>
  <testcase classname="org.test.CustomerCreateOrganizationModule" name="validateContactEmailField" time="0.284"/>
  <system-out/>
  <testcase classname="org.test.CustomerCreateOrganizationModule" name="minValidationContactPhoneNumberField" time="0.325"/>
  <system-out/>
  <testcase classname="org.test.CustomerCreateOrganizationModule" name="maxValidationContactPhoneNumberField" time="0.352"/>
  <system-out/>
  <testcase classname="org.test.CustomerCreateOrganizationModule" name="invalidContactPhoneNumberField" time="0.269"/>
  <system-out/>
  <testcase classname="org.test.CustomerCreateOrganizationModule" name="maxValidationJobTittleField" time="1.240"/>
  <system-out/>
  <testcase classname="org.test.CustomerCreateOrganizationModule" name="maxValidationPropertyNameField" time="0.993"/>
  <system-out/>
  <testcase classname="org.test.CustomerCreateOrganizationModule" name="maxValidationPropertyFirstNameField" time="1.065"/>
  <system-out/>
  <testcase classname="org.test.CustomerCreateOrganizationModule" name="maxValidationPropertyLastNameField" time="0.987"/>
  <system-out/>
  <testcase classname="org.test.CustomerCreateOrganizationModule" name="maxValidationPropertyAddress1Field" time="1.025"/>
  <system-out/>
  <testcase classname="org.test.CustomerCreateOrganizationModule" name="maxValidationPropertyAddress2Field" time="1.053"/>
  <system-out/>
  <testcase classname="org.test.CustomerCreateOrganizationModule" name="maxValidationPropertyStateField" time="0.964"/>
  <system-out/>
  <testcase classname="org.test.CustomerCreateOrganizationModule" name="maxValidationPropertyCityField" time="0.975"/>
  <system-out/>
  <testcase classname="org.test.CustomerCreateOrganizationModule" name="specialCharacterPropertyZipcodeField" time="0.298"/>
  <system-out/>
  <testcase classname="org.test.CustomerCreateOrganizationModule" name="minValidationPropertyZipCodeField" time="0.288"/>
  <system-out/>
  <testcase classname="org.test.CustomerCreateOrganizationModule" name="maxValidationPropertyZipCodeField" time="0.571"/>
  <system-out/>
  <testcase classname="org.test.CustomerCreateOrganizationModule" name="maxValidationProductNameField" time="0.986"/>
  <system-out/>
  <testcase classname="org.test.CustomerCreateOrganizationModule" name="maxValidationBrandNameField" time="1.031"/>
  <system-out/>
  <testcase classname="org.test.CustomerCreateOrganizationModule" name="maxValidationModelNumberField" time="0.957"/>
  <system-out/>
  <testcase classname="org.test.CustomerCreateOrganizationModule" name="maxValidationSerialNumberField" time="1.028"/>
  <system-out/>
  <testcase classname="org.test.CustomerCreateOrganizationModule" name="dateValidation" time="7.912"/>
  <system-out/>
  <testcase classname="org.test.CustomerCreateOrganizationModule" name="maxValidationAccessHoursField" time="1.057"/>
  <system-out/>
  <testcase classname="org.test.CustomerCreateOrganizationModule" name="maxValidationInstallationNotesField" time="5.059"/>
  <system-out/>
  <testcase classname="org.test.CustomerCreateOrganizationModule" name="createOrganization" time="48.392"/>
  <system-out/>
  <testcase classname="org.test.CustomerCreateOrganizationModule" name="customerOrganizationCount" time="0.117"/>
  <system-out/>
  <testcase classname="org.test.CustomerCreateOrganizationModule" name="organizationNameAlreadyExistValidation" time="2.485"/>
  <system-out/>
  <testcase classname="org.test.CustomerCreateOrganizationModule" name="alreadyExistedEmail" time="5.227"/>
  <system-out/>
  <testcase classname="org.test.CustomerCreateOrganizationModule" name="characterListValidation" time="3.032"/>
  <system-out/>
  <testcase classname="org.test.CustomerCreateOrganizationModule" name="searchOrganizationNameListValidation" time="1.362"/>
  <system-out/>
  <testcase classname="org.test.CustomerCreateOrganizationModule" name="searchPhoneNumberListValidation" time="1.369"/>
  <system-out/>
  <testcase classname="org.test.CustomerCreateOrganizationModule" name="searchEmailListValidation" time="1.365"/>
  <system-out/>
  <testcase classname="org.test.CustomerCreateOrganizationModule" name="filterListValidation" time="2.015"/>
  <system-out/>
  <testcase classname="org.test.CustomerCreateOrganizationModule" name="filterIndustryField" time="0.674"/>
  <system-out/>
  <testcase classname="org.test.CustomerCreateOrganizationModule" name="searchInvalid" time="3.636"/>
  <system-out/>
  <testcase classname="org.test.CustomerCreateOrganizationModule" name="editLabel" time="4.210"/>
  <system-out/>
  <testcase classname="org.test.CustomerCreateOrganizationModule" name="organizationNamePrepopulate" time="0.088"/>
  <system-out/>
  <testcase classname="org.test.CustomerCreateOrganizationModule" name="websitePrepopulate" time="0.079"/>
  <system-out/>
  <testcase classname="org.test.CustomerCreateOrganizationModule" name="Address1Prepopulate" time="0.105"/>
  <system-out/>
  <testcase classname="org.test.CustomerCreateOrganizationModule" name="Address2Prepopulate" time="0.095"/>
  <system-out/>
  <testcase classname="org.test.CustomerCreateOrganizationModule" name="CityPrepopulate" time="0.081"/>
  <system-out/>
  <testcase classname="org.test.CustomerCreateOrganizationModule" name="StatePrepopulate" time="0.090"/>
  <system-out/>
  <testcase classname="org.test.CustomerCreateOrganizationModule" name="ZipcodePrepopulate" time="0.080"/>
  <system-out/>
  <testcase classname="org.test.CustomerCreateOrganizationModule" name="leadSourcePrepopulate" time="0.125"/>
  <system-out/>
  <testcase classname="org.test.CustomerCreateOrganizationModule" name="taxNumberPrepopulate" time="0.118"/>
  <system-out/>
  <testcase classname="org.test.CustomerCreateOrganizationModule" name="industryTypePrepopulate" time="0.148"/>
  <system-out/>
  <testcase classname="org.test.CustomerCreateOrganizationModule" name="phoneNumberPrepopulate" time="0.370"/>
  <system-out/>
  <testcase classname="org.test.CustomerCreateOrganizationModule" name="firstNamePrepopulate" time="0.321"/>
  <system-out/>
  <testcase classname="org.test.CustomerCreateOrganizationModule" name="lastNamePrepopulate" time="0.282"/>
  <system-out/>
  <testcase classname="org.test.CustomerCreateOrganizationModule" name="emailPrepopulate" time="0.254"/>
  <system-out/>
  <testcase classname="org.test.CustomerCreateOrganizationModule" name="jobTittlePrepopulate" time="0.254"/>
  <system-out/>
  <testcase classname="org.test.CustomerCreateOrganizationModule" name="contactphoneNumberPrepopulate" time="0.492"/>
  <system-out/>
  <testcase classname="org.test.CustomerCreateOrganizationModule" name="propertyFirstNamePrepopulate" time="0.077"/>
  <system-out/>
  <testcase classname="org.test.CustomerCreateOrganizationModule" name="propertyLastNamePrepopulate" time="0.063"/>
  <system-out/>
  <testcase classname="org.test.CustomerCreateOrganizationModule" name="propertyNamePrepopulate" time="0.085"/>
  <system-out/>
  <testcase classname="org.test.CustomerCreateOrganizationModule" name="locationAddress1Prepopulate" time="0.075"/>
  <system-out/>
  <testcase classname="org.test.CustomerCreateOrganizationModule" name="locationAddress2Prepopulate" time="0.067"/>
  <system-out/>
  <testcase classname="org.test.CustomerCreateOrganizationModule" name="locationCityPrepopulate" time="0.076"/>
  <system-out/>
  <testcase classname="org.test.CustomerCreateOrganizationModule" name="locationStatePrepopulate" time="0.091"/>
  <system-out/>
  <testcase classname="org.test.CustomerCreateOrganizationModule" name="locationZipcodePrepopulate" time="0.361"/>
  <system-out/>
  <testcase classname="org.test.CustomerCreateOrganizationModule" name="productNamePrepopulate" time="0.083"/>
  <system-out/>
  <testcase classname="org.test.CustomerCreateOrganizationModule" name="brandNamePrepopulate" time="0.149"/>
  <system-out/>
  <testcase classname="org.test.CustomerCreateOrganizationModule" name="modelNumberPrepopulate" time="0.083"/>
  <system-out/>
  <testcase classname="org.test.CustomerCreateOrganizationModule" name="serialNumberPrepopulate" time="0.083"/>
  <system-out/>
  <testcase classname="org.test.CustomerCreateOrganizationModule" name="dateInstalledPrepopulate" time="0.226"/>
  <system-out/>
  <testcase classname="org.test.CustomerCreateOrganizationModule" name="warrantyInformationPrepopulate" time="0.072"/>
  <system-out/>
  <testcase classname="org.test.CustomerCreateOrganizationModule" name="accessHoursPrepopulate" time="0.074"/>
  <system-out/>
  <testcase classname="org.test.CustomerCreateOrganizationModule" name="installationNotesPrepopulate" time="1.304"/>
  <system-out/>
  <testcase classname="org.test.CustomerCreateOrganizationModule" name="editmaxValidation" time="0.125"/>
  <system-out/>
  <testcase classname="org.test.CustomerCreateOrganizationModule" name="editmaxValidationOrganizationField" time="3.696"/>
  <system-out/>
  <testcase classname="org.test.CustomerCreateOrganizationModule" name="editmaxValidationWebsiteField" time="6.346"/>
  <system-out/>
  <testcase classname="org.test.CustomerCreateOrganizationModule" name="editmaxValidationAddress1Field" time="1.260"/>
  <system-out/>
  <testcase classname="org.test.CustomerCreateOrganizationModule" name="editmaxValidationAddress2Field" time="1.228"/>
  <system-out/>
  <testcase classname="org.test.CustomerCreateOrganizationModule" name="editmaxValidationCityField" time="1.179"/>
  <system-out/>
  <testcase classname="org.test.CustomerCreateOrganizationModule" name="editmaxValidationStateField" time="0.992"/>
  <system-out/>
  <testcase classname="org.test.CustomerCreateOrganizationModule" name="editminValidationZipcodeField" time="0.325"/>
  <system-out/>
  <testcase classname="org.test.CustomerCreateOrganizationModule" name="editmaxValidationZipcodeField" time="0.326"/>
  <system-out/>
  <testcase classname="org.test.CustomerCreateOrganizationModule" name="editspecialCharacterZipcodeField" time="0.335"/>
  <system-out/>
  <testcase classname="org.test.CustomerCreateOrganizationModule" name="editemailValidation" time="0.331"/>
  <system-out/>
  <testcase classname="org.test.CustomerCreateOrganizationModule" name="editmaxValidationTaxNumberField" time="5.789"/>
  <system-out/>
  <testcase classname="org.test.CustomerCreateOrganizationModule" name="editmaxValidationEmailField" time="0.973"/>
  <system-out/>
  <testcase classname="org.test.CustomerCreateOrganizationModule" name="editinvalidPhoneNumberField" time="0.389"/>
  <system-out/>
  <testcase classname="org.test.CustomerCreateOrganizationModule" name="editminValidationPhoneNumberField" time="0.291"/>
  <system-out/>
  <testcase classname="org.test.CustomerCreateOrganizationModule" name="editmaxValidationPhoneNumberField" time="1.160"/>
  <system-out/>
  <testcase classname="org.test.CustomerCreateOrganizationModule" name="editmaxValidationContactFirstNameField" time="1.301"/>
  <system-out/>
  <testcase classname="org.test.CustomerCreateOrganizationModule" name="editmaxValidationContactLastNameField" time="1.178"/>
  <system-out/>
  <testcase classname="org.test.CustomerCreateOrganizationModule" name="editmaxValidationContactEmailField" time="1.256"/>
  <system-out/>
  <testcase classname="org.test.CustomerCreateOrganizationModule" name="editvalidateContactEmailField" time="0.329"/>
  <system-out/>
  <testcase classname="org.test.CustomerCreateOrganizationModule" name="editminValidationContactPhoneNumberField" time="0.332"/>
  <system-out/>
  <testcase classname="org.test.CustomerCreateOrganizationModule" name="editmaxValidationContactPhoneNumberField" time="0.396"/>
  <system-out/>
  <testcase classname="org.test.CustomerCreateOrganizationModule" name="editinvalidContactPhoneNumberField" time="0.368"/>
  <system-out/>
  <testcase classname="org.test.CustomerCreateOrganizationModule" name="editmaxValidationJobTittleField" time="1.955"/>
  <system-out/>
  <testcase classname="org.test.CustomerCreateOrganizationModule" name="editmaxValidationPropertyNameField" time="1.532"/>
  <system-out/>
  <testcase classname="org.test.CustomerCreateOrganizationModule" name="editmaxValidationPropertyFirstNameField" time="1.343"/>
  <system-out/>
  <testcase classname="org.test.CustomerCreateOrganizationModule" name="editmaxValidationPropertyLastNameField" time="1.074"/>
  <system-out/>
  <testcase classname="org.test.CustomerCreateOrganizationModule" name="editmaxValidationPropertyAddress1Field" time="1.179"/>
  <system-out/>
  <testcase classname="org.test.CustomerCreateOrganizationModule" name="editmaxValidationPropertyAddress2Field" time="1.250"/>
  <system-out/>
  <testcase classname="org.test.CustomerCreateOrganizationModule" name="editmaxValidationPropertyStateField" time="1.085"/>
  <system-out/>
  <testcase classname="org.test.CustomerCreateOrganizationModule" name="editmaxValidationPropertyCityField" time="1.117"/>
  <system-out/>
  <testcase classname="org.test.CustomerCreateOrganizationModule" name="editspecialCharacterPropertyZipcodeField" time="0.357"/>
  <system-out/>
  <testcase classname="org.test.CustomerCreateOrganizationModule" name="editminValidationPropertyZipCodeField" time="0.427"/>
  <system-out/>
  <testcase classname="org.test.CustomerCreateOrganizationModule" name="editmaxValidationPropertyZipCodeField" time="1.266"/>
  <system-out/>
  <testcase classname="org.test.CustomerCreateOrganizationModule" name="editmaxValidationProductNameField" time="1.265"/>
  <system-out/>
  <testcase classname="org.test.CustomerCreateOrganizationModule" name="editmaxValidationBrandNameField" time="1.139"/>
  <system-out/>
  <testcase classname="org.test.CustomerCreateOrganizationModule" name="editmaxValidationModelNumberField" time="1.240"/>
  <system-out/>
  <testcase classname="org.test.CustomerCreateOrganizationModule" name="editmaxValidationSerialNumberField" time="1.272"/>
  <system-out/>
  <testcase classname="org.test.CustomerCreateOrganizationModule" name="editdateValidation" time="8.077"/>
  <system-out/>
  <testcase classname="org.test.CustomerCreateOrganizationModule" name="editmaxValidationAccessHoursField" time="1.281"/>
  <system-out/>
  <testcase classname="org.test.CustomerCreateOrganizationModule" name="editmaxValidationInstallationNotesField" time="6.304"/>
  <system-out/>
  <testcase classname="org.test.CustomerCreateOrganizationModule" name="checkResponseCode" time="3.099"/>
  <system-out/>
  <testcase classname="org.test.CustomerCreateOrganizationModule" name="editOrganization" time="19.936"/>
  <system-out/>
  <testcase classname="org.test.CustomerCreateOrganizationModule" name="deleteContactList" time="8.146"/>
  <system-out/>
</testsuite> <!-- org.test.CustomerCreateOrganizationModule -->
