<?xml version="1.0" encoding="UTF-8"?>
<!-- Generated by org.testng.reporters.JUnitReportReporter -->
<<<<<<< HEAD
<testsuite hostname="DESKTOP-5M7AM2E" failures="0" tests="4" name="org.enhancement.CategoryModule" time="48.293" errors="0" timestamp="2023-05-22T20:03:10 IST" skipped="0">
  <testcase classname="org.enhancement.CategoryModule" name="loginPage" time="36.096"/>
  <system-out/>
  <testcase classname="org.enhancement.CategoryModule" name="settingModule" time="1.598"/>
  <system-out/>
  <testcase classname="org.enhancement.CategoryModule" name="createFormLabel" time="1.871"/>
  <system-out/>
  <testcase classname="org.enhancement.CategoryModule" name="createCategoryProduct" time="8.728"/>
=======
<testsuite hostname="DESKTOP-5M7AM2E" failures="0" tests="4" name="org.enhancement.CategoryModule" time="37.771" errors="0" timestamp="2023-05-25T11:49:57 IST" skipped="0">
  <testcase classname="org.enhancement.CategoryModule" name="loginPage" time="25.299"/>
  <system-out/>
  <testcase classname="org.enhancement.CategoryModule" name="settingModule" time="2.035"/>
  <system-out/>
  <testcase classname="org.enhancement.CategoryModule" name="createFormLabel" time="1.994"/>
  <system-out/>
  <testcase classname="org.enhancement.CategoryModule" name="createCategoryProduct" time="8.443"/>
>>>>>>> c5699b793ecef34ca60eb49f33139d209ba1ec97
  <system-out/>
</testsuite> <!-- org.enhancement.CategoryModule -->
