<?xml version="1.0" encoding="UTF-8"?>
<!-- Generated by org.testng.reporters.JUnitReportReporter -->
<testsuite hostname="DESKTOP-5M7AM2E" failures="0" tests="8" name="org.enhancement.ProductModule" time="89.909" errors="0" timestamp="2023-06-19T18:33:28 IST" skipped="0">
  <testcase classname="org.enhancement.ProductModule" name="loginPage" time="38.973"/>
  <system-out/>
  <testcase classname="org.enhancement.ProductModule" name="settingModule" time="1.560"/>
  <system-out/>
  <testcase classname="org.enhancement.ProductModule" name="createFormLabel" time="2.085"/>
  <system-out/>
  <testcase classname="org.enhancement.ProductModule" name="createProduct" time="8.748"/>
  <system-out/>
  <testcase classname="org.enhancement.ProductModule" name="createProduct" time="9.633"/>
  <system-out/>
  <testcase classname="org.enhancement.ProductModule" name="createProduct" time="9.618"/>
  <system-out/>
  <testcase classname="org.enhancement.ProductModule" name="createProduct" time="9.693"/>
  <system-out/>
  <testcase classname="org.enhancement.ProductModule" name="createProduct" time="9.599"/>
  <system-out/>
</testsuite> <!-- org.enhancement.ProductModule -->
