<?xml version="1.0" encoding="UTF-8"?>
<!-- Generated by org.testng.reporters.JUnitReportReporter -->
<testsuite hostname="DESKTOP-5M7AM2E" failures="0" tests="73" name="org.test.CustomerContactInvoice" time="29.590" errors="2" timestamp="2023-06-23T15:22:45 IST" skipped="71">
  <testcase classname="org.test.CustomerContactInvoice" name="loginPage" time="29.588">
    <error message="no such window: target window already closed
from unknown error: web view not found
  (Session info: chrome=114.0.5735.134)
Build info: version: &#039;3.141.5&#039;, revision: &#039;d54ebd709a&#039;, time: &#039;2018-11-06T11:42:16&#039;
System info: host: &#039;DESKTOP-5M7AM2E&#039;, ip: &#039;192.168.56.1&#039;, os.name: &#039;Windows 11&#039;, os.arch: &#039;amd64&#039;, os.version: &#039;10.0&#039;, java.version: &#039;17.0.3&#039;
Driver info: org.openqa.selenium.chrome.ChromeDriver
Capabilities {acceptInsecureCerts: false, browserName: chrome, browserVersion: 114.0.5735.134, chrome: {chromedriverVersion: 114.0.5735.90 (386bc09e8f4f..., userDataDir: C:\Users\ZAIGOP~1\AppData\L...}, goog:chromeOptions: {debuggerAddress: localhost:58322}, javascriptEnabled: true, networkConnectionEnabled: false, pageLoadStrategy: normal, platform: WINDOWS, platformName: WINDOWS, proxy: Proxy(), setWindowRect: true, strictFileInteractability: false, timeouts: {implicit: 0, pageLoad: 300000, script: 30000}, unhandledPromptBehavior: dismiss and notify, webauthn:extension:credBlob: true, webauthn:extension:largeBlob: true, webauthn:extension:minPinLength: true, webauthn:extension:prf: true, webauthn:virtualAuthenticators: true}
Session ID: a6f4936dd0260dc4fc852e79bfad7c29" type="org.openqa.selenium.NoSuchWindowException">
      <![CDATA[org.openqa.selenium.NoSuchWindowException: no such window: target window already closed
from unknown error: web view not found
  (Session info: chrome=114.0.5735.134)
Build info: version: '3.141.5', revision: 'd54ebd709a', time: '2018-11-06T11:42:16'
System info: host: 'DESKTOP-5M7AM2E', ip: '192.168.56.1', os.name: 'Windows 11', os.arch: 'amd64', os.version: '10.0', java.version: '17.0.3'
Driver info: org.openqa.selenium.chrome.ChromeDriver
Capabilities {acceptInsecureCerts: false, browserName: chrome, browserVersion: 114.0.5735.134, chrome: {chromedriverVersion: 114.0.5735.90 (386bc09e8f4f..., userDataDir: C:\Users\ZAIGOP~1\AppData\L...}, goog:chromeOptions: {debuggerAddress: localhost:58322}, javascriptEnabled: true, networkConnectionEnabled: false, pageLoadStrategy: normal, platform: WINDOWS, platformName: WINDOWS, proxy: Proxy(), setWindowRect: true, strictFileInteractability: false, timeouts: {implicit: 0, pageLoad: 300000, script: 30000}, unhandledPromptBehavior: dismiss and notify, webauthn:extension:credBlob: true, webauthn:extension:largeBlob: true, webauthn:extension:minPinLength: true, webauthn:extension:prf: true, webauthn:virtualAuthenticators: true}
Session ID: a6f4936dd0260dc4fc852e79bfad7c29
at jdk.internal.reflect.GeneratedConstructorAccessor38.newInstance(Unknown Source)
at java.base/jdk.internal.reflect.DelegatingConstructorAccessorImpl.newInstance(DelegatingConstructorAccessorImpl.java:45)
at java.base/java.lang.reflect.Constructor.newInstanceWithCaller(Constructor.java:499)
at java.base/java.lang.reflect.Constructor.newInstance(Constructor.java:480)
at org.openqa.selenium.remote.http.W3CHttpResponseCodec.createException(W3CHttpResponseCodec.java:187)
at org.openqa.selenium.remote.http.W3CHttpResponseCodec.decode(W3CHttpResponseCodec.java:122)
at org.openqa.selenium.remote.http.W3CHttpResponseCodec.decode(W3CHttpResponseCodec.java:49)
at org.openqa.selenium.remote.HttpCommandExecutor.execute(HttpCommandExecutor.java:158)
at org.openqa.selenium.remote.service.DriverCommandExecutor.execute(DriverCommandExecutor.java:83)
at org.openqa.selenium.remote.RemoteWebDriver.execute(RemoteWebDriver.java:552)
at org.openqa.selenium.remote.RemoteWebDriver.execute(RemoteWebDriver.java:609)
at org.openqa.selenium.remote.RemoteWebDriver.getScreenshotAs(RemoteWebDriver.java:295)
at org.test.CustomerContactInvoice.loginPage(CustomerContactInvoice.java:85)
at java.base/jdk.internal.reflect.NativeMethodAccessorImpl.invoke0(Native Method)
at java.base/jdk.internal.reflect.NativeMethodAccessorImpl.invoke(NativeMethodAccessorImpl.java:77)
at java.base/jdk.internal.reflect.DelegatingMethodAccessorImpl.invoke(DelegatingMethodAccessorImpl.java:43)
at java.base/java.lang.reflect.Method.invoke(Method.java:568)
at org.testng.internal.MethodInvocationHelper.invokeMethod(MethodInvocationHelper.java:133)
at org.testng.internal.TestInvoker.invokeMethod(TestInvoker.java:598)
at org.testng.internal.TestInvoker.invokeTestMethod(TestInvoker.java:173)
at org.testng.internal.MethodRunner.runInSequence(MethodRunner.java:46)
at org.testng.internal.TestInvoker$MethodInvocationAgent.invoke(TestInvoker.java:824)
at org.testng.internal.TestInvoker.invokeTestMethods(TestInvoker.java:146)
at org.testng.internal.TestMethodWorker.invokeTestMethods(TestMethodWorker.java:146)
at org.testng.internal.TestMethodWorker.run(TestMethodWorker.java:128)
at java.base/java.util.ArrayList.forEach(ArrayList.java:1511)
at org.testng.TestRunner.privateRun(TestRunner.java:794)
at org.testng.TestRunner.run(TestRunner.java:596)
at org.testng.SuiteRunner.runTest(SuiteRunner.java:377)
at org.testng.SuiteRunner.runSequentially(SuiteRunner.java:371)
at org.testng.SuiteRunner.privateRun(SuiteRunner.java:332)
at org.testng.SuiteRunner.run(SuiteRunner.java:276)
at org.testng.SuiteRunnerWorker.runSuite(SuiteRunnerWorker.java:53)
at org.testng.SuiteRunnerWorker.run(SuiteRunnerWorker.java:96)
at org.testng.TestNG.runSuitesSequentially(TestNG.java:1212)
at org.testng.TestNG.runSuitesSequentially(TestNG.java:1207)
at org.testng.TestNG.runSuitesLocally(TestNG.java:1134)
at org.testng.TestNG.runSuites(TestNG.java:1063)
at org.testng.TestNG.run(TestNG.java:1031)
at org.testng.remote.AbstractRemoteTestNG.run(AbstractRemoteTestNG.java:115)
at org.testng.remote.RemoteTestNG.initAndRun(RemoteTestNG.java:251)
at org.testng.remote.RemoteTestNG.main(RemoteTestNG.java:77)
]]>
    </error>
  </testcase> <!-- loginPage -->
  <system-out/>
  <testcase classname="org.test.CustomerContactInvoice" name="deleteAfterCatch" time="0.002">
    <error message="no such window: target window already closed
from unknown error: web view not found
  (Session info: chrome=114.0.5735.134)
Build info: version: &#039;3.141.5&#039;, revision: &#039;d54ebd709a&#039;, time: &#039;2018-11-06T11:42:16&#039;
System info: host: &#039;DESKTOP-5M7AM2E&#039;, ip: &#039;192.168.56.1&#039;, os.name: &#039;Windows 11&#039;, os.arch: &#039;amd64&#039;, os.version: &#039;10.0&#039;, java.version: &#039;17.0.3&#039;
Driver info: org.openqa.selenium.chrome.ChromeDriver
Capabilities {acceptInsecureCerts: false, browserName: chrome, browserVersion: 114.0.5735.134, chrome: {chromedriverVersion: 114.0.5735.90 (386bc09e8f4f..., userDataDir: C:\Users\ZAIGOP~1\AppData\L...}, goog:chromeOptions: {debuggerAddress: localhost:58322}, javascriptEnabled: true, networkConnectionEnabled: false, pageLoadStrategy: normal, platform: WINDOWS, platformName: WINDOWS, proxy: Proxy(), setWindowRect: true, strictFileInteractability: false, timeouts: {implicit: 0, pageLoad: 300000, script: 30000}, unhandledPromptBehavior: dismiss and notify, webauthn:extension:credBlob: true, webauthn:extension:largeBlob: true, webauthn:extension:minPinLength: true, webauthn:extension:prf: true, webauthn:virtualAuthenticators: true}
Session ID: a6f4936dd0260dc4fc852e79bfad7c29" type="org.openqa.selenium.NoSuchWindowException">
      <![CDATA[org.openqa.selenium.NoSuchWindowException: no such window: target window already closed
from unknown error: web view not found
  (Session info: chrome=114.0.5735.134)
Build info: version: '3.141.5', revision: 'd54ebd709a', time: '2018-11-06T11:42:16'
System info: host: 'DESKTOP-5M7AM2E', ip: '192.168.56.1', os.name: 'Windows 11', os.arch: 'amd64', os.version: '10.0', java.version: '17.0.3'
Driver info: org.openqa.selenium.chrome.ChromeDriver
Capabilities {acceptInsecureCerts: false, browserName: chrome, browserVersion: 114.0.5735.134, chrome: {chromedriverVersion: 114.0.5735.90 (386bc09e8f4f..., userDataDir: C:\Users\ZAIGOP~1\AppData\L...}, goog:chromeOptions: {debuggerAddress: localhost:58322}, javascriptEnabled: true, networkConnectionEnabled: false, pageLoadStrategy: normal, platform: WINDOWS, platformName: WINDOWS, proxy: Proxy(), setWindowRect: true, strictFileInteractability: false, timeouts: {implicit: 0, pageLoad: 300000, script: 30000}, unhandledPromptBehavior: dismiss and notify, webauthn:extension:credBlob: true, webauthn:extension:largeBlob: true, webauthn:extension:minPinLength: true, webauthn:extension:prf: true, webauthn:virtualAuthenticators: true}
Session ID: a6f4936dd0260dc4fc852e79bfad7c29
at jdk.internal.reflect.GeneratedConstructorAccessor38.newInstance(Unknown Source)
at java.base/jdk.internal.reflect.DelegatingConstructorAccessorImpl.newInstance(DelegatingConstructorAccessorImpl.java:45)
at java.base/java.lang.reflect.Constructor.newInstanceWithCaller(Constructor.java:499)
at java.base/java.lang.reflect.Constructor.newInstance(Constructor.java:480)
at org.openqa.selenium.remote.http.W3CHttpResponseCodec.createException(W3CHttpResponseCodec.java:187)
at org.openqa.selenium.remote.http.W3CHttpResponseCodec.decode(W3CHttpResponseCodec.java:122)
at org.openqa.selenium.remote.http.W3CHttpResponseCodec.decode(W3CHttpResponseCodec.java:49)
at org.openqa.selenium.remote.HttpCommandExecutor.execute(HttpCommandExecutor.java:158)
at org.openqa.selenium.remote.service.DriverCommandExecutor.execute(DriverCommandExecutor.java:83)
at org.openqa.selenium.remote.RemoteWebDriver.execute(RemoteWebDriver.java:552)
at org.openqa.selenium.remote.RemoteWebDriver.execute(RemoteWebDriver.java:609)
at org.openqa.selenium.remote.RemoteWebDriver$RemoteWebDriverOptions.deleteAllCookies(RemoteWebDriver.java:694)
at org.test.CustomerContactInvoice.deleteAfterCatch(CustomerContactInvoice.java:64)
at java.base/jdk.internal.reflect.NativeMethodAccessorImpl.invoke0(Native Method)
at java.base/jdk.internal.reflect.NativeMethodAccessorImpl.invoke(NativeMethodAccessorImpl.java:77)
at java.base/jdk.internal.reflect.DelegatingMethodAccessorImpl.invoke(DelegatingMethodAccessorImpl.java:43)
at java.base/java.lang.reflect.Method.invoke(Method.java:568)
at org.testng.internal.MethodInvocationHelper.invokeMethod(MethodInvocationHelper.java:133)
at org.testng.internal.MethodInvocationHelper.invokeMethodConsideringTimeout(MethodInvocationHelper.java:62)
at org.testng.internal.ConfigInvoker.invokeConfigurationMethod(ConfigInvoker.java:385)
at org.testng.internal.ConfigInvoker.invokeConfigurations(ConfigInvoker.java:321)
at org.testng.internal.TestInvoker.runConfigMethods(TestInvoker.java:700)
at org.testng.internal.TestInvoker.runAfterGroupsConfigurations(TestInvoker.java:676)
at org.testng.internal.TestInvoker.invokeMethod(TestInvoker.java:660)
at org.testng.internal.TestInvoker.invokeTestMethod(TestInvoker.java:173)
at org.testng.internal.MethodRunner.runInSequence(MethodRunner.java:46)
at org.testng.internal.TestInvoker$MethodInvocationAgent.invoke(TestInvoker.java:824)
at org.testng.internal.TestInvoker.invokeTestMethods(TestInvoker.java:146)
at org.testng.internal.TestMethodWorker.invokeTestMethods(TestMethodWorker.java:146)
at org.testng.internal.TestMethodWorker.run(TestMethodWorker.java:128)
at java.base/java.util.ArrayList.forEach(ArrayList.java:1511)
at org.testng.TestRunner.privateRun(TestRunner.java:794)
at org.testng.TestRunner.run(TestRunner.java:596)
at org.testng.SuiteRunner.runTest(SuiteRunner.java:377)
at org.testng.SuiteRunner.runSequentially(SuiteRunner.java:371)
at org.testng.SuiteRunner.privateRun(SuiteRunner.java:332)
at org.testng.SuiteRunner.run(SuiteRunner.java:276)
at org.testng.SuiteRunnerWorker.runSuite(SuiteRunnerWorker.java:53)
at org.testng.SuiteRunnerWorker.run(SuiteRunnerWorker.java:96)
at org.testng.TestNG.runSuitesSequentially(TestNG.java:1212)
at org.testng.TestNG.runSuitesSequentially(TestNG.java:1207)
at org.testng.TestNG.runSuitesLocally(TestNG.java:1134)
at org.testng.TestNG.runSuites(TestNG.java:1063)
at org.testng.TestNG.run(TestNG.java:1031)
at org.testng.remote.AbstractRemoteTestNG.run(AbstractRemoteTestNG.java:115)
at org.testng.remote.RemoteTestNG.initAndRun(RemoteTestNG.java:251)
at org.testng.remote.RemoteTestNG.main(RemoteTestNG.java:77)
]]>
    </error>
  </testcase> <!-- deleteAfterCatch -->
  <system-out/>
  <testcase classname="org.test.CustomerContactInvoice" name="contactModule" time="0.000">
    <skipped/>
  </testcase> <!-- contactModule -->
  <system-out/>
  <testcase classname="org.test.CustomerContactInvoice" name="CreateContact" time="0.000">
    <skipped/>
  </testcase> <!-- CreateContact -->
  <system-out/>
  <testcase classname="org.test.CustomerContactInvoice" name="labelValidation" time="0.000">
    <skipped/>
  </testcase> <!-- labelValidation -->
  <system-out/>
  <testcase classname="org.test.CustomerContactInvoice" name="namePrepopulation" time="0.000">
    <skipped/>
  </testcase> <!-- namePrepopulation -->
  <system-out/>
  <testcase classname="org.test.CustomerContactInvoice" name="mandatoryValidationDeuDate" time="0.000">
    <skipped/>
  </testcase> <!-- mandatoryValidationDeuDate -->
  <system-out/>
  <testcase classname="org.test.CustomerContactInvoice" name="mandatoryValidationInventoryItem" time="0.000">
    <skipped/>
  </testcase> <!-- mandatoryValidationInventoryItem -->
  <system-out/>
  <testcase classname="org.test.CustomerContactInvoice" name="mandatoryValidationPrice" time="0.000">
    <skipped/>
  </testcase> <!-- mandatoryValidationPrice -->
  <system-out/>
  <testcase classname="org.test.CustomerContactInvoice" name="mandatoryValidationQunatity" time="0.000">
    <skipped/>
  </testcase> <!-- mandatoryValidationQunatity -->
  <system-out/>
  <testcase classname="org.test.CustomerContactInvoice" name="mandatoryValidationDescription" time="0.000">
    <skipped/>
  </testcase> <!-- mandatoryValidationDescription -->
  <system-out/>
  <testcase classname="org.test.CustomerContactInvoice" name="maximumValidationReference" time="0.000">
    <skipped/>
  </testcase> <!-- maximumValidationReference -->
  <system-out/>
  <testcase classname="org.test.CustomerContactInvoice" name="maximumValidationInvoiceTittle" time="0.000">
    <skipped/>
  </testcase> <!-- maximumValidationInvoiceTittle -->
  <system-out/>
  <testcase classname="org.test.CustomerContactInvoice" name="maximumValidationInventoryItem" time="0.000">
    <skipped/>
  </testcase> <!-- maximumValidationInventoryItem -->
  <system-out/>
  <testcase classname="org.test.CustomerContactInvoice" name="emptyValidationQuantityField" time="0.000">
    <skipped/>
  </testcase> <!-- emptyValidationQuantityField -->
  <system-out/>
  <testcase classname="org.test.CustomerContactInvoice" name="maxQuanitityLimit" time="0.000">
    <skipped/>
  </testcase> <!-- maxQuanitityLimit -->
  <system-out/>
  <testcase classname="org.test.CustomerContactInvoice" name="afterDecimalPointValidationQuantityField" time="0.000">
    <skipped/>
  </testcase> <!-- afterDecimalPointValidationQuantityField -->
  <system-out/>
  <testcase classname="org.test.CustomerContactInvoice" name="beforeDecimalPointValidationQuantityField" time="0.000">
    <skipped/>
  </testcase> <!-- beforeDecimalPointValidationQuantityField -->
  <system-out/>
  <testcase classname="org.test.CustomerContactInvoice" name="emptyValidationPriceField" time="0.000">
    <skipped/>
  </testcase> <!-- emptyValidationPriceField -->
  <system-out/>
  <testcase classname="org.test.CustomerContactInvoice" name="maxPriceLimit" time="0.000">
    <skipped/>
  </testcase> <!-- maxPriceLimit -->
  <system-out/>
  <testcase classname="org.test.CustomerContactInvoice" name="beforeDecimalPointPriceField" time="0.000">
    <skipped/>
  </testcase> <!-- beforeDecimalPointPriceField -->
  <system-out/>
  <testcase classname="org.test.CustomerContactInvoice" name="afterDecimalPointPriceField" time="0.000">
    <skipped/>
  </testcase> <!-- afterDecimalPointPriceField -->
  <system-out/>
  <testcase classname="org.test.CustomerContactInvoice" name="afterDecimalPointDiscountField" time="0.000">
    <skipped/>
  </testcase> <!-- afterDecimalPointDiscountField -->
  <system-out/>
  <testcase classname="org.test.CustomerContactInvoice" name="beforeDecimalPointDiscountField" time="0.000">
    <skipped/>
  </testcase> <!-- beforeDecimalPointDiscountField -->
  <system-out/>
  <testcase classname="org.test.CustomerContactInvoice" name="maxLimitDiscountField" time="0.000">
    <skipped/>
  </testcase> <!-- maxLimitDiscountField -->
  <system-out/>
  <testcase classname="org.test.CustomerContactInvoice" name="afterDecimalPointTaxField" time="0.000">
    <skipped/>
  </testcase> <!-- afterDecimalPointTaxField -->
  <system-out/>
  <testcase classname="org.test.CustomerContactInvoice" name="beforeDecimalPointTaxField" time="0.000">
    <skipped/>
  </testcase> <!-- beforeDecimalPointTaxField -->
  <system-out/>
  <testcase classname="org.test.CustomerContactInvoice" name="maxLimitTaxField" time="0.000">
    <skipped/>
  </testcase> <!-- maxLimitTaxField -->
  <system-out/>
  <testcase classname="org.test.CustomerContactInvoice" name="maximumValidationDescription" time="0.000">
    <skipped/>
  </testcase> <!-- maximumValidationDescription -->
  <system-out/>
  <testcase classname="org.test.CustomerContactInvoice" name="maximumValidationNotes" time="0.000">
    <skipped/>
  </testcase> <!-- maximumValidationNotes -->
  <system-out/>
  <testcase classname="org.test.CustomerContactInvoice" name="expiryFieldPastDateValidation" time="0.000">
    <skipped/>
  </testcase> <!-- expiryFieldPastDateValidation -->
  <system-out/>
  <testcase classname="org.test.CustomerContactInvoice" name="validateCalculation" time="0.000">
    <skipped/>
  </testcase> <!-- validateCalculation -->
  <system-out/>
  <testcase classname="org.test.CustomerContactInvoice" name="createInvoice" time="0.000">
    <skipped/>
  </testcase> <!-- createInvoice -->
  <system-out/>
  <testcase classname="org.test.CustomerContactInvoice" name="invoiceCreatedCount" time="0.000">
    <skipped/>
  </testcase> <!-- invoiceCreatedCount -->
  <system-out/>
  <testcase classname="org.test.CustomerContactInvoice" name="editLableValidation" time="0.000">
    <skipped/>
  </testcase> <!-- editLableValidation -->
  <system-out/>
  <testcase classname="org.test.CustomerContactInvoice" name="mandatoryValidationEditDueDate" time="0.000">
    <skipped/>
  </testcase> <!-- mandatoryValidationEditDueDate -->
  <system-out/>
  <testcase classname="org.test.CustomerContactInvoice" name="mandatoryValidationEditQunatity" time="0.000">
    <skipped/>
  </testcase> <!-- mandatoryValidationEditQunatity -->
  <system-out/>
  <testcase classname="org.test.CustomerContactInvoice" name="mandatoryValidationEditPrice" time="0.000">
    <skipped/>
  </testcase> <!-- mandatoryValidationEditPrice -->
  <system-out/>
  <testcase classname="org.test.CustomerContactInvoice" name="mandatoryValidationEditDescription" time="0.000">
    <skipped/>
  </testcase> <!-- mandatoryValidationEditDescription -->
  <system-out/>
  <testcase classname="org.test.CustomerContactInvoice" name="maximumValidationEditReference" time="0.000">
    <skipped/>
  </testcase> <!-- maximumValidationEditReference -->
  <system-out/>
  <testcase classname="org.test.CustomerContactInvoice" name="maximumValidationEditInvoiceTittle" time="0.000">
    <skipped/>
  </testcase> <!-- maximumValidationEditInvoiceTittle -->
  <system-out/>
  <testcase classname="org.test.CustomerContactInvoice" name="maximumValidationEditInventoryItem" time="0.000">
    <skipped/>
  </testcase> <!-- maximumValidationEditInventoryItem -->
  <system-out/>
  <testcase classname="org.test.CustomerContactInvoice" name="emptyValidationEditQuantityField" time="0.000">
    <skipped/>
  </testcase> <!-- emptyValidationEditQuantityField -->
  <system-out/>
  <testcase classname="org.test.CustomerContactInvoice" name="maxEditQuanitityLimit" time="0.000">
    <skipped/>
  </testcase> <!-- maxEditQuanitityLimit -->
  <system-out/>
  <testcase classname="org.test.CustomerContactInvoice" name="afterEditDecimalPointValidationQuantityField" time="0.000">
    <skipped/>
  </testcase> <!-- afterEditDecimalPointValidationQuantityField -->
  <system-out/>
  <testcase classname="org.test.CustomerContactInvoice" name="beforeEditDecimalPointValidationQuantityField" time="0.000">
    <skipped/>
  </testcase> <!-- beforeEditDecimalPointValidationQuantityField -->
  <system-out/>
  <testcase classname="org.test.CustomerContactInvoice" name="emptyValidationEditPriceField" time="0.000">
    <skipped/>
  </testcase> <!-- emptyValidationEditPriceField -->
  <system-out/>
  <testcase classname="org.test.CustomerContactInvoice" name="maxEditPriceLimit" time="0.000">
    <skipped/>
  </testcase> <!-- maxEditPriceLimit -->
  <system-out/>
  <testcase classname="org.test.CustomerContactInvoice" name="beforeEditDecimalPointPriceField" time="0.000">
    <skipped/>
  </testcase> <!-- beforeEditDecimalPointPriceField -->
  <system-out/>
  <testcase classname="org.test.CustomerContactInvoice" name="afterEditDecimalPointPriceField" time="0.000">
    <skipped/>
  </testcase> <!-- afterEditDecimalPointPriceField -->
  <system-out/>
  <testcase classname="org.test.CustomerContactInvoice" name="afterEditDecimalPointDiscountField" time="0.000">
    <skipped/>
  </testcase> <!-- afterEditDecimalPointDiscountField -->
  <system-out/>
  <testcase classname="org.test.CustomerContactInvoice" name="beforeEditDecimalPointDiscountField" time="0.000">
    <skipped/>
  </testcase> <!-- beforeEditDecimalPointDiscountField -->
  <system-out/>
  <testcase classname="org.test.CustomerContactInvoice" name="maxLimitEditDiscountField" time="0.000">
    <skipped/>
  </testcase> <!-- maxLimitEditDiscountField -->
  <system-out/>
  <testcase classname="org.test.CustomerContactInvoice" name="afterDecimalEditPointTaxField" time="0.000">
    <skipped/>
  </testcase> <!-- afterDecimalEditPointTaxField -->
  <system-out/>
  <testcase classname="org.test.CustomerContactInvoice" name="beforeDecimalEditPointTaxField" time="0.000">
    <skipped/>
  </testcase> <!-- beforeDecimalEditPointTaxField -->
  <system-out/>
  <testcase classname="org.test.CustomerContactInvoice" name="maxEditLimitTaxField" time="0.000">
    <skipped/>
  </testcase> <!-- maxEditLimitTaxField -->
  <system-out/>
  <testcase classname="org.test.CustomerContactInvoice" name="maximumEditValidationDescription" time="0.000">
    <skipped/>
  </testcase> <!-- maximumEditValidationDescription -->
  <system-out/>
  <testcase classname="org.test.CustomerContactInvoice" name="maximumEditValidationNotes" time="0.000">
    <skipped/>
  </testcase> <!-- maximumEditValidationNotes -->
  <system-out/>
  <testcase classname="org.test.CustomerContactInvoice" name="expiryEditFieldPastDateValidation" time="0.000">
    <skipped/>
  </testcase> <!-- expiryEditFieldPastDateValidation -->
  <system-out/>
  <testcase classname="org.test.CustomerContactInvoice" name="checkResponseCode" time="0.000">
    <skipped/>
  </testcase> <!-- checkResponseCode -->
  <system-out/>
  <testcase classname="org.test.CustomerContactInvoice" name="updatedInvoice" time="0.000">
    <skipped/>
  </testcase> <!-- updatedInvoice -->
  <system-out/>
  <testcase classname="org.test.CustomerContactInvoice" name="draftInvoice" time="0.000">
    <skipped/>
  </testcase> <!-- draftInvoice -->
  <system-out/>
  <testcase classname="org.test.CustomerContactInvoice" name="createdQuoteStatus" time="0.000">
    <skipped/>
  </testcase> <!-- createdQuoteStatus -->
  <system-out/>
  <testcase classname="org.test.CustomerContactInvoice" name="UpdatedInvociePartialPayment" time="0.000">
    <skipped/>
  </testcase> <!-- UpdatedInvociePartialPayment -->
  <system-out/>
  <testcase classname="org.test.CustomerContactInvoice" name="partialPaidAmount" time="0.000">
    <skipped/>
  </testcase> <!-- partialPaidAmount -->
  <system-out/>
  <testcase classname="org.test.CustomerContactInvoice" name="UpdatedInvociePaid" time="0.000">
    <skipped/>
  </testcase> <!-- UpdatedInvociePaid -->
  <system-out/>
  <testcase classname="org.test.CustomerContactInvoice" name="fullyPaidAmount" time="0.000">
    <skipped/>
  </testcase> <!-- fullyPaidAmount -->
  <system-out/>
  <testcase classname="org.test.CustomerContactInvoice" name="listInvoiceNo" time="0.000">
    <skipped/>
  </testcase> <!-- listInvoiceNo -->
  <system-out/>
  <testcase classname="org.test.CustomerContactInvoice" name="listQuoteReference" time="0.000">
    <skipped/>
  </testcase> <!-- listQuoteReference -->
  <system-out/>
  <testcase classname="org.test.CustomerContactInvoice" name="filterDateInvoice" time="0.000">
    <skipped/>
  </testcase> <!-- filterDateInvoice -->
  <system-out/>
  <testcase classname="org.test.CustomerContactInvoice" name="listInvalid" time="0.000">
    <skipped/>
  </testcase> <!-- listInvalid -->
  <system-out/>
  <testcase classname="org.test.CustomerContactInvoice" name="shareLinkResponseCOde" time="0.000">
    <skipped/>
  </testcase> <!-- shareLinkResponseCOde -->
  <system-out/>
  <testcase classname="org.test.CustomerContactInvoice" name="pdfLinkResponseCOde" time="0.000">
    <skipped/>
  </testcase> <!-- pdfLinkResponseCOde -->
  <system-out/>
</testsuite> <!-- org.test.CustomerContactInvoice -->
