<?xml version="1.0" encoding="UTF-8"?>
<!-- Generated by org.testng.reporters.JUnitReportReporter -->
<testsuite hostname="DESKTOP-80SP9DN" failures="0" tests="50" name="org.test.GlobalContactJob" time="666.182" errors="0" timestamp="2023-12-27T19:23:55 IST" skipped="0">
  <testcase classname="org.test.GlobalContactJob" name="loginPage" time="38.148"/>
  <system-out/>
  <testcase classname="org.test.GlobalContactJob" name="jobModule" time="4.499"/>
  <system-out/>
  <testcase classname="org.test.GlobalContactJob" name="labelValidation" time="2.643"/>
  <system-out/>
  <testcase classname="org.test.GlobalContactJob" name="contactMandatoryValidation" time="0.505"/>
  <system-out/>
  <testcase classname="org.test.GlobalContactJob" name="autoCompleteContactCreation" time="11.830"/>
  <system-out/>
  <testcase classname="org.test.GlobalContactJob" name="contactNumberDisplayed" time="0.223"/>
  <system-out/>
  <testcase classname="org.test.GlobalContactJob" name="maximumValidationLocation" time="5.149"/>
  <system-out/>
  <testcase classname="org.test.GlobalContactJob" name="mandatoryValidationLocation" time="0.162"/>
  <system-out/>
  <testcase classname="org.test.GlobalContactJob" name="maximumValidationTittle" time="4.603"/>
  <system-out/>
  <testcase classname="org.test.GlobalContactJob" name="mandatoryValidationDescription" time="0.189"/>
  <system-out/>
  <testcase classname="org.test.GlobalContactJob" name="maximumValidationDescription" time="4.386"/>
  <system-out/>
  <testcase classname="org.test.GlobalContactJob" name="maximumTagValidation" time="1.030"/>
  <system-out/>
  <testcase classname="org.test.GlobalContactJob" name="duplicateTagsValidation" time="0.750"/>
  <system-out/>
  <testcase classname="org.test.GlobalContactJob" name="maxTagLimitValidation" time="24.196"/>
  <system-out/>
  <testcase classname="org.test.GlobalContactJob" name="maximumValidationNotes" time="4.557"/>
  <system-out/>
  <testcase classname="org.test.GlobalContactJob" name="createButton" time="0.157"/>
  <system-out/>
  <testcase classname="org.test.GlobalContactJob" name="unsssignedJob" time="19.880"/>
  <system-out/>
  <testcase classname="org.test.GlobalContactJob" name="jobUnassignedStatus" time="0.464"/>
  <system-out/>
  <testcase classname="org.test.GlobalContactJob" name="labelEditValidation" time="12.244"/>
  <system-out/>
  <testcase classname="org.test.GlobalContactJob" name="editmandatoryValidationLocation" time="0.521"/>
  <system-out/>
  <testcase classname="org.test.GlobalContactJob" name="editmaximumValidationLocation" time="5.257"/>
  <system-out/>
  <testcase classname="org.test.GlobalContactJob" name="editmaximumValidationTittle" time="4.656"/>
  <system-out/>
  <testcase classname="org.test.GlobalContactJob" name="editmandatoryValidationDescription" time="0.184"/>
  <system-out/>
  <testcase classname="org.test.GlobalContactJob" name="editmaximumValidationDescription" time="4.142"/>
  <system-out/>
  <testcase classname="org.test.GlobalContactJob" name="editmaximumTagValidation" time="0.931"/>
  <system-out/>
  <testcase classname="org.test.GlobalContactJob" name="editduplicateTagsValidation" time="0.658"/>
  <system-out/>
  <testcase classname="org.test.GlobalContactJob" name="editsmaxTagLimitValidation" time="23.583"/>
  <system-out/>
  <testcase classname="org.test.GlobalContactJob" name="editmaximumValidationNotes" time="4.485"/>
  <system-out/>
  <testcase classname="org.test.GlobalContactJob" name="updateButton" time="0.168"/>
  <system-out/>
  <testcase classname="org.test.GlobalContactJob" name="checkResponseCode" time="3.055"/>
  <system-out/>
  <testcase classname="org.test.GlobalContactJob" name="editJobwithFromDateFromTime" time="12.213"/>
  <system-out/>
  <testcase classname="org.test.GlobalContactJob" name="createJob_FromDateandTime_ToDateandTime" time="36.780"/>
  <system-out/>
  <testcase classname="org.test.GlobalContactJob" name="jobScheduleStatus" time="0.466"/>
  <system-out/>
  <testcase classname="org.test.GlobalContactJob" name="dispatchedJob" time="10.487"/>
  <system-out/>
  <testcase classname="org.test.GlobalContactJob" name="jobDispatchedStatus" time="0.430"/>
  <system-out/>
  <testcase classname="org.test.GlobalContactJob" name="startedJob" time="11.069"/>
  <system-out/>
  <testcase classname="org.test.GlobalContactJob" name="jobStartedStatus" time="0.599"/>
  <system-out/>
  <testcase classname="org.test.GlobalContactJob" name="completedJob" time="10.555"/>
  <system-out/>
  <testcase classname="org.test.GlobalContactJob" name="jobCompleteStatus" time="0.425"/>
  <system-out/>
  <testcase classname="org.test.GlobalContactJob" name="cancelledJob" time="11.269"/>
  <system-out/>
  <testcase classname="org.test.GlobalContactJob" name="jobCancelledStatus" time="0.878"/>
  <system-out/>
  <testcase classname="org.test.GlobalContactJob" name="searchCustomerName" time="3.947"/>
  <system-out/>
  <testcase classname="org.test.GlobalContactJob" name="searchJobNo" time="3.178"/>
  <system-out/>
  <testcase classname="org.test.GlobalContactJob" name="searchLocation" time="2.737"/>
  <system-out/>
  <testcase classname="org.test.GlobalContactJob" name="searchFilterByDate" time="2.817"/>
  <system-out/>
  <testcase classname="org.test.GlobalContactJob" name="searchInvalid" time="5.704"/>
  <system-out/>
  <testcase classname="org.test.GlobalContactJob" name="dailyRecurring" time="42.640"/>
  <system-out/>
  <testcase classname="org.test.GlobalContactJob" name="weeklyRecurring" time="102.269"/>
  <system-out/>
  <testcase classname="org.test.GlobalContactJob" name="monthlyRecurring" time="106.410"/>
  <system-out/>
  <testcase classname="org.test.GlobalContactJob" name="yearlyRecurring" time="118.054"/>
  <system-out/>
</testsuite> <!-- org.test.GlobalContactJob -->
