<?xml version="1.0" encoding="UTF-8"?>
<!-- Generated by org.testng.reporters.JUnitReportReporter -->
<testsuite hostname="DESKTOP-5M7AM2E" failures="0" tests="47" name="org.test.CustomerContactRequest" time="235.615" errors="0" timestamp="2023-04-06T14:17:22 IST" skipped="0">
  <testcase classname="org.test.CustomerContactRequest" name="loginPage" time="23.867"/>
  <system-out/>
  <testcase classname="org.test.CustomerContactRequest" name="contactModule" time="4.502"/>
  <system-out/>
  <testcase classname="org.test.CustomerContactRequest" name="CreateContact" time="13.593"/>
  <system-out/>
  <testcase classname="org.test.CustomerContactRequest" name="listabelValidation" time="6.315"/>
  <system-out/>
  <testcase classname="org.test.CustomerContactRequest" name="labelValidation" time="0.923"/>
  <system-out/>
  <testcase classname="org.test.CustomerContactRequest" name="namePrepopulation" time="1.822"/>
  <system-out/>
  <testcase classname="org.test.CustomerContactRequest" name="mandatoryValidationLocation" time="0.284"/>
  <system-out/>
  <testcase classname="org.test.CustomerContactRequest" name="maximumValidationLocation" time="6.524"/>
  <system-out/>
  <testcase classname="org.test.CustomerContactRequest" name="maximumValidationTittle" time="0.653"/>
  <system-out/>
  <testcase classname="org.test.CustomerContactRequest" name="mandatoryValidationDescription" time="0.055"/>
  <system-out/>
  <testcase classname="org.test.CustomerContactRequest" name="maximumValidationDescription" time="3.661"/>
  <system-out/>
  <testcase classname="org.test.CustomerContactRequest" name="maximumTagValidation" time="0.600"/>
  <system-out/>
  <testcase classname="org.test.CustomerContactRequest" name="duplicateTagsValidation" time="0.331"/>
  <system-out/>
  <testcase classname="org.test.CustomerContactRequest" name="maxTagLimitValidation" time="15.475"/>
  <system-out/>
  <testcase classname="org.test.CustomerContactRequest" name="maximumValidationNotes" time="5.312"/>
  <system-out/>
  <testcase classname="org.test.CustomerContactRequest" name="createButton" time="0.077"/>
  <system-out/>
  <testcase classname="org.test.CustomerContactRequest" name="unsssignedRequest" time="13.319"/>
  <system-out/>
  <testcase classname="org.test.CustomerContactRequest" name="requestCreatedCount" time="0.170"/>
  <system-out/>
  <testcase classname="org.test.CustomerContactRequest" name="requestUnassignedStatus" time="0.097"/>
  <system-out/>
  <testcase classname="org.test.CustomerContactRequest" name="labelEditValidation" time="7.239"/>
  <system-out/>
  <testcase classname="org.test.CustomerContactRequest" name="editmandatoryValidationLocation" time="0.092"/>
  <system-out/>
  <testcase classname="org.test.CustomerContactRequest" name="editmaximumValidationLocation" time="6.784"/>
  <system-out/>
  <testcase classname="org.test.CustomerContactRequest" name="editmaximumValidationTittle" time="0.920"/>
  <system-out/>
  <testcase classname="org.test.CustomerContactRequest" name="editmandatoryValidationDescription" time="0.076"/>
  <system-out/>
  <testcase classname="org.test.CustomerContactRequest" name="editmaximumValidationDescription" time="3.884"/>
  <system-out/>
  <testcase classname="org.test.CustomerContactRequest" name="editmaximumTagValidation" time="0.613"/>
  <system-out/>
  <testcase classname="org.test.CustomerContactRequest" name="editduplicateTagsValidation" time="0.362"/>
  <system-out/>
  <testcase classname="org.test.CustomerContactRequest" name="editmaxTagLimitValidation" time="16.968"/>
  <system-out/>
  <testcase classname="org.test.CustomerContactRequest" name="editmaximumValidationNotes" time="5.549"/>
  <system-out/>
  <testcase classname="org.test.CustomerContactRequest" name="updateButton" time="0.077"/>
  <system-out/>
  <testcase classname="org.test.CustomerContactRequest" name="updatedRequest" time="12.189"/>
  <system-out/>
  <testcase classname="org.test.CustomerContactRequest" name="createRequest_FromDateandTime_ToDateandTime" time="16.097"/>
  <system-out/>
  <testcase classname="org.test.CustomerContactRequest" name="requestScheduleStatus" time="0.097"/>
  <system-out/>
  <testcase classname="org.test.CustomerContactRequest" name="dispatchedRequest" time="9.747"/>
  <system-out/>
  <testcase classname="org.test.CustomerContactRequest" name="requestDispatchedStatus" time="0.102"/>
  <system-out/>
  <testcase classname="org.test.CustomerContactRequest" name="startedRequest" time="10.269"/>
  <system-out/>
  <testcase classname="org.test.CustomerContactRequest" name="requestStartedStatus" time="0.095"/>
  <system-out/>
  <testcase classname="org.test.CustomerContactRequest" name="completedRequest" time="9.972"/>
  <system-out/>
  <testcase classname="org.test.CustomerContactRequest" name="requestCompleteStatus" time="0.096"/>
  <system-out/>
  <testcase classname="org.test.CustomerContactRequest" name="cancelledRequest" time="10.118"/>
  <system-out/>
  <testcase classname="org.test.CustomerContactRequest" name="requestCancelledStatus" time="0.157"/>
  <system-out/>
  <testcase classname="org.test.CustomerContactRequest" name="requestDraftStatus" time="9.315"/>
  <system-out/>
  <testcase classname="org.test.CustomerContactRequest" name="deletedRequest" time="7.294"/>
  <system-out/>
  <testcase classname="org.test.CustomerContactRequest" name="searchRequestNo" time="2.996"/>
  <system-out/>
  <testcase classname="org.test.CustomerContactRequest" name="searchLocation" time="2.260"/>
  <system-out/>
  <testcase classname="org.test.CustomerContactRequest" name="searchFilterByDate" time="2.729"/>
  <system-out/>
  <testcase classname="org.test.CustomerContactRequest" name="searchInvalid" time="1.938"/>
  <system-out/>
</testsuite> <!-- org.test.CustomerContactRequest -->
