<?xml version="1.0" encoding="UTF-8"?>
<!-- Generated by org.testng.reporters.JUnitReportReporter -->
<testsuite hostname="DESKTOP-5M7AM2E" failures="0" tests="71" name="org.test.CustomerOrganizationInvoice" time="2018.777" errors="4" timestamp="2023-05-28T19:37:43 IST" skipped="17">
  <testcase classname="org.test.CustomerOrganizationInvoice" name="loginPage" time="37.269"/>
  <system-out/>
  <testcase classname="org.test.CustomerOrganizationInvoice" name="modulePage" time="7.398"/>
  <system-out/>
  <testcase classname="org.test.CustomerOrganizationInvoice" name="createOrganization" time="23.086"/>
  <system-out/>
  <testcase classname="org.test.CustomerOrganizationInvoice" name="deleteAfterCatch" time="0.012">
    <error message="no such window: target window already closed
from unknown error: web view not found
  (Session info: chrome=113.0.5672.127)
Build info: version: &#039;3.141.5&#039;, revision: &#039;d54ebd709a&#039;, time: &#039;2018-11-06T11:42:16&#039;
System info: host: &#039;DESKTOP-5M7AM2E&#039;, ip: &#039;192.168.56.1&#039;, os.name: &#039;Windows 11&#039;, os.arch: &#039;amd64&#039;, os.version: &#039;10.0&#039;, java.version: &#039;17.0.3&#039;
Driver info: org.openqa.selenium.chrome.ChromeDriver
Capabilities {acceptInsecureCerts: false, browserName: chrome, browserVersion: 113.0.5672.127, chrome: {chromedriverVersion: 113.0.5672.63 (0e1a4471d5ae..., userDataDir: C:\Users\ZAIGOP~1\AppData\L...}, goog:chromeOptions: {debuggerAddress: localhost:64813}, javascriptEnabled: true, networkConnectionEnabled: false, pageLoadStrategy: normal, platform: WINDOWS, platformName: WINDOWS, proxy: Proxy(), setWindowRect: true, strictFileInteractability: false, timeouts: {implicit: 0, pageLoad: 300000, script: 30000}, unhandledPromptBehavior: dismiss and notify, webauthn:extension:credBlob: true, webauthn:extension:largeBlob: true, webauthn:extension:minPinLength: true, webauthn:extension:prf: true, webauthn:virtualAuthenticators: true}
Session ID: 07ea67ec56fec4b67020c2447b5651f6" type="org.openqa.selenium.NoSuchWindowException">
      <![CDATA[org.openqa.selenium.NoSuchWindowException: no such window: target window already closed
from unknown error: web view not found
  (Session info: chrome=113.0.5672.127)
Build info: version: '3.141.5', revision: 'd54ebd709a', time: '2018-11-06T11:42:16'
System info: host: 'DESKTOP-5M7AM2E', ip: '192.168.56.1', os.name: 'Windows 11', os.arch: 'amd64', os.version: '10.0', java.version: '17.0.3'
Driver info: org.openqa.selenium.chrome.ChromeDriver
Capabilities {acceptInsecureCerts: false, browserName: chrome, browserVersion: 113.0.5672.127, chrome: {chromedriverVersion: 113.0.5672.63 (0e1a4471d5ae..., userDataDir: C:\Users\ZAIGOP~1\AppData\L...}, goog:chromeOptions: {debuggerAddress: localhost:64813}, javascriptEnabled: true, networkConnectionEnabled: false, pageLoadStrategy: normal, platform: WINDOWS, platformName: WINDOWS, proxy: Proxy(), setWindowRect: true, strictFileInteractability: false, timeouts: {implicit: 0, pageLoad: 300000, script: 30000}, unhandledPromptBehavior: dismiss and notify, webauthn:extension:credBlob: true, webauthn:extension:largeBlob: true, webauthn:extension:minPinLength: true, webauthn:extension:prf: true, webauthn:virtualAuthenticators: true}
Session ID: 07ea67ec56fec4b67020c2447b5651f6
at jdk.internal.reflect.GeneratedConstructorAccessor38.newInstance(Unknown Source)
at java.base/jdk.internal.reflect.DelegatingConstructorAccessorImpl.newInstance(DelegatingConstructorAccessorImpl.java:45)
at java.base/java.lang.reflect.Constructor.newInstanceWithCaller(Constructor.java:499)
at java.base/java.lang.reflect.Constructor.newInstance(Constructor.java:480)
at org.openqa.selenium.remote.http.W3CHttpResponseCodec.createException(W3CHttpResponseCodec.java:187)
at org.openqa.selenium.remote.http.W3CHttpResponseCodec.decode(W3CHttpResponseCodec.java:122)
at org.openqa.selenium.remote.http.W3CHttpResponseCodec.decode(W3CHttpResponseCodec.java:49)
at org.openqa.selenium.remote.HttpCommandExecutor.execute(HttpCommandExecutor.java:158)
at org.openqa.selenium.remote.service.DriverCommandExecutor.execute(DriverCommandExecutor.java:83)
at org.openqa.selenium.remote.RemoteWebDriver.execute(RemoteWebDriver.java:552)
at org.openqa.selenium.remote.RemoteWebDriver.execute(RemoteWebDriver.java:609)
at org.openqa.selenium.remote.RemoteWebDriver$RemoteWebDriverOptions.deleteAllCookies(RemoteWebDriver.java:694)
at org.test.CustomerOrganizationInvoice.deleteAfterCatch(CustomerOrganizationInvoice.java:64)
at jdk.internal.reflect.GeneratedMethodAccessor134.invoke(Unknown Source)
at java.base/jdk.internal.reflect.DelegatingMethodAccessorImpl.invoke(DelegatingMethodAccessorImpl.java:43)
at java.base/java.lang.reflect.Method.invoke(Method.java:568)
at org.testng.internal.MethodInvocationHelper.invokeMethod(MethodInvocationHelper.java:133)
at org.testng.internal.MethodInvocationHelper.invokeMethodConsideringTimeout(MethodInvocationHelper.java:62)
at org.testng.internal.ConfigInvoker.invokeConfigurationMethod(ConfigInvoker.java:385)
at org.testng.internal.ConfigInvoker.invokeConfigurations(ConfigInvoker.java:321)
at org.testng.internal.TestInvoker.runConfigMethods(TestInvoker.java:700)
at org.testng.internal.TestInvoker.runAfterGroupsConfigurations(TestInvoker.java:676)
at org.testng.internal.TestInvoker.invokeMethod(TestInvoker.java:660)
at org.testng.internal.TestInvoker.invokeTestMethod(TestInvoker.java:173)
at org.testng.internal.MethodRunner.runInSequence(MethodRunner.java:46)
at org.testng.internal.TestInvoker$MethodInvocationAgent.invoke(TestInvoker.java:824)
at org.testng.internal.TestInvoker.invokeTestMethods(TestInvoker.java:146)
at org.testng.internal.TestMethodWorker.invokeTestMethods(TestMethodWorker.java:146)
at org.testng.internal.TestMethodWorker.run(TestMethodWorker.java:128)
at java.base/java.util.ArrayList.forEach(ArrayList.java:1511)
at org.testng.TestRunner.privateRun(TestRunner.java:794)
at org.testng.TestRunner.run(TestRunner.java:596)
at org.testng.SuiteRunner.runTest(SuiteRunner.java:377)
at org.testng.SuiteRunner.runSequentially(SuiteRunner.java:371)
at org.testng.SuiteRunner.privateRun(SuiteRunner.java:332)
at org.testng.SuiteRunner.run(SuiteRunner.java:276)
at org.testng.SuiteRunnerWorker.runSuite(SuiteRunnerWorker.java:53)
at org.testng.SuiteRunnerWorker.run(SuiteRunnerWorker.java:96)
at org.testng.TestNG.runSuitesSequentially(TestNG.java:1212)
at org.testng.TestNG.runSuitesSequentially(TestNG.java:1207)
at org.testng.TestNG.runSuitesLocally(TestNG.java:1134)
at org.testng.TestNG.runSuites(TestNG.java:1063)
at org.testng.TestNG.run(TestNG.java:1031)
at org.testng.remote.AbstractRemoteTestNG.run(AbstractRemoteTestNG.java:115)
at org.testng.remote.RemoteTestNG.initAndRun(RemoteTestNG.java:251)
at org.testng.remote.RemoteTestNG.main(RemoteTestNG.java:77)
]]>
    </error>
  </testcase> <!-- deleteAfterCatch -->
  <system-out/>
  <testcase classname="org.test.CustomerOrganizationInvoice" name="labelValidation" time="7.604"/>
  <system-out/>
  <testcase classname="org.test.CustomerOrganizationInvoice" name="namePrepopulation" time="3.202"/>
  <system-out/>
  <testcase classname="org.test.CustomerOrganizationInvoice" name="autoCompleteOrganizationContactCreation" time="11.394"/>
  <system-out/>
  <testcase classname="org.test.CustomerOrganizationInvoice" name="mandatoryValidationDeuDate" time="0.600"/>
  <system-out/>
  <testcase classname="org.test.CustomerOrganizationInvoice" name="mandatoryValidationInventoryItem" time="0.062"/>
  <system-out/>
  <testcase classname="org.test.CustomerOrganizationInvoice" name="mandatoryValidationQunatity" time="0.056"/>
  <system-out/>
  <testcase classname="org.test.CustomerOrganizationInvoice" name="mandatoryValidationPrice" time="0.059"/>
  <system-out/>
  <testcase classname="org.test.CustomerOrganizationInvoice" name="mandatoryValidationDescription" time="0.056"/>
  <system-out/>
  <testcase classname="org.test.CustomerOrganizationInvoice" name="maximumValidationReference" time="5.870"/>
  <system-out/>
  <testcase classname="org.test.CustomerOrganizationInvoice" name="maximumValidationInvoiceTittle" time="0.688"/>
  <system-out/>
  <testcase classname="org.test.CustomerOrganizationInvoice" name="maximumValidationInventoryItem" time="1.015"/>
  <system-out/>
  <testcase classname="org.test.CustomerOrganizationInvoice" name="emptyValidationQuantityField" time="0.237"/>
  <system-out/>
  <testcase classname="org.test.CustomerOrganizationInvoice" name="maxQuanitityLimit" time="0.271"/>
  <system-out/>
  <testcase classname="org.test.CustomerOrganizationInvoice" name="afterDecimalPointValidationQuantityField" time="0.209"/>
  <system-out/>
  <testcase classname="org.test.CustomerOrganizationInvoice" name="beforeDecimalPointValidationQuantityField" time="0.320"/>
  <system-out/>
  <testcase classname="org.test.CustomerOrganizationInvoice" name="emptyValidationPriceField" time="0.238"/>
  <system-out/>
  <testcase classname="org.test.CustomerOrganizationInvoice" name="maxPriceLimit" time="0.215"/>
  <system-out/>
  <testcase classname="org.test.CustomerOrganizationInvoice" name="beforeDecimalPointPriceField" time="0.239"/>
  <system-out/>
  <testcase classname="org.test.CustomerOrganizationInvoice" name="afterDecimalPointPriceField" time="0.267"/>
  <system-out/>
  <testcase classname="org.test.CustomerOrganizationInvoice" name="afterDecimalPointDiscountField" time="0.225"/>
  <system-out/>
  <testcase classname="org.test.CustomerOrganizationInvoice" name="beforeDecimalPointDiscountField" time="0.195"/>
  <system-out/>
  <testcase classname="org.test.CustomerOrganizationInvoice" name="maxLimitDiscountField" time="0.194"/>
  <system-out/>
  <testcase classname="org.test.CustomerOrganizationInvoice" name="afterDecimalPointTaxField" time="2.310">
    <skipped/>
  </testcase> <!-- afterDecimalPointTaxField -->
  <system-out/>
  <testcase classname="org.test.CustomerOrganizationInvoice" name="beforeDecimalPointTaxField" time="2.302">
    <skipped/>
  </testcase> <!-- beforeDecimalPointTaxField -->
  <system-out/>
  <testcase classname="org.test.CustomerOrganizationInvoice" name="maxLimitTaxField" time="2.292">
    <skipped/>
  </testcase> <!-- maxLimitTaxField -->
  <system-out/>
  <testcase classname="org.test.CustomerOrganizationInvoice" name="maximumValidationDescription" time="1.807"/>
  <system-out/>
  <testcase classname="org.test.CustomerOrganizationInvoice" name="maximumValidationNotes" time="48.922"/>
  <system-out/>
  <testcase classname="org.test.CustomerOrganizationInvoice" name="expiryFieldPastDateValidation" time="8.738"/>
  <system-out/>
  <testcase classname="org.test.CustomerOrganizationInvoice" name="validateCalculation" time="8.381"/>
  <system-out/>
  <testcase classname="org.test.CustomerOrganizationInvoice" name="createInvoice" time="9.566"/>
  <system-out/>
  <testcase classname="org.test.CustomerOrganizationInvoice" name="invoiceCreatedCount" time="30.144">
    <error message="Expected condition failed: waiting for visibility of element located by By.id: total-invoice-count (tried for 30 second(s) with 500 milliseconds interval)" type="org.openqa.selenium.TimeoutException">
      <![CDATA[org.openqa.selenium.TimeoutException: Expected condition failed: waiting for visibility of element located by By.id: total-invoice-count (tried for 30 second(s) with 500 milliseconds interval)
at org.openqa.selenium.support.ui.WebDriverWait.timeoutException(WebDriverWait.java:95)
at org.openqa.selenium.support.ui.FluentWait.until(FluentWait.java:272)
at com.zaigo.pageobjects.InvoicePage.getText(InvoicePage.java:224)
at com.zaigo.pageobjects.InvoicePage.countValidation(InvoicePage.java:671)
at org.test.CustomerOrganizationInvoice.invoiceCreatedCount(CustomerOrganizationInvoice.java:873)
at java.base/jdk.internal.reflect.NativeMethodAccessorImpl.invoke0(Native Method)
at java.base/jdk.internal.reflect.NativeMethodAccessorImpl.invoke(NativeMethodAccessorImpl.java:77)
at java.base/jdk.internal.reflect.DelegatingMethodAccessorImpl.invoke(DelegatingMethodAccessorImpl.java:43)
at java.base/java.lang.reflect.Method.invoke(Method.java:568)
at org.testng.internal.MethodInvocationHelper.invokeMethod(MethodInvocationHelper.java:133)
at org.testng.internal.TestInvoker.invokeMethod(TestInvoker.java:598)
at org.testng.internal.TestInvoker.invokeTestMethod(TestInvoker.java:173)
at org.testng.internal.MethodRunner.runInSequence(MethodRunner.java:46)
at org.testng.internal.TestInvoker$MethodInvocationAgent.invoke(TestInvoker.java:824)
at org.testng.internal.TestInvoker.invokeTestMethods(TestInvoker.java:146)
at org.testng.internal.TestMethodWorker.invokeTestMethods(TestMethodWorker.java:146)
at org.testng.internal.TestMethodWorker.run(TestMethodWorker.java:128)
at java.base/java.util.ArrayList.forEach(ArrayList.java:1511)
at org.testng.TestRunner.privateRun(TestRunner.java:794)
at org.testng.TestRunner.run(TestRunner.java:596)
at org.testng.SuiteRunner.runTest(SuiteRunner.java:377)
at org.testng.SuiteRunner.runSequentially(SuiteRunner.java:371)
at org.testng.SuiteRunner.privateRun(SuiteRunner.java:332)
at org.testng.SuiteRunner.run(SuiteRunner.java:276)
at org.testng.SuiteRunnerWorker.runSuite(SuiteRunnerWorker.java:53)
at org.testng.SuiteRunnerWorker.run(SuiteRunnerWorker.java:96)
at org.testng.TestNG.runSuitesSequentially(TestNG.java:1212)
at org.testng.TestNG.runSuitesSequentially(TestNG.java:1207)
at org.testng.TestNG.runSuitesLocally(TestNG.java:1134)
at org.testng.TestNG.runSuites(TestNG.java:1063)
at org.testng.TestNG.run(TestNG.java:1031)
at org.testng.remote.AbstractRemoteTestNG.run(AbstractRemoteTestNG.java:115)
at org.testng.remote.RemoteTestNG.initAndRun(RemoteTestNG.java:251)
at org.testng.remote.RemoteTestNG.main(RemoteTestNG.java:77)
Caused by: org.openqa.selenium.NoSuchElementException: no such element: Unable to locate element: {"method":"css selector","selector":"#total\-invoice\-count"}
  (Session info: chrome=113.0.5672.127)
For documentation on this error, please visit: http://seleniumhq.org/exceptions/no_such_element.html
Build info: version: '3.141.5', revision: 'd54ebd709a', time: '2018-11-06T11:42:16'
System info: host: 'DESKTOP-5M7AM2E', ip: '192.168.56.1', os.name: 'Windows 11', os.arch: 'amd64', os.version: '10.0', java.version: '17.0.3'
Driver info: org.openqa.selenium.chrome.ChromeDriver
Capabilities {acceptInsecureCerts: false, browserName: chrome, browserVersion: 113.0.5672.127, chrome: {chromedriverVersion: 113.0.5672.63 (0e1a4471d5ae..., userDataDir: C:\Users\ZAIGOP~1\AppData\L...}, goog:chromeOptions: {debuggerAddress: localhost:64813}, javascriptEnabled: true, networkConnectionEnabled: false, pageLoadStrategy: normal, platform: WINDOWS, platformName: WINDOWS, proxy: Proxy(), setWindowRect: true, strictFileInteractability: false, timeouts: {implicit: 0, pageLoad: 300000, script: 30000}, unhandledPromptBehavior: dismiss and notify, webauthn:extension:credBlob: true, webauthn:extension:largeBlob: true, webauthn:extension:minPinLength: true, webauthn:extension:prf: true, webauthn:virtualAuthenticators: true}
Session ID: 07ea67ec56fec4b67020c2447b5651f6
*** Element info: {Using=id, value=total-invoice-count}
at jdk.internal.reflect.GeneratedConstructorAccessor20.newInstance(Unknown Source)
at java.base/jdk.internal.reflect.DelegatingConstructorAccessorImpl.newInstance(DelegatingConstructorAccessorImpl.java:45)
at java.base/java.lang.reflect.Constructor.newInstanceWithCaller(Constructor.java:499)
at java.base/java.lang.reflect.Constructor.newInstance(Constructor.java:480)
at org.openqa.selenium.remote.http.W3CHttpResponseCodec.createException(W3CHttpResponseCodec.java:187)
at org.openqa.selenium.remote.http.W3CHttpResponseCodec.decode(W3CHttpResponseCodec.java:122)
at org.openqa.selenium.remote.http.W3CHttpResponseCodec.decode(W3CHttpResponseCodec.java:49)
at org.openqa.selenium.remote.HttpCommandExecutor.execute(HttpCommandExecutor.java:158)
at org.openqa.selenium.remote.service.DriverCommandExecutor.execute(DriverCommandExecutor.java:83)
at org.openqa.selenium.remote.RemoteWebDriver.execute(RemoteWebDriver.java:552)
at org.openqa.selenium.remote.RemoteWebDriver.findElement(RemoteWebDriver.java:323)
at org.openqa.selenium.remote.RemoteWebDriver.findElementById(RemoteWebDriver.java:372)
at org.openqa.selenium.By$ById.findElement(By.java:188)
at org.openqa.selenium.remote.RemoteWebDriver.findElement(RemoteWebDriver.java:315)
at org.openqa.selenium.support.ui.ExpectedConditions$7.apply(ExpectedConditions.java:205)
at org.openqa.selenium.support.ui.ExpectedConditions$7.apply(ExpectedConditions.java:201)
at org.openqa.selenium.support.ui.FluentWait.until(FluentWait.java:249)
... 32 more
]]>
    </error>
  </testcase> <!-- invoiceCreatedCount -->
  <system-out/>
  <testcase classname="org.test.CustomerOrganizationInvoice" name="editLableValidation" time="30.546">
    <error message="Expected condition failed: waiting for visibility of Proxy element for: DefaultElementLocator &#039;By.all({By.xpath: //*[@id=&#039;fieldy-customer-organization-invoice-list_aserpttbl&#039;]/tbody/tr[2]/td[3],By.xpath: //*[@id=&#039;fieldy-customer-contact-invoice-list_aserpttbl&#039;]/tbody/tr[2]/td[3],By.xpath: //*[@id=&#039;fieldy-main-invoice-list_aserpttbl&#039;]/tbody/tr[2]/td[3]})&#039; (tried for 30 second(s) with 500 milliseconds interval)" type="org.openqa.selenium.TimeoutException">
      <![CDATA[org.openqa.selenium.TimeoutException: Expected condition failed: waiting for visibility of Proxy element for: DefaultElementLocator 'By.all({By.xpath: //*[@id='fieldy-customer-organization-invoice-list_aserpttbl']/tbody/tr[2]/td[3],By.xpath: //*[@id='fieldy-customer-contact-invoice-list_aserpttbl']/tbody/tr[2]/td[3],By.xpath: //*[@id='fieldy-main-invoice-list_aserpttbl']/tbody/tr[2]/td[3]})' (tried for 30 second(s) with 500 milliseconds interval)
at org.openqa.selenium.support.ui.WebDriverWait.timeoutException(WebDriverWait.java:95)
at org.openqa.selenium.support.ui.FluentWait.until(FluentWait.java:272)
at com.zaigo.pageobjects.InvoicePage.getText(InvoicePage.java:236)
at com.zaigo.pageobjects.InvoicePage.invocieLandPage(InvoicePage.java:566)
at org.test.CustomerOrganizationInvoice.editLableValidation(CustomerOrganizationInvoice.java:894)
at java.base/jdk.internal.reflect.NativeMethodAccessorImpl.invoke0(Native Method)
at java.base/jdk.internal.reflect.NativeMethodAccessorImpl.invoke(NativeMethodAccessorImpl.java:77)
at java.base/jdk.internal.reflect.DelegatingMethodAccessorImpl.invoke(DelegatingMethodAccessorImpl.java:43)
at java.base/java.lang.reflect.Method.invoke(Method.java:568)
at org.testng.internal.MethodInvocationHelper.invokeMethod(MethodInvocationHelper.java:133)
at org.testng.internal.TestInvoker.invokeMethod(TestInvoker.java:598)
at org.testng.internal.TestInvoker.invokeTestMethod(TestInvoker.java:173)
at org.testng.internal.MethodRunner.runInSequence(MethodRunner.java:46)
at org.testng.internal.TestInvoker$MethodInvocationAgent.invoke(TestInvoker.java:824)
at org.testng.internal.TestInvoker.invokeTestMethods(TestInvoker.java:146)
at org.testng.internal.TestMethodWorker.invokeTestMethods(TestMethodWorker.java:146)
at org.testng.internal.TestMethodWorker.run(TestMethodWorker.java:128)
at java.base/java.util.ArrayList.forEach(ArrayList.java:1511)
at org.testng.TestRunner.privateRun(TestRunner.java:794)
at org.testng.TestRunner.run(TestRunner.java:596)
at org.testng.SuiteRunner.runTest(SuiteRunner.java:377)
at org.testng.SuiteRunner.runSequentially(SuiteRunner.java:371)
at org.testng.SuiteRunner.privateRun(SuiteRunner.java:332)
at org.testng.SuiteRunner.run(SuiteRunner.java:276)
at org.testng.SuiteRunnerWorker.runSuite(SuiteRunnerWorker.java:53)
at org.testng.SuiteRunnerWorker.run(SuiteRunnerWorker.java:96)
at org.testng.TestNG.runSuitesSequentially(TestNG.java:1212)
at org.testng.TestNG.runSuitesSequentially(TestNG.java:1207)
at org.testng.TestNG.runSuitesLocally(TestNG.java:1134)
at org.testng.TestNG.runSuites(TestNG.java:1063)
at org.testng.TestNG.run(TestNG.java:1031)
at org.testng.remote.AbstractRemoteTestNG.run(AbstractRemoteTestNG.java:115)
at org.testng.remote.RemoteTestNG.initAndRun(RemoteTestNG.java:251)
at org.testng.remote.RemoteTestNG.main(RemoteTestNG.java:77)
Caused by: org.openqa.selenium.NoSuchElementException: Cannot locate an element using By.all({By.xpath: //*[@id='fieldy-customer-organization-invoice-list_aserpttbl']/tbody/tr[2]/td[3],By.xpath: //*[@id='fieldy-customer-contact-invoice-list_aserpttbl']/tbody/tr[2]/td[3],By.xpath: //*[@id='fieldy-main-invoice-list_aserpttbl']/tbody/tr[2]/td[3]})
For documentation on this error, please visit: http://seleniumhq.org/exceptions/no_such_element.html
Build info: version: '3.141.5', revision: 'd54ebd709a', time: '2018-11-06T11:42:16'
System info: host: 'DESKTOP-5M7AM2E', ip: '192.168.56.1', os.name: 'Windows 11', os.arch: 'amd64', os.version: '10.0', java.version: '17.0.3'
Driver info: driver.version: RemoteWebDriver
at org.openqa.selenium.support.pagefactory.ByAll.findElement(ByAll.java:58)
at org.openqa.selenium.remote.RemoteWebDriver.findElement(RemoteWebDriver.java:315)
at org.openqa.selenium.support.pagefactory.DefaultElementLocator.findElement(DefaultElementLocator.java:69)
at org.openqa.selenium.support.pagefactory.internal.LocatingElementHandler.invoke(LocatingElementHandler.java:38)
at jdk.proxy2/jdk.proxy2.$Proxy15.isDisplayed(Unknown Source)
at org.openqa.selenium.support.ui.ExpectedConditions.elementIfVisible(ExpectedConditions.java:314)
at org.openqa.selenium.support.ui.ExpectedConditions.access$000(ExpectedConditions.java:43)
at org.openqa.selenium.support.ui.ExpectedConditions$10.apply(ExpectedConditions.java:300)
at org.openqa.selenium.support.ui.ExpectedConditions$10.apply(ExpectedConditions.java:297)
at org.openqa.selenium.support.ui.FluentWait.until(FluentWait.java:249)
... 32 more
]]>
    </error>
  </testcase> <!-- editLableValidation -->
  <system-out/>
  <testcase classname="org.test.CustomerOrganizationInvoice" name="mandatoryValidationEditDueDate" time="0.800"/>
  <system-out/>
  <testcase classname="org.test.CustomerOrganizationInvoice" name="mandatoryValidationEditQunatity" time="0.066"/>
  <system-out/>
  <testcase classname="org.test.CustomerOrganizationInvoice" name="mandatoryValidationEditPrice" time="0.062"/>
  <system-out/>
  <testcase classname="org.test.CustomerOrganizationInvoice" name="mandatoryValidationEditDescription" time="0.114"/>
  <system-out/>
  <testcase classname="org.test.CustomerOrganizationInvoice" name="maximumValidationEditReference" time="0.625"/>
  <system-out/>
  <testcase classname="org.test.CustomerOrganizationInvoice" name="maximumValidationEditInvoiceTittle" time="0.692"/>
  <system-out/>
  <testcase classname="org.test.CustomerOrganizationInvoice" name="maximumValidationEditInventoryItem" time="1.140"/>
  <system-out/>
  <testcase classname="org.test.CustomerOrganizationInvoice" name="emptyValidationEditQuantityField" time="0.222"/>
  <system-out/>
  <testcase classname="org.test.CustomerOrganizationInvoice" name="maxEditQuanitityLimit" time="0.281"/>
  <system-out/>
  <testcase classname="org.test.CustomerOrganizationInvoice" name="afterEditDecimalPointValidationQuantityField" time="0.210"/>
  <system-out/>
  <testcase classname="org.test.CustomerOrganizationInvoice" name="beforeEditDecimalPointValidationQuantityField" time="0.309"/>
  <system-out/>
  <testcase classname="org.test.CustomerOrganizationInvoice" name="emptyValidationEditPriceField" time="0.232"/>
  <system-out/>
  <testcase classname="org.test.CustomerOrganizationInvoice" name="maxEditPriceLimit" time="0.206"/>
  <system-out/>
  <testcase classname="org.test.CustomerOrganizationInvoice" name="beforeEditDecimalPointPriceField" time="0.244"/>
  <system-out/>
  <testcase classname="org.test.CustomerOrganizationInvoice" name="afterEditDecimalPointPriceField" time="0.268"/>
  <system-out/>
  <testcase classname="org.test.CustomerOrganizationInvoice" name="afterEditDecimalPointDiscountField" time="0.215"/>
  <system-out/>
  <testcase classname="org.test.CustomerOrganizationInvoice" name="beforeEditDecimalPointDiscountField" time="0.188"/>
  <system-out/>
  <testcase classname="org.test.CustomerOrganizationInvoice" name="maxLimitEditDiscountField" time="0.173"/>
  <system-out/>
  <testcase classname="org.test.CustomerOrganizationInvoice" name="afterDecimalEditPointTaxField" time="2.329">
    <skipped/>
  </testcase> <!-- afterDecimalEditPointTaxField -->
  <system-out/>
  <testcase classname="org.test.CustomerOrganizationInvoice" name="beforeDecimalEditPointTaxField" time="2.293">
    <skipped/>
  </testcase> <!-- beforeDecimalEditPointTaxField -->
  <system-out/>
  <testcase classname="org.test.CustomerOrganizationInvoice" name="maxEditLimitTaxField" time="2.300">
    <skipped/>
  </testcase> <!-- maxEditLimitTaxField -->
  <system-out/>
  <testcase classname="org.test.CustomerOrganizationInvoice" name="maximumEditValidationDescription" time="1.806"/>
  <system-out/>
  <testcase classname="org.test.CustomerOrganizationInvoice" name="maximumEditValidationNotes" time="48.784"/>
  <system-out/>
  <testcase classname="org.test.CustomerOrganizationInvoice" name="expiryEditFieldPastDateValidation" time="1709.229">
    <error message="Expected condition failed: waiting for visibility of element located by By.id: invoicedrop (tried for 100 second(s) with 500 milliseconds interval)" type="org.openqa.selenium.TimeoutException">
      <![CDATA[org.openqa.selenium.TimeoutException: Expected condition failed: waiting for visibility of element located by By.id: invoicedrop (tried for 100 second(s) with 500 milliseconds interval)
at org.openqa.selenium.support.ui.WebDriverWait.timeoutException(WebDriverWait.java:95)
at org.openqa.selenium.support.ui.FluentWait.until(FluentWait.java:272)
at com.zaigo.pageobjects.InvoicePage.mouseActionClick(InvoicePage.java:165)
at com.zaigo.pageobjects.InvoicePage.responseMessage(InvoicePage.java:917)
at org.test.CustomerOrganizationInvoice.expiryEditFieldPastDateValidation(CustomerOrganizationInvoice.java:1518)
at java.base/jdk.internal.reflect.NativeMethodAccessorImpl.invoke0(Native Method)
at java.base/jdk.internal.reflect.NativeMethodAccessorImpl.invoke(NativeMethodAccessorImpl.java:77)
at java.base/jdk.internal.reflect.DelegatingMethodAccessorImpl.invoke(DelegatingMethodAccessorImpl.java:43)
at java.base/java.lang.reflect.Method.invoke(Method.java:568)
at org.testng.internal.MethodInvocationHelper.invokeMethod(MethodInvocationHelper.java:133)
at org.testng.internal.TestInvoker.invokeMethod(TestInvoker.java:598)
at org.testng.internal.TestInvoker.invokeTestMethod(TestInvoker.java:173)
at org.testng.internal.MethodRunner.runInSequence(MethodRunner.java:46)
at org.testng.internal.TestInvoker$MethodInvocationAgent.invoke(TestInvoker.java:824)
at org.testng.internal.TestInvoker.invokeTestMethods(TestInvoker.java:146)
at org.testng.internal.TestMethodWorker.invokeTestMethods(TestMethodWorker.java:146)
at org.testng.internal.TestMethodWorker.run(TestMethodWorker.java:128)
at java.base/java.util.ArrayList.forEach(ArrayList.java:1511)
at org.testng.TestRunner.privateRun(TestRunner.java:794)
at org.testng.TestRunner.run(TestRunner.java:596)
at org.testng.SuiteRunner.runTest(SuiteRunner.java:377)
at org.testng.SuiteRunner.runSequentially(SuiteRunner.java:371)
at org.testng.SuiteRunner.privateRun(SuiteRunner.java:332)
at org.testng.SuiteRunner.run(SuiteRunner.java:276)
at org.testng.SuiteRunnerWorker.runSuite(SuiteRunnerWorker.java:53)
at org.testng.SuiteRunnerWorker.run(SuiteRunnerWorker.java:96)
at org.testng.TestNG.runSuitesSequentially(TestNG.java:1212)
at org.testng.TestNG.runSuitesSequentially(TestNG.java:1207)
at org.testng.TestNG.runSuitesLocally(TestNG.java:1134)
at org.testng.TestNG.runSuites(TestNG.java:1063)
at org.testng.TestNG.run(TestNG.java:1031)
at org.testng.remote.AbstractRemoteTestNG.run(AbstractRemoteTestNG.java:115)
at org.testng.remote.RemoteTestNG.initAndRun(RemoteTestNG.java:251)
at org.testng.remote.RemoteTestNG.main(RemoteTestNG.java:77)
Caused by: org.openqa.selenium.NoSuchWindowException: no such window: target window already closed
from unknown error: web view not found
  (Session info: chrome=113.0.5672.127)
Build info: version: '3.141.5', revision: 'd54ebd709a', time: '2018-11-06T11:42:16'
System info: host: 'DESKTOP-5M7AM2E', ip: '192.168.56.1', os.name: 'Windows 11', os.arch: 'amd64', os.version: '10.0', java.version: '17.0.3'
Driver info: org.openqa.selenium.chrome.ChromeDriver
Capabilities {acceptInsecureCerts: false, browserName: chrome, browserVersion: 113.0.5672.127, chrome: {chromedriverVersion: 113.0.5672.63 (0e1a4471d5ae..., userDataDir: C:\Users\ZAIGOP~1\AppData\L...}, goog:chromeOptions: {debuggerAddress: localhost:64813}, javascriptEnabled: true, networkConnectionEnabled: false, pageLoadStrategy: normal, platform: WINDOWS, platformName: WINDOWS, proxy: Proxy(), setWindowRect: true, strictFileInteractability: false, timeouts: {implicit: 0, pageLoad: 300000, script: 30000}, unhandledPromptBehavior: dismiss and notify, webauthn:extension:credBlob: true, webauthn:extension:largeBlob: true, webauthn:extension:minPinLength: true, webauthn:extension:prf: true, webauthn:virtualAuthenticators: true}
Session ID: 07ea67ec56fec4b67020c2447b5651f6
*** Element info: {Using=id, value=invoicedrop}
at jdk.internal.reflect.GeneratedConstructorAccessor38.newInstance(Unknown Source)
at java.base/jdk.internal.reflect.DelegatingConstructorAccessorImpl.newInstance(DelegatingConstructorAccessorImpl.java:45)
at java.base/java.lang.reflect.Constructor.newInstanceWithCaller(Constructor.java:499)
at java.base/java.lang.reflect.Constructor.newInstance(Constructor.java:480)
at org.openqa.selenium.remote.http.W3CHttpResponseCodec.createException(W3CHttpResponseCodec.java:187)
at org.openqa.selenium.remote.http.W3CHttpResponseCodec.decode(W3CHttpResponseCodec.java:122)
at org.openqa.selenium.remote.http.W3CHttpResponseCodec.decode(W3CHttpResponseCodec.java:49)
at org.openqa.selenium.remote.HttpCommandExecutor.execute(HttpCommandExecutor.java:158)
at org.openqa.selenium.remote.service.DriverCommandExecutor.execute(DriverCommandExecutor.java:83)
at org.openqa.selenium.remote.RemoteWebDriver.execute(RemoteWebDriver.java:552)
at org.openqa.selenium.remote.RemoteWebDriver.findElement(RemoteWebDriver.java:323)
at org.openqa.selenium.remote.RemoteWebDriver.findElementById(RemoteWebDriver.java:372)
at org.openqa.selenium.By$ById.findElement(By.java:188)
at org.openqa.selenium.remote.RemoteWebDriver.findElement(RemoteWebDriver.java:315)
at org.openqa.selenium.support.ui.ExpectedConditions$7.apply(ExpectedConditions.java:205)
at org.openqa.selenium.support.ui.ExpectedConditions$7.apply(ExpectedConditions.java:201)
at org.openqa.selenium.support.ui.FluentWait.until(FluentWait.java:249)
... 32 more
]]>
    </error>
  </testcase> <!-- expiryEditFieldPastDateValidation -->
  <system-out/>
  <testcase classname="org.test.CustomerOrganizationInvoice" name="updatedInvoice" time="0.000">
    <skipped/>
  </testcase> <!-- updatedInvoice -->
  <system-out/>
  <testcase classname="org.test.CustomerOrganizationInvoice" name="draftInvoice" time="0.000">
    <skipped/>
  </testcase> <!-- draftInvoice -->
  <system-out/>
  <testcase classname="org.test.CustomerOrganizationInvoice" name="createdQuoteStatus" time="0.000">
    <skipped/>
  </testcase> <!-- createdQuoteStatus -->
  <system-out/>
  <testcase classname="org.test.CustomerOrganizationInvoice" name="UpdatedInvociePartialPayment" time="0.000">
    <skipped/>
  </testcase> <!-- UpdatedInvociePartialPayment -->
  <system-out/>
  <testcase classname="org.test.CustomerOrganizationInvoice" name="partialPaidAmount" time="0.000">
    <skipped/>
  </testcase> <!-- partialPaidAmount -->
  <system-out/>
  <testcase classname="org.test.CustomerOrganizationInvoice" name="UpdatedInvociePaid" time="0.000">
    <skipped/>
  </testcase> <!-- UpdatedInvociePaid -->
  <system-out/>
  <testcase classname="org.test.CustomerOrganizationInvoice" name="fullyPaidAmount" time="0.000">
    <skipped/>
  </testcase> <!-- fullyPaidAmount -->
  <system-out/>
  <testcase classname="org.test.CustomerOrganizationInvoice" name="listInvoiceNo" time="0.000">
    <skipped/>
  </testcase> <!-- listInvoiceNo -->
  <system-out/>
  <testcase classname="org.test.CustomerOrganizationInvoice" name="listQuoteReference" time="0.000">
    <skipped/>
  </testcase> <!-- listQuoteReference -->
  <system-out/>
  <testcase classname="org.test.CustomerOrganizationInvoice" name="filterDateInvoice" time="0.000">
    <skipped/>
  </testcase> <!-- filterDateInvoice -->
  <system-out/>
  <testcase classname="org.test.CustomerOrganizationInvoice" name="listInvalid" time="0.000">
    <skipped/>
  </testcase> <!-- listInvalid -->
  <system-out/>
</testsuite> <!-- org.test.CustomerOrganizationInvoice -->
