<?xml version="1.0" encoding="UTF-8"?>
<!-- Generated by org.testng.reporters.JUnitReportReporter -->
<<<<<<< HEAD
<testsuite hostname="DESKTOP-5M7AM2E" failures="0" tests="45" name="org.test.GlobalOrganizationJob" time="284.619" errors="0" timestamp="2023-04-23T22:29:52 IST" skipped="0">
  <testcase classname="org.test.GlobalOrganizationJob" name="loginPage" time="20.396"/>
  <system-out/>
  <testcase classname="org.test.GlobalOrganizationJob" name="jobModule" time="0.920"/>
  <system-out/>
  <testcase classname="org.test.GlobalOrganizationJob" name="labelValidation" time="1.390"/>
  <system-out/>
  <testcase classname="org.test.GlobalOrganizationJob" name="organizationMandatoryValidation" time="1.719"/>
  <system-out/>
  <testcase classname="org.test.GlobalOrganizationJob" name="autoCompleteOrganizationCreation" time="17.198"/>
  <system-out/>
  <testcase classname="org.test.GlobalOrganizationJob" name="autoCompleteOrganizationContactCreation" time="11.597"/>
  <system-out/>
  <testcase classname="org.test.GlobalOrganizationJob" name="mandatoryValidationLocation" time="0.065"/>
  <system-out/>
  <testcase classname="org.test.GlobalOrganizationJob" name="maximumValidationLocation" time="4.827"/>
  <system-out/>
  <testcase classname="org.test.GlobalOrganizationJob" name="maximumValidationTittle" time="4.160"/>
  <system-out/>
  <testcase classname="org.test.GlobalOrganizationJob" name="mandatoryValidationDescription" time="0.067"/>
  <system-out/>
  <testcase classname="org.test.GlobalOrganizationJob" name="maximumValidationDescription" time="3.857"/>
  <system-out/>
  <testcase classname="org.test.GlobalOrganizationJob" name="maximumTagValidation" time="0.666"/>
  <system-out/>
  <testcase classname="org.test.GlobalOrganizationJob" name="duplicateTagsValidation" time="0.386"/>
  <system-out/>
  <testcase classname="org.test.GlobalOrganizationJob" name="maxTagLimitValidation" time="14.432"/>
  <system-out/>
  <testcase classname="org.test.GlobalOrganizationJob" name="maximumValidationNotes" time="3.758"/>
  <system-out/>
  <testcase classname="org.test.GlobalOrganizationJob" name="createButton" time="0.119"/>
  <system-out/>
  <testcase classname="org.test.GlobalOrganizationJob" name="unsssignedJob" time="13.774"/>
  <system-out/>
  <testcase classname="org.test.GlobalOrganizationJob" name="jobUnassignedStatus" time="0.114"/>
  <system-out/>
  <testcase classname="org.test.GlobalOrganizationJob" name="labelEditValidation" time="5.987"/>
  <system-out/>
  <testcase classname="org.test.GlobalOrganizationJob" name="editsmandatoryValidationLocation" time="0.276"/>
  <system-out/>
  <testcase classname="org.test.GlobalOrganizationJob" name="editmaximumValidationLocation" time="4.161"/>
  <system-out/>
  <testcase classname="org.test.GlobalOrganizationJob" name="editmaximumValidationTittle" time="0.118"/>
  <system-out/>
  <testcase classname="org.test.GlobalOrganizationJob" name="editmandatoryValidationDescription" time="0.065"/>
  <system-out/>
  <testcase classname="org.test.GlobalOrganizationJob" name="editmaximumValidationDescription" time="3.712"/>
  <system-out/>
  <testcase classname="org.test.GlobalOrganizationJob" name="editmaximumTagValidation" time="0.656"/>
  <system-out/>
  <testcase classname="org.test.GlobalOrganizationJob" name="editduplicateTagsValidation" time="0.404"/>
  <system-out/>
  <testcase classname="org.test.GlobalOrganizationJob" name="editmaxTagLimitValidation" time="14.265"/>
  <system-out/>
  <testcase classname="org.test.GlobalOrganizationJob" name="editmaximumValidationNotes" time="3.837"/>
  <system-out/>
  <testcase classname="org.test.GlobalOrganizationJob" name="updateButton" time="0.069"/>
  <system-out/>
  <testcase classname="org.test.GlobalOrganizationJob" name="editJobwithFromDateFromTime" time="11.538"/>
  <system-out/>
  <testcase classname="org.test.GlobalOrganizationJob" name="createJob_FromDateandTime_ToDateandTime" time="33.249"/>
  <system-out/>
  <testcase classname="org.test.GlobalOrganizationJob" name="jobScheduleStatus" time="0.128"/>
  <system-out/>
  <testcase classname="org.test.GlobalOrganizationJob" name="dispatchedJob" time="11.598"/>
  <system-out/>
  <testcase classname="org.test.GlobalOrganizationJob" name="jobDispatchedStatus" time="20.272"/>
  <system-out/>
  <testcase classname="org.test.GlobalOrganizationJob" name="startedJob" time="12.133"/>
  <system-out/>
  <testcase classname="org.test.GlobalOrganizationJob" name="jobStartedStatus" time="24.078"/>
  <system-out/>
  <testcase classname="org.test.GlobalOrganizationJob" name="completedJob" time="12.130"/>
  <system-out/>
  <testcase classname="org.test.GlobalOrganizationJob" name="jobCompleteStatus" time="0.110"/>
  <system-out/>
  <testcase classname="org.test.GlobalOrganizationJob" name="cancelledJob" time="12.715"/>
  <system-out/>
  <testcase classname="org.test.GlobalOrganizationJob" name="jobCancelledStatus" time="0.194"/>
  <system-out/>
  <testcase classname="org.test.GlobalOrganizationJob" name="searchCustomerName" time="2.867"/>
  <system-out/>
  <testcase classname="org.test.GlobalOrganizationJob" name="searchJobNo" time="6.270"/>
  <system-out/>
  <testcase classname="org.test.GlobalOrganizationJob" name="searchLocation" time="0.231"/>
  <system-out/>
  <testcase classname="org.test.GlobalOrganizationJob" name="searchFilterByDate" time="1.777"/>
  <system-out/>
  <testcase classname="org.test.GlobalOrganizationJob" name="searchInvalid" time="2.334"/>
=======
<testsuite hostname="DESKTOP-5M7AM2E" failures="0" tests="45" name="org.test.GlobalOrganizationJob" time="299.541" errors="0" timestamp="2023-05-03T12:38:55 IST" skipped="0">
  <testcase classname="org.test.GlobalOrganizationJob" name="loginPage" time="25.157"/>
  <system-out/>
  <testcase classname="org.test.GlobalOrganizationJob" name="jobModule" time="1.057"/>
  <system-out/>
  <testcase classname="org.test.GlobalOrganizationJob" name="labelValidation" time="2.135"/>
  <system-out/>
  <testcase classname="org.test.GlobalOrganizationJob" name="organizationMandatoryValidation" time="5.941"/>
  <system-out/>
  <testcase classname="org.test.GlobalOrganizationJob" name="autoCompleteOrganizationCreation" time="12.861"/>
  <system-out/>
  <testcase classname="org.test.GlobalOrganizationJob" name="autoCompleteOrganizationContactCreation" time="11.706"/>
  <system-out/>
  <testcase classname="org.test.GlobalOrganizationJob" name="mandatoryValidationLocation" time="0.129"/>
  <system-out/>
  <testcase classname="org.test.GlobalOrganizationJob" name="maximumValidationLocation" time="7.655"/>
  <system-out/>
  <testcase classname="org.test.GlobalOrganizationJob" name="maximumValidationTittle" time="4.781"/>
  <system-out/>
  <testcase classname="org.test.GlobalOrganizationJob" name="mandatoryValidationDescription" time="0.086"/>
  <system-out/>
  <testcase classname="org.test.GlobalOrganizationJob" name="maximumValidationDescription" time="4.627"/>
  <system-out/>
  <testcase classname="org.test.GlobalOrganizationJob" name="maximumTagValidation" time="0.808"/>
  <system-out/>
  <testcase classname="org.test.GlobalOrganizationJob" name="duplicateTagsValidation" time="0.427"/>
  <system-out/>
  <testcase classname="org.test.GlobalOrganizationJob" name="maxTagLimitValidation" time="17.192"/>
  <system-out/>
  <testcase classname="org.test.GlobalOrganizationJob" name="maximumValidationNotes" time="5.656"/>
  <system-out/>
  <testcase classname="org.test.GlobalOrganizationJob" name="createButton" time="0.124"/>
  <system-out/>
  <testcase classname="org.test.GlobalOrganizationJob" name="unsssignedJob" time="14.836"/>
  <system-out/>
  <testcase classname="org.test.GlobalOrganizationJob" name="jobUnassignedStatus" time="0.260"/>
  <system-out/>
  <testcase classname="org.test.GlobalOrganizationJob" name="labelEditValidation" time="6.278"/>
  <system-out/>
  <testcase classname="org.test.GlobalOrganizationJob" name="editsmandatoryValidationLocation" time="0.400"/>
  <system-out/>
  <testcase classname="org.test.GlobalOrganizationJob" name="editmaximumValidationLocation" time="6.194"/>
  <system-out/>
  <testcase classname="org.test.GlobalOrganizationJob" name="editmaximumValidationTittle" time="0.138"/>
  <system-out/>
  <testcase classname="org.test.GlobalOrganizationJob" name="editmandatoryValidationDescription" time="0.063"/>
  <system-out/>
  <testcase classname="org.test.GlobalOrganizationJob" name="editmaximumValidationDescription" time="4.131"/>
  <system-out/>
  <testcase classname="org.test.GlobalOrganizationJob" name="editmaximumTagValidation" time="0.708"/>
  <system-out/>
  <testcase classname="org.test.GlobalOrganizationJob" name="editduplicateTagsValidation" time="0.412"/>
  <system-out/>
  <testcase classname="org.test.GlobalOrganizationJob" name="editmaxTagLimitValidation" time="16.446"/>
  <system-out/>
  <testcase classname="org.test.GlobalOrganizationJob" name="editmaximumValidationNotes" time="5.436"/>
  <system-out/>
  <testcase classname="org.test.GlobalOrganizationJob" name="updateButton" time="0.076"/>
  <system-out/>
  <testcase classname="org.test.GlobalOrganizationJob" name="editJobwithFromDateFromTime" time="11.467"/>
  <system-out/>
  <testcase classname="org.test.GlobalOrganizationJob" name="createJob_FromDateandTime_ToDateandTime" time="33.452"/>
  <system-out/>
  <testcase classname="org.test.GlobalOrganizationJob" name="jobScheduleStatus" time="0.180"/>
  <system-out/>
  <testcase classname="org.test.GlobalOrganizationJob" name="dispatchedJob" time="10.764"/>
  <system-out/>
  <testcase classname="org.test.GlobalOrganizationJob" name="jobDispatchedStatus" time="0.183"/>
  <system-out/>
  <testcase classname="org.test.GlobalOrganizationJob" name="startedJob" time="9.985"/>
  <system-out/>
  <testcase classname="org.test.GlobalOrganizationJob" name="jobStartedStatus" time="0.147"/>
  <system-out/>
  <testcase classname="org.test.GlobalOrganizationJob" name="completedJob" time="10.638"/>
  <system-out/>
  <testcase classname="org.test.GlobalOrganizationJob" name="jobCompleteStatus" time="20.524"/>
  <system-out/>
  <testcase classname="org.test.GlobalOrganizationJob" name="cancelledJob" time="10.601"/>
  <system-out/>
  <testcase classname="org.test.GlobalOrganizationJob" name="jobCancelledStatus" time="26.447"/>
  <system-out/>
  <testcase classname="org.test.GlobalOrganizationJob" name="searchCustomerName" time="2.733"/>
  <system-out/>
  <testcase classname="org.test.GlobalOrganizationJob" name="searchJobNo" time="2.533"/>
  <system-out/>
  <testcase classname="org.test.GlobalOrganizationJob" name="searchLocation" time="0.311"/>
  <system-out/>
  <testcase classname="org.test.GlobalOrganizationJob" name="searchFilterByDate" time="1.968"/>
  <system-out/>
  <testcase classname="org.test.GlobalOrganizationJob" name="searchInvalid" time="1.888"/>
>>>>>>> 0854a1eab27eed2f52fc7f8faa0085f4f5986c02
  <system-out/>
</testsuite> <!-- org.test.GlobalOrganizationJob -->
