<?xml version="1.0" encoding="UTF-8"?>
<!-- Generated by org.testng.reporters.JUnitReportReporter -->
<testsuite hostname="DESKTOP-5M7AM2E" failures="0" tests="7" name="org.test.Login" time="39.380" errors="0" timestamp="2023-01-18T18:17:14 IST" skipped="0">
  <testcase classname="org.test.Login" name="verifyEmptyEmail" time="8.138"/>
  <system-out/>
  <testcase classname="org.test.Login" name="verifyEmptyPassword" time="2.673"/>
  <system-out/>
  <testcase classname="org.test.Login" name="verifyIncorrectMail" time="2.162"/>
  <system-out/>
  <testcase classname="org.test.Login" name="verifyIncorrectPassword" time="2.767"/>
  <system-out/>
  <testcase classname="org.test.Login" name="verifyInvalidEmail" time="2.097"/>
  <system-out/>
  <testcase classname="org.test.Login" name="verifyInvalidCredentials" time="2.231"/>
  <system-out/>
  <testcase classname="org.test.Login" name="verify" time="19.312"/>
  <system-out/>
</testsuite> <!-- org.test.Login -->
