<?xml version="1.0" encoding="UTF-8"?>
<!-- Generated by org.testng.reporters.JUnitReportReporter -->
<testsuite hostname="DESKTOP-5M7AM2E" failures="0" tests="19" name="org.test.BusinessUnit" time="124.645" errors="0" timestamp="2023-03-08T15:48:45 IST" skipped="0">
  <testcase classname="org.test.BusinessUnit" name="loginPage" time="28.173"/>
  <system-out/>
  <testcase classname="org.test.BusinessUnit" name="settingModule" time="3.686"/>
  <system-out/>
  <testcase classname="org.test.BusinessUnit" name="businessUnitLabel" time="0.168"/>
  <system-out/>
  <testcase classname="org.test.BusinessUnit" name="createFormLabel" time="0.825"/>
  <system-out/>
  <testcase classname="org.test.BusinessUnit" name="maximumValidationBussinessUnit" time="4.829"/>
  <system-out/>
  <testcase classname="org.test.BusinessUnit" name="mandatoryValidation" time="0.296"/>
  <system-out/>
  <testcase classname="org.test.BusinessUnit" name="verifySaveButtonExist" time="0.436"/>
  <system-out/>
  <testcase classname="org.test.BusinessUnit" name="businessCreate" time="8.805"/>
  <system-out/>
  <testcase classname="org.test.BusinessUnit" name="businessCreateList" time="0.056"/>
  <system-out/>
  <testcase classname="org.test.BusinessUnit" name="activeStatus" time="0.072"/>
  <system-out/>
  <testcase classname="org.test.BusinessUnit" name="editFormLabel" time="1.491"/>
  <system-out/>
  <testcase classname="org.test.BusinessUnit" name="editmaximumValidationBussinessUnit" time="4.901"/>
  <system-out/>
  <testcase classname="org.test.BusinessUnit" name="editmandatoryValidation" time="0.312"/>
  <system-out/>
  <testcase classname="org.test.BusinessUnit" name="verifyUpdateButtonExist" time="0.409"/>
  <system-out/>
  <testcase classname="org.test.BusinessUnit" name="businessUpdate" time="7.830"/>
  <system-out/>
  <testcase classname="org.test.BusinessUnit" name="deleteBusinessUnit" time="15.678"/>
  <system-out/>
  <testcase classname="org.test.BusinessUnit" name="reflectCreateContactPage" time="27.323"/>
  <system-out/>
  <testcase classname="org.test.BusinessUnit" name="inactiveLeadSource" time="14.488"/>
  <system-out/>
  <testcase classname="org.test.BusinessUnit" name="deleteLeadSource" time="4.867"/>
  <system-out/>
</testsuite> <!-- org.test.BusinessUnit -->
