<?xml version="1.0" encoding="UTF-8"?>
<!-- Generated by org.testng.reporters.JUnitReportReporter -->
<testsuite hostname="DESKTOP-5M7AM2E" failures="0" tests="46" name="org.test.GlobalOrganizationRequest" time="286.275" errors="0" timestamp="2023-06-02T15:22:10 IST" skipped="0">
  <testcase classname="org.test.GlobalOrganizationRequest" name="loginPage" time="35.095"/>
  <system-out/>
  <testcase classname="org.test.GlobalOrganizationRequest" name="requestModule" time="1.104"/>
  <system-out/>
  <testcase classname="org.test.GlobalOrganizationRequest" name="labelValidation" time="2.192"/>
  <system-out/>
  <testcase classname="org.test.GlobalOrganizationRequest" name="contactMandatoryValidation" time="2.969"/>
  <system-out/>
  <testcase classname="org.test.GlobalOrganizationRequest" name="autoCompleteOrganizationCreation" time="13.780"/>
  <system-out/>
  <testcase classname="org.test.GlobalOrganizationRequest" name="autoCompleteOrganizationContactCreation" time="11.161"/>
  <system-out/>
  <testcase classname="org.test.GlobalOrganizationRequest" name="contactNumberDisplayed" time="0.232"/>
  <system-out/>
  <testcase classname="org.test.GlobalOrganizationRequest" name="mandatoryValidationLocation" time="0.099"/>
  <system-out/>
  <testcase classname="org.test.GlobalOrganizationRequest" name="maximumValidationLocation" time="6.674"/>
  <system-out/>
  <testcase classname="org.test.GlobalOrganizationRequest" name="maximumValidationTittle" time="0.721"/>
  <system-out/>
  <testcase classname="org.test.GlobalOrganizationRequest" name="mandatoryValidationDescription" time="0.073"/>
  <system-out/>
  <testcase classname="org.test.GlobalOrganizationRequest" name="maximumValidationDescription" time="4.190"/>
  <system-out/>
  <testcase classname="org.test.GlobalOrganizationRequest" name="maximumTagValidation" time="0.812"/>
  <system-out/>
  <testcase classname="org.test.GlobalOrganizationRequest" name="duplicateTagsValidation" time="0.419"/>
  <system-out/>
  <testcase classname="org.test.GlobalOrganizationRequest" name="maxTagLimitValidation" time="16.880"/>
  <system-out/>
  <testcase classname="org.test.GlobalOrganizationRequest" name="maximumValidationNotes" time="5.556"/>
  <system-out/>
  <testcase classname="org.test.GlobalOrganizationRequest" name="createButton" time="0.078"/>
  <system-out/>
  <testcase classname="org.test.GlobalOrganizationRequest" name="unsssignedRequest" time="14.451"/>
  <system-out/>
  <testcase classname="org.test.GlobalOrganizationRequest" name="requestUnassignedStatus" time="0.227"/>
  <system-out/>
  <testcase classname="org.test.GlobalOrganizationRequest" name="labelEditValidation" time="8.231"/>
  <system-out/>
  <testcase classname="org.test.GlobalOrganizationRequest" name="editmandatoryValidationLocation" time="0.116"/>
  <system-out/>
  <testcase classname="org.test.GlobalOrganizationRequest" name="editmaximumValidationLocation" time="6.602"/>
  <system-out/>
  <testcase classname="org.test.GlobalOrganizationRequest" name="editmaximumValidationTittle" time="1.114"/>
  <system-out/>
  <testcase classname="org.test.GlobalOrganizationRequest" name="editmandatoryValidationDescription" time="0.099"/>
  <system-out/>
  <testcase classname="org.test.GlobalOrganizationRequest" name="editmaximumValidationDescription" time="4.725"/>
  <system-out/>
  <testcase classname="org.test.GlobalOrganizationRequest" name="editmaximumTagValidation" time="0.700"/>
  <system-out/>
  <testcase classname="org.test.GlobalOrganizationRequest" name="editduplicateTagsValidation" time="0.421"/>
  <system-out/>
  <testcase classname="org.test.GlobalOrganizationRequest" name="editmaxTagLimitValidation" time="17.333"/>
  <system-out/>
  <testcase classname="org.test.GlobalOrganizationRequest" name="editmaximumValidationNotes" time="5.908"/>
  <system-out/>
  <testcase classname="org.test.GlobalOrganizationRequest" name="updateButton" time="0.109"/>
  <system-out/>
  <testcase classname="org.test.GlobalOrganizationRequest" name="updatedRequest" time="12.474"/>
  <system-out/>
  <testcase classname="org.test.GlobalOrganizationRequest" name="createRequest_FromDateandTime_ToDateandTime" time="34.787"/>
  <system-out/>
  <testcase classname="org.test.GlobalOrganizationRequest" name="requestScheduleStatus" time="0.280"/>
  <system-out/>
  <testcase classname="org.test.GlobalOrganizationRequest" name="dispatchedRequest" time="12.602"/>
  <system-out/>
  <testcase classname="org.test.GlobalOrganizationRequest" name="requestDispatchedStatus" time="0.232"/>
  <system-out/>
  <testcase classname="org.test.GlobalOrganizationRequest" name="startedRequest" time="14.164"/>
  <system-out/>
  <testcase classname="org.test.GlobalOrganizationRequest" name="requestStartedStatus" time="0.263"/>
  <system-out/>
  <testcase classname="org.test.GlobalOrganizationRequest" name="completedRequest" time="13.700"/>
  <system-out/>
  <testcase classname="org.test.GlobalOrganizationRequest" name="requestCompleteStatus" time="0.242"/>
  <system-out/>
  <testcase classname="org.test.GlobalOrganizationRequest" name="cancelledRequest" time="14.847"/>
  <system-out/>
  <testcase classname="org.test.GlobalOrganizationRequest" name="requestCancelledStatus" time="0.639"/>
  <system-out/>
  <testcase classname="org.test.GlobalOrganizationRequest" name="searchCustomerName" time="5.480"/>
  <system-out/>
  <testcase classname="org.test.GlobalOrganizationRequest" name="searchRequestNo" time="3.299"/>
  <system-out/>
  <testcase classname="org.test.GlobalOrganizationRequest" name="searchLocation" time="3.399"/>
  <system-out/>
  <testcase classname="org.test.GlobalOrganizationRequest" name="searchFilterByDate" time="5.356"/>
  <system-out/>
  <testcase classname="org.test.GlobalOrganizationRequest" name="searchInvalid" time="2.440"/>
  <system-out/>
</testsuite> <!-- org.test.GlobalOrganizationRequest -->
