<?xml version="1.0" encoding="UTF-8"?>
<!-- Generated by org.testng.reporters.JUnitReportReporter -->
<testsuite hostname="DESKTOP-5M7AM2E" failures="0" tests="9" name="org.enhancement.LeadSource" time="105.945" errors="0" timestamp="2023-06-04T11:22:12 IST" skipped="0">
  <testcase classname="org.enhancement.LeadSource" name="loginPage" time="56.900"/>
  <system-out/>
  <testcase classname="org.enhancement.LeadSource" name="settingModule" time="2.001"/>
  <system-out/>
  <testcase classname="org.enhancement.LeadSource" name="leadSourceLabel" time="0.365"/>
  <system-out/>
  <testcase classname="org.enhancement.LeadSource" name="createFormLabel" time="1.094"/>
  <system-out/>
  <testcase classname="org.enhancement.LeadSource" name="leadSourceCreate" time="9.323"/>
  <system-out/>
  <testcase classname="org.enhancement.LeadSource" name="leadSourceCreate" time="9.564"/>
  <system-out/>
  <testcase classname="org.enhancement.LeadSource" name="leadSourceCreate" time="9.063"/>
  <system-out/>
  <testcase classname="org.enhancement.LeadSource" name="leadSourceCreate" time="8.970"/>
  <system-out/>
  <testcase classname="org.enhancement.LeadSource" name="leadSourceCreate" time="8.665"/>
  <system-out/>
</testsuite> <!-- org.enhancement.LeadSource -->
