<?xml version="1.0" encoding="UTF-8"?>
<!-- Generated by org.testng.reporters.JUnitReportReporter -->
<testsuite hostname="DESKTOP-5M7AM2E" failures="0" tests="44" name="org.test.GlobalContactJob" time="229.164" errors="0" timestamp="2023-04-06T14:17:22 IST" skipped="0">
  <testcase classname="org.test.GlobalContactJob" name="loginPage" time="29.045"/>
  <system-out/>
  <testcase classname="org.test.GlobalContactJob" name="jobModule" time="1.169"/>
  <system-out/>
  <testcase classname="org.test.GlobalContactJob" name="labelValidation" time="2.156"/>
  <system-out/>
  <testcase classname="org.test.GlobalContactJob" name="contactMandatoryValidation" time="1.696"/>
  <system-out/>
  <testcase classname="org.test.GlobalContactJob" name="autoCompleteContactCreation" time="10.010"/>
  <system-out/>
  <testcase classname="org.test.GlobalContactJob" name="maximumValidationLocation" time="7.053"/>
  <system-out/>
  <testcase classname="org.test.GlobalContactJob" name="mandatoryValidationLocation" time="0.078"/>
  <system-out/>
  <testcase classname="org.test.GlobalContactJob" name="maximumValidationTittle" time="4.580"/>
  <system-out/>
  <testcase classname="org.test.GlobalContactJob" name="mandatoryValidationDescription" time="0.063"/>
  <system-out/>
  <testcase classname="org.test.GlobalContactJob" name="maximumValidationDescription" time="4.082"/>
  <system-out/>
  <testcase classname="org.test.GlobalContactJob" name="maximumTagValidation" time="0.635"/>
  <system-out/>
  <testcase classname="org.test.GlobalContactJob" name="duplicateTagsValidation" time="0.419"/>
  <system-out/>
  <testcase classname="org.test.GlobalContactJob" name="maxTagLimitValidation" time="16.784"/>
  <system-out/>
  <testcase classname="org.test.GlobalContactJob" name="maximumValidationNotes" time="5.322"/>
  <system-out/>
  <testcase classname="org.test.GlobalContactJob" name="createButton" time="0.085"/>
  <system-out/>
  <testcase classname="org.test.GlobalContactJob" name="unsssignedJob" time="14.057"/>
  <system-out/>
  <testcase classname="org.test.GlobalContactJob" name="jobUnassignedStatus" time="0.168"/>
  <system-out/>
  <testcase classname="org.test.GlobalContactJob" name="labelEditValidation" time="6.999"/>
  <system-out/>
  <testcase classname="org.test.GlobalContactJob" name="editmandatoryValidationLocation" time="0.349"/>
  <system-out/>
  <testcase classname="org.test.GlobalContactJob" name="editmaximumValidationLocation" time="6.839"/>
  <system-out/>
  <testcase classname="org.test.GlobalContactJob" name="editmaximumValidationTittle" time="4.358"/>
  <system-out/>
  <testcase classname="org.test.GlobalContactJob" name="editmandatoryValidationDescription" time="0.054"/>
  <system-out/>
  <testcase classname="org.test.GlobalContactJob" name="editmaximumValidationDescription" time="3.842"/>
  <system-out/>
  <testcase classname="org.test.GlobalContactJob" name="editmaximumTagValidation" time="0.651"/>
  <system-out/>
  <testcase classname="org.test.GlobalContactJob" name="editduplicateTagsValidation" time="0.389"/>
  <system-out/>
  <testcase classname="org.test.GlobalContactJob" name="editsmaxTagLimitValidation" time="16.954"/>
  <system-out/>
  <testcase classname="org.test.GlobalContactJob" name="editmaximumValidationNotes" time="5.145"/>
  <system-out/>
  <testcase classname="org.test.GlobalContactJob" name="updateButton" time="0.079"/>
  <system-out/>
  <testcase classname="org.test.GlobalContactJob" name="editJobwithFromDateFromTime" time="12.418"/>
  <system-out/>
  <testcase classname="org.test.GlobalContactJob" name="createJob_FromDateandTime_ToDateandTime" time="24.482"/>
  <system-out/>
  <testcase classname="org.test.GlobalContactJob" name="jobScheduleStatus" time="0.183"/>
  <system-out/>
  <testcase classname="org.test.GlobalContactJob" name="dispatchedJob" time="9.119"/>
  <system-out/>
  <testcase classname="org.test.GlobalContactJob" name="jobDispatchedStatus" time="0.185"/>
  <system-out/>
  <testcase classname="org.test.GlobalContactJob" name="startedJob" time="10.064"/>
  <system-out/>
  <testcase classname="org.test.GlobalContactJob" name="jobStartedStatus" time="0.139"/>
  <system-out/>
  <testcase classname="org.test.GlobalContactJob" name="completedJob" time="8.956"/>
  <system-out/>
  <testcase classname="org.test.GlobalContactJob" name="jobCompleteStatus" time="0.159"/>
  <system-out/>
  <testcase classname="org.test.GlobalContactJob" name="cancelledJob" time="9.101"/>
  <system-out/>
  <testcase classname="org.test.GlobalContactJob" name="jobCancelledStatus" time="0.304"/>
  <system-out/>
  <testcase classname="org.test.GlobalContactJob" name="searchCustomerName" time="2.973"/>
  <system-out/>
  <testcase classname="org.test.GlobalContactJob" name="searchJobNo" time="1.979"/>
  <system-out/>
  <testcase classname="org.test.GlobalContactJob" name="searchLocation" time="1.870"/>
  <system-out/>
  <testcase classname="org.test.GlobalContactJob" name="searchFilterByDate" time="2.172"/>
  <system-out/>
  <testcase classname="org.test.GlobalContactJob" name="searchInvalid" time="1.999"/>
  <system-out/>
</testsuite> <!-- org.test.GlobalContactJob -->
