<?xml version="1.0" encoding="UTF-8"?>
<!-- Generated by org.testng.reporters.JUnitReportReporter -->
<testsuite hostname="DESKTOP-5M7AM2E" failures="0" tests="97" name="org.test.CustomerCreateContactModule" time="176.560" errors="0" timestamp="2023-06-24T16:51:45 IST" skipped="0">
  <testcase classname="org.test.CustomerCreateContactModule" name="loginPage" time="18.742"/>
  <system-out/>
  <testcase classname="org.test.CustomerCreateContactModule" name="contactModule" time="5.886"/>
  <system-out/>
  <testcase classname="org.test.CustomerCreateContactModule" name="createLabel" time="0.081"/>
  <system-out/>
  <testcase classname="org.test.CustomerCreateContactModule" name="mandatoryValidation" time="2.675"/>
  <system-out/>
  <testcase classname="org.test.CustomerCreateContactModule" name="maxValidationFirstNameField" time="1.165"/>
  <system-out/>
  <testcase classname="org.test.CustomerCreateContactModule" name="maxValidationLastNameField" time="0.983"/>
  <system-out/>
  <testcase classname="org.test.CustomerCreateContactModule" name="maxValidationJobTittle" time="1.057"/>
  <system-out/>
  <testcase classname="org.test.CustomerCreateContactModule" name="maxValidationEmailField" time="1.058"/>
  <system-out/>
  <testcase classname="org.test.CustomerCreateContactModule" name="maxValidationTaxNumberField" time="4.675"/>
  <system-out/>
  <testcase classname="org.test.CustomerCreateContactModule" name="invalidValidationEmailField" time="0.386"/>
  <system-out/>
  <testcase classname="org.test.CustomerCreateContactModule" name="specialCharacterPhoneNumberField" time="0.318"/>
  <system-out/>
  <testcase classname="org.test.CustomerCreateContactModule" name="invalidPhoneNumberField" time="0.295"/>
  <system-out/>
  <testcase classname="org.test.CustomerCreateContactModule" name="minValidationPhoneNumberField" time="0.269"/>
  <system-out/>
  <testcase classname="org.test.CustomerCreateContactModule" name="maxValidationPhoneNumberField" time="0.565"/>
  <system-out/>
  <testcase classname="org.test.CustomerCreateContactModule" name="maxValidationPropertyFirstNameField" time="1.131"/>
  <system-out/>
  <testcase classname="org.test.CustomerCreateContactModule" name="maxValidationPropertyLastNameField" time="1.012"/>
  <system-out/>
  <testcase classname="org.test.CustomerCreateContactModule" name="maxValidationPropertyNameField" time="1.004"/>
  <system-out/>
  <testcase classname="org.test.CustomerCreateContactModule" name="maxValidationAddress1" time="1.009"/>
  <system-out/>
  <testcase classname="org.test.CustomerCreateContactModule" name="maxValidationAddress22Field" time="1.040"/>
  <system-out/>
  <testcase classname="org.test.CustomerCreateContactModule" name="maxValidationCityField" time="1.062"/>
  <system-out/>
  <testcase classname="org.test.CustomerCreateContactModule" name="maxValidationStateField" time="0.931"/>
  <system-out/>
  <testcase classname="org.test.CustomerCreateContactModule" name="minValidationZipcodeField" time="0.348"/>
  <system-out/>
  <testcase classname="org.test.CustomerCreateContactModule" name="maxValidationZipcodeField" time="0.450"/>
  <system-out/>
  <testcase classname="org.test.CustomerCreateContactModule" name="specialCharacterZipcodeField" time="0.577"/>
  <system-out/>
  <testcase classname="org.test.CustomerCreateContactModule" name="maxValidationProductNameField" time="1.044"/>
  <system-out/>
  <testcase classname="org.test.CustomerCreateContactModule" name="maxValidationBrandNameField" time="1.065"/>
  <system-out/>
  <testcase classname="org.test.CustomerCreateContactModule" name="maxValdidationModelNumberField" time="0.999"/>
  <system-out/>
  <testcase classname="org.test.CustomerCreateContactModule" name="maxValidationSerialNumberField" time="1.061"/>
  <system-out/>
  <testcase classname="org.test.CustomerCreateContactModule" name="dateValidation" time="7.814"/>
  <system-out/>
  <testcase classname="org.test.CustomerCreateContactModule" name="maxValidationAccessHoursField" time="1.111"/>
  <system-out/>
  <testcase classname="org.test.CustomerCreateContactModule" name="maxValidationInstallationNotesField" time="4.918"/>
  <system-out/>
  <testcase classname="org.test.CustomerCreateContactModule" name="CreateContact" time="20.555"/>
  <system-out/>
  <testcase classname="org.test.CustomerCreateContactModule" name="customerContactCount" time="0.159"/>
  <system-out/>
  <testcase classname="org.test.CustomerCreateContactModule" name="alreadyExistedMail" time="2.465"/>
  <system-out/>
  <testcase classname="org.test.CustomerCreateContactModule" name="characterFilterValidation" time="4.530"/>
  <system-out/>
  <testcase classname="org.test.CustomerCreateContactModule" name="searchListNameField" time="2.422"/>
  <system-out/>
  <testcase classname="org.test.CustomerCreateContactModule" name="searchListPhoneNumberField" time="2.430"/>
  <system-out/>
  <testcase classname="org.test.CustomerCreateContactModule" name="searchListEmailField" time="2.445"/>
  <system-out/>
  <testcase classname="org.test.CustomerCreateContactModule" name="filterIndustryField" time="2.284"/>
  <system-out/>
  <testcase classname="org.test.CustomerCreateContactModule" name="filterField" time="2.556"/>
  <system-out/>
  <testcase classname="org.test.CustomerCreateContactModule" name="searchInvalidListName" time="2.113"/>
  <system-out/>
  <testcase classname="org.test.CustomerCreateContactModule" name="editLabel" time="3.674"/>
  <system-out/>
  <testcase classname="org.test.CustomerCreateContactModule" name="firstNamePrepopulate" time="0.068"/>
  <system-out/>
  <testcase classname="org.test.CustomerCreateContactModule" name="lastNamePrepopulate" time="0.067"/>
  <system-out/>
  <testcase classname="org.test.CustomerCreateContactModule" name="industryTypePrepopulate" time="0.093"/>
  <system-out/>
  <testcase classname="org.test.CustomerCreateContactModule" name="leadSourcePrepopulate" time="0.094"/>
  <system-out/>
  <testcase classname="org.test.CustomerCreateContactModule" name="emailPrepopulate" time="0.072"/>
  <system-out/>
  <testcase classname="org.test.CustomerCreateContactModule" name="jobTittlePrepopulate" time="0.070"/>
  <system-out/>
  <testcase classname="org.test.CustomerCreateContactModule" name="taxNumberPrepopulate" time="0.070"/>
  <system-out/>
  <testcase classname="org.test.CustomerCreateContactModule" name="phoneNumberPrepopulate" time="0.296"/>
  <system-out/>
  <testcase classname="org.test.CustomerCreateContactModule" name="propertyFirstNamePrepopulate" time="0.082"/>
  <system-out/>
  <testcase classname="org.test.CustomerCreateContactModule" name="propertyLastNamePrepopulate" time="0.060"/>
  <system-out/>
  <testcase classname="org.test.CustomerCreateContactModule" name="propertyNamePrepopulate" time="0.055"/>
  <system-out/>
  <testcase classname="org.test.CustomerCreateContactModule" name="locationAddress1Prepopulate" time="0.065"/>
  <system-out/>
  <testcase classname="org.test.CustomerCreateContactModule" name="locationAddress2Prepopulate" time="0.082"/>
  <system-out/>
  <testcase classname="org.test.CustomerCreateContactModule" name="locationCityPrepopulate" time="0.071"/>
  <system-out/>
  <testcase classname="org.test.CustomerCreateContactModule" name="locationStatePrepopulate" time="0.082"/>
  <system-out/>
  <testcase classname="org.test.CustomerCreateContactModule" name="locationZipcodePrepopulate" time="0.269"/>
  <system-out/>
  <testcase classname="org.test.CustomerCreateContactModule" name="productNamePrepopulate" time="0.069"/>
  <system-out/>
  <testcase classname="org.test.CustomerCreateContactModule" name="brandNamePrepopulate" time="0.078"/>
  <system-out/>
  <testcase classname="org.test.CustomerCreateContactModule" name="modelNumberPrepopulate" time="0.081"/>
  <system-out/>
  <testcase classname="org.test.CustomerCreateContactModule" name="serialNumberPrepopulate" time="0.084"/>
  <system-out/>
  <testcase classname="org.test.CustomerCreateContactModule" name="dateInstalledPrepopulate" time="0.223"/>
  <system-out/>
  <testcase classname="org.test.CustomerCreateContactModule" name="warrantyInformationPrepopulate" time="0.076"/>
  <system-out/>
  <testcase classname="org.test.CustomerCreateContactModule" name="accessHoursPrepopulate" time="0.078"/>
  <system-out/>
  <testcase classname="org.test.CustomerCreateContactModule" name="installationNotesPrepopulate" time="0.925"/>
  <system-out/>
  <testcase classname="org.test.CustomerCreateContactModule" name="editMandatoryValidation" time="0.336"/>
  <system-out/>
  <testcase classname="org.test.CustomerCreateContactModule" name="editMaxValidationFirstNameField" time="1.053"/>
  <system-out/>
  <testcase classname="org.test.CustomerCreateContactModule" name="editMaxValidationLastNameField" time="0.986"/>
  <system-out/>
  <testcase classname="org.test.CustomerCreateContactModule" name="editMaxValidationJobTittle" time="0.980"/>
  <system-out/>
  <testcase classname="org.test.CustomerCreateContactModule" name="editMaxValidationEmailField" time="1.016"/>
  <system-out/>
  <testcase classname="org.test.CustomerCreateContactModule" name="editInvalidValidationEmailField" time="0.352"/>
  <system-out/>
  <testcase classname="org.test.CustomerCreateContactModule" name="editmaxValidationTaxNumberField" time="4.526"/>
  <system-out/>
  <testcase classname="org.test.CustomerCreateContactModule" name="editSpecialCharacterPhoneNumberField" time="0.362"/>
  <system-out/>
  <testcase classname="org.test.CustomerCreateContactModule" name="editInvalidPhoneNumberField" time="0.288"/>
  <system-out/>
  <testcase classname="org.test.CustomerCreateContactModule" name="editInValidationPhoneNumberField" time="0.266"/>
  <system-out/>
  <testcase classname="org.test.CustomerCreateContactModule" name="editMaxValidationPhoneNumberField" time="1.129"/>
  <system-out/>
  <testcase classname="org.test.CustomerCreateContactModule" name="editMaxValidationPropertyFirstNameField" time="1.030"/>
  <system-out/>
  <testcase classname="org.test.CustomerCreateContactModule" name="editMaxValidationPropertyLastNameField" time="1.022"/>
  <system-out/>
  <testcase classname="org.test.CustomerCreateContactModule" name="editMaxValidationPropertyNameField" time="0.984"/>
  <system-out/>
  <testcase classname="org.test.CustomerCreateContactModule" name="editMaxValidationAddress1" time="1.032"/>
  <system-out/>
  <testcase classname="org.test.CustomerCreateContactModule" name="editMaxValidationAddress22Field" time="1.043"/>
  <system-out/>
  <testcase classname="org.test.CustomerCreateContactModule" name="editMaxValidationCityField" time="1.019"/>
  <system-out/>
  <testcase classname="org.test.CustomerCreateContactModule" name="editMaxValidationStateField" time="0.830"/>
  <system-out/>
  <testcase classname="org.test.CustomerCreateContactModule" name="editMinValidationZipcodeField" time="0.340"/>
  <system-out/>
  <testcase classname="org.test.CustomerCreateContactModule" name="editMaxValidationZipcodeField" time="0.371"/>
  <system-out/>
  <testcase classname="org.test.CustomerCreateContactModule" name="editSpecialCharacterZipcodeField" time="1.023"/>
  <system-out/>
  <testcase classname="org.test.CustomerCreateContactModule" name="editMaxValidationProductNameField" time="1.074"/>
  <system-out/>
  <testcase classname="org.test.CustomerCreateContactModule" name="editMaxValidationBrandNameField" time="1.078"/>
  <system-out/>
  <testcase classname="org.test.CustomerCreateContactModule" name="editMaxValdidationModelNumberField" time="1.016"/>
  <system-out/>
  <testcase classname="org.test.CustomerCreateContactModule" name="editMaxValidationSerialNumberField" time="1.056"/>
  <system-out/>
  <testcase classname="org.test.CustomerCreateContactModule" name="editDateValidation" time="7.849"/>
  <system-out/>
  <testcase classname="org.test.CustomerCreateContactModule" name="editMaxValidationAccessHoursField" time="0.951"/>
  <system-out/>
  <testcase classname="org.test.CustomerCreateContactModule" name="editMaxValidationInstallationNotesField" time="4.686"/>
  <system-out/>
  <testcase classname="org.test.CustomerCreateContactModule" name="editContactList" time="14.236"/>
  <system-out/>
  <testcase classname="org.test.CustomerCreateContactModule" name="checkResponseCode" time="2.948"/>
  <system-out/>
  <testcase classname="org.test.CustomerCreateContactModule" name="deleteContactList" time="8.104"/>
  <system-out/>
</testsuite> <!-- org.test.CustomerCreateContactModule -->
