<?xml version="1.0" encoding="UTF-8"?>
<!-- Generated by org.testng.reporters.JUnitReportReporter -->
<testsuite hostname="DESKTOP-5M7AM2E" failures="0" tests="4" name="org.enhancement.CustomerOrganizationModule" time="61.394" errors="0" timestamp="2023-05-25T11:49:57 IST" skipped="0">
  <testcase classname="org.enhancement.CustomerOrganizationModule" name="loginPage" time="29.728"/>
  <system-out/>
  <testcase classname="org.enhancement.CustomerOrganizationModule" name="modulePage" time="5.751"/>
  <system-out/>
  <testcase classname="org.enhancement.CustomerOrganizationModule" name="createLabel" time="0.680"/>
  <system-out/>
  <testcase classname="org.enhancement.CustomerOrganizationModule" name="createOrganization" time="25.235"/>
  <system-out/>
</testsuite> <!-- org.enhancement.CustomerOrganizationModule -->
