<?xml version="1.0" encoding="UTF-8"?>
<!-- Generated by org.testng.reporters.JUnitReportReporter -->
<testsuite hostname="DESKTOP-5M7AM2E" failures="0" tests="4" name="org.enhancement.TaxModule" time="28.641" errors="0" timestamp="2023-04-23T20:36:39 IST" skipped="0">
  <testcase classname="org.enhancement.TaxModule" name="loginPage" time="18.604"/>
  <system-out/>
  <testcase classname="org.enhancement.TaxModule" name="settingModule" time="1.952"/>
  <system-out/>
  <testcase classname="org.enhancement.TaxModule" name="createFormLabel" time="0.852"/>
  <system-out/>
  <testcase classname="org.enhancement.TaxModule" name="createTax" time="7.233"/>
  <system-out/>
</testsuite> <!-- org.enhancement.TaxModule -->
