<?xml version="1.0" encoding="UTF-8"?>
<!-- Generated by org.testng.reporters.JUnitReportReporter -->
<testsuite hostname="DESKTOP-5M7AM2E" failures="0" tests="64" name="org.test.TeamUserContractor" time="200.383" errors="0" timestamp="2023-05-08T11:46:06 IST" skipped="0">
  <testcase classname="org.test.TeamUserContractor" name="verify" time="28.344"/>
  <system-out/>
  <testcase classname="org.test.TeamUserContractor" name="TeamUserPage" time="5.483"/>
  <system-out/>
  <testcase classname="org.test.TeamUserContractor" name="landingOnCreateForm" time="0.573"/>
  <system-out/>
  <testcase classname="org.test.TeamUserContractor" name="mandatoryValidationContractorFirstNameField" time="0.400"/>
  <system-out/>
  <testcase classname="org.test.TeamUserContractor" name="mandatoryValidationContractorEmailField" time="0.084"/>
  <system-out/>
  <testcase classname="org.test.TeamUserContractor" name="mandatoryOrganizationName" time="0.090"/>
  <system-out/>
  <testcase classname="org.test.TeamUserContractor" name="maxValidationContractorFirstNameField" time="0.613"/>
  <system-out/>
  <testcase classname="org.test.TeamUserContractor" name="maxValidationContractorLastNameField" time="0.613"/>
  <system-out/>
  <testcase classname="org.test.TeamUserContractor" name="invalidContractorEmailValidation" time="0.219"/>
  <system-out/>
  <testcase classname="org.test.TeamUserContractor" name="maxValidationContractorEmailFields" time="0.623"/>
  <system-out/>
  <testcase classname="org.test.TeamUserContractor" name="minValidatonContractorPhoneNumber" time="0.231"/>
  <system-out/>
  <testcase classname="org.test.TeamUserContractor" name="specialCharacterPhoneNumberField" time="0.228"/>
  <system-out/>
  <testcase classname="org.test.TeamUserContractor" name="maxValidatonContractorPhoneNumber" time="1.888"/>
  <system-out/>
  <testcase classname="org.test.TeamUserContractor" name="maxValidationLocationName" time="0.733"/>
  <system-out/>
  <testcase classname="org.test.TeamUserContractor" name="maxValidationAddress1" time="0.730"/>
  <system-out/>
  <testcase classname="org.test.TeamUserContractor" name="maxValidationAddress2" time="0.704"/>
  <system-out/>
  <testcase classname="org.test.TeamUserContractor" name="maxValidationState" time="0.766"/>
  <system-out/>
  <testcase classname="org.test.TeamUserContractor" name="maxValidationCity" time="0.736"/>
  <system-out/>
  <testcase classname="org.test.TeamUserContractor" name="minValidationZipcode" time="0.225"/>
  <system-out/>
  <testcase classname="org.test.TeamUserContractor" name="specialCharacterValidationZipcode" time="0.212"/>
  <system-out/>
  <testcase classname="org.test.TeamUserContractor" name="maxValidationZipcode" time="0.810"/>
  <system-out/>
  <testcase classname="org.test.TeamUserContractor" name="verifySaveButtonExist" time="0.238"/>
  <system-out/>
  <testcase classname="org.test.TeamUserContractor" name="userCreate" time="7.987"/>
  <system-out/>
  <testcase classname="org.test.TeamUserContractor" name="userCount" time="0.104"/>
  <system-out/>
  <testcase classname="org.test.TeamUserContractor" name="alreadyExistedMailValidation" time="3.388"/>
  <system-out/>
  <testcase classname="org.test.TeamUserContractor" name="searchNameValidation" time="1.810"/>
  <system-out/>
  <testcase classname="org.test.TeamUserContractor" name="searchPhoneNumberValidation" time="1.796"/>
  <system-out/>
  <testcase classname="org.test.TeamUserContractor" name="searchEmailValidation" time="1.766"/>
  <system-out/>
  <testcase classname="org.test.TeamUserContractor" name="filterByCompany" time="2.136"/>
  <system-out/>
  <testcase classname="org.test.TeamUserContractor" name="invalidDataValidation" time="1.362"/>
  <system-out/>
  <testcase classname="org.test.TeamUserContractor" name="landingOnEditForm" time="3.736"/>
  <system-out/>
  <testcase classname="org.test.TeamUserContractor" name="firstNamePrepopulate" time="0.068"/>
  <system-out/>
  <testcase classname="org.test.TeamUserContractor" name="lastNamePrepopulate" time="0.055"/>
  <system-out/>
  <testcase classname="org.test.TeamUserContractor" name="emailPrepopulate" time="0.053"/>
  <system-out/>
  <testcase classname="org.test.TeamUserContractor" name="businessUnitPrepopulate" time="0.058"/>
  <system-out/>
  <testcase classname="org.test.TeamUserContractor" name="serviceTypePrepopulate" time="0.060"/>
  <system-out/>
  <testcase classname="org.test.TeamUserContractor" name="phoneNumberPrepopulate" time="0.058"/>
  <system-out/>
  <testcase classname="org.test.TeamUserContractor" name="contractorCompanyNamePrepopulate" time="0.217"/>
  <system-out/>
  <testcase classname="org.test.TeamUserContractor" name="locationNamePrepopulate" time="0.057"/>
  <system-out/>
  <testcase classname="org.test.TeamUserContractor" name="locationAddress1Prepopulate" time="0.057"/>
  <system-out/>
  <testcase classname="org.test.TeamUserContractor" name="locationAddress2Prepopulate" time="0.059"/>
  <system-out/>
  <testcase classname="org.test.TeamUserContractor" name="locationCityPrepopulate" time="0.055"/>
  <system-out/>
  <testcase classname="org.test.TeamUserContractor" name="locationStatePrepopulate" time="0.053"/>
  <system-out/>
  <testcase classname="org.test.TeamUserContractor" name="locationZipcodePrepopulate" time="0.437"/>
  <system-out/>
  <testcase classname="org.test.TeamUserContractor" name="editmandatoryValidationContractorFirstNameField" time="0.411"/>
  <system-out/>
  <testcase classname="org.test.TeamUserContractor" name="editmandatoryValidationContractorEmailField" time="0.091"/>
  <system-out/>
  <testcase classname="org.test.TeamUserContractor" name="editmaxValidationContractorFirstNameField" time="0.686"/>
  <system-out/>
  <testcase classname="org.test.TeamUserContractor" name="editmaxValidationContractorLastNameField" time="0.689"/>
  <system-out/>
  <testcase classname="org.test.TeamUserContractor" name="editinvalidContractorEmailValidation" time="0.206"/>
  <system-out/>
  <testcase classname="org.test.TeamUserContractor" name="editmaxValidationContractorEmailFields" time="0.673"/>
  <system-out/>
  <testcase classname="org.test.TeamUserContractor" name="editminValidatonContractorPhoneNumber" time="0.216"/>
  <system-out/>
  <testcase classname="org.test.TeamUserContractor" name="editspecialCharacterPhoneNumberField" time="0.207"/>
  <system-out/>
  <testcase classname="org.test.TeamUserContractor" name="editmaxValidatonContractorPhoneNumber" time="1.787"/>
  <system-out/>
  <testcase classname="org.test.TeamUserContractor" name="editmaxValidationLocationName" time="0.602"/>
  <system-out/>
  <testcase classname="org.test.TeamUserContractor" name="editmaxValidationAddress1" time="0.607"/>
  <system-out/>
  <testcase classname="org.test.TeamUserContractor" name="editmaxValidationAddress2" time="0.634"/>
  <system-out/>
  <testcase classname="org.test.TeamUserContractor" name="editmaxValidationState" time="0.641"/>
  <system-out/>
  <testcase classname="org.test.TeamUserContractor" name="editmaxValidationCity" time="0.632"/>
  <system-out/>
  <testcase classname="org.test.TeamUserContractor" name="editminValidationZipcode" time="0.218"/>
  <system-out/>
  <testcase classname="org.test.TeamUserContractor" name="editspecialCharacterValidationZipcode" time="0.182"/>
  <system-out/>
  <testcase classname="org.test.TeamUserContractor" name="editmaxValidationZipcode" time="0.821"/>
  <system-out/>
  <testcase classname="org.test.TeamUserContractor" name="verifyUpdateExist" time="0.219"/>
  <system-out/>
  <testcase classname="org.test.TeamUserContractor" name="userEdit" time="7.470"/>
  <system-out/>
  <testcase classname="org.test.TeamUserContractor" name="deleteUserDetails" time="113.476"/>
  <system-out/>
</testsuite> <!-- org.test.TeamUserContractor -->
