<?xml version="1.0" encoding="UTF-8"?>
<!-- Generated by org.testng.reporters.JUnitReportReporter -->
<testsuite hostname="DESKTOP-5M7AM2E" failures="0" tests="4" name="org.enhancement.TeamUser" time="55.445" errors="0" timestamp="2023-04-17T20:30:35 IST" skipped="0">
  <testcase classname="org.enhancement.TeamUser" name="verify" time="36.643"/>
  <system-out/>
  <testcase classname="org.enhancement.TeamUser" name="TeamUserPage" time="6.846"/>
  <system-out/>
  <testcase classname="org.enhancement.TeamUser" name="landingOnCreateForm" time="0.622"/>
  <system-out/>
  <testcase classname="org.enhancement.TeamUser" name="userCreate" time="11.334"/>
  <system-out/>
</testsuite> <!-- org.enhancement.TeamUser -->
