<?xml version="1.0" encoding="UTF-8"?>
<!-- Generated by org.testng.reporters.JUnitReportReporter -->
<testsuite hostname="DESKTOP-5M7AM2E" failures="0" tests="27" name="org.test.GlobalJobContact" time="175.714" errors="0" timestamp="2023-01-12T01:26:09 IST" skipped="0">
  <testcase classname="org.test.GlobalJobContact" name="loginPage" time="12.603"/>
  <system-out/>
  <testcase classname="org.test.GlobalJobContact" name="jobModule" time="2.154"/>
  <system-out/>
  <testcase classname="org.test.GlobalJobContact" name="contactMandatoryValidation" time="6.168"/>
  <system-out/>
  <testcase classname="org.test.GlobalJobContact" name="autoCompleteContactCreation" time="5.510"/>
  <system-out/>
  <testcase classname="org.test.GlobalJobContact" name="maximumValidationTittle" time="8.220"/>
  <system-out/>
  <testcase classname="org.test.GlobalJobContact" name="mandatoryValidationDescription" time="0.336"/>
  <system-out/>
  <testcase classname="org.test.GlobalJobContact" name="maximumValidationDescription" time="11.148"/>
  <system-out/>
  <testcase classname="org.test.GlobalJobContact" name="maximumTagValidation" time="1.996"/>
  <system-out/>
  <testcase classname="org.test.GlobalJobContact" name="duplicateTagsValidation" time="0.769"/>
  <system-out/>
  <testcase classname="org.test.GlobalJobContact" name="maxTagLimitValidation" time="13.587"/>
  <system-out/>
  <testcase classname="org.test.GlobalJobContact" name="maximumValidationNotes" time="11.304"/>
  <system-out/>
  <testcase classname="org.test.GlobalJobContact" name="unsssignedJob" time="16.084"/>
  <system-out/>
  <testcase classname="org.test.GlobalJobContact" name="jobUnassignedStatus" time="7.778"/>
  <system-out/>
  <testcase classname="org.test.GlobalJobContact" name="createJob_FromDateandTime_ToDateandTime" time="36.199"/>
  <system-out/>
  <testcase classname="org.test.GlobalJobContact" name="jobScheduleStatus" time="7.129"/>
  <system-out/>
  <testcase classname="org.test.GlobalJobContact" name="dispatchedJob" time="4.146"/>
  <system-out/>
  <testcase classname="org.test.GlobalJobContact" name="jobDispatchedStatus" time="0.103"/>
  <system-out/>
  <testcase classname="org.test.GlobalJobContact" name="startedJob" time="4.626"/>
  <system-out/>
  <testcase classname="org.test.GlobalJobContact" name="jobStartedStatus" time="0.540"/>
  <system-out/>
  <testcase classname="org.test.GlobalJobContact" name="completedJob" time="4.165"/>
  <system-out/>
  <testcase classname="org.test.GlobalJobContact" name="cancelledJob" time="4.696"/>
  <system-out/>
  <testcase classname="org.test.GlobalJobContact" name="jobCancelledStatus" time="0.584"/>
  <system-out/>
  <testcase classname="org.test.GlobalJobContact" name="searchCustomerName" time="2.714"/>
  <system-out/>
  <testcase classname="org.test.GlobalJobContact" name="searchJobNo" time="3.203"/>
  <system-out/>
  <testcase classname="org.test.GlobalJobContact" name="searchLocation" time="3.164"/>
  <system-out/>
  <testcase classname="org.test.GlobalJobContact" name="searchFilterByDate" time="4.692"/>
  <system-out/>
  <testcase classname="org.test.GlobalJobContact" name="searchInvalid" time="2.096"/>
  <system-out/>
</testsuite> <!-- org.test.GlobalJobContact -->
