<?xml version="1.0" encoding="UTF-8"?>
<!-- Generated by org.testng.reporters.JUnitReportReporter -->
<testsuite hostname="DESKTOP-5M7AM2E" failures="0" tests="3" name="org.enhancement.GlobalContactInvoice" time="89.371" errors="0" timestamp="2023-04-23T20:36:39 IST" skipped="0">
  <testcase classname="org.enhancement.GlobalContactInvoice" name="loginPage" time="31.215"/>
  <system-out/>
  <testcase classname="org.enhancement.GlobalContactInvoice" name="invoiceModule" time="2.552"/>
  <system-out/>
  <testcase classname="org.enhancement.GlobalContactInvoice" name="createInvoice" time="55.604"/>
  <system-out/>
</testsuite> <!-- org.enhancement.GlobalContactInvoice -->
