<?xml version="1.0" encoding="UTF-8"?>
<!-- Generated by org.testng.reporters.JUnitReportReporter -->
<testsuite hostname="DESKTOP-5M7AM2E" failures="0" tests="6" name="org.enhancement.CustomerOrganizationRequest" time="72.974" errors="0" timestamp="2023-04-23T20:36:39 IST" skipped="0">
  <testcase classname="org.enhancement.CustomerOrganizationRequest" name="loginPage" time="19.511"/>
  <system-out/>
  <testcase classname="org.enhancement.CustomerOrganizationRequest" name="organizationModule" time="6.741"/>
  <system-out/>
  <testcase classname="org.enhancement.CustomerOrganizationRequest" name="listabelValidation" time="7.125"/>
  <system-out/>
  <testcase classname="org.enhancement.CustomerOrganizationRequest" name="createOrganization" time="21.355"/>
  <system-out/>
  <testcase classname="org.enhancement.CustomerOrganizationRequest" name="labelValidation" time="0.876"/>
  <system-out/>
  <testcase classname="org.enhancement.CustomerOrganizationRequest" name="createRequest_FromDateandTime_ToDateandTime" time="17.366"/>
  <system-out/>
</testsuite> <!-- org.enhancement.CustomerOrganizationRequest -->
