<?xml version="1.0" encoding="UTF-8"?>
<!-- Generated by org.testng.reporters.JUnitReportReporter -->
<testsuite hostname="DESKTOP-5M7AM2E" failures="0" tests="19" name="org.test.BillingInformation" time="49.267" errors="0" timestamp="2023-06-23T15:22:45 IST" skipped="0">
  <testcase classname="org.test.BillingInformation" name="loginPage" time="25.357"/>
  <system-out/>
  <testcase classname="org.test.BillingInformation" name="modulepage" time="12.447"/>
  <system-out/>
  <testcase classname="org.test.BillingInformation" name="errorMessageforMandatoryFirstName" time="0.194"/>
  <system-out/>
  <testcase classname="org.test.BillingInformation" name="errorMessageforMandatoryLastName" time="0.198"/>
  <system-out/>
  <testcase classname="org.test.BillingInformation" name="errorMessageforMandatoryEmail" time="0.191"/>
  <system-out/>
  <testcase classname="org.test.BillingInformation" name="errorMessageforMandatoryCompanyName" time="0.174"/>
  <system-out/>
  <testcase classname="org.test.BillingInformation" name="errorMessageforMandatoryAddressone" time="0.208"/>
  <system-out/>
  <testcase classname="org.test.BillingInformation" name="errorMessageforMandatoryState" time="0.182"/>
  <system-out/>
  <testcase classname="org.test.BillingInformation" name="errorMessageforMandatoryCity" time="0.213"/>
  <system-out/>
  <testcase classname="org.test.BillingInformation" name="errorMessageforMandatoryZipcode" time="0.213"/>
  <system-out/>
  <testcase classname="org.test.BillingInformation" name="errorMessageforInvalidEmail" time="0.323"/>
  <system-out/>
  <testcase classname="org.test.BillingInformation" name="errorMessageforMaxFirstName" time="1.014"/>
  <system-out/>
  <testcase classname="org.test.BillingInformation" name="errorMessageforMaxLastName" time="0.943"/>
  <system-out/>
  <testcase classname="org.test.BillingInformation" name="errorMessageforMaxCompanytName" time="0.930"/>
  <system-out/>
  <testcase classname="org.test.BillingInformation" name="errorMessageforMaxAddressName" time="0.957"/>
  <system-out/>
  <testcase classname="org.test.BillingInformation" name="errorMessageforMaxCityName" time="0.946"/>
  <system-out/>
  <testcase classname="org.test.BillingInformation" name="errorMessageforMaxStateName" time="1.031"/>
  <system-out/>
  <testcase classname="org.test.BillingInformation" name="errorMessageforMaxZipcode" time="0.456"/>
  <system-out/>
  <testcase classname="org.test.BillingInformation" name="verifythePaymentPage" time="3.290"/>
  <system-out/>
</testsuite> <!-- org.test.BillingInformation -->
