<?xml version="1.0" encoding="UTF-8"?>
<!-- Generated by org.testng.reporters.JUnitReportReporter -->
<testsuite hostname="DESKTOP-5M7AM2E" failures="0" tests="10" name="org.enhancement.CustomerContactJob" time="175.586" errors="0" timestamp="2023-06-04T11:22:12 IST" skipped="0">
  <testcase classname="org.enhancement.CustomerContactJob" name="loginPage" time="22.274"/>
  <system-out/>
  <testcase classname="org.enhancement.CustomerContactJob" name="contactModule" time="11.465"/>
  <system-out/>
  <testcase classname="org.enhancement.CustomerContactJob" name="CreateContact" time="19.579"/>
  <system-out/>
  <testcase classname="org.enhancement.CustomerContactJob" name="listabelValidation" time="14.818"/>
  <system-out/>
  <testcase classname="org.enhancement.CustomerContactJob" name="labelValidation" time="1.511"/>
  <system-out/>
  <testcase classname="org.enhancement.CustomerContactJob" name="createJob_FromDateandTime_ToDateandTime" time="20.843"/>
  <system-out/>
  <testcase classname="org.enhancement.CustomerContactJob" name="createJob_FromDateandTime_ToDateandTime" time="20.980"/>
  <system-out/>
  <testcase classname="org.enhancement.CustomerContactJob" name="createJob_FromDateandTime_ToDateandTime" time="20.592"/>
  <system-out/>
  <testcase classname="org.enhancement.CustomerContactJob" name="createJob_FromDateandTime_ToDateandTime" time="22.018"/>
  <system-out/>
  <testcase classname="org.enhancement.CustomerContactJob" name="createJob_FromDateandTime_ToDateandTime" time="21.506"/>
  <system-out/>
</testsuite> <!-- org.enhancement.CustomerContactJob -->
