<?xml version="1.0" encoding="UTF-8"?>
<!-- Generated by org.testng.reporters.JUnitReportReporter -->
<testsuite hostname="DESKTOP-5M7AM2E" failures="0" tests="11" name="org.test.SubscriptionYearlyStarterPack" time="59.813" errors="0" timestamp="2023-06-09T16:40:32 IST" skipped="0">
  <testcase classname="org.test.SubscriptionYearlyStarterPack" name="createTenant" time="45.367"/>
  <system-out/>
  <testcase classname="org.test.SubscriptionYearlyStarterPack" name="subDomineURL" time="0.034"/>
  <system-out/>
  <testcase classname="org.test.SubscriptionYearlyStarterPack" name="ownerName" time="0.068"/>
  <system-out/>
  <testcase classname="org.test.SubscriptionYearlyStarterPack" name="modulepage" time="6.763"/>
  <system-out/>
  <testcase classname="org.test.SubscriptionYearlyStarterPack" name="confirmPage" time="1.818"/>
  <system-out/>
  <testcase classname="org.test.SubscriptionYearlyStarterPack" name="proAmount" time="0.051"/>
  <system-out/>
  <testcase classname="org.test.SubscriptionYearlyStarterPack" name="totalAmount" time="0.064"/>
  <system-out/>
  <testcase classname="org.test.SubscriptionYearlyStarterPack" name="billingInformation" time="3.544"/>
  <system-out/>
  <testcase classname="org.test.SubscriptionYearlyStarterPack" name="billingInformationAmount" time="0.066"/>
  <system-out/>
  <testcase classname="org.test.SubscriptionYearlyStarterPack" name="paymentDetailsPage" time="1.937"/>
  <system-out/>
  <testcase classname="org.test.SubscriptionYearlyStarterPack" name="paymentDetailsAmount" time="0.101"/>
  <system-out/>
</testsuite> <!-- org.test.SubscriptionYearlyStarterPack -->
