<?xml version="1.0" encoding="UTF-8"?>
<!-- Generated by org.testng.reporters.JUnitReportReporter -->
<testsuite hostname="DESKTOP-5M7AM2E" failures="0" tests="105" name="org.test.TeamModule" time="231.750" errors="0" timestamp="2023-01-12T21:42:41 IST" skipped="0">
  <testcase classname="org.test.TeamModule" name="verify" time="32.242"/>
  <system-out/>
  <testcase classname="org.test.TeamModule" name="teamModule" time="9.283"/>
  <system-out/>
  <testcase classname="org.test.TeamModule" name="edit" time="5.421"/>
  <system-out/>
  <testcase classname="org.test.TeamModule" name="addLocation" time="6.063"/>
  <system-out/>
  <testcase classname="org.test.TeamModule" name="deleteLocation" time="2.767"/>
  <system-out/>
  <testcase classname="org.test.TeamModule" name="verifyContractorNameMandatory" time="2.431"/>
  <system-out/>
  <testcase classname="org.test.TeamModule" name="verifyContractorNumberMinValidation" time="0.510"/>
  <system-out/>
  <testcase classname="org.test.TeamModule" name="verifyContractorEmailFormat" time="0.330"/>
  <system-out/>
  <testcase classname="org.test.TeamModule" name="verifyContractorNumberMaxValidation" time="0.453"/>
  <system-out/>
  <testcase classname="org.test.TeamModule" name="verifyFaxMinValidation" time="0.295"/>
  <system-out/>
  <testcase classname="org.test.TeamModule" name="verifyFaxMaxValidation" time="0.481"/>
  <system-out/>
  <testcase classname="org.test.TeamModule" name="verifyCpersonLastNameMaxValidation" time="1.320"/>
  <system-out/>
  <testcase classname="org.test.TeamModule" name="verifyCpersonFirstNameMaxValidation" time="1.305"/>
  <system-out/>
  <testcase classname="org.test.TeamModule" name="maxValidationLocationNameField" time="2.367"/>
  <system-out/>
  <testcase classname="org.test.TeamModule" name="validateEmailField" time="0.288"/>
  <system-out/>
  <testcase classname="org.test.TeamModule" name="maxValidationEmailField" time="1.854"/>
  <system-out/>
  <testcase classname="org.test.TeamModule" name="minValidationPhoneNumberField" time="0.185"/>
  <system-out/>
  <testcase classname="org.test.TeamModule" name="maxValidationPhoneNumberField" time="0.208"/>
  <system-out/>
  <testcase classname="org.test.TeamModule" name="maxValidationAddress1Field" time="1.554"/>
  <system-out/>
  <testcase classname="org.test.TeamModule" name="maxValidationAddress2Field" time="1.510"/>
  <system-out/>
  <testcase classname="org.test.TeamModule" name="maxValidationStateField" time="1.536"/>
  <system-out/>
  <testcase classname="org.test.TeamModule" name="maxValidationCityField" time="1.514"/>
  <system-out/>
  <testcase classname="org.test.TeamModule" name="maxValidationZipcodeField" time="0.215"/>
  <system-out/>
  <testcase classname="org.test.TeamModule" name="minValidationZipcodeField" time="0.157"/>
  <system-out/>
  <testcase classname="org.test.TeamModule" name="characterValidationZipcodeField" time="0.163"/>
  <system-out/>
  <testcase classname="org.test.TeamModule" name="maxValidationContactPerson" time="1.539"/>
  <system-out/>
  <testcase classname="org.test.TeamModule" name="verifySaveButtonExist" time="0.049"/>
  <system-out/>
  <testcase classname="org.test.TeamModule" name="createContract" time="3.964"/>
  <system-out/>
  <testcase classname="org.test.TeamModule" name="contractotCompanyNameExistedValidation" time="3.411"/>
  <system-out/>
  <testcase classname="org.test.TeamModule" name="contractorAlreadyEmailValidation" time="2.603"/>
  <system-out/>
  <testcase classname="org.test.TeamModule" name="listValidationName" time="1.128"/>
  <system-out/>
  <testcase classname="org.test.TeamModule" name="searchCompanyNameListValidation" time="1.562"/>
  <system-out/>
  <testcase classname="org.test.TeamModule" name="searchNameListValidation" time="1.829"/>
  <system-out/>
  <testcase classname="org.test.TeamModule" name="searchEmailListValidation" time="2.249"/>
  <system-out/>
  <testcase classname="org.test.TeamModule" name="searchPhoneNumberListValidation" time="2.215"/>
  <system-out/>
  <testcase classname="org.test.TeamModule" name="invalidValidationData" time="2.127"/>
  <system-out/>
  <testcase classname="org.test.TeamModule" name="editContractorPage" time="3.180"/>
  <system-out/>
  <testcase classname="org.test.TeamModule" name="editContractorDetails" time="6.785"/>
  <system-out/>
  <testcase classname="org.test.TeamModule" name="deleteContractorDetails" time="2.257"/>
  <system-out/>
  <testcase classname="org.test.TeamModule" name="landingUserFormPage" time="2.159"/>
  <system-out/>
  <testcase classname="org.test.TeamModule" name="mandatoryValidationFirstNameField" time="0.504"/>
  <system-out/>
  <testcase classname="org.test.TeamModule" name="mandatoryValidationTypeField" time="0.687"/>
  <system-out/>
  <testcase classname="org.test.TeamModule" name="mandatoryValidationEmailField" time="0.476"/>
  <system-out/>
  <testcase classname="org.test.TeamModule" name="maxValidationFirstNameField" time="1.226"/>
  <system-out/>
  <testcase classname="org.test.TeamModule" name="maxValidationLastNameField" time="1.129"/>
  <system-out/>
  <testcase classname="org.test.TeamModule" name="maxValidationJobTittleField" time="1.201"/>
  <system-out/>
  <testcase classname="org.test.TeamModule" name="maxValidationEmailFields" time="1.195"/>
  <system-out/>
  <testcase classname="org.test.TeamModule" name="invalidEmailValidation" time="0.358"/>
  <system-out/>
  <testcase classname="org.test.TeamModule" name="minValidatonPhoneNumber" time="0.269"/>
  <system-out/>
  <testcase classname="org.test.TeamModule" name="maxValidatonPhoneNumber" time="0.504"/>
  <system-out/>
  <testcase classname="org.test.TeamModule" name="maxValidationLocationName" time="1.202"/>
  <system-out/>
  <testcase classname="org.test.TeamModule" name="maxValidationAddress1" time="1.124"/>
  <system-out/>
  <testcase classname="org.test.TeamModule" name="maxValidationAddress2" time="1.144"/>
  <system-out/>
  <testcase classname="org.test.TeamModule" name="maxValidationState" time="1.120"/>
  <system-out/>
  <testcase classname="org.test.TeamModule" name="specialCharacterValidationContractorZipcode" time="0.271"/>
  <system-out/>
  <testcase classname="org.test.TeamModule" name="maxValidationCity" time="1.141"/>
  <system-out/>
  <testcase classname="org.test.TeamModule" name="minValidationZipcode" time="0.190"/>
  <system-out/>
  <testcase classname="org.test.TeamModule" name="specialCharacterValidationZipcode" time="0.187"/>
  <system-out/>
  <testcase classname="org.test.TeamModule" name="maxValidationZipcode" time="0.378"/>
  <system-out/>
  <testcase classname="org.test.TeamModule" name="userCreate" time="4.168"/>
  <system-out/>
  <testcase classname="org.test.TeamModule" name="alreadyExistedMailValidation" time="8.666"/>
  <system-out/>
  <testcase classname="org.test.TeamModule" name="createdListName" time="0.091"/>
  <system-out/>
  <testcase classname="org.test.TeamModule" name="searchPhoneNumberValidation" time="2.756"/>
  <system-out/>
  <testcase classname="org.test.TeamModule" name="searchNameValidation" time="2.724"/>
  <system-out/>
  <testcase classname="org.test.TeamModule" name="searchEmailValidation" time="2.822"/>
  <system-out/>
  <testcase classname="org.test.TeamModule" name="invalidDataValidation" time="2.737"/>
  <system-out/>
  <testcase classname="org.test.TeamModule" name="landingOnEditForm" time="3.207"/>
  <system-out/>
  <testcase classname="org.test.TeamModule" name="editUserDetails" time="6.245"/>
  <system-out/>
  <testcase classname="org.test.TeamModule" name="deleteUserDetails" time="3.371"/>
  <system-out/>
  <testcase classname="org.test.TeamModule" name="landingContractorFormPage" time="2.000"/>
  <system-out/>
  <testcase classname="org.test.TeamModule" name="mandatoryValidationContractorFirstNameField" time="0.508"/>
  <system-out/>
  <testcase classname="org.test.TeamModule" name="mandatoryValidationContractorEmailField" time="0.533"/>
  <system-out/>
  <testcase classname="org.test.TeamModule" name="mandatoryOrganizationName" time="2.915"/>
  <system-out/>
  <testcase classname="org.test.TeamModule" name="maxValidationContractorFirstNameField" time="1.315"/>
  <system-out/>
  <testcase classname="org.test.TeamModule" name="maxValidationContractorLastNameField" time="1.107"/>
  <system-out/>
  <testcase classname="org.test.TeamModule" name="invalidContractorEmailValidation" time="0.369"/>
  <system-out/>
  <testcase classname="org.test.TeamModule" name="maxValidationContractorEmailFields" time="1.222"/>
  <system-out/>
  <testcase classname="org.test.TeamModule" name="minValidatonContractorPhoneNumber" time="0.256"/>
  <system-out/>
  <testcase classname="org.test.TeamModule" name="maxValidatonContractorPhoneNumber" time="0.510"/>
  <system-out/>
  <testcase classname="org.test.TeamModule" name="maxValidationContractorLocationName" time="1.199"/>
  <system-out/>
  <testcase classname="org.test.TeamModule" name="maxValidationContractorAddress1" time="1.135"/>
  <system-out/>
  <testcase classname="org.test.TeamModule" name="maxValidationContractorAddress2" time="1.133"/>
  <system-out/>
  <testcase classname="org.test.TeamModule" name="maxValidationContractorState" time="1.143"/>
  <system-out/>
  <testcase classname="org.test.TeamModule" name="maxValidationContractorCity" time="1.125"/>
  <system-out/>
  <testcase classname="org.test.TeamModule" name="minValidationContractorZipcode" time="0.257"/>
  <system-out/>
  <testcase classname="org.test.TeamModule" name="maxValidationContractorZipcode" time="0.462"/>
  <system-out/>
  <testcase classname="org.test.TeamModule" name="userContractorCreate" time="5.353"/>
  <system-out/>
  <testcase classname="org.test.TeamModule" name="createdContractorListName" time="1.159"/>
  <system-out/>
  <testcase classname="org.test.TeamModule" name="alreadyExistedContractorMailValidation" time="5.082"/>
  <system-out/>
  <testcase classname="org.test.TeamModule" name="searchContractorNameValidation" time="3.365"/>
  <system-out/>
  <testcase classname="org.test.TeamModule" name="searchContractorPhoneNumberValidation" time="2.601"/>
  <system-out/>
  <testcase classname="org.test.TeamModule" name="searchContractorEmailValidation" time="2.816"/>
  <system-out/>
  <testcase classname="org.test.TeamModule" name="filterByCompany" time="1.741"/>
  <system-out/>
  <testcase classname="org.test.TeamModule" name="invalidDatasValidation" time="2.070"/>
  <system-out/>
  <testcase classname="org.test.TeamModule" name="landingOnContractorEditForm" time="3.501"/>
  <system-out/>
  <testcase classname="org.test.TeamModule" name="editContractorDetail" time="6.772"/>
  <system-out/>
  <testcase classname="org.test.TeamModule" name="deleteContractorDetail" time="4.761"/>
  <system-out/>
  <testcase classname="org.test.TeamModule" name="landOnSendInvitePage" time="1.506"/>
  <system-out/>
  <testcase classname="org.test.TeamModule" name="verifyEmailRequired" time="0.134"/>
  <system-out/>
  <testcase classname="org.test.TeamModule" name="verfiyEmailFormat" time="1.381"/>
  <system-out/>
  <testcase classname="org.test.TeamModule" name="verifyFirstName" time="0.269"/>
  <system-out/>
  <testcase classname="org.test.TeamModule" name="verifyFirstNamewithBlankSpace" time="2.346"/>
  <system-out/>
  <testcase classname="org.test.TeamModule" name="verifyUserEnterMessage" time="4.036"/>
  <system-out/>
  <testcase classname="org.test.TeamModule" name="verfiyAddMoreButton" time="0.136"/>
  <system-out/>
  <testcase classname="org.test.TeamModule" name="verifyUserSendInvite" time="2.930"/>
  <system-out/>
</testsuite> <!-- org.test.TeamModule -->
