<?xml version="1.0" encoding="UTF-8"?>
<!-- Generated by org.testng.reporters.JUnitReportReporter -->
<testsuite hostname="DESKTOP-5M7AM2E" failures="0" tests="53" name="org.test.ProductModule" time="138.284" errors="0" timestamp="2023-04-04T00:12:38 IST" skipped="4">
  <testcase classname="org.test.ProductModule" name="loginPage" time="23.423"/>
  <system-out/>
  <testcase classname="org.test.ProductModule" name="settingModule" time="1.966"/>
  <system-out/>
  <testcase classname="org.test.ProductModule" name="createFormLabel" time="1.886"/>
  <system-out/>
  <testcase classname="org.test.ProductModule" name="mandatoryValidationProductName" time="0.214"/>
  <system-out/>
  <testcase classname="org.test.ProductModule" name="mandatoryValidationDescription" time="0.032"/>
  <system-out/>
  <testcase classname="org.test.ProductModule" name="mandatoryValidationPrice" time="0.065"/>
  <system-out/>
  <testcase classname="org.test.ProductModule" name="mandatoryValidationTaxName" time="0.648"/>
  <system-out/>
  <testcase classname="org.test.ProductModule" name="mandatoryValidationTaxPercentage" time="0.050"/>
  <system-out/>
  <testcase classname="org.test.ProductModule" name="maximumValidationProductName" time="3.765"/>
  <system-out/>
  <testcase classname="org.test.ProductModule" name="maximumValidationSKU" time="0.563"/>
  <system-out/>
  <testcase classname="org.test.ProductModule" name="maximumValidationDescription" time="3.292"/>
  <system-out/>
  <testcase classname="org.test.ProductModule" name="maximumValidationPrice" time="0.153"/>
  <system-out/>
  <testcase classname="org.test.ProductModule" name="beforeDecimalPointPriceField" time="0.142"/>
  <system-out/>
  <testcase classname="org.test.ProductModule" name="afterDecimalPointPriceField" time="0.120"/>
  <system-out/>
  <testcase classname="org.test.ProductModule" name="maximumValidationTax" time="0.893"/>
  <system-out/>
  <testcase classname="org.test.ProductModule" name="beforeDecimalPointTaxPercentageField" time="0.264"/>
  <system-out/>
  <testcase classname="org.test.ProductModule" name="afterDecimalPointTaxPercentageField" time="0.277"/>
  <system-out/>
  <testcase classname="org.test.ProductModule" name="maximumValidationQuantityHand" time="0.185"/>
  <system-out/>
  <testcase classname="org.test.ProductModule" name="beforeDecimalPointQuantityHandField" time="0.161"/>
  <system-out/>
  <testcase classname="org.test.ProductModule" name="afterDecimalPointQuantityHandField" time="0.135"/>
  <system-out/>
  <testcase classname="org.test.ProductModule" name="maximumValidationLowStockThresold" time="0.179"/>
  <system-out/>
  <testcase classname="org.test.ProductModule" name="beforeDecimalPointLowStockThresoldField" time="0.165"/>
  <system-out/>
  <testcase classname="org.test.ProductModule" name="afterDecimalPointLowStockThresoldField" time="0.138"/>
  <system-out/>
  <testcase classname="org.test.ProductModule" name="createButton" time="0.268"/>
  <system-out/>
  <testcase classname="org.test.ProductModule" name="createProduct" time="8.514"/>
  <system-out/>
  <testcase classname="org.test.ProductModule" name="editFormLabel" time="3.806"/>
  <system-out/>
  <testcase classname="org.test.ProductModule" name="editmandatoryValidationProductName" time="0.177"/>
  <system-out/>
  <testcase classname="org.test.ProductModule" name="editmandatoryValidationDescription" time="0.044"/>
  <system-out/>
  <testcase classname="org.test.ProductModule" name="editmandatoryValidationPrice" time="0.041"/>
  <system-out/>
  <testcase classname="org.test.ProductModule" name="editmandatoryValidationTaxName" time="0.000">
    <skipped/>
  </testcase> <!-- editmandatoryValidationTaxName -->
  <system-out/>
  <testcase classname="org.test.ProductModule" name="editmandatoryValidationTaxPercentage" time="0.000">
    <skipped/>
  </testcase> <!-- editmandatoryValidationTaxPercentage -->
  <system-out/>
  <testcase classname="org.test.ProductModule" name="editmaximumValidationProductName" time="3.878"/>
  <system-out/>
  <testcase classname="org.test.ProductModule" name="editmaximumValidationSKU" time="0.548"/>
  <system-out/>
  <testcase classname="org.test.ProductModule" name="editmaximumValidationDescription" time="3.431"/>
  <system-out/>
  <testcase classname="org.test.ProductModule" name="editmaximumValidationPrice" time="0.169"/>
  <system-out/>
  <testcase classname="org.test.ProductModule" name="editbeforeDecimalPointPriceField" time="0.136"/>
  <system-out/>
  <testcase classname="org.test.ProductModule" name="editafterDecimalPointPriceField" time="0.144"/>
  <system-out/>
  <testcase classname="org.test.ProductModule" name="editbeforeDecimalPointTaxPercentageField" time="0.001">
    <skipped/>
  </testcase> <!-- editbeforeDecimalPointTaxPercentageField -->
  <system-out/>
  <testcase classname="org.test.ProductModule" name="editafterDecimalPointTaxPercentageField" time="0.000">
    <skipped/>
  </testcase> <!-- editafterDecimalPointTaxPercentageField -->
  <system-out/>
  <testcase classname="org.test.ProductModule" name="editmaximumValidationQuantityHand" time="0.182"/>
  <system-out/>
  <testcase classname="org.test.ProductModule" name="editbeforeDecimalPointQuantityHandField" time="0.166"/>
  <system-out/>
  <testcase classname="org.test.ProductModule" name="editafterDecimalPointQuantityHandField" time="0.142"/>
  <system-out/>
  <testcase classname="org.test.ProductModule" name="editmaximumValidationLowStockThresold" time="0.177"/>
  <system-out/>
  <testcase classname="org.test.ProductModule" name="editbeforeDecimalPointLowStockThresoldField" time="0.161"/>
  <system-out/>
  <testcase classname="org.test.ProductModule" name="editafterDecimalPointLowStockThresoldField" time="0.136"/>
  <system-out/>
  <testcase classname="org.test.ProductModule" name="updateButton" time="0.207"/>
  <system-out/>
  <testcase classname="org.test.ProductModule" name="updateProduct" time="8.690"/>
  <system-out/>
  <testcase classname="org.test.ProductModule" name="searchProductName" time="3.308"/>
  <system-out/>
  <testcase classname="org.test.ProductModule" name="searchInvalid" time="2.339"/>
  <system-out/>
  <testcase classname="org.test.ProductModule" name="deletedProduct" time="17.506"/>
  <system-out/>
  <testcase classname="org.test.ProductModule" name="reflectQuotePage" time="22.301"/>
  <system-out/>
  <testcase classname="org.test.ProductModule" name="inactiveProduct" time="16.512"/>
  <system-out/>
  <testcase classname="org.test.ProductModule" name="deleteProduct" time="6.584"/>
  <system-out/>
</testsuite> <!-- org.test.ProductModule -->
