<?xml version="1.0" encoding="UTF-8"?>
<!-- Generated by org.testng.reporters.JUnitReportReporter -->
<testsuite hostname="DESKTOP-5M7AM2E" failures="0" tests="7" name="org.enhancement.GlobalContactInvoice" time="239.997" errors="0" timestamp="2023-06-20T16:17:46 IST" skipped="0">
  <testcase classname="org.enhancement.GlobalContactInvoice" name="loginPage" time="44.822"/>
  <system-out/>
  <testcase classname="org.enhancement.GlobalContactInvoice" name="invoiceModule" time="2.550"/>
  <system-out/>
  <testcase classname="org.enhancement.GlobalContactInvoice" name="createInvoice" time="28.683"/>
  <system-out/>
  <testcase classname="org.enhancement.GlobalContactInvoice" name="createInvoice" time="29.860"/>
  <system-out/>
  <testcase classname="org.enhancement.GlobalContactInvoice" name="createInvoice" time="73.999"/>
  <system-out/>
  <testcase classname="org.enhancement.GlobalContactInvoice" name="createInvoice" time="25.103"/>
  <system-out/>
  <testcase classname="org.enhancement.GlobalContactInvoice" name="createInvoice" time="34.980"/>
  <system-out/>
</testsuite> <!-- org.enhancement.GlobalContactInvoice -->
