<?xml version="1.0" encoding="UTF-8"?>
<!-- Generated by org.testng.reporters.JUnitReportReporter -->
<<<<<<< HEAD
<<<<<<< HEAD
<testsuite hostname="DESKTOP-5M7AM2E" failures="0" tests="6" name="org.enhancement.CustomerOrganizationJob" time="110.478" errors="0" timestamp="2023-05-22T20:03:10 IST" skipped="0">
  <testcase classname="org.enhancement.CustomerOrganizationJob" name="loginPage" time="52.915"/>
  <system-out/>
  <testcase classname="org.enhancement.CustomerOrganizationJob" name="contactModule" time="3.894"/>
  <system-out/>
  <testcase classname="org.enhancement.CustomerOrganizationJob" name="createOrganization" time="20.325"/>
  <system-out/>
  <testcase classname="org.enhancement.CustomerOrganizationJob" name="listabelValidation" time="10.057"/>
  <system-out/>
  <testcase classname="org.enhancement.CustomerOrganizationJob" name="labelValidation" time="6.072"/>
  <system-out/>
  <testcase classname="org.enhancement.CustomerOrganizationJob" name="createJob_FromDateandTime_ToDateandTime" time="17.215"/>
=======
<testsuite hostname="DESKTOP-5M7AM2E" failures="0" tests="6" name="org.enhancement.CustomerOrganizationJob" time="85.832" errors="0" timestamp="2023-05-25T11:49:57 IST" skipped="0">
  <testcase classname="org.enhancement.CustomerOrganizationJob" name="loginPage" time="20.932"/>
=======
<testsuite hostname="DESKTOP-5M7AM2E" failures="0" tests="10" name="org.enhancement.CustomerOrganizationJob" time="185.161" errors="0" timestamp="2023-06-04T11:22:12 IST" skipped="0">
  <testcase classname="org.enhancement.CustomerOrganizationJob" name="loginPage" time="25.295"/>
>>>>>>> 8f032e9abfd9edfc56ded76230782504aeca4741
  <system-out/>
  <testcase classname="org.enhancement.CustomerOrganizationJob" name="contactModule" time="8.408"/>
  <system-out/>
  <testcase classname="org.enhancement.CustomerOrganizationJob" name="createOrganization" time="23.854"/>
  <system-out/>
  <testcase classname="org.enhancement.CustomerOrganizationJob" name="listabelValidation" time="13.379"/>
  <system-out/>
  <testcase classname="org.enhancement.CustomerOrganizationJob" name="labelValidation" time="1.420"/>
  <system-out/>
<<<<<<< HEAD
  <testcase classname="org.enhancement.CustomerOrganizationJob" name="createJob_FromDateandTime_ToDateandTime" time="19.328"/>
>>>>>>> c5699b793ecef34ca60eb49f33139d209ba1ec97
=======
  <testcase classname="org.enhancement.CustomerOrganizationJob" name="createJob_FromDateandTime_ToDateandTime" time="22.140"/>
  <system-out/>
  <testcase classname="org.enhancement.CustomerOrganizationJob" name="createJob_FromDateandTime_ToDateandTime" time="21.650"/>
  <system-out/>
  <testcase classname="org.enhancement.CustomerOrganizationJob" name="createJob_FromDateandTime_ToDateandTime" time="22.262"/>
  <system-out/>
  <testcase classname="org.enhancement.CustomerOrganizationJob" name="createJob_FromDateandTime_ToDateandTime" time="22.779"/>
  <system-out/>
  <testcase classname="org.enhancement.CustomerOrganizationJob" name="createJob_FromDateandTime_ToDateandTime" time="23.974"/>
>>>>>>> 8f032e9abfd9edfc56ded76230782504aeca4741
  <system-out/>
</testsuite> <!-- org.enhancement.CustomerOrganizationJob -->
