<?xml version="1.0" encoding="UTF-8"?>
<!-- Generated by org.testng.reporters.JUnitReportReporter -->
<testsuite hostname="DESKTOP-5M7AM2E" failures="0" tests="26" name="org.test.TaxModule" time="152.028" errors="0" timestamp="2023-06-24T16:51:45 IST" skipped="0">
  <testcase classname="org.test.TaxModule" name="loginPage" time="21.071"/>
  <system-out/>
  <testcase classname="org.test.TaxModule" name="settingModule" time="1.530"/>
  <system-out/>
  <testcase classname="org.test.TaxModule" name="createFormLabel" time="1.100"/>
  <system-out/>
  <testcase classname="org.test.TaxModule" name="mandatoryValidationTaxName" time="0.256"/>
  <system-out/>
  <testcase classname="org.test.TaxModule" name="mandatoryValidationDescription" time="0.047"/>
  <system-out/>
  <testcase classname="org.test.TaxModule" name="maximumValidationProductName" time="7.588"/>
  <system-out/>
  <testcase classname="org.test.TaxModule" name="maximumValidationTaxPercentage" time="7.517"/>
  <system-out/>
  <testcase classname="org.test.TaxModule" name="subTaxPercentageEqual" time="6.996"/>
  <system-out/>
  <testcase classname="org.test.TaxModule" name="subTaxNameUnique" time="6.767"/>
  <system-out/>
  <testcase classname="org.test.TaxModule" name="createButton" time="0.082"/>
  <system-out/>
  <testcase classname="org.test.TaxModule" name="createTax" time="7.227"/>
  <system-out/>
  <testcase classname="org.test.TaxModule" name="uniqueValidationTaxName" time="7.962"/>
  <system-out/>
  <testcase classname="org.test.TaxModule" name="createdTaxList" time="0.070"/>
  <system-out/>
  <testcase classname="org.test.TaxModule" name="editFormLabel" time="3.613"/>
  <system-out/>
  <testcase classname="org.test.TaxModule" name="editmandatoryValidationTaxName" time="0.219"/>
  <system-out/>
  <testcase classname="org.test.TaxModule" name="editmandatoryValidationDescription" time="0.088"/>
  <system-out/>
  <testcase classname="org.test.TaxModule" name="editmaximumValidationProductName" time="8.008"/>
  <system-out/>
  <testcase classname="org.test.TaxModule" name="editmaximumValidationTaxPercentage" time="7.007"/>
  <system-out/>
  <testcase classname="org.test.TaxModule" name="editsubTaxNameUnique" time="6.687"/>
  <system-out/>
  <testcase classname="org.test.TaxModule" name="editsubTaxPercentageEqual" time="7.462"/>
  <system-out/>
  <testcase classname="org.test.TaxModule" name="updateButton" time="0.095"/>
  <system-out/>
  <testcase classname="org.test.TaxModule" name="updatedTax" time="6.913"/>
  <system-out/>
  <testcase classname="org.test.TaxModule" name="deleteTax" time="8.411"/>
  <system-out/>
  <testcase classname="org.test.TaxModule" name="updatedTaxList" time="7.640"/>
  <system-out/>
  <testcase classname="org.test.TaxModule" name="createdTaxRefectProductService" time="23.144"/>
  <system-out/>
  <testcase classname="org.test.TaxModule" name="editTaxRefectProductService" time="4.528"/>
  <system-out/>
</testsuite> <!-- org.test.TaxModule -->
