<?xml version="1.0" encoding="UTF-8"?>
<!-- Generated by org.testng.reporters.JUnitReportReporter -->
<testsuite hostname="DESKTOP-5M7AM2E" failures="0" tests="4" name="org.enhancement.GlobalContactRequest" time="69.330" errors="0" timestamp="2023-05-25T15:36:36 IST" skipped="0">
  <testcase classname="org.enhancement.GlobalContactRequest" name="loginPage" time="40.824"/>
  <system-out/>
  <testcase classname="org.enhancement.GlobalContactRequest" name="requestModule" time="2.590"/>
  <system-out/>
  <testcase classname="org.enhancement.GlobalContactRequest" name="labelValidation" time="2.119"/>
  <system-out/>
  <testcase classname="org.enhancement.GlobalContactRequest" name="createRequest_FromDateandTime_ToDateandTime" time="23.797"/>
  <system-out/>
</testsuite> <!-- org.enhancement.GlobalContactRequest -->
