<?xml version="1.0" encoding="UTF-8"?>
<!-- Generated by org.testng.reporters.JUnitReportReporter -->
<testsuite hostname="DESKTOP-5M7AM2E" failures="0" tests="24" name="org.test.CategoryModule" time="182.087" errors="0" timestamp="2023-05-26T11:27:15 IST" skipped="0">
  <testcase classname="org.test.CategoryModule" name="loginPage" time="32.905"/>
  <system-out/>
  <testcase classname="org.test.CategoryModule" name="settingModule" time="2.746"/>
  <system-out/>
  <testcase classname="org.test.CategoryModule" name="createFormLabel" time="1.412"/>
  <system-out/>
  <testcase classname="org.test.CategoryModule" name="mandatoryValidationCategoryName" time="2.626"/>
  <system-out/>
  <testcase classname="org.test.CategoryModule" name="maximumValidationCategoryName" time="4.611"/>
  <system-out/>
  <testcase classname="org.test.CategoryModule" name="maximumValidationDescription" time="4.032"/>
  <system-out/>
  <testcase classname="org.test.CategoryModule" name="createButton" time="0.276"/>
  <system-out/>
  <testcase classname="org.test.CategoryModule" name="createCategoryProduct" time="8.701"/>
  <system-out/>
  <testcase classname="org.test.CategoryModule" name="createCategoryProductList" time="0.105"/>
  <system-out/>
  <testcase classname="org.test.CategoryModule" name="searchProductName" time="1.931"/>
  <system-out/>
  <testcase classname="org.test.CategoryModule" name="searchInvalid" time="2.303"/>
  <system-out/>
  <testcase classname="org.test.CategoryModule" name="editFormLabel" time="4.590"/>
  <system-out/>
  <testcase classname="org.test.CategoryModule" name="editmandatoryValidationCategoryName" time="0.338"/>
  <system-out/>
  <testcase classname="org.test.CategoryModule" name="editmaximumValidationCategoryName" time="4.568"/>
  <system-out/>
  <testcase classname="org.test.CategoryModule" name="editmaximumValidationDescription" time="4.922"/>
  <system-out/>
  <testcase classname="org.test.CategoryModule" name="updateButton" time="0.088"/>
  <system-out/>
  <testcase classname="org.test.CategoryModule" name="UpdateCategoryProduct" time="8.199"/>
  <system-out/>
  <testcase classname="org.test.CategoryModule" name="deleteProduct" time="18.271"/>
  <system-out/>
  <testcase classname="org.test.CategoryModule" name="reflectCategoryProduct" time="18.363"/>
  <system-out/>
  <testcase classname="org.test.CategoryModule" name="inactiveProductCategory" time="12.086"/>
  <system-out/>
  <testcase classname="org.test.CategoryModule" name="deleteProductCategory" time="11.950"/>
  <system-out/>
  <testcase classname="org.test.CategoryModule" name="reflectCategoryService" time="20.151"/>
  <system-out/>
  <testcase classname="org.test.CategoryModule" name="inactiveProductService" time="13.214"/>
  <system-out/>
  <testcase classname="org.test.CategoryModule" name="deleteProductService" time="3.699"/>
  <system-out/>
</testsuite> <!-- org.test.CategoryModule -->
