<?xml version="1.0" encoding="UTF-8"?>
<!-- Generated by org.testng.reporters.JUnitReportReporter -->
<testsuite hostname="DESKTOP-5M7AM2E" failures="0" tests="3" name="org.enhancement.GlobalOrganizationInvoice" time="74.574" errors="0" timestamp="2023-05-22T20:03:10 IST" skipped="0">
  <testcase classname="org.enhancement.GlobalOrganizationInvoice" name="loginPage" time="41.698"/>
  <system-out/>
  <testcase classname="org.enhancement.GlobalOrganizationInvoice" name="invoiceModule" time="4.817"/>
  <system-out/>
  <testcase classname="org.enhancement.GlobalOrganizationInvoice" name="createInvoice" time="28.059"/>
  <system-out/>
</testsuite> <!-- org.enhancement.GlobalOrganizationInvoice -->
