<?xml version="1.0" encoding="UTF-8"?>
<!-- Generated by org.testng.reporters.JUnitReportReporter -->
<testsuite hostname="DESKTOP-5M7AM2E" failures="0" tests="7" name="org.test.Login" time="36.459" errors="0" timestamp="2023-04-23T22:29:52 IST" skipped="0">
  <testcase classname="org.test.Login" name="verifyEmptyEmail" time="2.843"/>
  <system-out/>
  <testcase classname="org.test.Login" name="verifyEmptyPassword" time="4.036"/>
  <system-out/>
  <testcase classname="org.test.Login" name="verifyIncorrectMail" time="1.378"/>
  <system-out/>
  <testcase classname="org.test.Login" name="verifyIncorrectPassword" time="4.028"/>
  <system-out/>
  <testcase classname="org.test.Login" name="verifyInvalidEmail" time="1.384"/>
  <system-out/>
  <testcase classname="org.test.Login" name="verifyInvalidCredentials" time="2.454"/>
  <system-out/>
  <testcase classname="org.test.Login" name="verify" time="20.336"/>
  <system-out/>
</testsuite> <!-- org.test.Login -->
