<?xml version="1.0" encoding="UTF-8"?>
<!-- Generated by org.testng.reporters.JUnitReportReporter -->
<testsuite hostname="DESKTOP-5M7AM2E" failures="0" tests="4" name="org.enhancement.GlobalOrganizationJob" time="77.952" errors="0" timestamp="2023-05-25T11:49:57 IST" skipped="0">
  <testcase classname="org.enhancement.GlobalOrganizationJob" name="loginPage" time="32.488"/>
  <system-out/>
  <testcase classname="org.enhancement.GlobalOrganizationJob" name="jobModule" time="1.973"/>
  <system-out/>
  <testcase classname="org.enhancement.GlobalOrganizationJob" name="labelValidation" time="2.090"/>
  <system-out/>
  <testcase classname="org.enhancement.GlobalOrganizationJob" name="createJob_FromDateandTime_ToDateandTime" time="41.401"/>
  <system-out/>
</testsuite> <!-- org.enhancement.GlobalOrganizationJob -->
