<?xml version="1.0" encoding="UTF-8"?>
<!-- Generated by org.testng.reporters.JUnitReportReporter -->
<testsuite hostname="DESKTOP-5M7AM2E" failures="0" tests="19" name="org.test.ServiceType" time="134.673" errors="0" timestamp="2023-03-08T15:48:44 IST" skipped="0">
  <testcase classname="org.test.ServiceType" name="loginPage" time="34.180"/>
  <system-out/>
  <testcase classname="org.test.ServiceType" name="settingModule" time="4.035"/>
  <system-out/>
  <testcase classname="org.test.ServiceType" name="leadSourceLabel" time="0.168"/>
  <system-out/>
  <testcase classname="org.test.ServiceType" name="createFormLabel" time="1.468"/>
  <system-out/>
  <testcase classname="org.test.ServiceType" name="maximumValidationServiceType" time="5.006"/>
  <system-out/>
  <testcase classname="org.test.ServiceType" name="mandatoryValidation" time="0.352"/>
  <system-out/>
  <testcase classname="org.test.ServiceType" name="verifySaveButtonExist" time="0.473"/>
  <system-out/>
  <testcase classname="org.test.ServiceType" name="serviceTypeCreate" time="8.012"/>
  <system-out/>
  <testcase classname="org.test.ServiceType" name="serviceTypeCreateList" time="0.055"/>
  <system-out/>
  <testcase classname="org.test.ServiceType" name="activeStatus" time="0.056"/>
  <system-out/>
  <testcase classname="org.test.ServiceType" name="editFormLabel" time="1.469"/>
  <system-out/>
  <testcase classname="org.test.ServiceType" name="editmandatoryValidation" time="0.217"/>
  <system-out/>
  <testcase classname="org.test.ServiceType" name="editmaximumValidationLeadSource" time="4.685"/>
  <system-out/>
  <testcase classname="org.test.ServiceType" name="verifyUpdateButtonExist" time="0.571"/>
  <system-out/>
  <testcase classname="org.test.ServiceType" name="leadSourceUpdate" time="9.167"/>
  <system-out/>
  <testcase classname="org.test.ServiceType" name="deleteBusinessUnit" time="17.090"/>
  <system-out/>
  <testcase classname="org.test.ServiceType" name="reflectCreateContactPage" time="24.246"/>
  <system-out/>
  <testcase classname="org.test.ServiceType" name="inactiveLeadSource" time="16.592"/>
  <system-out/>
  <testcase classname="org.test.ServiceType" name="deleteLeadSource" time="6.831"/>
  <system-out/>
</testsuite> <!-- org.test.ServiceType -->
