<?xml version="1.0" encoding="UTF-8"?>
<!-- Generated by org.testng.reporters.JUnitReportReporter -->
<testsuite hostname="DESKTOP-5M7AM2E" failures="0" tests="8" name="org.enhancement.CategoryModule" time="105.699" errors="0" timestamp="2023-06-04T11:22:12 IST" skipped="0">
  <testcase classname="org.enhancement.CategoryModule" name="loginPage" time="54.404"/>
  <system-out/>
  <testcase classname="org.enhancement.CategoryModule" name="settingModule" time="2.122"/>
  <system-out/>
  <testcase classname="org.enhancement.CategoryModule" name="createFormLabel" time="1.758"/>
  <system-out/>
  <testcase classname="org.enhancement.CategoryModule" name="createCategoryProduct" time="9.653"/>
  <system-out/>
  <testcase classname="org.enhancement.CategoryModule" name="createCategoryProduct" time="9.422"/>
  <system-out/>
  <testcase classname="org.enhancement.CategoryModule" name="createCategoryProduct" time="9.344"/>
  <system-out/>
  <testcase classname="org.enhancement.CategoryModule" name="createCategoryProduct" time="9.409"/>
  <system-out/>
  <testcase classname="org.enhancement.CategoryModule" name="createCategoryProduct" time="9.587"/>
  <system-out/>
</testsuite> <!-- org.enhancement.CategoryModule -->
