<?xml version="1.0" encoding="UTF-8"?>
<!-- Generated by org.testng.reporters.JUnitReportReporter -->
<testsuite hostname="DESKTOP-5M7AM2E" failures="0" tests="8" name="org.enhancement.GlobalOrganizationRequest" time="192.277" errors="0" timestamp="2023-06-19T18:33:28 IST" skipped="0">
  <testcase classname="org.enhancement.GlobalOrganizationRequest" name="loginPage" time="41.008"/>
  <system-out/>
  <testcase classname="org.enhancement.GlobalOrganizationRequest" name="requestModule" time="0.998"/>
  <system-out/>
  <testcase classname="org.enhancement.GlobalOrganizationRequest" name="labelValidation" time="1.437"/>
  <system-out/>
  <testcase classname="org.enhancement.GlobalOrganizationRequest" name="createRequest_FromDateandTime_ToDateandTime" time="29.312"/>
  <system-out/>
  <testcase classname="org.enhancement.GlobalOrganizationRequest" name="createRequest_FromDateandTime_ToDateandTime" time="32.999"/>
  <system-out/>
  <testcase classname="org.enhancement.GlobalOrganizationRequest" name="createRequest_FromDateandTime_ToDateandTime" time="30.253"/>
  <system-out/>
  <testcase classname="org.enhancement.GlobalOrganizationRequest" name="createRequest_FromDateandTime_ToDateandTime" time="27.941"/>
  <system-out/>
  <testcase classname="org.enhancement.GlobalOrganizationRequest" name="createRequest_FromDateandTime_ToDateandTime" time="28.329"/>
  <system-out/>
</testsuite> <!-- org.enhancement.GlobalOrganizationRequest -->
