<?xml version="1.0" encoding="UTF-8"?>
<!-- Generated by org.testng.reporters.JUnitReportReporter -->
<testsuite hostname="DESKTOP-5M7AM2E" failures="0" tests="7" name="org.test.Login" time="114.133" errors="0" timestamp="2023-02-20T12:54:41 IST" skipped="0">
  <testcase classname="org.test.Login" name="verifyEmptyEmail" time="48.967"/>
  <system-out/>
  <testcase classname="org.test.Login" name="verifyEmptyPassword" time="4.228"/>
  <system-out/>
  <testcase classname="org.test.Login" name="verifyIncorrectMail" time="3.806"/>
  <system-out/>
  <testcase classname="org.test.Login" name="verifyIncorrectPassword" time="5.041"/>
  <system-out/>
  <testcase classname="org.test.Login" name="verifyInvalidEmail" time="3.186"/>
  <system-out/>
  <testcase classname="org.test.Login" name="verifyInvalidCredentials" time="2.443"/>
  <system-out/>
  <testcase classname="org.test.Login" name="verify" time="46.462"/>
  <system-out/>
</testsuite> <!-- org.test.Login -->
