<?xml version="1.0" encoding="UTF-8"?>
<!-- Generated by org.testng.reporters.JUnitReportReporter -->
<testsuite hostname="DESKTOP-5M7AM2E" failures="0" tests="38" name="org.test.ServiceModule" time="131.285" errors="0" timestamp="2023-04-04T00:12:38 IST" skipped="4">
  <testcase classname="org.test.ServiceModule" name="loginPage" time="22.988"/>
  <system-out/>
  <testcase classname="org.test.ServiceModule" name="settingModule" time="2.101"/>
  <system-out/>
  <testcase classname="org.test.ServiceModule" name="createFormLabel" time="1.861"/>
  <system-out/>
  <testcase classname="org.test.ServiceModule" name="mandatoryValidationServiceName" time="0.205"/>
  <system-out/>
  <testcase classname="org.test.ServiceModule" name="mandatoryValidationDescription" time="0.047"/>
  <system-out/>
  <testcase classname="org.test.ServiceModule" name="mandatoryValidationPrice" time="0.034"/>
  <system-out/>
  <testcase classname="org.test.ServiceModule" name="mandatoryValidationTaxName" time="0.664"/>
  <system-out/>
  <testcase classname="org.test.ServiceModule" name="mandatoryValidationTaxPercentage" time="0.045"/>
  <system-out/>
  <testcase classname="org.test.ServiceModule" name="maximumValidationServiceName" time="3.754"/>
  <system-out/>
  <testcase classname="org.test.ServiceModule" name="maximumValidationDescription" time="3.240"/>
  <system-out/>
  <testcase classname="org.test.ServiceModule" name="maximumValidationPrice" time="0.147"/>
  <system-out/>
  <testcase classname="org.test.ServiceModule" name="beforeDecimalPointPriceField" time="0.137"/>
  <system-out/>
  <testcase classname="org.test.ServiceModule" name="afterDecimalPointPriceField" time="0.122"/>
  <system-out/>
  <testcase classname="org.test.ServiceModule" name="beforeDecimalPointTaxPercentageField" time="0.305"/>
  <system-out/>
  <testcase classname="org.test.ServiceModule" name="afterDecimalPointTaxPercentageField" time="0.273"/>
  <system-out/>
  <testcase classname="org.test.ServiceModule" name="createButton" time="0.119"/>
  <system-out/>
  <testcase classname="org.test.ServiceModule" name="createProduct" time="8.411"/>
  <system-out/>
  <testcase classname="org.test.ServiceModule" name="editFormLabel" time="3.724"/>
  <system-out/>
  <testcase classname="org.test.ServiceModule" name="editmandatoryValidationServiceName" time="0.198"/>
  <system-out/>
  <testcase classname="org.test.ServiceModule" name="editmandatoryValidationDescription" time="0.045"/>
  <system-out/>
  <testcase classname="org.test.ServiceModule" name="editmandatoryValidationPrice" time="0.033"/>
  <system-out/>
  <testcase classname="org.test.ServiceModule" name="editmandatoryValidationTaxName" time="0.000">
    <skipped/>
  </testcase> <!-- editmandatoryValidationTaxName -->
  <system-out/>
  <testcase classname="org.test.ServiceModule" name="editmandatoryValidationTaxPercentage" time="0.000">
    <skipped/>
  </testcase> <!-- editmandatoryValidationTaxPercentage -->
  <system-out/>
  <testcase classname="org.test.ServiceModule" name="editmaximumValidationProductName" time="3.711"/>
  <system-out/>
  <testcase classname="org.test.ServiceModule" name="editmaximumValidationDescription" time="3.292"/>
  <system-out/>
  <testcase classname="org.test.ServiceModule" name="editmaximumValidationPrice" time="0.137"/>
  <system-out/>
  <testcase classname="org.test.ServiceModule" name="editbeforeDecimalPointPriceField" time="0.132"/>
  <system-out/>
  <testcase classname="org.test.ServiceModule" name="editafterDecimalPointPriceField" time="0.115"/>
  <system-out/>
  <testcase classname="org.test.ServiceModule" name="editbeforeDecimalPointTaxPercentageField" time="0.000">
    <skipped/>
  </testcase> <!-- editbeforeDecimalPointTaxPercentageField -->
  <system-out/>
  <testcase classname="org.test.ServiceModule" name="editafterDecimalPointTaxPercentageField" time="0.000">
    <skipped/>
  </testcase> <!-- editafterDecimalPointTaxPercentageField -->
  <system-out/>
  <testcase classname="org.test.ServiceModule" name="updateButton" time="0.114"/>
  <system-out/>
  <testcase classname="org.test.ServiceModule" name="updateProduct" time="7.828"/>
  <system-out/>
  <testcase classname="org.test.ServiceModule" name="searchServiceName" time="1.233"/>
  <system-out/>
  <testcase classname="org.test.ServiceModule" name="searchInvalid" time="1.304"/>
  <system-out/>
  <testcase classname="org.test.ServiceModule" name="deletedService" time="17.145"/>
  <system-out/>
  <testcase classname="org.test.ServiceModule" name="reflectQuotePage" time="22.052"/>
  <system-out/>
  <testcase classname="org.test.ServiceModule" name="inactiveProduct" time="17.120"/>
  <system-out/>
  <testcase classname="org.test.ServiceModule" name="deleteProduct" time="8.649"/>
  <system-out/>
</testsuite> <!-- org.test.ServiceModule -->
