<?xml version="1.0" encoding="UTF-8"?>
<!-- Generated by org.testng.reporters.JUnitReportReporter -->
<testsuite hostname="DESKTOP-5M7AM2E" failures="0" tests="28" name="org.test.GlobalOrganizationRequest" time="164.405" errors="0" timestamp="2023-01-18T18:17:14 IST" skipped="0">
  <testcase classname="org.test.GlobalOrganizationRequest" name="loginPage" time="30.193"/>
  <system-out/>
  <testcase classname="org.test.GlobalOrganizationRequest" name="requestModule" time="3.608"/>
  <system-out/>
  <testcase classname="org.test.GlobalOrganizationRequest" name="organizationMandatoryValidation" time="6.036"/>
  <system-out/>
  <testcase classname="org.test.GlobalOrganizationRequest" name="autoCompleteOrganizationCreation" time="8.181"/>
  <system-out/>
  <testcase classname="org.test.GlobalOrganizationRequest" name="autoCompleteOrganizationContactCreation" time="11.199"/>
  <system-out/>
  <testcase classname="org.test.GlobalOrganizationRequest" name="maximumValidationTittle" time="6.695"/>
  <system-out/>
  <testcase classname="org.test.GlobalOrganizationRequest" name="mandatoryValidationDescription" time="0.118"/>
  <system-out/>
  <testcase classname="org.test.GlobalOrganizationRequest" name="maximumValidationDescription" time="3.437"/>
  <system-out/>
  <testcase classname="org.test.GlobalOrganizationRequest" name="maximumTagValidation" time="0.624"/>
  <system-out/>
  <testcase classname="org.test.GlobalOrganizationRequest" name="duplicateTagsValidation" time="0.369"/>
  <system-out/>
  <testcase classname="org.test.GlobalOrganizationRequest" name="maxTagLimitValidation" time="7.512"/>
  <system-out/>
  <testcase classname="org.test.GlobalOrganizationRequest" name="maximumValidationNotes" time="3.400"/>
  <system-out/>
  <testcase classname="org.test.GlobalOrganizationRequest" name="unsssignedRequest" time="9.335"/>
  <system-out/>
  <testcase classname="org.test.GlobalOrganizationRequest" name="requestUnassignedStatus" time="2.636"/>
  <system-out/>
  <testcase classname="org.test.GlobalOrganizationRequest" name="createRequest_FromDateandTime_ToDateandTime" time="35.486"/>
  <system-out/>
  <testcase classname="org.test.GlobalOrganizationRequest" name="requestScheduleStatus" time="2.130"/>
  <system-out/>
  <testcase classname="org.test.GlobalOrganizationRequest" name="dispatchedRequest" time="4.429"/>
  <system-out/>
  <testcase classname="org.test.GlobalOrganizationRequest" name="requestDispatchedStatus" time="0.490"/>
  <system-out/>
  <testcase classname="org.test.GlobalOrganizationRequest" name="startedRequest" time="4.668"/>
  <system-out/>
  <testcase classname="org.test.GlobalOrganizationRequest" name="requestStartedStatus" time="0.051"/>
  <system-out/>
  <testcase classname="org.test.GlobalOrganizationRequest" name="completedRequest" time="4.840"/>
  <system-out/>
  <testcase classname="org.test.GlobalOrganizationRequest" name="cancelledRequest" time="3.823"/>
  <system-out/>
  <testcase classname="org.test.GlobalOrganizationRequest" name="requestCancelledStatus" time="0.060"/>
  <system-out/>
  <testcase classname="org.test.GlobalOrganizationRequest" name="searchCustomerName" time="1.925"/>
  <system-out/>
  <testcase classname="org.test.GlobalOrganizationRequest" name="searchRequestNo" time="2.949"/>
  <system-out/>
  <testcase classname="org.test.GlobalOrganizationRequest" name="searchLocation" time="2.954"/>
  <system-out/>
  <testcase classname="org.test.GlobalOrganizationRequest" name="searchFilterByDate" time="4.773"/>
  <system-out/>
  <testcase classname="org.test.GlobalOrganizationRequest" name="searchInvalid" time="2.484"/>
  <system-out/>
</testsuite> <!-- org.test.GlobalOrganizationRequest -->
