<?xml version="1.0" encoding="UTF-8"?>
<!-- Generated by org.testng.reporters.JUnitReportReporter -->
<testsuite hostname="DESKTOP-5M7AM2E" failures="0" tests="69" name="org.test.GlobalOrganizationQuote" time="209.397" errors="0" timestamp="2023-03-08T15:55:27 IST" skipped="0">
  <testcase classname="org.test.GlobalOrganizationQuote" name="loginPage" time="20.463"/>
  <system-out/>
  <testcase classname="org.test.GlobalOrganizationQuote" name="jobModule" time="2.296"/>
  <system-out/>
  <testcase classname="org.test.GlobalOrganizationQuote" name="labelValidation" time="0.127"/>
  <system-out/>
  <testcase classname="org.test.GlobalOrganizationQuote" name="organizationMandatoryValidation" time="2.544"/>
  <system-out/>
  <testcase classname="org.test.GlobalOrganizationQuote" name="mandatoryValidationExpiryDate" time="0.123"/>
  <system-out/>
  <testcase classname="org.test.GlobalOrganizationQuote" name="mandatoryValidationInventoryItem" time="0.100"/>
  <system-out/>
  <testcase classname="org.test.GlobalOrganizationQuote" name="mandatoryValidationQunatity" time="0.059"/>
  <system-out/>
  <testcase classname="org.test.GlobalOrganizationQuote" name="mandatoryValidationPrice" time="0.057"/>
  <system-out/>
  <testcase classname="org.test.GlobalOrganizationQuote" name="mandatoryValidationDescription" time="0.056"/>
  <system-out/>
  <testcase classname="org.test.GlobalOrganizationQuote" name="autoCompleteOrganizationCreation" time="13.014"/>
  <system-out/>
  <testcase classname="org.test.GlobalOrganizationQuote" name="autoCompleteOrganizationContactCreation" time="12.586"/>
  <system-out/>
  <testcase classname="org.test.GlobalOrganizationQuote" name="maximumValidationReference" time="10.605"/>
  <system-out/>
  <testcase classname="org.test.GlobalOrganizationQuote" name="maximumValidationQuoteTittle" time="0.636"/>
  <system-out/>
  <testcase classname="org.test.GlobalOrganizationQuote" name="maximumValidationInventoryItem" time="0.872"/>
  <system-out/>
  <testcase classname="org.test.GlobalOrganizationQuote" name="emptyValidationQuantityField" time="0.241"/>
  <system-out/>
  <testcase classname="org.test.GlobalOrganizationQuote" name="maxQuanitityLimit" time="0.257"/>
  <system-out/>
  <testcase classname="org.test.GlobalOrganizationQuote" name="afterDecimalPointValidationQuantityField" time="0.183"/>
  <system-out/>
  <testcase classname="org.test.GlobalOrganizationQuote" name="beforeDecimalPointValidationQuantityField" time="0.257"/>
  <system-out/>
  <testcase classname="org.test.GlobalOrganizationQuote" name="emptyValidationPriceField" time="0.201"/>
  <system-out/>
  <testcase classname="org.test.GlobalOrganizationQuote" name="maxPriceLimit" time="0.164"/>
  <system-out/>
  <testcase classname="org.test.GlobalOrganizationQuote" name="beforeDecimalPointPriceField" time="0.194"/>
  <system-out/>
  <testcase classname="org.test.GlobalOrganizationQuote" name="afterDecimalPointPriceField" time="0.230"/>
  <system-out/>
  <testcase classname="org.test.GlobalOrganizationQuote" name="afterDecimalPointDiscountField" time="0.181"/>
  <system-out/>
  <testcase classname="org.test.GlobalOrganizationQuote" name="beforeDecimalPointDiscountField" time="0.154"/>
  <system-out/>
  <testcase classname="org.test.GlobalOrganizationQuote" name="maxLimitDiscountField" time="0.141"/>
  <system-out/>
  <testcase classname="org.test.GlobalOrganizationQuote" name="afterDecimalPointTaxField" time="0.189"/>
  <system-out/>
  <testcase classname="org.test.GlobalOrganizationQuote" name="beforeDecimalPointTaxField" time="0.161"/>
  <system-out/>
  <testcase classname="org.test.GlobalOrganizationQuote" name="maxLimitTaxField" time="0.209"/>
  <system-out/>
  <testcase classname="org.test.GlobalOrganizationQuote" name="maximumValidationDescription" time="11.513"/>
  <system-out/>
  <testcase classname="org.test.GlobalOrganizationQuote" name="maximumValidationNotes" time="3.132"/>
  <system-out/>
  <testcase classname="org.test.GlobalOrganizationQuote" name="expiryFieldPastDateValidation" time="13.299"/>
  <system-out/>
  <testcase classname="org.test.GlobalOrganizationQuote" name="validateCalculation" time="0.730"/>
  <system-out/>
  <testcase classname="org.test.GlobalOrganizationQuote" name="createQuote" time="10.194"/>
  <system-out/>
  <testcase classname="org.test.GlobalOrganizationQuote" name="quoteEdit" time="7.038"/>
  <system-out/>
  <testcase classname="org.test.GlobalOrganizationQuote" name="editmandatoryValidationExpiryDate" time="0.053"/>
  <system-out/>
  <testcase classname="org.test.GlobalOrganizationQuote" name="editmandatoryValidationQunatity" time="0.052"/>
  <system-out/>
  <testcase classname="org.test.GlobalOrganizationQuote" name="editmandatoryValidationPrice" time="0.046"/>
  <system-out/>
  <testcase classname="org.test.GlobalOrganizationQuote" name="editmandatoryValidationDescription" time="0.106"/>
  <system-out/>
  <testcase classname="org.test.GlobalOrganizationQuote" name="editmaximumValidationReference" time="0.585"/>
  <system-out/>
  <testcase classname="org.test.GlobalOrganizationQuote" name="editmaximumValidationQuoteTittle" time="0.540"/>
  <system-out/>
  <testcase classname="org.test.GlobalOrganizationQuote" name="editmaximumValidationInventoryItem" time="0.734"/>
  <system-out/>
  <testcase classname="org.test.GlobalOrganizationQuote" name="editemptyValidationQuantityField" time="0.184"/>
  <system-out/>
  <testcase classname="org.test.GlobalOrganizationQuote" name="editmaxQuanitityLimit" time="0.232"/>
  <system-out/>
  <testcase classname="org.test.GlobalOrganizationQuote" name="editafterDecimalPointValidationQuantityField" time="0.168"/>
  <system-out/>
  <testcase classname="org.test.GlobalOrganizationQuote" name="editbeforeDecimalPointValidationQuantityField" time="0.257"/>
  <system-out/>
  <testcase classname="org.test.GlobalOrganizationQuote" name="editemptyValidationPriceField" time="0.195"/>
  <system-out/>
  <testcase classname="org.test.GlobalOrganizationQuote" name="editmaxPriceLimit" time="0.172"/>
  <system-out/>
  <testcase classname="org.test.GlobalOrganizationQuote" name="editbeforeDecimalPointPriceField" time="0.197"/>
  <system-out/>
  <testcase classname="org.test.GlobalOrganizationQuote" name="editafterDecimalPointPriceField" time="0.222"/>
  <system-out/>
  <testcase classname="org.test.GlobalOrganizationQuote" name="editafterDecimalPointDiscountField" time="0.183"/>
  <system-out/>
  <testcase classname="org.test.GlobalOrganizationQuote" name="editbeforeDecimalPointDiscountField" time="0.168"/>
  <system-out/>
  <testcase classname="org.test.GlobalOrganizationQuote" name="editmaxLimitDiscountField" time="0.146"/>
  <system-out/>
  <testcase classname="org.test.GlobalOrganizationQuote" name="editafterDecimalPointTaxField" time="0.188"/>
  <system-out/>
  <testcase classname="org.test.GlobalOrganizationQuote" name="editbeforeDecimalPointTaxField" time="0.162"/>
  <system-out/>
  <testcase classname="org.test.GlobalOrganizationQuote" name="editmaxLimitTaxField" time="0.208"/>
  <system-out/>
  <testcase classname="org.test.GlobalOrganizationQuote" name="editmaximumValidationDescription" time="1.464"/>
  <system-out/>
  <testcase classname="org.test.GlobalOrganizationQuote" name="editmaximumValidationNotes" time="2.908"/>
  <system-out/>
  <testcase classname="org.test.GlobalOrganizationQuote" name="editexpiryFieldPastDateValidation" time="2.141"/>
  <system-out/>
  <testcase classname="org.test.GlobalOrganizationQuote" name="editvalidateCalculation" time="0.653"/>
  <system-out/>
  <testcase classname="org.test.GlobalOrganizationQuote" name="updateQuote" time="9.587"/>
  <system-out/>
  <testcase classname="org.test.GlobalOrganizationQuote" name="createdQuoteStatus" time="0.093"/>
  <system-out/>
  <testcase classname="org.test.GlobalOrganizationQuote" name="draftQuote" time="17.793"/>
  <system-out/>
  <testcase classname="org.test.GlobalOrganizationQuote" name="convertQuote" time="22.082"/>
  <system-out/>
  <testcase classname="org.test.GlobalOrganizationQuote" name="declinedStatus" time="28.546"/>
  <system-out/>
  <testcase classname="org.test.GlobalOrganizationQuote" name="listCustomerName" time="1.857"/>
  <system-out/>
  <testcase classname="org.test.GlobalOrganizationQuote" name="listQuoteNo" time="1.360"/>
  <system-out/>
  <testcase classname="org.test.GlobalOrganizationQuote" name="listQuoteTittle" time="1.401"/>
  <system-out/>
  <testcase classname="org.test.GlobalOrganizationQuote" name="listQuoteReference" time="1.289"/>
  <system-out/>
  <testcase classname="org.test.GlobalOrganizationQuote" name="listInvalid" time="1.219"/>
  <system-out/>
</testsuite> <!-- org.test.GlobalOrganizationQuote -->
