<?xml version="1.0" encoding="UTF-8"?>
<!-- Generated by org.testng.reporters.JUnitReportReporter -->
<testsuite hostname="DESKTOP-5M7AM2E" failures="0" tests="69" name="org.test.GlobalContactQuote" time="237.555" errors="0" timestamp="2023-04-18T15:18:26 IST" skipped="0">
  <testcase classname="org.test.GlobalContactQuote" name="loginPage" time="46.288"/>
  <system-out/>
  <testcase classname="org.test.GlobalContactQuote" name="quoteModule" time="5.375"/>
  <system-out/>
  <testcase classname="org.test.GlobalContactQuote" name="labelValidation" time="1.419"/>
  <system-out/>
  <testcase classname="org.test.GlobalContactQuote" name="contactMandatoryValidation" time="1.724"/>
  <system-out/>
  <testcase classname="org.test.GlobalContactQuote" name="mandatoryValidationExpiryDate" time="0.089"/>
  <system-out/>
  <testcase classname="org.test.GlobalContactQuote" name="mandatoryValidationInventoryItem" time="0.081"/>
  <system-out/>
  <testcase classname="org.test.GlobalContactQuote" name="mandatoryValidationQunatity" time="0.078"/>
  <system-out/>
  <testcase classname="org.test.GlobalContactQuote" name="mandatoryValidationPrice" time="0.071"/>
  <system-out/>
  <testcase classname="org.test.GlobalContactQuote" name="mandatoryValidationDescription" time="0.073"/>
  <system-out/>
  <testcase classname="org.test.GlobalContactQuote" name="autoCompleteContactCreation" time="10.720"/>
  <system-out/>
  <testcase classname="org.test.GlobalContactQuote" name="maximumValidationQuoteTittle" time="0.679"/>
  <system-out/>
  <testcase classname="org.test.GlobalContactQuote" name="maximumValidationReference" time="0.723"/>
  <system-out/>
  <testcase classname="org.test.GlobalContactQuote" name="maximumValidationInventoryItem" time="1.018"/>
  <system-out/>
  <testcase classname="org.test.GlobalContactQuote" name="emptyValidationQuantityField" time="0.233"/>
  <system-out/>
  <testcase classname="org.test.GlobalContactQuote" name="maxQuanitityLimit" time="0.277"/>
  <system-out/>
  <testcase classname="org.test.GlobalContactQuote" name="afterDecimalPointValidationQuantityField" time="0.212"/>
  <system-out/>
  <testcase classname="org.test.GlobalContactQuote" name="beforeDecimalPointValidationQuantityField" time="0.322"/>
  <system-out/>
  <testcase classname="org.test.GlobalContactQuote" name="emptyValidationPriceField" time="0.240"/>
  <system-out/>
  <testcase classname="org.test.GlobalContactQuote" name="maxPriceLimit" time="0.205"/>
  <system-out/>
  <testcase classname="org.test.GlobalContactQuote" name="beforeDecimalPointPriceField" time="0.226"/>
  <system-out/>
  <testcase classname="org.test.GlobalContactQuote" name="afterDecimalPointPriceField" time="0.251"/>
  <system-out/>
  <testcase classname="org.test.GlobalContactQuote" name="afterDecimalPointDiscountField" time="0.227"/>
  <system-out/>
  <testcase classname="org.test.GlobalContactQuote" name="beforeDecimalPointDiscountField" time="0.190"/>
  <system-out/>
  <testcase classname="org.test.GlobalContactQuote" name="maxLimitDiscountField" time="0.184"/>
  <system-out/>
  <testcase classname="org.test.GlobalContactQuote" name="afterDecimalPointTaxField" time="0.229"/>
  <system-out/>
  <testcase classname="org.test.GlobalContactQuote" name="beforeDecimalPointTaxField" time="0.177"/>
  <system-out/>
  <testcase classname="org.test.GlobalContactQuote" name="maxLimitTaxField" time="0.241"/>
  <system-out/>
  <testcase classname="org.test.GlobalContactQuote" name="maximumValidationDescription" time="1.772"/>
  <system-out/>
  <testcase classname="org.test.GlobalContactQuote" name="maximumValidationNotes" time="4.037"/>
  <system-out/>
  <testcase classname="org.test.GlobalContactQuote" name="expiryFieldPastDateValidation" time="8.276"/>
  <system-out/>
  <testcase classname="org.test.GlobalContactQuote" name="validateCalculation" time="0.670"/>
  <system-out/>
  <testcase classname="org.test.GlobalContactQuote" name="createQuote" time="15.609"/>
  <system-out/>
  <testcase classname="org.test.GlobalContactQuote" name="quoteCount" time="0.301"/>
  <system-out/>
  <testcase classname="org.test.GlobalContactQuote" name="quoteEdit" time="9.385"/>
  <system-out/>
  <testcase classname="org.test.GlobalContactQuote" name="editmandatoryValidationExpiryDate" time="0.068"/>
  <system-out/>
  <testcase classname="org.test.GlobalContactQuote" name="editmandatoryValidationQunatity" time="0.081"/>
  <system-out/>
  <testcase classname="org.test.GlobalContactQuote" name="editmandatoryValidationPrice" time="0.075"/>
  <system-out/>
  <testcase classname="org.test.GlobalContactQuote" name="editmandatoryValidationDescription" time="0.159"/>
  <system-out/>
  <testcase classname="org.test.GlobalContactQuote" name="editmaximumValidationReference" time="0.714"/>
  <system-out/>
  <testcase classname="org.test.GlobalContactQuote" name="editmaximumValidationQuoteTittle" time="0.712"/>
  <system-out/>
  <testcase classname="org.test.GlobalContactQuote" name="editmaximumValidationInventoryItem" time="1.045"/>
  <system-out/>
  <testcase classname="org.test.GlobalContactQuote" name="editemptyValidationQuantityField" time="0.273"/>
  <system-out/>
  <testcase classname="org.test.GlobalContactQuote" name="editmaxQuanitityLimit" time="0.371"/>
  <system-out/>
  <testcase classname="org.test.GlobalContactQuote" name="editafterDecimalPointValidationQuantityField" time="0.251"/>
  <system-out/>
  <testcase classname="org.test.GlobalContactQuote" name="editbeforeDecimalPointValidationQuantityField" time="0.410"/>
  <system-out/>
  <testcase classname="org.test.GlobalContactQuote" name="editemptyValidationPriceField" time="0.286"/>
  <system-out/>
  <testcase classname="org.test.GlobalContactQuote" name="editmaxPriceLimit" time="0.294"/>
  <system-out/>
  <testcase classname="org.test.GlobalContactQuote" name="editbeforeDecimalPointPriceField" time="0.272"/>
  <system-out/>
  <testcase classname="org.test.GlobalContactQuote" name="editafterDecimalPointPriceField" time="0.286"/>
  <system-out/>
  <testcase classname="org.test.GlobalContactQuote" name="editafterDecimalPointDiscountField" time="0.248"/>
  <system-out/>
  <testcase classname="org.test.GlobalContactQuote" name="editbeforeDecimalPointDiscountField" time="0.205"/>
  <system-out/>
  <testcase classname="org.test.GlobalContactQuote" name="editmaxLimitDiscountField" time="0.198"/>
  <system-out/>
  <testcase classname="org.test.GlobalContactQuote" name="editafterDecimalPointTaxField" time="0.228"/>
  <system-out/>
  <testcase classname="org.test.GlobalContactQuote" name="editbeforeDecimalPointTaxField" time="0.202"/>
  <system-out/>
  <testcase classname="org.test.GlobalContactQuote" name="editmaxLimitTaxField" time="0.249"/>
  <system-out/>
  <testcase classname="org.test.GlobalContactQuote" name="editmaximumValidationDescription" time="1.795"/>
  <system-out/>
  <testcase classname="org.test.GlobalContactQuote" name="editmaximumValidationNotes" time="4.207"/>
  <system-out/>
  <testcase classname="org.test.GlobalContactQuote" name="editexpiryFieldPastDateValidation" time="8.339"/>
  <system-out/>
  <testcase classname="org.test.GlobalContactQuote" name="editvalidateCalculation" time="0.827"/>
  <system-out/>
  <testcase classname="org.test.GlobalContactQuote" name="updateQuote" time="9.623"/>
  <system-out/>
  <testcase classname="org.test.GlobalContactQuote" name="createdQuoteStatus" time="0.142"/>
  <system-out/>
  <testcase classname="org.test.GlobalContactQuote" name="draftQuote" time="22.437"/>
  <system-out/>
  <testcase classname="org.test.GlobalContactQuote" name="convertQuote" time="29.490"/>
  <system-out/>
  <testcase classname="org.test.GlobalContactQuote" name="declinedStatus" time="31.817"/>
  <system-out/>
  <testcase classname="org.test.GlobalContactQuote" name="listCustomerName" time="2.519"/>
  <system-out/>
  <testcase classname="org.test.GlobalContactQuote" name="listQuoteNo" time="2.072"/>
  <system-out/>
  <testcase classname="org.test.GlobalContactQuote" name="listQuoteTittle" time="2.154"/>
  <system-out/>
  <testcase classname="org.test.GlobalContactQuote" name="listQuoteReference" time="1.967"/>
  <system-out/>
  <testcase classname="org.test.GlobalContactQuote" name="listInvalid" time="1.937"/>
  <system-out/>
</testsuite> <!-- org.test.GlobalContactQuote -->
