<?xml version="1.0" encoding="UTF-8"?>
<!-- Generated by org.testng.reporters.JUnitReportReporter -->
<testsuite hostname="DESKTOP-5M7AM2E" failures="0" tests="7" name="org.test.Login" time="54.114" errors="0" timestamp="2023-06-26T12:02:39 IST" skipped="0">
  <testcase classname="org.test.Login" name="verifyEmptyEmail" time="10.703"/>
  <system-out/>
  <testcase classname="org.test.Login" name="verifyEmptyPassword" time="3.142"/>
  <system-out/>
  <testcase classname="org.test.Login" name="verifyIncorrectMail" time="1.551"/>
  <system-out/>
  <testcase classname="org.test.Login" name="verifyIncorrectPassword" time="3.164"/>
  <system-out/>
  <testcase classname="org.test.Login" name="verifyInvalidEmail" time="2.515"/>
  <system-out/>
  <testcase classname="org.test.Login" name="verifyInvalidCredentials" time="1.944"/>
  <system-out/>
  <testcase classname="org.test.Login" name="verify" time="31.095"/>
  <system-out/>
</testsuite> <!-- org.test.Login -->
