<?xml version="1.0" encoding="UTF-8"?>
<!-- Generated by org.testng.reporters.JUnitReportReporter -->
<testsuite hostname="DESKTOP-5M7AM2E" failures="0" tests="6" name="org.enhancement.CustomerContactJob" time="81.680" errors="0" timestamp="2023-05-25T11:49:57 IST" skipped="0">
  <testcase classname="org.enhancement.CustomerContactJob" name="loginPage" time="23.597"/>
  <system-out/>
  <testcase classname="org.enhancement.CustomerContactJob" name="contactModule" time="7.417"/>
  <system-out/>
  <testcase classname="org.enhancement.CustomerContactJob" name="CreateContact" time="16.306"/>
  <system-out/>
  <testcase classname="org.enhancement.CustomerContactJob" name="listabelValidation" time="14.177"/>
  <system-out/>
  <testcase classname="org.enhancement.CustomerContactJob" name="labelValidation" time="1.970"/>
  <system-out/>
  <testcase classname="org.enhancement.CustomerContactJob" name="createJob_FromDateandTime_ToDateandTime" time="18.213"/>
  <system-out/>
</testsuite> <!-- org.enhancement.CustomerContactJob -->
