<?xml version="1.0" encoding="UTF-8"?>
<!-- Generated by org.testng.reporters.JUnitReportReporter -->
<testsuite hostname="DESKTOP-5M7AM2E" failures="0" tests="8" name="org.enhancement.CustomerContactModule" time="124.043" errors="0" timestamp="2023-06-22T17:39:14 IST" skipped="0">
  <testcase classname="org.enhancement.CustomerContactModule" name="loginPage" time="37.247"/>
  <system-out/>
  <testcase classname="org.enhancement.CustomerContactModule" name="contactModule" time="10.752"/>
  <system-out/>
  <testcase classname="org.enhancement.CustomerContactModule" name="createLabel" time="0.182"/>
  <system-out/>
  <testcase classname="org.enhancement.CustomerContactModule" name="CreateContact" time="15.005"/>
  <system-out/>
  <testcase classname="org.enhancement.CustomerContactModule" name="CreateContact" time="15.439"/>
  <system-out/>
  <testcase classname="org.enhancement.CustomerContactModule" name="CreateContact" time="14.885"/>
  <system-out/>
  <testcase classname="org.enhancement.CustomerContactModule" name="CreateContact" time="15.151"/>
  <system-out/>
  <testcase classname="org.enhancement.CustomerContactModule" name="CreateContact" time="15.382"/>
  <system-out/>
</testsuite> <!-- org.enhancement.CustomerContactModule -->
