<?xml version="1.0" encoding="UTF-8"?>
<!-- Generated by org.testng.reporters.JUnitReportReporter -->
<testsuite hostname="DESKTOP-5M7AM2E" failures="0" tests="8" name="org.enhancement.CustomerOrganizationModule" time="202.590" errors="0" timestamp="2023-06-19T18:33:28 IST" skipped="0">
  <testcase classname="org.enhancement.CustomerOrganizationModule" name="loginPage" time="41.583"/>
  <system-out/>
  <testcase classname="org.enhancement.CustomerOrganizationModule" name="modulePage" time="4.848"/>
  <system-out/>
  <testcase classname="org.enhancement.CustomerOrganizationModule" name="createLabel" time="0.592"/>
  <system-out/>
  <testcase classname="org.enhancement.CustomerOrganizationModule" name="createOrganization" time="26.378"/>
  <system-out/>
  <testcase classname="org.enhancement.CustomerOrganizationModule" name="createOrganization" time="70.959"/>
  <system-out/>
  <testcase classname="org.enhancement.CustomerOrganizationModule" name="createOrganization" time="18.966"/>
  <system-out/>
  <testcase classname="org.enhancement.CustomerOrganizationModule" name="createOrganization" time="19.320"/>
  <system-out/>
  <testcase classname="org.enhancement.CustomerOrganizationModule" name="createOrganization" time="19.944"/>
  <system-out/>
</testsuite> <!-- org.enhancement.CustomerOrganizationModule -->
