<?xml version="1.0" encoding="UTF-8"?>
<!-- Generated by org.testng.reporters.JUnitReportReporter -->
<testsuite hostname="DESKTOP-5M7AM2E" failures="0" tests="5" name="org.enhancement.BusinessUnit" time="38.281" errors="0" timestamp="2023-05-25T11:49:57 IST" skipped="0">
  <testcase classname="org.enhancement.BusinessUnit" name="loginPage" time="26.381"/>
  <system-out/>
  <testcase classname="org.enhancement.BusinessUnit" name="settingModule" time="2.216"/>
  <system-out/>
  <testcase classname="org.enhancement.BusinessUnit" name="businessUnitLabel" time="0.136"/>
  <system-out/>
  <testcase classname="org.enhancement.BusinessUnit" name="createFormLabel" time="1.243"/>
  <system-out/>
  <testcase classname="org.enhancement.BusinessUnit" name="businessCreate" time="8.305"/>
  <system-out/>
</testsuite> <!-- org.enhancement.BusinessUnit -->
