<?xml version="1.0" encoding="UTF-8"?>
<!-- Generated by org.testng.reporters.JUnitReportReporter -->
<testsuite hostname="DESKTOP-5M7AM2E" failures="0" tests="51" name="org.test.TeamUserContractor" time="146.518" errors="0" timestamp="2023-03-03T08:33:43 IST" skipped="0">
  <testcase classname="org.test.TeamUserContractor" name="verify" time="33.172"/>
  <system-out/>
  <testcase classname="org.test.TeamUserContractor" name="TeamUserPage" time="5.591"/>
  <system-out/>
  <testcase classname="org.test.TeamUserContractor" name="landingOnCreateForm" time="0.565"/>
  <system-out/>
  <testcase classname="org.test.TeamUserContractor" name="mandatoryValidationContractorFirstNameField" time="0.408"/>
  <system-out/>
  <testcase classname="org.test.TeamUserContractor" name="mandatoryValidationContractorEmailField" time="0.050"/>
  <system-out/>
  <testcase classname="org.test.TeamUserContractor" name="mandatoryOrganizationName" time="0.054"/>
  <system-out/>
  <testcase classname="org.test.TeamUserContractor" name="maxValidationContractorFirstNameField" time="0.591"/>
  <system-out/>
  <testcase classname="org.test.TeamUserContractor" name="maxValidationContractorLastNameField" time="0.570"/>
  <system-out/>
  <testcase classname="org.test.TeamUserContractor" name="invalidContractorEmailValidation" time="0.188"/>
  <system-out/>
  <testcase classname="org.test.TeamUserContractor" name="maxValidationContractorEmailFields" time="0.580"/>
  <system-out/>
  <testcase classname="org.test.TeamUserContractor" name="minValidatonContractorPhoneNumber" time="0.195"/>
  <system-out/>
  <testcase classname="org.test.TeamUserContractor" name="specialCharacterPhoneNumberField" time="0.186"/>
  <system-out/>
  <testcase classname="org.test.TeamUserContractor" name="maxValidatonContractorPhoneNumber" time="1.682"/>
  <system-out/>
  <testcase classname="org.test.TeamUserContractor" name="maxValidationLocationName" time="0.624"/>
  <system-out/>
  <testcase classname="org.test.TeamUserContractor" name="maxValidationAddress1" time="0.614"/>
  <system-out/>
  <testcase classname="org.test.TeamUserContractor" name="maxValidationAddress2" time="0.584"/>
  <system-out/>
  <testcase classname="org.test.TeamUserContractor" name="maxValidationState" time="0.621"/>
  <system-out/>
  <testcase classname="org.test.TeamUserContractor" name="maxValidationCity" time="0.591"/>
  <system-out/>
  <testcase classname="org.test.TeamUserContractor" name="minValidationZipcode" time="0.189"/>
  <system-out/>
  <testcase classname="org.test.TeamUserContractor" name="specialCharacterValidationZipcode" time="0.171"/>
  <system-out/>
  <testcase classname="org.test.TeamUserContractor" name="maxValidationZipcode" time="0.596"/>
  <system-out/>
  <testcase classname="org.test.TeamUserContractor" name="verifySaveButtonExist" time="0.210"/>
  <system-out/>
  <testcase classname="org.test.TeamUserContractor" name="userCreate" time="7.469"/>
  <system-out/>
  <testcase classname="org.test.TeamUserContractor" name="userCount" time="0.095"/>
  <system-out/>
  <testcase classname="org.test.TeamUserContractor" name="alreadyExistedMailValidation" time="3.921"/>
  <system-out/>
  <testcase classname="org.test.TeamUserContractor" name="searchNameValidation" time="1.812"/>
  <system-out/>
  <testcase classname="org.test.TeamUserContractor" name="searchPhoneNumberValidation" time="1.814"/>
  <system-out/>
  <testcase classname="org.test.TeamUserContractor" name="searchEmailValidation" time="1.785"/>
  <system-out/>
  <testcase classname="org.test.TeamUserContractor" name="filterByCompany" time="2.158"/>
  <system-out/>
  <testcase classname="org.test.TeamUserContractor" name="invalidDataValidation" time="1.845"/>
  <system-out/>
  <testcase classname="org.test.TeamUserContractor" name="landingOnEditForm" time="5.750"/>
  <system-out/>
  <testcase classname="org.test.TeamUserContractor" name="editmandatoryValidationContractorFirstNameField" time="0.381"/>
  <system-out/>
  <testcase classname="org.test.TeamUserContractor" name="editmandatoryValidationContractorEmailField" time="0.038"/>
  <system-out/>
  <testcase classname="org.test.TeamUserContractor" name="editmaxValidationContractorFirstNameField" time="0.590"/>
  <system-out/>
  <testcase classname="org.test.TeamUserContractor" name="editmaxValidationContractorLastNameField" time="0.587"/>
  <system-out/>
  <testcase classname="org.test.TeamUserContractor" name="editinvalidContractorEmailValidation" time="0.178"/>
  <system-out/>
  <testcase classname="org.test.TeamUserContractor" name="editmaxValidationContractorEmailFields" time="0.537"/>
  <system-out/>
  <testcase classname="org.test.TeamUserContractor" name="editminValidatonContractorPhoneNumber" time="0.181"/>
  <system-out/>
  <testcase classname="org.test.TeamUserContractor" name="editspecialCharacterPhoneNumberField" time="0.186"/>
  <system-out/>
  <testcase classname="org.test.TeamUserContractor" name="editmaxValidatonContractorPhoneNumber" time="1.742"/>
  <system-out/>
  <testcase classname="org.test.TeamUserContractor" name="editmaxValidationLocationName" time="0.599"/>
  <system-out/>
  <testcase classname="org.test.TeamUserContractor" name="editmaxValidationAddress1" time="0.633"/>
  <system-out/>
  <testcase classname="org.test.TeamUserContractor" name="editmaxValidationAddress2" time="0.580"/>
  <system-out/>
  <testcase classname="org.test.TeamUserContractor" name="editmaxValidationState" time="0.631"/>
  <system-out/>
  <testcase classname="org.test.TeamUserContractor" name="editmaxValidationCity" time="0.579"/>
  <system-out/>
  <testcase classname="org.test.TeamUserContractor" name="editminValidationZipcode" time="0.181"/>
  <system-out/>
  <testcase classname="org.test.TeamUserContractor" name="editspecialCharacterValidationZipcode" time="0.165"/>
  <system-out/>
  <testcase classname="org.test.TeamUserContractor" name="editmaxValidationZipcode" time="0.624"/>
  <system-out/>
  <testcase classname="org.test.TeamUserContractor" name="verifyUpdateExist" time="0.210"/>
  <system-out/>
  <testcase classname="org.test.TeamUserContractor" name="userEdit" time="7.434"/>
  <system-out/>
  <testcase classname="org.test.TeamUserContractor" name="deleteUserDetails" time="55.781"/>
  <system-out/>
</testsuite> <!-- org.test.TeamUserContractor -->
