<?xml version="1.0" encoding="UTF-8"?>
<!-- Generated by org.testng.reporters.JUnitReportReporter -->
<testsuite hostname="DESKTOP-5M7AM2E" failures="0" tests="20" name="org.test.LeadSource" time="185.501" errors="0" timestamp="2023-06-09T16:40:32 IST" skipped="0">
  <testcase classname="org.test.LeadSource" name="loginPage" time="37.154"/>
  <system-out/>
  <testcase classname="org.test.LeadSource" name="settingModule" time="2.612"/>
  <system-out/>
  <testcase classname="org.test.LeadSource" name="leadSourceLabel" time="0.548"/>
  <system-out/>
  <testcase classname="org.test.LeadSource" name="createFormLabel" time="0.854"/>
  <system-out/>
  <testcase classname="org.test.LeadSource" name="maximumValidationLeadSource" time="14.407"/>
  <system-out/>
  <testcase classname="org.test.LeadSource" name="mandatoryValidation" time="0.396"/>
  <system-out/>
  <testcase classname="org.test.LeadSource" name="verifySaveButtonExist" time="0.440"/>
  <system-out/>
  <testcase classname="org.test.LeadSource" name="leadSourceCreate" time="24.835"/>
  <system-out/>
  <testcase classname="org.test.LeadSource" name="leadSourceCreateList" time="0.060"/>
  <system-out/>
  <testcase classname="org.test.LeadSource" name="activeStatus" time="0.062"/>
  <system-out/>
  <testcase classname="org.test.LeadSource" name="editFormLabel" time="2.006"/>
  <system-out/>
  <testcase classname="org.test.LeadSource" name="editmandatoryValidation" time="0.443"/>
  <system-out/>
  <testcase classname="org.test.LeadSource" name="editmaximumValidationLeadSource" time="14.105"/>
  <system-out/>
  <testcase classname="org.test.LeadSource" name="verifyUpdateButtonExist" time="0.445"/>
  <system-out/>
  <testcase classname="org.test.LeadSource" name="leadSourceUpdate" time="11.631"/>
  <system-out/>
  <testcase classname="org.test.LeadSource" name="alreadyExists" time="1.733"/>
  <system-out/>
  <testcase classname="org.test.LeadSource" name="deleteBusinessUnit" time="16.913"/>
  <system-out/>
  <testcase classname="org.test.LeadSource" name="reflectCreateContactPage" time="33.481"/>
  <system-out/>
  <testcase classname="org.test.LeadSource" name="inactiveLeadSource" time="16.086"/>
  <system-out/>
  <testcase classname="org.test.LeadSource" name="deleteLeadSource" time="7.290"/>
  <system-out/>
</testsuite> <!-- org.test.LeadSource -->
