<?xml version="1.0" encoding="UTF-8"?>
<!-- Generated by org.testng.reporters.JUnitReportReporter -->
<testsuite hostname="DESKTOP-5M7AM2E" failures="0" tests="29" name="org.test.CustomerContactJob" time="170.528" errors="0" timestamp="2023-01-18T18:17:14 IST" skipped="0">
  <testcase classname="org.test.CustomerContactJob" name="loginPage" time="32.823"/>
  <system-out/>
  <testcase classname="org.test.CustomerContactJob" name="contactModule" time="9.058"/>
  <system-out/>
  <testcase classname="org.test.CustomerContactJob" name="CreateContact" time="12.327"/>
  <system-out/>
  <testcase classname="org.test.CustomerContactJob" name="labelValidation" time="6.362"/>
  <system-out/>
  <testcase classname="org.test.CustomerContactJob" name="maximumValidationTittle" time="6.628"/>
  <system-out/>
  <testcase classname="org.test.CustomerContactJob" name="mandatoryValidationDescription" time="0.146"/>
  <system-out/>
  <testcase classname="org.test.CustomerContactJob" name="maximumValidationDescription" time="3.399"/>
  <system-out/>
  <testcase classname="org.test.CustomerContactJob" name="maximumTagValidation" time="0.672"/>
  <system-out/>
  <testcase classname="org.test.CustomerContactJob" name="duplicateTagsValidation" time="0.385"/>
  <system-out/>
  <testcase classname="org.test.CustomerContactJob" name="maxTagLimitValidation" time="7.800"/>
  <system-out/>
  <testcase classname="org.test.CustomerContactJob" name="maximumValidationNotes" time="3.322"/>
  <system-out/>
  <testcase classname="org.test.CustomerContactJob" name="unsssignedJob" time="9.480"/>
  <system-out/>
  <testcase classname="org.test.CustomerContactJob" name="jobUnassignedStatus" time="1.608"/>
  <system-out/>
  <testcase classname="org.test.CustomerContactJob" name="editJobwithFromDateFromTime" time="18.003"/>
  <system-out/>
  <testcase classname="org.test.CustomerContactJob" name="createJob_FromDateandTime_ToDateandTime" time="15.712"/>
  <system-out/>
  <testcase classname="org.test.CustomerContactJob" name="jobScheduleStatus" time="2.125"/>
  <system-out/>
  <testcase classname="org.test.CustomerContactJob" name="dispatchedJob" time="3.480"/>
  <system-out/>
  <testcase classname="org.test.CustomerContactJob" name="jobDispatchedStatus" time="0.599"/>
  <system-out/>
  <testcase classname="org.test.CustomerContactJob" name="startedJob" time="3.984"/>
  <system-out/>
  <testcase classname="org.test.CustomerContactJob" name="jobStartedStatus" time="0.045"/>
  <system-out/>
  <testcase classname="org.test.CustomerContactJob" name="completedJob" time="3.999"/>
  <system-out/>
  <testcase classname="org.test.CustomerContactJob" name="cancelledJob" time="3.495"/>
  <system-out/>
  <testcase classname="org.test.CustomerContactJob" name="jobCancelledStatus" time="0.573"/>
  <system-out/>
  <testcase classname="org.test.CustomerContactJob" name="jobDraftStatus" time="9.222"/>
  <system-out/>
  <testcase classname="org.test.CustomerContactJob" name="deletedJob" time="1.423"/>
  <system-out/>
  <testcase classname="org.test.CustomerContactJob" name="searchJobNo" time="3.408"/>
  <system-out/>
  <testcase classname="org.test.CustomerContactJob" name="searchLocation" time="4.898"/>
  <system-out/>
  <testcase classname="org.test.CustomerContactJob" name="searchFilterByDate" time="4.392"/>
  <system-out/>
  <testcase classname="org.test.CustomerContactJob" name="searchInvalid" time="1.160"/>
  <system-out/>
</testsuite> <!-- org.test.CustomerContactJob -->
