<?xml version="1.0" encoding="UTF-8"?>
<!-- Generated by org.testng.reporters.JUnitReportReporter -->
<testsuite hostname="DESKTOP-5M7AM2E" failures="0" tests="5" name="org.enhancement.BusinessUnit" time="39.092" errors="0" timestamp="2023-04-23T20:36:39 IST" skipped="0">
  <testcase classname="org.enhancement.BusinessUnit" name="loginPage" time="27.601"/>
  <system-out/>
  <testcase classname="org.enhancement.BusinessUnit" name="settingModule" time="1.491"/>
  <system-out/>
  <testcase classname="org.enhancement.BusinessUnit" name="businessUnitLabel" time="0.077"/>
  <system-out/>
  <testcase classname="org.enhancement.BusinessUnit" name="createFormLabel" time="1.876"/>
  <system-out/>
  <testcase classname="org.enhancement.BusinessUnit" name="businessCreate" time="8.047"/>
  <system-out/>
</testsuite> <!-- org.enhancement.BusinessUnit -->
