<?xml version="1.0" encoding="UTF-8"?>
<!-- Generated by org.testng.reporters.JUnitReportReporter -->
<testsuite hostname="DESKTOP-5M7AM2E" failures="0" tests="11" name="org.test.SubscriptionMonthlyTeamPack" time="67.286" errors="0" timestamp="2023-05-29T15:47:57 IST" skipped="0">
  <testcase classname="org.test.SubscriptionMonthlyTeamPack" name="createTenant" time="49.322"/>
  <system-out/>
  <testcase classname="org.test.SubscriptionMonthlyTeamPack" name="subDomineURL" time="0.100"/>
  <system-out/>
  <testcase classname="org.test.SubscriptionMonthlyTeamPack" name="ownerName" time="0.114"/>
  <system-out/>
  <testcase classname="org.test.SubscriptionMonthlyTeamPack" name="modulepage" time="8.600"/>
  <system-out/>
  <testcase classname="org.test.SubscriptionMonthlyTeamPack" name="confirmPage" time="2.187"/>
  <system-out/>
  <testcase classname="org.test.SubscriptionMonthlyTeamPack" name="proAmount" time="0.307"/>
  <system-out/>
  <testcase classname="org.test.SubscriptionMonthlyTeamPack" name="totalAmount" time="0.254"/>
  <system-out/>
  <testcase classname="org.test.SubscriptionMonthlyTeamPack" name="billingInformation" time="3.251"/>
  <system-out/>
  <testcase classname="org.test.SubscriptionMonthlyTeamPack" name="billingInformationAmount" time="0.308"/>
  <system-out/>
  <testcase classname="org.test.SubscriptionMonthlyTeamPack" name="paymentDetailsPage" time="2.562"/>
  <system-out/>
  <testcase classname="org.test.SubscriptionMonthlyTeamPack" name="paymentDetailsAmount" time="0.281"/>
  <system-out/>
</testsuite> <!-- org.test.SubscriptionMonthlyTeamPack -->
