<?xml version="1.0" encoding="UTF-8"?>
<!-- Generated by org.testng.reporters.JUnitReportReporter -->
<<<<<<< HEAD
<<<<<<< HEAD
<testsuite hostname="DESKTOP-5M7AM2E" failures="0" tests="5" name="org.enhancement.BusinessUnit" time="54.189" errors="0" timestamp="2023-05-22T20:03:10 IST" skipped="0">
  <testcase classname="org.enhancement.BusinessUnit" name="loginPage" time="40.934"/>
  <system-out/>
  <testcase classname="org.enhancement.BusinessUnit" name="settingModule" time="2.930"/>
  <system-out/>
  <testcase classname="org.enhancement.BusinessUnit" name="businessUnitLabel" time="0.184"/>
  <system-out/>
  <testcase classname="org.enhancement.BusinessUnit" name="createFormLabel" time="1.422"/>
  <system-out/>
  <testcase classname="org.enhancement.BusinessUnit" name="businessCreate" time="8.719"/>
=======
<testsuite hostname="DESKTOP-5M7AM2E" failures="0" tests="5" name="org.enhancement.BusinessUnit" time="38.281" errors="0" timestamp="2023-05-25T11:49:57 IST" skipped="0">
  <testcase classname="org.enhancement.BusinessUnit" name="loginPage" time="26.381"/>
=======
<testsuite hostname="DESKTOP-5M7AM2E" failures="0" tests="9" name="org.enhancement.BusinessUnit" time="102.482" errors="0" timestamp="2023-06-04T11:22:12 IST" skipped="0">
  <testcase classname="org.enhancement.BusinessUnit" name="loginPage" time="54.328"/>
>>>>>>> 8f032e9abfd9edfc56ded76230782504aeca4741
  <system-out/>
  <testcase classname="org.enhancement.BusinessUnit" name="settingModule" time="2.000"/>
  <system-out/>
  <testcase classname="org.enhancement.BusinessUnit" name="businessUnitLabel" time="0.392"/>
  <system-out/>
  <testcase classname="org.enhancement.BusinessUnit" name="createFormLabel" time="1.124"/>
  <system-out/>
<<<<<<< HEAD
  <testcase classname="org.enhancement.BusinessUnit" name="businessCreate" time="8.305"/>
>>>>>>> c5699b793ecef34ca60eb49f33139d209ba1ec97
=======
  <testcase classname="org.enhancement.BusinessUnit" name="businessCreate" time="8.951"/>
  <system-out/>
  <testcase classname="org.enhancement.BusinessUnit" name="businessCreate" time="9.066"/>
  <system-out/>
  <testcase classname="org.enhancement.BusinessUnit" name="businessCreate" time="8.704"/>
  <system-out/>
  <testcase classname="org.enhancement.BusinessUnit" name="businessCreate" time="9.295"/>
  <system-out/>
  <testcase classname="org.enhancement.BusinessUnit" name="businessCreate" time="8.622"/>
>>>>>>> 8f032e9abfd9edfc56ded76230782504aeca4741
  <system-out/>
</testsuite> <!-- org.enhancement.BusinessUnit -->
