<?xml version="1.0" encoding="UTF-8"?>
<!-- Generated by org.testng.reporters.JUnitReportReporter -->
<testsuite hostname="DESKTOP-5M7AM2E" failures="0" tests="10" name="org.enhancement.CustomerContactRequest" time="146.757" errors="0" timestamp="2023-06-19T18:33:28 IST" skipped="0">
  <testcase classname="org.enhancement.CustomerContactRequest" name="loginPage" time="39.155"/>
  <system-out/>
  <testcase classname="org.enhancement.CustomerContactRequest" name="contactModule" time="4.616"/>
  <system-out/>
  <testcase classname="org.enhancement.CustomerContactRequest" name="CreateContact" time="12.909"/>
  <system-out/>
  <testcase classname="org.enhancement.CustomerContactRequest" name="listabelValidation" time="5.441"/>
  <system-out/>
  <testcase classname="org.enhancement.CustomerContactRequest" name="labelValidation" time="0.906"/>
  <system-out/>
  <testcase classname="org.enhancement.CustomerContactRequest" name="createRequest_FromDateandTime_ToDateandTime" time="16.650"/>
  <system-out/>
  <testcase classname="org.enhancement.CustomerContactRequest" name="createRequest_FromDateandTime_ToDateandTime" time="16.836"/>
  <system-out/>
  <testcase classname="org.enhancement.CustomerContactRequest" name="createRequest_FromDateandTime_ToDateandTime" time="16.722"/>
  <system-out/>
  <testcase classname="org.enhancement.CustomerContactRequest" name="createRequest_FromDateandTime_ToDateandTime" time="16.248"/>
  <system-out/>
  <testcase classname="org.enhancement.CustomerContactRequest" name="createRequest_FromDateandTime_ToDateandTime" time="17.274"/>
  <system-out/>
</testsuite> <!-- org.enhancement.CustomerContactRequest -->
