<?xml version="1.0" encoding="UTF-8"?>
<!-- Generated by org.testng.reporters.JUnitReportReporter -->
<testsuite hostname="DESKTOP-5M7AM2E" failures="0" tests="20" name="org.test.ServiceType" time="154.992" errors="0" timestamp="2023-05-05T14:24:28 IST" skipped="0">
  <testcase classname="org.test.ServiceType" name="loginPage" time="30.080"/>
  <system-out/>
  <testcase classname="org.test.ServiceType" name="settingModule" time="12.039"/>
  <system-out/>
  <testcase classname="org.test.ServiceType" name="leadSourceLabel" time="0.059"/>
  <system-out/>
  <testcase classname="org.test.ServiceType" name="createFormLabel" time="6.804"/>
  <system-out/>
  <testcase classname="org.test.ServiceType" name="mandatoryValidation" time="6.063"/>
  <system-out/>
  <testcase classname="org.test.ServiceType" name="maximumValidationServiceType" time="5.748"/>
  <system-out/>
  <testcase classname="org.test.ServiceType" name="verifySaveButtonExist" time="0.818"/>
  <system-out/>
  <testcase classname="org.test.ServiceType" name="serviceTypeCreate" time="8.410"/>
  <system-out/>
  <testcase classname="org.test.ServiceType" name="serviceTypeCreateList" time="0.108"/>
  <system-out/>
  <testcase classname="org.test.ServiceType" name="activeStatus" time="0.121"/>
  <system-out/>
  <testcase classname="org.test.ServiceType" name="alreadyExists" time="2.153"/>
  <system-out/>
  <testcase classname="org.test.ServiceType" name="editFormLabel" time="3.852"/>
  <system-out/>
  <testcase classname="org.test.ServiceType" name="editmandatoryValidation" time="0.954"/>
  <system-out/>
  <testcase classname="org.test.ServiceType" name="editmaximumValidationLeadSource" time="5.913"/>
  <system-out/>
  <testcase classname="org.test.ServiceType" name="verifyUpdateButtonExist" time="0.463"/>
  <system-out/>
  <testcase classname="org.test.ServiceType" name="leadSourceUpdate" time="8.287"/>
  <system-out/>
  <testcase classname="org.test.ServiceType" name="deleteBusinessUnit" time="15.570"/>
  <system-out/>
  <testcase classname="org.test.ServiceType" name="reflectCreateContactPage" time="27.257"/>
  <system-out/>
  <testcase classname="org.test.ServiceType" name="inactiveLeadSource" time="15.190"/>
  <system-out/>
  <testcase classname="org.test.ServiceType" name="deleteLeadSource" time="5.103"/>
  <system-out/>
</testsuite> <!-- org.test.ServiceType -->
