<?xml version="1.0" encoding="UTF-8"?>
<!-- Generated by org.testng.reporters.JUnitReportReporter -->
<testsuite hostname="DESKTOP-5M7AM2E" failures="0" tests="9" name="org.enhancement.BusinessUnit" time="102.482" errors="0" timestamp="2023-06-04T11:22:12 IST" skipped="0">
  <testcase classname="org.enhancement.BusinessUnit" name="loginPage" time="54.328"/>
  <system-out/>
  <testcase classname="org.enhancement.BusinessUnit" name="settingModule" time="2.000"/>
  <system-out/>
  <testcase classname="org.enhancement.BusinessUnit" name="businessUnitLabel" time="0.392"/>
  <system-out/>
  <testcase classname="org.enhancement.BusinessUnit" name="createFormLabel" time="1.124"/>
  <system-out/>
  <testcase classname="org.enhancement.BusinessUnit" name="businessCreate" time="8.951"/>
  <system-out/>
  <testcase classname="org.enhancement.BusinessUnit" name="businessCreate" time="9.066"/>
  <system-out/>
  <testcase classname="org.enhancement.BusinessUnit" name="businessCreate" time="8.704"/>
  <system-out/>
  <testcase classname="org.enhancement.BusinessUnit" name="businessCreate" time="9.295"/>
  <system-out/>
  <testcase classname="org.enhancement.BusinessUnit" name="businessCreate" time="8.622"/>
  <system-out/>
</testsuite> <!-- org.enhancement.BusinessUnit -->
