<?xml version="1.0" encoding="UTF-8"?>
<!-- Generated by org.testng.reporters.JUnitReportReporter -->
<testsuite hostname="DESKTOP-5M7AM2E" failures="0" tests="19" name="org.test.BusinessUnit" time="109.900" errors="0" timestamp="2023-04-04T00:12:38 IST" skipped="0">
  <testcase classname="org.test.BusinessUnit" name="loginPage" time="26.135"/>
  <system-out/>
  <testcase classname="org.test.BusinessUnit" name="settingModule" time="5.421"/>
  <system-out/>
  <testcase classname="org.test.BusinessUnit" name="businessUnitLabel" time="0.036"/>
  <system-out/>
  <testcase classname="org.test.BusinessUnit" name="createFormLabel" time="0.732"/>
  <system-out/>
  <testcase classname="org.test.BusinessUnit" name="mandatoryValidation" time="0.281"/>
  <system-out/>
  <testcase classname="org.test.BusinessUnit" name="maximumValidationBussinessUnit" time="4.141"/>
  <system-out/>
  <testcase classname="org.test.BusinessUnit" name="verifySaveButtonExist" time="0.354"/>
  <system-out/>
  <testcase classname="org.test.BusinessUnit" name="businessCreate" time="7.675"/>
  <system-out/>
  <testcase classname="org.test.BusinessUnit" name="businessCreateList" time="0.030"/>
  <system-out/>
  <testcase classname="org.test.BusinessUnit" name="activeStatus" time="0.033"/>
  <system-out/>
  <testcase classname="org.test.BusinessUnit" name="editFormLabel" time="2.999"/>
  <system-out/>
  <testcase classname="org.test.BusinessUnit" name="editmandatoryValidation" time="0.221"/>
  <system-out/>
  <testcase classname="org.test.BusinessUnit" name="editmaximumValidationBussinessUnit" time="4.027"/>
  <system-out/>
  <testcase classname="org.test.BusinessUnit" name="verifyUpdateButtonExist" time="0.293"/>
  <system-out/>
  <testcase classname="org.test.BusinessUnit" name="businessUpdate" time="8.256"/>
  <system-out/>
  <testcase classname="org.test.BusinessUnit" name="deleteBusinessUnit" time="15.432"/>
  <system-out/>
  <testcase classname="org.test.BusinessUnit" name="reflectCreateContactPage" time="17.710"/>
  <system-out/>
  <testcase classname="org.test.BusinessUnit" name="inactiveLeadSource" time="12.839"/>
  <system-out/>
  <testcase classname="org.test.BusinessUnit" name="deleteLeadSource" time="3.285"/>
  <system-out/>
</testsuite> <!-- org.test.BusinessUnit -->
