<?xml version="1.0" encoding="UTF-8"?>
<!-- Generated by org.testng.reporters.JUnitReportReporter -->
<testsuite hostname="DESKTOP-5M7AM2E" failures="0" tests="51" name="org.test.TeamUserContractor" time="321.336" errors="1" timestamp="2023-02-20T12:54:41 IST" skipped="0">
  <testcase classname="org.test.TeamUserContractor" name="verify" time="219.395">
    <error message="Expected condition failed: waiting for visibility of element located by By.xpath: //*[text()=&#039; Company Performance&#039;] (tried for 50 second(s) with 500 milliseconds interval)
Build info: version: &#039;3.141.59&#039;, revision: &#039;e82be7d358&#039;, time: &#039;2018-11-14T08:17:03&#039;
System info: host: &#039;DESKTOP-5M7AM2E&#039;, ip: &#039;192.168.10.107&#039;, os.name: &#039;Windows 11&#039;, os.arch: &#039;amd64&#039;, os.version: &#039;10.0&#039;, java.version: &#039;17.0.3&#039;
Driver info: org.openqa.selenium.chrome.ChromeDriver
Capabilities {acceptInsecureCerts: false, browserName: chrome, browserVersion: 110.0.5481.104, chrome: {chromedriverVersion: 110.0.5481.77 (65ed616c6e8e..., userDataDir: C:\Users\ZAIGOP~1\AppData\L...}, goog:chromeOptions: {debuggerAddress: localhost:61508}, javascriptEnabled: true, networkConnectionEnabled: false, pageLoadStrategy: normal, platform: WINDOWS, platformName: WINDOWS, proxy: Proxy(), setWindowRect: true, strictFileInteractability: false, timeouts: {implicit: 0, pageLoad: 300000, script: 30000}, unhandledPromptBehavior: dismiss and notify, webauthn:extension:credBlob: true, webauthn:extension:largeBlob: true, webauthn:virtualAuthenticators: true}
Session ID: 9670ad8c5f3bb8d544c43beaa73515d4" type="org.openqa.selenium.TimeoutException">
      <![CDATA[org.openqa.selenium.TimeoutException: Expected condition failed: waiting for visibility of element located by By.xpath: //*[text()=' Company Performance'] (tried for 50 second(s) with 500 milliseconds interval)
Build info: version: '3.141.59', revision: 'e82be7d358', time: '2018-11-14T08:17:03'
System info: host: 'DESKTOP-5M7AM2E', ip: '192.168.10.107', os.name: 'Windows 11', os.arch: 'amd64', os.version: '10.0', java.version: '17.0.3'
Driver info: org.openqa.selenium.chrome.ChromeDriver
Capabilities {acceptInsecureCerts: false, browserName: chrome, browserVersion: 110.0.5481.104, chrome: {chromedriverVersion: 110.0.5481.77 (65ed616c6e8e..., userDataDir: C:\Users\ZAIGOP~1\AppData\L...}, goog:chromeOptions: {debuggerAddress: localhost:61508}, javascriptEnabled: true, networkConnectionEnabled: false, pageLoadStrategy: normal, platform: WINDOWS, platformName: WINDOWS, proxy: Proxy(), setWindowRect: true, strictFileInteractability: false, timeouts: {implicit: 0, pageLoad: 300000, script: 30000}, unhandledPromptBehavior: dismiss and notify, webauthn:extension:credBlob: true, webauthn:extension:largeBlob: true, webauthn:virtualAuthenticators: true}
Session ID: 9670ad8c5f3bb8d544c43beaa73515d4
at org.openqa.selenium.support.ui.WebDriverWait.timeoutException(WebDriverWait.java:95)
at org.openqa.selenium.support.ui.FluentWait.until(FluentWait.java:272)
at com.zaigo.pageobjects.LoginPage.dashBoardText(LoginPage.java:47)
at org.test.TeamUserContractor.verify(TeamUserContractor.java:56)
at java.base/jdk.internal.reflect.NativeMethodAccessorImpl.invoke0(Native Method)
at java.base/jdk.internal.reflect.NativeMethodAccessorImpl.invoke(NativeMethodAccessorImpl.java:77)
at java.base/jdk.internal.reflect.DelegatingMethodAccessorImpl.invoke(DelegatingMethodAccessorImpl.java:43)
at java.base/java.lang.reflect.Method.invoke(Method.java:568)
at org.testng.internal.MethodInvocationHelper.invokeMethod(MethodInvocationHelper.java:133)
at org.testng.internal.TestInvoker.invokeMethod(TestInvoker.java:598)
at org.testng.internal.TestInvoker.invokeTestMethod(TestInvoker.java:173)
at org.testng.internal.MethodRunner.runInSequence(MethodRunner.java:46)
at org.testng.internal.TestInvoker$MethodInvocationAgent.invoke(TestInvoker.java:824)
at org.testng.internal.TestInvoker.invokeTestMethods(TestInvoker.java:146)
at org.testng.internal.TestMethodWorker.invokeTestMethods(TestMethodWorker.java:146)
at org.testng.internal.TestMethodWorker.run(TestMethodWorker.java:128)
at java.base/java.util.ArrayList.forEach(ArrayList.java:1511)
at org.testng.TestRunner.privateRun(TestRunner.java:794)
at org.testng.TestRunner.run(TestRunner.java:596)
at org.testng.SuiteRunner.runTest(SuiteRunner.java:377)
at org.testng.SuiteRunner.runSequentially(SuiteRunner.java:371)
at org.testng.SuiteRunner.privateRun(SuiteRunner.java:332)
at org.testng.SuiteRunner.run(SuiteRunner.java:276)
at org.testng.SuiteRunnerWorker.runSuite(SuiteRunnerWorker.java:53)
at org.testng.SuiteRunnerWorker.run(SuiteRunnerWorker.java:96)
at org.testng.TestNG.runSuitesSequentially(TestNG.java:1212)
at org.testng.TestNG.runSuitesLocally(TestNG.java:1134)
at org.testng.TestNG.runSuites(TestNG.java:1063)
at org.testng.TestNG.run(TestNG.java:1031)
at org.testng.remote.AbstractRemoteTestNG.run(AbstractRemoteTestNG.java:115)
at org.testng.remote.RemoteTestNG.initAndRun(RemoteTestNG.java:251)
at org.testng.remote.RemoteTestNG.main(RemoteTestNG.java:77)
]]>
    </error>
  </testcase> <!-- verify -->
  <system-out/>
  <testcase classname="org.test.TeamUserContractor" name="TeamUserPage" time="6.021"/>
  <system-out/>
  <testcase classname="org.test.TeamUserContractor" name="landingOnCreateForm" time="1.131"/>
  <system-out/>
  <testcase classname="org.test.TeamUserContractor" name="mandatoryValidationContractorFirstNameField" time="0.513"/>
  <system-out/>
  <testcase classname="org.test.TeamUserContractor" name="mandatoryValidationContractorEmailField" time="0.088"/>
  <system-out/>
  <testcase classname="org.test.TeamUserContractor" name="mandatoryOrganizationName" time="0.080"/>
  <system-out/>
  <testcase classname="org.test.TeamUserContractor" name="maxValidationContractorFirstNameField" time="1.162"/>
  <system-out/>
  <testcase classname="org.test.TeamUserContractor" name="maxValidationContractorLastNameField" time="1.104"/>
  <system-out/>
  <testcase classname="org.test.TeamUserContractor" name="invalidContractorEmailValidation" time="0.313"/>
  <system-out/>
  <testcase classname="org.test.TeamUserContractor" name="maxValidationContractorEmailFields" time="0.801"/>
  <system-out/>
  <testcase classname="org.test.TeamUserContractor" name="minValidatonContractorPhoneNumber" time="0.264"/>
  <system-out/>
  <testcase classname="org.test.TeamUserContractor" name="specialCharacterPhoneNumberField" time="0.257"/>
  <system-out/>
  <testcase classname="org.test.TeamUserContractor" name="maxValidatonContractorPhoneNumber" time="2.002"/>
  <system-out/>
  <testcase classname="org.test.TeamUserContractor" name="maxValidationLocationName" time="1.002"/>
  <system-out/>
  <testcase classname="org.test.TeamUserContractor" name="maxValidationAddress1" time="0.986"/>
  <system-out/>
  <testcase classname="org.test.TeamUserContractor" name="maxValidationAddress2" time="0.913"/>
  <system-out/>
  <testcase classname="org.test.TeamUserContractor" name="maxValidationState" time="0.849"/>
  <system-out/>
  <testcase classname="org.test.TeamUserContractor" name="maxValidationCity" time="0.784"/>
  <system-out/>
  <testcase classname="org.test.TeamUserContractor" name="minValidationZipcode" time="0.272"/>
  <system-out/>
  <testcase classname="org.test.TeamUserContractor" name="specialCharacterValidationZipcode" time="0.160"/>
  <system-out/>
  <testcase classname="org.test.TeamUserContractor" name="maxValidationZipcode" time="0.608"/>
  <system-out/>
  <testcase classname="org.test.TeamUserContractor" name="verifySaveButtonExist" time="0.224"/>
  <system-out/>
  <testcase classname="org.test.TeamUserContractor" name="userCreate" time="2.388"/>
  <system-out/>
  <testcase classname="org.test.TeamUserContractor" name="userCount" time="1.358"/>
  <system-out/>
  <testcase classname="org.test.TeamUserContractor" name="alreadyExistedMailValidation" time="4.413"/>
  <system-out/>
  <testcase classname="org.test.TeamUserContractor" name="searchNameValidation" time="1.904"/>
  <system-out/>
  <testcase classname="org.test.TeamUserContractor" name="searchPhoneNumberValidation" time="2.497"/>
  <system-out/>
  <testcase classname="org.test.TeamUserContractor" name="searchEmailValidation" time="1.367"/>
  <system-out/>
  <testcase classname="org.test.TeamUserContractor" name="filterByCompany" time="2.446"/>
  <system-out/>
  <testcase classname="org.test.TeamUserContractor" name="invalidDataValidation" time="2.004"/>
  <system-out/>
  <testcase classname="org.test.TeamUserContractor" name="landingOnEditForm" time="6.516"/>
  <system-out/>
  <testcase classname="org.test.TeamUserContractor" name="editmandatoryValidationContractorFirstNameField" time="0.434"/>
  <system-out/>
  <testcase classname="org.test.TeamUserContractor" name="editmandatoryValidationContractorEmailField" time="0.072"/>
  <system-out/>
  <testcase classname="org.test.TeamUserContractor" name="editmaxValidationContractorFirstNameField" time="0.792"/>
  <system-out/>
  <testcase classname="org.test.TeamUserContractor" name="editmaxValidationContractorLastNameField" time="0.824"/>
  <system-out/>
  <testcase classname="org.test.TeamUserContractor" name="editinvalidContractorEmailValidation" time="0.240"/>
  <system-out/>
  <testcase classname="org.test.TeamUserContractor" name="editmaxValidationContractorEmailFields" time="0.761"/>
  <system-out/>
  <testcase classname="org.test.TeamUserContractor" name="editminValidatonContractorPhoneNumber" time="0.272"/>
  <system-out/>
  <testcase classname="org.test.TeamUserContractor" name="editspecialCharacterPhoneNumberField" time="0.240"/>
  <system-out/>
  <testcase classname="org.test.TeamUserContractor" name="editmaxValidatonContractorPhoneNumber" time="2.317"/>
  <system-out/>
  <testcase classname="org.test.TeamUserContractor" name="editmaxValidationLocationName" time="0.824"/>
  <system-out/>
  <testcase classname="org.test.TeamUserContractor" name="editmaxValidationAddress1" time="0.849"/>
  <system-out/>
  <testcase classname="org.test.TeamUserContractor" name="editmaxValidationAddress2" time="0.899"/>
  <system-out/>
  <testcase classname="org.test.TeamUserContractor" name="editmaxValidationState" time="0.858"/>
  <system-out/>
  <testcase classname="org.test.TeamUserContractor" name="editmaxValidationCity" time="0.867"/>
  <system-out/>
  <testcase classname="org.test.TeamUserContractor" name="editminValidationZipcode" time="0.350"/>
  <system-out/>
  <testcase classname="org.test.TeamUserContractor" name="editspecialCharacterValidationZipcode" time="0.300"/>
  <system-out/>
  <testcase classname="org.test.TeamUserContractor" name="editmaxValidationZipcode" time="0.640"/>
  <system-out/>
  <testcase classname="org.test.TeamUserContractor" name="verifyUpdateExist" time="0.216"/>
  <system-out/>
  <testcase classname="org.test.TeamUserContractor" name="userEdit" time="2.966"/>
  <system-out/>
  <testcase classname="org.test.TeamUserContractor" name="deleteUserDetails" time="42.793"/>
  <system-out/>
</testsuite> <!-- org.test.TeamUserContractor -->
