<?xml version="1.0" encoding="UTF-8"?>
<!-- Generated by org.testng.reporters.JUnitReportReporter -->
<testsuite hostname="DESKTOP-5M7AM2E" failures="0" tests="17" name="org.enhancement.ServiceModule" time="289.816" errors="0" timestamp="2023-04-24T20:25:29 IST" skipped="0">
  <testcase classname="org.enhancement.ServiceModule" name="loginPage" time="34.202"/>
  <system-out/>
  <testcase classname="org.enhancement.ServiceModule" name="settingModule" time="4.028"/>
  <system-out/>
  <testcase classname="org.enhancement.ServiceModule" name="createProduct" time="11.157"/>
  <system-out/>
  <testcase classname="org.enhancement.ServiceModule" name="createProduct" time="10.562"/>
  <system-out/>
  <testcase classname="org.enhancement.ServiceModule" name="createProduct" time="11.751"/>
  <system-out/>
  <testcase classname="org.enhancement.ServiceModule" name="createProduct" time="9.961"/>
  <system-out/>
  <testcase classname="org.enhancement.ServiceModule" name="createProduct" time="11.147"/>
  <system-out/>
  <testcase classname="org.enhancement.ServiceModule" name="createProduct" time="35.664"/>
  <system-out/>
  <testcase classname="org.enhancement.ServiceModule" name="createProduct" time="12.048"/>
  <system-out/>
  <testcase classname="org.enhancement.ServiceModule" name="createProduct" time="11.156"/>
  <system-out/>
  <testcase classname="org.enhancement.ServiceModule" name="createProduct" time="10.488"/>
  <system-out/>
  <testcase classname="org.enhancement.ServiceModule" name="createProduct" time="10.543"/>
  <system-out/>
  <testcase classname="org.enhancement.ServiceModule" name="createProduct" time="36.609"/>
  <system-out/>
  <testcase classname="org.enhancement.ServiceModule" name="createProduct" time="11.980"/>
  <system-out/>
  <testcase classname="org.enhancement.ServiceModule" name="createProduct" time="20.485"/>
  <system-out/>
  <testcase classname="org.enhancement.ServiceModule" name="createProduct" time="10.498"/>
  <system-out/>
  <testcase classname="org.enhancement.ServiceModule" name="createProduct" time="37.537"/>
  <system-out/>
</testsuite> <!-- org.enhancement.ServiceModule -->
