<?xml version="1.0" encoding="UTF-8"?>
<!-- Generated by org.testng.reporters.JUnitReportReporter -->
<testsuite hostname="DESKTOP-5M7AM2E" failures="0" tests="29" name="org.test.OnBoardingModule" time="62.635" errors="0" timestamp="2023-05-14T13:43:06 IST" skipped="0">
  <testcase classname="org.test.OnBoardingModule" name="mandatoryBussinessNameFieldValidation" time="5.782"/>
  <system-out/>
  <testcase classname="org.test.OnBoardingModule" name="mandatoryEmailFieldValidation" time="0.979"/>
  <system-out/>
  <testcase classname="org.test.OnBoardingModule" name="alreadyBussinessNameValidation" time="1.057"/>
  <system-out/>
  <testcase classname="org.test.OnBoardingModule" name="specialCharacterBussinessNameValidation" time="0.277"/>
  <system-out/>
  <testcase classname="org.test.OnBoardingModule" name="maximumValidationBussinessName" time="0.690"/>
  <system-out/>
  <testcase classname="org.test.OnBoardingModule" name="maximumValidationBussinessWebSite" time="2.884"/>
  <system-out/>
  <testcase classname="org.test.OnBoardingModule" name="maximumValidationFirstName" time="1.390"/>
  <system-out/>
  <testcase classname="org.test.OnBoardingModule" name="maximumValidationLastName" time="0.959"/>
  <system-out/>
  <testcase classname="org.test.OnBoardingModule" name="maximumValidationEmail" time="0.954"/>
  <system-out/>
  <testcase classname="org.test.OnBoardingModule" name="validateEmailFormat" time="1.119"/>
  <system-out/>
  <testcase classname="org.test.OnBoardingModule" name="existingEmailValidation" time="1.481"/>
  <system-out/>
  <testcase classname="org.test.OnBoardingModule" name="correctValidationEmail" time="1.626"/>
  <system-out/>
  <testcase classname="org.test.OnBoardingModule" name="validateRadioButtonClickable" time="4.368"/>
  <system-out/>
  <testcase classname="org.test.OnBoardingModule" name="industryTypeFieldPresent" time="0.314"/>
  <system-out/>
  <testcase classname="org.test.OnBoardingModule" name="maximumValidationIndustryField" time="1.436"/>
  <system-out/>
  <testcase classname="org.test.OnBoardingModule" name="sizeCompanyValidation" time="1.176"/>
  <system-out/>
  <testcase classname="org.test.OnBoardingModule" name="validationRadioButtonIntrested" time="1.473"/>
  <system-out/>
  <testcase classname="org.test.OnBoardingModule" name="mandatoryValidationLocation" time="0.943"/>
  <system-out/>
  <testcase classname="org.test.OnBoardingModule" name="maximumValidationLocation" time="2.460"/>
  <system-out/>
  <testcase classname="org.test.OnBoardingModule" name="passwordMandatoryField" time="0.447"/>
  <system-out/>
  <testcase classname="org.test.OnBoardingModule" name="minValidationPassword" time="0.329"/>
  <system-out/>
  <testcase classname="org.test.OnBoardingModule" name="minValidationConfirmPassword" time="0.405"/>
  <system-out/>
  <testcase classname="org.test.OnBoardingModule" name="passwordFieldConditions" time="0.489"/>
  <system-out/>
  <testcase classname="org.test.OnBoardingModule" name="confirmPasswordFieldCondition" time="0.664"/>
  <system-out/>
  <testcase classname="org.test.OnBoardingModule" name="lowerCaseValidation" time="0.620"/>
  <system-out/>
  <testcase classname="org.test.OnBoardingModule" name="mismatchPassword" time="1.065"/>
  <system-out/>
  <testcase classname="org.test.OnBoardingModule" name="createTenant" time="26.520"/>
  <system-out/>
  <testcase classname="org.test.OnBoardingModule" name="subDomineURL" time="0.055"/>
  <system-out/>
  <testcase classname="org.test.OnBoardingModule" name="ownerName" time="0.673"/>
  <system-out/>
</testsuite> <!-- org.test.OnBoardingModule -->
