<?xml version="1.0" encoding="UTF-8"?>
<!-- Generated by org.testng.reporters.JUnitReportReporter -->
<testsuite hostname="DESKTOP-5M7AM2E" failures="0" tests="3" name="org.enhancement.Onboarding" time="38.589" errors="0" timestamp="2023-04-24T20:04:44 IST" skipped="0">
  <testcase classname="org.enhancement.Onboarding" name="createTenant" time="38.410"/>
  <system-out/>
  <testcase classname="org.enhancement.Onboarding" name="subDomineURL" time="0.074"/>
  <system-out/>
  <testcase classname="org.enhancement.Onboarding" name="ownerName" time="0.105"/>
  <system-out/>
</testsuite> <!-- org.enhancement.Onboarding -->
