<?xml version="1.0" encoding="UTF-8"?>
<!-- Generated by org.testng.reporters.JUnitReportReporter -->
<testsuite hostname="DESKTOP-5M7AM2E" failures="0" tests="3" name="org.enhancement.Onboarding" time="78.073" errors="0" timestamp="2023-06-06T14:27:44 IST" skipped="0">
  <testcase classname="org.enhancement.Onboarding" name="createTenant" time="77.852"/>
  <system-out/>
  <testcase classname="org.enhancement.Onboarding" name="subDomineURL" time="0.079"/>
  <system-out/>
  <testcase classname="org.enhancement.Onboarding" name="ownerName" time="0.142"/>
  <system-out/>
</testsuite> <!-- org.enhancement.Onboarding -->
