<?xml version="1.0" encoding="UTF-8"?>
<!-- Generated by org.testng.reporters.JUnitReportReporter -->
<testsuite hostname="DESKTOP-5M7AM2E" failures="0" tests="4" name="org.enhancement.GlobalContactRequest" time="69.319" errors="0" timestamp="2023-06-04T11:22:12 IST" skipped="0">
  <testcase classname="org.enhancement.GlobalContactRequest" name="loginPage" time="20.526"/>
  <system-out/>
  <testcase classname="org.enhancement.GlobalContactRequest" name="requestModule" time="1.437"/>
  <system-out/>
  <testcase classname="org.enhancement.GlobalContactRequest" name="labelValidation" time="1.751"/>
  <system-out/>
  <testcase classname="org.enhancement.GlobalContactRequest" name="createRequest_FromDateandTime_ToDateandTime" time="45.605"/>
  <system-out/>
</testsuite> <!-- org.enhancement.GlobalContactRequest -->
