<?xml version="1.0" encoding="UTF-8"?>
<!-- Generated by org.testng.reporters.JUnitReportReporter -->
<<<<<<< HEAD
<<<<<<< HEAD
<testsuite hostname="DESKTOP-5M7AM2E" failures="0" tests="4" name="org.enhancement.TeamSendInvite" time="274.519" errors="0" timestamp="2023-05-22T20:03:10 IST" skipped="0">
  <testcase classname="org.enhancement.TeamSendInvite" name="verify" time="240.418"/>
  <system-out/>
  <testcase classname="org.enhancement.TeamSendInvite" name="TeamUserPage" time="19.636"/>
  <system-out/>
  <testcase classname="org.enhancement.TeamSendInvite" name="landingOnSendInviteForm" time="4.253"/>
  <system-out/>
  <testcase classname="org.enhancement.TeamSendInvite" name="userSendInvite" time="10.212"/>
=======
<testsuite hostname="DESKTOP-5M7AM2E" failures="0" tests="4" name="org.enhancement.TeamSendInvite" time="53.699" errors="0" timestamp="2023-05-25T11:49:57 IST" skipped="0">
  <testcase classname="org.enhancement.TeamSendInvite" name="verify" time="29.998"/>
=======
<testsuite hostname="DESKTOP-5M7AM2E" failures="0" tests="4" name="org.enhancement.TeamSendInvite" time="53.176" errors="0" timestamp="2023-06-04T11:22:12 IST" skipped="0">
  <testcase classname="org.enhancement.TeamSendInvite" name="verify" time="29.160"/>
>>>>>>> 8f032e9abfd9edfc56ded76230782504aeca4741
  <system-out/>
  <testcase classname="org.enhancement.TeamSendInvite" name="TeamUserPage" time="13.086"/>
  <system-out/>
  <testcase classname="org.enhancement.TeamSendInvite" name="landingOnSendInviteForm" time="0.715"/>
  <system-out/>
<<<<<<< HEAD
  <testcase classname="org.enhancement.TeamSendInvite" name="userSendInvite" time="11.208"/>
>>>>>>> c5699b793ecef34ca60eb49f33139d209ba1ec97
=======
  <testcase classname="org.enhancement.TeamSendInvite" name="userSendInvite" time="10.215"/>
>>>>>>> 8f032e9abfd9edfc56ded76230782504aeca4741
  <system-out/>
</testsuite> <!-- org.enhancement.TeamSendInvite -->
