<?xml version="1.0" encoding="UTF-8"?>
<!-- Generated by org.testng.reporters.JUnitReportReporter -->
<testsuite hostname="DESKTOP-5M7AM2E" failures="0" tests="28" name="org.test.CustomerContactRequest" time="205.324" errors="0" timestamp="2023-01-20T02:15:43 IST" skipped="0">
  <testcase classname="org.test.CustomerContactRequest" name="loginPage" time="37.673"/>
  <system-out/>
  <testcase classname="org.test.CustomerContactRequest" name="contactModule" time="8.237"/>
  <system-out/>
  <testcase classname="org.test.CustomerContactRequest" name="CreateContact" time="18.062"/>
  <system-out/>
  <testcase classname="org.test.CustomerContactRequest" name="labelValidation" time="5.661"/>
  <system-out/>
  <testcase classname="org.test.CustomerContactRequest" name="maximumValidationTittle" time="8.348"/>
  <system-out/>
  <testcase classname="org.test.CustomerContactRequest" name="mandatoryValidationDescription" time="0.282"/>
  <system-out/>
  <testcase classname="org.test.CustomerContactRequest" name="maximumValidationDescription" time="13.276"/>
  <system-out/>
  <testcase classname="org.test.CustomerContactRequest" name="maximumTagValidation" time="2.049"/>
  <system-out/>
  <testcase classname="org.test.CustomerContactRequest" name="duplicateTagsValidation" time="0.687"/>
  <system-out/>
  <testcase classname="org.test.CustomerContactRequest" name="maxTagLimitValidation" time="13.120"/>
  <system-out/>
  <testcase classname="org.test.CustomerContactRequest" name="maximumValidationNotes" time="13.157"/>
  <system-out/>
  <testcase classname="org.test.CustomerContactRequest" name="unsssignedRequest" time="14.516"/>
  <system-out/>
  <testcase classname="org.test.CustomerContactRequest" name="requestUnassignedStatus" time="1.765"/>
  <system-out/>
  <testcase classname="org.test.CustomerContactRequest" name="createRequest_FromDateandTime_ToDateandTime" time="21.505"/>
  <system-out/>
  <testcase classname="org.test.CustomerContactRequest" name="requestScheduleStatus" time="1.752"/>
  <system-out/>
  <testcase classname="org.test.CustomerContactRequest" name="dispatchedRequest" time="4.888"/>
  <system-out/>
  <testcase classname="org.test.CustomerContactRequest" name="requestDispatchedStatus" time="0.693"/>
  <system-out/>
  <testcase classname="org.test.CustomerContactRequest" name="startedRequest" time="3.767"/>
  <system-out/>
  <testcase classname="org.test.CustomerContactRequest" name="requestStartedStatus" time="0.646"/>
  <system-out/>
  <testcase classname="org.test.CustomerContactRequest" name="completedRequest" time="3.722"/>
  <system-out/>
  <testcase classname="org.test.CustomerContactRequest" name="cancelledRequest" time="4.140"/>
  <system-out/>
  <testcase classname="org.test.CustomerContactRequest" name="requestCancelledStatus" time="0.117"/>
  <system-out/>
  <testcase classname="org.test.CustomerContactRequest" name="requestDraftStatus" time="10.226"/>
  <system-out/>
  <testcase classname="org.test.CustomerContactRequest" name="deletedRequest" time="1.659"/>
  <system-out/>
  <testcase classname="org.test.CustomerContactRequest" name="searchRequestNo" time="3.858"/>
  <system-out/>
  <testcase classname="org.test.CustomerContactRequest" name="searchLocation" time="4.412"/>
  <system-out/>
  <testcase classname="org.test.CustomerContactRequest" name="searchFilterByDate" time="5.208"/>
  <system-out/>
  <testcase classname="org.test.CustomerContactRequest" name="searchInvalid" time="1.898"/>
  <system-out/>
</testsuite> <!-- org.test.CustomerContactRequest -->
