<?xml version="1.0" encoding="UTF-8"?>
<!-- Generated by org.testng.reporters.JUnitReportReporter -->
<testsuite hostname="DESKTOP-5M7AM2E" failures="0" tests="4" name="org.enhancement.TeamSendInvite" time="48.906" errors="0" timestamp="2023-04-23T20:36:39 IST" skipped="0">
  <testcase classname="org.enhancement.TeamSendInvite" name="verify" time="31.909"/>
  <system-out/>
  <testcase classname="org.enhancement.TeamSendInvite" name="TeamUserPage" time="6.424"/>
  <system-out/>
  <testcase classname="org.enhancement.TeamSendInvite" name="landingOnSendInviteForm" time="0.588"/>
  <system-out/>
  <testcase classname="org.enhancement.TeamSendInvite" name="userSendInvite" time="9.985"/>
  <system-out/>
</testsuite> <!-- org.enhancement.TeamSendInvite -->
