<?xml version="1.0" encoding="UTF-8"?>
<!-- Generated by org.testng.reporters.JUnitReportReporter -->
<testsuite hostname="DESKTOP-5M7AM2E" failures="0" tests="11" name="org.test.SubscriptionMonthlyPowerHousePack" time="55.725" errors="0" timestamp="2023-06-23T15:22:45 IST" skipped="0">
  <testcase classname="org.test.SubscriptionMonthlyPowerHousePack" name="createTenant" time="41.695"/>
  <system-out/>
  <testcase classname="org.test.SubscriptionMonthlyPowerHousePack" name="subDomineURL" time="0.050"/>
  <system-out/>
  <testcase classname="org.test.SubscriptionMonthlyPowerHousePack" name="ownerName" time="0.107"/>
  <system-out/>
  <testcase classname="org.test.SubscriptionMonthlyPowerHousePack" name="modulepage" time="6.669"/>
  <system-out/>
  <testcase classname="org.test.SubscriptionMonthlyPowerHousePack" name="confirmPage" time="1.632"/>
  <system-out/>
  <testcase classname="org.test.SubscriptionMonthlyPowerHousePack" name="proAmount" time="0.056"/>
  <system-out/>
  <testcase classname="org.test.SubscriptionMonthlyPowerHousePack" name="totalAmount" time="0.061"/>
  <system-out/>
  <testcase classname="org.test.SubscriptionMonthlyPowerHousePack" name="billingInformation" time="3.515"/>
  <system-out/>
  <testcase classname="org.test.SubscriptionMonthlyPowerHousePack" name="paymentDetailsPage" time="1.832"/>
  <system-out/>
  <testcase classname="org.test.SubscriptionMonthlyPowerHousePack" name="billingInformationAmount" time="0.060"/>
  <system-out/>
  <testcase classname="org.test.SubscriptionMonthlyPowerHousePack" name="paymentDetailsAmount" time="0.048"/>
  <system-out/>
</testsuite> <!-- org.test.SubscriptionMonthlyPowerHousePack -->
