<?xml version="1.0" encoding="UTF-8"?>
<!-- Generated by org.testng.reporters.JUnitReportReporter -->
<testsuite hostname="DESKTOP-5M7AM2E" failures="0" tests="45" name="org.test.GlobalContactRequest" time="371.239" errors="0" timestamp="2023-05-14T13:43:06 IST" skipped="0">
  <testcase classname="org.test.GlobalContactRequest" name="loginPage" time="19.222"/>
  <system-out/>
  <testcase classname="org.test.GlobalContactRequest" name="requestModule" time="1.448"/>
  <system-out/>
  <testcase classname="org.test.GlobalContactRequest" name="labelValidation" time="1.396"/>
  <system-out/>
  <testcase classname="org.test.GlobalContactRequest" name="contactMandatoryValidation" time="1.462"/>
  <system-out/>
  <testcase classname="org.test.GlobalContactRequest" name="autoCompleteContactCreation" time="15.006"/>
  <system-out/>
  <testcase classname="org.test.GlobalContactRequest" name="contactNumberDisplayed" time="0.062"/>
  <system-out/>
  <testcase classname="org.test.GlobalContactRequest" name="mandatoryValidationLocation" time="0.347"/>
  <system-out/>
  <testcase classname="org.test.GlobalContactRequest" name="maximumValidationLocation" time="5.310"/>
  <system-out/>
  <testcase classname="org.test.GlobalContactRequest" name="maximumValidationTittle" time="0.739"/>
  <system-out/>
  <testcase classname="org.test.GlobalContactRequest" name="mandatoryValidationDescription" time="0.066"/>
  <system-out/>
  <testcase classname="org.test.GlobalContactRequest" name="maximumValidationDescription" time="4.336"/>
  <system-out/>
  <testcase classname="org.test.GlobalContactRequest" name="maximumTagValidation" time="0.702"/>
  <system-out/>
  <testcase classname="org.test.GlobalContactRequest" name="duplicateTagsValidation" time="0.365"/>
  <system-out/>
  <testcase classname="org.test.GlobalContactRequest" name="maxTagLimitValidation" time="13.242"/>
  <system-out/>
  <testcase classname="org.test.GlobalContactRequest" name="maximumValidationNotes" time="4.279"/>
  <system-out/>
  <testcase classname="org.test.GlobalContactRequest" name="createButton" time="0.065"/>
  <system-out/>
  <testcase classname="org.test.GlobalContactRequest" name="unsssignedRequest" time="21.808"/>
  <system-out/>
  <testcase classname="org.test.GlobalContactRequest" name="requestUnassignedStatus" time="0.116"/>
  <system-out/>
  <testcase classname="org.test.GlobalContactRequest" name="labelEditValidation" time="17.827"/>
  <system-out/>
  <testcase classname="org.test.GlobalContactRequest" name="editmandatoryValidationLocation" time="0.143"/>
  <system-out/>
  <testcase classname="org.test.GlobalContactRequest" name="editmaximumValidationLocation" time="5.044"/>
  <system-out/>
  <testcase classname="org.test.GlobalContactRequest" name="editmaximumValidationTittle" time="0.724"/>
  <system-out/>
  <testcase classname="org.test.GlobalContactRequest" name="editmandatoryValidationDescription" time="0.059"/>
  <system-out/>
  <testcase classname="org.test.GlobalContactRequest" name="editmaximumValidationDescription" time="4.304"/>
  <system-out/>
  <testcase classname="org.test.GlobalContactRequest" name="editmaximumTagValidation" time="0.729"/>
  <system-out/>
  <testcase classname="org.test.GlobalContactRequest" name="editduplicateTagsValidation" time="0.360"/>
  <system-out/>
  <testcase classname="org.test.GlobalContactRequest" name="editmaxTagLimitValidation" time="13.428"/>
  <system-out/>
  <testcase classname="org.test.GlobalContactRequest" name="editmaximumValidationNotes" time="3.864"/>
  <system-out/>
  <testcase classname="org.test.GlobalContactRequest" name="updateButton" time="0.295"/>
  <system-out/>
  <testcase classname="org.test.GlobalContactRequest" name="updatedRequest" time="11.848"/>
  <system-out/>
  <testcase classname="org.test.GlobalContactRequest" name="createRequest_FromDateandTime_ToDateandTime" time="46.930"/>
  <system-out/>
  <testcase classname="org.test.GlobalContactRequest" name="requestScheduleStatus" time="0.106"/>
  <system-out/>
  <testcase classname="org.test.GlobalContactRequest" name="dispatchedRequest" time="26.507"/>
  <system-out/>
  <testcase classname="org.test.GlobalContactRequest" name="requestDispatchedStatus" time="6.148"/>
  <system-out/>
  <testcase classname="org.test.GlobalContactRequest" name="startedRequest" time="27.558"/>
  <system-out/>
  <testcase classname="org.test.GlobalContactRequest" name="requestStartedStatus" time="5.138"/>
  <system-out/>
  <testcase classname="org.test.GlobalContactRequest" name="completedRequest" time="26.907"/>
  <system-out/>
  <testcase classname="org.test.GlobalContactRequest" name="requestCompleteStatus" time="5.994"/>
  <system-out/>
  <testcase classname="org.test.GlobalContactRequest" name="cancelledRequest" time="34.073"/>
  <system-out/>
  <testcase classname="org.test.GlobalContactRequest" name="requestCancelledStatus" time="1.872"/>
  <system-out/>
  <testcase classname="org.test.GlobalContactRequest" name="searchCustomerName" time="5.940"/>
  <system-out/>
  <testcase classname="org.test.GlobalContactRequest" name="searchRequestNo" time="4.992"/>
  <system-out/>
  <testcase classname="org.test.GlobalContactRequest" name="searchLocation" time="6.102"/>
  <system-out/>
  <testcase classname="org.test.GlobalContactRequest" name="searchFilterByDate" time="21.876"/>
  <system-out/>
  <testcase classname="org.test.GlobalContactRequest" name="searchInvalid" time="2.500"/>
  <system-out/>
</testsuite> <!-- org.test.GlobalContactRequest -->
