<?xml version="1.0" encoding="UTF-8"?>
<!-- Generated by org.testng.reporters.JUnitReportReporter -->
<testsuite hostname="DESKTOP-5M7AM2E" failures="0" tests="4" name="org.enhancement.TeamSendInvite" time="87.063" errors="0" timestamp="2023-04-23T11:13:03 IST" skipped="0">
  <testcase classname="org.enhancement.TeamSendInvite" name="verify" time="61.954"/>
  <system-out/>
  <testcase classname="org.enhancement.TeamSendInvite" name="TeamUserPage" time="12.840"/>
  <system-out/>
  <testcase classname="org.enhancement.TeamSendInvite" name="landingOnSendInviteForm" time="1.177"/>
  <system-out/>
  <testcase classname="org.enhancement.TeamSendInvite" name="userSendInvite" time="11.092"/>
  <system-out/>
</testsuite> <!-- org.enhancement.TeamSendInvite -->
