<?xml version="1.0" encoding="UTF-8"?>
<!-- Generated by org.testng.reporters.JUnitReportReporter -->
<testsuite hostname="DESKTOP-5M7AM2E" failures="0" tests="20" name="org.test.LeadSource" time="153.738" errors="0" timestamp="2023-06-03T23:36:54 IST" skipped="0">
  <testcase classname="org.test.LeadSource" name="loginPage" time="35.324"/>
  <system-out/>
  <testcase classname="org.test.LeadSource" name="settingModule" time="1.711"/>
  <system-out/>
  <testcase classname="org.test.LeadSource" name="leadSourceLabel" time="0.179"/>
  <system-out/>
  <testcase classname="org.test.LeadSource" name="createFormLabel" time="1.516"/>
  <system-out/>
  <testcase classname="org.test.LeadSource" name="maximumValidationLeadSource" time="10.153"/>
  <system-out/>
  <testcase classname="org.test.LeadSource" name="mandatoryValidation" time="0.387"/>
  <system-out/>
  <testcase classname="org.test.LeadSource" name="verifySaveButtonExist" time="0.426"/>
  <system-out/>
  <testcase classname="org.test.LeadSource" name="leadSourceCreate" time="8.626"/>
  <system-out/>
  <testcase classname="org.test.LeadSource" name="leadSourceCreateList" time="0.058"/>
  <system-out/>
  <testcase classname="org.test.LeadSource" name="activeStatus" time="0.063"/>
  <system-out/>
  <testcase classname="org.test.LeadSource" name="editFormLabel" time="1.457"/>
  <system-out/>
  <testcase classname="org.test.LeadSource" name="editmandatoryValidation" time="0.306"/>
  <system-out/>
  <testcase classname="org.test.LeadSource" name="editmaximumValidationLeadSource" time="11.021"/>
  <system-out/>
  <testcase classname="org.test.LeadSource" name="verifyUpdateButtonExist" time="0.378"/>
  <system-out/>
  <testcase classname="org.test.LeadSource" name="leadSourceUpdate" time="8.286"/>
  <system-out/>
  <testcase classname="org.test.LeadSource" name="alreadyExists" time="1.685"/>
  <system-out/>
  <testcase classname="org.test.LeadSource" name="deleteBusinessUnit" time="17.450"/>
  <system-out/>
  <testcase classname="org.test.LeadSource" name="reflectCreateContactPage" time="27.869"/>
  <system-out/>
  <testcase classname="org.test.LeadSource" name="inactiveLeadSource" time="17.074"/>
  <system-out/>
  <testcase classname="org.test.LeadSource" name="deleteLeadSource" time="9.769"/>
  <system-out/>
</testsuite> <!-- org.test.LeadSource -->
