<?xml version="1.0" encoding="UTF-8"?>
<!-- Generated by org.testng.reporters.JUnitReportReporter -->
<testsuite hostname="DESKTOP-5M7AM2E" failures="0" tests="24" name="org.test.CategoryModule" time="187.137" errors="0" timestamp="2023-04-19T14:24:14 IST" skipped="0">
  <testcase classname="org.test.CategoryModule" name="loginPage" time="27.627"/>
  <system-out/>
  <testcase classname="org.test.CategoryModule" name="settingModule" time="3.157"/>
  <system-out/>
  <testcase classname="org.test.CategoryModule" name="createFormLabel" time="2.334"/>
  <system-out/>
  <testcase classname="org.test.CategoryModule" name="mandatoryValidationCategoryName" time="2.779"/>
  <system-out/>
  <testcase classname="org.test.CategoryModule" name="maximumValidationCategoryName" time="5.160"/>
  <system-out/>
  <testcase classname="org.test.CategoryModule" name="maximumValidationDescription" time="3.574"/>
  <system-out/>
  <testcase classname="org.test.CategoryModule" name="createButton" time="0.107"/>
  <system-out/>
  <testcase classname="org.test.CategoryModule" name="createCategoryProduct" time="9.084"/>
  <system-out/>
  <testcase classname="org.test.CategoryModule" name="createCategoryProductList" time="0.175"/>
  <system-out/>
  <testcase classname="org.test.CategoryModule" name="searchProductName" time="2.126"/>
  <system-out/>
  <testcase classname="org.test.CategoryModule" name="searchInvalid" time="1.686"/>
  <system-out/>
  <testcase classname="org.test.CategoryModule" name="editFormLabel" time="4.065"/>
  <system-out/>
  <testcase classname="org.test.CategoryModule" name="editmandatoryValidationCategoryName" time="0.416"/>
  <system-out/>
  <testcase classname="org.test.CategoryModule" name="editmaximumValidationCategoryName" time="4.577"/>
  <system-out/>
  <testcase classname="org.test.CategoryModule" name="editmaximumValidationDescription" time="3.528"/>
  <system-out/>
  <testcase classname="org.test.CategoryModule" name="updateButton" time="0.120"/>
  <system-out/>
  <testcase classname="org.test.CategoryModule" name="UpdateCategoryProduct" time="8.961"/>
  <system-out/>
  <testcase classname="org.test.CategoryModule" name="deleteProduct" time="19.658"/>
  <system-out/>
  <testcase classname="org.test.CategoryModule" name="reflectCategoryProduct" time="20.219"/>
  <system-out/>
  <testcase classname="org.test.CategoryModule" name="inactiveProductCategory" time="12.791"/>
  <system-out/>
  <testcase classname="org.test.CategoryModule" name="deleteProductCategory" time="14.340"/>
  <system-out/>
  <testcase classname="org.test.CategoryModule" name="reflectCategoryService" time="22.943"/>
  <system-out/>
  <testcase classname="org.test.CategoryModule" name="inactiveProductService" time="13.497"/>
  <system-out/>
  <testcase classname="org.test.CategoryModule" name="deleteProductService" time="4.213"/>
  <system-out/>
</testsuite> <!-- org.test.CategoryModule -->
