<?xml version="1.0" encoding="UTF-8"?>
<!-- Generated by org.testng.reporters.JUnitReportReporter -->
<testsuite hostname="DESKTOP-5M7AM2E" failures="0" tests="94" name="org.test.CustomerCreateContactModule" time="289.024" errors="0" timestamp="2023-05-28T22:38:16 IST" skipped="0">
  <testcase classname="org.test.CustomerCreateContactModule" name="loginPage" time="121.519"/>
  <system-out/>
  <testcase classname="org.test.CustomerCreateContactModule" name="contactModule" time="10.274"/>
  <system-out/>
  <testcase classname="org.test.CustomerCreateContactModule" name="createLabel" time="0.268"/>
  <system-out/>
  <testcase classname="org.test.CustomerCreateContactModule" name="mandatoryValidation" time="3.144"/>
  <system-out/>
  <testcase classname="org.test.CustomerCreateContactModule" name="maxValidationFirstNameField" time="1.585"/>
  <system-out/>
  <testcase classname="org.test.CustomerCreateContactModule" name="maxValidationLastNameField" time="1.109"/>
  <system-out/>
  <testcase classname="org.test.CustomerCreateContactModule" name="maxValidationJobTittle" time="1.081"/>
  <system-out/>
  <testcase classname="org.test.CustomerCreateContactModule" name="maxValidationEmailField" time="1.138"/>
  <system-out/>
  <testcase classname="org.test.CustomerCreateContactModule" name="maxValidationTaxNumberField" time="5.370"/>
  <system-out/>
  <testcase classname="org.test.CustomerCreateContactModule" name="invalidValidationEmailField" time="0.354"/>
  <system-out/>
  <testcase classname="org.test.CustomerCreateContactModule" name="specialCharacterPhoneNumberField" time="0.298"/>
  <system-out/>
  <testcase classname="org.test.CustomerCreateContactModule" name="invalidPhoneNumberField" time="0.284"/>
  <system-out/>
  <testcase classname="org.test.CustomerCreateContactModule" name="minValidationPhoneNumberField" time="0.254"/>
  <system-out/>
  <testcase classname="org.test.CustomerCreateContactModule" name="maxValidationPhoneNumberField" time="0.589"/>
  <system-out/>
  <testcase classname="org.test.CustomerCreateContactModule" name="maxValidationPropertyFirstNameField" time="0.879"/>
  <system-out/>
  <testcase classname="org.test.CustomerCreateContactModule" name="maxValidationPropertyLastNameField" time="0.810"/>
  <system-out/>
  <testcase classname="org.test.CustomerCreateContactModule" name="maxValidationPropertyNameField" time="0.794"/>
  <system-out/>
  <testcase classname="org.test.CustomerCreateContactModule" name="maxValidationAddress1" time="0.828"/>
  <system-out/>
  <testcase classname="org.test.CustomerCreateContactModule" name="maxValidationAddress22Field" time="0.786"/>
  <system-out/>
  <testcase classname="org.test.CustomerCreateContactModule" name="maxValidationCityField" time="0.855"/>
  <system-out/>
  <testcase classname="org.test.CustomerCreateContactModule" name="maxValidationStateField" time="0.836"/>
  <system-out/>
  <testcase classname="org.test.CustomerCreateContactModule" name="minValidationZipcodeField" time="0.326"/>
  <system-out/>
  <testcase classname="org.test.CustomerCreateContactModule" name="maxValidationZipcodeField" time="0.335"/>
  <system-out/>
  <testcase classname="org.test.CustomerCreateContactModule" name="specialCharacterZipcodeField" time="0.590"/>
  <system-out/>
  <testcase classname="org.test.CustomerCreateContactModule" name="maxValidationProductNameField" time="1.046"/>
  <system-out/>
  <testcase classname="org.test.CustomerCreateContactModule" name="maxValidationBrandNameField" time="1.119"/>
  <system-out/>
  <testcase classname="org.test.CustomerCreateContactModule" name="maxValdidationModelNumberField" time="1.104"/>
  <system-out/>
  <testcase classname="org.test.CustomerCreateContactModule" name="maxValidationSerialNumberField" time="1.184"/>
  <system-out/>
  <testcase classname="org.test.CustomerCreateContactModule" name="dateValidation" time="8.299"/>
  <system-out/>
  <testcase classname="org.test.CustomerCreateContactModule" name="maxValidationAccessHoursField" time="1.439"/>
  <system-out/>
  <testcase classname="org.test.CustomerCreateContactModule" name="maxValidationInstallationNotesField" time="6.223"/>
  <system-out/>
  <testcase classname="org.test.CustomerCreateContactModule" name="CreateContact" time="15.240"/>
  <system-out/>
  <testcase classname="org.test.CustomerCreateContactModule" name="customerContactCount" time="0.232"/>
  <system-out/>
  <testcase classname="org.test.CustomerCreateContactModule" name="alreadyExistedMail" time="2.926"/>
  <system-out/>
  <testcase classname="org.test.CustomerCreateContactModule" name="characterFilterValidation" time="5.457"/>
  <system-out/>
  <testcase classname="org.test.CustomerCreateContactModule" name="searchListNameField" time="2.597"/>
  <system-out/>
  <testcase classname="org.test.CustomerCreateContactModule" name="searchListPhoneNumberField" time="2.242"/>
  <system-out/>
  <testcase classname="org.test.CustomerCreateContactModule" name="searchListEmailField" time="2.050"/>
  <system-out/>
  <testcase classname="org.test.CustomerCreateContactModule" name="filterField" time="5.177"/>
  <system-out/>
  <testcase classname="org.test.CustomerCreateContactModule" name="searchInvalidListName" time="2.505"/>
  <system-out/>
  <testcase classname="org.test.CustomerCreateContactModule" name="editLabel" time="6.632"/>
  <system-out/>
  <testcase classname="org.test.CustomerCreateContactModule" name="firstNamePrepopulate" time="0.111"/>
  <system-out/>
  <testcase classname="org.test.CustomerCreateContactModule" name="lastNamePrepopulate" time="0.120"/>
  <system-out/>
  <testcase classname="org.test.CustomerCreateContactModule" name="leadSourcePrepopulate" time="0.122"/>
  <system-out/>
  <testcase classname="org.test.CustomerCreateContactModule" name="emailPrepopulate" time="0.109"/>
  <system-out/>
  <testcase classname="org.test.CustomerCreateContactModule" name="taxNumberPrepopulate" time="0.113"/>
  <system-out/>
  <testcase classname="org.test.CustomerCreateContactModule" name="jobTittlePrepopulate" time="0.116"/>
  <system-out/>
  <testcase classname="org.test.CustomerCreateContactModule" name="phoneNumberPrepopulate" time="0.457"/>
  <system-out/>
  <testcase classname="org.test.CustomerCreateContactModule" name="propertyFirstNamePrepopulate" time="0.125"/>
  <system-out/>
  <testcase classname="org.test.CustomerCreateContactModule" name="propertyLastNamePrepopulate" time="0.111"/>
  <system-out/>
  <testcase classname="org.test.CustomerCreateContactModule" name="propertyNamePrepopulate" time="0.117"/>
  <system-out/>
  <testcase classname="org.test.CustomerCreateContactModule" name="locationAddress1Prepopulate" time="0.116"/>
  <system-out/>
  <testcase classname="org.test.CustomerCreateContactModule" name="locationAddress2Prepopulate" time="0.106"/>
  <system-out/>
  <testcase classname="org.test.CustomerCreateContactModule" name="locationCityPrepopulate" time="0.103"/>
  <system-out/>
  <testcase classname="org.test.CustomerCreateContactModule" name="locationStatePrepopulate" time="0.106"/>
  <system-out/>
  <testcase classname="org.test.CustomerCreateContactModule" name="locationZipcodePrepopulate" time="0.330"/>
  <system-out/>
  <testcase classname="org.test.CustomerCreateContactModule" name="productNamePrepopulate" time="0.090"/>
  <system-out/>
  <testcase classname="org.test.CustomerCreateContactModule" name="brandNamePrepopulate" time="0.110"/>
  <system-out/>
  <testcase classname="org.test.CustomerCreateContactModule" name="modelNumberPrepopulate" time="0.089"/>
  <system-out/>
  <testcase classname="org.test.CustomerCreateContactModule" name="serialNumberPrepopulate" time="0.106"/>
  <system-out/>
  <testcase classname="org.test.CustomerCreateContactModule" name="dateInstalledPrepopulate" time="0.277"/>
  <system-out/>
  <testcase classname="org.test.CustomerCreateContactModule" name="warrantyInformationPrepopulate" time="0.107"/>
  <system-out/>
  <testcase classname="org.test.CustomerCreateContactModule" name="accessHoursPrepopulate" time="0.124"/>
  <system-out/>
  <testcase classname="org.test.CustomerCreateContactModule" name="installationNotesPrepopulate" time="1.073"/>
  <system-out/>
  <testcase classname="org.test.CustomerCreateContactModule" name="editMandatoryValidation" time="0.562"/>
  <system-out/>
  <testcase classname="org.test.CustomerCreateContactModule" name="editMaxValidationFirstNameField" time="1.205"/>
  <system-out/>
  <testcase classname="org.test.CustomerCreateContactModule" name="editMaxValidationLastNameField" time="1.045"/>
  <system-out/>
  <testcase classname="org.test.CustomerCreateContactModule" name="editMaxValidationJobTittle" time="1.025"/>
  <system-out/>
  <testcase classname="org.test.CustomerCreateContactModule" name="editMaxValidationEmailField" time="1.069"/>
  <system-out/>
  <testcase classname="org.test.CustomerCreateContactModule" name="editmaxValidationTaxNumberField" time="5.048"/>
  <system-out/>
  <testcase classname="org.test.CustomerCreateContactModule" name="editInvalidValidationEmailField" time="0.430"/>
  <system-out/>
  <testcase classname="org.test.CustomerCreateContactModule" name="editSpecialCharacterPhoneNumberField" time="0.266"/>
  <system-out/>
  <testcase classname="org.test.CustomerCreateContactModule" name="editInvalidPhoneNumberField" time="0.277"/>
  <system-out/>
  <testcase classname="org.test.CustomerCreateContactModule" name="editInValidationPhoneNumberField" time="0.255"/>
  <system-out/>
  <testcase classname="org.test.CustomerCreateContactModule" name="editMaxValidationPhoneNumberField" time="1.019"/>
  <system-out/>
  <testcase classname="org.test.CustomerCreateContactModule" name="editMaxValidationPropertyFirstNameField" time="0.952"/>
  <system-out/>
  <testcase classname="org.test.CustomerCreateContactModule" name="editMaxValidationPropertyLastNameField" time="1.068"/>
  <system-out/>
  <testcase classname="org.test.CustomerCreateContactModule" name="editMaxValidationPropertyNameField" time="1.193"/>
  <system-out/>
  <testcase classname="org.test.CustomerCreateContactModule" name="editMaxValidationAddress1" time="0.948"/>
  <system-out/>
  <testcase classname="org.test.CustomerCreateContactModule" name="editMaxValidationAddress22Field" time="0.866"/>
  <system-out/>
  <testcase classname="org.test.CustomerCreateContactModule" name="editMaxValidationCityField" time="0.829"/>
  <system-out/>
  <testcase classname="org.test.CustomerCreateContactModule" name="editMaxValidationStateField" time="0.817"/>
  <system-out/>
  <testcase classname="org.test.CustomerCreateContactModule" name="editMinValidationZipcodeField" time="0.298"/>
  <system-out/>
  <testcase classname="org.test.CustomerCreateContactModule" name="editMaxValidationZipcodeField" time="0.334"/>
  <system-out/>
  <testcase classname="org.test.CustomerCreateContactModule" name="editSpecialCharacterZipcodeField" time="0.967"/>
  <system-out/>
  <testcase classname="org.test.CustomerCreateContactModule" name="editMaxValidationProductNameField" time="0.945"/>
  <system-out/>
  <testcase classname="org.test.CustomerCreateContactModule" name="editMaxValidationBrandNameField" time="0.988"/>
  <system-out/>
  <testcase classname="org.test.CustomerCreateContactModule" name="editMaxValdidationModelNumberField" time="1.005"/>
  <system-out/>
  <testcase classname="org.test.CustomerCreateContactModule" name="editMaxValidationSerialNumberField" time="0.975"/>
  <system-out/>
  <testcase classname="org.test.CustomerCreateContactModule" name="editDateValidation" time="8.293"/>
  <system-out/>
  <testcase classname="org.test.CustomerCreateContactModule" name="editMaxValidationAccessHoursField" time="1.488"/>
  <system-out/>
  <testcase classname="org.test.CustomerCreateContactModule" name="editMaxValidationInstallationNotesField" time="5.964"/>
  <system-out/>
  <testcase classname="org.test.CustomerCreateContactModule" name="editContactList" time="16.250"/>
  <system-out/>
  <testcase classname="org.test.CustomerCreateContactModule" name="deleteContactList" time="8.627"/>
  <system-out/>
</testsuite> <!-- org.test.CustomerCreateContactModule -->
