<?xml version="1.0" encoding="UTF-8"?>
<!-- Generated by org.testng.reporters.JUnitReportReporter -->
<testsuite hostname="DESKTOP-5M7AM2E" failures="0" tests="6" name="org.enhancement.CustomerOrganizationJob" time="110.478" errors="0" timestamp="2023-05-22T20:03:10 IST" skipped="0">
  <testcase classname="org.enhancement.CustomerOrganizationJob" name="loginPage" time="52.915"/>
  <system-out/>
  <testcase classname="org.enhancement.CustomerOrganizationJob" name="contactModule" time="3.894"/>
  <system-out/>
  <testcase classname="org.enhancement.CustomerOrganizationJob" name="createOrganization" time="20.325"/>
  <system-out/>
  <testcase classname="org.enhancement.CustomerOrganizationJob" name="listabelValidation" time="10.057"/>
  <system-out/>
  <testcase classname="org.enhancement.CustomerOrganizationJob" name="labelValidation" time="6.072"/>
  <system-out/>
  <testcase classname="org.enhancement.CustomerOrganizationJob" name="createJob_FromDateandTime_ToDateandTime" time="17.215"/>
  <system-out/>
</testsuite> <!-- org.enhancement.CustomerOrganizationJob -->
