<?xml version="1.0" encoding="UTF-8"?>
<!-- Generated by org.testng.reporters.JUnitReportReporter -->
<testsuite hostname="DESKTOP-5M7AM2E" failures="0" tests="53" name="org.test.ProductModule" time="181.871" errors="0" timestamp="2023-06-03T23:55:11 IST" skipped="0">
  <testcase classname="org.test.ProductModule" name="loginPage" time="46.671"/>
  <system-out/>
  <testcase classname="org.test.ProductModule" name="settingModule" time="1.912"/>
  <system-out/>
  <testcase classname="org.test.ProductModule" name="createFormLabel" time="1.670"/>
  <system-out/>
  <testcase classname="org.test.ProductModule" name="mandatoryValidationProductName" time="0.293"/>
  <system-out/>
  <testcase classname="org.test.ProductModule" name="mandatoryValidationDescription" time="0.084"/>
  <system-out/>
  <testcase classname="org.test.ProductModule" name="mandatoryValidationPrice" time="0.087"/>
  <system-out/>
  <testcase classname="org.test.ProductModule" name="mandatoryValidationTaxName" time="0.789"/>
  <system-out/>
  <testcase classname="org.test.ProductModule" name="mandatoryValidationTaxPercentage" time="0.083"/>
  <system-out/>
  <testcase classname="org.test.ProductModule" name="maximumValidationProductName" time="4.002"/>
  <system-out/>
  <testcase classname="org.test.ProductModule" name="maximumValidationSKU" time="0.673"/>
  <system-out/>
  <testcase classname="org.test.ProductModule" name="maximumValidationDescription" time="3.483"/>
  <system-out/>
  <testcase classname="org.test.ProductModule" name="maximumValidationPrice" time="0.248"/>
  <system-out/>
  <testcase classname="org.test.ProductModule" name="beforeDecimalPointPriceField" time="0.235"/>
  <system-out/>
  <testcase classname="org.test.ProductModule" name="afterDecimalPointPriceField" time="0.208"/>
  <system-out/>
  <testcase classname="org.test.ProductModule" name="maximumValidationTax" time="1.086"/>
  <system-out/>
  <testcase classname="org.test.ProductModule" name="beforeDecimalPointTaxPercentageField" time="0.408"/>
  <system-out/>
  <testcase classname="org.test.ProductModule" name="afterDecimalPointTaxPercentageField" time="0.384"/>
  <system-out/>
  <testcase classname="org.test.ProductModule" name="maximumValidationQuantityHand" time="0.275"/>
  <system-out/>
  <testcase classname="org.test.ProductModule" name="beforeDecimalPointQuantityHandField" time="0.258"/>
  <system-out/>
  <testcase classname="org.test.ProductModule" name="afterDecimalPointQuantityHandField" time="0.231"/>
  <system-out/>
  <testcase classname="org.test.ProductModule" name="maximumValidationLowStockThresold" time="0.264"/>
  <system-out/>
  <testcase classname="org.test.ProductModule" name="beforeDecimalPointLowStockThresoldField" time="0.246"/>
  <system-out/>
  <testcase classname="org.test.ProductModule" name="afterDecimalPointLowStockThresoldField" time="0.224"/>
  <system-out/>
  <testcase classname="org.test.ProductModule" name="createButton" time="0.457"/>
  <system-out/>
  <testcase classname="org.test.ProductModule" name="createProduct" time="8.609"/>
  <system-out/>
  <testcase classname="org.test.ProductModule" name="editFormLabel" time="4.091"/>
  <system-out/>
  <testcase classname="org.test.ProductModule" name="editmandatoryValidationProductName" time="0.225"/>
  <system-out/>
  <testcase classname="org.test.ProductModule" name="editmandatoryValidationDescription" time="0.072"/>
  <system-out/>
  <testcase classname="org.test.ProductModule" name="editmandatoryValidationPrice" time="0.070"/>
  <system-out/>
  <testcase classname="org.test.ProductModule" name="editmandatoryValidationTaxName" time="1.079"/>
  <system-out/>
  <testcase classname="org.test.ProductModule" name="editmandatoryValidationTaxPercentage" time="0.067"/>
  <system-out/>
  <testcase classname="org.test.ProductModule" name="editmaximumValidationProductName" time="4.367"/>
  <system-out/>
  <testcase classname="org.test.ProductModule" name="editmaximumValidationSKU" time="0.728"/>
  <system-out/>
  <testcase classname="org.test.ProductModule" name="editmaximumValidationDescription" time="3.517"/>
  <system-out/>
  <testcase classname="org.test.ProductModule" name="editmaximumValidationPrice" time="0.242"/>
  <system-out/>
  <testcase classname="org.test.ProductModule" name="editbeforeDecimalPointPriceField" time="0.247"/>
  <system-out/>
  <testcase classname="org.test.ProductModule" name="editafterDecimalPointPriceField" time="0.211"/>
  <system-out/>
  <testcase classname="org.test.ProductModule" name="editbeforeDecimalPointTaxPercentageField" time="0.399"/>
  <system-out/>
  <testcase classname="org.test.ProductModule" name="editafterDecimalPointTaxPercentageField" time="0.374"/>
  <system-out/>
  <testcase classname="org.test.ProductModule" name="editmaximumValidationQuantityHand" time="0.248"/>
  <system-out/>
  <testcase classname="org.test.ProductModule" name="editbeforeDecimalPointQuantityHandField" time="0.260"/>
  <system-out/>
  <testcase classname="org.test.ProductModule" name="editafterDecimalPointQuantityHandField" time="0.229"/>
  <system-out/>
  <testcase classname="org.test.ProductModule" name="editmaximumValidationLowStockThresold" time="0.254"/>
  <system-out/>
  <testcase classname="org.test.ProductModule" name="editbeforeDecimalPointLowStockThresoldField" time="0.267"/>
  <system-out/>
  <testcase classname="org.test.ProductModule" name="editafterDecimalPointLowStockThresoldField" time="0.220"/>
  <system-out/>
  <testcase classname="org.test.ProductModule" name="updateButton" time="0.389"/>
  <system-out/>
  <testcase classname="org.test.ProductModule" name="updateProduct" time="9.059"/>
  <system-out/>
  <testcase classname="org.test.ProductModule" name="searchProductName" time="3.470"/>
  <system-out/>
  <testcase classname="org.test.ProductModule" name="searchInvalid" time="1.398"/>
  <system-out/>
  <testcase classname="org.test.ProductModule" name="deletedProduct" time="16.439"/>
  <system-out/>
  <testcase classname="org.test.ProductModule" name="reflectQuotePage" time="32.810"/>
  <system-out/>
  <testcase classname="org.test.ProductModule" name="inactiveProduct" time="18.786"/>
  <system-out/>
  <testcase classname="org.test.ProductModule" name="deleteProduct" time="9.473"/>
  <system-out/>
</testsuite> <!-- org.test.ProductModule -->
