<?xml version="1.0" encoding="UTF-8"?>
<!-- Generated by org.testng.reporters.JUnitReportReporter -->
<testsuite hostname="DESKTOP-5M7AM2E" failures="0" tests="24" name="org.test.CategoryModule" time="171.977" errors="0" timestamp="2023-04-15T19:23:14 IST" skipped="0">
  <testcase classname="org.test.CategoryModule" name="loginPage" time="20.878"/>
  <system-out/>
  <testcase classname="org.test.CategoryModule" name="settingModule" time="2.465"/>
  <system-out/>
  <testcase classname="org.test.CategoryModule" name="createFormLabel" time="2.437"/>
  <system-out/>
  <testcase classname="org.test.CategoryModule" name="mandatoryValidationCategoryName" time="2.536"/>
  <system-out/>
  <testcase classname="org.test.CategoryModule" name="maximumValidationCategoryName" time="3.678"/>
  <system-out/>
  <testcase classname="org.test.CategoryModule" name="maximumValidationDescription" time="3.383"/>
  <system-out/>
  <testcase classname="org.test.CategoryModule" name="createButton" time="0.071"/>
  <system-out/>
  <testcase classname="org.test.CategoryModule" name="createCategoryProduct" time="8.626"/>
  <system-out/>
  <testcase classname="org.test.CategoryModule" name="createCategoryProductList" time="0.085"/>
  <system-out/>
  <testcase classname="org.test.CategoryModule" name="searchProductName" time="1.759"/>
  <system-out/>
  <testcase classname="org.test.CategoryModule" name="searchInvalid" time="1.368"/>
  <system-out/>
  <testcase classname="org.test.CategoryModule" name="editFormLabel" time="3.650"/>
  <system-out/>
  <testcase classname="org.test.CategoryModule" name="editmandatoryValidationCategoryName" time="0.271"/>
  <system-out/>
  <testcase classname="org.test.CategoryModule" name="editmaximumValidationCategoryName" time="3.311"/>
  <system-out/>
  <testcase classname="org.test.CategoryModule" name="editmaximumValidationDescription" time="3.124"/>
  <system-out/>
  <testcase classname="org.test.CategoryModule" name="updateButton" time="0.088"/>
  <system-out/>
  <testcase classname="org.test.CategoryModule" name="UpdateCategoryProduct" time="9.098"/>
  <system-out/>
  <testcase classname="org.test.CategoryModule" name="deleteProduct" time="18.569"/>
  <system-out/>
  <testcase classname="org.test.CategoryModule" name="reflectCategoryProduct" time="19.156"/>
  <system-out/>
  <testcase classname="org.test.CategoryModule" name="inactiveProductCategory" time="12.293"/>
  <system-out/>
  <testcase classname="org.test.CategoryModule" name="deleteProductCategory" time="13.236"/>
  <system-out/>
  <testcase classname="org.test.CategoryModule" name="reflectCategoryService" time="22.071"/>
  <system-out/>
  <testcase classname="org.test.CategoryModule" name="inactiveProductService" time="15.383"/>
  <system-out/>
  <testcase classname="org.test.CategoryModule" name="deleteProductService" time="4.441"/>
  <system-out/>
</testsuite> <!-- org.test.CategoryModule -->
