<?xml version="1.0" encoding="UTF-8"?>
<!-- Generated by org.testng.reporters.JUnitReportReporter -->
<testsuite hostname="DESKTOP-5M7AM2E" failures="0" tests="8" name="org.enhancement.ProductModule" time="115.826" errors="0" timestamp="2023-06-04T11:22:12 IST" skipped="0">
  <testcase classname="org.enhancement.ProductModule" name="loginPage" time="55.418"/>
  <system-out/>
  <testcase classname="org.enhancement.ProductModule" name="settingModule" time="1.882"/>
  <system-out/>
  <testcase classname="org.enhancement.ProductModule" name="createFormLabel" time="1.961"/>
  <system-out/>
  <testcase classname="org.enhancement.ProductModule" name="createProduct" time="10.282"/>
  <system-out/>
  <testcase classname="org.enhancement.ProductModule" name="createProduct" time="11.406"/>
  <system-out/>
  <testcase classname="org.enhancement.ProductModule" name="createProduct" time="10.625"/>
  <system-out/>
  <testcase classname="org.enhancement.ProductModule" name="createProduct" time="10.919"/>
  <system-out/>
  <testcase classname="org.enhancement.ProductModule" name="createProduct" time="13.333"/>
  <system-out/>
</testsuite> <!-- org.enhancement.ProductModule -->
