<?xml version="1.0" encoding="UTF-8"?>
<!-- Generated by org.testng.reporters.JUnitReportReporter -->
<testsuite hostname="DESKTOP-5M7AM2E" failures="0" tests="5" name="org.enhancement.CustomerContactInvoice" time="91.769" errors="0" timestamp="2023-05-25T11:49:57 IST" skipped="0">
  <testcase classname="org.enhancement.CustomerContactInvoice" name="loginPage" time="29.996"/>
  <system-out/>
  <testcase classname="org.enhancement.CustomerContactInvoice" name="contactModule" time="9.352"/>
  <system-out/>
  <testcase classname="org.enhancement.CustomerContactInvoice" name="CreateContact" time="15.109"/>
  <system-out/>
  <testcase classname="org.enhancement.CustomerContactInvoice" name="labelValidation" time="9.786"/>
  <system-out/>
  <testcase classname="org.enhancement.CustomerContactInvoice" name="createInvoice" time="27.526"/>
  <system-out/>
</testsuite> <!-- org.enhancement.CustomerContactInvoice -->
