<?xml version="1.0" encoding="UTF-8"?>
<!-- Generated by org.testng.reporters.JUnitReportReporter -->
<testsuite hostname="DESKTOP-5M7AM2E" failures="0" tests="4" name="org.enhancement.GlobalContactRequest" time="77.205" errors="0" timestamp="2023-04-23T20:36:39 IST" skipped="0">
  <testcase classname="org.enhancement.GlobalContactRequest" name="loginPage" time="20.514"/>
  <system-out/>
  <testcase classname="org.enhancement.GlobalContactRequest" name="requestModule" time="0.900"/>
  <system-out/>
  <testcase classname="org.enhancement.GlobalContactRequest" name="labelValidation" time="0.880"/>
  <system-out/>
  <testcase classname="org.enhancement.GlobalContactRequest" name="createRequest_FromDateandTime_ToDateandTime" time="54.911"/>
  <system-out/>
</testsuite> <!-- org.enhancement.GlobalContactRequest -->
