<?xml version="1.0" encoding="UTF-8"?>
<!-- Generated by org.testng.reporters.JUnitReportReporter -->
<testsuite hostname="DESKTOP-5M7AM2E" failures="0" tests="9" name="org.enhancement.ServiceType" time="103.473" errors="0" timestamp="2023-06-04T11:22:12 IST" skipped="0">
  <testcase classname="org.enhancement.ServiceType" name="loginPage" time="54.455"/>
  <system-out/>
  <testcase classname="org.enhancement.ServiceType" name="settingModule" time="1.956"/>
  <system-out/>
  <testcase classname="org.enhancement.ServiceType" name="leadSourceLabel" time="0.283"/>
  <system-out/>
  <testcase classname="org.enhancement.ServiceType" name="createFormLabel" time="1.876"/>
  <system-out/>
  <testcase classname="org.enhancement.ServiceType" name="serviceTypeCreate" time="9.038"/>
  <system-out/>
  <testcase classname="org.enhancement.ServiceType" name="serviceTypeCreate" time="8.876"/>
  <system-out/>
  <testcase classname="org.enhancement.ServiceType" name="serviceTypeCreate" time="8.598"/>
  <system-out/>
  <testcase classname="org.enhancement.ServiceType" name="serviceTypeCreate" time="8.625"/>
  <system-out/>
  <testcase classname="org.enhancement.ServiceType" name="serviceTypeCreate" time="9.766"/>
  <system-out/>
</testsuite> <!-- org.enhancement.ServiceType -->
