<?xml version="1.0" encoding="UTF-8"?>
<!-- Generated by org.testng.reporters.JUnitReportReporter -->
<testsuite hostname="DESKTOP-5M7AM2E" failures="0" tests="11" name="org.test.SubscriptionMonthlyPowerHousePack" time="56.579" errors="0" timestamp="2023-06-24T16:51:45 IST" skipped="0">
  <testcase classname="org.test.SubscriptionMonthlyPowerHousePack" name="createTenant" time="39.154"/>
  <system-out/>
  <testcase classname="org.test.SubscriptionMonthlyPowerHousePack" name="subDomineURL" time="0.051"/>
  <system-out/>
  <testcase classname="org.test.SubscriptionMonthlyPowerHousePack" name="ownerName" time="0.090"/>
  <system-out/>
  <testcase classname="org.test.SubscriptionMonthlyPowerHousePack" name="modulepage" time="9.609"/>
  <system-out/>
  <testcase classname="org.test.SubscriptionMonthlyPowerHousePack" name="confirmPage" time="2.101"/>
  <system-out/>
  <testcase classname="org.test.SubscriptionMonthlyPowerHousePack" name="proAmount" time="0.046"/>
  <system-out/>
  <testcase classname="org.test.SubscriptionMonthlyPowerHousePack" name="totalAmount" time="0.048"/>
  <system-out/>
  <testcase classname="org.test.SubscriptionMonthlyPowerHousePack" name="billingInformation" time="3.539"/>
  <system-out/>
  <testcase classname="org.test.SubscriptionMonthlyPowerHousePack" name="paymentDetailsPage" time="1.857"/>
  <system-out/>
  <testcase classname="org.test.SubscriptionMonthlyPowerHousePack" name="billingInformationAmount" time="0.054"/>
  <system-out/>
  <testcase classname="org.test.SubscriptionMonthlyPowerHousePack" name="paymentDetailsAmount" time="0.030"/>
  <system-out/>
</testsuite> <!-- org.test.SubscriptionMonthlyPowerHousePack -->
