<?xml version="1.0" encoding="UTF-8"?>
<!-- Generated by org.testng.reporters.JUnitReportReporter -->
<testsuite hostname="DESKTOP-5M7AM2E" failures="0" tests="19" name="org.test.DispatchModule" time="288.970" errors="0" timestamp="2023-06-09T16:40:32 IST" skipped="0">
  <testcase classname="org.test.DispatchModule" name="loginPage" time="26.491"/>
  <system-out/>
  <testcase classname="org.test.DispatchModule" name="userCreate" time="39.711"/>
  <system-out/>
  <testcase classname="org.test.DispatchModule" name="requestModule" time="2.687"/>
  <system-out/>
  <testcase classname="org.test.DispatchModule" name="labelValidation" time="1.416"/>
  <system-out/>
  <testcase classname="org.test.DispatchModule" name="autoCompleteContactCreationRequest" time="71.858"/>
  <system-out/>
  <testcase classname="org.test.DispatchModule" name="unsssignedRequest" time="17.895"/>
  <system-out/>
  <testcase classname="org.test.DispatchModule" name="dispatchModule" time="3.885"/>
  <system-out/>
  <testcase classname="org.test.DispatchModule" name="assignRequest" time="10.240"/>
  <system-out/>
  <testcase classname="org.test.DispatchModule" name="unassignRequest" time="7.717"/>
  <system-out/>
  <testcase classname="org.test.DispatchModule" name="dispatchRequest" time="17.299"/>
  <system-out/>
  <testcase classname="org.test.DispatchModule" name="cancelRequest" time="9.251"/>
  <system-out/>
  <testcase classname="org.test.DispatchModule" name="jobModule" time="2.300"/>
  <system-out/>
  <testcase classname="org.test.DispatchModule" name="labelJobValidation" time="1.422"/>
  <system-out/>
  <testcase classname="org.test.DispatchModule" name="autoCompleteContactCreationJob" time="10.778"/>
  <system-out/>
  <testcase classname="org.test.DispatchModule" name="unsssignedJob" time="18.879"/>
  <system-out/>
  <testcase classname="org.test.DispatchModule" name="assignJob" time="12.766"/>
  <system-out/>
  <testcase classname="org.test.DispatchModule" name="unassignJob" time="7.854"/>
  <system-out/>
  <testcase classname="org.test.DispatchModule" name="dispatchJob" time="16.688"/>
  <system-out/>
  <testcase classname="org.test.DispatchModule" name="cancelJob" time="9.833"/>
  <system-out/>
</testsuite> <!-- org.test.DispatchModule -->
