<?xml version="1.0" encoding="UTF-8"?>
<!-- Generated by org.testng.reporters.JUnitReportReporter -->
<testsuite hostname="DESKTOP-5M7AM2E" failures="0" tests="4" name="org.enhancement.TeamUserContractor" time="211.178" errors="0" timestamp="2023-04-23T11:13:03 IST" skipped="0">
  <testcase classname="org.enhancement.TeamUserContractor" name="verify" time="61.005"/>
  <system-out/>
  <testcase classname="org.enhancement.TeamUserContractor" name="TeamUserPage" time="9.308"/>
  <system-out/>
  <testcase classname="org.enhancement.TeamUserContractor" name="landingOnCreateForm" time="1.203"/>
  <system-out/>
  <testcase classname="org.enhancement.TeamUserContractor" name="userCreate" time="139.662"/>
  <system-out/>
</testsuite> <!-- org.enhancement.TeamUserContractor -->
