<?xml version="1.0" encoding="UTF-8"?>
<!-- Generated by org.testng.reporters.JUnitReportReporter -->
<testsuite hostname="DESKTOP-5M7AM2E" failures="0" tests="35" name="org.test.CustomerCreateContactModule" time="116.745" errors="0" timestamp="2023-01-12T15:15:31 IST" skipped="0">
  <testcase classname="org.test.CustomerCreateContactModule" name="loginPage" time="17.081"/>
  <system-out/>
  <testcase classname="org.test.CustomerCreateContactModule" name="contactModule" time="9.107"/>
  <system-out/>
  <testcase classname="org.test.CustomerCreateContactModule" name="maxValidationFirstNameField" time="3.640"/>
  <system-out/>
  <testcase classname="org.test.CustomerCreateContactModule" name="mandatoryValidation" time="0.356"/>
  <system-out/>
  <testcase classname="org.test.CustomerCreateContactModule" name="maxValidationLastNameField" time="1.120"/>
  <system-out/>
  <testcase classname="org.test.CustomerCreateContactModule" name="maxValidationJobTittle" time="1.107"/>
  <system-out/>
  <testcase classname="org.test.CustomerCreateContactModule" name="maxValidationEmailField" time="1.135"/>
  <system-out/>
  <testcase classname="org.test.CustomerCreateContactModule" name="invalidValidationEmailField" time="0.247"/>
  <system-out/>
  <testcase classname="org.test.CustomerCreateContactModule" name="minValidationPhoneNumberField" time="0.301"/>
  <system-out/>
  <testcase classname="org.test.CustomerCreateContactModule" name="maxValidationPhoneNumberField" time="0.614"/>
  <system-out/>
  <testcase classname="org.test.CustomerCreateContactModule" name="maxValidationPropertyFirstNameField" time="1.110"/>
  <system-out/>
  <testcase classname="org.test.CustomerCreateContactModule" name="maxValidationPropertyLastNameField" time="1.113"/>
  <system-out/>
  <testcase classname="org.test.CustomerCreateContactModule" name="maxValidationPropertyNameeField" time="1.058"/>
  <system-out/>
  <testcase classname="org.test.CustomerCreateContactModule" name="maxValidationAddress1" time="0.982"/>
  <system-out/>
  <testcase classname="org.test.CustomerCreateContactModule" name="maxValidationAddress22Field" time="0.857"/>
  <system-out/>
  <testcase classname="org.test.CustomerCreateContactModule" name="maxValidationCityField" time="0.740"/>
  <system-out/>
  <testcase classname="org.test.CustomerCreateContactModule" name="maxValidationStateField" time="0.706"/>
  <system-out/>
  <testcase classname="org.test.CustomerCreateContactModule" name="minValidationZipcodeField" time="0.491"/>
  <system-out/>
  <testcase classname="org.test.CustomerCreateContactModule" name="maxValidationZipcodeField" time="0.377"/>
  <system-out/>
  <testcase classname="org.test.CustomerCreateContactModule" name="maxValidationProductNameField" time="0.957"/>
  <system-out/>
  <testcase classname="org.test.CustomerCreateContactModule" name="maxValidationBrandNameField" time="1.058"/>
  <system-out/>
  <testcase classname="org.test.CustomerCreateContactModule" name="maxValdidationModelNumberField" time="1.044"/>
  <system-out/>
  <testcase classname="org.test.CustomerCreateContactModule" name="maxValidationSerialNumberField" time="0.908"/>
  <system-out/>
  <testcase classname="org.test.CustomerCreateContactModule" name="maxValidationAccessHoursField" time="0.809"/>
  <system-out/>
  <testcase classname="org.test.CustomerCreateContactModule" name="maxValidationInstallationNotesField" time="4.647"/>
  <system-out/>
  <testcase classname="org.test.CustomerCreateContactModule" name="CreateContact" time="16.911"/>
  <system-out/>
  <testcase classname="org.test.CustomerCreateContactModule" name="alreadyExistedMail" time="4.765"/>
  <system-out/>
  <testcase classname="org.test.CustomerCreateContactModule" name="characterFilterValidation" time="6.830"/>
  <system-out/>
  <testcase classname="org.test.CustomerCreateContactModule" name="searchListNameField" time="2.784"/>
  <system-out/>
  <testcase classname="org.test.CustomerCreateContactModule" name="searchListPhoneNumberField" time="3.426"/>
  <system-out/>
  <testcase classname="org.test.CustomerCreateContactModule" name="searchListEmailField" time="4.936"/>
  <system-out/>
  <testcase classname="org.test.CustomerCreateContactModule" name="filterField" time="4.486"/>
  <system-out/>
  <testcase classname="org.test.CustomerCreateContactModule" name="searchInvalidListName" time="3.155"/>
  <system-out/>
  <testcase classname="org.test.CustomerCreateContactModule" name="editContactList" time="12.865"/>
  <system-out/>
  <testcase classname="org.test.CustomerCreateContactModule" name="deleteContactList" time="5.022"/>
  <system-out/>
</testsuite> <!-- org.test.CustomerCreateContactModule -->
