<?xml version="1.0" encoding="UTF-8"?>
<!-- Generated by org.testng.reporters.JUnitReportReporter -->
<testsuite hostname="DESKTOP-5M7AM2E" failures="0" tests="20" name="org.test.BusinessUnit" time="177.423" errors="0" timestamp="2023-06-09T16:40:31 IST" skipped="0">
  <testcase classname="org.test.BusinessUnit" name="loginPage" time="45.833"/>
  <system-out/>
  <testcase classname="org.test.BusinessUnit" name="settingModule" time="2.193"/>
  <system-out/>
  <testcase classname="org.test.BusinessUnit" name="businessUnitLabel" time="0.477"/>
  <system-out/>
  <testcase classname="org.test.BusinessUnit" name="createFormLabel" time="1.056"/>
  <system-out/>
  <testcase classname="org.test.BusinessUnit" name="mandatoryValidation" time="0.436"/>
  <system-out/>
  <testcase classname="org.test.BusinessUnit" name="maximumValidationBussinessUnit" time="17.353"/>
  <system-out/>
  <testcase classname="org.test.BusinessUnit" name="verifySaveButtonExist" time="0.828"/>
  <system-out/>
  <testcase classname="org.test.BusinessUnit" name="businessCreate" time="9.090"/>
  <system-out/>
  <testcase classname="org.test.BusinessUnit" name="businessCreateList" time="0.059"/>
  <system-out/>
  <testcase classname="org.test.BusinessUnit" name="activeStatus" time="0.070"/>
  <system-out/>
  <testcase classname="org.test.BusinessUnit" name="alreadyExists" time="1.862"/>
  <system-out/>
  <testcase classname="org.test.BusinessUnit" name="editFormLabel" time="5.668"/>
  <system-out/>
  <testcase classname="org.test.BusinessUnit" name="editmandatoryValidation" time="0.327"/>
  <system-out/>
  <testcase classname="org.test.BusinessUnit" name="editmaximumValidationBussinessUnit" time="15.717"/>
  <system-out/>
  <testcase classname="org.test.BusinessUnit" name="verifyUpdateButtonExist" time="0.306"/>
  <system-out/>
  <testcase classname="org.test.BusinessUnit" name="businessUpdate" time="8.882"/>
  <system-out/>
  <testcase classname="org.test.BusinessUnit" name="deleteBusinessUnit" time="15.908"/>
  <system-out/>
  <testcase classname="org.test.BusinessUnit" name="reflectCreateContactPage" time="23.486"/>
  <system-out/>
  <testcase classname="org.test.BusinessUnit" name="inactiveLeadSource" time="18.131"/>
  <system-out/>
  <testcase classname="org.test.BusinessUnit" name="deleteLeadSource" time="9.741"/>
  <system-out/>
</testsuite> <!-- org.test.BusinessUnit -->
