<?xml version="1.0" encoding="UTF-8"?>
<!-- Generated by org.testng.reporters.JUnitReportReporter -->
<testsuite hostname="DESKTOP-5M7AM2E" failures="0" tests="69" name="org.test.GlobalContactInvoice" time="379.246" errors="3" timestamp="2023-05-28T19:37:43 IST" skipped="16">
  <testcase classname="org.test.GlobalContactInvoice" name="loginPage" time="35.147"/>
  <system-out/>
  <testcase classname="org.test.GlobalContactInvoice" name="invoiceModule" time="3.240"/>
  <system-out/>
  <testcase classname="org.test.GlobalContactInvoice" name="deleteAfterCatch" time="0.016">
    <error message="no such window: target window already closed
from unknown error: web view not found
  (Session info: chrome=113.0.5672.127)
Build info: version: &#039;3.141.5&#039;, revision: &#039;d54ebd709a&#039;, time: &#039;2018-11-06T11:42:16&#039;
System info: host: &#039;DESKTOP-5M7AM2E&#039;, ip: &#039;192.168.56.1&#039;, os.name: &#039;Windows 11&#039;, os.arch: &#039;amd64&#039;, os.version: &#039;10.0&#039;, java.version: &#039;17.0.3&#039;
Driver info: org.openqa.selenium.chrome.ChromeDriver
Capabilities {acceptInsecureCerts: false, browserName: chrome, browserVersion: 113.0.5672.127, chrome: {chromedriverVersion: 113.0.5672.63 (0e1a4471d5ae..., userDataDir: C:\Users\ZAIGOP~1\AppData\L...}, goog:chromeOptions: {debuggerAddress: localhost:61729}, javascriptEnabled: true, networkConnectionEnabled: false, pageLoadStrategy: normal, platform: WINDOWS, platformName: WINDOWS, proxy: Proxy(), setWindowRect: true, strictFileInteractability: false, timeouts: {implicit: 0, pageLoad: 300000, script: 30000}, unhandledPromptBehavior: dismiss and notify, webauthn:extension:credBlob: true, webauthn:extension:largeBlob: true, webauthn:extension:minPinLength: true, webauthn:extension:prf: true, webauthn:virtualAuthenticators: true}
Session ID: 9b8e6f3c93f6a979d06881ba0a01bae3" type="org.openqa.selenium.NoSuchWindowException">
      <![CDATA[org.openqa.selenium.NoSuchWindowException: no such window: target window already closed
from unknown error: web view not found
  (Session info: chrome=113.0.5672.127)
Build info: version: '3.141.5', revision: 'd54ebd709a', time: '2018-11-06T11:42:16'
System info: host: 'DESKTOP-5M7AM2E', ip: '192.168.56.1', os.name: 'Windows 11', os.arch: 'amd64', os.version: '10.0', java.version: '17.0.3'
Driver info: org.openqa.selenium.chrome.ChromeDriver
Capabilities {acceptInsecureCerts: false, browserName: chrome, browserVersion: 113.0.5672.127, chrome: {chromedriverVersion: 113.0.5672.63 (0e1a4471d5ae..., userDataDir: C:\Users\ZAIGOP~1\AppData\L...}, goog:chromeOptions: {debuggerAddress: localhost:61729}, javascriptEnabled: true, networkConnectionEnabled: false, pageLoadStrategy: normal, platform: WINDOWS, platformName: WINDOWS, proxy: Proxy(), setWindowRect: true, strictFileInteractability: false, timeouts: {implicit: 0, pageLoad: 300000, script: 30000}, unhandledPromptBehavior: dismiss and notify, webauthn:extension:credBlob: true, webauthn:extension:largeBlob: true, webauthn:extension:minPinLength: true, webauthn:extension:prf: true, webauthn:virtualAuthenticators: true}
Session ID: 9b8e6f3c93f6a979d06881ba0a01bae3
at jdk.internal.reflect.GeneratedConstructorAccessor38.newInstance(Unknown Source)
at java.base/jdk.internal.reflect.DelegatingConstructorAccessorImpl.newInstance(DelegatingConstructorAccessorImpl.java:45)
at java.base/java.lang.reflect.Constructor.newInstanceWithCaller(Constructor.java:499)
at java.base/java.lang.reflect.Constructor.newInstance(Constructor.java:480)
at org.openqa.selenium.remote.http.W3CHttpResponseCodec.createException(W3CHttpResponseCodec.java:187)
at org.openqa.selenium.remote.http.W3CHttpResponseCodec.decode(W3CHttpResponseCodec.java:122)
at org.openqa.selenium.remote.http.W3CHttpResponseCodec.decode(W3CHttpResponseCodec.java:49)
at org.openqa.selenium.remote.HttpCommandExecutor.execute(HttpCommandExecutor.java:158)
at org.openqa.selenium.remote.service.DriverCommandExecutor.execute(DriverCommandExecutor.java:83)
at org.openqa.selenium.remote.RemoteWebDriver.execute(RemoteWebDriver.java:552)
at org.openqa.selenium.remote.RemoteWebDriver.execute(RemoteWebDriver.java:609)
at org.openqa.selenium.remote.RemoteWebDriver$RemoteWebDriverOptions.deleteAllCookies(RemoteWebDriver.java:694)
at org.test.GlobalContactInvoice.deleteAfterCatch(GlobalContactInvoice.java:62)
at jdk.internal.reflect.GeneratedMethodAccessor136.invoke(Unknown Source)
at java.base/jdk.internal.reflect.DelegatingMethodAccessorImpl.invoke(DelegatingMethodAccessorImpl.java:43)
at java.base/java.lang.reflect.Method.invoke(Method.java:568)
at org.testng.internal.MethodInvocationHelper.invokeMethod(MethodInvocationHelper.java:133)
at org.testng.internal.MethodInvocationHelper.invokeMethodConsideringTimeout(MethodInvocationHelper.java:62)
at org.testng.internal.ConfigInvoker.invokeConfigurationMethod(ConfigInvoker.java:385)
at org.testng.internal.ConfigInvoker.invokeConfigurations(ConfigInvoker.java:321)
at org.testng.internal.TestInvoker.runConfigMethods(TestInvoker.java:700)
at org.testng.internal.TestInvoker.runAfterGroupsConfigurations(TestInvoker.java:676)
at org.testng.internal.TestInvoker.invokeMethod(TestInvoker.java:660)
at org.testng.internal.TestInvoker.invokeTestMethod(TestInvoker.java:173)
at org.testng.internal.MethodRunner.runInSequence(MethodRunner.java:46)
at org.testng.internal.TestInvoker$MethodInvocationAgent.invoke(TestInvoker.java:824)
at org.testng.internal.TestInvoker.invokeTestMethods(TestInvoker.java:146)
at org.testng.internal.TestMethodWorker.invokeTestMethods(TestMethodWorker.java:146)
at org.testng.internal.TestMethodWorker.run(TestMethodWorker.java:128)
at java.base/java.util.ArrayList.forEach(ArrayList.java:1511)
at org.testng.TestRunner.privateRun(TestRunner.java:794)
at org.testng.TestRunner.run(TestRunner.java:596)
at org.testng.SuiteRunner.runTest(SuiteRunner.java:377)
at org.testng.SuiteRunner.runSequentially(SuiteRunner.java:371)
at org.testng.SuiteRunner.privateRun(SuiteRunner.java:332)
at org.testng.SuiteRunner.run(SuiteRunner.java:276)
at org.testng.SuiteRunnerWorker.runSuite(SuiteRunnerWorker.java:53)
at org.testng.SuiteRunnerWorker.run(SuiteRunnerWorker.java:96)
at org.testng.TestNG.runSuitesSequentially(TestNG.java:1212)
at org.testng.TestNG.runSuitesSequentially(TestNG.java:1207)
at org.testng.TestNG.runSuitesLocally(TestNG.java:1134)
at org.testng.TestNG.runSuites(TestNG.java:1063)
at org.testng.TestNG.run(TestNG.java:1031)
at org.testng.remote.AbstractRemoteTestNG.run(AbstractRemoteTestNG.java:115)
at org.testng.remote.RemoteTestNG.initAndRun(RemoteTestNG.java:251)
at org.testng.remote.RemoteTestNG.main(RemoteTestNG.java:77)
]]>
    </error>
  </testcase> <!-- deleteAfterCatch -->
  <system-out/>
  <testcase classname="org.test.GlobalContactInvoice" name="contactMandatoryValidation" time="2.309"/>
  <system-out/>
  <testcase classname="org.test.GlobalContactInvoice" name="mandatoryValidationDeuDate" time="0.061"/>
  <system-out/>
  <testcase classname="org.test.GlobalContactInvoice" name="mandatoryValidationInventoryItem" time="0.070"/>
  <system-out/>
  <testcase classname="org.test.GlobalContactInvoice" name="mandatoryValidationQunatity" time="0.061"/>
  <system-out/>
  <testcase classname="org.test.GlobalContactInvoice" name="mandatoryValidationPrice" time="0.062"/>
  <system-out/>
  <testcase classname="org.test.GlobalContactInvoice" name="mandatoryValidationDescription" time="0.063"/>
  <system-out/>
  <testcase classname="org.test.GlobalContactInvoice" name="autoCompleteContactCreation" time="24.777"/>
  <system-out/>
  <testcase classname="org.test.GlobalContactInvoice" name="maximumValidationReference" time="0.233"/>
  <system-out/>
  <testcase classname="org.test.GlobalContactInvoice" name="maximumValidationInvoiceTittle" time="0.751"/>
  <system-out/>
  <testcase classname="org.test.GlobalContactInvoice" name="maximumValidationInventoryItem" time="0.756"/>
  <system-out/>
  <testcase classname="org.test.GlobalContactInvoice" name="emptyValidationQuantityField" time="0.227"/>
  <system-out/>
  <testcase classname="org.test.GlobalContactInvoice" name="maxQuanitityLimit" time="0.296"/>
  <system-out/>
  <testcase classname="org.test.GlobalContactInvoice" name="afterDecimalPointValidationQuantityField" time="0.201"/>
  <system-out/>
  <testcase classname="org.test.GlobalContactInvoice" name="beforeDecimalPointValidationQuantityField" time="0.315"/>
  <system-out/>
  <testcase classname="org.test.GlobalContactInvoice" name="emptyValidationPriceField" time="0.239"/>
  <system-out/>
  <testcase classname="org.test.GlobalContactInvoice" name="maxPriceLimit" time="0.227"/>
  <system-out/>
  <testcase classname="org.test.GlobalContactInvoice" name="beforeDecimalPointPriceField" time="0.252"/>
  <system-out/>
  <testcase classname="org.test.GlobalContactInvoice" name="afterDecimalPointPriceField" time="0.270"/>
  <system-out/>
  <testcase classname="org.test.GlobalContactInvoice" name="afterDecimalPointDiscountField" time="0.211"/>
  <system-out/>
  <testcase classname="org.test.GlobalContactInvoice" name="beforeDecimalPointDiscountField" time="0.189"/>
  <system-out/>
  <testcase classname="org.test.GlobalContactInvoice" name="maxLimitDiscountField" time="0.200"/>
  <system-out/>
  <testcase classname="org.test.GlobalContactInvoice" name="afterDecimalPointTaxField" time="2.329">
    <skipped/>
  </testcase> <!-- afterDecimalPointTaxField -->
  <system-out/>
  <testcase classname="org.test.GlobalContactInvoice" name="beforeDecimalPointTaxField" time="2.301">
    <skipped/>
  </testcase> <!-- beforeDecimalPointTaxField -->
  <system-out/>
  <testcase classname="org.test.GlobalContactInvoice" name="maxLimitTaxField" time="2.298">
    <skipped/>
  </testcase> <!-- maxLimitTaxField -->
  <system-out/>
  <testcase classname="org.test.GlobalContactInvoice" name="maximumValidationDescription" time="1.829"/>
  <system-out/>
  <testcase classname="org.test.GlobalContactInvoice" name="maximumValidationNotes" time="49.301"/>
  <system-out/>
  <testcase classname="org.test.GlobalContactInvoice" name="expiryFieldPastDateValidation" time="8.238"/>
  <system-out/>
  <testcase classname="org.test.GlobalContactInvoice" name="validateCalculation" time="7.810"/>
  <system-out/>
  <testcase classname="org.test.GlobalContactInvoice" name="createInvoice" time="9.060"/>
  <system-out/>
  <testcase classname="org.test.GlobalContactInvoice" name="editLableValidation" time="30.528">
    <error message="Expected condition failed: waiting for visibility of Proxy element for: DefaultElementLocator &#039;By.all({By.xpath: //*[@id=&#039;fieldy-customer-organization-invoice-list_aserpttbl&#039;]/tbody/tr[2]/td[3],By.xpath: //*[@id=&#039;fieldy-customer-contact-invoice-list_aserpttbl&#039;]/tbody/tr[2]/td[3],By.xpath: //*[@id=&#039;fieldy-main-invoice-list_aserpttbl&#039;]/tbody/tr[2]/td[3]})&#039; (tried for 30 second(s) with 500 milliseconds interval)" type="org.openqa.selenium.TimeoutException">
      <![CDATA[org.openqa.selenium.TimeoutException: Expected condition failed: waiting for visibility of Proxy element for: DefaultElementLocator 'By.all({By.xpath: //*[@id='fieldy-customer-organization-invoice-list_aserpttbl']/tbody/tr[2]/td[3],By.xpath: //*[@id='fieldy-customer-contact-invoice-list_aserpttbl']/tbody/tr[2]/td[3],By.xpath: //*[@id='fieldy-main-invoice-list_aserpttbl']/tbody/tr[2]/td[3]})' (tried for 30 second(s) with 500 milliseconds interval)
at org.openqa.selenium.support.ui.WebDriverWait.timeoutException(WebDriverWait.java:95)
at org.openqa.selenium.support.ui.FluentWait.until(FluentWait.java:272)
at com.zaigo.pageobjects.InvoicePage.getText(InvoicePage.java:236)
at com.zaigo.pageobjects.InvoicePage.invocieLandPage(InvoicePage.java:566)
at org.test.GlobalContactInvoice.editLableValidation(GlobalContactInvoice.java:823)
at java.base/jdk.internal.reflect.NativeMethodAccessorImpl.invoke0(Native Method)
at java.base/jdk.internal.reflect.NativeMethodAccessorImpl.invoke(NativeMethodAccessorImpl.java:77)
at java.base/jdk.internal.reflect.DelegatingMethodAccessorImpl.invoke(DelegatingMethodAccessorImpl.java:43)
at java.base/java.lang.reflect.Method.invoke(Method.java:568)
at org.testng.internal.MethodInvocationHelper.invokeMethod(MethodInvocationHelper.java:133)
at org.testng.internal.TestInvoker.invokeMethod(TestInvoker.java:598)
at org.testng.internal.TestInvoker.invokeTestMethod(TestInvoker.java:173)
at org.testng.internal.MethodRunner.runInSequence(MethodRunner.java:46)
at org.testng.internal.TestInvoker$MethodInvocationAgent.invoke(TestInvoker.java:824)
at org.testng.internal.TestInvoker.invokeTestMethods(TestInvoker.java:146)
at org.testng.internal.TestMethodWorker.invokeTestMethods(TestMethodWorker.java:146)
at org.testng.internal.TestMethodWorker.run(TestMethodWorker.java:128)
at java.base/java.util.ArrayList.forEach(ArrayList.java:1511)
at org.testng.TestRunner.privateRun(TestRunner.java:794)
at org.testng.TestRunner.run(TestRunner.java:596)
at org.testng.SuiteRunner.runTest(SuiteRunner.java:377)
at org.testng.SuiteRunner.runSequentially(SuiteRunner.java:371)
at org.testng.SuiteRunner.privateRun(SuiteRunner.java:332)
at org.testng.SuiteRunner.run(SuiteRunner.java:276)
at org.testng.SuiteRunnerWorker.runSuite(SuiteRunnerWorker.java:53)
at org.testng.SuiteRunnerWorker.run(SuiteRunnerWorker.java:96)
at org.testng.TestNG.runSuitesSequentially(TestNG.java:1212)
at org.testng.TestNG.runSuitesSequentially(TestNG.java:1207)
at org.testng.TestNG.runSuitesLocally(TestNG.java:1134)
at org.testng.TestNG.runSuites(TestNG.java:1063)
at org.testng.TestNG.run(TestNG.java:1031)
at org.testng.remote.AbstractRemoteTestNG.run(AbstractRemoteTestNG.java:115)
at org.testng.remote.RemoteTestNG.initAndRun(RemoteTestNG.java:251)
at org.testng.remote.RemoteTestNG.main(RemoteTestNG.java:77)
Caused by: org.openqa.selenium.NoSuchElementException: Cannot locate an element using By.all({By.xpath: //*[@id='fieldy-customer-organization-invoice-list_aserpttbl']/tbody/tr[2]/td[3],By.xpath: //*[@id='fieldy-customer-contact-invoice-list_aserpttbl']/tbody/tr[2]/td[3],By.xpath: //*[@id='fieldy-main-invoice-list_aserpttbl']/tbody/tr[2]/td[3]})
For documentation on this error, please visit: http://seleniumhq.org/exceptions/no_such_element.html
Build info: version: '3.141.5', revision: 'd54ebd709a', time: '2018-11-06T11:42:16'
System info: host: 'DESKTOP-5M7AM2E', ip: '192.168.56.1', os.name: 'Windows 11', os.arch: 'amd64', os.version: '10.0', java.version: '17.0.3'
Driver info: driver.version: RemoteWebDriver
at org.openqa.selenium.support.pagefactory.ByAll.findElement(ByAll.java:58)
at org.openqa.selenium.remote.RemoteWebDriver.findElement(RemoteWebDriver.java:315)
at org.openqa.selenium.support.pagefactory.DefaultElementLocator.findElement(DefaultElementLocator.java:69)
at org.openqa.selenium.support.pagefactory.internal.LocatingElementHandler.invoke(LocatingElementHandler.java:38)
at jdk.proxy2/jdk.proxy2.$Proxy15.isDisplayed(Unknown Source)
at org.openqa.selenium.support.ui.ExpectedConditions.elementIfVisible(ExpectedConditions.java:314)
at org.openqa.selenium.support.ui.ExpectedConditions.access$000(ExpectedConditions.java:43)
at org.openqa.selenium.support.ui.ExpectedConditions$10.apply(ExpectedConditions.java:300)
at org.openqa.selenium.support.ui.ExpectedConditions$10.apply(ExpectedConditions.java:297)
at org.openqa.selenium.support.ui.FluentWait.until(FluentWait.java:249)
... 32 more
]]>
    </error>
  </testcase> <!-- editLableValidation -->
  <system-out/>
  <testcase classname="org.test.GlobalContactInvoice" name="mandatoryValidationEditDueDate" time="0.835"/>
  <system-out/>
  <testcase classname="org.test.GlobalContactInvoice" name="mandatoryValidationEditQunatity" time="0.063"/>
  <system-out/>
  <testcase classname="org.test.GlobalContactInvoice" name="mandatoryValidationEditPrice" time="0.061"/>
  <system-out/>
  <testcase classname="org.test.GlobalContactInvoice" name="mandatoryValidationEditDescription" time="0.061"/>
  <system-out/>
  <testcase classname="org.test.GlobalContactInvoice" name="maximumValidationEditReference" time="0.642"/>
  <system-out/>
  <testcase classname="org.test.GlobalContactInvoice" name="maximumValidationEditInvoiceTittle" time="0.676"/>
  <system-out/>
  <testcase classname="org.test.GlobalContactInvoice" name="maximumValidationEditInventoryItem" time="1.070"/>
  <system-out/>
  <testcase classname="org.test.GlobalContactInvoice" name="emptyValidationEditQuantityField" time="0.222"/>
  <system-out/>
  <testcase classname="org.test.GlobalContactInvoice" name="maxEditQuanitityLimit" time="0.277"/>
  <system-out/>
  <testcase classname="org.test.GlobalContactInvoice" name="afterEditDecimalPointValidationQuantityField" time="0.211"/>
  <system-out/>
  <testcase classname="org.test.GlobalContactInvoice" name="beforeEditDecimalPointValidationQuantityField" time="0.314"/>
  <system-out/>
  <testcase classname="org.test.GlobalContactInvoice" name="emptyValidationEditPriceField" time="0.227"/>
  <system-out/>
  <testcase classname="org.test.GlobalContactInvoice" name="maxEditPriceLimit" time="0.205"/>
  <system-out/>
  <testcase classname="org.test.GlobalContactInvoice" name="beforeEditDecimalPointPriceField" time="0.237"/>
  <system-out/>
  <testcase classname="org.test.GlobalContactInvoice" name="afterEditDecimalPointPriceField" time="0.276"/>
  <system-out/>
  <testcase classname="org.test.GlobalContactInvoice" name="afterEditDecimalPointDiscountField" time="0.219"/>
  <system-out/>
  <testcase classname="org.test.GlobalContactInvoice" name="beforeEditDecimalPointDiscountField" time="0.353"/>
  <system-out/>
  <testcase classname="org.test.GlobalContactInvoice" name="maxLimitEditDiscountField" time="0.178"/>
  <system-out/>
  <testcase classname="org.test.GlobalContactInvoice" name="afterDecimalEditPointTaxField" time="2.323">
    <skipped/>
  </testcase> <!-- afterDecimalEditPointTaxField -->
  <system-out/>
  <testcase classname="org.test.GlobalContactInvoice" name="beforeDecimalEditPointTaxField" time="2.294">
    <skipped/>
  </testcase> <!-- beforeDecimalEditPointTaxField -->
  <system-out/>
  <testcase classname="org.test.GlobalContactInvoice" name="maxEditLimitTaxField" time="2.286">
    <skipped/>
  </testcase> <!-- maxEditLimitTaxField -->
  <system-out/>
  <testcase classname="org.test.GlobalContactInvoice" name="maximumEditValidationDescription" time="1.808"/>
  <system-out/>
  <testcase classname="org.test.GlobalContactInvoice" name="maximumEditValidationNotes" time="48.005"/>
  <system-out/>
  <testcase classname="org.test.GlobalContactInvoice" name="expiryEditFieldPastDateValidation" time="8.242"/>
  <system-out/>
  <testcase classname="org.test.GlobalContactInvoice" name="updatedInvoice" time="24.037"/>
  <system-out/>
  <testcase classname="org.test.GlobalContactInvoice" name="draftInvoice" time="100.257">
    <error message="Expected condition failed: waiting for visibility of element located by By.xpath: //*[@data-automationid=&#039;invoice_create&#039;] (tried for 100 second(s) with 500 milliseconds interval)" type="org.openqa.selenium.TimeoutException">
      <![CDATA[org.openqa.selenium.TimeoutException: Expected condition failed: waiting for visibility of element located by By.xpath: //*[@data-automationid='invoice_create'] (tried for 100 second(s) with 500 milliseconds interval)
at org.openqa.selenium.support.ui.WebDriverWait.timeoutException(WebDriverWait.java:95)
at org.openqa.selenium.support.ui.FluentWait.until(FluentWait.java:272)
at com.zaigo.pageobjects.InvoicePage.mouseActionClick(InvoicePage.java:165)
at com.zaigo.pageobjects.InvoicePage.CRUDValidation(InvoicePage.java:880)
at org.test.GlobalContactInvoice.draftInvoice(GlobalContactInvoice.java:1495)
at java.base/jdk.internal.reflect.NativeMethodAccessorImpl.invoke0(Native Method)
at java.base/jdk.internal.reflect.NativeMethodAccessorImpl.invoke(NativeMethodAccessorImpl.java:77)
at java.base/jdk.internal.reflect.DelegatingMethodAccessorImpl.invoke(DelegatingMethodAccessorImpl.java:43)
at java.base/java.lang.reflect.Method.invoke(Method.java:568)
at org.testng.internal.MethodInvocationHelper.invokeMethod(MethodInvocationHelper.java:133)
at org.testng.internal.TestInvoker.invokeMethod(TestInvoker.java:598)
at org.testng.internal.TestInvoker.invokeTestMethod(TestInvoker.java:173)
at org.testng.internal.MethodRunner.runInSequence(MethodRunner.java:46)
at org.testng.internal.TestInvoker$MethodInvocationAgent.invoke(TestInvoker.java:824)
at org.testng.internal.TestInvoker.invokeTestMethods(TestInvoker.java:146)
at org.testng.internal.TestMethodWorker.invokeTestMethods(TestMethodWorker.java:146)
at org.testng.internal.TestMethodWorker.run(TestMethodWorker.java:128)
at java.base/java.util.ArrayList.forEach(ArrayList.java:1511)
at org.testng.TestRunner.privateRun(TestRunner.java:794)
at org.testng.TestRunner.run(TestRunner.java:596)
at org.testng.SuiteRunner.runTest(SuiteRunner.java:377)
at org.testng.SuiteRunner.runSequentially(SuiteRunner.java:371)
at org.testng.SuiteRunner.privateRun(SuiteRunner.java:332)
at org.testng.SuiteRunner.run(SuiteRunner.java:276)
at org.testng.SuiteRunnerWorker.runSuite(SuiteRunnerWorker.java:53)
at org.testng.SuiteRunnerWorker.run(SuiteRunnerWorker.java:96)
at org.testng.TestNG.runSuitesSequentially(TestNG.java:1212)
at org.testng.TestNG.runSuitesSequentially(TestNG.java:1207)
at org.testng.TestNG.runSuitesLocally(TestNG.java:1134)
at org.testng.TestNG.runSuites(TestNG.java:1063)
at org.testng.TestNG.run(TestNG.java:1031)
at org.testng.remote.AbstractRemoteTestNG.run(AbstractRemoteTestNG.java:115)
at org.testng.remote.RemoteTestNG.initAndRun(RemoteTestNG.java:251)
at org.testng.remote.RemoteTestNG.main(RemoteTestNG.java:77)
Caused by: org.openqa.selenium.NoSuchWindowException: no such window: target window already closed
from unknown error: web view not found
  (Session info: chrome=113.0.5672.127)
Build info: version: '3.141.5', revision: 'd54ebd709a', time: '2018-11-06T11:42:16'
System info: host: 'DESKTOP-5M7AM2E', ip: '192.168.56.1', os.name: 'Windows 11', os.arch: 'amd64', os.version: '10.0', java.version: '17.0.3'
Driver info: org.openqa.selenium.chrome.ChromeDriver
Capabilities {acceptInsecureCerts: false, browserName: chrome, browserVersion: 113.0.5672.127, chrome: {chromedriverVersion: 113.0.5672.63 (0e1a4471d5ae..., userDataDir: C:\Users\ZAIGOP~1\AppData\L...}, goog:chromeOptions: {debuggerAddress: localhost:61729}, javascriptEnabled: true, networkConnectionEnabled: false, pageLoadStrategy: normal, platform: WINDOWS, platformName: WINDOWS, proxy: Proxy(), setWindowRect: true, strictFileInteractability: false, timeouts: {implicit: 0, pageLoad: 300000, script: 30000}, unhandledPromptBehavior: dismiss and notify, webauthn:extension:credBlob: true, webauthn:extension:largeBlob: true, webauthn:extension:minPinLength: true, webauthn:extension:prf: true, webauthn:virtualAuthenticators: true}
Session ID: 9b8e6f3c93f6a979d06881ba0a01bae3
*** Element info: {Using=xpath, value=//*[@data-automationid='invoice_create']}
at jdk.internal.reflect.GeneratedConstructorAccessor38.newInstance(Unknown Source)
at java.base/jdk.internal.reflect.DelegatingConstructorAccessorImpl.newInstance(DelegatingConstructorAccessorImpl.java:45)
at java.base/java.lang.reflect.Constructor.newInstanceWithCaller(Constructor.java:499)
at java.base/java.lang.reflect.Constructor.newInstance(Constructor.java:480)
at org.openqa.selenium.remote.http.W3CHttpResponseCodec.createException(W3CHttpResponseCodec.java:187)
at org.openqa.selenium.remote.http.W3CHttpResponseCodec.decode(W3CHttpResponseCodec.java:122)
at org.openqa.selenium.remote.http.W3CHttpResponseCodec.decode(W3CHttpResponseCodec.java:49)
at org.openqa.selenium.remote.HttpCommandExecutor.execute(HttpCommandExecutor.java:158)
at org.openqa.selenium.remote.service.DriverCommandExecutor.execute(DriverCommandExecutor.java:83)
at org.openqa.selenium.remote.RemoteWebDriver.execute(RemoteWebDriver.java:552)
at org.openqa.selenium.remote.RemoteWebDriver.findElement(RemoteWebDriver.java:323)
at org.openqa.selenium.remote.RemoteWebDriver.findElementByXPath(RemoteWebDriver.java:428)
at org.openqa.selenium.By$ByXPath.findElement(By.java:353)
at org.openqa.selenium.remote.RemoteWebDriver.findElement(RemoteWebDriver.java:315)
at org.openqa.selenium.support.ui.ExpectedConditions$7.apply(ExpectedConditions.java:205)
at org.openqa.selenium.support.ui.ExpectedConditions$7.apply(ExpectedConditions.java:201)
at org.openqa.selenium.support.ui.FluentWait.until(FluentWait.java:249)
... 32 more
]]>
    </error>
  </testcase> <!-- draftInvoice -->
  <system-out/>
  <testcase classname="org.test.GlobalContactInvoice" name="createdQuoteStatus" time="0.000">
    <skipped/>
  </testcase> <!-- createdQuoteStatus -->
  <system-out/>
  <testcase classname="org.test.GlobalContactInvoice" name="UpdatedInvociePartialPayment" time="0.000">
    <skipped/>
  </testcase> <!-- UpdatedInvociePartialPayment -->
  <system-out/>
  <testcase classname="org.test.GlobalContactInvoice" name="partialPaidAmount" time="0.000">
    <skipped/>
  </testcase> <!-- partialPaidAmount -->
  <system-out/>
  <testcase classname="org.test.GlobalContactInvoice" name="UpdatedInvociePaid" time="0.000">
    <skipped/>
  </testcase> <!-- UpdatedInvociePaid -->
  <system-out/>
  <testcase classname="org.test.GlobalContactInvoice" name="fullyPaidAmount" time="0.000">
    <skipped/>
  </testcase> <!-- fullyPaidAmount -->
  <system-out/>
  <testcase classname="org.test.GlobalContactInvoice" name="listCustomerName" time="0.000">
    <skipped/>
  </testcase> <!-- listCustomerName -->
  <system-out/>
  <testcase classname="org.test.GlobalContactInvoice" name="listInvoiceNo" time="0.000">
    <skipped/>
  </testcase> <!-- listInvoiceNo -->
  <system-out/>
  <testcase classname="org.test.GlobalContactInvoice" name="listQuoteReference" time="0.000">
    <skipped/>
  </testcase> <!-- listQuoteReference -->
  <system-out/>
  <testcase classname="org.test.GlobalContactInvoice" name="filterDateInvoice" time="0.000">
    <skipped/>
  </testcase> <!-- filterDateInvoice -->
  <system-out/>
  <testcase classname="org.test.GlobalContactInvoice" name="listInvalid" time="0.000">
    <skipped/>
  </testcase> <!-- listInvalid -->
  <system-out/>
</testsuite> <!-- org.test.GlobalContactInvoice -->
