<?xml version="1.0" encoding="UTF-8"?>
<!-- Generated by org.testng.reporters.JUnitReportReporter -->
<testsuite hostname="DESKTOP-5M7AM2E" failures="0" tests="58" name="org.test.TeamCompanyContractor" time="120.651" errors="0" timestamp="2023-04-06T12:58:06 IST" skipped="0">
  <testcase classname="org.test.TeamCompanyContractor" name="verify" time="35.135"/>
  <system-out/>
  <testcase classname="org.test.TeamCompanyContractor" name="createLabel" time="3.637"/>
  <system-out/>
  <testcase classname="org.test.TeamCompanyContractor" name="verifyContractorNameMandatory" time="0.570"/>
  <system-out/>
  <testcase classname="org.test.TeamCompanyContractor" name="verifyContractorNumberMinValidation" time="0.290"/>
  <system-out/>
  <testcase classname="org.test.TeamCompanyContractor" name="verifyContractorEmailFormat" time="0.299"/>
  <system-out/>
  <testcase classname="org.test.TeamCompanyContractor" name="verifyContractorNumberMaxValidation" time="0.289"/>
  <system-out/>
  <testcase classname="org.test.TeamCompanyContractor" name="verifyFaxMinValidation" time="0.290"/>
  <system-out/>
  <testcase classname="org.test.TeamCompanyContractor" name="verifyFaxMaxValidation" time="0.317"/>
  <system-out/>
  <testcase classname="org.test.TeamCompanyContractor" name="verifyCpersonFirstNameMaxValidation" time="1.010"/>
  <system-out/>
  <testcase classname="org.test.TeamCompanyContractor" name="verifyCpersonLastNameMaxValidation" time="0.992"/>
  <system-out/>
  <testcase classname="org.test.TeamCompanyContractor" name="maxValidationLocationNameField" time="0.913"/>
  <system-out/>
  <testcase classname="org.test.TeamCompanyContractor" name="validateEmailField" time="0.271"/>
  <system-out/>
  <testcase classname="org.test.TeamCompanyContractor" name="maxValidationEmailField" time="0.814"/>
  <system-out/>
  <testcase classname="org.test.TeamCompanyContractor" name="minValidationPhoneNumberField" time="0.275"/>
  <system-out/>
  <testcase classname="org.test.TeamCompanyContractor" name="maxValidationPhoneNumberField" time="0.291"/>
  <system-out/>
  <testcase classname="org.test.TeamCompanyContractor" name="maxValidationAddress1Field" time="0.921"/>
  <system-out/>
  <testcase classname="org.test.TeamCompanyContractor" name="maxValidationAddress2Field" time="0.921"/>
  <system-out/>
  <testcase classname="org.test.TeamCompanyContractor" name="maxValidationStateField" time="0.911"/>
  <system-out/>
  <testcase classname="org.test.TeamCompanyContractor" name="maxValidationCityField" time="0.773"/>
  <system-out/>
  <testcase classname="org.test.TeamCompanyContractor" name="maxValidationZipcodeField" time="0.242"/>
  <system-out/>
  <testcase classname="org.test.TeamCompanyContractor" name="minValidationZipcodeField" time="0.150"/>
  <system-out/>
  <testcase classname="org.test.TeamCompanyContractor" name="characterValidationZipcodeField" time="0.161"/>
  <system-out/>
  <testcase classname="org.test.TeamCompanyContractor" name="maxValidationContactPerson" time="1.352"/>
  <system-out/>
  <testcase classname="org.test.TeamCompanyContractor" name="verifySaveButtonExist" time="0.078"/>
  <system-out/>
  <testcase classname="org.test.TeamCompanyContractor" name="createContract" time="8.436"/>
  <system-out/>
  <testcase classname="org.test.TeamCompanyContractor" name="companiesContractorCount" time="0.173"/>
  <system-out/>
  <testcase classname="org.test.TeamCompanyContractor" name="contractotCompanyNameExistedValidation" time="2.637"/>
  <system-out/>
  <testcase classname="org.test.TeamCompanyContractor" name="contractorAlreadyEmailValidation" time="4.420"/>
  <system-out/>
  <testcase classname="org.test.TeamCompanyContractor" name="searchCompanyNameListValidation" time="1.600"/>
  <system-out/>
  <testcase classname="org.test.TeamCompanyContractor" name="searchNameListValidation" time="1.425"/>
  <system-out/>
  <testcase classname="org.test.TeamCompanyContractor" name="searchEmailListValidation" time="2.562"/>
  <system-out/>
  <testcase classname="org.test.TeamCompanyContractor" name="searchPhoneNumberListValidation" time="1.432"/>
  <system-out/>
  <testcase classname="org.test.TeamCompanyContractor" name="invalidValidationData" time="1.515"/>
  <system-out/>
  <testcase classname="org.test.TeamCompanyContractor" name="editLable" time="5.695"/>
  <system-out/>
  <testcase classname="org.test.TeamCompanyContractor" name="editverifyContractorNameMandatory" time="0.568"/>
  <system-out/>
  <testcase classname="org.test.TeamCompanyContractor" name="editverifyContractorNumberMinValidation" time="0.333"/>
  <system-out/>
  <testcase classname="org.test.TeamCompanyContractor" name="editverifyContractorEmailFormat" time="0.253"/>
  <system-out/>
  <testcase classname="org.test.TeamCompanyContractor" name="editverifyContractorNumberMaxValidation" time="0.285"/>
  <system-out/>
  <testcase classname="org.test.TeamCompanyContractor" name="editverifyFaxMinValidation" time="0.235"/>
  <system-out/>
  <testcase classname="org.test.TeamCompanyContractor" name="editverifyFaxMaxValidation" time="0.252"/>
  <system-out/>
  <testcase classname="org.test.TeamCompanyContractor" name="editverifyCpersonFirstNameMaxValidation" time="0.843"/>
  <system-out/>
  <testcase classname="org.test.TeamCompanyContractor" name="editverifyCpersonLastNameMaxValidation" time="1.749"/>
  <system-out/>
  <testcase classname="org.test.TeamCompanyContractor" name="editmaxValidationLocationNameField" time="0.846"/>
  <system-out/>
  <testcase classname="org.test.TeamCompanyContractor" name="editvalidateEmailField" time="0.255"/>
  <system-out/>
  <testcase classname="org.test.TeamCompanyContractor" name="editmaxValidationEmailField" time="0.884"/>
  <system-out/>
  <testcase classname="org.test.TeamCompanyContractor" name="editminValidationPhoneNumberField" time="0.262"/>
  <system-out/>
  <testcase classname="org.test.TeamCompanyContractor" name="editmaxValidationPhoneNumberField" time="0.286"/>
  <system-out/>
  <testcase classname="org.test.TeamCompanyContractor" name="editmaxValidationAddress1Field" time="0.962"/>
  <system-out/>
  <testcase classname="org.test.TeamCompanyContractor" name="editmaxValidationAddress2Field" time="1.041"/>
  <system-out/>
  <testcase classname="org.test.TeamCompanyContractor" name="editmaxValidationStateField" time="0.929"/>
  <system-out/>
  <testcase classname="org.test.TeamCompanyContractor" name="editmaxValidationCityField" time="0.738"/>
  <system-out/>
  <testcase classname="org.test.TeamCompanyContractor" name="editmaxValidationZipcodeField" time="0.222"/>
  <system-out/>
  <testcase classname="org.test.TeamCompanyContractor" name="editminValidationZipcodeField" time="0.251"/>
  <system-out/>
  <testcase classname="org.test.TeamCompanyContractor" name="editcharacterValidationZipcodeField" time="0.179"/>
  <system-out/>
  <testcase classname="org.test.TeamCompanyContractor" name="editmaxValidationContactPerson" time="1.365"/>
  <system-out/>
  <testcase classname="org.test.TeamCompanyContractor" name="verifyUpdateButtonExist" time="0.080"/>
  <system-out/>
  <testcase classname="org.test.TeamCompanyContractor" name="UpdateContract" time="9.458"/>
  <system-out/>
  <testcase classname="org.test.TeamCompanyContractor" name="deleteContractorDetails" time="17.578"/>
  <system-out/>
</testsuite> <!-- org.test.TeamCompanyContractor -->
