<?xml version="1.0" encoding="UTF-8"?>
<!-- Generated by org.testng.reporters.JUnitReportReporter -->
<testsuite hostname="DESKTOP-5M7AM2E" failures="0" tests="3" name="org.enhancement.Onboarding" time="40.661" errors="0" timestamp="2023-04-17T20:05:48 IST" skipped="0">
  <testcase classname="org.enhancement.Onboarding" name="createTenant" time="40.356"/>
  <system-out/>
  <testcase classname="org.enhancement.Onboarding" name="subDomineURL" time="0.153"/>
  <system-out/>
  <testcase classname="org.enhancement.Onboarding" name="ownerName" time="0.152"/>
  <system-out/>
</testsuite> <!-- org.enhancement.Onboarding -->
