<?xml version="1.0" encoding="UTF-8"?>
<!-- Generated by org.testng.reporters.JUnitReportReporter -->
<testsuite hostname="DESKTOP-5M7AM2E" failures="0" tests="7" name="org.test.Login" time="67.172" errors="0" timestamp="2023-05-23T13:08:30 IST" skipped="0">
  <testcase classname="org.test.Login" name="verifyEmptyEmail" time="6.895"/>
  <system-out/>
  <testcase classname="org.test.Login" name="verifyEmptyPassword" time="3.813"/>
  <system-out/>
  <testcase classname="org.test.Login" name="verifyIncorrectMail" time="1.631"/>
  <system-out/>
  <testcase classname="org.test.Login" name="verifyIncorrectPassword" time="3.149"/>
  <system-out/>
  <testcase classname="org.test.Login" name="verifyInvalidEmail" time="1.571"/>
  <system-out/>
  <testcase classname="org.test.Login" name="verifyInvalidCredentials" time="2.122"/>
  <system-out/>
  <testcase classname="org.test.Login" name="verify" time="47.991"/>
  <system-out/>
</testsuite> <!-- org.test.Login -->
