<?xml version="1.0" encoding="UTF-8"?>
<!-- Generated by org.testng.reporters.JUnitReportReporter -->
<testsuite hostname="DESKTOP-5M7AM2E" failures="0" tests="47" name="org.test.CustomerContactRequest" time="240.925" errors="0" timestamp="2023-05-03T12:38:55 IST" skipped="0">
  <testcase classname="org.test.CustomerContactRequest" name="loginPage" time="27.564"/>
  <system-out/>
  <testcase classname="org.test.CustomerContactRequest" name="contactModule" time="4.739"/>
  <system-out/>
  <testcase classname="org.test.CustomerContactRequest" name="CreateContact" time="13.157"/>
  <system-out/>
  <testcase classname="org.test.CustomerContactRequest" name="listabelValidation" time="5.890"/>
  <system-out/>
  <testcase classname="org.test.CustomerContactRequest" name="labelValidation" time="1.474"/>
  <system-out/>
  <testcase classname="org.test.CustomerContactRequest" name="namePrepopulation" time="1.724"/>
  <system-out/>
  <testcase classname="org.test.CustomerContactRequest" name="mandatoryValidationLocation" time="0.290"/>
  <system-out/>
  <testcase classname="org.test.CustomerContactRequest" name="maximumValidationLocation" time="6.399"/>
  <system-out/>
  <testcase classname="org.test.CustomerContactRequest" name="maximumValidationTittle" time="0.917"/>
  <system-out/>
  <testcase classname="org.test.CustomerContactRequest" name="mandatoryValidationDescription" time="0.086"/>
  <system-out/>
  <testcase classname="org.test.CustomerContactRequest" name="maximumValidationDescription" time="3.958"/>
  <system-out/>
  <testcase classname="org.test.CustomerContactRequest" name="maximumTagValidation" time="0.662"/>
  <system-out/>
  <testcase classname="org.test.CustomerContactRequest" name="duplicateTagsValidation" time="0.395"/>
  <system-out/>
  <testcase classname="org.test.CustomerContactRequest" name="maxTagLimitValidation" time="15.581"/>
  <system-out/>
  <testcase classname="org.test.CustomerContactRequest" name="maximumValidationNotes" time="5.705"/>
  <system-out/>
  <testcase classname="org.test.CustomerContactRequest" name="createButton" time="0.108"/>
  <system-out/>
  <testcase classname="org.test.CustomerContactRequest" name="unsssignedRequest" time="13.060"/>
  <system-out/>
  <testcase classname="org.test.CustomerContactRequest" name="requestCreatedCount" time="0.176"/>
  <system-out/>
  <testcase classname="org.test.CustomerContactRequest" name="requestUnassignedStatus" time="0.131"/>
  <system-out/>
  <testcase classname="org.test.CustomerContactRequest" name="labelEditValidation" time="5.754"/>
  <system-out/>
  <testcase classname="org.test.CustomerContactRequest" name="editmandatoryValidationLocation" time="0.105"/>
  <system-out/>
  <testcase classname="org.test.CustomerContactRequest" name="editmaximumValidationLocation" time="7.105"/>
  <system-out/>
  <testcase classname="org.test.CustomerContactRequest" name="editmaximumValidationTittle" time="0.833"/>
  <system-out/>
  <testcase classname="org.test.CustomerContactRequest" name="editmandatoryValidationDescription" time="0.082"/>
  <system-out/>
  <testcase classname="org.test.CustomerContactRequest" name="editmaximumValidationDescription" time="4.300"/>
  <system-out/>
  <testcase classname="org.test.CustomerContactRequest" name="editmaximumTagValidation" time="0.674"/>
  <system-out/>
  <testcase classname="org.test.CustomerContactRequest" name="editduplicateTagsValidation" time="0.371"/>
  <system-out/>
  <testcase classname="org.test.CustomerContactRequest" name="editmaxTagLimitValidation" time="15.194"/>
  <system-out/>
  <testcase classname="org.test.CustomerContactRequest" name="editmaximumValidationNotes" time="5.420"/>
  <system-out/>
  <testcase classname="org.test.CustomerContactRequest" name="updateButton" time="0.096"/>
  <system-out/>
  <testcase classname="org.test.CustomerContactRequest" name="updatedRequest" time="12.129"/>
  <system-out/>
  <testcase classname="org.test.CustomerContactRequest" name="createRequest_FromDateandTime_ToDateandTime" time="15.466"/>
  <system-out/>
  <testcase classname="org.test.CustomerContactRequest" name="requestScheduleStatus" time="0.143"/>
  <system-out/>
  <testcase classname="org.test.CustomerContactRequest" name="dispatchedRequest" time="10.759"/>
  <system-out/>
  <testcase classname="org.test.CustomerContactRequest" name="requestDispatchedStatus" time="0.137"/>
  <system-out/>
  <testcase classname="org.test.CustomerContactRequest" name="startedRequest" time="10.762"/>
  <system-out/>
  <testcase classname="org.test.CustomerContactRequest" name="requestStartedStatus" time="0.099"/>
  <system-out/>
  <testcase classname="org.test.CustomerContactRequest" name="completedRequest" time="10.727"/>
  <system-out/>
  <testcase classname="org.test.CustomerContactRequest" name="requestCompleteStatus" time="0.108"/>
  <system-out/>
  <testcase classname="org.test.CustomerContactRequest" name="cancelledRequest" time="10.943"/>
  <system-out/>
  <testcase classname="org.test.CustomerContactRequest" name="requestCancelledStatus" time="0.141"/>
  <system-out/>
  <testcase classname="org.test.CustomerContactRequest" name="requestDraftStatus" time="9.890"/>
  <system-out/>
  <testcase classname="org.test.CustomerContactRequest" name="deletedRequest" time="7.628"/>
  <system-out/>
  <testcase classname="org.test.CustomerContactRequest" name="searchRequestNo" time="2.832"/>
  <system-out/>
  <testcase classname="org.test.CustomerContactRequest" name="searchLocation" time="2.411"/>
  <system-out/>
  <testcase classname="org.test.CustomerContactRequest" name="searchFilterByDate" time="2.759"/>
  <system-out/>
  <testcase classname="org.test.CustomerContactRequest" name="searchInvalid" time="2.041"/>
  <system-out/>
</testsuite> <!-- org.test.CustomerContactRequest -->
