<?xml version="1.0" encoding="UTF-8"?>
<!-- Generated by org.testng.reporters.JUnitReportReporter -->
<testsuite hostname="DESKTOP-5M7AM2E" failures="0" tests="96" name="org.test.CustomerCreateOrganizationModule" time="188.342" errors="0" timestamp="2023-05-02T16:00:27 IST" skipped="0">
  <testcase classname="org.test.CustomerCreateOrganizationModule" name="loginPage" time="28.138"/>
  <system-out/>
  <testcase classname="org.test.CustomerCreateOrganizationModule" name="modulePage" time="4.792"/>
  <system-out/>
  <testcase classname="org.test.CustomerCreateOrganizationModule" name="createLabel" time="0.643"/>
  <system-out/>
  <testcase classname="org.test.CustomerCreateOrganizationModule" name="maxValidation" time="2.768"/>
  <system-out/>
  <testcase classname="org.test.CustomerCreateOrganizationModule" name="maxValidationOrganizationField" time="1.316"/>
  <system-out/>
  <testcase classname="org.test.CustomerCreateOrganizationModule" name="maxValidationWebsiteField" time="5.712"/>
  <system-out/>
  <testcase classname="org.test.CustomerCreateOrganizationModule" name="maxValidationAddress1Field" time="0.861"/>
  <system-out/>
  <testcase classname="org.test.CustomerCreateOrganizationModule" name="maxValidationAddress2Field" time="0.797"/>
  <system-out/>
  <testcase classname="org.test.CustomerCreateOrganizationModule" name="maxValidationCityField" time="0.831"/>
  <system-out/>
  <testcase classname="org.test.CustomerCreateOrganizationModule" name="maxValidationStateField" time="0.682"/>
  <system-out/>
  <testcase classname="org.test.CustomerCreateOrganizationModule" name="minValidationZipcodeField" time="0.281"/>
  <system-out/>
  <testcase classname="org.test.CustomerCreateOrganizationModule" name="maxValidationZipcodeField" time="0.197"/>
  <system-out/>
  <testcase classname="org.test.CustomerCreateOrganizationModule" name="specialCharacterZipcodeField" time="0.179"/>
  <system-out/>
  <testcase classname="org.test.CustomerCreateOrganizationModule" name="emailValidation" time="0.224"/>
  <system-out/>
  <testcase classname="org.test.CustomerCreateOrganizationModule" name="maxValidationEmailField" time="0.649"/>
  <system-out/>
  <testcase classname="org.test.CustomerCreateOrganizationModule" name="invalidPhoneNumberField" time="0.220"/>
  <system-out/>
  <testcase classname="org.test.CustomerCreateOrganizationModule" name="minValidationPhoneNumberField" time="0.160"/>
  <system-out/>
  <testcase classname="org.test.CustomerCreateOrganizationModule" name="maxValidationPhoneNumberField" time="0.493"/>
  <system-out/>
  <testcase classname="org.test.CustomerCreateOrganizationModule" name="maxValidationContactFirstNameField" time="0.705"/>
  <system-out/>
  <testcase classname="org.test.CustomerCreateOrganizationModule" name="maxValidationContactLastNameField" time="0.769"/>
  <system-out/>
  <testcase classname="org.test.CustomerCreateOrganizationModule" name="maxValidationContactEmailField" time="0.683"/>
  <system-out/>
  <testcase classname="org.test.CustomerCreateOrganizationModule" name="validateContactEmailField" time="0.216"/>
  <system-out/>
  <testcase classname="org.test.CustomerCreateOrganizationModule" name="minValidationContactPhoneNumberField" time="0.212"/>
  <system-out/>
  <testcase classname="org.test.CustomerCreateOrganizationModule" name="maxValidationContactPhoneNumberField" time="0.255"/>
  <system-out/>
  <testcase classname="org.test.CustomerCreateOrganizationModule" name="invalidContactPhoneNumberField" time="0.184"/>
  <system-out/>
  <testcase classname="org.test.CustomerCreateOrganizationModule" name="maxValidationJobTittleField" time="0.917"/>
  <system-out/>
  <testcase classname="org.test.CustomerCreateOrganizationModule" name="maxValidationPropertyNameField" time="0.731"/>
  <system-out/>
  <testcase classname="org.test.CustomerCreateOrganizationModule" name="maxValidationPropertyFirstNameField" time="0.740"/>
  <system-out/>
  <testcase classname="org.test.CustomerCreateOrganizationModule" name="maxValidationPropertyLastNameField" time="0.718"/>
  <system-out/>
  <testcase classname="org.test.CustomerCreateOrganizationModule" name="maxValidationPropertyAddress1Field" time="0.748"/>
  <system-out/>
  <testcase classname="org.test.CustomerCreateOrganizationModule" name="maxValidationPropertyAddress2Field" time="0.953"/>
  <system-out/>
  <testcase classname="org.test.CustomerCreateOrganizationModule" name="maxValidationPropertyStateField" time="0.796"/>
  <system-out/>
  <testcase classname="org.test.CustomerCreateOrganizationModule" name="maxValidationPropertyCityField" time="0.876"/>
  <system-out/>
  <testcase classname="org.test.CustomerCreateOrganizationModule" name="specialCharacterPropertyZipcodeField" time="0.241"/>
  <system-out/>
  <testcase classname="org.test.CustomerCreateOrganizationModule" name="minValidationPropertyZipCodeField" time="0.182"/>
  <system-out/>
  <testcase classname="org.test.CustomerCreateOrganizationModule" name="maxValidationPropertyZipCodeField" time="0.528"/>
  <system-out/>
  <testcase classname="org.test.CustomerCreateOrganizationModule" name="maxValidationProductNameField" time="0.796"/>
  <system-out/>
  <testcase classname="org.test.CustomerCreateOrganizationModule" name="maxValidationBrandNameField" time="0.738"/>
  <system-out/>
  <testcase classname="org.test.CustomerCreateOrganizationModule" name="maxValidationModelNumberField" time="0.752"/>
  <system-out/>
  <testcase classname="org.test.CustomerCreateOrganizationModule" name="maxValidationSerialNumberField" time="0.853"/>
  <system-out/>
  <testcase classname="org.test.CustomerCreateOrganizationModule" name="dateValidation" time="8.136"/>
  <system-out/>
  <testcase classname="org.test.CustomerCreateOrganizationModule" name="maxValidationAccessHoursField" time="1.237"/>
  <system-out/>
  <testcase classname="org.test.CustomerCreateOrganizationModule" name="maxValidationInstallationNotesField" time="5.525"/>
  <system-out/>
  <testcase classname="org.test.CustomerCreateOrganizationModule" name="createOrganization" time="19.433"/>
  <system-out/>
  <testcase classname="org.test.CustomerCreateOrganizationModule" name="customerOrganizationCount" time="0.206"/>
  <system-out/>
  <testcase classname="org.test.CustomerCreateOrganizationModule" name="organizationNameAlreadyExistValidation" time="3.109"/>
  <system-out/>
  <testcase classname="org.test.CustomerCreateOrganizationModule" name="alreadyExistedEmail" time="4.851"/>
  <system-out/>
  <testcase classname="org.test.CustomerCreateOrganizationModule" name="characterListValidation" time="1.424"/>
  <system-out/>
  <testcase classname="org.test.CustomerCreateOrganizationModule" name="searchOrganizationNameListValidation" time="1.496"/>
  <system-out/>
  <testcase classname="org.test.CustomerCreateOrganizationModule" name="searchPhoneNumberListValidation" time="2.418"/>
  <system-out/>
  <testcase classname="org.test.CustomerCreateOrganizationModule" name="searchEmailListValidation" time="1.425"/>
  <system-out/>
  <testcase classname="org.test.CustomerCreateOrganizationModule" name="filterListValidation" time="2.204"/>
  <system-out/>
  <testcase classname="org.test.CustomerCreateOrganizationModule" name="searchInvalid" time="1.428"/>
  <system-out/>
  <testcase classname="org.test.CustomerCreateOrganizationModule" name="editLabel" time="4.968"/>
  <system-out/>
  <testcase classname="org.test.CustomerCreateOrganizationModule" name="editmaxValidation" time="0.083"/>
  <system-out/>
  <testcase classname="org.test.CustomerCreateOrganizationModule" name="editmaxValidationOrganizationField" time="1.089"/>
  <system-out/>
  <testcase classname="org.test.CustomerCreateOrganizationModule" name="editmaxValidationWebsiteField" time="5.308"/>
  <system-out/>
  <testcase classname="org.test.CustomerCreateOrganizationModule" name="editmaxValidationAddress1Field" time="0.668"/>
  <system-out/>
  <testcase classname="org.test.CustomerCreateOrganizationModule" name="editmaxValidationAddress2Field" time="0.704"/>
  <system-out/>
  <testcase classname="org.test.CustomerCreateOrganizationModule" name="editmaxValidationCityField" time="0.787"/>
  <system-out/>
  <testcase classname="org.test.CustomerCreateOrganizationModule" name="editmaxValidationStateField" time="0.799"/>
  <system-out/>
  <testcase classname="org.test.CustomerCreateOrganizationModule" name="editminValidationZipcodeField" time="0.241"/>
  <system-out/>
  <testcase classname="org.test.CustomerCreateOrganizationModule" name="editmaxValidationZipcodeField" time="0.217"/>
  <system-out/>
  <testcase classname="org.test.CustomerCreateOrganizationModule" name="editspecialCharacterZipcodeField" time="0.186"/>
  <system-out/>
  <testcase classname="org.test.CustomerCreateOrganizationModule" name="editemailValidation" time="0.255"/>
  <system-out/>
  <testcase classname="org.test.CustomerCreateOrganizationModule" name="editmaxValidationEmailField" time="0.734"/>
  <system-out/>
  <testcase classname="org.test.CustomerCreateOrganizationModule" name="editinvalidPhoneNumberField" time="0.255"/>
  <system-out/>
  <testcase classname="org.test.CustomerCreateOrganizationModule" name="editminValidationPhoneNumberField" time="0.175"/>
  <system-out/>
  <testcase classname="org.test.CustomerCreateOrganizationModule" name="editmaxValidationPhoneNumberField" time="0.857"/>
  <system-out/>
  <testcase classname="org.test.CustomerCreateOrganizationModule" name="editmaxValidationContactFirstNameField" time="0.790"/>
  <system-out/>
  <testcase classname="org.test.CustomerCreateOrganizationModule" name="editmaxValidationContactLastNameField" time="0.835"/>
  <system-out/>
  <testcase classname="org.test.CustomerCreateOrganizationModule" name="editmaxValidationContactEmailField" time="0.736"/>
  <system-out/>
  <testcase classname="org.test.CustomerCreateOrganizationModule" name="editvalidateContactEmailField" time="0.215"/>
  <system-out/>
  <testcase classname="org.test.CustomerCreateOrganizationModule" name="editminValidationContactPhoneNumberField" time="0.231"/>
  <system-out/>
  <testcase classname="org.test.CustomerCreateOrganizationModule" name="editmaxValidationContactPhoneNumberField" time="0.255"/>
  <system-out/>
  <testcase classname="org.test.CustomerCreateOrganizationModule" name="editinvalidContactPhoneNumberField" time="0.200"/>
  <system-out/>
  <testcase classname="org.test.CustomerCreateOrganizationModule" name="editmaxValidationJobTittleField" time="1.722"/>
  <system-out/>
  <testcase classname="org.test.CustomerCreateOrganizationModule" name="editmaxValidationPropertyNameField" time="0.760"/>
  <system-out/>
  <testcase classname="org.test.CustomerCreateOrganizationModule" name="editmaxValidationPropertyFirstNameField" time="0.722"/>
  <system-out/>
  <testcase classname="org.test.CustomerCreateOrganizationModule" name="editmaxValidationPropertyLastNameField" time="0.745"/>
  <system-out/>
  <testcase classname="org.test.CustomerCreateOrganizationModule" name="editmaxValidationPropertyAddress1Field" time="0.711"/>
  <system-out/>
  <testcase classname="org.test.CustomerCreateOrganizationModule" name="editmaxValidationPropertyAddress2Field" time="0.749"/>
  <system-out/>
  <testcase classname="org.test.CustomerCreateOrganizationModule" name="editmaxValidationPropertyStateField" time="0.767"/>
  <system-out/>
  <testcase classname="org.test.CustomerCreateOrganizationModule" name="editmaxValidationPropertyCityField" time="0.698"/>
  <system-out/>
  <testcase classname="org.test.CustomerCreateOrganizationModule" name="editspecialCharacterPropertyZipcodeField" time="0.225"/>
  <system-out/>
  <testcase classname="org.test.CustomerCreateOrganizationModule" name="editminValidationPropertyZipCodeField" time="0.176"/>
  <system-out/>
  <testcase classname="org.test.CustomerCreateOrganizationModule" name="editmaxValidationPropertyZipCodeField" time="1.062"/>
  <system-out/>
  <testcase classname="org.test.CustomerCreateOrganizationModule" name="editmaxValidationProductNameField" time="0.765"/>
  <system-out/>
  <testcase classname="org.test.CustomerCreateOrganizationModule" name="editmaxValidationBrandNameField" time="0.744"/>
  <system-out/>
  <testcase classname="org.test.CustomerCreateOrganizationModule" name="editmaxValidationModelNumberField" time="0.797"/>
  <system-out/>
  <testcase classname="org.test.CustomerCreateOrganizationModule" name="editmaxValidationSerialNumberField" time="0.720"/>
  <system-out/>
  <testcase classname="org.test.CustomerCreateOrganizationModule" name="editdateValidation" time="8.091"/>
  <system-out/>
  <testcase classname="org.test.CustomerCreateOrganizationModule" name="editmaxValidationAccessHoursField" time="1.107"/>
  <system-out/>
  <testcase classname="org.test.CustomerCreateOrganizationModule" name="editmaxValidationInstallationNotesField" time="6.341"/>
  <system-out/>
  <testcase classname="org.test.CustomerCreateOrganizationModule" name="editOrganization" time="16.615"/>
  <system-out/>
  <testcase classname="org.test.CustomerCreateOrganizationModule" name="deleteContactList" time="8.809"/>
  <system-out/>
</testsuite> <!-- org.test.CustomerCreateOrganizationModule -->
