<?xml version="1.0" encoding="UTF-8"?>
<!-- Generated by org.testng.reporters.JUnitReportReporter -->
<testsuite hostname="DESKTOP-5M7AM2E" failures="0" tests="3" name="org.enhancement.Onboarding" time="47.688" errors="0" timestamp="2023-06-04T11:22:12 IST" skipped="0">
  <testcase classname="org.enhancement.Onboarding" name="createTenant" time="46.266"/>
  <system-out/>
  <testcase classname="org.enhancement.Onboarding" name="subDomineURL" time="0.635"/>
  <system-out/>
  <testcase classname="org.enhancement.Onboarding" name="ownerName" time="0.787"/>
  <system-out/>
</testsuite> <!-- org.enhancement.Onboarding -->
