<?xml version="1.0" encoding="UTF-8"?>
<!-- Generated by org.testng.reporters.JUnitReportReporter -->
<<<<<<< HEAD
<testsuite hostname="DESKTOP-5M7AM2E" failures="0" tests="20" name="org.test.ServiceType" time="200.395" errors="0" timestamp="2023-05-12T15:10:56 IST" skipped="0">
  <testcase classname="org.test.ServiceType" name="loginPage" time="64.137"/>
  <system-out/>
  <testcase classname="org.test.ServiceType" name="settingModule" time="3.341"/>
  <system-out/>
  <testcase classname="org.test.ServiceType" name="leadSourceLabel" time="0.180"/>
  <system-out/>
  <testcase classname="org.test.ServiceType" name="createFormLabel" time="2.563"/>
  <system-out/>
  <testcase classname="org.test.ServiceType" name="mandatoryValidation" time="6.176"/>
  <system-out/>
  <testcase classname="org.test.ServiceType" name="maximumValidationServiceType" time="6.047"/>
  <system-out/>
  <testcase classname="org.test.ServiceType" name="verifySaveButtonExist" time="0.376"/>
  <system-out/>
  <testcase classname="org.test.ServiceType" name="serviceTypeCreate" time="9.418"/>
  <system-out/>
  <testcase classname="org.test.ServiceType" name="serviceTypeCreateList" time="0.074"/>
  <system-out/>
  <testcase classname="org.test.ServiceType" name="activeStatus" time="0.123"/>
  <system-out/>
  <testcase classname="org.test.ServiceType" name="alreadyExists" time="2.390"/>
  <system-out/>
  <testcase classname="org.test.ServiceType" name="editFormLabel" time="5.462"/>
  <system-out/>
  <testcase classname="org.test.ServiceType" name="editmandatoryValidation" time="1.278"/>
  <system-out/>
  <testcase classname="org.test.ServiceType" name="editmaximumValidationLeadSource" time="6.354"/>
  <system-out/>
  <testcase classname="org.test.ServiceType" name="verifyUpdateButtonExist" time="0.491"/>
  <system-out/>
  <testcase classname="org.test.ServiceType" name="leadSourceUpdate" time="8.592"/>
  <system-out/>
  <testcase classname="org.test.ServiceType" name="deleteBusinessUnit" time="15.978"/>
  <system-out/>
  <testcase classname="org.test.ServiceType" name="reflectCreateContactPage" time="36.958"/>
  <system-out/>
  <testcase classname="org.test.ServiceType" name="inactiveLeadSource" time="19.896"/>
  <system-out/>
  <testcase classname="org.test.ServiceType" name="deleteLeadSource" time="10.561"/>
=======
<testsuite hostname="DESKTOP-5M7AM2E" failures="0" tests="20" name="org.test.ServiceType" time="165.499" errors="0" timestamp="2023-05-14T13:43:06 IST" skipped="0">
  <testcase classname="org.test.ServiceType" name="loginPage" time="21.254"/>
  <system-out/>
  <testcase classname="org.test.ServiceType" name="settingModule" time="3.427"/>
  <system-out/>
  <testcase classname="org.test.ServiceType" name="leadSourceLabel" time="0.090"/>
  <system-out/>
  <testcase classname="org.test.ServiceType" name="createFormLabel" time="1.901"/>
  <system-out/>
  <testcase classname="org.test.ServiceType" name="mandatoryValidation" time="0.892"/>
  <system-out/>
  <testcase classname="org.test.ServiceType" name="maximumValidationServiceType" time="4.590"/>
  <system-out/>
  <testcase classname="org.test.ServiceType" name="verifySaveButtonExist" time="0.347"/>
  <system-out/>
  <testcase classname="org.test.ServiceType" name="serviceTypeCreate" time="8.157"/>
  <system-out/>
  <testcase classname="org.test.ServiceType" name="serviceTypeCreateList" time="0.043"/>
  <system-out/>
  <testcase classname="org.test.ServiceType" name="alreadyExists" time="1.595"/>
  <system-out/>
  <testcase classname="org.test.ServiceType" name="activeStatus" time="0.042"/>
  <system-out/>
  <testcase classname="org.test.ServiceType" name="editFormLabel" time="3.597"/>
  <system-out/>
  <testcase classname="org.test.ServiceType" name="editmandatoryValidation" time="0.789"/>
  <system-out/>
  <testcase classname="org.test.ServiceType" name="editmaximumValidationLeadSource" time="4.415"/>
  <system-out/>
  <testcase classname="org.test.ServiceType" name="verifyUpdateButtonExist" time="0.421"/>
  <system-out/>
  <testcase classname="org.test.ServiceType" name="leadSourceUpdate" time="8.252"/>
  <system-out/>
  <testcase classname="org.test.ServiceType" name="deleteBusinessUnit" time="16.545"/>
  <system-out/>
  <testcase classname="org.test.ServiceType" name="reflectCreateContactPage" time="41.204"/>
  <system-out/>
  <testcase classname="org.test.ServiceType" name="inactiveLeadSource" time="29.519"/>
  <system-out/>
  <testcase classname="org.test.ServiceType" name="deleteLeadSource" time="18.419"/>
>>>>>>> 8918fb077ada3f9074ba067a7b48b5e725492e12
  <system-out/>
</testsuite> <!-- org.test.ServiceType -->
