<?xml version="1.0" encoding="UTF-8"?>
<!-- Generated by org.testng.reporters.JUnitReportReporter -->
<testsuite hostname="DESKTOP-5M7AM2E" failures="0" tests="20" name="org.test.BusinessUnit" time="135.840" errors="0" timestamp="2023-05-05T14:24:28 IST" skipped="0">
  <testcase classname="org.test.BusinessUnit" name="loginPage" time="26.775"/>
  <system-out/>
  <testcase classname="org.test.BusinessUnit" name="settingModule" time="1.544"/>
  <system-out/>
  <testcase classname="org.test.BusinessUnit" name="businessUnitLabel" time="0.072"/>
  <system-out/>
  <testcase classname="org.test.BusinessUnit" name="createFormLabel" time="1.355"/>
  <system-out/>
  <testcase classname="org.test.BusinessUnit" name="mandatoryValidation" time="1.104"/>
  <system-out/>
  <testcase classname="org.test.BusinessUnit" name="maximumValidationBussinessUnit" time="4.615"/>
  <system-out/>
  <testcase classname="org.test.BusinessUnit" name="verifySaveButtonExist" time="0.368"/>
  <system-out/>
  <testcase classname="org.test.BusinessUnit" name="businessCreate" time="8.323"/>
  <system-out/>
  <testcase classname="org.test.BusinessUnit" name="businessCreateList" time="0.365"/>
  <system-out/>
  <testcase classname="org.test.BusinessUnit" name="activeStatus" time="0.369"/>
  <system-out/>
  <testcase classname="org.test.BusinessUnit" name="alreadyExists" time="3.340"/>
  <system-out/>
  <testcase classname="org.test.BusinessUnit" name="editFormLabel" time="3.869"/>
  <system-out/>
  <testcase classname="org.test.BusinessUnit" name="editmandatoryValidation" time="0.845"/>
  <system-out/>
  <testcase classname="org.test.BusinessUnit" name="editmaximumValidationBussinessUnit" time="4.797"/>
  <system-out/>
  <testcase classname="org.test.BusinessUnit" name="verifyUpdateButtonExist" time="0.309"/>
  <system-out/>
  <testcase classname="org.test.BusinessUnit" name="businessUpdate" time="8.255"/>
  <system-out/>
  <testcase classname="org.test.BusinessUnit" name="deleteBusinessUnit" time="15.281"/>
  <system-out/>
  <testcase classname="org.test.BusinessUnit" name="reflectCreateContactPage" time="22.329"/>
  <system-out/>
  <testcase classname="org.test.BusinessUnit" name="inactiveLeadSource" time="22.917"/>
  <system-out/>
  <testcase classname="org.test.BusinessUnit" name="deleteLeadSource" time="9.008"/>
  <system-out/>
</testsuite> <!-- org.test.BusinessUnit -->
