<?xml version="1.0" encoding="UTF-8"?>
<!-- Generated by org.testng.reporters.JUnitReportReporter -->
<testsuite hostname="DESKTOP-5M7AM2E" failures="0" tests="28" name="org.enhancement.TeamUser" time="444.968" errors="0" timestamp="2023-06-04T11:22:12 IST" skipped="0">
  <testcase classname="org.enhancement.TeamUser" name="verify" time="28.501"/>
  <system-out/>
  <testcase classname="org.enhancement.TeamUser" name="TeamUserPage" time="12.892"/>
  <system-out/>
  <testcase classname="org.enhancement.TeamUser" name="landingOnCreateForm" time="0.862"/>
  <system-out/>
  <testcase classname="org.enhancement.TeamUser" name="userCreate" time="17.029"/>
  <system-out/>
  <testcase classname="org.enhancement.TeamUser" name="userCreate" time="16.020"/>
  <system-out/>
  <testcase classname="org.enhancement.TeamUser" name="userCreate" time="17.123"/>
  <system-out/>
  <testcase classname="org.enhancement.TeamUser" name="userCreate" time="13.890"/>
  <system-out/>
  <testcase classname="org.enhancement.TeamUser" name="userCreate" time="14.287"/>
  <system-out/>
  <testcase classname="org.enhancement.TeamUser" name="userCreate" time="15.757"/>
  <system-out/>
  <testcase classname="org.enhancement.TeamUser" name="userCreate" time="15.271"/>
  <system-out/>
  <testcase classname="org.enhancement.TeamUser" name="userCreate" time="14.859"/>
  <system-out/>
  <testcase classname="org.enhancement.TeamUser" name="userCreate" time="17.855"/>
  <system-out/>
  <testcase classname="org.enhancement.TeamUser" name="userCreate" time="15.629"/>
  <system-out/>
  <testcase classname="org.enhancement.TeamUser" name="userCreate" time="15.690"/>
  <system-out/>
  <testcase classname="org.enhancement.TeamUser" name="userCreate" time="14.549"/>
  <system-out/>
  <testcase classname="org.enhancement.TeamUser" name="userCreate" time="15.473"/>
  <system-out/>
  <testcase classname="org.enhancement.TeamUser" name="userCreate" time="16.581"/>
  <system-out/>
  <testcase classname="org.enhancement.TeamUser" name="userCreate" time="14.380"/>
  <system-out/>
  <testcase classname="org.enhancement.TeamUser" name="userCreate" time="14.845"/>
  <system-out/>
  <testcase classname="org.enhancement.TeamUser" name="userCreate" time="15.367"/>
  <system-out/>
  <testcase classname="org.enhancement.TeamUser" name="userCreate" time="18.865"/>
  <system-out/>
  <testcase classname="org.enhancement.TeamUser" name="userCreate" time="15.477"/>
  <system-out/>
  <testcase classname="org.enhancement.TeamUser" name="userCreate" time="15.234"/>
  <system-out/>
  <testcase classname="org.enhancement.TeamUser" name="userCreate" time="17.894"/>
  <system-out/>
  <testcase classname="org.enhancement.TeamUser" name="userCreate" time="21.879"/>
  <system-out/>
  <testcase classname="org.enhancement.TeamUser" name="userCreate" time="17.500"/>
  <system-out/>
  <testcase classname="org.enhancement.TeamUser" name="userCreate" time="14.319"/>
  <system-out/>
  <testcase classname="org.enhancement.TeamUser" name="userCreate" time="16.940"/>
  <system-out/>
</testsuite> <!-- org.enhancement.TeamUser -->
