<?xml version="1.0" encoding="UTF-8"?>
<!-- Generated by org.testng.reporters.JUnitReportReporter -->
<testsuite hostname="DESKTOP-5M7AM2E" failures="0" tests="7" name="org.test.Login" time="42.812" errors="0" timestamp="2023-05-14T13:43:06 IST" skipped="0">
  <testcase classname="org.test.Login" name="verifyEmptyEmail" time="2.440"/>
  <system-out/>
  <testcase classname="org.test.Login" name="verifyEmptyPassword" time="4.229"/>
  <system-out/>
  <testcase classname="org.test.Login" name="verifyIncorrectMail" time="2.218"/>
  <system-out/>
  <testcase classname="org.test.Login" name="verifyIncorrectPassword" time="3.798"/>
  <system-out/>
  <testcase classname="org.test.Login" name="verifyInvalidEmail" time="2.198"/>
  <system-out/>
  <testcase classname="org.test.Login" name="verifyInvalidCredentials" time="2.861"/>
  <system-out/>
  <testcase classname="org.test.Login" name="verify" time="25.068"/>
  <system-out/>
</testsuite> <!-- org.test.Login -->
