<?xml version="1.0" encoding="UTF-8"?>
<!-- Generated by org.testng.reporters.JUnitReportReporter -->
<<<<<<< HEAD
<testsuite hostname="DESKTOP-5M7AM2E" failures="0" tests="53" name="org.test.ProductModule" time="165.261" errors="0" timestamp="2023-04-23T22:29:52 IST" skipped="4">
  <testcase classname="org.test.ProductModule" name="loginPage" time="32.949"/>
  <system-out/>
  <testcase classname="org.test.ProductModule" name="settingModule" time="1.473"/>
  <system-out/>
  <testcase classname="org.test.ProductModule" name="createFormLabel" time="1.988"/>
  <system-out/>
  <testcase classname="org.test.ProductModule" name="mandatoryValidationProductName" time="0.249"/>
=======
<testsuite hostname="DESKTOP-5M7AM2E" failures="0" tests="53" name="org.test.ProductModule" time="170.297" errors="0" timestamp="2023-04-28T13:35:00 IST" skipped="4">
  <testcase classname="org.test.ProductModule" name="loginPage" time="35.437"/>
  <system-out/>
  <testcase classname="org.test.ProductModule" name="settingModule" time="4.308"/>
  <system-out/>
  <testcase classname="org.test.ProductModule" name="createFormLabel" time="3.274"/>
  <system-out/>
  <testcase classname="org.test.ProductModule" name="mandatoryValidationProductName" time="0.380"/>
>>>>>>> 0854a1eab27eed2f52fc7f8faa0085f4f5986c02
  <system-out/>
  <testcase classname="org.test.ProductModule" name="mandatoryValidationDescription" time="0.133"/>
  <system-out/>
<<<<<<< HEAD
  <testcase classname="org.test.ProductModule" name="mandatoryValidationPrice" time="0.067"/>
  <system-out/>
  <testcase classname="org.test.ProductModule" name="mandatoryValidationTaxName" time="0.721"/>
  <system-out/>
  <testcase classname="org.test.ProductModule" name="mandatoryValidationTaxPercentage" time="0.073"/>
  <system-out/>
  <testcase classname="org.test.ProductModule" name="maximumValidationProductName" time="3.732"/>
  <system-out/>
  <testcase classname="org.test.ProductModule" name="maximumValidationSKU" time="0.590"/>
  <system-out/>
  <testcase classname="org.test.ProductModule" name="maximumValidationDescription" time="3.305"/>
  <system-out/>
  <testcase classname="org.test.ProductModule" name="maximumValidationPrice" time="0.199"/>
  <system-out/>
  <testcase classname="org.test.ProductModule" name="beforeDecimalPointPriceField" time="0.183"/>
  <system-out/>
  <testcase classname="org.test.ProductModule" name="afterDecimalPointPriceField" time="0.164"/>
  <system-out/>
  <testcase classname="org.test.ProductModule" name="maximumValidationTax" time="0.919"/>
  <system-out/>
  <testcase classname="org.test.ProductModule" name="beforeDecimalPointTaxPercentageField" time="0.341"/>
  <system-out/>
  <testcase classname="org.test.ProductModule" name="afterDecimalPointTaxPercentageField" time="0.323"/>
  <system-out/>
  <testcase classname="org.test.ProductModule" name="maximumValidationQuantityHand" time="0.220"/>
  <system-out/>
  <testcase classname="org.test.ProductModule" name="beforeDecimalPointQuantityHandField" time="0.202"/>
  <system-out/>
  <testcase classname="org.test.ProductModule" name="afterDecimalPointQuantityHandField" time="0.173"/>
=======
  <testcase classname="org.test.ProductModule" name="mandatoryValidationPrice" time="0.110"/>
  <system-out/>
  <testcase classname="org.test.ProductModule" name="mandatoryValidationTaxName" time="1.014"/>
  <system-out/>
  <testcase classname="org.test.ProductModule" name="mandatoryValidationTaxPercentage" time="0.110"/>
  <system-out/>
  <testcase classname="org.test.ProductModule" name="maximumValidationProductName" time="5.208"/>
  <system-out/>
  <testcase classname="org.test.ProductModule" name="maximumValidationSKU" time="0.893"/>
  <system-out/>
  <testcase classname="org.test.ProductModule" name="maximumValidationDescription" time="4.019"/>
  <system-out/>
  <testcase classname="org.test.ProductModule" name="maximumValidationPrice" time="0.194"/>
  <system-out/>
  <testcase classname="org.test.ProductModule" name="beforeDecimalPointPriceField" time="0.184"/>
  <system-out/>
  <testcase classname="org.test.ProductModule" name="afterDecimalPointPriceField" time="0.309"/>
  <system-out/>
  <testcase classname="org.test.ProductModule" name="maximumValidationTax" time="1.221"/>
  <system-out/>
  <testcase classname="org.test.ProductModule" name="beforeDecimalPointTaxPercentageField" time="0.371"/>
  <system-out/>
  <testcase classname="org.test.ProductModule" name="afterDecimalPointTaxPercentageField" time="0.448"/>
  <system-out/>
  <testcase classname="org.test.ProductModule" name="maximumValidationQuantityHand" time="0.360"/>
  <system-out/>
  <testcase classname="org.test.ProductModule" name="beforeDecimalPointQuantityHandField" time="0.303"/>
  <system-out/>
  <testcase classname="org.test.ProductModule" name="afterDecimalPointQuantityHandField" time="0.321"/>
>>>>>>> 0854a1eab27eed2f52fc7f8faa0085f4f5986c02
  <system-out/>
  <testcase classname="org.test.ProductModule" name="maximumValidationLowStockThresold" time="0.296"/>
  <system-out/>
<<<<<<< HEAD
  <testcase classname="org.test.ProductModule" name="beforeDecimalPointLowStockThresoldField" time="0.203"/>
  <system-out/>
  <testcase classname="org.test.ProductModule" name="afterDecimalPointLowStockThresoldField" time="0.178"/>
  <system-out/>
  <testcase classname="org.test.ProductModule" name="createButton" time="0.333"/>
  <system-out/>
  <testcase classname="org.test.ProductModule" name="createProduct" time="8.741"/>
  <system-out/>
  <testcase classname="org.test.ProductModule" name="editFormLabel" time="4.050"/>
  <system-out/>
  <testcase classname="org.test.ProductModule" name="editmandatoryValidationProductName" time="0.223"/>
=======
  <testcase classname="org.test.ProductModule" name="beforeDecimalPointLowStockThresoldField" time="0.297"/>
  <system-out/>
  <testcase classname="org.test.ProductModule" name="afterDecimalPointLowStockThresoldField" time="0.231"/>
  <system-out/>
  <testcase classname="org.test.ProductModule" name="createButton" time="0.401"/>
  <system-out/>
  <testcase classname="org.test.ProductModule" name="createProduct" time="9.008"/>
  <system-out/>
  <testcase classname="org.test.ProductModule" name="editFormLabel" time="5.049"/>
  <system-out/>
  <testcase classname="org.test.ProductModule" name="editmandatoryValidationProductName" time="0.258"/>
>>>>>>> 0854a1eab27eed2f52fc7f8faa0085f4f5986c02
  <system-out/>
  <testcase classname="org.test.ProductModule" name="editmandatoryValidationDescription" time="0.090"/>
  <system-out/>
<<<<<<< HEAD
  <testcase classname="org.test.ProductModule" name="editmandatoryValidationPrice" time="0.061"/>
  <system-out/>
  <testcase classname="org.test.ProductModule" name="editmandatoryValidationTaxName" time="0.012">
=======
  <testcase classname="org.test.ProductModule" name="editmandatoryValidationPrice" time="0.102"/>
  <system-out/>
  <testcase classname="org.test.ProductModule" name="editmandatoryValidationTaxName" time="0.019">
>>>>>>> 0854a1eab27eed2f52fc7f8faa0085f4f5986c02
    <skipped/>
  </testcase> <!-- editmandatoryValidationTaxName -->
  <system-out/>
  <testcase classname="org.test.ProductModule" name="editmandatoryValidationTaxPercentage" time="0.019">
    <skipped/>
  </testcase> <!-- editmandatoryValidationTaxPercentage -->
  <system-out/>
<<<<<<< HEAD
  <testcase classname="org.test.ProductModule" name="editmaximumValidationProductName" time="3.820"/>
  <system-out/>
  <testcase classname="org.test.ProductModule" name="editmaximumValidationSKU" time="0.604"/>
  <system-out/>
  <testcase classname="org.test.ProductModule" name="editmaximumValidationDescription" time="3.369"/>
  <system-out/>
  <testcase classname="org.test.ProductModule" name="editmaximumValidationPrice" time="0.222"/>
  <system-out/>
  <testcase classname="org.test.ProductModule" name="editbeforeDecimalPointPriceField" time="0.189"/>
  <system-out/>
  <testcase classname="org.test.ProductModule" name="editafterDecimalPointPriceField" time="0.176"/>
=======
  <testcase classname="org.test.ProductModule" name="editmaximumValidationProductName" time="5.072"/>
  <system-out/>
  <testcase classname="org.test.ProductModule" name="editmaximumValidationSKU" time="0.902"/>
  <system-out/>
  <testcase classname="org.test.ProductModule" name="editmaximumValidationDescription" time="4.300"/>
  <system-out/>
  <testcase classname="org.test.ProductModule" name="editmaximumValidationPrice" time="0.196"/>
  <system-out/>
  <testcase classname="org.test.ProductModule" name="editbeforeDecimalPointPriceField" time="0.177"/>
  <system-out/>
  <testcase classname="org.test.ProductModule" name="editafterDecimalPointPriceField" time="0.196"/>
>>>>>>> 0854a1eab27eed2f52fc7f8faa0085f4f5986c02
  <system-out/>
  <testcase classname="org.test.ProductModule" name="editbeforeDecimalPointTaxPercentageField" time="0.020">
    <skipped/>
  </testcase> <!-- editbeforeDecimalPointTaxPercentageField -->
  <system-out/>
<<<<<<< HEAD
  <testcase classname="org.test.ProductModule" name="editafterDecimalPointTaxPercentageField" time="0.017">
    <skipped/>
  </testcase> <!-- editafterDecimalPointTaxPercentageField -->
  <system-out/>
  <testcase classname="org.test.ProductModule" name="editmaximumValidationQuantityHand" time="0.220"/>
  <system-out/>
  <testcase classname="org.test.ProductModule" name="editbeforeDecimalPointQuantityHandField" time="0.201"/>
=======
  <testcase classname="org.test.ProductModule" name="editafterDecimalPointTaxPercentageField" time="0.014">
    <skipped/>
  </testcase> <!-- editafterDecimalPointTaxPercentageField -->
  <system-out/>
  <testcase classname="org.test.ProductModule" name="editmaximumValidationQuantityHand" time="0.239"/>
  <system-out/>
  <testcase classname="org.test.ProductModule" name="editbeforeDecimalPointQuantityHandField" time="0.232"/>
>>>>>>> 0854a1eab27eed2f52fc7f8faa0085f4f5986c02
  <system-out/>
  <testcase classname="org.test.ProductModule" name="editafterDecimalPointQuantityHandField" time="0.183"/>
  <system-out/>
  <testcase classname="org.test.ProductModule" name="editmaximumValidationLowStockThresold" time="0.215"/>
  <system-out/>
<<<<<<< HEAD
  <testcase classname="org.test.ProductModule" name="editbeforeDecimalPointLowStockThresoldField" time="0.207"/>
  <system-out/>
  <testcase classname="org.test.ProductModule" name="editafterDecimalPointLowStockThresoldField" time="0.175"/>
  <system-out/>
  <testcase classname="org.test.ProductModule" name="updateButton" time="0.292"/>
  <system-out/>
  <testcase classname="org.test.ProductModule" name="updateProduct" time="8.113"/>
  <system-out/>
  <testcase classname="org.test.ProductModule" name="searchProductName" time="2.314"/>
  <system-out/>
  <testcase classname="org.test.ProductModule" name="searchInvalid" time="1.335"/>
  <system-out/>
  <testcase classname="org.test.ProductModule" name="deletedProduct" time="16.666"/>
  <system-out/>
  <testcase classname="org.test.ProductModule" name="reflectQuotePage" time="38.381"/>
  <system-out/>
  <testcase classname="org.test.ProductModule" name="inactiveProduct" time="17.978"/>
  <system-out/>
  <testcase classname="org.test.ProductModule" name="deleteProduct" time="8.508"/>
=======
  <testcase classname="org.test.ProductModule" name="editbeforeDecimalPointLowStockThresoldField" time="0.234"/>
  <system-out/>
  <testcase classname="org.test.ProductModule" name="editafterDecimalPointLowStockThresoldField" time="0.295"/>
  <system-out/>
  <testcase classname="org.test.ProductModule" name="updateButton" time="0.286"/>
  <system-out/>
  <testcase classname="org.test.ProductModule" name="updateProduct" time="9.707"/>
  <system-out/>
  <testcase classname="org.test.ProductModule" name="searchProductName" time="1.481"/>
  <system-out/>
  <testcase classname="org.test.ProductModule" name="searchInvalid" time="1.497"/>
  <system-out/>
  <testcase classname="org.test.ProductModule" name="deletedProduct" time="18.093"/>
  <system-out/>
  <testcase classname="org.test.ProductModule" name="reflectQuotePage" time="25.196"/>
  <system-out/>
  <testcase classname="org.test.ProductModule" name="inactiveProduct" time="18.353"/>
  <system-out/>
  <testcase classname="org.test.ProductModule" name="deleteProduct" time="9.045"/>
>>>>>>> 0854a1eab27eed2f52fc7f8faa0085f4f5986c02
  <system-out/>
</testsuite> <!-- org.test.ProductModule -->
