<?xml version="1.0" encoding="UTF-8"?>
<!-- Generated by org.testng.reporters.JUnitReportReporter -->
<testsuite hostname="DESKTOP-5M7AM2E" failures="0" tests="7" name="org.test.Login" time="79.684" errors="0" timestamp="2023-01-12T21:42:41 IST" skipped="0">
  <testcase classname="org.test.Login" name="verifyEmptyEmail" time="8.497"/>
  <system-out/>
  <testcase classname="org.test.Login" name="verifyEmptyPassword" time="9.250"/>
  <system-out/>
  <testcase classname="org.test.Login" name="verifyIncorrectMail" time="3.689"/>
  <system-out/>
  <testcase classname="org.test.Login" name="verifyIncorrectPassword" time="4.246"/>
  <system-out/>
  <testcase classname="org.test.Login" name="verifyInvalidEmail" time="2.494"/>
  <system-out/>
  <testcase classname="org.test.Login" name="verifyInvalidCredentials" time="2.424"/>
  <system-out/>
  <testcase classname="org.test.Login" name="verify" time="49.084"/>
  <system-out/>
</testsuite> <!-- org.test.Login -->
