<?xml version="1.0" encoding="UTF-8"?>
<!-- Generated by org.testng.reporters.JUnitReportReporter -->
<testsuite hostname="DESKTOP-5M7AM2E" failures="0" tests="20" name="org.test.TaxModule" time="108.281" errors="0" timestamp="2023-04-23T22:29:52 IST" skipped="0">
  <testcase classname="org.test.TaxModule" name="loginPage" time="33.078"/>
  <system-out/>
  <testcase classname="org.test.TaxModule" name="settingModule" time="1.427"/>
  <system-out/>
  <testcase classname="org.test.TaxModule" name="createFormLabel" time="0.773"/>
  <system-out/>
  <testcase classname="org.test.TaxModule" name="mandatoryValidationTaxName" time="0.229"/>
  <system-out/>
  <testcase classname="org.test.TaxModule" name="mandatoryValidationDescription" time="0.059"/>
  <system-out/>
  <testcase classname="org.test.TaxModule" name="maximumValidationProductName" time="7.404"/>
  <system-out/>
  <testcase classname="org.test.TaxModule" name="maximumValidationTaxPercentage" time="7.323"/>
  <system-out/>
  <testcase classname="org.test.TaxModule" name="createButton" time="0.059"/>
  <system-out/>
  <testcase classname="org.test.TaxModule" name="createTax" time="7.232"/>
  <system-out/>
  <testcase classname="org.test.TaxModule" name="createdTaxList" time="0.053"/>
  <system-out/>
  <testcase classname="org.test.TaxModule" name="editFormLabel" time="1.942"/>
  <system-out/>
  <testcase classname="org.test.TaxModule" name="editmandatoryValidationTaxName" time="0.225"/>
  <system-out/>
  <testcase classname="org.test.TaxModule" name="editmandatoryValidationDescription" time="0.051"/>
  <system-out/>
  <testcase classname="org.test.TaxModule" name="editmaximumValidationProductName" time="7.357"/>
  <system-out/>
  <testcase classname="org.test.TaxModule" name="editmaximumValidationTaxPercentage" time="7.842"/>
  <system-out/>
  <testcase classname="org.test.TaxModule" name="updateButton" time="0.059"/>
  <system-out/>
  <testcase classname="org.test.TaxModule" name="updatedTax" time="6.707"/>
  <system-out/>
  <testcase classname="org.test.TaxModule" name="updatedTaxList" time="7.601"/>
  <system-out/>
  <testcase classname="org.test.TaxModule" name="createdTaxRefectProductService" time="14.710"/>
  <system-out/>
  <testcase classname="org.test.TaxModule" name="editTaxRefectProductService" time="4.150"/>
  <system-out/>
</testsuite> <!-- org.test.TaxModule -->
