<?xml version="1.0" encoding="UTF-8"?>
<!-- Generated by org.testng.reporters.JUnitReportReporter -->
<testsuite hostname="DESKTOP-5M7AM2E" failures="0" tests="3" name="org.enhancement.TeamCompanyContractor" time="42.349" errors="0" timestamp="2023-04-23T20:36:39 IST" skipped="0">
  <testcase classname="org.enhancement.TeamCompanyContractor" name="verify" time="26.934"/>
  <system-out/>
  <testcase classname="org.enhancement.TeamCompanyContractor" name="createLabel" time="5.473"/>
  <system-out/>
  <testcase classname="org.enhancement.TeamCompanyContractor" name="createContract" time="9.942"/>
  <system-out/>
</testsuite> <!-- org.enhancement.TeamCompanyContractor -->
