<?xml version="1.0" encoding="UTF-8"?>
<!-- Generated by org.testng.reporters.JUnitReportReporter -->
<testsuite hostname="DESKTOP-5M7AM2E" failures="0" tests="4" name="org.enhancement.TeamUserContractor" time="197.109" errors="0" timestamp="2023-05-25T11:49:57 IST" skipped="0">
  <testcase classname="org.enhancement.TeamUserContractor" name="verify" time="26.910"/>
  <system-out/>
  <testcase classname="org.enhancement.TeamUserContractor" name="TeamUserPage" time="11.737"/>
  <system-out/>
  <testcase classname="org.enhancement.TeamUserContractor" name="landingOnCreateForm" time="1.156"/>
  <system-out/>
  <testcase classname="org.enhancement.TeamUserContractor" name="userCreate" time="157.306"/>
  <system-out/>
</testsuite> <!-- org.enhancement.TeamUserContractor -->
