<?xml version="1.0" encoding="UTF-8"?>
<!-- Generated by org.testng.reporters.JUnitReportReporter -->
<testsuite hostname="DESKTOP-5M7AM2E" failures="0" tests="4" name="org.enhancement.GlobalContactQuote" time="134.950" errors="0" timestamp="2023-05-25T11:49:57 IST" skipped="0">
  <testcase classname="org.enhancement.GlobalContactQuote" name="loginPage" time="24.019"/>
  <system-out/>
  <testcase classname="org.enhancement.GlobalContactQuote" name="quoteModule" time="4.232"/>
  <system-out/>
  <testcase classname="org.enhancement.GlobalContactQuote" name="labelValidation" time="1.498"/>
  <system-out/>
  <testcase classname="org.enhancement.GlobalContactQuote" name="createQuote" time="105.201"/>
  <system-out/>
</testsuite> <!-- org.enhancement.GlobalContactQuote -->
