<?xml version="1.0" encoding="UTF-8"?>
<!-- Generated by org.testng.reporters.JUnitReportReporter -->
<testsuite hostname="DESKTOP-5M7AM2E" failures="0" tests="18" name="org.test.PrefixSettings" time="259.241" errors="0" timestamp="2023-05-27T11:40:45 IST" skipped="0">
  <testcase classname="org.test.PrefixSettings" name="loginPage" time="38.421"/>
  <system-out/>
  <testcase classname="org.test.PrefixSettings" name="gotoprefixsettings" time="19.966"/>
  <system-out/>
  <testcase classname="org.test.PrefixSettings" name="errorMessageforEmptyJobPrefix" time="26.544"/>
  <system-out/>
  <testcase classname="org.test.PrefixSettings" name="errorMessageforMaxValidation" time="8.813"/>
  <system-out/>
  <testcase classname="org.test.PrefixSettings" name="errorMessageforPrefixRequired" time="7.144"/>
  <system-out/>
  <testcase classname="org.test.PrefixSettings" name="errorMessageforRequestPrefixMandatory" time="7.852"/>
  <system-out/>
  <testcase classname="org.test.PrefixSettings" name="errorMessageforRequestPrefixMaxCharacters" time="8.220"/>
  <system-out/>
  <testcase classname="org.test.PrefixSettings" name="errorMessageforRequestPrefixNumberMandatory" time="8.391"/>
  <system-out/>
  <testcase classname="org.test.PrefixSettings" name="errorMessageforRequestPrefixNumberMax" time="7.540"/>
  <system-out/>
  <testcase classname="org.test.PrefixSettings" name="errorMessageforQuotePrefixMandatory" time="7.806"/>
  <system-out/>
  <testcase classname="org.test.PrefixSettings" name="errorMessageforQuotePrefixMax" time="7.553"/>
  <system-out/>
  <testcase classname="org.test.PrefixSettings" name="errorMessageforQuoteNumMandatory" time="17.809"/>
  <system-out/>
  <testcase classname="org.test.PrefixSettings" name="errorMessageforQuoteNumMax" time="17.891"/>
  <system-out/>
  <testcase classname="org.test.PrefixSettings" name="errorMessageforInvoicePrefixMandatory" time="7.347"/>
  <system-out/>
  <testcase classname="org.test.PrefixSettings" name="errorMessageforInvoiceNameMax" time="18.012"/>
  <system-out/>
  <testcase classname="org.test.PrefixSettings" name="errorMessageforInvoiceNumMandatory" time="7.267"/>
  <system-out/>
  <testcase classname="org.test.PrefixSettings" name="errorMessageforInvoiceNumMax" time="17.950"/>
  <system-out/>
  <testcase classname="org.test.PrefixSettings" name="verifySuccessMessage" time="24.715"/>
  <system-out/>
</testsuite> <!-- org.test.PrefixSettings -->
