<?xml version="1.0" encoding="UTF-8"?>
<!-- Generated by org.testng.reporters.JUnitReportReporter -->
<testsuite hostname="DESKTOP-5M7AM2E" failures="0" tests="22" name="org.test.TeamCompaniesDetailScreen" time="71.007" errors="0" timestamp="2023-05-02T16:00:27 IST" skipped="0">
  <testcase classname="org.test.TeamCompaniesDetailScreen" name="verify" time="32.220"/>
  <system-out/>
  <testcase classname="org.test.TeamCompaniesDetailScreen" name="teamModule" time="1.803"/>
  <system-out/>
  <testcase classname="org.test.TeamCompaniesDetailScreen" name="editLabel" time="2.984"/>
  <system-out/>
  <testcase classname="org.test.TeamCompaniesDetailScreen" name="maxValidationCompanyWebsiteField" time="5.070"/>
  <system-out/>
  <testcase classname="org.test.TeamCompaniesDetailScreen" name="maxValidationFirstNameField" time="0.827"/>
  <system-out/>
  <testcase classname="org.test.TeamCompaniesDetailScreen" name="maxValidationLastNameField" time="1.264"/>
  <system-out/>
  <testcase classname="org.test.TeamCompaniesDetailScreen" name="maxValidationCompanyLocationNameField" time="0.888"/>
  <system-out/>
  <testcase classname="org.test.TeamCompaniesDetailScreen" name="validateCompanyEmailField" time="0.264"/>
  <system-out/>
  <testcase classname="org.test.TeamCompaniesDetailScreen" name="maxValidationCompanyEmailField" time="0.642"/>
  <system-out/>
  <testcase classname="org.test.TeamCompaniesDetailScreen" name="minValidationCompanyPhoneNumberField" time="0.217"/>
  <system-out/>
  <testcase classname="org.test.TeamCompaniesDetailScreen" name="maxValidationCompanyPhoneNumberField" time="0.220"/>
  <system-out/>
  <testcase classname="org.test.TeamCompaniesDetailScreen" name="maxValidationCompanyAddress1Field" time="0.722"/>
  <system-out/>
  <testcase classname="org.test.TeamCompaniesDetailScreen" name="maxValidationCompanyAddress2Field" time="0.690"/>
  <system-out/>
  <testcase classname="org.test.TeamCompaniesDetailScreen" name="maxValidationCompanyStateField" time="0.681"/>
  <system-out/>
  <testcase classname="org.test.TeamCompaniesDetailScreen" name="maxValidationCompanyCityField" time="0.647"/>
  <system-out/>
  <testcase classname="org.test.TeamCompaniesDetailScreen" name="maxValidationCompanyZipcodeField" time="0.231"/>
  <system-out/>
  <testcase classname="org.test.TeamCompaniesDetailScreen" name="minValidationCompanyZipcodeField" time="0.162"/>
  <system-out/>
  <testcase classname="org.test.TeamCompaniesDetailScreen" name="characterValidationCompanyZipcodeField" time="0.155"/>
  <system-out/>
  <testcase classname="org.test.TeamCompaniesDetailScreen" name="maxValidationCompanyContactPerson" time="2.233"/>
  <system-out/>
  <testcase classname="org.test.TeamCompaniesDetailScreen" name="maximumValidationDescription" time="4.078"/>
  <system-out/>
  <testcase classname="org.test.TeamCompaniesDetailScreen" name="responseMessage" time="7.671"/>
  <system-out/>
  <testcase classname="org.test.TeamCompaniesDetailScreen" name="deleteLocation" time="7.338"/>
  <system-out/>
</testsuite> <!-- org.test.TeamCompaniesDetailScreen -->
