<?xml version="1.0" encoding="UTF-8"?>
<!-- Generated by org.testng.reporters.JUnitReportReporter -->
<testsuite hostname="DESKTOP-5M7AM2E" failures="0" tests="70" name="org.test.GlobalOrganizationQuote" time="199.586" errors="0" timestamp="2023-04-04T00:12:38 IST" skipped="0">
  <testcase classname="org.test.GlobalOrganizationQuote" name="loginPage" time="23.066"/>
  <system-out/>
  <testcase classname="org.test.GlobalOrganizationQuote" name="quoteModule" time="2.724"/>
  <system-out/>
  <testcase classname="org.test.GlobalOrganizationQuote" name="organizationMandatoryValidation" time="1.774"/>
  <system-out/>
  <testcase classname="org.test.GlobalOrganizationQuote" name="labelValidation" time="1.318"/>
  <system-out/>
  <testcase classname="org.test.GlobalOrganizationQuote" name="mandatoryValidationExpiryDate" time="0.044"/>
  <system-out/>
  <testcase classname="org.test.GlobalOrganizationQuote" name="mandatoryValidationInventoryItem" time="0.046"/>
  <system-out/>
  <testcase classname="org.test.GlobalOrganizationQuote" name="mandatoryValidationQunatity" time="0.047"/>
  <system-out/>
  <testcase classname="org.test.GlobalOrganizationQuote" name="mandatoryValidationPrice" time="0.047"/>
  <system-out/>
  <testcase classname="org.test.GlobalOrganizationQuote" name="mandatoryValidationDescription" time="0.047"/>
  <system-out/>
  <testcase classname="org.test.GlobalOrganizationQuote" name="autoCompleteOrganizationCreation" time="12.684"/>
  <system-out/>
  <testcase classname="org.test.GlobalOrganizationQuote" name="autoCompleteOrganizationContactCreation" time="10.422"/>
  <system-out/>
  <testcase classname="org.test.GlobalOrganizationQuote" name="maximumValidationReference" time="0.596"/>
  <system-out/>
  <testcase classname="org.test.GlobalOrganizationQuote" name="maximumValidationQuoteTittle" time="0.666"/>
  <system-out/>
  <testcase classname="org.test.GlobalOrganizationQuote" name="maximumValidationInventoryItem" time="0.853"/>
  <system-out/>
  <testcase classname="org.test.GlobalOrganizationQuote" name="emptyValidationQuantityField" time="0.171"/>
  <system-out/>
  <testcase classname="org.test.GlobalOrganizationQuote" name="maxQuanitityLimit" time="0.242"/>
  <system-out/>
  <testcase classname="org.test.GlobalOrganizationQuote" name="afterDecimalPointValidationQuantityField" time="0.143"/>
  <system-out/>
  <testcase classname="org.test.GlobalOrganizationQuote" name="beforeDecimalPointValidationQuantityField" time="0.237"/>
  <system-out/>
  <testcase classname="org.test.GlobalOrganizationQuote" name="emptyValidationPriceField" time="0.189"/>
  <system-out/>
  <testcase classname="org.test.GlobalOrganizationQuote" name="maxPriceLimit" time="0.150"/>
  <system-out/>
  <testcase classname="org.test.GlobalOrganizationQuote" name="beforeDecimalPointPriceField" time="0.188"/>
  <system-out/>
  <testcase classname="org.test.GlobalOrganizationQuote" name="afterDecimalPointPriceField" time="0.209"/>
  <system-out/>
  <testcase classname="org.test.GlobalOrganizationQuote" name="afterDecimalPointDiscountField" time="0.190"/>
  <system-out/>
  <testcase classname="org.test.GlobalOrganizationQuote" name="beforeDecimalPointDiscountField" time="0.147"/>
  <system-out/>
  <testcase classname="org.test.GlobalOrganizationQuote" name="maxLimitDiscountField" time="0.137"/>
  <system-out/>
  <testcase classname="org.test.GlobalOrganizationQuote" name="afterDecimalPointTaxField" time="0.197"/>
  <system-out/>
  <testcase classname="org.test.GlobalOrganizationQuote" name="beforeDecimalPointTaxField" time="0.149"/>
  <system-out/>
  <testcase classname="org.test.GlobalOrganizationQuote" name="maxLimitTaxField" time="0.181"/>
  <system-out/>
  <testcase classname="org.test.GlobalOrganizationQuote" name="maximumValidationDescription" time="1.779"/>
  <system-out/>
  <testcase classname="org.test.GlobalOrganizationQuote" name="maximumValidationNotes" time="4.063"/>
  <system-out/>
  <testcase classname="org.test.GlobalOrganizationQuote" name="expiryFieldPastDateValidation" time="8.361"/>
  <system-out/>
  <testcase classname="org.test.GlobalOrganizationQuote" name="validateCalculation" time="0.578"/>
  <system-out/>
  <testcase classname="org.test.GlobalOrganizationQuote" name="quoteCount" time="0.100"/>
  <system-out/>
  <testcase classname="org.test.GlobalOrganizationQuote" name="createQuote" time="11.468"/>
  <system-out/>
  <testcase classname="org.test.GlobalOrganizationQuote" name="quoteEdit" time="8.462"/>
  <system-out/>
  <testcase classname="org.test.GlobalOrganizationQuote" name="editmandatoryValidationExpiryDate" time="0.049"/>
  <system-out/>
  <testcase classname="org.test.GlobalOrganizationQuote" name="editmandatoryValidationQunatity" time="0.050"/>
  <system-out/>
  <testcase classname="org.test.GlobalOrganizationQuote" name="editmandatoryValidationPrice" time="0.048"/>
  <system-out/>
  <testcase classname="org.test.GlobalOrganizationQuote" name="editmandatoryValidationDescription" time="0.094"/>
  <system-out/>
  <testcase classname="org.test.GlobalOrganizationQuote" name="editmaximumValidationReference" time="0.530"/>
  <system-out/>
  <testcase classname="org.test.GlobalOrganizationQuote" name="editmaximumValidationQuoteTittle" time="0.650"/>
  <system-out/>
  <testcase classname="org.test.GlobalOrganizationQuote" name="editmaximumValidationInventoryItem" time="0.891"/>
  <system-out/>
  <testcase classname="org.test.GlobalOrganizationQuote" name="editemptyValidationQuantityField" time="0.160"/>
  <system-out/>
  <testcase classname="org.test.GlobalOrganizationQuote" name="editmaxQuanitityLimit" time="0.209"/>
  <system-out/>
  <testcase classname="org.test.GlobalOrganizationQuote" name="editafterDecimalPointValidationQuantityField" time="0.166"/>
  <system-out/>
  <testcase classname="org.test.GlobalOrganizationQuote" name="editbeforeDecimalPointValidationQuantityField" time="0.263"/>
  <system-out/>
  <testcase classname="org.test.GlobalOrganizationQuote" name="editemptyValidationPriceField" time="0.164"/>
  <system-out/>
  <testcase classname="org.test.GlobalOrganizationQuote" name="editmaxPriceLimit" time="0.167"/>
  <system-out/>
  <testcase classname="org.test.GlobalOrganizationQuote" name="editbeforeDecimalPointPriceField" time="0.205"/>
  <system-out/>
  <testcase classname="org.test.GlobalOrganizationQuote" name="editafterDecimalPointPriceField" time="0.197"/>
  <system-out/>
  <testcase classname="org.test.GlobalOrganizationQuote" name="editafterDecimalPointDiscountField" time="0.166"/>
  <system-out/>
  <testcase classname="org.test.GlobalOrganizationQuote" name="editbeforeDecimalPointDiscountField" time="0.153"/>
  <system-out/>
  <testcase classname="org.test.GlobalOrganizationQuote" name="editmaxLimitDiscountField" time="0.138"/>
  <system-out/>
  <testcase classname="org.test.GlobalOrganizationQuote" name="editafterDecimalPointTaxField" time="0.171"/>
  <system-out/>
  <testcase classname="org.test.GlobalOrganizationQuote" name="editbeforeDecimalPointTaxField" time="0.150"/>
  <system-out/>
  <testcase classname="org.test.GlobalOrganizationQuote" name="editmaxLimitTaxField" time="0.214"/>
  <system-out/>
  <testcase classname="org.test.GlobalOrganizationQuote" name="editmaximumValidationDescription" time="1.677"/>
  <system-out/>
  <testcase classname="org.test.GlobalOrganizationQuote" name="editmaximumValidationNotes" time="3.953"/>
  <system-out/>
  <testcase classname="org.test.GlobalOrganizationQuote" name="editexpiryFieldPastDateValidation" time="7.795"/>
  <system-out/>
  <testcase classname="org.test.GlobalOrganizationQuote" name="editvalidateCalculation" time="0.512"/>
  <system-out/>
  <testcase classname="org.test.GlobalOrganizationQuote" name="updateQuote" time="11.400"/>
  <system-out/>
  <testcase classname="org.test.GlobalOrganizationQuote" name="createdQuoteStatus" time="0.078"/>
  <system-out/>
  <testcase classname="org.test.GlobalOrganizationQuote" name="draftQuote" time="21.363"/>
  <system-out/>
  <testcase classname="org.test.GlobalOrganizationQuote" name="convertQuote" time="26.464"/>
  <system-out/>
  <testcase classname="org.test.GlobalOrganizationQuote" name="declinedStatus" time="24.632"/>
  <system-out/>
  <testcase classname="org.test.GlobalOrganizationQuote" name="listCustomerName" time="1.851"/>
  <system-out/>
  <testcase classname="org.test.GlobalOrganizationQuote" name="listQuoteNo" time="0.821"/>
  <system-out/>
  <testcase classname="org.test.GlobalOrganizationQuote" name="listQuoteTittle" time="0.833"/>
  <system-out/>
  <testcase classname="org.test.GlobalOrganizationQuote" name="listQuoteReference" time="0.761"/>
  <system-out/>
  <testcase classname="org.test.GlobalOrganizationQuote" name="listInvalid" time="0.936"/>
  <system-out/>
</testsuite> <!-- org.test.GlobalOrganizationQuote -->
