<?xml version="1.0" encoding="UTF-8"?>
<!-- Generated by org.testng.reporters.JUnitReportReporter -->
<testsuite hostname="DESKTOP-5M7AM2E" failures="0" tests="11" name="org.test.SubscriptionMonthlyStarterPack" time="60.321" errors="0" timestamp="2023-06-09T16:40:31 IST" skipped="0">
  <testcase classname="org.test.SubscriptionMonthlyStarterPack" name="createTenant" time="46.595"/>
  <system-out/>
  <testcase classname="org.test.SubscriptionMonthlyStarterPack" name="subDomineURL" time="0.038"/>
  <system-out/>
  <testcase classname="org.test.SubscriptionMonthlyStarterPack" name="ownerName" time="0.082"/>
  <system-out/>
  <testcase classname="org.test.SubscriptionMonthlyStarterPack" name="modulepage" time="6.676"/>
  <system-out/>
  <testcase classname="org.test.SubscriptionMonthlyStarterPack" name="confirmPage" time="1.843"/>
  <system-out/>
  <testcase classname="org.test.SubscriptionMonthlyStarterPack" name="proAmount" time="0.059"/>
  <system-out/>
  <testcase classname="org.test.SubscriptionMonthlyStarterPack" name="totalAmount" time="0.056"/>
  <system-out/>
  <testcase classname="org.test.SubscriptionMonthlyStarterPack" name="billingInformation" time="2.982"/>
  <system-out/>
  <testcase classname="org.test.SubscriptionMonthlyStarterPack" name="paymentDetailsPage" time="1.863"/>
  <system-out/>
  <testcase classname="org.test.SubscriptionMonthlyStarterPack" name="billingInformationAmount" time="0.066"/>
  <system-out/>
  <testcase classname="org.test.SubscriptionMonthlyStarterPack" name="paymentDetailsAmount" time="0.061"/>
  <system-out/>
</testsuite> <!-- org.test.SubscriptionMonthlyStarterPack -->
