<?xml version="1.0" encoding="UTF-8"?>
<!-- Generated by org.testng.reporters.JUnitReportReporter -->
<testsuite hostname="DESKTOP-5M7AM2E" failures="0" tests="3" name="org.enhancement.TeamCompanyContractor" time="174.343" errors="0" timestamp="2023-05-22T20:03:10 IST" skipped="0">
  <testcase classname="org.enhancement.TeamCompanyContractor" name="verify" time="159.151"/>
  <system-out/>
  <testcase classname="org.enhancement.TeamCompanyContractor" name="createLabel" time="4.304"/>
  <system-out/>
  <testcase classname="org.enhancement.TeamCompanyContractor" name="createContract" time="10.888"/>
  <system-out/>
</testsuite> <!-- org.enhancement.TeamCompanyContractor -->
