<?xml version="1.0" encoding="UTF-8"?>
<!-- Generated by org.testng.reporters.JUnitReportReporter -->
<testsuite hostname="DESKTOP-5M7AM2E" failures="0" tests="10" name="org.enhancement.CustomerOrganizationJob" time="174.086" errors="0" timestamp="2023-06-19T18:33:28 IST" skipped="0">
  <testcase classname="org.enhancement.CustomerOrganizationJob" name="loginPage" time="42.423"/>
  <system-out/>
  <testcase classname="org.enhancement.CustomerOrganizationJob" name="contactModule" time="4.794"/>
  <system-out/>
  <testcase classname="org.enhancement.CustomerOrganizationJob" name="createOrganization" time="19.773"/>
  <system-out/>
  <testcase classname="org.enhancement.CustomerOrganizationJob" name="listabelValidation" time="9.762"/>
  <system-out/>
  <testcase classname="org.enhancement.CustomerOrganizationJob" name="labelValidation" time="2.946"/>
  <system-out/>
  <testcase classname="org.enhancement.CustomerOrganizationJob" name="createJob_FromDateandTime_ToDateandTime" time="19.122"/>
  <system-out/>
  <testcase classname="org.enhancement.CustomerOrganizationJob" name="createJob_FromDateandTime_ToDateandTime" time="18.982"/>
  <system-out/>
  <testcase classname="org.enhancement.CustomerOrganizationJob" name="createJob_FromDateandTime_ToDateandTime" time="18.457"/>
  <system-out/>
  <testcase classname="org.enhancement.CustomerOrganizationJob" name="createJob_FromDateandTime_ToDateandTime" time="19.097"/>
  <system-out/>
  <testcase classname="org.enhancement.CustomerOrganizationJob" name="createJob_FromDateandTime_ToDateandTime" time="18.730"/>
  <system-out/>
</testsuite> <!-- org.enhancement.CustomerOrganizationJob -->
