<?xml version="1.0" encoding="UTF-8"?>
<!-- Generated by org.testng.reporters.JUnitReportReporter -->
<testsuite hostname="DESKTOP-5M7AM2E" failures="0" tests="51" name="org.test.GlobalOrganizationJob" time="2446.497" errors="2" timestamp="2023-06-23T15:22:45 IST" skipped="0">
  <testcase classname="org.test.GlobalOrganizationJob" name="loginPage" time="29.787"/>
  <system-out/>
  <testcase classname="org.test.GlobalOrganizationJob" name="jobModule" time="1.072"/>
  <system-out/>
  <testcase classname="org.test.GlobalOrganizationJob" name="labelValidation" time="2.013"/>
  <system-out/>
  <testcase classname="org.test.GlobalOrganizationJob" name="organizationMandatoryValidation" time="2.922"/>
  <system-out/>
  <testcase classname="org.test.GlobalOrganizationJob" name="autoCompleteOrganizationCreation" time="13.460"/>
  <system-out/>
  <testcase classname="org.test.GlobalOrganizationJob" name="autoCompleteOrganizationContactCreation" time="1950.309">
    <error message="Expected condition failed: waiting for visibility of Proxy element for: DefaultElementLocator &#039;By.all({By.xpath: //*[contains(@class,&#039;fadeIn&#039;)]//*[@id=&#039;first_name&#039;],By.xpath: //*[contains(@class,&#039;fadeIn&#039;)]//*[@id=&#039;contacts__first_name__0&#039;]})&#039; (tried for 20 second(s) with 500 milliseconds interval)" type="org.openqa.selenium.TimeoutException">
      <![CDATA[org.openqa.selenium.TimeoutException: Expected condition failed: waiting for visibility of Proxy element for: DefaultElementLocator 'By.all({By.xpath: //*[contains(@class,'fadeIn')]//*[@id='first_name'],By.xpath: //*[contains(@class,'fadeIn')]//*[@id='contacts__first_name__0']})' (tried for 20 second(s) with 500 milliseconds interval)
at org.openqa.selenium.support.ui.WebDriverWait.timeoutException(WebDriverWait.java:95)
at org.openqa.selenium.support.ui.FluentWait.until(FluentWait.java:272)
at com.zaigo.pageobjects.JobPage.inputText(JobPage.java:467)
at com.zaigo.pageobjects.JobPage.autoCompleteField(JobPage.java:334)
at org.test.GlobalOrganizationJob.autoCompleteOrganizationContactCreation(GlobalOrganizationJob.java:177)
at java.base/jdk.internal.reflect.NativeMethodAccessorImpl.invoke0(Native Method)
at java.base/jdk.internal.reflect.NativeMethodAccessorImpl.invoke(NativeMethodAccessorImpl.java:77)
at java.base/jdk.internal.reflect.DelegatingMethodAccessorImpl.invoke(DelegatingMethodAccessorImpl.java:43)
at java.base/java.lang.reflect.Method.invoke(Method.java:568)
at org.testng.internal.MethodInvocationHelper.invokeMethod(MethodInvocationHelper.java:133)
at org.testng.internal.TestInvoker.invokeMethod(TestInvoker.java:598)
at org.testng.internal.TestInvoker.invokeTestMethod(TestInvoker.java:173)
at org.testng.internal.MethodRunner.runInSequence(MethodRunner.java:46)
at org.testng.internal.TestInvoker$MethodInvocationAgent.invoke(TestInvoker.java:824)
at org.testng.internal.TestInvoker.invokeTestMethods(TestInvoker.java:146)
at org.testng.internal.TestMethodWorker.invokeTestMethods(TestMethodWorker.java:146)
at org.testng.internal.TestMethodWorker.run(TestMethodWorker.java:128)
at java.base/java.util.ArrayList.forEach(ArrayList.java:1511)
at org.testng.TestRunner.privateRun(TestRunner.java:794)
at org.testng.TestRunner.run(TestRunner.java:596)
at org.testng.SuiteRunner.runTest(SuiteRunner.java:377)
at org.testng.SuiteRunner.runSequentially(SuiteRunner.java:371)
at org.testng.SuiteRunner.privateRun(SuiteRunner.java:332)
at org.testng.SuiteRunner.run(SuiteRunner.java:276)
at org.testng.SuiteRunnerWorker.runSuite(SuiteRunnerWorker.java:53)
at org.testng.SuiteRunnerWorker.run(SuiteRunnerWorker.java:96)
at org.testng.TestNG.runSuitesSequentially(TestNG.java:1212)
at org.testng.TestNG.runSuitesSequentially(TestNG.java:1207)
at org.testng.TestNG.runSuitesLocally(TestNG.java:1134)
at org.testng.TestNG.runSuites(TestNG.java:1063)
at org.testng.TestNG.run(TestNG.java:1031)
at org.testng.remote.AbstractRemoteTestNG.run(AbstractRemoteTestNG.java:115)
at org.testng.remote.RemoteTestNG.initAndRun(RemoteTestNG.java:251)
at org.testng.remote.RemoteTestNG.main(RemoteTestNG.java:77)
Caused by: org.openqa.selenium.NoSuchElementException: Cannot locate an element using By.all({By.xpath: //*[contains(@class,'fadeIn')]//*[@id='first_name'],By.xpath: //*[contains(@class,'fadeIn')]//*[@id='contacts__first_name__0']})
For documentation on this error, please visit: http://seleniumhq.org/exceptions/no_such_element.html
Build info: version: '3.141.5', revision: 'd54ebd709a', time: '2018-11-06T11:42:16'
System info: host: 'DESKTOP-5M7AM2E', ip: '192.168.56.1', os.name: 'Windows 11', os.arch: 'amd64', os.version: '10.0', java.version: '17.0.3'
Driver info: driver.version: RemoteWebDriver
at org.openqa.selenium.support.pagefactory.ByAll.findElement(ByAll.java:58)
at org.openqa.selenium.remote.RemoteWebDriver.findElement(RemoteWebDriver.java:315)
at org.openqa.selenium.support.pagefactory.DefaultElementLocator.findElement(DefaultElementLocator.java:69)
at org.openqa.selenium.support.pagefactory.internal.LocatingElementHandler.invoke(LocatingElementHandler.java:38)
at jdk.proxy2/jdk.proxy2.$Proxy15.isDisplayed(Unknown Source)
at org.openqa.selenium.support.ui.ExpectedConditions.elementIfVisible(ExpectedConditions.java:314)
at org.openqa.selenium.support.ui.ExpectedConditions.access$000(ExpectedConditions.java:43)
at org.openqa.selenium.support.ui.ExpectedConditions$10.apply(ExpectedConditions.java:300)
at org.openqa.selenium.support.ui.ExpectedConditions$10.apply(ExpectedConditions.java:297)
at org.openqa.selenium.support.ui.FluentWait.until(FluentWait.java:249)
... 32 more
]]>
    </error>
  </testcase> <!-- autoCompleteOrganizationContactCreation -->
  <system-out/>
  <testcase classname="org.test.GlobalOrganizationJob" name="contactNumberDisplayed" time="0.576"/>
  <system-out/>
  <testcase classname="org.test.GlobalOrganizationJob" name="mandatoryValidationLocation" time="30.578">
    <error message="Expected condition failed: waiting for visibility of element located by By.id: location_error (tried for 30 second(s) with 500 milliseconds interval)
Build info: version: &#039;3.141.5&#039;, revision: &#039;d54ebd709a&#039;, time: &#039;2018-11-06T11:42:16&#039;
System info: host: &#039;DESKTOP-5M7AM2E&#039;, ip: &#039;192.168.56.1&#039;, os.name: &#039;Windows 11&#039;, os.arch: &#039;amd64&#039;, os.version: &#039;10.0&#039;, java.version: &#039;17.0.3&#039;
Driver info: org.openqa.selenium.chrome.ChromeDriver
Capabilities {acceptInsecureCerts: false, browserName: chrome, browserVersion: 114.0.5735.134, chrome: {chromedriverVersion: 114.0.5735.90 (386bc09e8f4f..., userDataDir: C:\Users\ZAIGOP~1\AppData\L...}, goog:chromeOptions: {debuggerAddress: localhost:52435}, javascriptEnabled: true, networkConnectionEnabled: false, pageLoadStrategy: normal, platform: WINDOWS, platformName: WINDOWS, proxy: Proxy(), setWindowRect: true, strictFileInteractability: false, timeouts: {implicit: 0, pageLoad: 300000, script: 30000}, unhandledPromptBehavior: dismiss and notify, webauthn:extension:credBlob: true, webauthn:extension:largeBlob: true, webauthn:extension:minPinLength: true, webauthn:extension:prf: true, webauthn:virtualAuthenticators: true}
Session ID: 6306880d8626e6e814d5c9a38dcebb20" type="org.openqa.selenium.TimeoutException">
      <![CDATA[org.openqa.selenium.TimeoutException: Expected condition failed: waiting for visibility of element located by By.id: location_error (tried for 30 second(s) with 500 milliseconds interval)
Build info: version: '3.141.5', revision: 'd54ebd709a', time: '2018-11-06T11:42:16'
System info: host: 'DESKTOP-5M7AM2E', ip: '192.168.56.1', os.name: 'Windows 11', os.arch: 'amd64', os.version: '10.0', java.version: '17.0.3'
Driver info: org.openqa.selenium.chrome.ChromeDriver
Capabilities {acceptInsecureCerts: false, browserName: chrome, browserVersion: 114.0.5735.134, chrome: {chromedriverVersion: 114.0.5735.90 (386bc09e8f4f..., userDataDir: C:\Users\ZAIGOP~1\AppData\L...}, goog:chromeOptions: {debuggerAddress: localhost:52435}, javascriptEnabled: true, networkConnectionEnabled: false, pageLoadStrategy: normal, platform: WINDOWS, platformName: WINDOWS, proxy: Proxy(), setWindowRect: true, strictFileInteractability: false, timeouts: {implicit: 0, pageLoad: 300000, script: 30000}, unhandledPromptBehavior: dismiss and notify, webauthn:extension:credBlob: true, webauthn:extension:largeBlob: true, webauthn:extension:minPinLength: true, webauthn:extension:prf: true, webauthn:virtualAuthenticators: true}
Session ID: 6306880d8626e6e814d5c9a38dcebb20
at org.openqa.selenium.support.ui.WebDriverWait.timeoutException(WebDriverWait.java:95)
at org.openqa.selenium.support.ui.FluentWait.until(FluentWait.java:272)
at com.zaigo.pageobjects.JobPage.getText(JobPage.java:561)
at com.zaigo.pageobjects.JobPage.errorValidation(JobPage.java:1116)
at org.test.GlobalOrganizationJob.mandatoryValidationLocation(GlobalOrganizationJob.java:225)
at java.base/jdk.internal.reflect.NativeMethodAccessorImpl.invoke0(Native Method)
at java.base/jdk.internal.reflect.NativeMethodAccessorImpl.invoke(NativeMethodAccessorImpl.java:77)
at java.base/jdk.internal.reflect.DelegatingMethodAccessorImpl.invoke(DelegatingMethodAccessorImpl.java:43)
at java.base/java.lang.reflect.Method.invoke(Method.java:568)
at org.testng.internal.MethodInvocationHelper.invokeMethod(MethodInvocationHelper.java:133)
at org.testng.internal.TestInvoker.invokeMethod(TestInvoker.java:598)
at org.testng.internal.TestInvoker.invokeTestMethod(TestInvoker.java:173)
at org.testng.internal.MethodRunner.runInSequence(MethodRunner.java:46)
at org.testng.internal.TestInvoker$MethodInvocationAgent.invoke(TestInvoker.java:824)
at org.testng.internal.TestInvoker.invokeTestMethods(TestInvoker.java:146)
at org.testng.internal.TestMethodWorker.invokeTestMethods(TestMethodWorker.java:146)
at org.testng.internal.TestMethodWorker.run(TestMethodWorker.java:128)
at java.base/java.util.ArrayList.forEach(ArrayList.java:1511)
at org.testng.TestRunner.privateRun(TestRunner.java:794)
at org.testng.TestRunner.run(TestRunner.java:596)
at org.testng.SuiteRunner.runTest(SuiteRunner.java:377)
at org.testng.SuiteRunner.runSequentially(SuiteRunner.java:371)
at org.testng.SuiteRunner.privateRun(SuiteRunner.java:332)
at org.testng.SuiteRunner.run(SuiteRunner.java:276)
at org.testng.SuiteRunnerWorker.runSuite(SuiteRunnerWorker.java:53)
at org.testng.SuiteRunnerWorker.run(SuiteRunnerWorker.java:96)
at org.testng.TestNG.runSuitesSequentially(TestNG.java:1212)
at org.testng.TestNG.runSuitesSequentially(TestNG.java:1207)
at org.testng.TestNG.runSuitesLocally(TestNG.java:1134)
at org.testng.TestNG.runSuites(TestNG.java:1063)
at org.testng.TestNG.run(TestNG.java:1031)
at org.testng.remote.AbstractRemoteTestNG.run(AbstractRemoteTestNG.java:115)
at org.testng.remote.RemoteTestNG.initAndRun(RemoteTestNG.java:251)
at org.testng.remote.RemoteTestNG.main(RemoteTestNG.java:77)
]]>
    </error>
  </testcase> <!-- mandatoryValidationLocation -->
  <system-out/>
  <testcase classname="org.test.GlobalOrganizationJob" name="maximumValidationLocation" time="9.177"/>
  <system-out/>
  <testcase classname="org.test.GlobalOrganizationJob" name="maximumValidationTittle" time="6.396"/>
  <system-out/>
  <testcase classname="org.test.GlobalOrganizationJob" name="mandatoryValidationDescription" time="8.608"/>
  <system-out/>
  <testcase classname="org.test.GlobalOrganizationJob" name="maximumValidationDescription" time="5.281"/>
  <system-out/>
  <testcase classname="org.test.GlobalOrganizationJob" name="maximumTagValidation" time="1.040"/>
  <system-out/>
  <testcase classname="org.test.GlobalOrganizationJob" name="duplicateTagsValidation" time="0.525"/>
  <system-out/>
  <testcase classname="org.test.GlobalOrganizationJob" name="maxTagLimitValidation" time="16.971"/>
  <system-out/>
  <testcase classname="org.test.GlobalOrganizationJob" name="maximumValidationNotes" time="5.457"/>
  <system-out/>
  <testcase classname="org.test.GlobalOrganizationJob" name="createButton" time="0.119"/>
  <system-out/>
  <testcase classname="org.test.GlobalOrganizationJob" name="unsssignedJob" time="21.237"/>
  <system-out/>
  <testcase classname="org.test.GlobalOrganizationJob" name="jobUnassignedStatus" time="0.210"/>
  <system-out/>
  <testcase classname="org.test.GlobalOrganizationJob" name="labelEditValidation" time="13.923"/>
  <system-out/>
  <testcase classname="org.test.GlobalOrganizationJob" name="editsmandatoryValidationLocation" time="0.295"/>
  <system-out/>
  <testcase classname="org.test.GlobalOrganizationJob" name="editmaximumValidationLocation" time="6.009"/>
  <system-out/>
  <testcase classname="org.test.GlobalOrganizationJob" name="editmaximumValidationTittle" time="0.286"/>
  <system-out/>
  <testcase classname="org.test.GlobalOrganizationJob" name="editmandatoryValidationDescription" time="0.100"/>
  <system-out/>
  <testcase classname="org.test.GlobalOrganizationJob" name="editmaximumValidationDescription" time="5.659"/>
  <system-out/>
  <testcase classname="org.test.GlobalOrganizationJob" name="editmaximumTagValidation" time="0.974"/>
  <system-out/>
  <testcase classname="org.test.GlobalOrganizationJob" name="editduplicateTagsValidation" time="0.558"/>
  <system-out/>
  <testcase classname="org.test.GlobalOrganizationJob" name="editmaxTagLimitValidation" time="17.442"/>
  <system-out/>
  <testcase classname="org.test.GlobalOrganizationJob" name="editmaximumValidationNotes" time="5.313"/>
  <system-out/>
  <testcase classname="org.test.GlobalOrganizationJob" name="updateButton" time="0.097"/>
  <system-out/>
  <testcase classname="org.test.GlobalOrganizationJob" name="checkResponseCode" time="2.025"/>
  <system-out/>
  <testcase classname="org.test.GlobalOrganizationJob" name="editJobwithFromDateFromTime" time="12.002"/>
  <system-out/>
  <testcase classname="org.test.GlobalOrganizationJob" name="createJob_FromDateandTime_ToDateandTime" time="46.906"/>
  <system-out/>
  <testcase classname="org.test.GlobalOrganizationJob" name="jobScheduleStatus" time="1.021"/>
  <system-out/>
  <testcase classname="org.test.GlobalOrganizationJob" name="dispatchedJob" time="16.778"/>
  <system-out/>
  <testcase classname="org.test.GlobalOrganizationJob" name="jobDispatchedStatus" time="0.247"/>
  <system-out/>
  <testcase classname="org.test.GlobalOrganizationJob" name="startedJob" time="17.696"/>
  <system-out/>
  <testcase classname="org.test.GlobalOrganizationJob" name="jobStartedStatus" time="0.518"/>
  <system-out/>
  <testcase classname="org.test.GlobalOrganizationJob" name="completedJob" time="16.212"/>
  <system-out/>
  <testcase classname="org.test.GlobalOrganizationJob" name="jobCompleteStatus" time="0.210"/>
  <system-out/>
  <testcase classname="org.test.GlobalOrganizationJob" name="cancelledJob" time="17.749"/>
  <system-out/>
  <testcase classname="org.test.GlobalOrganizationJob" name="jobCancelledStatus" time="0.653"/>
  <system-out/>
  <testcase classname="org.test.GlobalOrganizationJob" name="searchCustomerName" time="8.342"/>
  <system-out/>
  <testcase classname="org.test.GlobalOrganizationJob" name="searchJobNo" time="3.274"/>
  <system-out/>
  <testcase classname="org.test.GlobalOrganizationJob" name="searchLocation" time="0.409"/>
  <system-out/>
  <testcase classname="org.test.GlobalOrganizationJob" name="searchFilterByDate" time="6.904"/>
  <system-out/>
  <testcase classname="org.test.GlobalOrganizationJob" name="searchInvalid" time="1.850"/>
  <system-out/>
  <testcase classname="org.test.GlobalOrganizationJob" name="dailyRecurring" time="37.523"/>
  <system-out/>
  <testcase classname="org.test.GlobalOrganizationJob" name="weeklyRecurring" time="32.632"/>
  <system-out/>
  <testcase classname="org.test.GlobalOrganizationJob" name="monthlyRecurring" time="32.132"/>
  <system-out/>
  <testcase classname="org.test.GlobalOrganizationJob" name="yearlyRecurring" time="35.020"/>
  <system-out/>
</testsuite> <!-- org.test.GlobalOrganizationJob -->
