<?xml version="1.0" encoding="UTF-8"?>
<!-- Generated by org.testng.reporters.JUnitReportReporter -->
<testsuite hostname="DESKTOP-5M7AM2E" failures="0" tests="11" name="org.test.SubscriptionYearlyTeamPack" time="61.779" errors="0" timestamp="2023-06-09T16:40:32 IST" skipped="0">
  <testcase classname="org.test.SubscriptionYearlyTeamPack" name="createTenant" time="47.378"/>
  <system-out/>
  <testcase classname="org.test.SubscriptionYearlyTeamPack" name="subDomineURL" time="0.042"/>
  <system-out/>
  <testcase classname="org.test.SubscriptionYearlyTeamPack" name="ownerName" time="0.091"/>
  <system-out/>
  <testcase classname="org.test.SubscriptionYearlyTeamPack" name="modulepage" time="6.774"/>
  <system-out/>
  <testcase classname="org.test.SubscriptionYearlyTeamPack" name="confirmPage" time="1.983"/>
  <system-out/>
  <testcase classname="org.test.SubscriptionYearlyTeamPack" name="proAmount" time="0.067"/>
  <system-out/>
  <testcase classname="org.test.SubscriptionYearlyTeamPack" name="totalAmount" time="0.203"/>
  <system-out/>
  <testcase classname="org.test.SubscriptionYearlyTeamPack" name="billingInformation" time="2.991"/>
  <system-out/>
  <testcase classname="org.test.SubscriptionYearlyTeamPack" name="paymentDetailsPage" time="1.868"/>
  <system-out/>
  <testcase classname="org.test.SubscriptionYearlyTeamPack" name="billingInformationAmount" time="0.193"/>
  <system-out/>
  <testcase classname="org.test.SubscriptionYearlyTeamPack" name="paymentDetailsAmount" time="0.189"/>
  <system-out/>
</testsuite> <!-- org.test.SubscriptionYearlyTeamPack -->
