<?xml version="1.0" encoding="UTF-8"?>
<!-- Generated by org.testng.reporters.JUnitReportReporter -->
<<<<<<< HEAD
<testsuite hostname="DESKTOP-5M7AM2E" failures="0" tests="4" name="org.enhancement.ProductModule" time="57.867" errors="0" timestamp="2023-05-22T20:03:10 IST" skipped="0">
  <testcase classname="org.enhancement.ProductModule" name="loginPage" time="43.248"/>
  <system-out/>
  <testcase classname="org.enhancement.ProductModule" name="settingModule" time="3.071"/>
  <system-out/>
  <testcase classname="org.enhancement.ProductModule" name="createFormLabel" time="1.642"/>
  <system-out/>
  <testcase classname="org.enhancement.ProductModule" name="createProduct" time="9.906"/>
=======
<testsuite hostname="DESKTOP-5M7AM2E" failures="0" tests="4" name="org.enhancement.ProductModule" time="38.060" errors="0" timestamp="2023-05-25T11:49:57 IST" skipped="0">
  <testcase classname="org.enhancement.ProductModule" name="loginPage" time="23.942"/>
  <system-out/>
  <testcase classname="org.enhancement.ProductModule" name="settingModule" time="2.061"/>
  <system-out/>
  <testcase classname="org.enhancement.ProductModule" name="createFormLabel" time="2.069"/>
  <system-out/>
  <testcase classname="org.enhancement.ProductModule" name="createProduct" time="9.988"/>
>>>>>>> c5699b793ecef34ca60eb49f33139d209ba1ec97
  <system-out/>
</testsuite> <!-- org.enhancement.ProductModule -->
