<?xml version="1.0" encoding="UTF-8"?>
<!-- Generated by org.testng.reporters.JUnitReportReporter -->
<testsuite hostname="DESKTOP-5M7AM2E" failures="0" tests="44" name="org.test.GlobalContactJob" time="254.211" errors="0" timestamp="2023-05-12T12:40:26 IST" skipped="0">
  <testcase classname="org.test.GlobalContactJob" name="loginPage" time="36.886"/>
  <system-out/>
  <testcase classname="org.test.GlobalContactJob" name="jobModule" time="0.981"/>
  <system-out/>
  <testcase classname="org.test.GlobalContactJob" name="labelValidation" time="2.429"/>
  <system-out/>
  <testcase classname="org.test.GlobalContactJob" name="contactMandatoryValidation" time="1.542"/>
  <system-out/>
  <testcase classname="org.test.GlobalContactJob" name="autoCompleteContactCreation" time="10.116"/>
  <system-out/>
  <testcase classname="org.test.GlobalContactJob" name="maximumValidationLocation" time="5.583"/>
  <system-out/>
  <testcase classname="org.test.GlobalContactJob" name="mandatoryValidationLocation" time="0.062"/>
  <system-out/>
  <testcase classname="org.test.GlobalContactJob" name="maximumValidationTittle" time="5.130"/>
  <system-out/>
  <testcase classname="org.test.GlobalContactJob" name="mandatoryValidationDescription" time="0.069"/>
  <system-out/>
  <testcase classname="org.test.GlobalContactJob" name="maximumValidationDescription" time="4.655"/>
  <system-out/>
  <testcase classname="org.test.GlobalContactJob" name="maximumTagValidation" time="0.802"/>
  <system-out/>
  <testcase classname="org.test.GlobalContactJob" name="duplicateTagsValidation" time="0.433"/>
  <system-out/>
  <testcase classname="org.test.GlobalContactJob" name="maxTagLimitValidation" time="15.228"/>
  <system-out/>
  <testcase classname="org.test.GlobalContactJob" name="maximumValidationNotes" time="4.444"/>
  <system-out/>
  <testcase classname="org.test.GlobalContactJob" name="createButton" time="0.069"/>
  <system-out/>
  <testcase classname="org.test.GlobalContactJob" name="unsssignedJob" time="13.641"/>
  <system-out/>
  <testcase classname="org.test.GlobalContactJob" name="jobUnassignedStatus" time="1.134"/>
  <system-out/>
  <testcase classname="org.test.GlobalContactJob" name="labelEditValidation" time="8.631"/>
  <system-out/>
  <testcase classname="org.test.GlobalContactJob" name="editmandatoryValidationLocation" time="0.307"/>
  <system-out/>
  <testcase classname="org.test.GlobalContactJob" name="editmaximumValidationLocation" time="5.345"/>
  <system-out/>
  <testcase classname="org.test.GlobalContactJob" name="editmaximumValidationTittle" time="5.506"/>
  <system-out/>
  <testcase classname="org.test.GlobalContactJob" name="editmandatoryValidationDescription" time="0.072"/>
  <system-out/>
  <testcase classname="org.test.GlobalContactJob" name="editmaximumValidationDescription" time="5.444"/>
  <system-out/>
  <testcase classname="org.test.GlobalContactJob" name="editmaximumTagValidation" time="0.964"/>
  <system-out/>
  <testcase classname="org.test.GlobalContactJob" name="editduplicateTagsValidation" time="0.498"/>
  <system-out/>
  <testcase classname="org.test.GlobalContactJob" name="editsmaxTagLimitValidation" time="18.503"/>
  <system-out/>
  <testcase classname="org.test.GlobalContactJob" name="editmaximumValidationNotes" time="5.794"/>
  <system-out/>
  <testcase classname="org.test.GlobalContactJob" name="updateButton" time="0.080"/>
  <system-out/>
  <testcase classname="org.test.GlobalContactJob" name="editJobwithFromDateFromTime" time="11.387"/>
  <system-out/>
  <testcase classname="org.test.GlobalContactJob" name="createJob_FromDateandTime_ToDateandTime" time="22.722"/>
  <system-out/>
  <testcase classname="org.test.GlobalContactJob" name="jobScheduleStatus" time="0.125"/>
  <system-out/>
  <testcase classname="org.test.GlobalContactJob" name="dispatchedJob" time="12.641"/>
  <system-out/>
  <testcase classname="org.test.GlobalContactJob" name="jobDispatchedStatus" time="0.103"/>
  <system-out/>
  <testcase classname="org.test.GlobalContactJob" name="startedJob" time="13.183"/>
  <system-out/>
  <testcase classname="org.test.GlobalContactJob" name="jobStartedStatus" time="0.119"/>
  <system-out/>
  <testcase classname="org.test.GlobalContactJob" name="completedJob" time="13.420"/>
  <system-out/>
  <testcase classname="org.test.GlobalContactJob" name="jobCompleteStatus" time="0.110"/>
  <system-out/>
  <testcase classname="org.test.GlobalContactJob" name="jobCancelledStatus" time="0.201"/>
  <system-out/>
  <testcase classname="org.test.GlobalContactJob" name="cancelledJob" time="12.756"/>
  <system-out/>
  <testcase classname="org.test.GlobalContactJob" name="searchCustomerName" time="2.853"/>
  <system-out/>
  <testcase classname="org.test.GlobalContactJob" name="searchJobNo" time="2.263"/>
  <system-out/>
  <testcase classname="org.test.GlobalContactJob" name="searchLocation" time="2.142"/>
  <system-out/>
  <testcase classname="org.test.GlobalContactJob" name="searchFilterByDate" time="4.017"/>
  <system-out/>
  <testcase classname="org.test.GlobalContactJob" name="searchInvalid" time="1.821"/>
  <system-out/>
</testsuite> <!-- org.test.GlobalContactJob -->
