<?xml version="1.0" encoding="UTF-8"?>
<!-- Generated by org.testng.reporters.JUnitReportReporter -->
<testsuite hostname="DESKTOP-5M7AM2E" failures="0" tests="7" name="org.test.Login" time="35.498" errors="0" timestamp="2023-05-28T19:37:42 IST" skipped="0">
  <testcase classname="org.test.Login" name="verifyEmptyEmail" time="2.747"/>
  <system-out/>
  <testcase classname="org.test.Login" name="verifyEmptyPassword" time="4.049"/>
  <system-out/>
  <testcase classname="org.test.Login" name="verifyIncorrectMail" time="1.376"/>
  <system-out/>
  <testcase classname="org.test.Login" name="verifyIncorrectPassword" time="3.525"/>
  <system-out/>
  <testcase classname="org.test.Login" name="verifyInvalidEmail" time="1.902"/>
  <system-out/>
  <testcase classname="org.test.Login" name="verifyInvalidCredentials" time="1.904"/>
  <system-out/>
  <testcase classname="org.test.Login" name="verify" time="19.995"/>
  <system-out/>
</testsuite> <!-- org.test.Login -->
