<?xml version="1.0" encoding="UTF-8"?>
<!-- Generated by org.testng.reporters.JUnitReportReporter -->
<<<<<<< HEAD
<testsuite hostname="DESKTOP-5M7AM2E" failures="0" tests="4" name="org.enhancement.CustomerOrganizationModule" time="138.264" errors="0" timestamp="2023-05-22T20:03:10 IST" skipped="0">
  <testcase classname="org.enhancement.CustomerOrganizationModule" name="loginPage" time="113.978"/>
  <system-out/>
  <testcase classname="org.enhancement.CustomerOrganizationModule" name="modulePage" time="3.767"/>
  <system-out/>
  <testcase classname="org.enhancement.CustomerOrganizationModule" name="createLabel" time="0.577"/>
  <system-out/>
  <testcase classname="org.enhancement.CustomerOrganizationModule" name="createOrganization" time="19.942"/>
=======
<testsuite hostname="DESKTOP-5M7AM2E" failures="0" tests="4" name="org.enhancement.CustomerOrganizationModule" time="61.394" errors="0" timestamp="2023-05-25T11:49:57 IST" skipped="0">
  <testcase classname="org.enhancement.CustomerOrganizationModule" name="loginPage" time="29.728"/>
  <system-out/>
  <testcase classname="org.enhancement.CustomerOrganizationModule" name="modulePage" time="5.751"/>
  <system-out/>
  <testcase classname="org.enhancement.CustomerOrganizationModule" name="createLabel" time="0.680"/>
  <system-out/>
  <testcase classname="org.enhancement.CustomerOrganizationModule" name="createOrganization" time="25.235"/>
>>>>>>> c5699b793ecef34ca60eb49f33139d209ba1ec97
  <system-out/>
</testsuite> <!-- org.enhancement.CustomerOrganizationModule -->
