<?xml version="1.0" encoding="UTF-8"?>
<!-- Generated by org.testng.reporters.JUnitReportReporter -->
<testsuite hostname="DESKTOP-5M7AM2E" failures="0" tests="27" name="org.test.GlobalContactJob" time="167.146" errors="0" timestamp="2023-01-12T15:15:31 IST" skipped="0">
  <testcase classname="org.test.GlobalContactJob" name="loginPage" time="19.707"/>
  <system-out/>
  <testcase classname="org.test.GlobalContactJob" name="jobModule" time="12.114"/>
  <system-out/>
  <testcase classname="org.test.GlobalContactJob" name="contactMandatoryValidation" time="7.342"/>
  <system-out/>
  <testcase classname="org.test.GlobalContactJob" name="autoCompleteContactCreation" time="5.673"/>
  <system-out/>
  <testcase classname="org.test.GlobalContactJob" name="maximumValidationTittle" time="6.641"/>
  <system-out/>
  <testcase classname="org.test.GlobalContactJob" name="mandatoryValidationDescription" time="0.139"/>
  <system-out/>
  <testcase classname="org.test.GlobalContactJob" name="maximumValidationDescription" time="3.239"/>
  <system-out/>
  <testcase classname="org.test.GlobalContactJob" name="maximumTagValidation" time="0.590"/>
  <system-out/>
  <testcase classname="org.test.GlobalContactJob" name="duplicateTagsValidation" time="0.405"/>
  <system-out/>
  <testcase classname="org.test.GlobalContactJob" name="maxTagLimitValidation" time="8.264"/>
  <system-out/>
  <testcase classname="org.test.GlobalContactJob" name="maximumValidationNotes" time="3.272"/>
  <system-out/>
  <testcase classname="org.test.GlobalContactJob" name="unsssignedJob" time="10.562"/>
  <system-out/>
  <testcase classname="org.test.GlobalContactJob" name="jobUnassignedStatus" time="9.644"/>
  <system-out/>
  <testcase classname="org.test.GlobalContactJob" name="createJob_FromDateandTime_ToDateandTime" time="27.639"/>
  <system-out/>
  <testcase classname="org.test.GlobalContactJob" name="jobScheduleStatus" time="8.819"/>
  <system-out/>
  <testcase classname="org.test.GlobalContactJob" name="dispatchedJob" time="5.162"/>
  <system-out/>
  <testcase classname="org.test.GlobalContactJob" name="jobDispatchedStatus" time="0.051"/>
  <system-out/>
  <testcase classname="org.test.GlobalContactJob" name="startedJob" time="5.177"/>
  <system-out/>
  <testcase classname="org.test.GlobalContactJob" name="jobStartedStatus" time="0.051"/>
  <system-out/>
  <testcase classname="org.test.GlobalContactJob" name="completedJob" time="7.227"/>
  <system-out/>
  <testcase classname="org.test.GlobalContactJob" name="cancelledJob" time="4.645"/>
  <system-out/>
  <testcase classname="org.test.GlobalContactJob" name="jobCancelledStatus" time="0.206"/>
  <system-out/>
  <testcase classname="org.test.GlobalContactJob" name="searchCustomerName" time="2.459"/>
  <system-out/>
  <testcase classname="org.test.GlobalContactJob" name="searchJobNo" time="6.113"/>
  <system-out/>
  <testcase classname="org.test.GlobalContactJob" name="searchLocation" time="4.571"/>
  <system-out/>
  <testcase classname="org.test.GlobalContactJob" name="searchFilterByDate" time="4.218"/>
  <system-out/>
  <testcase classname="org.test.GlobalContactJob" name="searchInvalid" time="3.216"/>
  <system-out/>
</testsuite> <!-- org.test.GlobalContactJob -->
