<?xml version="1.0" encoding="UTF-8"?>
<!-- Generated by org.testng.reporters.JUnitReportReporter -->
<testsuite hostname="DESKTOP-5M7AM2E" failures="0" tests="53" name="org.test.ProductModule" time="161.627" errors="0" timestamp="2023-04-15T19:23:14 IST" skipped="4">
  <testcase classname="org.test.ProductModule" name="loginPage" time="22.787"/>
  <system-out/>
  <testcase classname="org.test.ProductModule" name="settingModule" time="1.981"/>
  <system-out/>
  <testcase classname="org.test.ProductModule" name="createFormLabel" time="1.956"/>
  <system-out/>
  <testcase classname="org.test.ProductModule" name="mandatoryValidationProductName" time="0.244"/>
  <system-out/>
  <testcase classname="org.test.ProductModule" name="mandatoryValidationDescription" time="0.066"/>
  <system-out/>
  <testcase classname="org.test.ProductModule" name="mandatoryValidationPrice" time="0.072"/>
  <system-out/>
  <testcase classname="org.test.ProductModule" name="mandatoryValidationTaxName" time="0.703"/>
  <system-out/>
  <testcase classname="org.test.ProductModule" name="mandatoryValidationTaxPercentage" time="0.070"/>
  <system-out/>
  <testcase classname="org.test.ProductModule" name="maximumValidationProductName" time="4.029"/>
  <system-out/>
  <testcase classname="org.test.ProductModule" name="maximumValidationSKU" time="0.632"/>
  <system-out/>
  <testcase classname="org.test.ProductModule" name="maximumValidationDescription" time="3.437"/>
  <system-out/>
  <testcase classname="org.test.ProductModule" name="maximumValidationPrice" time="0.203"/>
  <system-out/>
  <testcase classname="org.test.ProductModule" name="beforeDecimalPointPriceField" time="0.187"/>
  <system-out/>
  <testcase classname="org.test.ProductModule" name="afterDecimalPointPriceField" time="0.171"/>
  <system-out/>
  <testcase classname="org.test.ProductModule" name="maximumValidationTax" time="0.902"/>
  <system-out/>
  <testcase classname="org.test.ProductModule" name="beforeDecimalPointTaxPercentageField" time="0.336"/>
  <system-out/>
  <testcase classname="org.test.ProductModule" name="afterDecimalPointTaxPercentageField" time="0.328"/>
  <system-out/>
  <testcase classname="org.test.ProductModule" name="maximumValidationQuantityHand" time="0.230"/>
  <system-out/>
  <testcase classname="org.test.ProductModule" name="beforeDecimalPointQuantityHandField" time="0.205"/>
  <system-out/>
  <testcase classname="org.test.ProductModule" name="afterDecimalPointQuantityHandField" time="0.175"/>
  <system-out/>
  <testcase classname="org.test.ProductModule" name="maximumValidationLowStockThresold" time="0.239"/>
  <system-out/>
  <testcase classname="org.test.ProductModule" name="beforeDecimalPointLowStockThresoldField" time="0.211"/>
  <system-out/>
  <testcase classname="org.test.ProductModule" name="afterDecimalPointLowStockThresoldField" time="0.180"/>
  <system-out/>
  <testcase classname="org.test.ProductModule" name="createButton" time="0.315"/>
  <system-out/>
  <testcase classname="org.test.ProductModule" name="createProduct" time="8.732"/>
  <system-out/>
  <testcase classname="org.test.ProductModule" name="editFormLabel" time="4.624"/>
  <system-out/>
  <testcase classname="org.test.ProductModule" name="editmandatoryValidationProductName" time="0.225"/>
  <system-out/>
  <testcase classname="org.test.ProductModule" name="editmandatoryValidationDescription" time="0.065"/>
  <system-out/>
  <testcase classname="org.test.ProductModule" name="editmandatoryValidationPrice" time="0.075"/>
  <system-out/>
  <testcase classname="org.test.ProductModule" name="editmandatoryValidationTaxName" time="0.013">
    <skipped/>
  </testcase> <!-- editmandatoryValidationTaxName -->
  <system-out/>
  <testcase classname="org.test.ProductModule" name="editmandatoryValidationTaxPercentage" time="0.018">
    <skipped/>
  </testcase> <!-- editmandatoryValidationTaxPercentage -->
  <system-out/>
  <testcase classname="org.test.ProductModule" name="editmaximumValidationProductName" time="3.894"/>
  <system-out/>
  <testcase classname="org.test.ProductModule" name="editmaximumValidationSKU" time="0.613"/>
  <system-out/>
  <testcase classname="org.test.ProductModule" name="editmaximumValidationDescription" time="3.761"/>
  <system-out/>
  <testcase classname="org.test.ProductModule" name="editmaximumValidationPrice" time="0.210"/>
  <system-out/>
  <testcase classname="org.test.ProductModule" name="editbeforeDecimalPointPriceField" time="0.195"/>
  <system-out/>
  <testcase classname="org.test.ProductModule" name="editafterDecimalPointPriceField" time="0.173"/>
  <system-out/>
  <testcase classname="org.test.ProductModule" name="editbeforeDecimalPointTaxPercentageField" time="0.015">
    <skipped/>
  </testcase> <!-- editbeforeDecimalPointTaxPercentageField -->
  <system-out/>
  <testcase classname="org.test.ProductModule" name="editafterDecimalPointTaxPercentageField" time="0.016">
    <skipped/>
  </testcase> <!-- editafterDecimalPointTaxPercentageField -->
  <system-out/>
  <testcase classname="org.test.ProductModule" name="editmaximumValidationQuantityHand" time="0.211"/>
  <system-out/>
  <testcase classname="org.test.ProductModule" name="editbeforeDecimalPointQuantityHandField" time="0.247"/>
  <system-out/>
  <testcase classname="org.test.ProductModule" name="editafterDecimalPointQuantityHandField" time="0.181"/>
  <system-out/>
  <testcase classname="org.test.ProductModule" name="editmaximumValidationLowStockThresold" time="0.210"/>
  <system-out/>
  <testcase classname="org.test.ProductModule" name="editbeforeDecimalPointLowStockThresoldField" time="0.209"/>
  <system-out/>
  <testcase classname="org.test.ProductModule" name="editafterDecimalPointLowStockThresoldField" time="0.176"/>
  <system-out/>
  <testcase classname="org.test.ProductModule" name="updateButton" time="0.308"/>
  <system-out/>
  <testcase classname="org.test.ProductModule" name="updateProduct" time="8.684"/>
  <system-out/>
  <testcase classname="org.test.ProductModule" name="searchProductName" time="2.344"/>
  <system-out/>
  <testcase classname="org.test.ProductModule" name="searchInvalid" time="1.348"/>
  <system-out/>
  <testcase classname="org.test.ProductModule" name="deletedProduct" time="17.228"/>
  <system-out/>
  <testcase classname="org.test.ProductModule" name="reflectQuotePage" time="41.045"/>
  <system-out/>
  <testcase classname="org.test.ProductModule" name="inactiveProduct" time="18.038"/>
  <system-out/>
  <testcase classname="org.test.ProductModule" name="deleteProduct" time="9.110"/>
  <system-out/>
</testsuite> <!-- org.test.ProductModule -->
