<?xml version="1.0" encoding="UTF-8"?>
<!-- Generated by org.testng.reporters.JUnitReportReporter -->
<testsuite hostname="DESKTOP-5M7AM2E" failures="0" tests="4" name="org.enhancement.GlobalOrganizationJob" time="72.602" errors="0" timestamp="2023-04-23T20:36:39 IST" skipped="0">
  <testcase classname="org.enhancement.GlobalOrganizationJob" name="loginPage" time="37.216"/>
  <system-out/>
  <testcase classname="org.enhancement.GlobalOrganizationJob" name="jobModule" time="0.957"/>
  <system-out/>
  <testcase classname="org.enhancement.GlobalOrganizationJob" name="labelValidation" time="1.382"/>
  <system-out/>
  <testcase classname="org.enhancement.GlobalOrganizationJob" name="createJob_FromDateandTime_ToDateandTime" time="33.047"/>
  <system-out/>
</testsuite> <!-- org.enhancement.GlobalOrganizationJob -->
