<?xml version="1.0" encoding="UTF-8"?>
<!-- Generated by org.testng.reporters.JUnitReportReporter -->
<testsuite hostname="DESKTOP-5M7AM2E" failures="0" tests="70" name="org.test.GlobalOrganizationQuote" time="491.058" errors="0" timestamp="2023-05-28T19:37:43 IST" skipped="6">
  <testcase classname="org.test.GlobalOrganizationQuote" name="loginPage" time="21.309"/>
  <system-out/>
  <testcase classname="org.test.GlobalOrganizationQuote" name="quoteModule" time="3.923"/>
  <system-out/>
  <testcase classname="org.test.GlobalOrganizationQuote" name="labelValidation" time="0.849"/>
  <system-out/>
  <testcase classname="org.test.GlobalOrganizationQuote" name="organizationMandatoryValidation" time="1.855"/>
  <system-out/>
  <testcase classname="org.test.GlobalOrganizationQuote" name="mandatoryValidationExpiryDate" time="0.060"/>
  <system-out/>
  <testcase classname="org.test.GlobalOrganizationQuote" name="mandatoryValidationInventoryItem" time="0.069"/>
  <system-out/>
  <testcase classname="org.test.GlobalOrganizationQuote" name="mandatoryValidationQunatity" time="0.059"/>
  <system-out/>
  <testcase classname="org.test.GlobalOrganizationQuote" name="mandatoryValidationPrice" time="0.054"/>
  <system-out/>
  <testcase classname="org.test.GlobalOrganizationQuote" name="mandatoryValidationDescription" time="0.378"/>
  <system-out/>
  <testcase classname="org.test.GlobalOrganizationQuote" name="autoCompleteOrganizationCreation" time="29.285"/>
  <system-out/>
  <testcase classname="org.test.GlobalOrganizationQuote" name="autoCompleteOrganizationContactCreation" time="11.723"/>
  <system-out/>
  <testcase classname="org.test.GlobalOrganizationQuote" name="maximumValidationReference" time="0.731"/>
  <system-out/>
  <testcase classname="org.test.GlobalOrganizationQuote" name="maximumValidationQuoteTittle" time="0.727"/>
  <system-out/>
  <testcase classname="org.test.GlobalOrganizationQuote" name="maximumValidationInventoryItem" time="1.032"/>
  <system-out/>
  <testcase classname="org.test.GlobalOrganizationQuote" name="emptyValidationQuantityField" time="0.224"/>
  <system-out/>
  <testcase classname="org.test.GlobalOrganizationQuote" name="maxQuanitityLimit" time="0.289"/>
  <system-out/>
  <testcase classname="org.test.GlobalOrganizationQuote" name="afterDecimalPointValidationQuantityField" time="0.214"/>
  <system-out/>
  <testcase classname="org.test.GlobalOrganizationQuote" name="beforeDecimalPointValidationQuantityField" time="0.324"/>
  <system-out/>
  <testcase classname="org.test.GlobalOrganizationQuote" name="emptyValidationPriceField" time="0.244"/>
  <system-out/>
  <testcase classname="org.test.GlobalOrganizationQuote" name="maxPriceLimit" time="0.230"/>
  <system-out/>
  <testcase classname="org.test.GlobalOrganizationQuote" name="beforeDecimalPointPriceField" time="0.227"/>
  <system-out/>
  <testcase classname="org.test.GlobalOrganizationQuote" name="afterDecimalPointPriceField" time="0.284"/>
  <system-out/>
  <testcase classname="org.test.GlobalOrganizationQuote" name="afterDecimalPointDiscountField" time="0.208"/>
  <system-out/>
  <testcase classname="org.test.GlobalOrganizationQuote" name="beforeDecimalPointDiscountField" time="0.269"/>
  <system-out/>
  <testcase classname="org.test.GlobalOrganizationQuote" name="maxLimitDiscountField" time="0.179"/>
  <system-out/>
  <testcase classname="org.test.GlobalOrganizationQuote" name="afterDecimalPointTaxField" time="1.261">
    <skipped/>
  </testcase> <!-- afterDecimalPointTaxField -->
  <system-out/>
  <testcase classname="org.test.GlobalOrganizationQuote" name="beforeDecimalPointTaxField" time="1.228">
    <skipped/>
  </testcase> <!-- beforeDecimalPointTaxField -->
  <system-out/>
  <testcase classname="org.test.GlobalOrganizationQuote" name="maxLimitTaxField" time="1.229">
    <skipped/>
  </testcase> <!-- maxLimitTaxField -->
  <system-out/>
  <testcase classname="org.test.GlobalOrganizationQuote" name="maximumValidationDescription" time="1.875"/>
  <system-out/>
  <testcase classname="org.test.GlobalOrganizationQuote" name="maximumValidationNotes" time="50.906"/>
  <system-out/>
  <testcase classname="org.test.GlobalOrganizationQuote" name="expiryFieldPastDateValidation" time="8.797"/>
  <system-out/>
  <testcase classname="org.test.GlobalOrganizationQuote" name="validateCalculation" time="8.392"/>
  <system-out/>
  <testcase classname="org.test.GlobalOrganizationQuote" name="quoteCount" time="0.138"/>
  <system-out/>
  <testcase classname="org.test.GlobalOrganizationQuote" name="createQuote" time="27.607"/>
  <system-out/>
  <testcase classname="org.test.GlobalOrganizationQuote" name="quoteEdit" time="25.910"/>
  <system-out/>
  <testcase classname="org.test.GlobalOrganizationQuote" name="editmandatoryValidationExpiryDate" time="0.058"/>
  <system-out/>
  <testcase classname="org.test.GlobalOrganizationQuote" name="editmandatoryValidationQunatity" time="0.057"/>
  <system-out/>
  <testcase classname="org.test.GlobalOrganizationQuote" name="editmandatoryValidationPrice" time="0.117"/>
  <system-out/>
  <testcase classname="org.test.GlobalOrganizationQuote" name="editmandatoryValidationDescription" time="0.151"/>
  <system-out/>
  <testcase classname="org.test.GlobalOrganizationQuote" name="editmaximumValidationReference" time="0.699"/>
  <system-out/>
  <testcase classname="org.test.GlobalOrganizationQuote" name="editmaximumValidationQuoteTittle" time="0.725"/>
  <system-out/>
  <testcase classname="org.test.GlobalOrganizationQuote" name="editmaximumValidationInventoryItem" time="1.060"/>
  <system-out/>
  <testcase classname="org.test.GlobalOrganizationQuote" name="editemptyValidationQuantityField" time="0.249"/>
  <system-out/>
  <testcase classname="org.test.GlobalOrganizationQuote" name="editmaxQuanitityLimit" time="0.286"/>
  <system-out/>
  <testcase classname="org.test.GlobalOrganizationQuote" name="editafterDecimalPointValidationQuantityField" time="0.238"/>
  <system-out/>
  <testcase classname="org.test.GlobalOrganizationQuote" name="editbeforeDecimalPointValidationQuantityField" time="0.380"/>
  <system-out/>
  <testcase classname="org.test.GlobalOrganizationQuote" name="editemptyValidationPriceField" time="0.250"/>
  <system-out/>
  <testcase classname="org.test.GlobalOrganizationQuote" name="editmaxPriceLimit" time="0.212"/>
  <system-out/>
  <testcase classname="org.test.GlobalOrganizationQuote" name="editbeforeDecimalPointPriceField" time="0.237"/>
  <system-out/>
  <testcase classname="org.test.GlobalOrganizationQuote" name="editafterDecimalPointPriceField" time="0.281"/>
  <system-out/>
  <testcase classname="org.test.GlobalOrganizationQuote" name="editafterDecimalPointDiscountField" time="0.225"/>
  <system-out/>
  <testcase classname="org.test.GlobalOrganizationQuote" name="editbeforeDecimalPointDiscountField" time="0.273"/>
  <system-out/>
  <testcase classname="org.test.GlobalOrganizationQuote" name="editmaxLimitDiscountField" time="0.243"/>
  <system-out/>
  <testcase classname="org.test.GlobalOrganizationQuote" name="editafterDecimalPointTaxField" time="1.279">
    <skipped/>
  </testcase> <!-- editafterDecimalPointTaxField -->
  <system-out/>
  <testcase classname="org.test.GlobalOrganizationQuote" name="editbeforeDecimalPointTaxField" time="1.247">
    <skipped/>
  </testcase> <!-- editbeforeDecimalPointTaxField -->
  <system-out/>
  <testcase classname="org.test.GlobalOrganizationQuote" name="editmaxLimitTaxField" time="1.243">
    <skipped/>
  </testcase> <!-- editmaxLimitTaxField -->
  <system-out/>
  <testcase classname="org.test.GlobalOrganizationQuote" name="editmaximumValidationDescription" time="1.905"/>
  <system-out/>
  <testcase classname="org.test.GlobalOrganizationQuote" name="editmaximumValidationNotes" time="50.953"/>
  <system-out/>
  <testcase classname="org.test.GlobalOrganizationQuote" name="editexpiryFieldPastDateValidation" time="8.802"/>
  <system-out/>
  <testcase classname="org.test.GlobalOrganizationQuote" name="editvalidateCalculation" time="8.368"/>
  <system-out/>
  <testcase classname="org.test.GlobalOrganizationQuote" name="updateQuote" time="26.060"/>
  <system-out/>
  <testcase classname="org.test.GlobalOrganizationQuote" name="createdQuoteStatus" time="0.261"/>
  <system-out/>
  <testcase classname="org.test.GlobalOrganizationQuote" name="draftQuote" time="51.303"/>
  <system-out/>
  <testcase classname="org.test.GlobalOrganizationQuote" name="convertQuote" time="59.137"/>
  <system-out/>
  <testcase classname="org.test.GlobalOrganizationQuote" name="declinedStatus" time="59.032"/>
  <system-out/>
  <testcase classname="org.test.GlobalOrganizationQuote" name="listCustomerName" time="2.760"/>
  <system-out/>
  <testcase classname="org.test.GlobalOrganizationQuote" name="listQuoteNo" time="2.778"/>
  <system-out/>
  <testcase classname="org.test.GlobalOrganizationQuote" name="listQuoteTittle" time="3.443"/>
  <system-out/>
  <testcase classname="org.test.GlobalOrganizationQuote" name="listQuoteReference" time="2.621"/>
  <system-out/>
  <testcase classname="org.test.GlobalOrganizationQuote" name="listInvalid" time="2.036"/>
  <system-out/>
</testsuite> <!-- org.test.GlobalOrganizationQuote -->
