<?xml version="1.0" encoding="UTF-8"?>
<!-- Generated by org.testng.reporters.JUnitReportReporter -->
<testsuite hostname="DESKTOP-5M7AM2E" failures="0" tests="26" name="org.test.GlobalContactRequest" time="188.060" errors="0" timestamp="2023-01-20T02:15:43 IST" skipped="0">
  <testcase classname="org.test.GlobalContactRequest" name="loginPage" time="33.569"/>
  <system-out/>
  <testcase classname="org.test.GlobalContactRequest" name="requestModule" time="3.383"/>
  <system-out/>
  <testcase classname="org.test.GlobalContactRequest" name="contactMandatoryValidation" time="6.046"/>
  <system-out/>
  <testcase classname="org.test.GlobalContactRequest" name="autoCompleteContactCreation" time="7.428"/>
  <system-out/>
  <testcase classname="org.test.GlobalContactRequest" name="maximumValidationTittle" time="8.258"/>
  <system-out/>
  <testcase classname="org.test.GlobalContactRequest" name="mandatoryValidationDescription" time="0.291"/>
  <system-out/>
  <testcase classname="org.test.GlobalContactRequest" name="maximumValidationDescription" time="13.028"/>
  <system-out/>
  <testcase classname="org.test.GlobalContactRequest" name="maximumTagValidation" time="2.021"/>
  <system-out/>
  <testcase classname="org.test.GlobalContactRequest" name="duplicateTagsValidation" time="0.665"/>
  <system-out/>
  <testcase classname="org.test.GlobalContactRequest" name="maxTagLimitValidation" time="13.284"/>
  <system-out/>
  <testcase classname="org.test.GlobalContactRequest" name="maximumValidationNotes" time="13.081"/>
  <system-out/>
  <testcase classname="org.test.GlobalContactRequest" name="unsssignedRequest" time="14.918"/>
  <system-out/>
  <testcase classname="org.test.GlobalContactRequest" name="createRequest_FromDateandTime_ToDateandTime" time="36.908"/>
  <system-out/>
  <testcase classname="org.test.GlobalContactRequest" name="requestScheduleStatus" time="1.857"/>
  <system-out/>
  <testcase classname="org.test.GlobalContactRequest" name="dispatchedRequest" time="4.120"/>
  <system-out/>
  <testcase classname="org.test.GlobalContactRequest" name="requestDispatchedStatus" time="0.119"/>
  <system-out/>
  <testcase classname="org.test.GlobalContactRequest" name="startedRequest" time="3.512"/>
  <system-out/>
  <testcase classname="org.test.GlobalContactRequest" name="requestStartedStatus" time="0.129"/>
  <system-out/>
  <testcase classname="org.test.GlobalContactRequest" name="completedRequest" time="3.961"/>
  <system-out/>
  <testcase classname="org.test.GlobalContactRequest" name="cancelledRequest" time="5.077"/>
  <system-out/>
  <testcase classname="org.test.GlobalContactRequest" name="requestCancelledStatus" time="0.124"/>
  <system-out/>
  <testcase classname="org.test.GlobalContactRequest" name="searchCustomerName" time="2.595"/>
  <system-out/>
  <testcase classname="org.test.GlobalContactRequest" name="searchRequestNo" time="3.763"/>
  <system-out/>
  <testcase classname="org.test.GlobalContactRequest" name="searchLocation" time="3.119"/>
  <system-out/>
  <testcase classname="org.test.GlobalContactRequest" name="searchFilterByDate" time="4.762"/>
  <system-out/>
  <testcase classname="org.test.GlobalContactRequest" name="searchInvalid" time="2.042"/>
  <system-out/>
</testsuite> <!-- org.test.GlobalContactRequest -->
