<?xml version="1.0" encoding="UTF-8"?>
<!-- Generated by org.testng.reporters.JUnitReportReporter -->
<testsuite hostname="DESKTOP-5M7AM2E" failures="0" tests="11" name="org.test.SubscriptionTeamPack" time="55.786" errors="0" timestamp="2023-05-27T15:44:27 IST" skipped="0">
  <testcase classname="org.test.SubscriptionTeamPack" name="createTenant" time="39.364"/>
  <system-out/>
  <testcase classname="org.test.SubscriptionTeamPack" name="subDomineURL" time="0.096"/>
  <system-out/>
  <testcase classname="org.test.SubscriptionTeamPack" name="ownerName" time="0.651"/>
  <system-out/>
  <testcase classname="org.test.SubscriptionTeamPack" name="modulepage" time="7.732"/>
  <system-out/>
  <testcase classname="org.test.SubscriptionTeamPack" name="confirmPage" time="2.339"/>
  <system-out/>
  <testcase classname="org.test.SubscriptionTeamPack" name="proAmount" time="0.196"/>
  <system-out/>
  <testcase classname="org.test.SubscriptionTeamPack" name="totalAmount" time="0.181"/>
  <system-out/>
  <testcase classname="org.test.SubscriptionTeamPack" name="billingInformation" time="3.023"/>
  <system-out/>
  <testcase classname="org.test.SubscriptionTeamPack" name="billingInformationAmount" time="0.191"/>
  <system-out/>
  <testcase classname="org.test.SubscriptionTeamPack" name="paymentDetailsPage" time="1.827"/>
  <system-out/>
  <testcase classname="org.test.SubscriptionTeamPack" name="paymentDetailsAmount" time="0.186"/>
  <system-out/>
</testsuite> <!-- org.test.SubscriptionTeamPack -->
