<?xml version="1.0" encoding="UTF-8"?>
<!-- Generated by org.testng.reporters.JUnitReportReporter -->
<testsuite hostname="DESKTOP-5M7AM2E" failures="0" tests="108" name="org.test.TeamModule" time="290.871" errors="0" timestamp="2022-10-26T11:36:41 IST" skipped="0">
  <testcase classname="org.test.TeamModule" name="verify" time="23.933"/>
  <system-out/>
  <testcase classname="org.test.TeamModule" name="teamModule" time="6.660"/>
  <system-out/>
  <testcase classname="org.test.TeamModule" name="edit" time="2.630"/>
  <system-out/>
  <testcase classname="org.test.TeamModule" name="addLocation" time="2.581"/>
  <system-out/>
  <testcase classname="org.test.TeamModule" name="deleteLocation" time="2.459"/>
  <system-out/>
  <testcase classname="org.test.TeamModule" name="maxSizeProfileField" time="3.263"/>
  <system-out/>
  <testcase classname="org.test.TeamModule" name="fileFormatvalidation" time="2.328"/>
  <system-out/>
  <testcase classname="org.test.TeamModule" name="verifyContractorNameMandatory" time="0.120"/>
  <system-out/>
  <testcase classname="org.test.TeamModule" name="verifyContractorNumberMinValidation" time="0.294"/>
  <system-out/>
  <testcase classname="org.test.TeamModule" name="verifyContractorEmailFormat" time="0.244"/>
  <system-out/>
  <testcase classname="org.test.TeamModule" name="verifyContractorNumberMaxValidation" time="0.246"/>
  <system-out/>
  <testcase classname="org.test.TeamModule" name="verifyFaxMinValidation" time="0.196"/>
  <system-out/>
  <testcase classname="org.test.TeamModule" name="verifyFaxMaxValidation" time="0.321"/>
  <system-out/>
  <testcase classname="org.test.TeamModule" name="verifyCpersonMaxValidation" time="1.475"/>
  <system-out/>
  <testcase classname="org.test.TeamModule" name="maxValidationLocationNameField" time="1.540"/>
  <system-out/>
  <testcase classname="org.test.TeamModule" name="validateEmailField" time="0.173"/>
  <system-out/>
  <testcase classname="org.test.TeamModule" name="maxValidationEmailField" time="1.286"/>
  <system-out/>
  <testcase classname="org.test.TeamModule" name="minValidationPhoneNumberField" time="0.322"/>
  <system-out/>
  <testcase classname="org.test.TeamModule" name="maxValidationPhoneNumberField" time="0.304"/>
  <system-out/>
  <testcase classname="org.test.TeamModule" name="maxValidationAddress1Field" time="1.361"/>
  <system-out/>
  <testcase classname="org.test.TeamModule" name="maxValidationAddress2Field" time="1.296"/>
  <system-out/>
  <testcase classname="org.test.TeamModule" name="maxValidationStateField" time="1.272"/>
  <system-out/>
  <testcase classname="org.test.TeamModule" name="maxValidationCityField" time="1.444"/>
  <system-out/>
  <testcase classname="org.test.TeamModule" name="maxValidationZipcodeField" time="0.212"/>
  <system-out/>
  <testcase classname="org.test.TeamModule" name="minValidationZipcodeField" time="0.135"/>
  <system-out/>
  <testcase classname="org.test.TeamModule" name="characterValidationZipcodeField" time="0.150"/>
  <system-out/>
  <testcase classname="org.test.TeamModule" name="maxValidationContactPerson" time="1.382"/>
  <system-out/>
  <testcase classname="org.test.TeamModule" name="verifySaveButtonExist" time="0.045"/>
  <system-out/>
  <testcase classname="org.test.TeamModule" name="createContract" time="3.697"/>
  <system-out/>
  <testcase classname="org.test.TeamModule" name="listValidationName" time="2.104"/>
  <system-out/>
  <testcase classname="org.test.TeamModule" name="searchCompanyNameListValidation" time="1.440"/>
  <system-out/>
  <testcase classname="org.test.TeamModule" name="searchNameListValidation" time="1.391"/>
  <system-out/>
  <testcase classname="org.test.TeamModule" name="searchEmailListValidation" time="1.420"/>
  <system-out/>
  <testcase classname="org.test.TeamModule" name="searchPhoneNumberListValidation" time="1.398"/>
  <system-out/>
  <testcase classname="org.test.TeamModule" name="invalidValidationData" time="1.328"/>
  <system-out/>
  <testcase classname="org.test.TeamModule" name="editContractorPage" time="1.900"/>
  <system-out/>
  <testcase classname="org.test.TeamModule" name="editContractorDetails" time="4.523"/>
  <system-out/>
  <testcase classname="org.test.TeamModule" name="deleteContractorDetails" time="2.605"/>
  <system-out/>
  <testcase classname="org.test.TeamModule" name="landingUserFormPage" time="1.923"/>
  <system-out/>
  <testcase classname="org.test.TeamModule" name="maxSizeLogoField" time="1.741"/>
  <system-out/>
  <testcase classname="org.test.TeamModule" name="fileFormatValidation" time="1.809"/>
  <system-out/>
  <testcase classname="org.test.TeamModule" name="mandatoryValidationFirstNameField" time="0.292"/>
  <system-out/>
  <testcase classname="org.test.TeamModule" name="mandatoryValidationEmailField" time="0.294"/>
  <system-out/>
  <testcase classname="org.test.TeamModule" name="maxValidationFirstNameField" time="0.683"/>
  <system-out/>
  <testcase classname="org.test.TeamModule" name="mandatoryValidationTypeField" time="0.506"/>
  <system-out/>
  <testcase classname="org.test.TeamModule" name="maxValidationLastNameField" time="0.641"/>
  <system-out/>
  <testcase classname="org.test.TeamModule" name="maxValidationJobTittleField" time="0.662"/>
  <system-out/>
  <testcase classname="org.test.TeamModule" name="maxValidationEmailFields" time="0.694"/>
  <system-out/>
  <testcase classname="org.test.TeamModule" name="invalidEmailValidation" time="0.212"/>
  <system-out/>
  <testcase classname="org.test.TeamModule" name="minValidatonPhoneNumber" time="0.303"/>
  <system-out/>
  <testcase classname="org.test.TeamModule" name="maxValidatonPhoneNumber" time="0.482"/>
  <system-out/>
  <testcase classname="org.test.TeamModule" name="maxValidationLocationName" time="0.666"/>
  <system-out/>
  <testcase classname="org.test.TeamModule" name="maxValidationAddress1" time="0.650"/>
  <system-out/>
  <testcase classname="org.test.TeamModule" name="maxValidationAddress2" time="0.692"/>
  <system-out/>
  <testcase classname="org.test.TeamModule" name="maxValidationState" time="0.660"/>
  <system-out/>
  <testcase classname="org.test.TeamModule" name="maxValidationCity" time="0.646"/>
  <system-out/>
  <testcase classname="org.test.TeamModule" name="minValidationZipcode" time="0.165"/>
  <system-out/>
  <testcase classname="org.test.TeamModule" name="specialCharacterValidationContractorZipcode" time="0.139"/>
  <system-out/>
  <testcase classname="org.test.TeamModule" name="specialCharacterValidationZipcode" time="0.152"/>
  <system-out/>
  <testcase classname="org.test.TeamModule" name="maxValidationZipcode" time="0.320"/>
  <system-out/>
  <testcase classname="org.test.TeamModule" name="userCreate" time="5.614"/>
  <system-out/>
  <testcase classname="org.test.TeamModule" name="createdListName" time="1.596"/>
  <system-out/>
  <testcase classname="org.test.TeamModule" name="alreadyExistedMailValidation" time="3.683"/>
  <system-out/>
  <testcase classname="org.test.TeamModule" name="searchNameValidation" time="15.159"/>
  <system-out/>
  <testcase classname="org.test.TeamModule" name="searchPhoneNumberValidation" time="15.186"/>
  <system-out/>
  <testcase classname="org.test.TeamModule" name="searchEmailValidation" time="16.251"/>
  <system-out/>
  <testcase classname="org.test.TeamModule" name="invalidDataValidation" time="14.949"/>
  <system-out/>
  <testcase classname="org.test.TeamModule" name="landingOnEditForm" time="2.426"/>
  <system-out/>
  <testcase classname="org.test.TeamModule" name="editUserDetails" time="5.547"/>
  <system-out/>
  <testcase classname="org.test.TeamModule" name="deleteUserDetails" time="3.129"/>
  <system-out/>
  <testcase classname="org.test.TeamModule" name="landingContractorFormPage" time="1.423"/>
  <system-out/>
  <testcase classname="org.test.TeamModule" name="contractorMaximumSizeLogoValidation" time="1.752"/>
  <system-out/>
  <testcase classname="org.test.TeamModule" name="fileFormatValidations" time="1.822"/>
  <system-out/>
  <testcase classname="org.test.TeamModule" name="mandatoryValidationContractorFirstNameField" time="0.281"/>
  <system-out/>
  <testcase classname="org.test.TeamModule" name="mandatoryValidationContractorEmailField" time="0.301"/>
  <system-out/>
  <testcase classname="org.test.TeamModule" name="mandatoryOrganizationName" time="0.705"/>
  <system-out/>
  <testcase classname="org.test.TeamModule" name="maxValidationContractorFirstNameField" time="0.695"/>
  <system-out/>
  <testcase classname="org.test.TeamModule" name="maxValidationContractorLastNameField" time="0.674"/>
  <system-out/>
  <testcase classname="org.test.TeamModule" name="invalidContractorEmailValidation" time="0.222"/>
  <system-out/>
  <testcase classname="org.test.TeamModule" name="maxValidationContractorEmailFields" time="0.921"/>
  <system-out/>
  <testcase classname="org.test.TeamModule" name="minValidatonContractorPhoneNumber" time="0.320"/>
  <system-out/>
  <testcase classname="org.test.TeamModule" name="maxValidatonContractorPhoneNumber" time="0.493"/>
  <system-out/>
  <testcase classname="org.test.TeamModule" name="maxValidationContractorLocationName" time="0.764"/>
  <system-out/>
  <testcase classname="org.test.TeamModule" name="maxValidationContractorAddress1" time="0.803"/>
  <system-out/>
  <testcase classname="org.test.TeamModule" name="maxValidationContractorAddress2" time="0.801"/>
  <system-out/>
  <testcase classname="org.test.TeamModule" name="maxValidationContractorState" time="0.758"/>
  <system-out/>
  <testcase classname="org.test.TeamModule" name="maxValidationContractorCity" time="0.716"/>
  <system-out/>
  <testcase classname="org.test.TeamModule" name="minValidationContractorZipcode" time="0.178"/>
  <system-out/>
  <testcase classname="org.test.TeamModule" name="maxValidationContractorZipcode" time="0.335"/>
  <system-out/>
  <testcase classname="org.test.TeamModule" name="userContractorCreate" time="5.659"/>
  <system-out/>
  <testcase classname="org.test.TeamModule" name="createdContractorListName" time="1.725"/>
  <system-out/>
  <testcase classname="org.test.TeamModule" name="alreadyExistedContractorMailValidation" time="3.350"/>
  <system-out/>
  <testcase classname="org.test.TeamModule" name="searchContractorNameValidation" time="16.997"/>
  <system-out/>
  <testcase classname="org.test.TeamModule" name="searchContractorPhoneNumberValidation" time="15.337"/>
  <system-out/>
  <testcase classname="org.test.TeamModule" name="searchContractorEmailValidation" time="15.869"/>
  <system-out/>
  <testcase classname="org.test.TeamModule" name="filterByCompany" time="1.678"/>
  <system-out/>
  <testcase classname="org.test.TeamModule" name="invalidDatasValidation" time="15.533"/>
  <system-out/>
  <testcase classname="org.test.TeamModule" name="landingOnContractorEditForm" time="1.951"/>
  <system-out/>
  <testcase classname="org.test.TeamModule" name="editContractorDetail" time="7.537"/>
  <system-out/>
  <testcase classname="org.test.TeamModule" name="deleteContractorDetail" time="3.613"/>
  <system-out/>
  <testcase classname="org.test.TeamModule" name="landOnSendInvitePage" time="0.909"/>
  <system-out/>
  <testcase classname="org.test.TeamModule" name="verifyEmailRequired" time="0.119"/>
  <system-out/>
  <testcase classname="org.test.TeamModule" name="verfiyEmailFormat" time="1.250"/>
  <system-out/>
  <testcase classname="org.test.TeamModule" name="verifyFirstName" time="0.261"/>
  <system-out/>
  <testcase classname="org.test.TeamModule" name="verifyFirstNamewithBlankSpace" time="2.246"/>
  <system-out/>
  <testcase classname="org.test.TeamModule" name="verifyUserEnterMessage" time="0.361"/>
  <system-out/>
  <testcase classname="org.test.TeamModule" name="verfiyAddMoreButton" time="0.108"/>
  <system-out/>
  <testcase classname="org.test.TeamModule" name="verifyUserSendInvite" time="5.054"/>
  <system-out/>
</testsuite> <!-- org.test.TeamModule -->
