<?xml version="1.0" encoding="UTF-8"?>
<!-- Generated by org.testng.reporters.JUnitReportReporter -->
<<<<<<< HEAD
<<<<<<< HEAD
<testsuite hostname="DESKTOP-5M7AM2E" failures="0" tests="6" name="org.enhancement.CustomerOrganizationRequest" time="90.512" errors="0" timestamp="2023-05-22T20:03:10 IST" skipped="0">
  <testcase classname="org.enhancement.CustomerOrganizationRequest" name="loginPage" time="41.561"/>
  <system-out/>
  <testcase classname="org.enhancement.CustomerOrganizationRequest" name="organizationModule" time="4.297"/>
  <system-out/>
  <testcase classname="org.enhancement.CustomerOrganizationRequest" name="createOrganization" time="20.434"/>
  <system-out/>
  <testcase classname="org.enhancement.CustomerOrganizationRequest" name="listabelValidation" time="7.415"/>
  <system-out/>
  <testcase classname="org.enhancement.CustomerOrganizationRequest" name="labelValidation" time="0.897"/>
  <system-out/>
  <testcase classname="org.enhancement.CustomerOrganizationRequest" name="createRequest_FromDateandTime_ToDateandTime" time="15.908"/>
=======
<testsuite hostname="DESKTOP-5M7AM2E" failures="0" tests="6" name="org.enhancement.CustomerOrganizationRequest" time="90.865" errors="0" timestamp="2023-05-25T11:49:57 IST" skipped="0">
  <testcase classname="org.enhancement.CustomerOrganizationRequest" name="loginPage" time="28.254"/>
=======
<testsuite hostname="DESKTOP-5M7AM2E" failures="0" tests="10" name="org.enhancement.CustomerOrganizationRequest" time="230.925" errors="0" timestamp="2023-06-04T11:22:12 IST" skipped="0">
  <testcase classname="org.enhancement.CustomerOrganizationRequest" name="loginPage" time="21.592"/>
>>>>>>> 8f032e9abfd9edfc56ded76230782504aeca4741
  <system-out/>
  <testcase classname="org.enhancement.CustomerOrganizationRequest" name="organizationModule" time="7.624"/>
  <system-out/>
  <testcase classname="org.enhancement.CustomerOrganizationRequest" name="listabelValidation" time="8.994"/>
  <system-out/>
  <testcase classname="org.enhancement.CustomerOrganizationRequest" name="createOrganization" time="23.587"/>
  <system-out/>
  <testcase classname="org.enhancement.CustomerOrganizationRequest" name="labelValidation" time="1.016"/>
  <system-out/>
<<<<<<< HEAD
  <testcase classname="org.enhancement.CustomerOrganizationRequest" name="createRequest_FromDateandTime_ToDateandTime" time="17.985"/>
>>>>>>> c5699b793ecef34ca60eb49f33139d209ba1ec97
=======
  <testcase classname="org.enhancement.CustomerOrganizationRequest" name="createRequest_FromDateandTime_ToDateandTime" time="29.543"/>
  <system-out/>
  <testcase classname="org.enhancement.CustomerOrganizationRequest" name="createRequest_FromDateandTime_ToDateandTime" time="30.356"/>
  <system-out/>
  <testcase classname="org.enhancement.CustomerOrganizationRequest" name="createRequest_FromDateandTime_ToDateandTime" time="37.449"/>
  <system-out/>
  <testcase classname="org.enhancement.CustomerOrganizationRequest" name="createRequest_FromDateandTime_ToDateandTime" time="39.723"/>
  <system-out/>
  <testcase classname="org.enhancement.CustomerOrganizationRequest" name="createRequest_FromDateandTime_ToDateandTime" time="31.041"/>
>>>>>>> 8f032e9abfd9edfc56ded76230782504aeca4741
  <system-out/>
</testsuite> <!-- org.enhancement.CustomerOrganizationRequest -->
