<?xml version="1.0" encoding="UTF-8"?>
<!-- Generated by org.testng.reporters.JUnitReportReporter -->
<testsuite hostname="DESKTOP-5M7AM2E" failures="0" tests="27" name="org.test.GlobalContactJob" time="170.206" errors="0" timestamp="2023-01-26T17:38:53 IST" skipped="0">
  <testcase classname="org.test.GlobalContactJob" name="loginPage" time="34.238"/>
  <system-out/>
  <testcase classname="org.test.GlobalContactJob" name="jobModule" time="7.857"/>
  <system-out/>
  <testcase classname="org.test.GlobalContactJob" name="contactMandatoryValidation" time="8.039"/>
  <system-out/>
  <testcase classname="org.test.GlobalContactJob" name="autoCompleteContactCreation" time="6.750"/>
  <system-out/>
  <testcase classname="org.test.GlobalContactJob" name="maximumValidationTittle" time="1.367"/>
  <system-out/>
  <testcase classname="org.test.GlobalContactJob" name="mandatoryValidationDescription" time="0.185"/>
  <system-out/>
  <testcase classname="org.test.GlobalContactJob" name="maximumValidationDescription" time="7.129"/>
  <system-out/>
  <testcase classname="org.test.GlobalContactJob" name="maximumTagValidation" time="0.875"/>
  <system-out/>
  <testcase classname="org.test.GlobalContactJob" name="duplicateTagsValidation" time="0.419"/>
  <system-out/>
  <testcase classname="org.test.GlobalContactJob" name="maxTagLimitValidation" time="10.111"/>
  <system-out/>
  <testcase classname="org.test.GlobalContactJob" name="maximumValidationNotes" time="7.327"/>
  <system-out/>
  <testcase classname="org.test.GlobalContactJob" name="unsssignedJob" time="12.873"/>
  <system-out/>
  <testcase classname="org.test.GlobalContactJob" name="jobUnassignedStatus" time="4.289"/>
  <system-out/>
  <testcase classname="org.test.GlobalContactJob" name="createJob_FromDateandTime_ToDateandTime" time="34.214"/>
  <system-out/>
  <testcase classname="org.test.GlobalContactJob" name="jobScheduleStatus" time="4.798"/>
  <system-out/>
  <testcase classname="org.test.GlobalContactJob" name="dispatchedJob" time="3.909"/>
  <system-out/>
  <testcase classname="org.test.GlobalContactJob" name="jobDispatchedStatus" time="0.132"/>
  <system-out/>
  <testcase classname="org.test.GlobalContactJob" name="startedJob" time="3.847"/>
  <system-out/>
  <testcase classname="org.test.GlobalContactJob" name="jobStartedStatus" time="0.350"/>
  <system-out/>
  <testcase classname="org.test.GlobalContactJob" name="completedJob" time="3.881"/>
  <system-out/>
  <testcase classname="org.test.GlobalContactJob" name="cancelledJob" time="3.919"/>
  <system-out/>
  <testcase classname="org.test.GlobalContactJob" name="jobCancelledStatus" time="0.478"/>
  <system-out/>
  <testcase classname="org.test.GlobalContactJob" name="searchCustomerName" time="2.144"/>
  <system-out/>
  <testcase classname="org.test.GlobalContactJob" name="searchJobNo" time="2.736"/>
  <system-out/>
  <testcase classname="org.test.GlobalContactJob" name="searchLocation" time="2.917"/>
  <system-out/>
  <testcase classname="org.test.GlobalContactJob" name="searchFilterByDate" time="4.199"/>
  <system-out/>
  <testcase classname="org.test.GlobalContactJob" name="searchInvalid" time="1.223"/>
  <system-out/>
</testsuite> <!-- org.test.GlobalContactJob -->
