<?xml version="1.0" encoding="UTF-8"?>
<!-- Generated by org.testng.reporters.JUnitReportReporter -->
<testsuite hostname="DESKTOP-5M7AM2E" failures="0" tests="10" name="org.enhancement.CustomerContactRequest" time="154.518" errors="0" timestamp="2023-06-04T11:22:12 IST" skipped="0">
  <testcase classname="org.enhancement.CustomerContactRequest" name="loginPage" time="21.752"/>
  <system-out/>
  <testcase classname="org.enhancement.CustomerContactRequest" name="contactModule" time="10.121"/>
  <system-out/>
  <testcase classname="org.enhancement.CustomerContactRequest" name="CreateContact" time="14.466"/>
  <system-out/>
  <testcase classname="org.enhancement.CustomerContactRequest" name="listabelValidation" time="10.009"/>
  <system-out/>
  <testcase classname="org.enhancement.CustomerContactRequest" name="labelValidation" time="2.839"/>
  <system-out/>
  <testcase classname="org.enhancement.CustomerContactRequest" name="createRequest_FromDateandTime_ToDateandTime" time="19.087"/>
  <system-out/>
  <testcase classname="org.enhancement.CustomerContactRequest" name="createRequest_FromDateandTime_ToDateandTime" time="19.429"/>
  <system-out/>
  <testcase classname="org.enhancement.CustomerContactRequest" name="createRequest_FromDateandTime_ToDateandTime" time="19.114"/>
  <system-out/>
  <testcase classname="org.enhancement.CustomerContactRequest" name="createRequest_FromDateandTime_ToDateandTime" time="19.262"/>
  <system-out/>
  <testcase classname="org.enhancement.CustomerContactRequest" name="createRequest_FromDateandTime_ToDateandTime" time="18.439"/>
  <system-out/>
</testsuite> <!-- org.enhancement.CustomerContactRequest -->
