<?xml version="1.0" encoding="UTF-8"?>
<!-- Generated by org.testng.reporters.JUnitReportReporter -->
<testsuite hostname="DESKTOP-5M7AM2E" failures="0" tests="9" name="org.enhancement.CustomerContactInvoice" time="143.096" errors="0" timestamp="2023-06-19T18:33:28 IST" skipped="0">
  <testcase classname="org.enhancement.CustomerContactInvoice" name="loginPage" time="46.253"/>
  <system-out/>
  <testcase classname="org.enhancement.CustomerContactInvoice" name="contactModule" time="5.058"/>
  <system-out/>
  <testcase classname="org.enhancement.CustomerContactInvoice" name="CreateContact" time="14.708"/>
  <system-out/>
  <testcase classname="org.enhancement.CustomerContactInvoice" name="labelValidation" time="6.917"/>
  <system-out/>
  <testcase classname="org.enhancement.CustomerContactInvoice" name="createInvoice" time="13.346"/>
  <system-out/>
  <testcase classname="org.enhancement.CustomerContactInvoice" name="createInvoice" time="14.076"/>
  <system-out/>
  <testcase classname="org.enhancement.CustomerContactInvoice" name="createInvoice" time="14.997"/>
  <system-out/>
  <testcase classname="org.enhancement.CustomerContactInvoice" name="createInvoice" time="14.274"/>
  <system-out/>
  <testcase classname="org.enhancement.CustomerContactInvoice" name="createInvoice" time="13.467"/>
  <system-out/>
</testsuite> <!-- org.enhancement.CustomerContactInvoice -->
