<?xml version="1.0" encoding="UTF-8"?>
<!-- Generated by org.testng.reporters.JUnitReportReporter -->
<testsuite hostname="DESKTOP-5M7AM2E" failures="0" tests="6" name="org.enhancement.CustomerContactQuote" time="104.760" errors="0" timestamp="2023-04-23T11:13:03 IST" skipped="0">
  <testcase classname="org.enhancement.CustomerContactQuote" name="loginPage" time="44.486"/>
  <system-out/>
  <testcase classname="org.enhancement.CustomerContactQuote" name="contactModule" time="7.702"/>
  <system-out/>
  <testcase classname="org.enhancement.CustomerContactQuote" name="CreateContact" time="20.008"/>
  <system-out/>
  <testcase classname="org.enhancement.CustomerContactQuote" name="listabelValidation" time="12.402"/>
  <system-out/>
  <testcase classname="org.enhancement.CustomerContactQuote" name="labelValidation" time="2.221"/>
  <system-out/>
  <testcase classname="org.enhancement.CustomerContactQuote" name="createQuote" time="17.941"/>
  <system-out/>
</testsuite> <!-- org.enhancement.CustomerContactQuote -->
