<?xml version="1.0" encoding="UTF-8"?>
<!-- Generated by org.testng.reporters.JUnitReportReporter -->
<testsuite hostname="DESKTOP-5M7AM2E" failures="0" tests="69" name="org.test.GlobalOrganizationInvoice" time="141.645" errors="0" timestamp="2023-02-20T18:40:39 IST" skipped="0">
  <testcase classname="org.test.GlobalOrganizationInvoice" name="loginPage" time="19.422"/>
  <system-out/>
  <testcase classname="org.test.GlobalOrganizationInvoice" name="invoiceModule" time="5.873"/>
  <system-out/>
  <testcase classname="org.test.GlobalOrganizationInvoice" name="contactMandatoryValidation" time="0.928"/>
  <system-out/>
  <testcase classname="org.test.GlobalOrganizationInvoice" name="mandatoryValidationDeuDate" time="0.082"/>
  <system-out/>
  <testcase classname="org.test.GlobalOrganizationInvoice" name="mandatoryValidationInventoryItem" time="0.080"/>
  <system-out/>
  <testcase classname="org.test.GlobalOrganizationInvoice" name="mandatoryValidationQunatity" time="0.090"/>
  <system-out/>
  <testcase classname="org.test.GlobalOrganizationInvoice" name="mandatoryValidationPrice" time="0.091"/>
  <system-out/>
  <testcase classname="org.test.GlobalOrganizationInvoice" name="mandatoryValidationDescription" time="0.086"/>
  <system-out/>
  <testcase classname="org.test.GlobalOrganizationInvoice" name="autoCompleteContactCreation" time="11.500"/>
  <system-out/>
  <testcase classname="org.test.GlobalOrganizationInvoice" name="autoCompleteOrganizationContactCreation" time="5.316"/>
  <system-out/>
  <testcase classname="org.test.GlobalOrganizationInvoice" name="maximumValidationReference" time="0.365"/>
  <system-out/>
  <testcase classname="org.test.GlobalOrganizationInvoice" name="maximumValidationInvoiceTittle" time="0.929"/>
  <system-out/>
  <testcase classname="org.test.GlobalOrganizationInvoice" name="maximumValidationInventoryItem" time="0.998"/>
  <system-out/>
  <testcase classname="org.test.GlobalOrganizationInvoice" name="emptyValidationQuantityField" time="0.277"/>
  <system-out/>
  <testcase classname="org.test.GlobalOrganizationInvoice" name="maxQuanitityLimit" time="0.431"/>
  <system-out/>
  <testcase classname="org.test.GlobalOrganizationInvoice" name="afterDecimalPointValidationQuantityField" time="0.248"/>
  <system-out/>
  <testcase classname="org.test.GlobalOrganizationInvoice" name="beforeDecimalPointValidationQuantityField" time="0.411"/>
  <system-out/>
  <testcase classname="org.test.GlobalOrganizationInvoice" name="emptyValidationPriceField" time="0.283"/>
  <system-out/>
  <testcase classname="org.test.GlobalOrganizationInvoice" name="maxPriceLimit" time="0.255"/>
  <system-out/>
  <testcase classname="org.test.GlobalOrganizationInvoice" name="beforeDecimalPointPriceField" time="0.338"/>
  <system-out/>
  <testcase classname="org.test.GlobalOrganizationInvoice" name="afterDecimalPointPriceField" time="0.330"/>
  <system-out/>
  <testcase classname="org.test.GlobalOrganizationInvoice" name="afterDecimalPointDiscountField" time="0.360"/>
  <system-out/>
  <testcase classname="org.test.GlobalOrganizationInvoice" name="beforeDecimalPointDiscountField" time="0.222"/>
  <system-out/>
  <testcase classname="org.test.GlobalOrganizationInvoice" name="maxLimitDiscountField" time="0.229"/>
  <system-out/>
  <testcase classname="org.test.GlobalOrganizationInvoice" name="afterDecimalPointTaxField" time="0.273"/>
  <system-out/>
  <testcase classname="org.test.GlobalOrganizationInvoice" name="beforeDecimalPointTaxField" time="0.275"/>
  <system-out/>
  <testcase classname="org.test.GlobalOrganizationInvoice" name="maxLimitTaxField" time="0.311"/>
  <system-out/>
  <testcase classname="org.test.GlobalOrganizationInvoice" name="maximumValidationDescription" time="2.310"/>
  <system-out/>
  <testcase classname="org.test.GlobalOrganizationInvoice" name="maximumValidationNotes" time="4.615"/>
  <system-out/>
  <testcase classname="org.test.GlobalOrganizationInvoice" name="expiryFieldPastDateValidation" time="2.685"/>
  <system-out/>
  <testcase classname="org.test.GlobalOrganizationInvoice" name="validateCalculation" time="1.091"/>
  <system-out/>
  <testcase classname="org.test.GlobalOrganizationInvoice" name="createInvoice" time="5.994"/>
  <system-out/>
  <testcase classname="org.test.GlobalOrganizationInvoice" name="editLableValidation" time="11.062"/>
  <system-out/>
  <testcase classname="org.test.GlobalOrganizationInvoice" name="mandatoryValidationEditDueDate" time="1.223"/>
  <system-out/>
  <testcase classname="org.test.GlobalOrganizationInvoice" name="mandatoryValidationEditQunatity" time="0.101"/>
  <system-out/>
  <testcase classname="org.test.GlobalOrganizationInvoice" name="mandatoryValidationEditPrice" time="0.081"/>
  <system-out/>
  <testcase classname="org.test.GlobalOrganizationInvoice" name="mandatoryValidationEditDescription" time="0.079"/>
  <system-out/>
  <testcase classname="org.test.GlobalOrganizationInvoice" name="maximumValidationEditReference" time="0.845"/>
  <system-out/>
  <testcase classname="org.test.GlobalOrganizationInvoice" name="maximumValidationEditInvoiceTittle" time="0.909"/>
  <system-out/>
  <testcase classname="org.test.GlobalOrganizationInvoice" name="maximumValidationEditInventoryItem" time="1.056"/>
  <system-out/>
  <testcase classname="org.test.GlobalOrganizationInvoice" name="emptyValidationEditQuantityField" time="0.266"/>
  <system-out/>
  <testcase classname="org.test.GlobalOrganizationInvoice" name="maxEditQuanitityLimit" time="0.415"/>
  <system-out/>
  <testcase classname="org.test.GlobalOrganizationInvoice" name="afterEditDecimalPointValidationQuantityField" time="0.254"/>
  <system-out/>
  <testcase classname="org.test.GlobalOrganizationInvoice" name="beforeEditDecimalPointValidationQuantityField" time="0.375"/>
  <system-out/>
  <testcase classname="org.test.GlobalOrganizationInvoice" name="emptyValidationEditPriceField" time="0.294"/>
  <system-out/>
  <testcase classname="org.test.GlobalOrganizationInvoice" name="maxEditPriceLimit" time="0.247"/>
  <system-out/>
  <testcase classname="org.test.GlobalOrganizationInvoice" name="beforeEditDecimalPointPriceField" time="0.283"/>
  <system-out/>
  <testcase classname="org.test.GlobalOrganizationInvoice" name="afterEditDecimalPointPriceField" time="0.326"/>
  <system-out/>
  <testcase classname="org.test.GlobalOrganizationInvoice" name="afterEditDecimalPointDiscountField" time="0.327"/>
  <system-out/>
  <testcase classname="org.test.GlobalOrganizationInvoice" name="beforeEditDecimalPointDiscountField" time="0.239"/>
  <system-out/>
  <testcase classname="org.test.GlobalOrganizationInvoice" name="maxLimitEditDiscountField" time="0.211"/>
  <system-out/>
  <testcase classname="org.test.GlobalOrganizationInvoice" name="afterDecimalEditPointTaxField" time="0.276"/>
  <system-out/>
  <testcase classname="org.test.GlobalOrganizationInvoice" name="beforeDecimalEditPointTaxField" time="0.254"/>
  <system-out/>
  <testcase classname="org.test.GlobalOrganizationInvoice" name="maxEditLimitTaxField" time="0.322"/>
  <system-out/>
  <testcase classname="org.test.GlobalOrganizationInvoice" name="maximumEditValidationDescription" time="2.083"/>
  <system-out/>
  <testcase classname="org.test.GlobalOrganizationInvoice" name="maximumEditValidationNotes" time="4.548"/>
  <system-out/>
  <testcase classname="org.test.GlobalOrganizationInvoice" name="expiryEditFieldPastDateValidation" time="2.669"/>
  <system-out/>
  <testcase classname="org.test.GlobalOrganizationInvoice" name="updatedInvoice" time="6.986"/>
  <system-out/>
  <testcase classname="org.test.GlobalOrganizationInvoice" name="draftInvoice" time="21.768"/>
  <system-out/>
  <testcase classname="org.test.GlobalOrganizationInvoice" name="createdQuoteStatus" time="0.070"/>
  <system-out/>
  <testcase classname="org.test.GlobalOrganizationInvoice" name="UpdatedInvociePartialPayment" time="4.014"/>
  <system-out/>
  <testcase classname="org.test.GlobalOrganizationInvoice" name="partialPaidAmount" time="0.069"/>
  <system-out/>
  <testcase classname="org.test.GlobalOrganizationInvoice" name="fullyPaidAmount" time="2.379"/>
  <system-out/>
  <testcase classname="org.test.GlobalOrganizationInvoice" name="UpdatedInvociePaid" time="0.774"/>
  <system-out/>
  <testcase classname="org.test.GlobalOrganizationInvoice" name="listCustomerName" time="2.412"/>
  <system-out/>
  <testcase classname="org.test.GlobalOrganizationInvoice" name="listInvoiceNo" time="1.552"/>
  <system-out/>
  <testcase classname="org.test.GlobalOrganizationInvoice" name="listQuoteReference" time="1.512"/>
  <system-out/>
  <testcase classname="org.test.GlobalOrganizationInvoice" name="filterDateInvoice" time="3.337"/>
  <system-out/>
  <testcase classname="org.test.GlobalOrganizationInvoice" name="listInvalid" time="1.329"/>
  <system-out/>
</testsuite> <!-- org.test.GlobalOrganizationInvoice -->
