<?xml version="1.0" encoding="UTF-8"?>
<!-- Generated by org.testng.reporters.JUnitReportReporter -->
<testsuite hostname="DESKTOP-5M7AM2E" failures="0" tests="7" name="org.test.Login" time="31.707" errors="0" timestamp="2023-01-12T00:27:17 IST" skipped="0">
  <testcase classname="org.test.Login" name="verifyEmptyEmail" time="3.625"/>
  <system-out/>
  <testcase classname="org.test.Login" name="verifyEmptyPassword" time="3.289"/>
  <system-out/>
  <testcase classname="org.test.Login" name="verifyIncorrectMail" time="2.376"/>
  <system-out/>
  <testcase classname="org.test.Login" name="verifyIncorrectPassword" time="2.485"/>
  <system-out/>
  <testcase classname="org.test.Login" name="verifyInvalidEmail" time="1.915"/>
  <system-out/>
  <testcase classname="org.test.Login" name="verifyInvalidCredentials" time="2.515"/>
  <system-out/>
  <testcase classname="org.test.Login" name="verify" time="15.502"/>
  <system-out/>
</testsuite> <!-- org.test.Login -->
