<?xml version="1.0" encoding="UTF-8"?>
<!-- Generated by org.testng.reporters.JUnitReportReporter -->
<testsuite hostname="DESKTOP-5M7AM2E" failures="0" tests="4" name="org.enhancement.CategoryModule" time="37.771" errors="0" timestamp="2023-05-25T11:49:57 IST" skipped="0">
  <testcase classname="org.enhancement.CategoryModule" name="loginPage" time="25.299"/>
  <system-out/>
  <testcase classname="org.enhancement.CategoryModule" name="settingModule" time="2.035"/>
  <system-out/>
  <testcase classname="org.enhancement.CategoryModule" name="createFormLabel" time="1.994"/>
  <system-out/>
  <testcase classname="org.enhancement.CategoryModule" name="createCategoryProduct" time="8.443"/>
  <system-out/>
</testsuite> <!-- org.enhancement.CategoryModule -->
