<?xml version="1.0" encoding="UTF-8"?>
<!-- Generated by org.testng.reporters.JUnitReportReporter -->
<testsuite hostname="DESKTOP-5M7AM2E" failures="0" tests="70" name="org.test.CustomerOrganizationInvoice" time="582.023" errors="2" timestamp="2023-05-14T13:43:06 IST" skipped="6">
  <testcase classname="org.test.CustomerOrganizationInvoice" name="loginPage" time="20.482"/>
  <system-out/>
  <testcase classname="org.test.CustomerOrganizationInvoice" name="modulePage" time="7.773"/>
  <system-out/>
  <testcase classname="org.test.CustomerOrganizationInvoice" name="createOrganization" time="22.616"/>
  <system-out/>
  <testcase classname="org.test.CustomerOrganizationInvoice" name="labelValidation" time="10.408"/>
  <system-out/>
  <testcase classname="org.test.CustomerOrganizationInvoice" name="namePrepopulation" time="5.338"/>
  <system-out/>
  <testcase classname="org.test.CustomerOrganizationInvoice" name="autoCompleteOrganizationContactCreation" time="11.761"/>
  <system-out/>
  <testcase classname="org.test.CustomerOrganizationInvoice" name="mandatoryValidationDeuDate" time="0.538"/>
  <system-out/>
  <testcase classname="org.test.CustomerOrganizationInvoice" name="mandatoryValidationInventoryItem" time="0.060"/>
  <system-out/>
  <testcase classname="org.test.CustomerOrganizationInvoice" name="mandatoryValidationPrice" time="0.056"/>
  <system-out/>
  <testcase classname="org.test.CustomerOrganizationInvoice" name="mandatoryValidationQunatity" time="0.061"/>
  <system-out/>
  <testcase classname="org.test.CustomerOrganizationInvoice" name="mandatoryValidationDescription" time="0.055"/>
  <system-out/>
  <testcase classname="org.test.CustomerOrganizationInvoice" name="maximumValidationReference" time="6.006"/>
  <system-out/>
  <testcase classname="org.test.CustomerOrganizationInvoice" name="maximumValidationInvoiceTittle" time="0.681"/>
  <system-out/>
  <testcase classname="org.test.CustomerOrganizationInvoice" name="maximumValidationInventoryItem" time="1.018"/>
  <system-out/>
  <testcase classname="org.test.CustomerOrganizationInvoice" name="emptyValidationQuantityField" time="0.182"/>
  <system-out/>
  <testcase classname="org.test.CustomerOrganizationInvoice" name="maxQuanitityLimit" time="0.256"/>
  <system-out/>
  <testcase classname="org.test.CustomerOrganizationInvoice" name="afterDecimalPointValidationQuantityField" time="0.179"/>
  <system-out/>
  <testcase classname="org.test.CustomerOrganizationInvoice" name="beforeDecimalPointValidationQuantityField" time="0.279"/>
  <system-out/>
  <testcase classname="org.test.CustomerOrganizationInvoice" name="emptyValidationPriceField" time="0.199"/>
  <system-out/>
  <testcase classname="org.test.CustomerOrganizationInvoice" name="maxPriceLimit" time="0.209"/>
  <system-out/>
  <testcase classname="org.test.CustomerOrganizationInvoice" name="beforeDecimalPointPriceField" time="0.209"/>
  <system-out/>
  <testcase classname="org.test.CustomerOrganizationInvoice" name="afterDecimalPointPriceField" time="0.230"/>
  <system-out/>
  <testcase classname="org.test.CustomerOrganizationInvoice" name="afterDecimalPointDiscountField" time="0.207"/>
  <system-out/>
  <testcase classname="org.test.CustomerOrganizationInvoice" name="beforeDecimalPointDiscountField" time="0.171"/>
  <system-out/>
  <testcase classname="org.test.CustomerOrganizationInvoice" name="maxLimitDiscountField" time="0.237"/>
  <system-out/>
  <testcase classname="org.test.CustomerOrganizationInvoice" name="afterDecimalPointTaxField" time="2.293">
    <skipped/>
  </testcase> <!-- afterDecimalPointTaxField -->
  <system-out/>
  <testcase classname="org.test.CustomerOrganizationInvoice" name="beforeDecimalPointTaxField" time="2.276">
    <skipped/>
  </testcase> <!-- beforeDecimalPointTaxField -->
  <system-out/>
  <testcase classname="org.test.CustomerOrganizationInvoice" name="maxLimitTaxField" time="2.295">
    <skipped/>
  </testcase> <!-- maxLimitTaxField -->
  <system-out/>
  <testcase classname="org.test.CustomerOrganizationInvoice" name="maximumValidationDescription" time="1.792"/>
  <system-out/>
  <testcase classname="org.test.CustomerOrganizationInvoice" name="maximumValidationNotes" time="48.263"/>
  <system-out/>
  <testcase classname="org.test.CustomerOrganizationInvoice" name="expiryFieldPastDateValidation" time="8.747"/>
  <system-out/>
  <testcase classname="org.test.CustomerOrganizationInvoice" name="validateCalculation" time="8.247"/>
  <system-out/>
  <testcase classname="org.test.CustomerOrganizationInvoice" name="createInvoice" time="131.562">
    <error message="Expected condition failed: waiting for visibility of Proxy element for: DefaultElementLocator &#039;By.all({By.xpath: //*[@class=&#039;modal d-block animated fadeIn&#039;]//*[@id=&#039;organization-create&#039;],By.xpath: //*[@class=&#039;modal d-block animated fadeIn&#039;]//*[@id=&#039;contact-create&#039;],By.xpath: //*[@class=&#039;modal d-block animated fadeIn&#039;]//*[@id=&#039;organization-contact-create&#039;],By.xpath: //*[contains(@class,&#039;fadeIn&#039;)]//*[@id=&#039;pqipopup&#039;]})&#039; (tried for 100 second(s) with 500 milliseconds interval)" type="org.openqa.selenium.TimeoutException">
      <![CDATA[org.openqa.selenium.TimeoutException: Expected condition failed: waiting for visibility of Proxy element for: DefaultElementLocator 'By.all({By.xpath: //*[@class='modal d-block animated fadeIn']//*[@id='organization-create'],By.xpath: //*[@class='modal d-block animated fadeIn']//*[@id='contact-create'],By.xpath: //*[@class='modal d-block animated fadeIn']//*[@id='organization-contact-create'],By.xpath: //*[contains(@class,'fadeIn')]//*[@id='pqipopup']})' (tried for 100 second(s) with 500 milliseconds interval)
at org.openqa.selenium.support.ui.WebDriverWait.timeoutException(WebDriverWait.java:95)
at org.openqa.selenium.support.ui.FluentWait.until(FluentWait.java:272)
at com.zaigo.pageobjects.InvoicePage.mouseActionClick(InvoicePage.java:161)
at com.zaigo.pageobjects.InvoicePage.responseMessage(InvoicePage.java:903)
at org.test.CustomerOrganizationInvoice.createInvoice(CustomerOrganizationInvoice.java:851)
at java.base/jdk.internal.reflect.NativeMethodAccessorImpl.invoke0(Native Method)
at java.base/jdk.internal.reflect.NativeMethodAccessorImpl.invoke(NativeMethodAccessorImpl.java:77)
at java.base/jdk.internal.reflect.DelegatingMethodAccessorImpl.invoke(DelegatingMethodAccessorImpl.java:43)
at java.base/java.lang.reflect.Method.invoke(Method.java:568)
at org.testng.internal.MethodInvocationHelper.invokeMethod(MethodInvocationHelper.java:133)
at org.testng.internal.TestInvoker.invokeMethod(TestInvoker.java:598)
at org.testng.internal.TestInvoker.invokeTestMethod(TestInvoker.java:173)
at org.testng.internal.MethodRunner.runInSequence(MethodRunner.java:46)
at org.testng.internal.TestInvoker$MethodInvocationAgent.invoke(TestInvoker.java:824)
at org.testng.internal.TestInvoker.invokeTestMethods(TestInvoker.java:146)
at org.testng.internal.TestMethodWorker.invokeTestMethods(TestMethodWorker.java:146)
at org.testng.internal.TestMethodWorker.run(TestMethodWorker.java:128)
at java.base/java.util.ArrayList.forEach(ArrayList.java:1511)
at org.testng.TestRunner.privateRun(TestRunner.java:794)
at org.testng.TestRunner.run(TestRunner.java:596)
at org.testng.SuiteRunner.runTest(SuiteRunner.java:377)
at org.testng.SuiteRunner.runSequentially(SuiteRunner.java:371)
at org.testng.SuiteRunner.privateRun(SuiteRunner.java:332)
at org.testng.SuiteRunner.run(SuiteRunner.java:276)
at org.testng.SuiteRunnerWorker.runSuite(SuiteRunnerWorker.java:53)
at org.testng.SuiteRunnerWorker.run(SuiteRunnerWorker.java:96)
at org.testng.TestNG.runSuitesSequentially(TestNG.java:1212)
at org.testng.TestNG.runSuitesSequentially(TestNG.java:1207)
at org.testng.TestNG.runSuitesLocally(TestNG.java:1134)
at org.testng.TestNG.runSuites(TestNG.java:1063)
at org.testng.TestNG.run(TestNG.java:1031)
at org.testng.remote.AbstractRemoteTestNG.run(AbstractRemoteTestNG.java:115)
at org.testng.remote.RemoteTestNG.initAndRun(RemoteTestNG.java:251)
at org.testng.remote.RemoteTestNG.main(RemoteTestNG.java:77)
Caused by: org.openqa.selenium.NoSuchElementException: Cannot locate an element using By.all({By.xpath: //*[@class='modal d-block animated fadeIn']//*[@id='organization-create'],By.xpath: //*[@class='modal d-block animated fadeIn']//*[@id='contact-create'],By.xpath: //*[@class='modal d-block animated fadeIn']//*[@id='organization-contact-create'],By.xpath: //*[contains(@class,'fadeIn')]//*[@id='pqipopup']})
For documentation on this error, please visit: http://seleniumhq.org/exceptions/no_such_element.html
Build info: version: '3.141.5', revision: 'd54ebd709a', time: '2018-11-06T11:42:16'
System info: host: 'DESKTOP-5M7AM2E', ip: '192.168.56.1', os.name: 'Windows 11', os.arch: 'amd64', os.version: '10.0', java.version: '17.0.3'
Driver info: driver.version: RemoteWebDriver
at org.openqa.selenium.support.pagefactory.ByAll.findElement(ByAll.java:58)
at org.openqa.selenium.remote.RemoteWebDriver.findElement(RemoteWebDriver.java:315)
at org.openqa.selenium.support.pagefactory.DefaultElementLocator.findElement(DefaultElementLocator.java:69)
at org.openqa.selenium.support.pagefactory.internal.LocatingElementHandler.invoke(LocatingElementHandler.java:38)
at jdk.proxy2/jdk.proxy2.$Proxy15.isDisplayed(Unknown Source)
at org.openqa.selenium.support.ui.ExpectedConditions.elementIfVisible(ExpectedConditions.java:314)
at org.openqa.selenium.support.ui.ExpectedConditions.access$000(ExpectedConditions.java:43)
at org.openqa.selenium.support.ui.ExpectedConditions$10.apply(ExpectedConditions.java:300)
at org.openqa.selenium.support.ui.ExpectedConditions$10.apply(ExpectedConditions.java:297)
at org.openqa.selenium.support.ui.FluentWait.until(FluentWait.java:249)
... 32 more
]]>
    </error>
  </testcase> <!-- createInvoice -->
  <system-out/>
  <testcase classname="org.test.CustomerOrganizationInvoice" name="invoiceCreatedCount" time="0.112"/>
  <system-out/>
  <testcase classname="org.test.CustomerOrganizationInvoice" name="editLableValidation" time="28.348"/>
  <system-out/>
  <testcase classname="org.test.CustomerOrganizationInvoice" name="mandatoryValidationEditDueDate" time="0.747"/>
  <system-out/>
  <testcase classname="org.test.CustomerOrganizationInvoice" name="mandatoryValidationEditQunatity" time="0.055"/>
  <system-out/>
  <testcase classname="org.test.CustomerOrganizationInvoice" name="mandatoryValidationEditPrice" time="0.056"/>
  <system-out/>
  <testcase classname="org.test.CustomerOrganizationInvoice" name="mandatoryValidationEditDescription" time="0.057"/>
  <system-out/>
  <testcase classname="org.test.CustomerOrganizationInvoice" name="maximumValidationEditReference" time="0.595"/>
  <system-out/>
  <testcase classname="org.test.CustomerOrganizationInvoice" name="maximumValidationEditInvoiceTittle" time="0.694"/>
  <system-out/>
  <testcase classname="org.test.CustomerOrganizationInvoice" name="maximumValidationEditInventoryItem" time="1.024"/>
  <system-out/>
  <testcase classname="org.test.CustomerOrganizationInvoice" name="emptyValidationEditQuantityField" time="0.197"/>
  <system-out/>
  <testcase classname="org.test.CustomerOrganizationInvoice" name="maxEditQuanitityLimit" time="0.249"/>
  <system-out/>
  <testcase classname="org.test.CustomerOrganizationInvoice" name="afterEditDecimalPointValidationQuantityField" time="0.196"/>
  <system-out/>
  <testcase classname="org.test.CustomerOrganizationInvoice" name="beforeEditDecimalPointValidationQuantityField" time="0.277"/>
  <system-out/>
  <testcase classname="org.test.CustomerOrganizationInvoice" name="emptyValidationEditPriceField" time="0.195"/>
  <system-out/>
  <testcase classname="org.test.CustomerOrganizationInvoice" name="maxEditPriceLimit" time="0.184"/>
  <system-out/>
  <testcase classname="org.test.CustomerOrganizationInvoice" name="beforeEditDecimalPointPriceField" time="0.210"/>
  <system-out/>
  <testcase classname="org.test.CustomerOrganizationInvoice" name="afterEditDecimalPointPriceField" time="0.256"/>
  <system-out/>
  <testcase classname="org.test.CustomerOrganizationInvoice" name="afterEditDecimalPointDiscountField" time="0.211"/>
  <system-out/>
  <testcase classname="org.test.CustomerOrganizationInvoice" name="beforeEditDecimalPointDiscountField" time="0.298"/>
  <system-out/>
  <testcase classname="org.test.CustomerOrganizationInvoice" name="maxLimitEditDiscountField" time="0.145"/>
  <system-out/>
  <testcase classname="org.test.CustomerOrganizationInvoice" name="afterDecimalEditPointTaxField" time="2.306">
    <skipped/>
  </testcase> <!-- afterDecimalEditPointTaxField -->
  <system-out/>
  <testcase classname="org.test.CustomerOrganizationInvoice" name="beforeDecimalEditPointTaxField" time="2.265">
    <skipped/>
  </testcase> <!-- beforeDecimalEditPointTaxField -->
  <system-out/>
  <testcase classname="org.test.CustomerOrganizationInvoice" name="maxEditLimitTaxField" time="2.242">
    <skipped/>
  </testcase> <!-- maxEditLimitTaxField -->
  <system-out/>
  <testcase classname="org.test.CustomerOrganizationInvoice" name="maximumEditValidationDescription" time="1.814"/>
  <system-out/>
  <testcase classname="org.test.CustomerOrganizationInvoice" name="maximumEditValidationNotes" time="47.586"/>
  <system-out/>
  <testcase classname="org.test.CustomerOrganizationInvoice" name="expiryEditFieldPastDateValidation" time="8.740"/>
  <system-out/>
  <testcase classname="org.test.CustomerOrganizationInvoice" name="updatedInvoice" time="140.151">
    <error message="Expected condition failed: waiting for visibility of Proxy element for: DefaultElementLocator &#039;By.all({By.xpath: //*[@class=&#039;modal d-block animated fadeIn&#039;]//*[@id=&#039;organization-create&#039;],By.xpath: //*[@class=&#039;modal d-block animated fadeIn&#039;]//*[@id=&#039;contact-create&#039;],By.xpath: //*[@class=&#039;modal d-block animated fadeIn&#039;]//*[@id=&#039;organization-contact-create&#039;],By.xpath: //*[contains(@class,&#039;fadeIn&#039;)]//*[@id=&#039;pqipopup&#039;]})&#039; (tried for 100 second(s) with 500 milliseconds interval)" type="org.openqa.selenium.TimeoutException">
      <![CDATA[org.openqa.selenium.TimeoutException: Expected condition failed: waiting for visibility of Proxy element for: DefaultElementLocator 'By.all({By.xpath: //*[@class='modal d-block animated fadeIn']//*[@id='organization-create'],By.xpath: //*[@class='modal d-block animated fadeIn']//*[@id='contact-create'],By.xpath: //*[@class='modal d-block animated fadeIn']//*[@id='organization-contact-create'],By.xpath: //*[contains(@class,'fadeIn')]//*[@id='pqipopup']})' (tried for 100 second(s) with 500 milliseconds interval)
at org.openqa.selenium.support.ui.WebDriverWait.timeoutException(WebDriverWait.java:95)
at org.openqa.selenium.support.ui.FluentWait.until(FluentWait.java:272)
at com.zaigo.pageobjects.InvoicePage.mouseActionClick(InvoicePage.java:161)
at com.zaigo.pageobjects.InvoicePage.responseMessage(InvoicePage.java:903)
at org.test.CustomerOrganizationInvoice.updatedInvoice(CustomerOrganizationInvoice.java:1546)
at java.base/jdk.internal.reflect.NativeMethodAccessorImpl.invoke0(Native Method)
at java.base/jdk.internal.reflect.NativeMethodAccessorImpl.invoke(NativeMethodAccessorImpl.java:77)
at java.base/jdk.internal.reflect.DelegatingMethodAccessorImpl.invoke(DelegatingMethodAccessorImpl.java:43)
at java.base/java.lang.reflect.Method.invoke(Method.java:568)
at org.testng.internal.MethodInvocationHelper.invokeMethod(MethodInvocationHelper.java:133)
at org.testng.internal.TestInvoker.invokeMethod(TestInvoker.java:598)
at org.testng.internal.TestInvoker.invokeTestMethod(TestInvoker.java:173)
at org.testng.internal.MethodRunner.runInSequence(MethodRunner.java:46)
at org.testng.internal.TestInvoker$MethodInvocationAgent.invoke(TestInvoker.java:824)
at org.testng.internal.TestInvoker.invokeTestMethods(TestInvoker.java:146)
at org.testng.internal.TestMethodWorker.invokeTestMethods(TestMethodWorker.java:146)
at org.testng.internal.TestMethodWorker.run(TestMethodWorker.java:128)
at java.base/java.util.ArrayList.forEach(ArrayList.java:1511)
at org.testng.TestRunner.privateRun(TestRunner.java:794)
at org.testng.TestRunner.run(TestRunner.java:596)
at org.testng.SuiteRunner.runTest(SuiteRunner.java:377)
at org.testng.SuiteRunner.runSequentially(SuiteRunner.java:371)
at org.testng.SuiteRunner.privateRun(SuiteRunner.java:332)
at org.testng.SuiteRunner.run(SuiteRunner.java:276)
at org.testng.SuiteRunnerWorker.runSuite(SuiteRunnerWorker.java:53)
at org.testng.SuiteRunnerWorker.run(SuiteRunnerWorker.java:96)
at org.testng.TestNG.runSuitesSequentially(TestNG.java:1212)
at org.testng.TestNG.runSuitesSequentially(TestNG.java:1207)
at org.testng.TestNG.runSuitesLocally(TestNG.java:1134)
at org.testng.TestNG.runSuites(TestNG.java:1063)
at org.testng.TestNG.run(TestNG.java:1031)
at org.testng.remote.AbstractRemoteTestNG.run(AbstractRemoteTestNG.java:115)
at org.testng.remote.RemoteTestNG.initAndRun(RemoteTestNG.java:251)
at org.testng.remote.RemoteTestNG.main(RemoteTestNG.java:77)
Caused by: org.openqa.selenium.NoSuchElementException: Cannot locate an element using By.all({By.xpath: //*[@class='modal d-block animated fadeIn']//*[@id='organization-create'],By.xpath: //*[@class='modal d-block animated fadeIn']//*[@id='contact-create'],By.xpath: //*[@class='modal d-block animated fadeIn']//*[@id='organization-contact-create'],By.xpath: //*[contains(@class,'fadeIn')]//*[@id='pqipopup']})
For documentation on this error, please visit: http://seleniumhq.org/exceptions/no_such_element.html
Build info: version: '3.141.5', revision: 'd54ebd709a', time: '2018-11-06T11:42:16'
System info: host: 'DESKTOP-5M7AM2E', ip: '192.168.56.1', os.name: 'Windows 11', os.arch: 'amd64', os.version: '10.0', java.version: '17.0.3'
Driver info: driver.version: RemoteWebDriver
at org.openqa.selenium.support.pagefactory.ByAll.findElement(ByAll.java:58)
at org.openqa.selenium.remote.RemoteWebDriver.findElement(RemoteWebDriver.java:315)
at org.openqa.selenium.support.pagefactory.DefaultElementLocator.findElement(DefaultElementLocator.java:69)
at org.openqa.selenium.support.pagefactory.internal.LocatingElementHandler.invoke(LocatingElementHandler.java:38)
at jdk.proxy2/jdk.proxy2.$Proxy15.isDisplayed(Unknown Source)
at org.openqa.selenium.support.ui.ExpectedConditions.elementIfVisible(ExpectedConditions.java:314)
at org.openqa.selenium.support.ui.ExpectedConditions.access$000(ExpectedConditions.java:43)
at org.openqa.selenium.support.ui.ExpectedConditions$10.apply(ExpectedConditions.java:300)
at org.openqa.selenium.support.ui.ExpectedConditions$10.apply(ExpectedConditions.java:297)
at org.openqa.selenium.support.ui.FluentWait.until(FluentWait.java:249)
... 32 more
]]>
    </error>
  </testcase> <!-- updatedInvoice -->
  <system-out/>
  <testcase classname="org.test.CustomerOrganizationInvoice" name="draftInvoice" time="24.469"/>
  <system-out/>
  <testcase classname="org.test.CustomerOrganizationInvoice" name="createdQuoteStatus" time="0.062"/>
  <system-out/>
  <testcase classname="org.test.CustomerOrganizationInvoice" name="UpdatedInvociePartialPayment" time="7.595"/>
  <system-out/>
  <testcase classname="org.test.CustomerOrganizationInvoice" name="partialPaidAmount" time="0.067"/>
  <system-out/>
  <testcase classname="org.test.CustomerOrganizationInvoice" name="UpdatedInvociePaid" time="7.623"/>
  <system-out/>
  <testcase classname="org.test.CustomerOrganizationInvoice" name="fullyPaidAmount" time="0.104"/>
  <system-out/>
  <testcase classname="org.test.CustomerOrganizationInvoice" name="listInvoiceNo" time="2.024"/>
  <system-out/>
  <testcase classname="org.test.CustomerOrganizationInvoice" name="listQuoteReference" time="2.016"/>
  <system-out/>
  <testcase classname="org.test.CustomerOrganizationInvoice" name="filterDateInvoice" time="2.096"/>
  <system-out/>
  <testcase classname="org.test.CustomerOrganizationInvoice" name="listInvalid" time="2.071"/>
  <system-out/>
</testsuite> <!-- org.test.CustomerOrganizationInvoice -->
