<?xml version="1.0" encoding="UTF-8"?>
<!-- Generated by org.testng.reporters.JUnitReportReporter -->
<testsuite hostname="DESKTOP-5M7AM2E" failures="0" tests="48" name="org.test.CustomerOrganizationRequest" time="270.567" errors="0" timestamp="2023-04-15T19:23:14 IST" skipped="0">
  <testcase classname="org.test.CustomerOrganizationRequest" name="loginPage" time="20.275"/>
  <system-out/>
  <testcase classname="org.test.CustomerOrganizationRequest" name="organizationModule" time="7.787"/>
  <system-out/>
  <testcase classname="org.test.CustomerOrganizationRequest" name="listabelValidation" time="9.232"/>
  <system-out/>
  <testcase classname="org.test.CustomerOrganizationRequest" name="createOrganization" time="23.908"/>
  <system-out/>
  <testcase classname="org.test.CustomerOrganizationRequest" name="labelValidation" time="1.434"/>
  <system-out/>
  <testcase classname="org.test.CustomerOrganizationRequest" name="namePrepopulation" time="3.339"/>
  <system-out/>
  <testcase classname="org.test.CustomerOrganizationRequest" name="autoCompleteOrganizationContactCreation" time="13.096"/>
  <system-out/>
  <testcase classname="org.test.CustomerOrganizationRequest" name="mandatoryValidationLocation" time="0.308"/>
  <system-out/>
  <testcase classname="org.test.CustomerOrganizationRequest" name="maximumValidationLocation" time="6.045"/>
  <system-out/>
  <testcase classname="org.test.CustomerOrganizationRequest" name="maximumValidationTittle" time="0.662"/>
  <system-out/>
  <testcase classname="org.test.CustomerOrganizationRequest" name="mandatoryValidationDescription" time="0.062"/>
  <system-out/>
  <testcase classname="org.test.CustomerOrganizationRequest" name="maximumValidationDescription" time="3.713"/>
  <system-out/>
  <testcase classname="org.test.CustomerOrganizationRequest" name="maximumTagValidation" time="0.656"/>
  <system-out/>
  <testcase classname="org.test.CustomerOrganizationRequest" name="duplicateTagsValidation" time="0.367"/>
  <system-out/>
  <testcase classname="org.test.CustomerOrganizationRequest" name="maxTagLimitValidation" time="13.227"/>
  <system-out/>
  <testcase classname="org.test.CustomerOrganizationRequest" name="maximumValidationNotes" time="3.649"/>
  <system-out/>
  <testcase classname="org.test.CustomerOrganizationRequest" name="createButton" time="0.062"/>
  <system-out/>
  <testcase classname="org.test.CustomerOrganizationRequest" name="unsssignedRequest" time="13.699"/>
  <system-out/>
  <testcase classname="org.test.CustomerOrganizationRequest" name="requestCreatedCount" time="0.135"/>
  <system-out/>
  <testcase classname="org.test.CustomerOrganizationRequest" name="requestUnassignedStatus" time="0.086"/>
  <system-out/>
  <testcase classname="org.test.CustomerOrganizationRequest" name="labelEditValidation" time="9.953"/>
  <system-out/>
  <testcase classname="org.test.CustomerOrganizationRequest" name="editmandatoryValidationLocation" time="0.068"/>
  <system-out/>
  <testcase classname="org.test.CustomerOrganizationRequest" name="editmaximumValidationLocation" time="4.718"/>
  <system-out/>
  <testcase classname="org.test.CustomerOrganizationRequest" name="editmaximumValidationTittle" time="0.661"/>
  <system-out/>
  <testcase classname="org.test.CustomerOrganizationRequest" name="editmandatoryValidationDescription" time="0.078"/>
  <system-out/>
  <testcase classname="org.test.CustomerOrganizationRequest" name="editmaximumValidationDescription" time="3.774"/>
  <system-out/>
  <testcase classname="org.test.CustomerOrganizationRequest" name="editmaximumTagValidation" time="0.641"/>
  <system-out/>
  <testcase classname="org.test.CustomerOrganizationRequest" name="editduplicateTagsValidation" time="0.346"/>
  <system-out/>
  <testcase classname="org.test.CustomerOrganizationRequest" name="editmaxTagLimitValidation" time="13.354"/>
  <system-out/>
  <testcase classname="org.test.CustomerOrganizationRequest" name="editmaximumValidationNotes" time="3.605"/>
  <system-out/>
  <testcase classname="org.test.CustomerOrganizationRequest" name="updatedRequest" time="12.002"/>
  <system-out/>
  <testcase classname="org.test.CustomerOrganizationRequest" name="updateButton" time="0.070"/>
  <system-out/>
  <testcase classname="org.test.CustomerOrganizationRequest" name="createRequest_FromDateandTime_ToDateandTime" time="17.132"/>
  <system-out/>
  <testcase classname="org.test.CustomerOrganizationRequest" name="requestScheduleStatus" time="0.107"/>
  <system-out/>
  <testcase classname="org.test.CustomerOrganizationRequest" name="dispatchedRequest" time="12.482"/>
  <system-out/>
  <testcase classname="org.test.CustomerOrganizationRequest" name="requestDispatchedStatus" time="0.094"/>
  <system-out/>
  <testcase classname="org.test.CustomerOrganizationRequest" name="startedRequest" time="12.523"/>
  <system-out/>
  <testcase classname="org.test.CustomerOrganizationRequest" name="requestStartedStatus" time="0.097"/>
  <system-out/>
  <testcase classname="org.test.CustomerOrganizationRequest" name="completedRequest" time="13.567"/>
  <system-out/>
  <testcase classname="org.test.CustomerOrganizationRequest" name="requestCompleteStatus" time="0.092"/>
  <system-out/>
  <testcase classname="org.test.CustomerOrganizationRequest" name="cancelledRequest" time="13.592"/>
  <system-out/>
  <testcase classname="org.test.CustomerOrganizationRequest" name="requestCancelledStatus" time="0.095"/>
  <system-out/>
  <testcase classname="org.test.CustomerOrganizationRequest" name="requestDraftStatus" time="11.355"/>
  <system-out/>
  <testcase classname="org.test.CustomerOrganizationRequest" name="deletedRequest" time="7.925"/>
  <system-out/>
  <testcase classname="org.test.CustomerOrganizationRequest" name="searchRequestNo" time="2.663"/>
  <system-out/>
  <testcase classname="org.test.CustomerOrganizationRequest" name="searchLocation" time="2.564"/>
  <system-out/>
  <testcase classname="org.test.CustomerOrganizationRequest" name="searchFilterByDate" time="2.877"/>
  <system-out/>
  <testcase classname="org.test.CustomerOrganizationRequest" name="searchInvalid" time="2.390"/>
  <system-out/>
</testsuite> <!-- org.test.CustomerOrganizationRequest -->
