<?xml version="1.0" encoding="UTF-8"?>
<!-- Generated by org.testng.reporters.JUnitReportReporter -->
<<<<<<< HEAD
<<<<<<< HEAD
<testsuite hostname="DESKTOP-5M7AM2E" failures="0" tests="4" name="org.enhancement.GlobalOrganizationJob" time="78.747" errors="0" timestamp="2023-05-22T20:03:10 IST" skipped="0">
  <testcase classname="org.enhancement.GlobalOrganizationJob" name="loginPage" time="40.778"/>
  <system-out/>
  <testcase classname="org.enhancement.GlobalOrganizationJob" name="jobModule" time="1.218"/>
  <system-out/>
  <testcase classname="org.enhancement.GlobalOrganizationJob" name="labelValidation" time="5.990"/>
  <system-out/>
  <testcase classname="org.enhancement.GlobalOrganizationJob" name="createJob_FromDateandTime_ToDateandTime" time="30.761"/>
=======
<testsuite hostname="DESKTOP-5M7AM2E" failures="0" tests="4" name="org.enhancement.GlobalOrganizationJob" time="77.952" errors="0" timestamp="2023-05-25T11:49:57 IST" skipped="0">
  <testcase classname="org.enhancement.GlobalOrganizationJob" name="loginPage" time="32.488"/>
=======
<testsuite hostname="DESKTOP-5M7AM2E" failures="0" tests="8" name="org.enhancement.GlobalOrganizationJob" time="302.316" errors="0" timestamp="2023-06-04T11:22:12 IST" skipped="0">
  <testcase classname="org.enhancement.GlobalOrganizationJob" name="loginPage" time="20.986"/>
>>>>>>> 8f032e9abfd9edfc56ded76230782504aeca4741
  <system-out/>
  <testcase classname="org.enhancement.GlobalOrganizationJob" name="jobModule" time="1.041"/>
  <system-out/>
  <testcase classname="org.enhancement.GlobalOrganizationJob" name="labelValidation" time="2.355"/>
  <system-out/>
<<<<<<< HEAD
  <testcase classname="org.enhancement.GlobalOrganizationJob" name="createJob_FromDateandTime_ToDateandTime" time="41.401"/>
>>>>>>> c5699b793ecef34ca60eb49f33139d209ba1ec97
=======
  <testcase classname="org.enhancement.GlobalOrganizationJob" name="createJob_FromDateandTime_ToDateandTime" time="57.664"/>
  <system-out/>
  <testcase classname="org.enhancement.GlobalOrganizationJob" name="createJob_FromDateandTime_ToDateandTime" time="57.529"/>
  <system-out/>
  <testcase classname="org.enhancement.GlobalOrganizationJob" name="createJob_FromDateandTime_ToDateandTime" time="48.613"/>
  <system-out/>
  <testcase classname="org.enhancement.GlobalOrganizationJob" name="createJob_FromDateandTime_ToDateandTime" time="59.982"/>
  <system-out/>
  <testcase classname="org.enhancement.GlobalOrganizationJob" name="createJob_FromDateandTime_ToDateandTime" time="54.146"/>
>>>>>>> 8f032e9abfd9edfc56ded76230782504aeca4741
  <system-out/>
</testsuite> <!-- org.enhancement.GlobalOrganizationJob -->
