<?xml version="1.0" encoding="UTF-8"?>
<!-- Generated by org.testng.reporters.JUnitReportReporter -->
<testsuite hostname="DESKTOP-5M7AM2E" failures="0" tests="69" name="org.test.CustomerContactInvoice" time="447.803" errors="1" timestamp="2023-05-14T13:43:06 IST" skipped="6">
  <testcase classname="org.test.CustomerContactInvoice" name="loginPage" time="18.894"/>
  <system-out/>
  <testcase classname="org.test.CustomerContactInvoice" name="contactModule" time="9.860"/>
  <system-out/>
  <testcase classname="org.test.CustomerContactInvoice" name="CreateContact" time="15.496"/>
  <system-out/>
  <testcase classname="org.test.CustomerContactInvoice" name="labelValidation" time="10.197"/>
  <system-out/>
  <testcase classname="org.test.CustomerContactInvoice" name="namePrepopulation" time="2.652"/>
  <system-out/>
  <testcase classname="org.test.CustomerContactInvoice" name="mandatoryValidationDeuDate" time="0.558"/>
  <system-out/>
  <testcase classname="org.test.CustomerContactInvoice" name="mandatoryValidationInventoryItem" time="0.058"/>
  <system-out/>
  <testcase classname="org.test.CustomerContactInvoice" name="mandatoryValidationQunatity" time="0.057"/>
  <system-out/>
  <testcase classname="org.test.CustomerContactInvoice" name="mandatoryValidationPrice" time="0.056"/>
  <system-out/>
  <testcase classname="org.test.CustomerContactInvoice" name="mandatoryValidationDescription" time="0.054"/>
  <system-out/>
  <testcase classname="org.test.CustomerContactInvoice" name="maximumValidationReference" time="0.642"/>
  <system-out/>
  <testcase classname="org.test.CustomerContactInvoice" name="maximumValidationInvoiceTittle" time="0.672"/>
  <system-out/>
  <testcase classname="org.test.CustomerContactInvoice" name="maximumValidationInventoryItem" time="0.995"/>
  <system-out/>
  <testcase classname="org.test.CustomerContactInvoice" name="emptyValidationQuantityField" time="0.176"/>
  <system-out/>
  <testcase classname="org.test.CustomerContactInvoice" name="maxQuanitityLimit" time="0.242"/>
  <system-out/>
  <testcase classname="org.test.CustomerContactInvoice" name="afterDecimalPointValidationQuantityField" time="0.177"/>
  <system-out/>
  <testcase classname="org.test.CustomerContactInvoice" name="beforeDecimalPointValidationQuantityField" time="0.274"/>
  <system-out/>
  <testcase classname="org.test.CustomerContactInvoice" name="emptyValidationPriceField" time="0.190"/>
  <system-out/>
  <testcase classname="org.test.CustomerContactInvoice" name="maxPriceLimit" time="0.193"/>
  <system-out/>
  <testcase classname="org.test.CustomerContactInvoice" name="beforeDecimalPointPriceField" time="0.203"/>
  <system-out/>
  <testcase classname="org.test.CustomerContactInvoice" name="afterDecimalPointPriceField" time="0.277"/>
  <system-out/>
  <testcase classname="org.test.CustomerContactInvoice" name="afterDecimalPointDiscountField" time="0.200"/>
  <system-out/>
  <testcase classname="org.test.CustomerContactInvoice" name="beforeDecimalPointDiscountField" time="0.171"/>
  <system-out/>
  <testcase classname="org.test.CustomerContactInvoice" name="maxLimitDiscountField" time="0.149"/>
  <system-out/>
  <testcase classname="org.test.CustomerContactInvoice" name="afterDecimalPointTaxField" time="2.332">
    <skipped/>
  </testcase> <!-- afterDecimalPointTaxField -->
  <system-out/>
  <testcase classname="org.test.CustomerContactInvoice" name="beforeDecimalPointTaxField" time="2.283">
    <skipped/>
  </testcase> <!-- beforeDecimalPointTaxField -->
  <system-out/>
  <testcase classname="org.test.CustomerContactInvoice" name="maxLimitTaxField" time="2.237">
    <skipped/>
  </testcase> <!-- maxLimitTaxField -->
  <system-out/>
  <testcase classname="org.test.CustomerContactInvoice" name="maximumValidationDescription" time="1.749"/>
  <system-out/>
  <testcase classname="org.test.CustomerContactInvoice" name="maximumValidationNotes" time="49.239"/>
  <system-out/>
  <testcase classname="org.test.CustomerContactInvoice" name="expiryFieldPastDateValidation" time="8.254"/>
  <system-out/>
  <testcase classname="org.test.CustomerContactInvoice" name="validateCalculation" time="8.271"/>
  <system-out/>
  <testcase classname="org.test.CustomerContactInvoice" name="createInvoice" time="131.634">
    <error message="Expected condition failed: waiting for visibility of Proxy element for: DefaultElementLocator &#039;By.all({By.xpath: //*[@class=&#039;modal d-block animated fadeIn&#039;]//*[@id=&#039;organization-create&#039;],By.xpath: //*[@class=&#039;modal d-block animated fadeIn&#039;]//*[@id=&#039;contact-create&#039;],By.xpath: //*[@class=&#039;modal d-block animated fadeIn&#039;]//*[@id=&#039;organization-contact-create&#039;],By.xpath: //*[contains(@class,&#039;fadeIn&#039;)]//*[@id=&#039;pqipopup&#039;]})&#039; (tried for 100 second(s) with 500 milliseconds interval)" type="org.openqa.selenium.TimeoutException">
      <![CDATA[org.openqa.selenium.TimeoutException: Expected condition failed: waiting for visibility of Proxy element for: DefaultElementLocator 'By.all({By.xpath: //*[@class='modal d-block animated fadeIn']//*[@id='organization-create'],By.xpath: //*[@class='modal d-block animated fadeIn']//*[@id='contact-create'],By.xpath: //*[@class='modal d-block animated fadeIn']//*[@id='organization-contact-create'],By.xpath: //*[contains(@class,'fadeIn')]//*[@id='pqipopup']})' (tried for 100 second(s) with 500 milliseconds interval)
at org.openqa.selenium.support.ui.WebDriverWait.timeoutException(WebDriverWait.java:95)
at org.openqa.selenium.support.ui.FluentWait.until(FluentWait.java:272)
at com.zaigo.pageobjects.InvoicePage.mouseActionClick(InvoicePage.java:161)
at com.zaigo.pageobjects.InvoicePage.responseMessage(InvoicePage.java:903)
at org.test.CustomerContactInvoice.createInvoice(CustomerContactInvoice.java:829)
at java.base/jdk.internal.reflect.NativeMethodAccessorImpl.invoke0(Native Method)
at java.base/jdk.internal.reflect.NativeMethodAccessorImpl.invoke(NativeMethodAccessorImpl.java:77)
at java.base/jdk.internal.reflect.DelegatingMethodAccessorImpl.invoke(DelegatingMethodAccessorImpl.java:43)
at java.base/java.lang.reflect.Method.invoke(Method.java:568)
at org.testng.internal.MethodInvocationHelper.invokeMethod(MethodInvocationHelper.java:133)
at org.testng.internal.TestInvoker.invokeMethod(TestInvoker.java:598)
at org.testng.internal.TestInvoker.invokeTestMethod(TestInvoker.java:173)
at org.testng.internal.MethodRunner.runInSequence(MethodRunner.java:46)
at org.testng.internal.TestInvoker$MethodInvocationAgent.invoke(TestInvoker.java:824)
at org.testng.internal.TestInvoker.invokeTestMethods(TestInvoker.java:146)
at org.testng.internal.TestMethodWorker.invokeTestMethods(TestMethodWorker.java:146)
at org.testng.internal.TestMethodWorker.run(TestMethodWorker.java:128)
at java.base/java.util.ArrayList.forEach(ArrayList.java:1511)
at org.testng.TestRunner.privateRun(TestRunner.java:794)
at org.testng.TestRunner.run(TestRunner.java:596)
at org.testng.SuiteRunner.runTest(SuiteRunner.java:377)
at org.testng.SuiteRunner.runSequentially(SuiteRunner.java:371)
at org.testng.SuiteRunner.privateRun(SuiteRunner.java:332)
at org.testng.SuiteRunner.run(SuiteRunner.java:276)
at org.testng.SuiteRunnerWorker.runSuite(SuiteRunnerWorker.java:53)
at org.testng.SuiteRunnerWorker.run(SuiteRunnerWorker.java:96)
at org.testng.TestNG.runSuitesSequentially(TestNG.java:1212)
at org.testng.TestNG.runSuitesSequentially(TestNG.java:1207)
at org.testng.TestNG.runSuitesLocally(TestNG.java:1134)
at org.testng.TestNG.runSuites(TestNG.java:1063)
at org.testng.TestNG.run(TestNG.java:1031)
at org.testng.remote.AbstractRemoteTestNG.run(AbstractRemoteTestNG.java:115)
at org.testng.remote.RemoteTestNG.initAndRun(RemoteTestNG.java:251)
at org.testng.remote.RemoteTestNG.main(RemoteTestNG.java:77)
Caused by: org.openqa.selenium.NoSuchElementException: Cannot locate an element using By.all({By.xpath: //*[@class='modal d-block animated fadeIn']//*[@id='organization-create'],By.xpath: //*[@class='modal d-block animated fadeIn']//*[@id='contact-create'],By.xpath: //*[@class='modal d-block animated fadeIn']//*[@id='organization-contact-create'],By.xpath: //*[contains(@class,'fadeIn')]//*[@id='pqipopup']})
For documentation on this error, please visit: http://seleniumhq.org/exceptions/no_such_element.html
Build info: version: '3.141.5', revision: 'd54ebd709a', time: '2018-11-06T11:42:16'
System info: host: 'DESKTOP-5M7AM2E', ip: '192.168.56.1', os.name: 'Windows 11', os.arch: 'amd64', os.version: '10.0', java.version: '17.0.3'
Driver info: driver.version: RemoteWebDriver
at org.openqa.selenium.support.pagefactory.ByAll.findElement(ByAll.java:58)
at org.openqa.selenium.remote.RemoteWebDriver.findElement(RemoteWebDriver.java:315)
at org.openqa.selenium.support.pagefactory.DefaultElementLocator.findElement(DefaultElementLocator.java:69)
at org.openqa.selenium.support.pagefactory.internal.LocatingElementHandler.invoke(LocatingElementHandler.java:38)
at jdk.proxy2/jdk.proxy2.$Proxy15.isDisplayed(Unknown Source)
at org.openqa.selenium.support.ui.ExpectedConditions.elementIfVisible(ExpectedConditions.java:314)
at org.openqa.selenium.support.ui.ExpectedConditions.access$000(ExpectedConditions.java:43)
at org.openqa.selenium.support.ui.ExpectedConditions$10.apply(ExpectedConditions.java:300)
at org.openqa.selenium.support.ui.ExpectedConditions$10.apply(ExpectedConditions.java:297)
at org.openqa.selenium.support.ui.FluentWait.until(FluentWait.java:249)
... 32 more
]]>
    </error>
  </testcase> <!-- createInvoice -->
  <system-out/>
  <testcase classname="org.test.CustomerContactInvoice" name="invoiceCreatedCount" time="0.107"/>
  <system-out/>
  <testcase classname="org.test.CustomerContactInvoice" name="editLableValidation" time="28.330"/>
  <system-out/>
  <testcase classname="org.test.CustomerContactInvoice" name="mandatoryValidationEditDueDate" time="0.737"/>
  <system-out/>
  <testcase classname="org.test.CustomerContactInvoice" name="mandatoryValidationEditQunatity" time="0.062"/>
  <system-out/>
  <testcase classname="org.test.CustomerContactInvoice" name="mandatoryValidationEditPrice" time="0.069"/>
  <system-out/>
  <testcase classname="org.test.CustomerContactInvoice" name="mandatoryValidationEditDescription" time="0.063"/>
  <system-out/>
  <testcase classname="org.test.CustomerContactInvoice" name="maximumValidationEditReference" time="0.623"/>
  <system-out/>
  <testcase classname="org.test.CustomerContactInvoice" name="maximumValidationEditInvoiceTittle" time="0.656"/>
  <system-out/>
  <testcase classname="org.test.CustomerContactInvoice" name="maximumValidationEditInventoryItem" time="1.011"/>
  <system-out/>
  <testcase classname="org.test.CustomerContactInvoice" name="emptyValidationEditQuantityField" time="0.179"/>
  <system-out/>
  <testcase classname="org.test.CustomerContactInvoice" name="maxEditQuanitityLimit" time="0.243"/>
  <system-out/>
  <testcase classname="org.test.CustomerContactInvoice" name="afterEditDecimalPointValidationQuantityField" time="0.199"/>
  <system-out/>
  <testcase classname="org.test.CustomerContactInvoice" name="beforeEditDecimalPointValidationQuantityField" time="0.271"/>
  <system-out/>
  <testcase classname="org.test.CustomerContactInvoice" name="emptyValidationEditPriceField" time="0.202"/>
  <system-out/>
  <testcase classname="org.test.CustomerContactInvoice" name="maxEditPriceLimit" time="0.187"/>
  <system-out/>
  <testcase classname="org.test.CustomerContactInvoice" name="beforeEditDecimalPointPriceField" time="0.221"/>
  <system-out/>
  <testcase classname="org.test.CustomerContactInvoice" name="afterEditDecimalPointPriceField" time="0.235"/>
  <system-out/>
  <testcase classname="org.test.CustomerContactInvoice" name="afterEditDecimalPointDiscountField" time="0.203"/>
  <system-out/>
  <testcase classname="org.test.CustomerContactInvoice" name="beforeEditDecimalPointDiscountField" time="0.169"/>
  <system-out/>
  <testcase classname="org.test.CustomerContactInvoice" name="maxLimitEditDiscountField" time="0.139"/>
  <system-out/>
  <testcase classname="org.test.CustomerContactInvoice" name="afterDecimalEditPointTaxField" time="2.293">
    <skipped/>
  </testcase> <!-- afterDecimalEditPointTaxField -->
  <system-out/>
  <testcase classname="org.test.CustomerContactInvoice" name="beforeDecimalEditPointTaxField" time="2.276">
    <skipped/>
  </testcase> <!-- beforeDecimalEditPointTaxField -->
  <system-out/>
  <testcase classname="org.test.CustomerContactInvoice" name="maxEditLimitTaxField" time="2.240">
    <skipped/>
  </testcase> <!-- maxEditLimitTaxField -->
  <system-out/>
  <testcase classname="org.test.CustomerContactInvoice" name="maximumEditValidationDescription" time="1.722"/>
  <system-out/>
  <testcase classname="org.test.CustomerContactInvoice" name="maximumEditValidationNotes" time="47.978"/>
  <system-out/>
  <testcase classname="org.test.CustomerContactInvoice" name="expiryEditFieldPastDateValidation" time="8.231"/>
  <system-out/>
  <testcase classname="org.test.CustomerContactInvoice" name="updatedInvoice" time="34.159"/>
  <system-out/>
  <testcase classname="org.test.CustomerContactInvoice" name="draftInvoice" time="22.904"/>
  <system-out/>
  <testcase classname="org.test.CustomerContactInvoice" name="createdQuoteStatus" time="0.061"/>
  <system-out/>
  <testcase classname="org.test.CustomerContactInvoice" name="UpdatedInvociePartialPayment" time="7.539"/>
  <system-out/>
  <testcase classname="org.test.CustomerContactInvoice" name="partialPaidAmount" time="0.052"/>
  <system-out/>
  <testcase classname="org.test.CustomerContactInvoice" name="UpdatedInvociePaid" time="7.477"/>
  <system-out/>
  <testcase classname="org.test.CustomerContactInvoice" name="fullyPaidAmount" time="0.108"/>
  <system-out/>
  <testcase classname="org.test.CustomerContactInvoice" name="listInvoiceNo" time="2.626"/>
  <system-out/>
  <testcase classname="org.test.CustomerContactInvoice" name="listQuoteReference" time="2.039"/>
  <system-out/>
  <testcase classname="org.test.CustomerContactInvoice" name="filterDateInvoice" time="2.058"/>
  <system-out/>
  <testcase classname="org.test.CustomerContactInvoice" name="listInvalid" time="1.692"/>
  <system-out/>
</testsuite> <!-- org.test.CustomerContactInvoice -->
