<?xml version="1.0" encoding="UTF-8"?>
<!-- Generated by org.testng.reporters.JUnitReportReporter -->
<testsuite hostname="DESKTOP-5M7AM2E" failures="0" tests="19" name="org.test.DispatchModule" time="287.668" errors="0" timestamp="2023-04-24T11:41:25 IST" skipped="0">
  <testcase classname="org.test.DispatchModule" name="loginPage" time="36.481"/>
  <system-out/>
  <testcase classname="org.test.DispatchModule" name="userCreate" time="47.319"/>
  <system-out/>
  <testcase classname="org.test.DispatchModule" name="requestModule" time="5.853"/>
  <system-out/>
  <testcase classname="org.test.DispatchModule" name="labelValidation" time="1.570"/>
  <system-out/>
  <testcase classname="org.test.DispatchModule" name="autoCompleteContactCreationRequest" time="21.689"/>
  <system-out/>
  <testcase classname="org.test.DispatchModule" name="unsssignedRequest" time="15.292"/>
  <system-out/>
  <testcase classname="org.test.DispatchModule" name="dispatchModule" time="4.928"/>
  <system-out/>
  <testcase classname="org.test.DispatchModule" name="assignRequest" time="9.329"/>
  <system-out/>
  <testcase classname="org.test.DispatchModule" name="unassignRequest" time="8.006"/>
  <system-out/>
  <testcase classname="org.test.DispatchModule" name="dispatchRequest" time="22.180"/>
  <system-out/>
  <testcase classname="org.test.DispatchModule" name="cancelRequest" time="10.577"/>
  <system-out/>
  <testcase classname="org.test.DispatchModule" name="jobModule" time="2.570"/>
  <system-out/>
  <testcase classname="org.test.DispatchModule" name="labelJobValidation" time="2.145"/>
  <system-out/>
  <testcase classname="org.test.DispatchModule" name="autoCompleteContactCreationJob" time="24.120"/>
  <system-out/>
  <testcase classname="org.test.DispatchModule" name="unsssignedJob" time="14.799"/>
  <system-out/>
  <testcase classname="org.test.DispatchModule" name="assignJob" time="19.280"/>
  <system-out/>
  <testcase classname="org.test.DispatchModule" name="unassignJob" time="8.024"/>
  <system-out/>
  <testcase classname="org.test.DispatchModule" name="dispatchJob" time="19.616"/>
  <system-out/>
  <testcase classname="org.test.DispatchModule" name="cancelJob" time="13.890"/>
  <system-out/>
</testsuite> <!-- org.test.DispatchModule -->
