<?xml version="1.0" encoding="UTF-8"?>
<!-- Generated by org.testng.reporters.JUnitReportReporter -->
<testsuite hostname="DESKTOP-5M7AM2E" failures="0" tests="13" name="org.test.TeamSendInvite" time="55.848" errors="0" timestamp="2023-05-14T13:43:06 IST" skipped="0">
  <testcase classname="org.test.TeamSendInvite" name="verify" time="23.896"/>
  <system-out/>
  <testcase classname="org.test.TeamSendInvite" name="TeamUserPage" time="12.141"/>
  <system-out/>
  <testcase classname="org.test.TeamSendInvite" name="landingOnSendInviteForm" time="0.630"/>
  <system-out/>
  <testcase classname="org.test.TeamSendInvite" name="mandatoryValidationFirstNameField" time="0.393"/>
  <system-out/>
  <testcase classname="org.test.TeamSendInvite" name="mandatoryValidationTypeField" time="0.186"/>
  <system-out/>
  <testcase classname="org.test.TeamSendInvite" name="mandatoryValidationEmailField" time="0.113"/>
  <system-out/>
  <testcase classname="org.test.TeamSendInvite" name="maxValidationFirstNameField" time="1.003"/>
  <system-out/>
  <testcase classname="org.test.TeamSendInvite" name="maxValidationLastNameField" time="0.897"/>
  <system-out/>
  <testcase classname="org.test.TeamSendInvite" name="maxValidationEmailFields" time="0.947"/>
  <system-out/>
  <testcase classname="org.test.TeamSendInvite" name="invalidEmailValidation" time="0.918"/>
  <system-out/>
  <testcase classname="org.test.TeamSendInvite" name="maxValidationMessage" time="5.597"/>
  <system-out/>
  <testcase classname="org.test.TeamSendInvite" name="verifySaveButtonExist" time="0.244"/>
  <system-out/>
  <testcase classname="org.test.TeamSendInvite" name="userSendInvite" time="8.883"/>
  <system-out/>
</testsuite> <!-- org.test.TeamSendInvite -->
