<?xml version="1.0" encoding="UTF-8"?>
<!-- Generated by org.testng.reporters.JUnitReportReporter -->
<testsuite hostname="DESKTOP-5M7AM2E" failures="0" tests="13" name="org.test.TeamSendInvite" time="51.134" errors="0" timestamp="2023-06-24T16:51:45 IST" skipped="0">
  <testcase classname="org.test.TeamSendInvite" name="verify" time="26.611"/>
  <system-out/>
  <testcase classname="org.test.TeamSendInvite" name="TeamUserPage" time="7.685"/>
  <system-out/>
  <testcase classname="org.test.TeamSendInvite" name="landingOnSendInviteForm" time="0.583"/>
  <system-out/>
  <testcase classname="org.test.TeamSendInvite" name="mandatoryValidationFirstNameField" time="0.287"/>
  <system-out/>
  <testcase classname="org.test.TeamSendInvite" name="mandatoryValidationTypeField" time="0.087"/>
  <system-out/>
  <testcase classname="org.test.TeamSendInvite" name="mandatoryValidationEmailField" time="0.070"/>
  <system-out/>
  <testcase classname="org.test.TeamSendInvite" name="maxValidationFirstNameField" time="0.854"/>
  <system-out/>
  <testcase classname="org.test.TeamSendInvite" name="maxValidationLastNameField" time="0.843"/>
  <system-out/>
  <testcase classname="org.test.TeamSendInvite" name="maxValidationEmailFields" time="0.853"/>
  <system-out/>
  <testcase classname="org.test.TeamSendInvite" name="invalidEmailValidation" time="0.923"/>
  <system-out/>
  <testcase classname="org.test.TeamSendInvite" name="maxValidationMessage" time="4.536"/>
  <system-out/>
  <testcase classname="org.test.TeamSendInvite" name="verifySaveButtonExist" time="0.218"/>
  <system-out/>
  <testcase classname="org.test.TeamSendInvite" name="userSendInvite" time="7.584"/>
  <system-out/>
</testsuite> <!-- org.test.TeamSendInvite -->
