<?xml version="1.0" encoding="UTF-8"?>
<!-- Generated by org.testng.reporters.JUnitReportReporter -->
<testsuite hostname="DESKTOP-5M7AM2E" failures="0" tests="20" name="org.test.TaxModule" time="99.998" errors="0" timestamp="2023-04-15T19:23:14 IST" skipped="0">
  <testcase classname="org.test.TaxModule" name="loginPage" time="20.496"/>
  <system-out/>
  <testcase classname="org.test.TaxModule" name="settingModule" time="2.475"/>
  <system-out/>
  <testcase classname="org.test.TaxModule" name="createFormLabel" time="0.780"/>
  <system-out/>
  <testcase classname="org.test.TaxModule" name="mandatoryValidationTaxName" time="0.253"/>
  <system-out/>
  <testcase classname="org.test.TaxModule" name="mandatoryValidationDescription" time="0.049"/>
  <system-out/>
  <testcase classname="org.test.TaxModule" name="maximumValidationProductName" time="7.978"/>
  <system-out/>
  <testcase classname="org.test.TaxModule" name="maximumValidationTaxPercentage" time="7.351"/>
  <system-out/>
  <testcase classname="org.test.TaxModule" name="createButton" time="0.058"/>
  <system-out/>
  <testcase classname="org.test.TaxModule" name="createTax" time="7.284"/>
  <system-out/>
  <testcase classname="org.test.TaxModule" name="createdTaxList" time="0.055"/>
  <system-out/>
  <testcase classname="org.test.TaxModule" name="editFormLabel" time="2.437"/>
  <system-out/>
  <testcase classname="org.test.TaxModule" name="editmandatoryValidationTaxName" time="0.210"/>
  <system-out/>
  <testcase classname="org.test.TaxModule" name="editmandatoryValidationDescription" time="0.055"/>
  <system-out/>
  <testcase classname="org.test.TaxModule" name="editmaximumValidationProductName" time="7.920"/>
  <system-out/>
  <testcase classname="org.test.TaxModule" name="editmaximumValidationTaxPercentage" time="7.840"/>
  <system-out/>
  <testcase classname="org.test.TaxModule" name="updateButton" time="0.069"/>
  <system-out/>
  <testcase classname="org.test.TaxModule" name="updatedTax" time="6.721"/>
  <system-out/>
  <testcase classname="org.test.TaxModule" name="updatedTaxList" time="8.002"/>
  <system-out/>
  <testcase classname="org.test.TaxModule" name="createdTaxRefectProductService" time="15.838"/>
  <system-out/>
  <testcase classname="org.test.TaxModule" name="editTaxRefectProductService" time="4.127"/>
  <system-out/>
</testsuite> <!-- org.test.TaxModule -->
