<?xml version="1.0" encoding="UTF-8"?>
<!-- Generated by org.testng.reporters.JUnitReportReporter -->
<testsuite hostname="DESKTOP-5M7AM2E" failures="0" tests="24" name="org.test.CategoryModule" time="158.799" errors="0" timestamp="2023-04-23T22:29:52 IST" skipped="0">
  <testcase classname="org.test.CategoryModule" name="loginPage" time="18.663"/>
  <system-out/>
  <testcase classname="org.test.CategoryModule" name="settingModule" time="1.964"/>
  <system-out/>
  <testcase classname="org.test.CategoryModule" name="createFormLabel" time="1.923"/>
  <system-out/>
  <testcase classname="org.test.CategoryModule" name="mandatoryValidationCategoryName" time="2.557"/>
  <system-out/>
  <testcase classname="org.test.CategoryModule" name="maximumValidationCategoryName" time="3.405"/>
  <system-out/>
  <testcase classname="org.test.CategoryModule" name="maximumValidationDescription" time="3.083"/>
  <system-out/>
  <testcase classname="org.test.CategoryModule" name="createButton" time="0.073"/>
  <system-out/>
  <testcase classname="org.test.CategoryModule" name="createCategoryProduct" time="9.044"/>
  <system-out/>
  <testcase classname="org.test.CategoryModule" name="createCategoryProductList" time="0.086"/>
  <system-out/>
  <testcase classname="org.test.CategoryModule" name="searchProductName" time="1.236"/>
  <system-out/>
  <testcase classname="org.test.CategoryModule" name="searchInvalid" time="1.373"/>
  <system-out/>
  <testcase classname="org.test.CategoryModule" name="editFormLabel" time="3.653"/>
  <system-out/>
  <testcase classname="org.test.CategoryModule" name="editmandatoryValidationCategoryName" time="0.269"/>
  <system-out/>
  <testcase classname="org.test.CategoryModule" name="editmaximumValidationCategoryName" time="3.296"/>
  <system-out/>
  <testcase classname="org.test.CategoryModule" name="editmaximumValidationDescription" time="3.028"/>
  <system-out/>
  <testcase classname="org.test.CategoryModule" name="updateButton" time="0.093"/>
  <system-out/>
  <testcase classname="org.test.CategoryModule" name="UpdateCategoryProduct" time="7.989"/>
  <system-out/>
  <testcase classname="org.test.CategoryModule" name="deleteProduct" time="18.398"/>
  <system-out/>
  <testcase classname="org.test.CategoryModule" name="reflectCategoryProduct" time="18.620"/>
  <system-out/>
  <testcase classname="org.test.CategoryModule" name="inactiveProductCategory" time="11.327"/>
  <system-out/>
  <testcase classname="org.test.CategoryModule" name="deleteProductCategory" time="12.152"/>
  <system-out/>
  <testcase classname="org.test.CategoryModule" name="reflectCategoryService" time="20.008"/>
  <system-out/>
  <testcase classname="org.test.CategoryModule" name="inactiveProductService" time="13.199"/>
  <system-out/>
  <testcase classname="org.test.CategoryModule" name="deleteProductService" time="3.360"/>
  <system-out/>
</testsuite> <!-- org.test.CategoryModule -->
