<?xml version="1.0" encoding="UTF-8"?>
<!-- Generated by org.testng.reporters.JUnitReportReporter -->
<testsuite hostname="DESKTOP-5M7AM2E" failures="0" tests="3" name="org.enhancement.Onboarding" time="41.963" errors="0" timestamp="2023-05-25T11:49:57 IST" skipped="0">
  <testcase classname="org.enhancement.Onboarding" name="createTenant" time="41.442"/>
  <system-out/>
  <testcase classname="org.enhancement.Onboarding" name="subDomineURL" time="0.396"/>
  <system-out/>
  <testcase classname="org.enhancement.Onboarding" name="ownerName" time="0.125"/>
  <system-out/>
</testsuite> <!-- org.enhancement.Onboarding -->
