<?xml version="1.0" encoding="UTF-8"?>
<!-- Generated by org.testng.reporters.JUnitReportReporter -->
<testsuite hostname="DESKTOP-5M7AM2E" failures="0" tests="47" name="org.test.CustomerContactJob" time="429.015" errors="0" timestamp="2023-05-24T12:38:22 IST" skipped="0">
  <testcase classname="org.test.CustomerContactJob" name="loginPage" time="170.463"/>
  <system-out/>
  <testcase classname="org.test.CustomerContactJob" name="contactModule" time="5.465"/>
  <system-out/>
  <testcase classname="org.test.CustomerContactJob" name="CreateContact" time="13.916"/>
  <system-out/>
  <testcase classname="org.test.CustomerContactJob" name="listabelValidation" time="13.464"/>
  <system-out/>
  <testcase classname="org.test.CustomerContactJob" name="labelValidation" time="2.982"/>
  <system-out/>
  <testcase classname="org.test.CustomerContactJob" name="namePrepopulation" time="0.794"/>
  <system-out/>
  <testcase classname="org.test.CustomerContactJob" name="mandatoryValidationLocation" time="1.548"/>
  <system-out/>
  <testcase classname="org.test.CustomerContactJob" name="maximumValidationLocation" time="6.864"/>
  <system-out/>
  <testcase classname="org.test.CustomerContactJob" name="maximumValidationTittle" time="5.700"/>
  <system-out/>
  <testcase classname="org.test.CustomerContactJob" name="mandatoryValidationDescription" time="0.079"/>
  <system-out/>
  <testcase classname="org.test.CustomerContactJob" name="maximumValidationDescription" time="4.882"/>
  <system-out/>
  <testcase classname="org.test.CustomerContactJob" name="maximumTagValidation" time="0.864"/>
  <system-out/>
  <testcase classname="org.test.CustomerContactJob" name="duplicateTagsValidation" time="0.320"/>
  <system-out/>
  <testcase classname="org.test.CustomerContactJob" name="maxTagLimitValidation" time="17.050"/>
  <system-out/>
  <testcase classname="org.test.CustomerContactJob" name="maximumValidationNotes" time="5.435"/>
  <system-out/>
  <testcase classname="org.test.CustomerContactJob" name="createButton" time="0.156"/>
  <system-out/>
  <testcase classname="org.test.CustomerContactJob" name="unsssignedJob" time="14.346"/>
  <system-out/>
  <testcase classname="org.test.CustomerContactJob" name="jobCreatedCount" time="0.125"/>
  <system-out/>
  <testcase classname="org.test.CustomerContactJob" name="jobUnassignedStatus" time="0.164"/>
  <system-out/>
  <testcase classname="org.test.CustomerContactJob" name="labelEditValidation" time="8.298"/>
  <system-out/>
  <testcase classname="org.test.CustomerContactJob" name="editmandatoryValidationLocation" time="0.365"/>
  <system-out/>
  <testcase classname="org.test.CustomerContactJob" name="editmaximumValidationLocation" time="6.311"/>
  <system-out/>
  <testcase classname="org.test.CustomerContactJob" name="editmaximumValidationTittle" time="5.549"/>
  <system-out/>
  <testcase classname="org.test.CustomerContactJob" name="editmandatoryValidationDescription" time="0.077"/>
  <system-out/>
  <testcase classname="org.test.CustomerContactJob" name="editmaximumValidationDescription" time="4.865"/>
  <system-out/>
  <testcase classname="org.test.CustomerContactJob" name="editmaximumTagValidation" time="0.938"/>
  <system-out/>
  <testcase classname="org.test.CustomerContactJob" name="editduplicateTagsValidation" time="0.349"/>
  <system-out/>
  <testcase classname="org.test.CustomerContactJob" name="editmaxTagLimitValidation" time="16.465"/>
  <system-out/>
  <testcase classname="org.test.CustomerContactJob" name="editmaximumValidationNotes" time="5.460"/>
  <system-out/>
  <testcase classname="org.test.CustomerContactJob" name="updateButton" time="0.077"/>
  <system-out/>
  <testcase classname="org.test.CustomerContactJob" name="editJobwithFromDateFromTime" time="12.511"/>
  <system-out/>
  <testcase classname="org.test.CustomerContactJob" name="createJob_FromDateandTime_ToDateandTime" time="19.201"/>
  <system-out/>
  <testcase classname="org.test.CustomerContactJob" name="jobScheduleStatus" time="1.177"/>
  <system-out/>
  <testcase classname="org.test.CustomerContactJob" name="dispatchedJob" time="13.800"/>
  <system-out/>
  <testcase classname="org.test.CustomerContactJob" name="jobDispatchedStatus" time="0.133"/>
  <system-out/>
  <testcase classname="org.test.CustomerContactJob" name="startedJob" time="12.600"/>
  <system-out/>
  <testcase classname="org.test.CustomerContactJob" name="jobStartedStatus" time="0.124"/>
  <system-out/>
  <testcase classname="org.test.CustomerContactJob" name="completedJob" time="12.951"/>
  <system-out/>
  <testcase classname="org.test.CustomerContactJob" name="jobCompleteStatus" time="0.857"/>
  <system-out/>
  <testcase classname="org.test.CustomerContactJob" name="cancelledJob" time="14.114"/>
  <system-out/>
  <testcase classname="org.test.CustomerContactJob" name="jobCancelledStatus" time="0.135"/>
  <system-out/>
  <testcase classname="org.test.CustomerContactJob" name="jobDraftStatus" time="10.000"/>
  <system-out/>
  <testcase classname="org.test.CustomerContactJob" name="deletedJob" time="7.689"/>
  <system-out/>
  <testcase classname="org.test.CustomerContactJob" name="searchJobNo" time="2.598"/>
  <system-out/>
  <testcase classname="org.test.CustomerContactJob" name="searchLocation" time="2.604"/>
  <system-out/>
  <testcase classname="org.test.CustomerContactJob" name="searchFilterByDate" time="2.597"/>
  <system-out/>
  <testcase classname="org.test.CustomerContactJob" name="searchInvalid" time="2.553"/>
  <system-out/>
</testsuite> <!-- org.test.CustomerContactJob -->
