<?xml version="1.0" encoding="UTF-8"?>
<!-- Generated by org.testng.reporters.JUnitReportReporter -->
<<<<<<< HEAD
<<<<<<< HEAD
<testsuite hostname="DESKTOP-5M7AM2E" failures="0" tests="3" name="org.enhancement.GlobalContactInvoice" time="128.098" errors="0" timestamp="2023-05-22T20:03:10 IST" skipped="0">
  <testcase classname="org.enhancement.GlobalContactInvoice" name="loginPage" time="46.073"/>
  <system-out/>
  <testcase classname="org.enhancement.GlobalContactInvoice" name="invoiceModule" time="2.460"/>
  <system-out/>
  <testcase classname="org.enhancement.GlobalContactInvoice" name="createInvoice" time="79.565"/>
=======
<testsuite hostname="DESKTOP-5M7AM2E" failures="0" tests="3" name="org.enhancement.GlobalContactInvoice" time="75.483" errors="0" timestamp="2023-05-25T11:49:57 IST" skipped="0">
  <testcase classname="org.enhancement.GlobalContactInvoice" name="loginPage" time="27.206"/>
=======
<testsuite hostname="DESKTOP-5M7AM2E" failures="0" tests="7" name="org.enhancement.GlobalContactInvoice" time="337.536" errors="0" timestamp="2023-06-04T11:33:21 IST" skipped="0">
  <testcase classname="org.enhancement.GlobalContactInvoice" name="loginPage" time="55.047"/>
>>>>>>> 8f032e9abfd9edfc56ded76230782504aeca4741
  <system-out/>
  <testcase classname="org.enhancement.GlobalContactInvoice" name="invoiceModule" time="5.107"/>
  <system-out/>
<<<<<<< HEAD
  <testcase classname="org.enhancement.GlobalContactInvoice" name="createInvoice" time="45.240"/>
>>>>>>> c5699b793ecef34ca60eb49f33139d209ba1ec97
=======
  <testcase classname="org.enhancement.GlobalContactInvoice" name="createInvoice" time="45.900"/>
  <system-out/>
  <testcase classname="org.enhancement.GlobalContactInvoice" name="createInvoice" time="47.133"/>
  <system-out/>
  <testcase classname="org.enhancement.GlobalContactInvoice" name="createInvoice" time="44.840"/>
  <system-out/>
  <testcase classname="org.enhancement.GlobalContactInvoice" name="createInvoice" time="45.903"/>
  <system-out/>
  <testcase classname="org.enhancement.GlobalContactInvoice" name="createInvoice" time="93.606"/>
>>>>>>> 8f032e9abfd9edfc56ded76230782504aeca4741
  <system-out/>
</testsuite> <!-- org.enhancement.GlobalContactInvoice -->
