<?xml version="1.0" encoding="UTF-8"?>
<!-- Generated by org.testng.reporters.JUnitReportReporter -->
<<<<<<< HEAD
<<<<<<< HEAD
<testsuite hostname="DESKTOP-5M7AM2E" failures="0" tests="5" name="org.enhancement.ServiceType" time="52.506" errors="0" timestamp="2023-05-22T20:03:10 IST" skipped="0">
  <testcase classname="org.enhancement.ServiceType" name="loginPage" time="40.810"/>
  <system-out/>
  <testcase classname="org.enhancement.ServiceType" name="settingModule" time="2.153"/>
  <system-out/>
  <testcase classname="org.enhancement.ServiceType" name="leadSourceLabel" time="0.105"/>
  <system-out/>
  <testcase classname="org.enhancement.ServiceType" name="createFormLabel" time="0.889"/>
  <system-out/>
  <testcase classname="org.enhancement.ServiceType" name="serviceTypeCreate" time="8.549"/>
=======
<testsuite hostname="DESKTOP-5M7AM2E" failures="0" tests="5" name="org.enhancement.ServiceType" time="49.784" errors="0" timestamp="2023-05-25T11:49:57 IST" skipped="0">
  <testcase classname="org.enhancement.ServiceType" name="loginPage" time="34.152"/>
=======
<testsuite hostname="DESKTOP-5M7AM2E" failures="0" tests="9" name="org.enhancement.ServiceType" time="103.473" errors="0" timestamp="2023-06-04T11:22:12 IST" skipped="0">
  <testcase classname="org.enhancement.ServiceType" name="loginPage" time="54.455"/>
>>>>>>> 8f032e9abfd9edfc56ded76230782504aeca4741
  <system-out/>
  <testcase classname="org.enhancement.ServiceType" name="settingModule" time="1.956"/>
  <system-out/>
  <testcase classname="org.enhancement.ServiceType" name="leadSourceLabel" time="0.283"/>
  <system-out/>
  <testcase classname="org.enhancement.ServiceType" name="createFormLabel" time="1.876"/>
  <system-out/>
<<<<<<< HEAD
  <testcase classname="org.enhancement.ServiceType" name="serviceTypeCreate" time="9.147"/>
>>>>>>> c5699b793ecef34ca60eb49f33139d209ba1ec97
=======
  <testcase classname="org.enhancement.ServiceType" name="serviceTypeCreate" time="9.038"/>
  <system-out/>
  <testcase classname="org.enhancement.ServiceType" name="serviceTypeCreate" time="8.876"/>
  <system-out/>
  <testcase classname="org.enhancement.ServiceType" name="serviceTypeCreate" time="8.598"/>
  <system-out/>
  <testcase classname="org.enhancement.ServiceType" name="serviceTypeCreate" time="8.625"/>
  <system-out/>
  <testcase classname="org.enhancement.ServiceType" name="serviceTypeCreate" time="9.766"/>
>>>>>>> 8f032e9abfd9edfc56ded76230782504aeca4741
  <system-out/>
</testsuite> <!-- org.enhancement.ServiceType -->
