<?xml version="1.0" encoding="UTF-8"?>
<!-- Generated by org.testng.reporters.JUnitReportReporter -->
<testsuite hostname="DESKTOP-5M7AM2E" failures="0" tests="69" name="org.test.GlobalOrganizationInvoice" time="152.792" errors="0" timestamp="2023-04-04T00:12:38 IST" skipped="0">
  <testcase classname="org.test.GlobalOrganizationInvoice" name="loginPage" time="23.241"/>
  <system-out/>
  <testcase classname="org.test.GlobalOrganizationInvoice" name="invoiceModule" time="2.342"/>
  <system-out/>
  <testcase classname="org.test.GlobalOrganizationInvoice" name="contactMandatoryValidation" time="1.118"/>
  <system-out/>
  <testcase classname="org.test.GlobalOrganizationInvoice" name="mandatoryValidationDeuDate" time="0.042"/>
  <system-out/>
  <testcase classname="org.test.GlobalOrganizationInvoice" name="mandatoryValidationInventoryItem" time="0.032"/>
  <system-out/>
  <testcase classname="org.test.GlobalOrganizationInvoice" name="mandatoryValidationQunatity" time="0.047"/>
  <system-out/>
  <testcase classname="org.test.GlobalOrganizationInvoice" name="mandatoryValidationPrice" time="0.047"/>
  <system-out/>
  <testcase classname="org.test.GlobalOrganizationInvoice" name="mandatoryValidationDescription" time="0.048"/>
  <system-out/>
  <testcase classname="org.test.GlobalOrganizationInvoice" name="autoCompleteContactCreation" time="12.210"/>
  <system-out/>
  <testcase classname="org.test.GlobalOrganizationInvoice" name="autoCompleteOrganizationContactCreation" time="9.538"/>
  <system-out/>
  <testcase classname="org.test.GlobalOrganizationInvoice" name="maximumValidationReference" time="0.201"/>
  <system-out/>
  <testcase classname="org.test.GlobalOrganizationInvoice" name="maximumValidationInvoiceTittle" time="0.677"/>
  <system-out/>
  <testcase classname="org.test.GlobalOrganizationInvoice" name="maximumValidationInventoryItem" time="0.696"/>
  <system-out/>
  <testcase classname="org.test.GlobalOrganizationInvoice" name="emptyValidationQuantityField" time="0.154"/>
  <system-out/>
  <testcase classname="org.test.GlobalOrganizationInvoice" name="maxQuanitityLimit" time="0.212"/>
  <system-out/>
  <testcase classname="org.test.GlobalOrganizationInvoice" name="afterDecimalPointValidationQuantityField" time="0.144"/>
  <system-out/>
  <testcase classname="org.test.GlobalOrganizationInvoice" name="beforeDecimalPointValidationQuantityField" time="0.243"/>
  <system-out/>
  <testcase classname="org.test.GlobalOrganizationInvoice" name="emptyValidationPriceField" time="0.197"/>
  <system-out/>
  <testcase classname="org.test.GlobalOrganizationInvoice" name="maxPriceLimit" time="0.151"/>
  <system-out/>
  <testcase classname="org.test.GlobalOrganizationInvoice" name="beforeDecimalPointPriceField" time="0.179"/>
  <system-out/>
  <testcase classname="org.test.GlobalOrganizationInvoice" name="afterDecimalPointPriceField" time="0.192"/>
  <system-out/>
  <testcase classname="org.test.GlobalOrganizationInvoice" name="afterDecimalPointDiscountField" time="0.197"/>
  <system-out/>
  <testcase classname="org.test.GlobalOrganizationInvoice" name="beforeDecimalPointDiscountField" time="0.156"/>
  <system-out/>
  <testcase classname="org.test.GlobalOrganizationInvoice" name="maxLimitDiscountField" time="0.130"/>
  <system-out/>
  <testcase classname="org.test.GlobalOrganizationInvoice" name="afterDecimalPointTaxField" time="0.183"/>
  <system-out/>
  <testcase classname="org.test.GlobalOrganizationInvoice" name="beforeDecimalPointTaxField" time="0.144"/>
  <system-out/>
  <testcase classname="org.test.GlobalOrganizationInvoice" name="maxLimitTaxField" time="0.185"/>
  <system-out/>
  <testcase classname="org.test.GlobalOrganizationInvoice" name="maximumValidationDescription" time="1.750"/>
  <system-out/>
  <testcase classname="org.test.GlobalOrganizationInvoice" name="maximumValidationNotes" time="4.111"/>
  <system-out/>
  <testcase classname="org.test.GlobalOrganizationInvoice" name="expiryFieldPastDateValidation" time="7.727"/>
  <system-out/>
  <testcase classname="org.test.GlobalOrganizationInvoice" name="validateCalculation" time="0.480"/>
  <system-out/>
  <testcase classname="org.test.GlobalOrganizationInvoice" name="createInvoice" time="14.031"/>
  <system-out/>
  <testcase classname="org.test.GlobalOrganizationInvoice" name="editLableValidation" time="6.626"/>
  <system-out/>
  <testcase classname="org.test.GlobalOrganizationInvoice" name="mandatoryValidationEditDueDate" time="0.670"/>
  <system-out/>
  <testcase classname="org.test.GlobalOrganizationInvoice" name="mandatoryValidationEditQunatity" time="0.048"/>
  <system-out/>
  <testcase classname="org.test.GlobalOrganizationInvoice" name="mandatoryValidationEditPrice" time="0.050"/>
  <system-out/>
  <testcase classname="org.test.GlobalOrganizationInvoice" name="mandatoryValidationEditDescription" time="0.049"/>
  <system-out/>
  <testcase classname="org.test.GlobalOrganizationInvoice" name="maximumValidationEditReference" time="0.539"/>
  <system-out/>
  <testcase classname="org.test.GlobalOrganizationInvoice" name="maximumValidationEditInvoiceTittle" time="0.631"/>
  <system-out/>
  <testcase classname="org.test.GlobalOrganizationInvoice" name="maximumValidationEditInventoryItem" time="0.811"/>
  <system-out/>
  <testcase classname="org.test.GlobalOrganizationInvoice" name="emptyValidationEditQuantityField" time="0.167"/>
  <system-out/>
  <testcase classname="org.test.GlobalOrganizationInvoice" name="maxEditQuanitityLimit" time="0.207"/>
  <system-out/>
  <testcase classname="org.test.GlobalOrganizationInvoice" name="afterEditDecimalPointValidationQuantityField" time="0.156"/>
  <system-out/>
  <testcase classname="org.test.GlobalOrganizationInvoice" name="beforeEditDecimalPointValidationQuantityField" time="0.236"/>
  <system-out/>
  <testcase classname="org.test.GlobalOrganizationInvoice" name="emptyValidationEditPriceField" time="0.182"/>
  <system-out/>
  <testcase classname="org.test.GlobalOrganizationInvoice" name="maxEditPriceLimit" time="0.159"/>
  <system-out/>
  <testcase classname="org.test.GlobalOrganizationInvoice" name="beforeEditDecimalPointPriceField" time="0.194"/>
  <system-out/>
  <testcase classname="org.test.GlobalOrganizationInvoice" name="afterEditDecimalPointPriceField" time="0.201"/>
  <system-out/>
  <testcase classname="org.test.GlobalOrganizationInvoice" name="afterEditDecimalPointDiscountField" time="0.166"/>
  <system-out/>
  <testcase classname="org.test.GlobalOrganizationInvoice" name="beforeEditDecimalPointDiscountField" time="0.164"/>
  <system-out/>
  <testcase classname="org.test.GlobalOrganizationInvoice" name="maxLimitEditDiscountField" time="0.135"/>
  <system-out/>
  <testcase classname="org.test.GlobalOrganizationInvoice" name="afterDecimalEditPointTaxField" time="0.171"/>
  <system-out/>
  <testcase classname="org.test.GlobalOrganizationInvoice" name="beforeDecimalEditPointTaxField" time="0.143"/>
  <system-out/>
  <testcase classname="org.test.GlobalOrganizationInvoice" name="maxEditLimitTaxField" time="0.202"/>
  <system-out/>
  <testcase classname="org.test.GlobalOrganizationInvoice" name="maximumEditValidationDescription" time="1.745"/>
  <system-out/>
  <testcase classname="org.test.GlobalOrganizationInvoice" name="maximumEditValidationNotes" time="3.911"/>
  <system-out/>
  <testcase classname="org.test.GlobalOrganizationInvoice" name="expiryEditFieldPastDateValidation" time="7.801"/>
  <system-out/>
  <testcase classname="org.test.GlobalOrganizationInvoice" name="updatedInvoice" time="11.845"/>
  <system-out/>
  <testcase classname="org.test.GlobalOrganizationInvoice" name="draftInvoice" time="20.449"/>
  <system-out/>
  <testcase classname="org.test.GlobalOrganizationInvoice" name="createdQuoteStatus" time="0.063"/>
  <system-out/>
  <testcase classname="org.test.GlobalOrganizationInvoice" name="UpdatedInvociePartialPayment" time="3.153"/>
  <system-out/>
  <testcase classname="org.test.GlobalOrganizationInvoice" name="partialPaidAmount" time="0.184"/>
  <system-out/>
  <testcase classname="org.test.GlobalOrganizationInvoice" name="fullyPaidAmount" time="0.103"/>
  <system-out/>
  <testcase classname="org.test.GlobalOrganizationInvoice" name="UpdatedInvociePaid" time="4.285"/>
  <system-out/>
  <testcase classname="org.test.GlobalOrganizationInvoice" name="listCustomerName" time="1.452"/>
  <system-out/>
  <testcase classname="org.test.GlobalOrganizationInvoice" name="listInvoiceNo" time="1.226"/>
  <system-out/>
  <testcase classname="org.test.GlobalOrganizationInvoice" name="listQuoteReference" time="1.232"/>
  <system-out/>
  <testcase classname="org.test.GlobalOrganizationInvoice" name="filterDateInvoice" time="1.483"/>
  <system-out/>
  <testcase classname="org.test.GlobalOrganizationInvoice" name="listInvalid" time="1.148"/>
  <system-out/>
</testsuite> <!-- org.test.GlobalOrganizationInvoice -->
