<?xml version="1.0" encoding="UTF-8"?>
<!-- Generated by org.testng.reporters.JUnitReportReporter -->
<testsuite hostname="DESKTOP-5M7AM2E" failures="0" tests="5" name="com.zaigo.reactui.CustomerOrganizationInvoice" time="118.565" errors="0" timestamp="2023-04-22T15:14:22 IST" skipped="0">
  <testcase classname="com.zaigo.reactui.CustomerOrganizationInvoice" name="loginPage" time="34.030"/>
  <system-out/>
  <testcase classname="com.zaigo.reactui.CustomerOrganizationInvoice" name="modulePage" time="7.198"/>
  <system-out/>
  <testcase classname="com.zaigo.reactui.CustomerOrganizationInvoice" name="createOrganization" time="21.513"/>
  <system-out/>
  <testcase classname="com.zaigo.reactui.CustomerOrganizationInvoice" name="labelValidation" time="8.101"/>
  <system-out/>
  <testcase classname="com.zaigo.reactui.CustomerOrganizationInvoice" name="createInvoice" time="47.723"/>
  <system-out/>
</testsuite> <!-- com.zaigo.reactui.CustomerOrganizationInvoice -->
