<?xml version="1.0" encoding="UTF-8"?>
<!-- Generated by org.testng.reporters.JUnitReportReporter -->
<testsuite hostname="DESKTOP-5M7AM2E" failures="0" tests="47" name="org.test.CustomerOrganizationJob" time="249.251" errors="0" timestamp="2023-03-08T15:48:45 IST" skipped="0">
  <testcase classname="org.test.CustomerOrganizationJob" name="loginPage" time="32.086"/>
  <system-out/>
  <testcase classname="org.test.CustomerOrganizationJob" name="contactModule" time="4.015"/>
  <system-out/>
  <testcase classname="org.test.CustomerOrganizationJob" name="createOrganization" time="22.876"/>
  <system-out/>
  <testcase classname="org.test.CustomerOrganizationJob" name="labelValidation" time="11.840"/>
  <system-out/>
  <testcase classname="org.test.CustomerOrganizationJob" name="namePrepopulation" time="1.649"/>
  <system-out/>
  <testcase classname="org.test.CustomerOrganizationJob" name="autoCompleteOrganizationContactCreation" time="9.889"/>
  <system-out/>
  <testcase classname="org.test.CustomerOrganizationJob" name="mandatoryValidationLocation" time="0.227"/>
  <system-out/>
  <testcase classname="org.test.CustomerOrganizationJob" name="maximumValidationLocation" time="4.209"/>
  <system-out/>
  <testcase classname="org.test.CustomerOrganizationJob" name="maximumValidationTittle" time="3.577"/>
  <system-out/>
  <testcase classname="org.test.CustomerOrganizationJob" name="mandatoryValidationDescription" time="0.058"/>
  <system-out/>
  <testcase classname="org.test.CustomerOrganizationJob" name="maximumValidationDescription" time="3.441"/>
  <system-out/>
  <testcase classname="org.test.CustomerOrganizationJob" name="maximumTagValidation" time="0.595"/>
  <system-out/>
  <testcase classname="org.test.CustomerOrganizationJob" name="duplicateTagsValidation" time="0.223"/>
  <system-out/>
  <testcase classname="org.test.CustomerOrganizationJob" name="maxTagLimitValidation" time="14.180"/>
  <system-out/>
  <testcase classname="org.test.CustomerOrganizationJob" name="maximumValidationNotes" time="3.153"/>
  <system-out/>
  <testcase classname="org.test.CustomerOrganizationJob" name="createButton" time="0.054"/>
  <system-out/>
  <testcase classname="org.test.CustomerOrganizationJob" name="unsssignedJob" time="12.610"/>
  <system-out/>
  <testcase classname="org.test.CustomerOrganizationJob" name="jobCreatedCount" time="0.124"/>
  <system-out/>
  <testcase classname="org.test.CustomerOrganizationJob" name="jobUnassignedStatus" time="0.080"/>
  <system-out/>
  <testcase classname="org.test.CustomerOrganizationJob" name="labelEditValidation" time="7.158"/>
  <system-out/>
  <testcase classname="org.test.CustomerOrganizationJob" name="editmandatoryValidationLocation" time="0.281"/>
  <system-out/>
  <testcase classname="org.test.CustomerOrganizationJob" name="editmaximumValidationLocation" time="4.185"/>
  <system-out/>
  <testcase classname="org.test.CustomerOrganizationJob" name="editmaximumValidationTittle" time="3.555"/>
  <system-out/>
  <testcase classname="org.test.CustomerOrganizationJob" name="editmandatoryValidationDescription" time="0.105"/>
  <system-out/>
  <testcase classname="org.test.CustomerOrganizationJob" name="editmaximumValidationDescription" time="3.119"/>
  <system-out/>
  <testcase classname="org.test.CustomerOrganizationJob" name="editmaximumTagValidation" time="0.576"/>
  <system-out/>
  <testcase classname="org.test.CustomerOrganizationJob" name="editduplicateTagsValidation" time="0.388"/>
  <system-out/>
  <testcase classname="org.test.CustomerOrganizationJob" name="editmaxTagLimitValidation" time="14.079"/>
  <system-out/>
  <testcase classname="org.test.CustomerOrganizationJob" name="editmaximumValidationNotes" time="3.253"/>
  <system-out/>
  <testcase classname="org.test.CustomerOrganizationJob" name="updateButton" time="0.058"/>
  <system-out/>
  <testcase classname="org.test.CustomerOrganizationJob" name="editJobwithFromDateFromTime" time="11.937"/>
  <system-out/>
  <testcase classname="org.test.CustomerOrganizationJob" name="createJob_FromDateandTime_ToDateandTime" time="16.133"/>
  <system-out/>
  <testcase classname="org.test.CustomerOrganizationJob" name="jobScheduleStatus" time="0.080"/>
  <system-out/>
  <testcase classname="org.test.CustomerOrganizationJob" name="dispatchedJob" time="8.823"/>
  <system-out/>
  <testcase classname="org.test.CustomerOrganizationJob" name="jobDispatchedStatus" time="0.078"/>
  <system-out/>
  <testcase classname="org.test.CustomerOrganizationJob" name="startedJob" time="9.314"/>
  <system-out/>
  <testcase classname="org.test.CustomerOrganizationJob" name="jobStartedStatus" time="0.073"/>
  <system-out/>
  <testcase classname="org.test.CustomerOrganizationJob" name="completedJob" time="10.360"/>
  <system-out/>
  <testcase classname="org.test.CustomerOrganizationJob" name="jobCompletedStatus" time="0.077"/>
  <system-out/>
  <testcase classname="org.test.CustomerOrganizationJob" name="cancelledJob" time="8.898"/>
  <system-out/>
  <testcase classname="org.test.CustomerOrganizationJob" name="jobCancelledStatus" time="0.088"/>
  <system-out/>
  <testcase classname="org.test.CustomerOrganizationJob" name="jobDraftStatus" time="8.657"/>
  <system-out/>
  <testcase classname="org.test.CustomerOrganizationJob" name="deletedJob" time="6.835"/>
  <system-out/>
  <testcase classname="org.test.CustomerOrganizationJob" name="searchJobNo" time="1.420"/>
  <system-out/>
  <testcase classname="org.test.CustomerOrganizationJob" name="searchLocation" time="1.341"/>
  <system-out/>
  <testcase classname="org.test.CustomerOrganizationJob" name="searchFilterByDate" time="1.737"/>
  <system-out/>
  <testcase classname="org.test.CustomerOrganizationJob" name="searchInvalid" time="1.757"/>
  <system-out/>
</testsuite> <!-- org.test.CustomerOrganizationJob -->
