<?xml version="1.0" encoding="UTF-8"?>
<!-- Generated by org.testng.reporters.JUnitReportReporter -->
<testsuite hostname="DESKTOP-5M7AM2E" failures="0" tests="69" name="org.test.CustomerOrganizationQuote" time="174.965" errors="1" timestamp="2023-03-08T15:48:45 IST" skipped="0">
  <testcase classname="org.test.CustomerOrganizationQuote" name="loginPage" time="24.472"/>
  <system-out/>
  <testcase classname="org.test.CustomerOrganizationQuote" name="contactModule" time="3.514"/>
  <system-out/>
  <testcase classname="org.test.CustomerOrganizationQuote" name="createOrganization" time="21.677"/>
  <system-out/>
  <testcase classname="org.test.CustomerOrganizationQuote" name="labelValidation" time="7.295"/>
  <system-out/>
  <testcase classname="org.test.CustomerOrganizationQuote" name="namePrepopulation" time="1.650"/>
  <system-out/>
  <testcase classname="org.test.CustomerOrganizationQuote" name="autoCompleteOrganizationContactCreation" time="12.480"/>
  <system-out/>
  <testcase classname="org.test.CustomerOrganizationQuote" name="mandatoryValidationExpiryDate" time="0.360"/>
  <system-out/>
  <testcase classname="org.test.CustomerOrganizationQuote" name="mandatoryValidationInventoryItem" time="0.053"/>
  <system-out/>
  <testcase classname="org.test.CustomerOrganizationQuote" name="mandatoryValidationQunatity" time="0.055"/>
  <system-out/>
  <testcase classname="org.test.CustomerOrganizationQuote" name="mandatoryValidationPrice" time="0.052"/>
  <system-out/>
  <testcase classname="org.test.CustomerOrganizationQuote" name="mandatoryValidationDescription" time="0.049"/>
  <system-out/>
  <testcase classname="org.test.CustomerOrganizationQuote" name="maximumValidationReference" time="0.620"/>
  <system-out/>
  <testcase classname="org.test.CustomerOrganizationQuote" name="maximumValidationQuoteTittle" time="0.700"/>
  <system-out/>
  <testcase classname="org.test.CustomerOrganizationQuote" name="maximumValidationInventoryItem" time="0.830"/>
  <system-out/>
  <testcase classname="org.test.CustomerOrganizationQuote" name="emptyValidationQuantityField" time="0.206"/>
  <system-out/>
  <testcase classname="org.test.CustomerOrganizationQuote" name="maxQuanitityLimit" time="0.257"/>
  <system-out/>
  <testcase classname="org.test.CustomerOrganizationQuote" name="afterDecimalPointValidationQuantityField" time="0.182"/>
  <system-out/>
  <testcase classname="org.test.CustomerOrganizationQuote" name="beforeDecimalPointValidationQuantityField" time="0.284"/>
  <system-out/>
  <testcase classname="org.test.CustomerOrganizationQuote" name="emptyValidationPriceField" time="0.208"/>
  <system-out/>
  <testcase classname="org.test.CustomerOrganizationQuote" name="maxPriceLimit" time="0.193"/>
  <system-out/>
  <testcase classname="org.test.CustomerOrganizationQuote" name="beforeDecimalPointPriceField" time="0.212"/>
  <system-out/>
  <testcase classname="org.test.CustomerOrganizationQuote" name="afterDecimalPointPriceField" time="0.247"/>
  <system-out/>
  <testcase classname="org.test.CustomerOrganizationQuote" name="afterDecimalPointDiscountField" time="0.200"/>
  <system-out/>
  <testcase classname="org.test.CustomerOrganizationQuote" name="beforeDecimalPointDiscountField" time="0.175"/>
  <system-out/>
  <testcase classname="org.test.CustomerOrganizationQuote" name="maxLimitDiscountField" time="0.167"/>
  <system-out/>
  <testcase classname="org.test.CustomerOrganizationQuote" name="afterDecimalPointTaxField" time="0.211"/>
  <system-out/>
  <testcase classname="org.test.CustomerOrganizationQuote" name="beforeDecimalPointTaxField" time="0.181"/>
  <system-out/>
  <testcase classname="org.test.CustomerOrganizationQuote" name="maxLimitTaxField" time="0.234"/>
  <system-out/>
  <testcase classname="org.test.CustomerOrganizationQuote" name="maximumValidationDescription" time="1.742"/>
  <system-out/>
  <testcase classname="org.test.CustomerOrganizationQuote" name="maximumValidationNotes" time="3.826"/>
  <system-out/>
  <testcase classname="org.test.CustomerOrganizationQuote" name="expiryFieldPastDateValidation" time="2.703"/>
  <system-out/>
  <testcase classname="org.test.CustomerOrganizationQuote" name="validateCalculation" time="0.736"/>
  <system-out/>
  <testcase classname="org.test.CustomerOrganizationQuote" name="createQuote" time="10.526"/>
  <system-out/>
  <testcase classname="org.test.CustomerOrganizationQuote" name="quoteCreatedCount" time="0.089"/>
  <system-out/>
  <testcase classname="org.test.CustomerOrganizationQuote" name="quoteEdit" time="6.872"/>
  <system-out/>
  <testcase classname="org.test.CustomerOrganizationQuote" name="editmandatoryValidationExpiryDate" time="0.299"/>
  <system-out/>
  <testcase classname="org.test.CustomerOrganizationQuote" name="editmandatoryValidationQunatity" time="0.057"/>
  <system-out/>
  <testcase classname="org.test.CustomerOrganizationQuote" name="editmandatoryValidationPrice" time="0.055"/>
  <system-out/>
  <testcase classname="org.test.CustomerOrganizationQuote" name="editmandatoryValidationDescription" time="0.051"/>
  <system-out/>
  <testcase classname="org.test.CustomerOrganizationQuote" name="editmaximumValidationReference" time="0.597"/>
  <system-out/>
  <testcase classname="org.test.CustomerOrganizationQuote" name="editmaximumValidationQuoteTittle" time="0.545"/>
  <system-out/>
  <testcase classname="org.test.CustomerOrganizationQuote" name="editmaximumValidationInventoryItem" time="0.887"/>
  <system-out/>
  <testcase classname="org.test.CustomerOrganizationQuote" name="editemptyValidationQuantityField" time="0.188"/>
  <system-out/>
  <testcase classname="org.test.CustomerOrganizationQuote" name="editmaxQuanitityLimit" time="0.251"/>
  <system-out/>
  <testcase classname="org.test.CustomerOrganizationQuote" name="editafterDecimalPointValidationQuantityField" time="0.173"/>
  <system-out/>
  <testcase classname="org.test.CustomerOrganizationQuote" name="editbeforeDecimalPointValidationQuantityField" time="0.271"/>
  <system-out/>
  <testcase classname="org.test.CustomerOrganizationQuote" name="editemptyValidationPriceField" time="0.206"/>
  <system-out/>
  <testcase classname="org.test.CustomerOrganizationQuote" name="editmaxPriceLimit" time="0.180"/>
  <system-out/>
  <testcase classname="org.test.CustomerOrganizationQuote" name="editbeforeDecimalPointPriceField" time="0.203"/>
  <system-out/>
  <testcase classname="org.test.CustomerOrganizationQuote" name="editafterDecimalPointPriceField" time="0.241"/>
  <system-out/>
  <testcase classname="org.test.CustomerOrganizationQuote" name="editafterDecimalPointDiscountField" time="0.185"/>
  <system-out/>
  <testcase classname="org.test.CustomerOrganizationQuote" name="editbeforeDecimalPointDiscountField" time="0.159"/>
  <system-out/>
  <testcase classname="org.test.CustomerOrganizationQuote" name="editmaxLimitDiscountField" time="0.151"/>
  <system-out/>
  <testcase classname="org.test.CustomerOrganizationQuote" name="editafterDecimalPointTaxField" time="0.185"/>
  <system-out/>
  <testcase classname="org.test.CustomerOrganizationQuote" name="editbeforeDecimalPointTaxField" time="0.172"/>
  <system-out/>
  <testcase classname="org.test.CustomerOrganizationQuote" name="editmaxLimitTaxField" time="0.212"/>
  <system-out/>
  <testcase classname="org.test.CustomerOrganizationQuote" name="editmaximumValidationDescription" time="1.639"/>
  <system-out/>
  <testcase classname="org.test.CustomerOrganizationQuote" name="editmaximumValidationNotes" time="3.586"/>
  <system-out/>
  <testcase classname="org.test.CustomerOrganizationQuote" name="editexpiryFieldPastDateValidation" time="2.176"/>
  <system-out/>
  <testcase classname="org.test.CustomerOrganizationQuote" name="updateQuote" time="9.157"/>
  <system-out/>
  <testcase classname="org.test.CustomerOrganizationQuote" name="createdQuoteStatus" time="0.079"/>
  <system-out/>
  <testcase classname="org.test.CustomerOrganizationQuote" name="draftQuote" time="5.466"/>
  <system-out/>
  <testcase classname="org.test.CustomerOrganizationQuote" name="convertQuote" time="22.101"/>
  <system-out/>
  <testcase classname="org.test.CustomerOrganizationQuote" name="declinedStatus" time="11.041"/>
  <system-out/>
  <testcase classname="org.test.CustomerOrganizationQuote" name="listQuoteNo" time="2.938"/>
  <system-out/>
  <testcase classname="org.test.CustomerOrganizationQuote" name="listQuoteTittle" time="1.897"/>
  <system-out/>
  <testcase classname="org.test.CustomerOrganizationQuote" name="listQuoteReference" time="1.319"/>
  <system-out/>
  <testcase classname="org.test.CustomerOrganizationQuote" name="filterDateInvoice" time="1.620">
    <error message="stale element reference: element is not attached to the page document
  (Session info: chrome=110.0.5481.178)
For documentation on this error, please visit: https://www.seleniumhq.org/exceptions/stale_element_reference.html
Build info: version: &#039;3.141.59&#039;, revision: &#039;e82be7d358&#039;, time: &#039;2018-11-14T08:17:03&#039;
System info: host: &#039;DESKTOP-5M7AM2E&#039;, ip: &#039;192.168.56.1&#039;, os.name: &#039;Windows 11&#039;, os.arch: &#039;amd64&#039;, os.version: &#039;10.0&#039;, java.version: &#039;17.0.3&#039;
Driver info: org.openqa.selenium.chrome.ChromeDriver
Capabilities {acceptInsecureCerts: false, browserName: chrome, browserVersion: 110.0.5481.178, chrome: {chromedriverVersion: 110.0.5481.77 (65ed616c6e8e..., userDataDir: C:\Users\ZAIGOP~1\AppData\L...}, goog:chromeOptions: {debuggerAddress: localhost:56203}, javascriptEnabled: true, networkConnectionEnabled: false, pageLoadStrategy: normal, platform: WINDOWS, platformName: WINDOWS, proxy: Proxy(), setWindowRect: true, strictFileInteractability: false, timeouts: {implicit: 0, pageLoad: 300000, script: 30000}, unhandledPromptBehavior: dismiss and notify, webauthn:extension:credBlob: true, webauthn:extension:largeBlob: true, webauthn:virtualAuthenticators: true}
Session ID: cbf6f6f1bea7335687ec517ac49223c5" type="org.openqa.selenium.StaleElementReferenceException">
      <![CDATA[org.openqa.selenium.StaleElementReferenceException: stale element reference: element is not attached to the page document
  (Session info: chrome=110.0.5481.178)
For documentation on this error, please visit: https://www.seleniumhq.org/exceptions/stale_element_reference.html
Build info: version: '3.141.59', revision: 'e82be7d358', time: '2018-11-14T08:17:03'
System info: host: 'DESKTOP-5M7AM2E', ip: '192.168.56.1', os.name: 'Windows 11', os.arch: 'amd64', os.version: '10.0', java.version: '17.0.3'
Driver info: org.openqa.selenium.chrome.ChromeDriver
Capabilities {acceptInsecureCerts: false, browserName: chrome, browserVersion: 110.0.5481.178, chrome: {chromedriverVersion: 110.0.5481.77 (65ed616c6e8e..., userDataDir: C:\Users\ZAIGOP~1\AppData\L...}, goog:chromeOptions: {debuggerAddress: localhost:56203}, javascriptEnabled: true, networkConnectionEnabled: false, pageLoadStrategy: normal, platform: WINDOWS, platformName: WINDOWS, proxy: Proxy(), setWindowRect: true, strictFileInteractability: false, timeouts: {implicit: 0, pageLoad: 300000, script: 30000}, unhandledPromptBehavior: dismiss and notify, webauthn:extension:credBlob: true, webauthn:extension:largeBlob: true, webauthn:virtualAuthenticators: true}
Session ID: cbf6f6f1bea7335687ec517ac49223c5
at java.base/jdk.internal.reflect.NativeConstructorAccessorImpl.newInstance0(Native Method)
at java.base/jdk.internal.reflect.NativeConstructorAccessorImpl.newInstance(NativeConstructorAccessorImpl.java:77)
at java.base/jdk.internal.reflect.DelegatingConstructorAccessorImpl.newInstance(DelegatingConstructorAccessorImpl.java:45)
at java.base/java.lang.reflect.Constructor.newInstanceWithCaller(Constructor.java:499)
at java.base/java.lang.reflect.Constructor.newInstance(Constructor.java:480)
at org.openqa.selenium.remote.http.W3CHttpResponseCodec.createException(W3CHttpResponseCodec.java:187)
at org.openqa.selenium.remote.http.W3CHttpResponseCodec.decode(W3CHttpResponseCodec.java:122)
at org.openqa.selenium.remote.http.W3CHttpResponseCodec.decode(W3CHttpResponseCodec.java:49)
at org.openqa.selenium.remote.HttpCommandExecutor.execute(HttpCommandExecutor.java:158)
at org.openqa.selenium.remote.service.DriverCommandExecutor.execute(DriverCommandExecutor.java:83)
at org.openqa.selenium.remote.RemoteWebDriver.execute(RemoteWebDriver.java:552)
at org.openqa.selenium.remote.RemoteWebElement.execute(RemoteWebElement.java:285)
at org.openqa.selenium.remote.RemoteWebElement.isDisplayed(RemoteWebElement.java:326)
at jdk.internal.reflect.GeneratedMethodAccessor39.invoke(Unknown Source)
at java.base/jdk.internal.reflect.DelegatingMethodAccessorImpl.invoke(DelegatingMethodAccessorImpl.java:43)
at java.base/java.lang.reflect.Method.invoke(Method.java:568)
at org.openqa.selenium.support.pagefactory.internal.LocatingElementHandler.invoke(LocatingElementHandler.java:51)
at jdk.proxy2/jdk.proxy2.$Proxy13.isDisplayed(Unknown Source)
at org.openqa.selenium.support.ui.ExpectedConditions.elementIfVisible(ExpectedConditions.java:314)
at org.openqa.selenium.support.ui.ExpectedConditions.access$000(ExpectedConditions.java:43)
at org.openqa.selenium.support.ui.ExpectedConditions$10.apply(ExpectedConditions.java:300)
at org.openqa.selenium.support.ui.ExpectedConditions$10.apply(ExpectedConditions.java:297)
at org.openqa.selenium.support.ui.FluentWait.until(FluentWait.java:249)
at com.zaigo.pageobjects.QuotePage.getText(QuotePage.java:157)
at com.zaigo.pageobjects.QuotePage.dateValidation(QuotePage.java:552)
at org.test.CustomerOrganizationQuote.filterDateInvoice(CustomerOrganizationQuote.java:1746)
at java.base/jdk.internal.reflect.NativeMethodAccessorImpl.invoke0(Native Method)
at java.base/jdk.internal.reflect.NativeMethodAccessorImpl.invoke(NativeMethodAccessorImpl.java:77)
at java.base/jdk.internal.reflect.DelegatingMethodAccessorImpl.invoke(DelegatingMethodAccessorImpl.java:43)
at java.base/java.lang.reflect.Method.invoke(Method.java:568)
at org.testng.internal.MethodInvocationHelper.invokeMethod(MethodInvocationHelper.java:133)
at org.testng.internal.TestInvoker.invokeMethod(TestInvoker.java:598)
at org.testng.internal.TestInvoker.invokeTestMethod(TestInvoker.java:173)
at org.testng.internal.MethodRunner.runInSequence(MethodRunner.java:46)
at org.testng.internal.TestInvoker$MethodInvocationAgent.invoke(TestInvoker.java:824)
at org.testng.internal.TestInvoker.invokeTestMethods(TestInvoker.java:146)
at org.testng.internal.TestMethodWorker.invokeTestMethods(TestMethodWorker.java:146)
at org.testng.internal.TestMethodWorker.run(TestMethodWorker.java:128)
at java.base/java.util.ArrayList.forEach(ArrayList.java:1511)
at org.testng.TestRunner.privateRun(TestRunner.java:794)
at org.testng.TestRunner.run(TestRunner.java:596)
at org.testng.SuiteRunner.runTest(SuiteRunner.java:377)
at org.testng.SuiteRunner.runSequentially(SuiteRunner.java:371)
at org.testng.SuiteRunner.privateRun(SuiteRunner.java:332)
at org.testng.SuiteRunner.run(SuiteRunner.java:276)
at org.testng.SuiteRunnerWorker.runSuite(SuiteRunnerWorker.java:53)
at org.testng.SuiteRunnerWorker.run(SuiteRunnerWorker.java:96)
at org.testng.TestNG.runSuitesSequentially(TestNG.java:1212)
at org.testng.TestNG.runSuitesLocally(TestNG.java:1134)
at org.testng.TestNG.runSuites(TestNG.java:1063)
at org.testng.TestNG.run(TestNG.java:1031)
at org.testng.remote.AbstractRemoteTestNG.run(AbstractRemoteTestNG.java:115)
at org.testng.remote.RemoteTestNG.initAndRun(RemoteTestNG.java:251)
at org.testng.remote.RemoteTestNG.main(RemoteTestNG.java:77)
]]>
    </error>
  </testcase> <!-- filterDateInvoice -->
  <system-out/>
  <testcase classname="org.test.CustomerOrganizationQuote" name="listInvalid" time="3.420"/>
  <system-out/>
</testsuite> <!-- org.test.CustomerOrganizationQuote -->
