<?xml version="1.0" encoding="UTF-8"?>
<!-- Generated by org.testng.reporters.JUnitReportReporter -->
<testsuite hostname="DESKTOP-5M7AM2E" failures="0" tests="5" name="org.enhancement.BusinessUnit" time="82.737" errors="0" timestamp="2023-04-23T11:13:03 IST" skipped="0">
  <testcase classname="org.enhancement.BusinessUnit" name="loginPage" time="68.575"/>
  <system-out/>
  <testcase classname="org.enhancement.BusinessUnit" name="settingModule" time="2.132"/>
  <system-out/>
  <testcase classname="org.enhancement.BusinessUnit" name="businessUnitLabel" time="0.131"/>
  <system-out/>
  <testcase classname="org.enhancement.BusinessUnit" name="createFormLabel" time="2.494"/>
  <system-out/>
  <testcase classname="org.enhancement.BusinessUnit" name="businessCreate" time="9.405"/>
  <system-out/>
</testsuite> <!-- org.enhancement.BusinessUnit -->
