<?xml version="1.0" encoding="UTF-8"?>
<!-- Generated by org.testng.reporters.JUnitReportReporter -->
<testsuite hostname="DESKTOP-5M7AM2E" failures="0" tests="105" name="org.test.TeamModule" time="213.057" errors="0" timestamp="2023-01-07T15:33:55 IST" skipped="0">
  <testcase classname="org.test.TeamModule" name="verify" time="35.345"/>
  <system-out/>
  <testcase classname="org.test.TeamModule" name="teamModule" time="9.257"/>
  <system-out/>
  <testcase classname="org.test.TeamModule" name="edit" time="3.406"/>
  <system-out/>
  <testcase classname="org.test.TeamModule" name="addLocation" time="6.345"/>
  <system-out/>
  <testcase classname="org.test.TeamModule" name="deleteLocation" time="2.848"/>
  <system-out/>
  <testcase classname="org.test.TeamModule" name="verifyContractorNameMandatory" time="1.835"/>
  <system-out/>
  <testcase classname="org.test.TeamModule" name="verifyContractorNumberMinValidation" time="0.508"/>
  <system-out/>
  <testcase classname="org.test.TeamModule" name="verifyContractorEmailFormat" time="0.334"/>
  <system-out/>
  <testcase classname="org.test.TeamModule" name="verifyContractorNumberMaxValidation" time="0.407"/>
  <system-out/>
  <testcase classname="org.test.TeamModule" name="verifyFaxMinValidation" time="0.273"/>
  <system-out/>
  <testcase classname="org.test.TeamModule" name="verifyFaxMaxValidation" time="0.423"/>
  <system-out/>
  <testcase classname="org.test.TeamModule" name="verifyCpersonFirstNameMaxValidation" time="1.052"/>
  <system-out/>
  <testcase classname="org.test.TeamModule" name="verifyCpersonLastNameMaxValidation" time="0.984"/>
  <system-out/>
  <testcase classname="org.test.TeamModule" name="maxValidationLocationNameField" time="1.707"/>
  <system-out/>
  <testcase classname="org.test.TeamModule" name="validateEmailField" time="0.262"/>
  <system-out/>
  <testcase classname="org.test.TeamModule" name="maxValidationEmailField" time="1.501"/>
  <system-out/>
  <testcase classname="org.test.TeamModule" name="minValidationPhoneNumberField" time="0.250"/>
  <system-out/>
  <testcase classname="org.test.TeamModule" name="maxValidationPhoneNumberField" time="0.250"/>
  <system-out/>
  <testcase classname="org.test.TeamModule" name="maxValidationAddress1Field" time="1.507"/>
  <system-out/>
  <testcase classname="org.test.TeamModule" name="maxValidationAddress2Field" time="1.362"/>
  <system-out/>
  <testcase classname="org.test.TeamModule" name="maxValidationStateField" time="1.270"/>
  <system-out/>
  <testcase classname="org.test.TeamModule" name="maxValidationCityField" time="1.283"/>
  <system-out/>
  <testcase classname="org.test.TeamModule" name="maxValidationZipcodeField" time="0.201"/>
  <system-out/>
  <testcase classname="org.test.TeamModule" name="minValidationZipcodeField" time="0.141"/>
  <system-out/>
  <testcase classname="org.test.TeamModule" name="characterValidationZipcodeField" time="0.169"/>
  <system-out/>
  <testcase classname="org.test.TeamModule" name="maxValidationContactPerson" time="1.402"/>
  <system-out/>
  <testcase classname="org.test.TeamModule" name="verifySaveButtonExist" time="0.048"/>
  <system-out/>
  <testcase classname="org.test.TeamModule" name="createContract" time="3.489"/>
  <system-out/>
  <testcase classname="org.test.TeamModule" name="contractotCompanyNameExistedValidation" time="3.165"/>
  <system-out/>
  <testcase classname="org.test.TeamModule" name="contractorAlreadyEmailValidation" time="3.366"/>
  <system-out/>
  <testcase classname="org.test.TeamModule" name="listValidationName" time="1.675"/>
  <system-out/>
  <testcase classname="org.test.TeamModule" name="searchCompanyNameListValidation" time="1.760"/>
  <system-out/>
  <testcase classname="org.test.TeamModule" name="searchNameListValidation" time="1.674"/>
  <system-out/>
  <testcase classname="org.test.TeamModule" name="searchEmailListValidation" time="1.638"/>
  <system-out/>
  <testcase classname="org.test.TeamModule" name="searchPhoneNumberListValidation" time="1.695"/>
  <system-out/>
  <testcase classname="org.test.TeamModule" name="invalidValidationData" time="1.648"/>
  <system-out/>
  <testcase classname="org.test.TeamModule" name="editContractorPage" time="2.201"/>
  <system-out/>
  <testcase classname="org.test.TeamModule" name="editContractorDetails" time="4.200"/>
  <system-out/>
  <testcase classname="org.test.TeamModule" name="deleteContractorDetails" time="2.238"/>
  <system-out/>
  <testcase classname="org.test.TeamModule" name="landingUserFormPage" time="2.099"/>
  <system-out/>
  <testcase classname="org.test.TeamModule" name="mandatoryValidationFirstNameField" time="0.495"/>
  <system-out/>
  <testcase classname="org.test.TeamModule" name="mandatoryValidationTypeField" time="0.676"/>
  <system-out/>
  <testcase classname="org.test.TeamModule" name="mandatoryValidationEmailField" time="0.426"/>
  <system-out/>
  <testcase classname="org.test.TeamModule" name="maxValidationFirstNameField" time="0.823"/>
  <system-out/>
  <testcase classname="org.test.TeamModule" name="maxValidationLastNameField" time="0.732"/>
  <system-out/>
  <testcase classname="org.test.TeamModule" name="maxValidationJobTittleField" time="0.867"/>
  <system-out/>
  <testcase classname="org.test.TeamModule" name="maxValidationEmailFields" time="0.779"/>
  <system-out/>
  <testcase classname="org.test.TeamModule" name="invalidEmailValidation" time="0.307"/>
  <system-out/>
  <testcase classname="org.test.TeamModule" name="minValidatonPhoneNumber" time="0.264"/>
  <system-out/>
  <testcase classname="org.test.TeamModule" name="maxValidatonPhoneNumber" time="0.440"/>
  <system-out/>
  <testcase classname="org.test.TeamModule" name="maxValidationLocationName" time="0.869"/>
  <system-out/>
  <testcase classname="org.test.TeamModule" name="maxValidationAddress1" time="0.794"/>
  <system-out/>
  <testcase classname="org.test.TeamModule" name="maxValidationAddress2" time="0.848"/>
  <system-out/>
  <testcase classname="org.test.TeamModule" name="maxValidationState" time="0.876"/>
  <system-out/>
  <testcase classname="org.test.TeamModule" name="specialCharacterValidationContractorZipcode" time="0.261"/>
  <system-out/>
  <testcase classname="org.test.TeamModule" name="maxValidationCity" time="0.823"/>
  <system-out/>
  <testcase classname="org.test.TeamModule" name="minValidationZipcode" time="0.204"/>
  <system-out/>
  <testcase classname="org.test.TeamModule" name="specialCharacterValidationZipcode" time="0.215"/>
  <system-out/>
  <testcase classname="org.test.TeamModule" name="maxValidationZipcode" time="0.457"/>
  <system-out/>
  <testcase classname="org.test.TeamModule" name="userCreate" time="4.287"/>
  <system-out/>
  <testcase classname="org.test.TeamModule" name="createdListName" time="0.082"/>
  <system-out/>
  <testcase classname="org.test.TeamModule" name="alreadyExistedMailValidation" time="6.987"/>
  <system-out/>
  <testcase classname="org.test.TeamModule" name="searchPhoneNumberValidation" time="2.691"/>
  <system-out/>
  <testcase classname="org.test.TeamModule" name="searchNameValidation" time="2.217"/>
  <system-out/>
  <testcase classname="org.test.TeamModule" name="searchEmailValidation" time="2.337"/>
  <system-out/>
  <testcase classname="org.test.TeamModule" name="invalidDataValidation" time="2.218"/>
  <system-out/>
  <testcase classname="org.test.TeamModule" name="landingOnEditForm" time="2.753"/>
  <system-out/>
  <testcase classname="org.test.TeamModule" name="editUserDetails" time="5.785"/>
  <system-out/>
  <testcase classname="org.test.TeamModule" name="deleteUserDetails" time="3.838"/>
  <system-out/>
  <testcase classname="org.test.TeamModule" name="landingContractorFormPage" time="2.015"/>
  <system-out/>
  <testcase classname="org.test.TeamModule" name="mandatoryValidationContractorFirstNameField" time="0.599"/>
  <system-out/>
  <testcase classname="org.test.TeamModule" name="mandatoryValidationContractorEmailField" time="0.511"/>
  <system-out/>
  <testcase classname="org.test.TeamModule" name="mandatoryOrganizationName" time="2.947"/>
  <system-out/>
  <testcase classname="org.test.TeamModule" name="maxValidationContractorFirstNameField" time="1.166"/>
  <system-out/>
  <testcase classname="org.test.TeamModule" name="maxValidationContractorLastNameField" time="0.921"/>
  <system-out/>
  <testcase classname="org.test.TeamModule" name="invalidContractorEmailValidation" time="0.321"/>
  <system-out/>
  <testcase classname="org.test.TeamModule" name="maxValidationContractorEmailFields" time="0.831"/>
  <system-out/>
  <testcase classname="org.test.TeamModule" name="minValidatonContractorPhoneNumber" time="0.252"/>
  <system-out/>
  <testcase classname="org.test.TeamModule" name="maxValidatonContractorPhoneNumber" time="0.576"/>
  <system-out/>
  <testcase classname="org.test.TeamModule" name="maxValidationContractorLocationName" time="0.860"/>
  <system-out/>
  <testcase classname="org.test.TeamModule" name="maxValidationContractorAddress1" time="0.886"/>
  <system-out/>
  <testcase classname="org.test.TeamModule" name="maxValidationContractorAddress2" time="0.973"/>
  <system-out/>
  <testcase classname="org.test.TeamModule" name="maxValidationContractorState" time="0.866"/>
  <system-out/>
  <testcase classname="org.test.TeamModule" name="maxValidationContractorCity" time="0.819"/>
  <system-out/>
  <testcase classname="org.test.TeamModule" name="minValidationContractorZipcode" time="0.281"/>
  <system-out/>
  <testcase classname="org.test.TeamModule" name="maxValidationContractorZipcode" time="0.431"/>
  <system-out/>
  <testcase classname="org.test.TeamModule" name="userContractorCreate" time="5.031"/>
  <system-out/>
  <testcase classname="org.test.TeamModule" name="createdContractorListName" time="1.724"/>
  <system-out/>
  <testcase classname="org.test.TeamModule" name="alreadyExistedContractorMailValidation" time="5.090"/>
  <system-out/>
  <testcase classname="org.test.TeamModule" name="searchContractorNameValidation" time="2.226"/>
  <system-out/>
  <testcase classname="org.test.TeamModule" name="searchContractorPhoneNumberValidation" time="2.272"/>
  <system-out/>
  <testcase classname="org.test.TeamModule" name="searchContractorEmailValidation" time="1.653"/>
  <system-out/>
  <testcase classname="org.test.TeamModule" name="filterByCompany" time="1.965"/>
  <system-out/>
  <testcase classname="org.test.TeamModule" name="invalidDatasValidation" time="1.611"/>
  <system-out/>
  <testcase classname="org.test.TeamModule" name="landingOnContractorEditForm" time="2.688"/>
  <system-out/>
  <testcase classname="org.test.TeamModule" name="editContractorDetail" time="7.174"/>
  <system-out/>
  <testcase classname="org.test.TeamModule" name="deleteContractorDetail" time="3.859"/>
  <system-out/>
  <testcase classname="org.test.TeamModule" name="landOnSendInvitePage" time="1.032"/>
  <system-out/>
  <testcase classname="org.test.TeamModule" name="verifyEmailRequired" time="0.219"/>
  <system-out/>
  <testcase classname="org.test.TeamModule" name="verfiyEmailFormat" time="1.493"/>
  <system-out/>
  <testcase classname="org.test.TeamModule" name="verifyFirstName" time="0.353"/>
  <system-out/>
  <testcase classname="org.test.TeamModule" name="verifyFirstNamewithBlankSpace" time="2.365"/>
  <system-out/>
  <testcase classname="org.test.TeamModule" name="verifyUserEnterMessage" time="4.141"/>
  <system-out/>
  <testcase classname="org.test.TeamModule" name="verfiyAddMoreButton" time="0.168"/>
  <system-out/>
  <testcase classname="org.test.TeamModule" name="verifyUserSendInvite" time="3.169"/>
  <system-out/>
</testsuite> <!-- org.test.TeamModule -->
