<?xml version="1.0" encoding="UTF-8"?>
<!-- Generated by org.testng.reporters.JUnitReportReporter -->
<testsuite hostname="DESKTOP-5M7AM2E" failures="0" tests="10" name="org.enhancement.CustomerContactQuote" time="164.627" errors="0" timestamp="2023-06-04T11:22:12 IST" skipped="0">
  <testcase classname="org.enhancement.CustomerContactQuote" name="loginPage" time="25.603"/>
  <system-out/>
  <testcase classname="org.enhancement.CustomerContactQuote" name="contactModule" time="10.676"/>
  <system-out/>
  <testcase classname="org.enhancement.CustomerContactQuote" name="CreateContact" time="21.988"/>
  <system-out/>
  <testcase classname="org.enhancement.CustomerContactQuote" name="listabelValidation" time="9.028"/>
  <system-out/>
  <testcase classname="org.enhancement.CustomerContactQuote" name="labelValidation" time="1.173"/>
  <system-out/>
  <testcase classname="org.enhancement.CustomerContactQuote" name="createQuote" time="18.370"/>
  <system-out/>
  <testcase classname="org.enhancement.CustomerContactQuote" name="createQuote" time="19.567"/>
  <system-out/>
  <testcase classname="org.enhancement.CustomerContactQuote" name="createQuote" time="19.343"/>
  <system-out/>
  <testcase classname="org.enhancement.CustomerContactQuote" name="createQuote" time="19.437"/>
  <system-out/>
  <testcase classname="org.enhancement.CustomerContactQuote" name="createQuote" time="19.442"/>
  <system-out/>
</testsuite> <!-- org.enhancement.CustomerContactQuote -->
