<?xml version="1.0" encoding="UTF-8"?>
<!-- Generated by org.testng.reporters.JUnitReportReporter -->
<testsuite hostname="DESKTOP-5M7AM2E" failures="0" tests="28" name="org.test.CustomerContactRequest" time="185.514" errors="0" timestamp="2023-01-26T17:38:53 IST" skipped="0">
  <testcase classname="org.test.CustomerContactRequest" name="loginPage" time="32.523"/>
  <system-out/>
  <testcase classname="org.test.CustomerContactRequest" name="contactModule" time="9.979"/>
  <system-out/>
  <testcase classname="org.test.CustomerContactRequest" name="CreateContact" time="15.040"/>
  <system-out/>
  <testcase classname="org.test.CustomerContactRequest" name="labelValidation" time="7.457"/>
  <system-out/>
  <testcase classname="org.test.CustomerContactRequest" name="maximumValidationTittle" time="7.451"/>
  <system-out/>
  <testcase classname="org.test.CustomerContactRequest" name="mandatoryValidationDescription" time="0.225"/>
  <system-out/>
  <testcase classname="org.test.CustomerContactRequest" name="maximumValidationDescription" time="7.174"/>
  <system-out/>
  <testcase classname="org.test.CustomerContactRequest" name="maximumTagValidation" time="1.190"/>
  <system-out/>
  <testcase classname="org.test.CustomerContactRequest" name="duplicateTagsValidation" time="0.469"/>
  <system-out/>
  <testcase classname="org.test.CustomerContactRequest" name="maxTagLimitValidation" time="10.300"/>
  <system-out/>
  <testcase classname="org.test.CustomerContactRequest" name="maximumValidationNotes" time="7.243"/>
  <system-out/>
  <testcase classname="org.test.CustomerContactRequest" name="unsssignedRequest" time="12.147"/>
  <system-out/>
  <testcase classname="org.test.CustomerContactRequest" name="requestUnassignedStatus" time="2.220"/>
  <system-out/>
  <testcase classname="org.test.CustomerContactRequest" name="createRequest_FromDateandTime_ToDateandTime" time="18.319"/>
  <system-out/>
  <testcase classname="org.test.CustomerContactRequest" name="requestScheduleStatus" time="2.716"/>
  <system-out/>
  <testcase classname="org.test.CustomerContactRequest" name="dispatchedRequest" time="7.909"/>
  <system-out/>
  <testcase classname="org.test.CustomerContactRequest" name="requestDispatchedStatus" time="1.145"/>
  <system-out/>
  <testcase classname="org.test.CustomerContactRequest" name="startedRequest" time="3.616"/>
  <system-out/>
  <testcase classname="org.test.CustomerContactRequest" name="requestStartedStatus" time="0.645"/>
  <system-out/>
  <testcase classname="org.test.CustomerContactRequest" name="completedRequest" time="3.930"/>
  <system-out/>
  <testcase classname="org.test.CustomerContactRequest" name="cancelledRequest" time="5.482"/>
  <system-out/>
  <testcase classname="org.test.CustomerContactRequest" name="requestCancelledStatus" time="0.094"/>
  <system-out/>
  <testcase classname="org.test.CustomerContactRequest" name="requestDraftStatus" time="10.000"/>
  <system-out/>
  <testcase classname="org.test.CustomerContactRequest" name="deletedRequest" time="1.639"/>
  <system-out/>
  <testcase classname="org.test.CustomerContactRequest" name="searchRequestNo" time="4.749"/>
  <system-out/>
  <testcase classname="org.test.CustomerContactRequest" name="searchLocation" time="4.638"/>
  <system-out/>
  <testcase classname="org.test.CustomerContactRequest" name="searchFilterByDate" time="5.412"/>
  <system-out/>
  <testcase classname="org.test.CustomerContactRequest" name="searchInvalid" time="1.802"/>
  <system-out/>
</testsuite> <!-- org.test.CustomerContactRequest -->
