<?xml version="1.0" encoding="UTF-8"?>
<!-- Generated by org.testng.reporters.JUnitReportReporter -->
<testsuite hostname="DESKTOP-5M7AM2E" failures="0" tests="20" name="org.test.LeadSource" time="173.995" errors="1" timestamp="2023-05-05T14:24:28 IST" skipped="0">
  <testcase classname="org.test.LeadSource" name="loginPage" time="32.043"/>
  <system-out/>
  <testcase classname="org.test.LeadSource" name="settingModule" time="1.479"/>
  <system-out/>
  <testcase classname="org.test.LeadSource" name="leadSourceLabel" time="0.094"/>
  <system-out/>
  <testcase classname="org.test.LeadSource" name="createFormLabel" time="1.429"/>
  <system-out/>
  <testcase classname="org.test.LeadSource" name="mandatoryValidation" time="1.186"/>
  <system-out/>
  <testcase classname="org.test.LeadSource" name="maximumValidationLeadSource" time="5.934"/>
  <system-out/>
  <testcase classname="org.test.LeadSource" name="verifySaveButtonExist" time="0.378"/>
  <system-out/>
  <testcase classname="org.test.LeadSource" name="leadSourceCreate" time="8.263"/>
  <system-out/>
  <testcase classname="org.test.LeadSource" name="leadSourceCreateList" time="0.047"/>
  <system-out/>
  <testcase classname="org.test.LeadSource" name="activeStatus" time="0.054"/>
  <system-out/>
  <testcase classname="org.test.LeadSource" name="editFormLabel" time="2.039"/>
  <system-out/>
  <testcase classname="org.test.LeadSource" name="editmandatoryValidation" time="0.814"/>
  <system-out/>
  <testcase classname="org.test.LeadSource" name="editmaximumValidationLeadSource" time="6.377"/>
  <system-out/>
  <testcase classname="org.test.LeadSource" name="verifyUpdateButtonExist" time="0.475"/>
  <system-out/>
  <testcase classname="org.test.LeadSource" name="leadSourceUpdate" time="8.081"/>
  <system-out/>
  <testcase classname="org.test.LeadSource" name="alreadyExists" time="2.093"/>
  <system-out/>
  <testcase classname="org.test.LeadSource" name="deleteBusinessUnit" time="17.105"/>
  <system-out/>
  <testcase classname="org.test.LeadSource" name="reflectCreateContactPage" time="65.631">
    <error message="Expected condition failed: waiting for text (&#039;Ventosanzap&#039;) to be the value of element located by By.xpath: //input[@id=&#039;name&#039;] (tried for 50 second(s) with 500 milliseconds interval)" type="org.openqa.selenium.TimeoutException">
      <![CDATA[org.openqa.selenium.TimeoutException: Expected condition failed: waiting for text ('Ventosanzap') to be the value of element located by By.xpath: //input[@id='name'] (tried for 50 second(s) with 500 milliseconds interval)
at org.openqa.selenium.support.ui.WebDriverWait.timeoutException(WebDriverWait.java:95)
at org.openqa.selenium.support.ui.FluentWait.until(FluentWait.java:272)
at com.zaigo.pageobjects.BusinessDaysPage.valuePresent(BusinessDaysPage.java:158)
at com.zaigo.pageobjects.BusinessDaysPage.createBusinessDays(BusinessDaysPage.java:564)
at org.test.LeadSource.reflectCreateContactPage(LeadSource.java:478)
at java.base/jdk.internal.reflect.NativeMethodAccessorImpl.invoke0(Native Method)
at java.base/jdk.internal.reflect.NativeMethodAccessorImpl.invoke(NativeMethodAccessorImpl.java:77)
at java.base/jdk.internal.reflect.DelegatingMethodAccessorImpl.invoke(DelegatingMethodAccessorImpl.java:43)
at java.base/java.lang.reflect.Method.invoke(Method.java:568)
at org.testng.internal.MethodInvocationHelper.invokeMethod(MethodInvocationHelper.java:133)
at org.testng.internal.TestInvoker.invokeMethod(TestInvoker.java:598)
at org.testng.internal.TestInvoker.invokeTestMethod(TestInvoker.java:173)
at org.testng.internal.MethodRunner.runInSequence(MethodRunner.java:46)
at org.testng.internal.TestInvoker$MethodInvocationAgent.invoke(TestInvoker.java:824)
at org.testng.internal.TestInvoker.invokeTestMethods(TestInvoker.java:146)
at org.testng.internal.TestMethodWorker.invokeTestMethods(TestMethodWorker.java:146)
at org.testng.internal.TestMethodWorker.run(TestMethodWorker.java:128)
at java.base/java.util.ArrayList.forEach(ArrayList.java:1511)
at org.testng.TestRunner.privateRun(TestRunner.java:794)
at org.testng.TestRunner.run(TestRunner.java:596)
at org.testng.SuiteRunner.runTest(SuiteRunner.java:377)
at org.testng.SuiteRunner.runSequentially(SuiteRunner.java:371)
at org.testng.SuiteRunner.privateRun(SuiteRunner.java:332)
at org.testng.SuiteRunner.run(SuiteRunner.java:276)
at org.testng.SuiteRunnerWorker.runSuite(SuiteRunnerWorker.java:53)
at org.testng.SuiteRunnerWorker.run(SuiteRunnerWorker.java:96)
at org.testng.TestNG.runSuitesSequentially(TestNG.java:1212)
at org.testng.TestNG.runSuitesSequentially(TestNG.java:1207)
at org.testng.TestNG.runSuitesLocally(TestNG.java:1134)
at org.testng.TestNG.runSuites(TestNG.java:1063)
at org.testng.TestNG.run(TestNG.java:1031)
at org.testng.remote.AbstractRemoteTestNG.run(AbstractRemoteTestNG.java:115)
at org.testng.remote.RemoteTestNG.initAndRun(RemoteTestNG.java:251)
at org.testng.remote.RemoteTestNG.main(RemoteTestNG.java:77)
Caused by: org.openqa.selenium.NoSuchElementException: no such element: Unable to locate element: {"method":"xpath","selector":"//input[@id='name']"}
  (Session info: chrome=112.0.5615.138)
For documentation on this error, please visit: http://seleniumhq.org/exceptions/no_such_element.html
Build info: version: '3.141.5', revision: 'd54ebd709a', time: '2018-11-06T11:42:16'
System info: host: 'DESKTOP-5M7AM2E', ip: '192.168.56.1', os.name: 'Windows 11', os.arch: 'amd64', os.version: '10.0', java.version: '17.0.3'
Driver info: org.openqa.selenium.chrome.ChromeDriver
Capabilities {acceptInsecureCerts: false, browserName: chrome, browserVersion: 112.0.5615.138, chrome: {chromedriverVersion: 112.0.5615.49 (bd2a7bcb881c..., userDataDir: C:\Users\ZAIGOP~1\AppData\L...}, goog:chromeOptions: {debuggerAddress: localhost:54864}, javascriptEnabled: true, networkConnectionEnabled: false, pageLoadStrategy: normal, platform: WINDOWS, platformName: WINDOWS, proxy: Proxy(), setWindowRect: true, strictFileInteractability: false, timeouts: {implicit: 0, pageLoad: 300000, script: 30000}, unhandledPromptBehavior: dismiss and notify, webauthn:extension:credBlob: true, webauthn:extension:largeBlob: true, webauthn:extension:minPinLength: true, webauthn:extension:prf: true, webauthn:virtualAuthenticators: true}
Session ID: 77ccbc511124f54fc3ebdf20db64b905
*** Element info: {Using=xpath, value=//input[@id='name']}
at jdk.internal.reflect.GeneratedConstructorAccessor17.newInstance(Unknown Source)
at java.base/jdk.internal.reflect.DelegatingConstructorAccessorImpl.newInstance(DelegatingConstructorAccessorImpl.java:45)
at java.base/java.lang.reflect.Constructor.newInstanceWithCaller(Constructor.java:499)
at java.base/java.lang.reflect.Constructor.newInstance(Constructor.java:480)
at org.openqa.selenium.remote.http.W3CHttpResponseCodec.createException(W3CHttpResponseCodec.java:187)
at org.openqa.selenium.remote.http.W3CHttpResponseCodec.decode(W3CHttpResponseCodec.java:122)
at org.openqa.selenium.remote.http.W3CHttpResponseCodec.decode(W3CHttpResponseCodec.java:49)
at org.openqa.selenium.remote.HttpCommandExecutor.execute(HttpCommandExecutor.java:158)
at org.openqa.selenium.remote.service.DriverCommandExecutor.execute(DriverCommandExecutor.java:83)
at org.openqa.selenium.remote.RemoteWebDriver.execute(RemoteWebDriver.java:552)
at org.openqa.selenium.remote.RemoteWebDriver.findElement(RemoteWebDriver.java:323)
at org.openqa.selenium.remote.RemoteWebDriver.findElementByXPath(RemoteWebDriver.java:428)
at org.openqa.selenium.By$ByXPath.findElement(By.java:353)
at org.openqa.selenium.remote.RemoteWebDriver.findElement(RemoteWebDriver.java:315)
at org.openqa.selenium.support.ui.ExpectedConditions$15.apply(ExpectedConditions.java:445)
at org.openqa.selenium.support.ui.ExpectedConditions$15.apply(ExpectedConditions.java:441)
at org.openqa.selenium.support.ui.FluentWait.until(FluentWait.java:249)
... 32 more
]]>
    </error>
  </testcase> <!-- reflectCreateContactPage -->
  <system-out/>
  <testcase classname="org.test.LeadSource" name="inactiveLeadSource" time="15.257"/>
  <system-out/>
  <testcase classname="org.test.LeadSource" name="deleteLeadSource" time="5.216"/>
  <system-out/>
</testsuite> <!-- org.test.LeadSource -->
