<?xml version="1.0" encoding="UTF-8"?>
<!-- Generated by org.testng.reporters.JUnitReportReporter -->
<testsuite hostname="DESKTOP-5M7AM2E" failures="0" tests="8" name="org.enhancement.CustomerContactModule" time="110.815" errors="0" timestamp="2023-06-04T11:22:12 IST" skipped="0">
  <testcase classname="org.enhancement.CustomerContactModule" name="loginPage" time="26.440"/>
  <system-out/>
  <testcase classname="org.enhancement.CustomerContactModule" name="contactModule" time="6.809"/>
  <system-out/>
  <testcase classname="org.enhancement.CustomerContactModule" name="createLabel" time="0.417"/>
  <system-out/>
  <testcase classname="org.enhancement.CustomerContactModule" name="CreateContact" time="17.360"/>
  <system-out/>
  <testcase classname="org.enhancement.CustomerContactModule" name="CreateContact" time="14.191"/>
  <system-out/>
  <testcase classname="org.enhancement.CustomerContactModule" name="CreateContact" time="16.411"/>
  <system-out/>
  <testcase classname="org.enhancement.CustomerContactModule" name="CreateContact" time="14.772"/>
  <system-out/>
  <testcase classname="org.enhancement.CustomerContactModule" name="CreateContact" time="14.415"/>
  <system-out/>
</testsuite> <!-- org.enhancement.CustomerContactModule -->
