<?xml version="1.0" encoding="UTF-8"?>
<!-- Generated by org.testng.reporters.JUnitReportReporter -->
<testsuite hostname="DESKTOP-5M7AM2E" failures="0" tests="64" name="org.test.TeamUserContractor" time="311.287" errors="0" timestamp="2023-06-24T21:37:57 IST" skipped="0">
  <testcase classname="org.test.TeamUserContractor" name="verify" time="20.057"/>
  <system-out/>
  <testcase classname="org.test.TeamUserContractor" name="TeamUserPage" time="8.351"/>
  <system-out/>
  <testcase classname="org.test.TeamUserContractor" name="landingOnCreateForm" time="0.661"/>
  <system-out/>
  <testcase classname="org.test.TeamUserContractor" name="mandatoryValidationContractorFirstNameField" time="0.498"/>
  <system-out/>
  <testcase classname="org.test.TeamUserContractor" name="mandatoryValidationContractorEmailField" time="0.136"/>
  <system-out/>
  <testcase classname="org.test.TeamUserContractor" name="mandatoryOrganizationName" time="0.137"/>
  <system-out/>
  <testcase classname="org.test.TeamUserContractor" name="maxValidationContractorFirstNameField" time="1.155"/>
  <system-out/>
  <testcase classname="org.test.TeamUserContractor" name="maxValidationContractorLastNameField" time="1.112"/>
  <system-out/>
  <testcase classname="org.test.TeamUserContractor" name="invalidContractorEmailValidation" time="0.322"/>
  <system-out/>
  <testcase classname="org.test.TeamUserContractor" name="maxValidationContractorEmailFields" time="1.079"/>
  <system-out/>
  <testcase classname="org.test.TeamUserContractor" name="minValidatonContractorPhoneNumber" time="0.362"/>
  <system-out/>
  <testcase classname="org.test.TeamUserContractor" name="specialCharacterPhoneNumberField" time="0.317"/>
  <system-out/>
  <testcase classname="org.test.TeamUserContractor" name="maxValidatonContractorPhoneNumber" time="4.805"/>
  <system-out/>
  <testcase classname="org.test.TeamUserContractor" name="maxValidationLocationName" time="1.124"/>
  <system-out/>
  <testcase classname="org.test.TeamUserContractor" name="maxValidationAddress1" time="1.121"/>
  <system-out/>
  <testcase classname="org.test.TeamUserContractor" name="maxValidationAddress2" time="1.108"/>
  <system-out/>
  <testcase classname="org.test.TeamUserContractor" name="maxValidationState" time="0.922"/>
  <system-out/>
  <testcase classname="org.test.TeamUserContractor" name="maxValidationCity" time="1.098"/>
  <system-out/>
  <testcase classname="org.test.TeamUserContractor" name="minValidationZipcode" time="0.325"/>
  <system-out/>
  <testcase classname="org.test.TeamUserContractor" name="specialCharacterValidationZipcode" time="0.309"/>
  <system-out/>
  <testcase classname="org.test.TeamUserContractor" name="maxValidationZipcode" time="1.306"/>
  <system-out/>
  <testcase classname="org.test.TeamUserContractor" name="verifySaveButtonExist" time="0.256"/>
  <system-out/>
  <testcase classname="org.test.TeamUserContractor" name="userCreate" time="19.624"/>
  <system-out/>
  <testcase classname="org.test.TeamUserContractor" name="userCount" time="0.137"/>
  <system-out/>
  <testcase classname="org.test.TeamUserContractor" name="alreadyExistedMailValidation" time="6.823"/>
  <system-out/>
  <testcase classname="org.test.TeamUserContractor" name="searchNameValidation" time="2.071"/>
  <system-out/>
  <testcase classname="org.test.TeamUserContractor" name="searchPhoneNumberValidation" time="2.548"/>
  <system-out/>
  <testcase classname="org.test.TeamUserContractor" name="searchEmailValidation" time="1.965"/>
  <system-out/>
  <testcase classname="org.test.TeamUserContractor" name="filterByCompany" time="2.329"/>
  <system-out/>
  <testcase classname="org.test.TeamUserContractor" name="invalidDataValidation" time="1.511"/>
  <system-out/>
  <testcase classname="org.test.TeamUserContractor" name="landingOnEditForm" time="7.628"/>
  <system-out/>
  <testcase classname="org.test.TeamUserContractor" name="firstNamePrepopulate" time="0.093"/>
  <system-out/>
  <testcase classname="org.test.TeamUserContractor" name="lastNamePrepopulate" time="0.076"/>
  <system-out/>
  <testcase classname="org.test.TeamUserContractor" name="emailPrepopulate" time="0.213"/>
  <system-out/>
  <testcase classname="org.test.TeamUserContractor" name="businessUnitPrepopulate" time="0.084"/>
  <system-out/>
  <testcase classname="org.test.TeamUserContractor" name="serviceTypePrepopulate" time="0.078"/>
  <system-out/>
  <testcase classname="org.test.TeamUserContractor" name="phoneNumberPrepopulate" time="0.085"/>
  <system-out/>
  <testcase classname="org.test.TeamUserContractor" name="contractorCompanyNamePrepopulate" time="0.250"/>
  <system-out/>
  <testcase classname="org.test.TeamUserContractor" name="locationNamePrepopulate" time="0.081"/>
  <system-out/>
  <testcase classname="org.test.TeamUserContractor" name="locationAddress1Prepopulate" time="0.468"/>
  <system-out/>
  <testcase classname="org.test.TeamUserContractor" name="locationAddress2Prepopulate" time="0.520"/>
  <system-out/>
  <testcase classname="org.test.TeamUserContractor" name="locationCityPrepopulate" time="0.501"/>
  <system-out/>
  <testcase classname="org.test.TeamUserContractor" name="locationStatePrepopulate" time="0.236"/>
  <system-out/>
  <testcase classname="org.test.TeamUserContractor" name="locationZipcodePrepopulate" time="0.525"/>
  <system-out/>
  <testcase classname="org.test.TeamUserContractor" name="editmandatoryValidationContractorFirstNameField" time="0.429"/>
  <system-out/>
  <testcase classname="org.test.TeamUserContractor" name="editmandatoryValidationContractorEmailField" time="0.152"/>
  <system-out/>
  <testcase classname="org.test.TeamUserContractor" name="editmaxValidationContractorFirstNameField" time="1.029"/>
  <system-out/>
  <testcase classname="org.test.TeamUserContractor" name="editmaxValidationContractorLastNameField" time="1.054"/>
  <system-out/>
  <testcase classname="org.test.TeamUserContractor" name="editinvalidContractorEmailValidation" time="0.307"/>
  <system-out/>
  <testcase classname="org.test.TeamUserContractor" name="editmaxValidationContractorEmailFields" time="1.005"/>
  <system-out/>
  <testcase classname="org.test.TeamUserContractor" name="editminValidatonContractorPhoneNumber" time="0.294"/>
  <system-out/>
  <testcase classname="org.test.TeamUserContractor" name="editspecialCharacterPhoneNumberField" time="0.320"/>
  <system-out/>
  <testcase classname="org.test.TeamUserContractor" name="editmaxValidatonContractorPhoneNumber" time="2.328"/>
  <system-out/>
  <testcase classname="org.test.TeamUserContractor" name="editmaxValidationLocationName" time="1.083"/>
  <system-out/>
  <testcase classname="org.test.TeamUserContractor" name="editmaxValidationAddress1" time="1.173"/>
  <system-out/>
  <testcase classname="org.test.TeamUserContractor" name="editmaxValidationAddress2" time="1.005"/>
  <system-out/>
  <testcase classname="org.test.TeamUserContractor" name="editmaxValidationState" time="0.996"/>
  <system-out/>
  <testcase classname="org.test.TeamUserContractor" name="editmaxValidationCity" time="1.203"/>
  <system-out/>
  <testcase classname="org.test.TeamUserContractor" name="editminValidationZipcode" time="0.337"/>
  <system-out/>
  <testcase classname="org.test.TeamUserContractor" name="editspecialCharacterValidationZipcode" time="0.291"/>
  <system-out/>
  <testcase classname="org.test.TeamUserContractor" name="editmaxValidationZipcode" time="1.206"/>
  <system-out/>
  <testcase classname="org.test.TeamUserContractor" name="verifyUpdateExist" time="0.307"/>
  <system-out/>
  <testcase classname="org.test.TeamUserContractor" name="userEdit" time="17.067"/>
  <system-out/>
  <testcase classname="org.test.TeamUserContractor" name="deleteUserDetails" time="185.294"/>
  <system-out/>
</testsuite> <!-- org.test.TeamUserContractor -->
