<?xml version="1.0" encoding="UTF-8"?>
<!-- Generated by org.testng.reporters.JUnitReportReporter -->
<testsuite hostname="DESKTOP-5M7AM2E" failures="0" tests="68" name="org.test.GlobalContactInvoice" time="141.741" errors="0" timestamp="2023-03-08T15:48:45 IST" skipped="0">
  <testcase classname="org.test.GlobalContactInvoice" name="loginPage" time="29.244"/>
  <system-out/>
  <testcase classname="org.test.GlobalContactInvoice" name="invoiceModule" time="4.021"/>
  <system-out/>
  <testcase classname="org.test.GlobalContactInvoice" name="contactMandatoryValidation" time="0.909"/>
  <system-out/>
  <testcase classname="org.test.GlobalContactInvoice" name="mandatoryValidationDeuDate" time="0.092"/>
  <system-out/>
  <testcase classname="org.test.GlobalContactInvoice" name="mandatoryValidationInventoryItem" time="0.085"/>
  <system-out/>
  <testcase classname="org.test.GlobalContactInvoice" name="mandatoryValidationQunatity" time="0.079"/>
  <system-out/>
  <testcase classname="org.test.GlobalContactInvoice" name="mandatoryValidationPrice" time="0.081"/>
  <system-out/>
  <testcase classname="org.test.GlobalContactInvoice" name="mandatoryValidationDescription" time="0.080"/>
  <system-out/>
  <testcase classname="org.test.GlobalContactInvoice" name="autoCompleteContactCreation" time="10.348"/>
  <system-out/>
  <testcase classname="org.test.GlobalContactInvoice" name="maximumValidationReference" time="0.440"/>
  <system-out/>
  <testcase classname="org.test.GlobalContactInvoice" name="maximumValidationInvoiceTittle" time="1.146"/>
  <system-out/>
  <testcase classname="org.test.GlobalContactInvoice" name="maximumValidationInventoryItem" time="1.081"/>
  <system-out/>
  <testcase classname="org.test.GlobalContactInvoice" name="emptyValidationQuantityField" time="0.272"/>
  <system-out/>
  <testcase classname="org.test.GlobalContactInvoice" name="maxQuanitityLimit" time="0.329"/>
  <system-out/>
  <testcase classname="org.test.GlobalContactInvoice" name="afterDecimalPointValidationQuantityField" time="0.233"/>
  <system-out/>
  <testcase classname="org.test.GlobalContactInvoice" name="beforeDecimalPointValidationQuantityField" time="0.392"/>
  <system-out/>
  <testcase classname="org.test.GlobalContactInvoice" name="emptyValidationPriceField" time="0.272"/>
  <system-out/>
  <testcase classname="org.test.GlobalContactInvoice" name="maxPriceLimit" time="0.241"/>
  <system-out/>
  <testcase classname="org.test.GlobalContactInvoice" name="beforeDecimalPointPriceField" time="0.296"/>
  <system-out/>
  <testcase classname="org.test.GlobalContactInvoice" name="afterDecimalPointPriceField" time="0.313"/>
  <system-out/>
  <testcase classname="org.test.GlobalContactInvoice" name="afterDecimalPointDiscountField" time="0.280"/>
  <system-out/>
  <testcase classname="org.test.GlobalContactInvoice" name="beforeDecimalPointDiscountField" time="0.245"/>
  <system-out/>
  <testcase classname="org.test.GlobalContactInvoice" name="maxLimitDiscountField" time="0.204"/>
  <system-out/>
  <testcase classname="org.test.GlobalContactInvoice" name="afterDecimalPointTaxField" time="0.280"/>
  <system-out/>
  <testcase classname="org.test.GlobalContactInvoice" name="beforeDecimalPointTaxField" time="0.233"/>
  <system-out/>
  <testcase classname="org.test.GlobalContactInvoice" name="maxLimitTaxField" time="0.312"/>
  <system-out/>
  <testcase classname="org.test.GlobalContactInvoice" name="maximumValidationDescription" time="2.351"/>
  <system-out/>
  <testcase classname="org.test.GlobalContactInvoice" name="maximumValidationNotes" time="4.645"/>
  <system-out/>
  <testcase classname="org.test.GlobalContactInvoice" name="expiryFieldPastDateValidation" time="2.171"/>
  <system-out/>
  <testcase classname="org.test.GlobalContactInvoice" name="validateCalculation" time="0.969"/>
  <system-out/>
  <testcase classname="org.test.GlobalContactInvoice" name="createInvoice" time="10.676"/>
  <system-out/>
  <testcase classname="org.test.GlobalContactInvoice" name="editLableValidation" time="7.475"/>
  <system-out/>
  <testcase classname="org.test.GlobalContactInvoice" name="mandatoryValidationEditDueDate" time="1.202"/>
  <system-out/>
  <testcase classname="org.test.GlobalContactInvoice" name="mandatoryValidationEditQunatity" time="0.097"/>
  <system-out/>
  <testcase classname="org.test.GlobalContactInvoice" name="mandatoryValidationEditPrice" time="0.104"/>
  <system-out/>
  <testcase classname="org.test.GlobalContactInvoice" name="mandatoryValidationEditDescription" time="0.072"/>
  <system-out/>
  <testcase classname="org.test.GlobalContactInvoice" name="maximumValidationEditReference" time="0.873"/>
  <system-out/>
  <testcase classname="org.test.GlobalContactInvoice" name="maximumValidationEditInvoiceTittle" time="0.985"/>
  <system-out/>
  <testcase classname="org.test.GlobalContactInvoice" name="maximumValidationEditInventoryItem" time="1.226"/>
  <system-out/>
  <testcase classname="org.test.GlobalContactInvoice" name="emptyValidationEditQuantityField" time="0.273"/>
  <system-out/>
  <testcase classname="org.test.GlobalContactInvoice" name="maxEditQuanitityLimit" time="0.360"/>
  <system-out/>
  <testcase classname="org.test.GlobalContactInvoice" name="afterEditDecimalPointValidationQuantityField" time="0.273"/>
  <system-out/>
  <testcase classname="org.test.GlobalContactInvoice" name="beforeEditDecimalPointValidationQuantityField" time="0.465"/>
  <system-out/>
  <testcase classname="org.test.GlobalContactInvoice" name="emptyValidationEditPriceField" time="0.305"/>
  <system-out/>
  <testcase classname="org.test.GlobalContactInvoice" name="maxEditPriceLimit" time="0.272"/>
  <system-out/>
  <testcase classname="org.test.GlobalContactInvoice" name="beforeEditDecimalPointPriceField" time="0.304"/>
  <system-out/>
  <testcase classname="org.test.GlobalContactInvoice" name="afterEditDecimalPointPriceField" time="0.329"/>
  <system-out/>
  <testcase classname="org.test.GlobalContactInvoice" name="afterEditDecimalPointDiscountField" time="0.320"/>
  <system-out/>
  <testcase classname="org.test.GlobalContactInvoice" name="beforeEditDecimalPointDiscountField" time="0.240"/>
  <system-out/>
  <testcase classname="org.test.GlobalContactInvoice" name="maxLimitEditDiscountField" time="0.224"/>
  <system-out/>
  <testcase classname="org.test.GlobalContactInvoice" name="afterDecimalEditPointTaxField" time="0.281"/>
  <system-out/>
  <testcase classname="org.test.GlobalContactInvoice" name="beforeDecimalEditPointTaxField" time="0.255"/>
  <system-out/>
  <testcase classname="org.test.GlobalContactInvoice" name="maxEditLimitTaxField" time="0.329"/>
  <system-out/>
  <testcase classname="org.test.GlobalContactInvoice" name="maximumEditValidationDescription" time="2.162"/>
  <system-out/>
  <testcase classname="org.test.GlobalContactInvoice" name="maximumEditValidationNotes" time="4.670"/>
  <system-out/>
  <testcase classname="org.test.GlobalContactInvoice" name="expiryEditFieldPastDateValidation" time="3.691"/>
  <system-out/>
  <testcase classname="org.test.GlobalContactInvoice" name="updatedInvoice" time="5.559"/>
  <system-out/>
  <testcase classname="org.test.GlobalContactInvoice" name="draftInvoice" time="15.007"/>
  <system-out/>
  <testcase classname="org.test.GlobalContactInvoice" name="createdQuoteStatus" time="0.152"/>
  <system-out/>
  <testcase classname="org.test.GlobalContactInvoice" name="UpdatedInvociePartialPayment" time="4.607"/>
  <system-out/>
  <testcase classname="org.test.GlobalContactInvoice" name="partialPaidAmount" time="0.079"/>
  <system-out/>
  <testcase classname="org.test.GlobalContactInvoice" name="UpdatedInvociePaid" time="0.810"/>
  <system-out/>
  <testcase classname="org.test.GlobalContactInvoice" name="fullyPaidAmount" time="5.742"/>
  <system-out/>
  <testcase classname="org.test.GlobalContactInvoice" name="listCustomerName" time="1.729"/>
  <system-out/>
  <testcase classname="org.test.GlobalContactInvoice" name="listInvoiceNo" time="2.007"/>
  <system-out/>
  <testcase classname="org.test.GlobalContactInvoice" name="listQuoteReference" time="1.397"/>
  <system-out/>
  <testcase classname="org.test.GlobalContactInvoice" name="filterDateInvoice" time="2.223"/>
  <system-out/>
  <testcase classname="org.test.GlobalContactInvoice" name="listInvalid" time="3.322"/>
  <system-out/>
</testsuite> <!-- org.test.GlobalContactInvoice -->
