<?xml version="1.0" encoding="UTF-8"?>
<!-- Generated by org.testng.reporters.JUnitReportReporter -->
<testsuite hostname="DESKTOP-5M7AM2E" failures="0" tests="24" name="org.test.CategoryModule" time="243.565" errors="0" timestamp="2023-06-23T15:22:45 IST" skipped="0">
  <testcase classname="org.test.CategoryModule" name="loginPage" time="68.448"/>
  <system-out/>
  <testcase classname="org.test.CategoryModule" name="settingModule" time="12.110"/>
  <system-out/>
  <testcase classname="org.test.CategoryModule" name="createFormLabel" time="7.550"/>
  <system-out/>
  <testcase classname="org.test.CategoryModule" name="mandatoryValidationCategoryName" time="5.329"/>
  <system-out/>
  <testcase classname="org.test.CategoryModule" name="maximumValidationCategoryName" time="5.828"/>
  <system-out/>
  <testcase classname="org.test.CategoryModule" name="maximumValidationDescription" time="7.601"/>
  <system-out/>
  <testcase classname="org.test.CategoryModule" name="createButton" time="0.101"/>
  <system-out/>
  <testcase classname="org.test.CategoryModule" name="createCategoryProduct" time="8.733"/>
  <system-out/>
  <testcase classname="org.test.CategoryModule" name="createCategoryProductList" time="0.091"/>
  <system-out/>
  <testcase classname="org.test.CategoryModule" name="searchProductName" time="1.840"/>
  <system-out/>
  <testcase classname="org.test.CategoryModule" name="searchInvalid" time="1.466"/>
  <system-out/>
  <testcase classname="org.test.CategoryModule" name="editFormLabel" time="3.193"/>
  <system-out/>
  <testcase classname="org.test.CategoryModule" name="editmandatoryValidationCategoryName" time="0.326"/>
  <system-out/>
  <testcase classname="org.test.CategoryModule" name="editmaximumValidationCategoryName" time="5.319"/>
  <system-out/>
  <testcase classname="org.test.CategoryModule" name="editmaximumValidationDescription" time="6.822"/>
  <system-out/>
  <testcase classname="org.test.CategoryModule" name="updateButton" time="0.101"/>
  <system-out/>
  <testcase classname="org.test.CategoryModule" name="UpdateCategoryProduct" time="8.229"/>
  <system-out/>
  <testcase classname="org.test.CategoryModule" name="deleteProduct" time="18.453"/>
  <system-out/>
  <testcase classname="org.test.CategoryModule" name="reflectCategoryProduct" time="18.874"/>
  <system-out/>
  <testcase classname="org.test.CategoryModule" name="inactiveProductCategory" time="11.846"/>
  <system-out/>
  <testcase classname="org.test.CategoryModule" name="deleteProductCategory" time="12.642"/>
  <system-out/>
  <testcase classname="org.test.CategoryModule" name="reflectCategoryService" time="21.295"/>
  <system-out/>
  <testcase classname="org.test.CategoryModule" name="inactiveProductService" time="13.625"/>
  <system-out/>
  <testcase classname="org.test.CategoryModule" name="deleteProductService" time="3.743"/>
  <system-out/>
</testsuite> <!-- org.test.CategoryModule -->
