<?xml version="1.0" encoding="UTF-8"?>
<!-- Generated by org.testng.reporters.JUnitReportReporter -->
<testsuite hostname="DESKTOP-5M7AM2E" failures="0" tests="4" name="org.enhancement.GlobalOrganizationRequest" time="57.198" errors="0" timestamp="2023-04-23T20:36:39 IST" skipped="0">
  <testcase classname="org.enhancement.GlobalOrganizationRequest" name="loginPage" time="21.962"/>
  <system-out/>
  <testcase classname="org.enhancement.GlobalOrganizationRequest" name="requestModule" time="0.905"/>
  <system-out/>
  <testcase classname="org.enhancement.GlobalOrganizationRequest" name="labelValidation" time="0.906"/>
  <system-out/>
  <testcase classname="org.enhancement.GlobalOrganizationRequest" name="createRequest_FromDateandTime_ToDateandTime" time="33.425"/>
  <system-out/>
</testsuite> <!-- org.enhancement.GlobalOrganizationRequest -->
