<?xml version="1.0" encoding="UTF-8"?>
<!-- Generated by org.testng.reporters.JUnitReportReporter -->
<testsuite hostname="DESKTOP-5M7AM2E" failures="0" tests="24" name="org.test.CategoryModule" time="183.081" errors="0" timestamp="2023-06-22T22:49:36 IST" skipped="0">
  <testcase classname="org.test.CategoryModule" name="loginPage" time="22.812"/>
  <system-out/>
  <testcase classname="org.test.CategoryModule" name="settingModule" time="1.827"/>
  <system-out/>
  <testcase classname="org.test.CategoryModule" name="createFormLabel" time="1.575"/>
  <system-out/>
  <testcase classname="org.test.CategoryModule" name="mandatoryValidationCategoryName" time="2.691"/>
  <system-out/>
  <testcase classname="org.test.CategoryModule" name="maximumValidationCategoryName" time="5.408"/>
  <system-out/>
  <testcase classname="org.test.CategoryModule" name="maximumValidationDescription" time="6.839"/>
  <system-out/>
  <testcase classname="org.test.CategoryModule" name="createButton" time="0.112"/>
  <system-out/>
  <testcase classname="org.test.CategoryModule" name="createCategoryProduct" time="9.073"/>
  <system-out/>
  <testcase classname="org.test.CategoryModule" name="createCategoryProductList" time="0.127"/>
  <system-out/>
  <testcase classname="org.test.CategoryModule" name="searchProductName" time="1.493"/>
  <system-out/>
  <testcase classname="org.test.CategoryModule" name="searchInvalid" time="1.525"/>
  <system-out/>
  <testcase classname="org.test.CategoryModule" name="editFormLabel" time="4.942"/>
  <system-out/>
  <testcase classname="org.test.CategoryModule" name="editmandatoryValidationCategoryName" time="0.320"/>
  <system-out/>
  <testcase classname="org.test.CategoryModule" name="editmaximumValidationCategoryName" time="5.038"/>
  <system-out/>
  <testcase classname="org.test.CategoryModule" name="editmaximumValidationDescription" time="6.797"/>
  <system-out/>
  <testcase classname="org.test.CategoryModule" name="updateButton" time="0.168"/>
  <system-out/>
  <testcase classname="org.test.CategoryModule" name="UpdateCategoryProduct" time="8.478"/>
  <system-out/>
  <testcase classname="org.test.CategoryModule" name="deleteProduct" time="19.010"/>
  <system-out/>
  <testcase classname="org.test.CategoryModule" name="reflectCategoryProduct" time="21.096"/>
  <system-out/>
  <testcase classname="org.test.CategoryModule" name="inactiveProductCategory" time="11.775"/>
  <system-out/>
  <testcase classname="org.test.CategoryModule" name="deleteProductCategory" time="12.744"/>
  <system-out/>
  <testcase classname="org.test.CategoryModule" name="reflectCategoryService" time="20.622"/>
  <system-out/>
  <testcase classname="org.test.CategoryModule" name="inactiveProductService" time="14.340"/>
  <system-out/>
  <testcase classname="org.test.CategoryModule" name="deleteProductService" time="4.269"/>
  <system-out/>
</testsuite> <!-- org.test.CategoryModule -->
