<?xml version="1.0" encoding="UTF-8"?>
<!-- Generated by org.testng.reporters.JUnitReportReporter -->
<testsuite hostname="DESKTOP-5M7AM2E" failures="0" tests="4" name="org.enhancement.CustomerContactModule" time="94.420" errors="0" timestamp="2023-04-23T11:13:03 IST" skipped="0">
  <testcase classname="org.enhancement.CustomerContactModule" name="loginPage" time="65.911"/>
  <system-out/>
  <testcase classname="org.enhancement.CustomerContactModule" name="contactModule" time="7.245"/>
  <system-out/>
  <testcase classname="org.enhancement.CustomerContactModule" name="createLabel" time="1.195"/>
  <system-out/>
  <testcase classname="org.enhancement.CustomerContactModule" name="CreateContact" time="20.069"/>
  <system-out/>
</testsuite> <!-- org.enhancement.CustomerContactModule -->
