<?xml version="1.0" encoding="UTF-8"?>
<!-- Generated by org.testng.reporters.JUnitReportReporter -->
<<<<<<< HEAD
<testsuite hostname="DESKTOP-5M7AM2E" failures="0" tests="45" name="org.test.GlobalOrganizationRequest" time="236.855" errors="0" timestamp="2023-04-23T22:29:52 IST" skipped="0">
  <testcase classname="org.test.GlobalOrganizationRequest" name="loginPage" time="18.683"/>
  <system-out/>
  <testcase classname="org.test.GlobalOrganizationRequest" name="requestModule" time="1.457"/>
  <system-out/>
  <testcase classname="org.test.GlobalOrganizationRequest" name="labelValidation" time="0.884"/>
  <system-out/>
  <testcase classname="org.test.GlobalOrganizationRequest" name="contactMandatoryValidation" time="1.726"/>
  <system-out/>
  <testcase classname="org.test.GlobalOrganizationRequest" name="autoCompleteOrganizationCreation" time="20.239"/>
  <system-out/>
  <testcase classname="org.test.GlobalOrganizationRequest" name="autoCompleteOrganizationContactCreation" time="11.562"/>
  <system-out/>
  <testcase classname="org.test.GlobalOrganizationRequest" name="mandatoryValidationLocation" time="0.063"/>
  <system-out/>
  <testcase classname="org.test.GlobalOrganizationRequest" name="maximumValidationLocation" time="4.705"/>
  <system-out/>
  <testcase classname="org.test.GlobalOrganizationRequest" name="maximumValidationTittle" time="0.708"/>
  <system-out/>
  <testcase classname="org.test.GlobalOrganizationRequest" name="mandatoryValidationDescription" time="0.074"/>
  <system-out/>
  <testcase classname="org.test.GlobalOrganizationRequest" name="maximumValidationDescription" time="3.829"/>
  <system-out/>
  <testcase classname="org.test.GlobalOrganizationRequest" name="maximumTagValidation" time="0.607"/>
  <system-out/>
  <testcase classname="org.test.GlobalOrganizationRequest" name="duplicateTagsValidation" time="0.358"/>
  <system-out/>
  <testcase classname="org.test.GlobalOrganizationRequest" name="maxTagLimitValidation" time="13.713"/>
  <system-out/>
  <testcase classname="org.test.GlobalOrganizationRequest" name="maximumValidationNotes" time="3.636"/>
  <system-out/>
  <testcase classname="org.test.GlobalOrganizationRequest" name="createButton" time="0.064"/>
  <system-out/>
  <testcase classname="org.test.GlobalOrganizationRequest" name="unsssignedRequest" time="13.632"/>
  <system-out/>
  <testcase classname="org.test.GlobalOrganizationRequest" name="requestUnassignedStatus" time="0.113"/>
  <system-out/>
  <testcase classname="org.test.GlobalOrganizationRequest" name="labelEditValidation" time="5.510"/>
  <system-out/>
  <testcase classname="org.test.GlobalOrganizationRequest" name="editmandatoryValidationLocation" time="0.073"/>
  <system-out/>
  <testcase classname="org.test.GlobalOrganizationRequest" name="editmaximumValidationLocation" time="4.613"/>
  <system-out/>
  <testcase classname="org.test.GlobalOrganizationRequest" name="editmaximumValidationTittle" time="0.674"/>
  <system-out/>
  <testcase classname="org.test.GlobalOrganizationRequest" name="editmandatoryValidationDescription" time="0.066"/>
  <system-out/>
  <testcase classname="org.test.GlobalOrganizationRequest" name="editmaximumValidationDescription" time="3.635"/>
  <system-out/>
  <testcase classname="org.test.GlobalOrganizationRequest" name="editmaximumTagValidation" time="0.655"/>
  <system-out/>
  <testcase classname="org.test.GlobalOrganizationRequest" name="editduplicateTagsValidation" time="0.370"/>
  <system-out/>
  <testcase classname="org.test.GlobalOrganizationRequest" name="editmaxTagLimitValidation" time="13.735"/>
  <system-out/>
  <testcase classname="org.test.GlobalOrganizationRequest" name="editmaximumValidationNotes" time="3.613"/>
  <system-out/>
  <testcase classname="org.test.GlobalOrganizationRequest" name="updateButton" time="0.071"/>
  <system-out/>
  <testcase classname="org.test.GlobalOrganizationRequest" name="updatedRequest" time="12.532"/>
  <system-out/>
  <testcase classname="org.test.GlobalOrganizationRequest" name="createRequest_FromDateandTime_ToDateandTime" time="32.650"/>
  <system-out/>
  <testcase classname="org.test.GlobalOrganizationRequest" name="requestScheduleStatus" time="0.123"/>
  <system-out/>
  <testcase classname="org.test.GlobalOrganizationRequest" name="dispatchedRequest" time="12.120"/>
  <system-out/>
  <testcase classname="org.test.GlobalOrganizationRequest" name="requestDispatchedStatus" time="0.100"/>
  <system-out/>
  <testcase classname="org.test.GlobalOrganizationRequest" name="startedRequest" time="11.597"/>
  <system-out/>
  <testcase classname="org.test.GlobalOrganizationRequest" name="requestStartedStatus" time="0.103"/>
  <system-out/>
  <testcase classname="org.test.GlobalOrganizationRequest" name="completedRequest" time="12.668"/>
  <system-out/>
  <testcase classname="org.test.GlobalOrganizationRequest" name="requestCompleteStatus" time="0.105"/>
  <system-out/>
  <testcase classname="org.test.GlobalOrganizationRequest" name="cancelledRequest" time="12.131"/>
  <system-out/>
  <testcase classname="org.test.GlobalOrganizationRequest" name="requestCancelledStatus" time="0.185"/>
  <system-out/>
  <testcase classname="org.test.GlobalOrganizationRequest" name="searchCustomerName" time="3.904"/>
  <system-out/>
  <testcase classname="org.test.GlobalOrganizationRequest" name="searchRequestNo" time="2.727"/>
  <system-out/>
  <testcase classname="org.test.GlobalOrganizationRequest" name="searchLocation" time="2.619"/>
  <system-out/>
  <testcase classname="org.test.GlobalOrganizationRequest" name="searchFilterByDate" time="1.796"/>
  <system-out/>
  <testcase classname="org.test.GlobalOrganizationRequest" name="searchInvalid" time="2.427"/>
=======
<testsuite hostname="DESKTOP-5M7AM2E" failures="0" tests="45" name="org.test.GlobalOrganizationRequest" time="228.959" errors="0" timestamp="2023-05-03T12:38:55 IST" skipped="0">
  <testcase classname="org.test.GlobalOrganizationRequest" name="loginPage" time="34.731"/>
  <system-out/>
  <testcase classname="org.test.GlobalOrganizationRequest" name="requestModule" time="0.923"/>
  <system-out/>
  <testcase classname="org.test.GlobalOrganizationRequest" name="labelValidation" time="1.398"/>
  <system-out/>
  <testcase classname="org.test.GlobalOrganizationRequest" name="contactMandatoryValidation" time="1.763"/>
  <system-out/>
  <testcase classname="org.test.GlobalOrganizationRequest" name="autoCompleteOrganizationCreation" time="12.540"/>
  <system-out/>
  <testcase classname="org.test.GlobalOrganizationRequest" name="autoCompleteOrganizationContactCreation" time="9.943"/>
  <system-out/>
  <testcase classname="org.test.GlobalOrganizationRequest" name="mandatoryValidationLocation" time="0.061"/>
  <system-out/>
  <testcase classname="org.test.GlobalOrganizationRequest" name="maximumValidationLocation" time="5.443"/>
  <system-out/>
  <testcase classname="org.test.GlobalOrganizationRequest" name="maximumValidationTittle" time="0.762"/>
  <system-out/>
  <testcase classname="org.test.GlobalOrganizationRequest" name="mandatoryValidationDescription" time="0.073"/>
  <system-out/>
  <testcase classname="org.test.GlobalOrganizationRequest" name="maximumValidationDescription" time="4.581"/>
  <system-out/>
  <testcase classname="org.test.GlobalOrganizationRequest" name="maximumTagValidation" time="0.707"/>
  <system-out/>
  <testcase classname="org.test.GlobalOrganizationRequest" name="duplicateTagsValidation" time="0.478"/>
  <system-out/>
  <testcase classname="org.test.GlobalOrganizationRequest" name="maxTagLimitValidation" time="15.165"/>
  <system-out/>
  <testcase classname="org.test.GlobalOrganizationRequest" name="maximumValidationNotes" time="4.797"/>
  <system-out/>
  <testcase classname="org.test.GlobalOrganizationRequest" name="createButton" time="0.073"/>
  <system-out/>
  <testcase classname="org.test.GlobalOrganizationRequest" name="unsssignedRequest" time="12.502"/>
  <system-out/>
  <testcase classname="org.test.GlobalOrganizationRequest" name="requestUnassignedStatus" time="0.109"/>
  <system-out/>
  <testcase classname="org.test.GlobalOrganizationRequest" name="labelEditValidation" time="4.930"/>
  <system-out/>
  <testcase classname="org.test.GlobalOrganizationRequest" name="editmandatoryValidationLocation" time="0.070"/>
  <system-out/>
  <testcase classname="org.test.GlobalOrganizationRequest" name="editmaximumValidationLocation" time="5.012"/>
  <system-out/>
  <testcase classname="org.test.GlobalOrganizationRequest" name="editmaximumValidationTittle" time="0.797"/>
  <system-out/>
  <testcase classname="org.test.GlobalOrganizationRequest" name="editmandatoryValidationDescription" time="0.075"/>
  <system-out/>
  <testcase classname="org.test.GlobalOrganizationRequest" name="editmaximumValidationDescription" time="4.531"/>
  <system-out/>
  <testcase classname="org.test.GlobalOrganizationRequest" name="editmaximumTagValidation" time="0.738"/>
  <system-out/>
  <testcase classname="org.test.GlobalOrganizationRequest" name="editduplicateTagsValidation" time="0.386"/>
  <system-out/>
  <testcase classname="org.test.GlobalOrganizationRequest" name="editmaxTagLimitValidation" time="14.385"/>
  <system-out/>
  <testcase classname="org.test.GlobalOrganizationRequest" name="editmaximumValidationNotes" time="4.321"/>
  <system-out/>
  <testcase classname="org.test.GlobalOrganizationRequest" name="updateButton" time="0.065"/>
  <system-out/>
  <testcase classname="org.test.GlobalOrganizationRequest" name="updatedRequest" time="11.275"/>
  <system-out/>
  <testcase classname="org.test.GlobalOrganizationRequest" name="createRequest_FromDateandTime_ToDateandTime" time="24.943"/>
  <system-out/>
  <testcase classname="org.test.GlobalOrganizationRequest" name="requestScheduleStatus" time="0.125"/>
  <system-out/>
  <testcase classname="org.test.GlobalOrganizationRequest" name="dispatchedRequest" time="10.104"/>
  <system-out/>
  <testcase classname="org.test.GlobalOrganizationRequest" name="requestDispatchedStatus" time="0.109"/>
  <system-out/>
  <testcase classname="org.test.GlobalOrganizationRequest" name="startedRequest" time="10.069"/>
  <system-out/>
  <testcase classname="org.test.GlobalOrganizationRequest" name="requestStartedStatus" time="0.105"/>
  <system-out/>
  <testcase classname="org.test.GlobalOrganizationRequest" name="completedRequest" time="9.654"/>
  <system-out/>
  <testcase classname="org.test.GlobalOrganizationRequest" name="requestCompleteStatus" time="0.102"/>
  <system-out/>
  <testcase classname="org.test.GlobalOrganizationRequest" name="cancelledRequest" time="10.590"/>
  <system-out/>
  <testcase classname="org.test.GlobalOrganizationRequest" name="requestCancelledStatus" time="0.218"/>
  <system-out/>
  <testcase classname="org.test.GlobalOrganizationRequest" name="searchCustomerName" time="2.319"/>
  <system-out/>
  <testcase classname="org.test.GlobalOrganizationRequest" name="searchRequestNo" time="2.200"/>
  <system-out/>
  <testcase classname="org.test.GlobalOrganizationRequest" name="searchLocation" time="2.092"/>
  <system-out/>
  <testcase classname="org.test.GlobalOrganizationRequest" name="searchFilterByDate" time="1.795"/>
  <system-out/>
  <testcase classname="org.test.GlobalOrganizationRequest" name="searchInvalid" time="1.900"/>
>>>>>>> 0854a1eab27eed2f52fc7f8faa0085f4f5986c02
  <system-out/>
</testsuite> <!-- org.test.GlobalOrganizationRequest -->
