<?xml version="1.0" encoding="UTF-8"?>
<!-- Generated by org.testng.reporters.JUnitReportReporter -->
<testsuite hostname="DESKTOP-5M7AM2E" failures="0" tests="45" name="org.test.GlobalContactRequest" time="397.683" errors="0" timestamp="2023-05-28T19:37:43 IST" skipped="0">
  <testcase classname="org.test.GlobalContactRequest" name="loginPage" time="19.011"/>
  <system-out/>
  <testcase classname="org.test.GlobalContactRequest" name="requestModule" time="1.623"/>
  <system-out/>
  <testcase classname="org.test.GlobalContactRequest" name="labelValidation" time="1.313"/>
  <system-out/>
  <testcase classname="org.test.GlobalContactRequest" name="contactMandatoryValidation" time="2.789"/>
  <system-out/>
  <testcase classname="org.test.GlobalContactRequest" name="autoCompleteContactCreation" time="18.991"/>
  <system-out/>
  <testcase classname="org.test.GlobalContactRequest" name="contactNumberDisplayed" time="0.128"/>
  <system-out/>
  <testcase classname="org.test.GlobalContactRequest" name="mandatoryValidationLocation" time="0.094"/>
  <system-out/>
  <testcase classname="org.test.GlobalContactRequest" name="maximumValidationLocation" time="7.178"/>
  <system-out/>
  <testcase classname="org.test.GlobalContactRequest" name="maximumValidationTittle" time="1.026"/>
  <system-out/>
  <testcase classname="org.test.GlobalContactRequest" name="mandatoryValidationDescription" time="0.083"/>
  <system-out/>
  <testcase classname="org.test.GlobalContactRequest" name="maximumValidationDescription" time="4.632"/>
  <system-out/>
  <testcase classname="org.test.GlobalContactRequest" name="maximumTagValidation" time="0.708"/>
  <system-out/>
  <testcase classname="org.test.GlobalContactRequest" name="duplicateTagsValidation" time="0.433"/>
  <system-out/>
  <testcase classname="org.test.GlobalContactRequest" name="maxTagLimitValidation" time="19.530"/>
  <system-out/>
  <testcase classname="org.test.GlobalContactRequest" name="maximumValidationNotes" time="5.899"/>
  <system-out/>
  <testcase classname="org.test.GlobalContactRequest" name="createButton" time="0.091"/>
  <system-out/>
  <testcase classname="org.test.GlobalContactRequest" name="unsssignedRequest" time="23.353"/>
  <system-out/>
  <testcase classname="org.test.GlobalContactRequest" name="requestUnassignedStatus" time="0.133"/>
  <system-out/>
  <testcase classname="org.test.GlobalContactRequest" name="labelEditValidation" time="17.541"/>
  <system-out/>
  <testcase classname="org.test.GlobalContactRequest" name="editmandatoryValidationLocation" time="0.102"/>
  <system-out/>
  <testcase classname="org.test.GlobalContactRequest" name="editmaximumValidationLocation" time="6.547"/>
  <system-out/>
  <testcase classname="org.test.GlobalContactRequest" name="editmaximumValidationTittle" time="1.041"/>
  <system-out/>
  <testcase classname="org.test.GlobalContactRequest" name="editmandatoryValidationDescription" time="0.128"/>
  <system-out/>
  <testcase classname="org.test.GlobalContactRequest" name="editmaximumValidationDescription" time="4.471"/>
  <system-out/>
  <testcase classname="org.test.GlobalContactRequest" name="editmaximumTagValidation" time="0.676"/>
  <system-out/>
  <testcase classname="org.test.GlobalContactRequest" name="editduplicateTagsValidation" time="0.442"/>
  <system-out/>
  <testcase classname="org.test.GlobalContactRequest" name="editmaxTagLimitValidation" time="18.675"/>
  <system-out/>
  <testcase classname="org.test.GlobalContactRequest" name="editmaximumValidationNotes" time="5.446"/>
  <system-out/>
  <testcase classname="org.test.GlobalContactRequest" name="updateButton" time="0.096"/>
  <system-out/>
  <testcase classname="org.test.GlobalContactRequest" name="updatedRequest" time="12.713"/>
  <system-out/>
  <testcase classname="org.test.GlobalContactRequest" name="createRequest_FromDateandTime_ToDateandTime" time="49.322"/>
  <system-out/>
  <testcase classname="org.test.GlobalContactRequest" name="requestScheduleStatus" time="0.213"/>
  <system-out/>
  <testcase classname="org.test.GlobalContactRequest" name="dispatchedRequest" time="26.825"/>
  <system-out/>
  <testcase classname="org.test.GlobalContactRequest" name="requestDispatchedStatus" time="6.281"/>
  <system-out/>
  <testcase classname="org.test.GlobalContactRequest" name="startedRequest" time="26.832"/>
  <system-out/>
  <testcase classname="org.test.GlobalContactRequest" name="requestStartedStatus" time="5.945"/>
  <system-out/>
  <testcase classname="org.test.GlobalContactRequest" name="completedRequest" time="26.677"/>
  <system-out/>
  <testcase classname="org.test.GlobalContactRequest" name="requestCompleteStatus" time="6.428"/>
  <system-out/>
  <testcase classname="org.test.GlobalContactRequest" name="cancelledRequest" time="32.993"/>
  <system-out/>
  <testcase classname="org.test.GlobalContactRequest" name="requestCancelledStatus" time="0.522"/>
  <system-out/>
  <testcase classname="org.test.GlobalContactRequest" name="searchCustomerName" time="5.564"/>
  <system-out/>
  <testcase classname="org.test.GlobalContactRequest" name="searchRequestNo" time="5.764"/>
  <system-out/>
  <testcase classname="org.test.GlobalContactRequest" name="searchLocation" time="7.753"/>
  <system-out/>
  <testcase classname="org.test.GlobalContactRequest" name="searchFilterByDate" time="18.841"/>
  <system-out/>
  <testcase classname="org.test.GlobalContactRequest" name="searchInvalid" time="2.830"/>
  <system-out/>
</testsuite> <!-- org.test.GlobalContactRequest -->
