<?xml version="1.0" encoding="UTF-8"?>
<!-- Generated by org.testng.reporters.JUnitReportReporter -->
<testsuite hostname="DESKTOP-5M7AM2E" failures="0" tests="6" name="org.enhancement.CustomerContactQuote" time="89.681" errors="0" timestamp="2023-05-22T20:03:10 IST" skipped="0">
  <testcase classname="org.enhancement.CustomerContactQuote" name="loginPage" time="42.917"/>
  <system-out/>
  <testcase classname="org.enhancement.CustomerContactQuote" name="contactModule" time="8.623"/>
  <system-out/>
  <testcase classname="org.enhancement.CustomerContactQuote" name="CreateContact" time="13.484"/>
  <system-out/>
  <testcase classname="org.enhancement.CustomerContactQuote" name="listabelValidation" time="8.210"/>
  <system-out/>
  <testcase classname="org.enhancement.CustomerContactQuote" name="labelValidation" time="1.971"/>
  <system-out/>
  <testcase classname="org.enhancement.CustomerContactQuote" name="createQuote" time="14.476"/>
  <system-out/>
</testsuite> <!-- org.enhancement.CustomerContactQuote -->
