<?xml version="1.0" encoding="UTF-8"?>
<!-- Generated by org.testng.reporters.JUnitReportReporter -->
<testsuite hostname="DESKTOP-5M7AM2E" failures="0" tests="20" name="org.test.BusinessUnit" time="118.063" errors="0" timestamp="2023-04-15T19:43:27 IST" skipped="0">
  <testcase classname="org.test.BusinessUnit" name="loginPage" time="32.492"/>
  <system-out/>
  <testcase classname="org.test.BusinessUnit" name="settingModule" time="2.270"/>
  <system-out/>
  <testcase classname="org.test.BusinessUnit" name="businessUnitLabel" time="0.164"/>
  <system-out/>
  <testcase classname="org.test.BusinessUnit" name="createFormLabel" time="1.387"/>
  <system-out/>
  <testcase classname="org.test.BusinessUnit" name="mandatoryValidation" time="0.342"/>
  <system-out/>
  <testcase classname="org.test.BusinessUnit" name="maximumValidationBussinessUnit" time="4.026"/>
  <system-out/>
  <testcase classname="org.test.BusinessUnit" name="verifySaveButtonExist" time="0.356"/>
  <system-out/>
  <testcase classname="org.test.BusinessUnit" name="businessCreate" time="8.795"/>
  <system-out/>
  <testcase classname="org.test.BusinessUnit" name="businessCreateList" time="0.061"/>
  <system-out/>
  <testcase classname="org.test.BusinessUnit" name="activeStatus" time="0.069"/>
  <system-out/>
  <testcase classname="org.test.BusinessUnit" name="alreadyExists" time="1.850"/>
  <system-out/>
  <testcase classname="org.test.BusinessUnit" name="editFormLabel" time="3.024"/>
  <system-out/>
  <testcase classname="org.test.BusinessUnit" name="editmandatoryValidation" time="0.289"/>
  <system-out/>
  <testcase classname="org.test.BusinessUnit" name="editmaximumValidationBussinessUnit" time="3.882"/>
  <system-out/>
  <testcase classname="org.test.BusinessUnit" name="verifyUpdateButtonExist" time="0.347"/>
  <system-out/>
  <testcase classname="org.test.BusinessUnit" name="businessUpdate" time="8.270"/>
  <system-out/>
  <testcase classname="org.test.BusinessUnit" name="deleteBusinessUnit" time="15.937"/>
  <system-out/>
  <testcase classname="org.test.BusinessUnit" name="reflectCreateContactPage" time="18.181"/>
  <system-out/>
  <testcase classname="org.test.BusinessUnit" name="inactiveLeadSource" time="12.784"/>
  <system-out/>
  <testcase classname="org.test.BusinessUnit" name="deleteLeadSource" time="3.537"/>
  <system-out/>
</testsuite> <!-- org.test.BusinessUnit -->
