<?xml version="1.0" encoding="UTF-8"?>
<!-- Generated by org.testng.reporters.JUnitReportReporter -->
<testsuite hostname="DESKTOP-5M7AM2E" failures="0" tests="4" name="org.enhancement.ServiceModule" time="55.049" errors="0" timestamp="2023-05-22T20:03:10 IST" skipped="0">
  <testcase classname="org.enhancement.ServiceModule" name="loginPage" time="41.150"/>
  <system-out/>
  <testcase classname="org.enhancement.ServiceModule" name="settingModule" time="2.183"/>
  <system-out/>
  <testcase classname="org.enhancement.ServiceModule" name="createFormLabel" time="2.119"/>
  <system-out/>
  <testcase classname="org.enhancement.ServiceModule" name="createProduct" time="9.597"/>
  <system-out/>
</testsuite> <!-- org.enhancement.ServiceModule -->
