<?xml version="1.0" encoding="UTF-8"?>
<!-- Generated by org.testng.reporters.JUnitReportReporter -->
<testsuite hostname="DESKTOP-5M7AM2E" failures="0" tests="52" name="org.test.CustomerContactJob" time="337.315" errors="0" timestamp="2023-06-24T16:51:45 IST" skipped="0">
  <testcase classname="org.test.CustomerContactJob" name="loginPage" time="19.344"/>
  <system-out/>
  <testcase classname="org.test.CustomerContactJob" name="contactModule" time="6.436"/>
  <system-out/>
  <testcase classname="org.test.CustomerContactJob" name="CreateContact" time="14.720"/>
  <system-out/>
  <testcase classname="org.test.CustomerContactJob" name="listabelValidation" time="7.791"/>
  <system-out/>
  <testcase classname="org.test.CustomerContactJob" name="labelValidation" time="0.885"/>
  <system-out/>
  <testcase classname="org.test.CustomerContactJob" name="namePrepopulation" time="1.714"/>
  <system-out/>
  <testcase classname="org.test.CustomerContactJob" name="mandatoryValidationLocation" time="0.308"/>
  <system-out/>
  <testcase classname="org.test.CustomerContactJob" name="maximumValidationLocation" time="6.362"/>
  <system-out/>
  <testcase classname="org.test.CustomerContactJob" name="maximumValidationTittle" time="5.493"/>
  <system-out/>
  <testcase classname="org.test.CustomerContactJob" name="mandatoryValidationDescription" time="0.082"/>
  <system-out/>
  <testcase classname="org.test.CustomerContactJob" name="maximumValidationDescription" time="4.755"/>
  <system-out/>
  <testcase classname="org.test.CustomerContactJob" name="maximumTagValidation" time="0.795"/>
  <system-out/>
  <testcase classname="org.test.CustomerContactJob" name="duplicateTagsValidation" time="0.320"/>
  <system-out/>
  <testcase classname="org.test.CustomerContactJob" name="maxTagLimitValidation" time="16.594"/>
  <system-out/>
  <testcase classname="org.test.CustomerContactJob" name="maximumValidationNotes" time="4.969"/>
  <system-out/>
  <testcase classname="org.test.CustomerContactJob" name="createButton" time="0.089"/>
  <system-out/>
  <testcase classname="org.test.CustomerContactJob" name="unsssignedJob" time="18.123"/>
  <system-out/>
  <testcase classname="org.test.CustomerContactJob" name="jobCreatedCount" time="0.148"/>
  <system-out/>
  <testcase classname="org.test.CustomerContactJob" name="jobUnassignedStatus" time="0.139"/>
  <system-out/>
  <testcase classname="org.test.CustomerContactJob" name="labelEditValidation" time="5.681"/>
  <system-out/>
  <testcase classname="org.test.CustomerContactJob" name="editmandatoryValidationLocation" time="0.376"/>
  <system-out/>
  <testcase classname="org.test.CustomerContactJob" name="editmaximumValidationLocation" time="6.421"/>
  <system-out/>
  <testcase classname="org.test.CustomerContactJob" name="editmaximumValidationTittle" time="5.577"/>
  <system-out/>
  <testcase classname="org.test.CustomerContactJob" name="editmandatoryValidationDescription" time="0.082"/>
  <system-out/>
  <testcase classname="org.test.CustomerContactJob" name="editmaximumValidationDescription" time="4.762"/>
  <system-out/>
  <testcase classname="org.test.CustomerContactJob" name="editmaximumTagValidation" time="0.914"/>
  <system-out/>
  <testcase classname="org.test.CustomerContactJob" name="editduplicateTagsValidation" time="0.286"/>
  <system-out/>
  <testcase classname="org.test.CustomerContactJob" name="editmaxTagLimitValidation" time="16.447"/>
  <system-out/>
  <testcase classname="org.test.CustomerContactJob" name="editmaximumValidationNotes" time="5.039"/>
  <system-out/>
  <testcase classname="org.test.CustomerContactJob" name="checkResponseCode" time="2.335"/>
  <system-out/>
  <testcase classname="org.test.CustomerContactJob" name="updateButton" time="0.087"/>
  <system-out/>
  <testcase classname="org.test.CustomerContactJob" name="editJobwithFromDateFromTime" time="11.327"/>
  <system-out/>
  <testcase classname="org.test.CustomerContactJob" name="createJob_FromDateandTime_ToDateandTime" time="18.196"/>
  <system-out/>
  <testcase classname="org.test.CustomerContactJob" name="jobScheduleStatus" time="0.137"/>
  <system-out/>
  <testcase classname="org.test.CustomerContactJob" name="dispatchedJob" time="11.091"/>
  <system-out/>
  <testcase classname="org.test.CustomerContactJob" name="jobDispatchedStatus" time="0.163"/>
  <system-out/>
  <testcase classname="org.test.CustomerContactJob" name="startedJob" time="11.556"/>
  <system-out/>
  <testcase classname="org.test.CustomerContactJob" name="jobStartedStatus" time="0.140"/>
  <system-out/>
  <testcase classname="org.test.CustomerContactJob" name="completedJob" time="11.028"/>
  <system-out/>
  <testcase classname="org.test.CustomerContactJob" name="jobCompleteStatus" time="0.148"/>
  <system-out/>
  <testcase classname="org.test.CustomerContactJob" name="cancelledJob" time="11.195"/>
  <system-out/>
  <testcase classname="org.test.CustomerContactJob" name="jobCancelledStatus" time="0.151"/>
  <system-out/>
  <testcase classname="org.test.CustomerContactJob" name="jobDraftStatus" time="9.499"/>
  <system-out/>
  <testcase classname="org.test.CustomerContactJob" name="deletedJob" time="8.107"/>
  <system-out/>
  <testcase classname="org.test.CustomerContactJob" name="searchJobNo" time="3.046"/>
  <system-out/>
  <testcase classname="org.test.CustomerContactJob" name="searchLocation" time="1.892"/>
  <system-out/>
  <testcase classname="org.test.CustomerContactJob" name="searchFilterByDate" time="2.092"/>
  <system-out/>
  <testcase classname="org.test.CustomerContactJob" name="searchInvalid" time="1.300"/>
  <system-out/>
  <testcase classname="org.test.CustomerContactJob" name="dailyRecurring" time="18.484"/>
  <system-out/>
  <testcase classname="org.test.CustomerContactJob" name="weeklyRecurring" time="18.619"/>
  <system-out/>
  <testcase classname="org.test.CustomerContactJob" name="monthlyRecurring" time="19.147"/>
  <system-out/>
  <testcase classname="org.test.CustomerContactJob" name="yearlyRecurring" time="22.923"/>
  <system-out/>
</testsuite> <!-- org.test.CustomerContactJob -->
