<?xml version="1.0" encoding="UTF-8"?>
<!-- Generated by org.testng.reporters.JUnitReportReporter -->
<testsuite hostname="DESKTOP-5M7AM2E" failures="0" tests="22" name="org.test.TeamCompaniesDetailScreen" time="82.019" errors="0" timestamp="2023-02-20T12:54:41 IST" skipped="0">
  <testcase classname="org.test.TeamCompaniesDetailScreen" name="verify" time="52.958"/>
  <system-out/>
  <testcase classname="org.test.TeamCompaniesDetailScreen" name="teamModule" time="1.773"/>
  <system-out/>
  <testcase classname="org.test.TeamCompaniesDetailScreen" name="editLabel" time="3.238"/>
  <system-out/>
  <testcase classname="org.test.TeamCompaniesDetailScreen" name="maxValidationCompanyWebsiteField" time="5.229"/>
  <system-out/>
  <testcase classname="org.test.TeamCompaniesDetailScreen" name="maxValidationFirstNameField" time="0.774"/>
  <system-out/>
  <testcase classname="org.test.TeamCompaniesDetailScreen" name="maxValidationLastNameField" time="1.218"/>
  <system-out/>
  <testcase classname="org.test.TeamCompaniesDetailScreen" name="maxValidationCompanyLocationNameField" time="0.986"/>
  <system-out/>
  <testcase classname="org.test.TeamCompaniesDetailScreen" name="validateCompanyEmailField" time="0.273"/>
  <system-out/>
  <testcase classname="org.test.TeamCompaniesDetailScreen" name="maxValidationCompanyEmailField" time="0.657"/>
  <system-out/>
  <testcase classname="org.test.TeamCompaniesDetailScreen" name="minValidationCompanyPhoneNumberField" time="0.225"/>
  <system-out/>
  <testcase classname="org.test.TeamCompaniesDetailScreen" name="maxValidationCompanyPhoneNumberField" time="0.200"/>
  <system-out/>
  <testcase classname="org.test.TeamCompaniesDetailScreen" name="maxValidationCompanyAddress1Field" time="0.633"/>
  <system-out/>
  <testcase classname="org.test.TeamCompaniesDetailScreen" name="maxValidationCompanyAddress2Field" time="0.616"/>
  <system-out/>
  <testcase classname="org.test.TeamCompaniesDetailScreen" name="maxValidationCompanyStateField" time="0.609"/>
  <system-out/>
  <testcase classname="org.test.TeamCompaniesDetailScreen" name="maxValidationCompanyCityField" time="0.658"/>
  <system-out/>
  <testcase classname="org.test.TeamCompaniesDetailScreen" name="maxValidationCompanyZipcodeField" time="0.208"/>
  <system-out/>
  <testcase classname="org.test.TeamCompaniesDetailScreen" name="minValidationCompanyZipcodeField" time="0.152"/>
  <system-out/>
  <testcase classname="org.test.TeamCompaniesDetailScreen" name="characterValidationCompanyZipcodeField" time="0.153"/>
  <system-out/>
  <testcase classname="org.test.TeamCompaniesDetailScreen" name="maxValidationCompanyContactPerson" time="2.123"/>
  <system-out/>
  <testcase classname="org.test.TeamCompaniesDetailScreen" name="responseMessage" time="2.327"/>
  <system-out/>
  <testcase classname="org.test.TeamCompaniesDetailScreen" name="maximumValidationDescription" time="4.188"/>
  <system-out/>
  <testcase classname="org.test.TeamCompaniesDetailScreen" name="deleteLocation" time="2.821"/>
  <system-out/>
</testsuite> <!-- org.test.TeamCompaniesDetailScreen -->
