<?xml version="1.0" encoding="UTF-8"?>
<!-- Generated by org.testng.reporters.JUnitReportReporter -->
<<<<<<< HEAD
<testsuite hostname="DESKTOP-5M7AM2E" failures="0" tests="51" name="org.test.GlobalOrganizationJob" time="642.855" errors="0" timestamp="2023-06-06T15:28:30 IST" skipped="0">
  <testcase classname="org.test.GlobalOrganizationJob" name="loginPage" time="38.199"/>
  <system-out/>
  <testcase classname="org.test.GlobalOrganizationJob" name="jobModule" time="1.878"/>
  <system-out/>
  <testcase classname="org.test.GlobalOrganizationJob" name="labelValidation" time="2.648"/>
  <system-out/>
  <testcase classname="org.test.GlobalOrganizationJob" name="organizationMandatoryValidation" time="3.209"/>
  <system-out/>
  <testcase classname="org.test.GlobalOrganizationJob" name="autoCompleteOrganizationCreation" time="22.897"/>
  <system-out/>
  <testcase classname="org.test.GlobalOrganizationJob" name="autoCompleteOrganizationContactCreation" time="11.995"/>
  <system-out/>
  <testcase classname="org.test.GlobalOrganizationJob" name="contactNumberDisplayed" time="0.313"/>
  <system-out/>
  <testcase classname="org.test.GlobalOrganizationJob" name="mandatoryValidationLocation" time="0.101"/>
  <system-out/>
  <testcase classname="org.test.GlobalOrganizationJob" name="maximumValidationLocation" time="7.920"/>
  <system-out/>
  <testcase classname="org.test.GlobalOrganizationJob" name="maximumValidationTittle" time="6.891"/>
  <system-out/>
  <testcase classname="org.test.GlobalOrganizationJob" name="mandatoryValidationDescription" time="0.113"/>
  <system-out/>
  <testcase classname="org.test.GlobalOrganizationJob" name="maximumValidationDescription" time="6.210"/>
  <system-out/>
  <testcase classname="org.test.GlobalOrganizationJob" name="maximumTagValidation" time="1.090"/>
  <system-out/>
  <testcase classname="org.test.GlobalOrganizationJob" name="duplicateTagsValidation" time="0.586"/>
  <system-out/>
  <testcase classname="org.test.GlobalOrganizationJob" name="maxTagLimitValidation" time="18.557"/>
  <system-out/>
  <testcase classname="org.test.GlobalOrganizationJob" name="maximumValidationNotes" time="5.971"/>
  <system-out/>
  <testcase classname="org.test.GlobalOrganizationJob" name="createButton" time="0.181"/>
  <system-out/>
  <testcase classname="org.test.GlobalOrganizationJob" name="unsssignedJob" time="35.011"/>
  <system-out/>
  <testcase classname="org.test.GlobalOrganizationJob" name="jobUnassignedStatus" time="0.275"/>
  <system-out/>
  <testcase classname="org.test.GlobalOrganizationJob" name="labelEditValidation" time="14.713"/>
  <system-out/>
  <testcase classname="org.test.GlobalOrganizationJob" name="editsmandatoryValidationLocation" time="0.323"/>
  <system-out/>
  <testcase classname="org.test.GlobalOrganizationJob" name="editmaximumValidationLocation" time="6.800"/>
  <system-out/>
  <testcase classname="org.test.GlobalOrganizationJob" name="editmaximumValidationTittle" time="0.198"/>
  <system-out/>
  <testcase classname="org.test.GlobalOrganizationJob" name="editmandatoryValidationDescription" time="0.107"/>
  <system-out/>
  <testcase classname="org.test.GlobalOrganizationJob" name="editmaximumValidationDescription" time="5.913"/>
  <system-out/>
  <testcase classname="org.test.GlobalOrganizationJob" name="editmaximumTagValidation" time="1.041"/>
  <system-out/>
  <testcase classname="org.test.GlobalOrganizationJob" name="editduplicateTagsValidation" time="0.583"/>
  <system-out/>
  <testcase classname="org.test.GlobalOrganizationJob" name="editmaxTagLimitValidation" time="18.155"/>
  <system-out/>
  <testcase classname="org.test.GlobalOrganizationJob" name="editmaximumValidationNotes" time="6.051"/>
  <system-out/>
  <testcase classname="org.test.GlobalOrganizationJob" name="updateButton" time="0.103"/>
  <system-out/>
  <testcase classname="org.test.GlobalOrganizationJob" name="checkResponseCode" time="2.403"/>
  <system-out/>
  <testcase classname="org.test.GlobalOrganizationJob" name="editJobwithFromDateFromTime" time="12.564"/>
  <system-out/>
  <testcase classname="org.test.GlobalOrganizationJob" name="createJob_FromDateandTime_ToDateandTime" time="53.238"/>
  <system-out/>
  <testcase classname="org.test.GlobalOrganizationJob" name="jobScheduleStatus" time="0.250"/>
  <system-out/>
  <testcase classname="org.test.GlobalOrganizationJob" name="dispatchedJob" time="21.411"/>
  <system-out/>
  <testcase classname="org.test.GlobalOrganizationJob" name="jobDispatchedStatus" time="0.256"/>
  <system-out/>
  <testcase classname="org.test.GlobalOrganizationJob" name="startedJob" time="20.842"/>
  <system-out/>
  <testcase classname="org.test.GlobalOrganizationJob" name="jobStartedStatus" time="0.246"/>
  <system-out/>
  <testcase classname="org.test.GlobalOrganizationJob" name="completedJob" time="21.285"/>
  <system-out/>
  <testcase classname="org.test.GlobalOrganizationJob" name="jobCompleteStatus" time="0.268"/>
  <system-out/>
  <testcase classname="org.test.GlobalOrganizationJob" name="cancelledJob" time="21.476"/>
  <system-out/>
  <testcase classname="org.test.GlobalOrganizationJob" name="jobCancelledStatus" time="0.476"/>
  <system-out/>
  <testcase classname="org.test.GlobalOrganizationJob" name="searchCustomerName" time="5.197"/>
  <system-out/>
  <testcase classname="org.test.GlobalOrganizationJob" name="searchJobNo" time="5.010"/>
  <system-out/>
  <testcase classname="org.test.GlobalOrganizationJob" name="searchLocation" time="0.403"/>
  <system-out/>
  <testcase classname="org.test.GlobalOrganizationJob" name="searchFilterByDate" time="26.981"/>
  <system-out/>
  <testcase classname="org.test.GlobalOrganizationJob" name="searchInvalid" time="14.551"/>
  <system-out/>
  <testcase classname="org.test.GlobalOrganizationJob" name="dailyRecurring" time="43.953"/>
  <system-out/>
  <testcase classname="org.test.GlobalOrganizationJob" name="weeklyRecurring" time="48.976"/>
  <system-out/>
  <testcase classname="org.test.GlobalOrganizationJob" name="monthlyRecurring" time="57.359"/>
  <system-out/>
  <testcase classname="org.test.GlobalOrganizationJob" name="yearlyRecurring" time="67.678"/>
=======
<testsuite hostname="DESKTOP-5M7AM2E" failures="0" tests="47" name="org.test.GlobalOrganizationJob" time="334.684" errors="1" timestamp="2023-06-20T12:47:42 IST" skipped="0">
  <testcase classname="org.test.GlobalOrganizationJob" name="loginPage" time="39.686"/>
  <system-out/>
  <testcase classname="org.test.GlobalOrganizationJob" name="jobModule" time="1.700"/>
  <system-out/>
  <testcase classname="org.test.GlobalOrganizationJob" name="labelValidation" time="4.579"/>
  <system-out/>
  <testcase classname="org.test.GlobalOrganizationJob" name="organizationMandatoryValidation" time="2.088"/>
  <system-out/>
  <testcase classname="org.test.GlobalOrganizationJob" name="autoCompleteOrganizationCreation" time="14.857"/>
  <system-out/>
  <testcase classname="org.test.GlobalOrganizationJob" name="autoCompleteOrganizationContactCreation" time="30.426">
    <error message="Expected condition failed: waiting for visibility of Proxy element for: DefaultElementLocator &#039;By.all({By.xpath: //*[@class=&#039;add_new_customer_button3&#039;]//button[@data-modalfetch=&#039;shorter_organization_contact_create&#039;],By.xpath: //*[@class=&#039;add_new_customer_button2&#039;]//button[@data-modalfetch=&#039;shorter_organization_create&#039;],By.xpath: //*[@class=&#039;add_new_customer_button no-add_new_customer_button&#039;]//button[@data-modalfetch=&#039;shorter_contact_create&#039;]})&#039; (tried for 30 second(s) with 500 milliseconds interval)" type="org.openqa.selenium.TimeoutException">
      <![CDATA[org.openqa.selenium.TimeoutException: Expected condition failed: waiting for visibility of Proxy element for: DefaultElementLocator 'By.all({By.xpath: //*[@class='add_new_customer_button3']//button[@data-modalfetch='shorter_organization_contact_create'],By.xpath: //*[@class='add_new_customer_button2']//button[@data-modalfetch='shorter_organization_create'],By.xpath: //*[@class='add_new_customer_button no-add_new_customer_button']//button[@data-modalfetch='shorter_contact_create']})' (tried for 30 second(s) with 500 milliseconds interval)
at org.openqa.selenium.support.ui.WebDriverWait.timeoutException(WebDriverWait.java:95)
at org.openqa.selenium.support.ui.FluentWait.until(FluentWait.java:272)
at com.zaigo.pageobjects.JobPage.mouseActionClick(JobPage.java:484)
at com.zaigo.pageobjects.JobPage.autoCompleteField(JobPage.java:300)
at org.test.GlobalOrganizationJob.autoCompleteOrganizationContactCreation(GlobalOrganizationJob.java:177)
at java.base/jdk.internal.reflect.NativeMethodAccessorImpl.invoke0(Native Method)
at java.base/jdk.internal.reflect.NativeMethodAccessorImpl.invoke(NativeMethodAccessorImpl.java:77)
at java.base/jdk.internal.reflect.DelegatingMethodAccessorImpl.invoke(DelegatingMethodAccessorImpl.java:43)
at java.base/java.lang.reflect.Method.invoke(Method.java:568)
at org.testng.internal.MethodInvocationHelper.invokeMethod(MethodInvocationHelper.java:133)
at org.testng.internal.TestInvoker.invokeMethod(TestInvoker.java:598)
at org.testng.internal.TestInvoker.invokeTestMethod(TestInvoker.java:173)
at org.testng.internal.MethodRunner.runInSequence(MethodRunner.java:46)
at org.testng.internal.TestInvoker$MethodInvocationAgent.invoke(TestInvoker.java:824)
at org.testng.internal.TestInvoker.invokeTestMethods(TestInvoker.java:146)
at org.testng.internal.TestMethodWorker.invokeTestMethods(TestMethodWorker.java:146)
at org.testng.internal.TestMethodWorker.run(TestMethodWorker.java:128)
at java.base/java.util.ArrayList.forEach(ArrayList.java:1511)
at org.testng.TestRunner.privateRun(TestRunner.java:794)
at org.testng.TestRunner.run(TestRunner.java:596)
at org.testng.SuiteRunner.runTest(SuiteRunner.java:377)
at org.testng.SuiteRunner.runSequentially(SuiteRunner.java:371)
at org.testng.SuiteRunner.privateRun(SuiteRunner.java:332)
at org.testng.SuiteRunner.run(SuiteRunner.java:276)
at org.testng.SuiteRunnerWorker.runSuite(SuiteRunnerWorker.java:53)
at org.testng.SuiteRunnerWorker.run(SuiteRunnerWorker.java:96)
at org.testng.TestNG.runSuitesSequentially(TestNG.java:1212)
at org.testng.TestNG.runSuitesLocally(TestNG.java:1134)
at org.testng.TestNG.runSuites(TestNG.java:1063)
at org.testng.TestNG.run(TestNG.java:1031)
at org.testng.remote.AbstractRemoteTestNG.run(AbstractRemoteTestNG.java:115)
at org.testng.remote.RemoteTestNG.initAndRun(RemoteTestNG.java:251)
at org.testng.remote.RemoteTestNG.main(RemoteTestNG.java:77)
Caused by: org.openqa.selenium.NoSuchElementException: Cannot locate an element using By.all({By.xpath: //*[@class='add_new_customer_button3']//button[@data-modalfetch='shorter_organization_contact_create'],By.xpath: //*[@class='add_new_customer_button2']//button[@data-modalfetch='shorter_organization_create'],By.xpath: //*[@class='add_new_customer_button no-add_new_customer_button']//button[@data-modalfetch='shorter_contact_create']})
For documentation on this error, please visit: http://seleniumhq.org/exceptions/no_such_element.html
Build info: version: '3.141.5', revision: 'd54ebd709a', time: '2018-11-06T11:42:16'
System info: host: 'DESKTOP-5M7AM2E', ip: '192.168.56.1', os.name: 'Windows 11', os.arch: 'amd64', os.version: '10.0', java.version: '17.0.3'
Driver info: driver.version: RemoteWebDriver
at org.openqa.selenium.support.pagefactory.ByAll.findElement(ByAll.java:58)
at org.openqa.selenium.remote.RemoteWebDriver.findElement(RemoteWebDriver.java:315)
at org.openqa.selenium.support.pagefactory.DefaultElementLocator.findElement(DefaultElementLocator.java:69)
at org.openqa.selenium.support.pagefactory.internal.LocatingElementHandler.invoke(LocatingElementHandler.java:38)
at jdk.proxy2/jdk.proxy2.$Proxy15.isDisplayed(Unknown Source)
at org.openqa.selenium.support.ui.ExpectedConditions.elementIfVisible(ExpectedConditions.java:314)
at org.openqa.selenium.support.ui.ExpectedConditions.access$000(ExpectedConditions.java:43)
at org.openqa.selenium.support.ui.ExpectedConditions$10.apply(ExpectedConditions.java:300)
at org.openqa.selenium.support.ui.ExpectedConditions$10.apply(ExpectedConditions.java:297)
at org.openqa.selenium.support.ui.FluentWait.until(FluentWait.java:249)
... 31 more
]]>
    </error>
  </testcase> <!-- autoCompleteOrganizationContactCreation -->
  <system-out/>
  <testcase classname="org.test.GlobalOrganizationJob" name="contactNumberDisplayed" time="0.320"/>
  <system-out/>
  <testcase classname="org.test.GlobalOrganizationJob" name="mandatoryValidationLocation" time="0.097"/>
  <system-out/>
  <testcase classname="org.test.GlobalOrganizationJob" name="maximumValidationLocation" time="7.125"/>
  <system-out/>
  <testcase classname="org.test.GlobalOrganizationJob" name="maximumValidationTittle" time="5.177"/>
  <system-out/>
  <testcase classname="org.test.GlobalOrganizationJob" name="mandatoryValidationDescription" time="0.069"/>
  <system-out/>
  <testcase classname="org.test.GlobalOrganizationJob" name="maximumValidationDescription" time="4.088"/>
  <system-out/>
  <testcase classname="org.test.GlobalOrganizationJob" name="maximumTagValidation" time="0.817"/>
  <system-out/>
  <testcase classname="org.test.GlobalOrganizationJob" name="duplicateTagsValidation" time="0.433"/>
  <system-out/>
  <testcase classname="org.test.GlobalOrganizationJob" name="maxTagLimitValidation" time="19.311"/>
  <system-out/>
  <testcase classname="org.test.GlobalOrganizationJob" name="maximumValidationNotes" time="5.748"/>
  <system-out/>
  <testcase classname="org.test.GlobalOrganizationJob" name="createButton" time="0.158"/>
  <system-out/>
  <testcase classname="org.test.GlobalOrganizationJob" name="unsssignedJob" time="20.237"/>
  <system-out/>
  <testcase classname="org.test.GlobalOrganizationJob" name="jobUnassignedStatus" time="0.339"/>
  <system-out/>
  <testcase classname="org.test.GlobalOrganizationJob" name="labelEditValidation" time="11.831"/>
  <system-out/>
  <testcase classname="org.test.GlobalOrganizationJob" name="editsmandatoryValidationLocation" time="0.366"/>
  <system-out/>
  <testcase classname="org.test.GlobalOrganizationJob" name="editmaximumValidationLocation" time="5.806"/>
  <system-out/>
  <testcase classname="org.test.GlobalOrganizationJob" name="editmaximumValidationTittle" time="0.189"/>
  <system-out/>
  <testcase classname="org.test.GlobalOrganizationJob" name="editmandatoryValidationDescription" time="0.161"/>
  <system-out/>
  <testcase classname="org.test.GlobalOrganizationJob" name="editmaximumValidationDescription" time="4.567"/>
  <system-out/>
  <testcase classname="org.test.GlobalOrganizationJob" name="editmaximumTagValidation" time="0.668"/>
  <system-out/>
  <testcase classname="org.test.GlobalOrganizationJob" name="editduplicateTagsValidation" time="0.464"/>
  <system-out/>
  <testcase classname="org.test.GlobalOrganizationJob" name="editmaxTagLimitValidation" time="18.857"/>
  <system-out/>
  <testcase classname="org.test.GlobalOrganizationJob" name="editmaximumValidationNotes" time="5.548"/>
  <system-out/>
  <testcase classname="org.test.GlobalOrganizationJob" name="checkResponseCode" time="2.994"/>
  <system-out/>
  <testcase classname="org.test.GlobalOrganizationJob" name="updateButton" time="0.120"/>
  <system-out/>
  <testcase classname="org.test.GlobalOrganizationJob" name="editJobwithFromDateFromTime" time="11.714"/>
  <system-out/>
  <testcase classname="org.test.GlobalOrganizationJob" name="createJob_FromDateandTime_ToDateandTime" time="47.346"/>
  <system-out/>
  <testcase classname="org.test.GlobalOrganizationJob" name="jobScheduleStatus" time="0.268"/>
  <system-out/>
  <testcase classname="org.test.GlobalOrganizationJob" name="dispatchedJob" time="12.817"/>
  <system-out/>
  <testcase classname="org.test.GlobalOrganizationJob" name="jobDispatchedStatus" time="0.350"/>
  <system-out/>
  <testcase classname="org.test.GlobalOrganizationJob" name="startedJob" time="12.749"/>
  <system-out/>
  <testcase classname="org.test.GlobalOrganizationJob" name="jobStartedStatus" time="0.290"/>
  <system-out/>
  <testcase classname="org.test.GlobalOrganizationJob" name="completedJob" time="12.586"/>
  <system-out/>
  <testcase classname="org.test.GlobalOrganizationJob" name="jobCompleteStatus" time="0.288"/>
  <system-out/>
  <testcase classname="org.test.GlobalOrganizationJob" name="cancelledJob" time="12.608"/>
  <system-out/>
  <testcase classname="org.test.GlobalOrganizationJob" name="jobCancelledStatus" time="0.599"/>
  <system-out/>
  <testcase classname="org.test.GlobalOrganizationJob" name="searchCustomerName" time="3.034"/>
  <system-out/>
  <testcase classname="org.test.GlobalOrganizationJob" name="searchJobNo" time="3.506"/>
  <system-out/>
  <testcase classname="org.test.GlobalOrganizationJob" name="searchLocation" time="0.778"/>
  <system-out/>
  <testcase classname="org.test.GlobalOrganizationJob" name="searchFilterByDate" time="4.818"/>
  <system-out/>
  <testcase classname="org.test.GlobalOrganizationJob" name="searchInvalid" time="2.107"/>
>>>>>>> 6361b6d50a4a4e0bf2d80f33dbb5a7135919b164
  <system-out/>
</testsuite> <!-- org.test.GlobalOrganizationJob -->
