<?xml version="1.0" encoding="UTF-8"?>
<!-- Generated by org.testng.reporters.JUnitReportReporter -->
<testsuite hostname="DESKTOP-5M7AM2E" failures="0" tests="74" name="org.test.TeamCompanyContractor" time="111.257" errors="0" timestamp="2023-05-05T14:24:28 IST" skipped="0">
  <testcase classname="org.test.TeamCompanyContractor" name="verify" time="27.624"/>
  <system-out/>
  <testcase classname="org.test.TeamCompanyContractor" name="createLabel" time="4.314"/>
  <system-out/>
  <testcase classname="org.test.TeamCompanyContractor" name="verifyContractorNameMandatory" time="0.426"/>
  <system-out/>
  <testcase classname="org.test.TeamCompanyContractor" name="verifyContractorNumberMinValidation" time="0.250"/>
  <system-out/>
  <testcase classname="org.test.TeamCompanyContractor" name="verifyContractorEmailFormat" time="0.292"/>
  <system-out/>
  <testcase classname="org.test.TeamCompanyContractor" name="verifyContractorNumberMaxValidation" time="0.274"/>
  <system-out/>
  <testcase classname="org.test.TeamCompanyContractor" name="verifyFaxMinValidation" time="0.278"/>
  <system-out/>
  <testcase classname="org.test.TeamCompanyContractor" name="verifyFaxMaxValidation" time="0.269"/>
  <system-out/>
  <testcase classname="org.test.TeamCompanyContractor" name="verifyCpersonFirstNameMaxValidation" time="0.786"/>
  <system-out/>
  <testcase classname="org.test.TeamCompanyContractor" name="verifyCpersonLastNameMaxValidation" time="0.885"/>
  <system-out/>
  <testcase classname="org.test.TeamCompanyContractor" name="maxValidationLocationNameField" time="0.980"/>
  <system-out/>
  <testcase classname="org.test.TeamCompanyContractor" name="validateEmailField" time="0.297"/>
  <system-out/>
  <testcase classname="org.test.TeamCompanyContractor" name="maxValidationEmailField" time="0.760"/>
  <system-out/>
  <testcase classname="org.test.TeamCompanyContractor" name="minValidationPhoneNumberField" time="0.270"/>
  <system-out/>
  <testcase classname="org.test.TeamCompanyContractor" name="maxValidationPhoneNumberField" time="0.436"/>
  <system-out/>
  <testcase classname="org.test.TeamCompanyContractor" name="maxValidationAddress1Field" time="0.879"/>
  <system-out/>
  <testcase classname="org.test.TeamCompanyContractor" name="maxValidationAddress2Field" time="0.852"/>
  <system-out/>
  <testcase classname="org.test.TeamCompanyContractor" name="maxValidationStateField" time="1.062"/>
  <system-out/>
  <testcase classname="org.test.TeamCompanyContractor" name="maxValidationCityField" time="0.837"/>
  <system-out/>
  <testcase classname="org.test.TeamCompanyContractor" name="maxValidationZipcodeField" time="0.316"/>
  <system-out/>
  <testcase classname="org.test.TeamCompanyContractor" name="minValidationZipcodeField" time="0.243"/>
  <system-out/>
  <testcase classname="org.test.TeamCompanyContractor" name="characterValidationZipcodeField" time="0.239"/>
  <system-out/>
  <testcase classname="org.test.TeamCompanyContractor" name="maxValidationContactPerson" time="1.514"/>
  <system-out/>
  <testcase classname="org.test.TeamCompanyContractor" name="verifySaveButtonExist" time="0.063"/>
  <system-out/>
  <testcase classname="org.test.TeamCompanyContractor" name="createContract" time="8.995"/>
  <system-out/>
  <testcase classname="org.test.TeamCompanyContractor" name="companiesContractorCount" time="0.113"/>
  <system-out/>
  <testcase classname="org.test.TeamCompanyContractor" name="contractotCompanyNameExistedValidation" time="1.810"/>
  <system-out/>
  <testcase classname="org.test.TeamCompanyContractor" name="contractorAlreadyEmailValidation" time="4.536"/>
  <system-out/>
  <testcase classname="org.test.TeamCompanyContractor" name="searchCompanyNameListValidation" time="1.461"/>
  <system-out/>
  <testcase classname="org.test.TeamCompanyContractor" name="searchNameListValidation" time="1.411"/>
  <system-out/>
  <testcase classname="org.test.TeamCompanyContractor" name="searchEmailListValidation" time="1.489"/>
  <system-out/>
  <testcase classname="org.test.TeamCompanyContractor" name="searchPhoneNumberListValidation" time="1.416"/>
  <system-out/>
  <testcase classname="org.test.TeamCompanyContractor" name="invalidValidationData" time="1.314"/>
  <system-out/>
  <testcase classname="org.test.TeamCompanyContractor" name="editLable" time="3.688"/>
  <system-out/>
  <testcase classname="org.test.TeamCompanyContractor" name="contractorNamePrepopulate" time="0.062"/>
  <system-out/>
  <testcase classname="org.test.TeamCompanyContractor" name="firstNamePrepopulate" time="0.067"/>
  <system-out/>
  <testcase classname="org.test.TeamCompanyContractor" name="lastNamePrepopulate" time="0.054"/>
  <system-out/>
  <testcase classname="org.test.TeamCompanyContractor" name="emailPrepopulate" time="0.057"/>
  <system-out/>
  <testcase classname="org.test.TeamCompanyContractor" name="faxPrepopulate" time="0.060"/>
  <system-out/>
  <testcase classname="org.test.TeamCompanyContractor" name="phoneNumberPrepopulate" time="0.055"/>
  <system-out/>
  <testcase classname="org.test.TeamCompanyContractor" name="websitePrepopulate" time="0.212"/>
  <system-out/>
  <testcase classname="org.test.TeamCompanyContractor" name="locationNamePrepopulate" time="0.067"/>
  <system-out/>
  <testcase classname="org.test.TeamCompanyContractor" name="locationEmailPrepopulate" time="0.062"/>
  <system-out/>
  <testcase classname="org.test.TeamCompanyContractor" name="locationContactPersonPrepopulate" time="0.060"/>
  <system-out/>
  <testcase classname="org.test.TeamCompanyContractor" name="locationPhoneNumberPersonPrepopulate" time="0.060"/>
  <system-out/>
  <testcase classname="org.test.TeamCompanyContractor" name="locationAddress1Prepopulate" time="0.059"/>
  <system-out/>
  <testcase classname="org.test.TeamCompanyContractor" name="locationAddress2Prepopulate" time="0.058"/>
  <system-out/>
  <testcase classname="org.test.TeamCompanyContractor" name="locationCityPrepopulate" time="0.061"/>
  <system-out/>
  <testcase classname="org.test.TeamCompanyContractor" name="locationStatePrepopulate" time="0.061"/>
  <system-out/>
  <testcase classname="org.test.TeamCompanyContractor" name="locationZipcodePrepopulate" time="0.625"/>
  <system-out/>
  <testcase classname="org.test.TeamCompanyContractor" name="editverifyContractorNameMandatory" time="0.438"/>
  <system-out/>
  <testcase classname="org.test.TeamCompanyContractor" name="editverifyContractorNumberMinValidation" time="0.266"/>
  <system-out/>
  <testcase classname="org.test.TeamCompanyContractor" name="editverifyContractorEmailFormat" time="0.324"/>
  <system-out/>
  <testcase classname="org.test.TeamCompanyContractor" name="editverifyContractorNumberMaxValidation" time="0.342"/>
  <system-out/>
  <testcase classname="org.test.TeamCompanyContractor" name="editverifyFaxMinValidation" time="0.262"/>
  <system-out/>
  <testcase classname="org.test.TeamCompanyContractor" name="editverifyFaxMaxValidation" time="0.308"/>
  <system-out/>
  <testcase classname="org.test.TeamCompanyContractor" name="editverifyCpersonFirstNameMaxValidation" time="0.903"/>
  <system-out/>
  <testcase classname="org.test.TeamCompanyContractor" name="editverifyCpersonLastNameMaxValidation" time="1.423"/>
  <system-out/>
  <testcase classname="org.test.TeamCompanyContractor" name="editmaxValidationLocationNameField" time="0.814"/>
  <system-out/>
  <testcase classname="org.test.TeamCompanyContractor" name="editvalidateEmailField" time="0.277"/>
  <system-out/>
  <testcase classname="org.test.TeamCompanyContractor" name="editmaxValidationEmailField" time="0.961"/>
  <system-out/>
  <testcase classname="org.test.TeamCompanyContractor" name="editminValidationPhoneNumberField" time="0.302"/>
  <system-out/>
  <testcase classname="org.test.TeamCompanyContractor" name="editmaxValidationPhoneNumberField" time="0.347"/>
  <system-out/>
  <testcase classname="org.test.TeamCompanyContractor" name="editmaxValidationAddress1Field" time="0.925"/>
  <system-out/>
  <testcase classname="org.test.TeamCompanyContractor" name="editmaxValidationAddress2Field" time="0.903"/>
  <system-out/>
  <testcase classname="org.test.TeamCompanyContractor" name="editmaxValidationStateField" time="0.860"/>
  <system-out/>
  <testcase classname="org.test.TeamCompanyContractor" name="editmaxValidationCityField" time="0.912"/>
  <system-out/>
  <testcase classname="org.test.TeamCompanyContractor" name="editmaxValidationZipcodeField" time="0.294"/>
  <system-out/>
  <testcase classname="org.test.TeamCompanyContractor" name="editminValidationZipcodeField" time="0.262"/>
  <system-out/>
  <testcase classname="org.test.TeamCompanyContractor" name="editcharacterValidationZipcodeField" time="0.240"/>
  <system-out/>
  <testcase classname="org.test.TeamCompanyContractor" name="editmaxValidationContactPerson" time="1.482"/>
  <system-out/>
  <testcase classname="org.test.TeamCompanyContractor" name="verifyUpdateButtonExist" time="0.068"/>
  <system-out/>
  <testcase classname="org.test.TeamCompanyContractor" name="UpdateContract" time="8.966"/>
  <system-out/>
  <testcase classname="org.test.TeamCompanyContractor" name="deleteContractorDetails" time="17.319"/>
  <system-out/>
</testsuite> <!-- org.test.TeamCompanyContractor -->
