<?xml version="1.0" encoding="UTF-8"?>
<!-- Generated by org.testng.reporters.JUnitReportReporter -->
<testsuite hostname="DESKTOP-5M7AM2E" failures="0" tests="26" name="org.test.TaxModule" time="201.459" errors="0" timestamp="2023-05-12T15:10:56 IST" skipped="0">
  <testcase classname="org.test.TaxModule" name="loginPage" time="46.857"/>
  <system-out/>
  <testcase classname="org.test.TaxModule" name="settingModule" time="1.508"/>
  <system-out/>
  <testcase classname="org.test.TaxModule" name="createFormLabel" time="1.046"/>
  <system-out/>
  <testcase classname="org.test.TaxModule" name="mandatoryValidationTaxName" time="0.296"/>
  <system-out/>
  <testcase classname="org.test.TaxModule" name="mandatoryValidationDescription" time="0.084"/>
  <system-out/>
  <testcase classname="org.test.TaxModule" name="maximumValidationProductName" time="8.850"/>
  <system-out/>
  <testcase classname="org.test.TaxModule" name="maximumValidationTaxPercentage" time="7.796"/>
  <system-out/>
  <testcase classname="org.test.TaxModule" name="subTaxPercentageEqual" time="7.747"/>
  <system-out/>
  <testcase classname="org.test.TaxModule" name="subTaxNameUnique" time="6.595"/>
  <system-out/>
  <testcase classname="org.test.TaxModule" name="createButton" time="0.118"/>
  <system-out/>
  <testcase classname="org.test.TaxModule" name="createTax" time="7.575"/>
  <system-out/>
  <testcase classname="org.test.TaxModule" name="uniqueValidationTaxName" time="7.865"/>
  <system-out/>
  <testcase classname="org.test.TaxModule" name="createdTaxList" time="0.080"/>
  <system-out/>
  <testcase classname="org.test.TaxModule" name="editFormLabel" time="3.217"/>
  <system-out/>
  <testcase classname="org.test.TaxModule" name="editmandatoryValidationTaxName" time="0.268"/>
  <system-out/>
  <testcase classname="org.test.TaxModule" name="editmandatoryValidationDescription" time="0.074"/>
  <system-out/>
  <testcase classname="org.test.TaxModule" name="editmaximumValidationProductName" time="8.417"/>
  <system-out/>
  <testcase classname="org.test.TaxModule" name="editmaximumValidationTaxPercentage" time="7.341"/>
  <system-out/>
  <testcase classname="org.test.TaxModule" name="editsubTaxNameUnique" time="6.555"/>
  <system-out/>
  <testcase classname="org.test.TaxModule" name="editsubTaxPercentageEqual" time="7.897"/>
  <system-out/>
  <testcase classname="org.test.TaxModule" name="updateButton" time="0.103"/>
  <system-out/>
  <testcase classname="org.test.TaxModule" name="updatedTax" time="8.273"/>
  <system-out/>
  <testcase classname="org.test.TaxModule" name="deleteTax" time="7.188"/>
  <system-out/>
  <testcase classname="org.test.TaxModule" name="updatedTaxList" time="17.804"/>
  <system-out/>
  <testcase classname="org.test.TaxModule" name="createdTaxRefectProductService" time="33.556"/>
  <system-out/>
  <testcase classname="org.test.TaxModule" name="editTaxRefectProductService" time="4.349"/>
  <system-out/>
</testsuite> <!-- org.test.TaxModule -->
