<?xml version="1.0" encoding="UTF-8"?>
<!-- Generated by org.testng.reporters.JUnitReportReporter -->
<testsuite hostname="DESKTOP-5M7AM2E" failures="0" tests="48" name="org.test.CustomerOrganizationJob" time="281.910" errors="0" timestamp="2023-04-23T22:29:52 IST" skipped="0">
  <testcase classname="org.test.CustomerOrganizationJob" name="loginPage" time="35.919"/>
  <system-out/>
  <testcase classname="org.test.CustomerOrganizationJob" name="contactModule" time="5.244"/>
  <system-out/>
  <testcase classname="org.test.CustomerOrganizationJob" name="createOrganization" time="21.552"/>
  <system-out/>
  <testcase classname="org.test.CustomerOrganizationJob" name="listabelValidation" time="11.777"/>
  <system-out/>
  <testcase classname="org.test.CustomerOrganizationJob" name="labelValidation" time="1.359"/>
  <system-out/>
  <testcase classname="org.test.CustomerOrganizationJob" name="namePrepopulation" time="3.256"/>
  <system-out/>
  <testcase classname="org.test.CustomerOrganizationJob" name="autoCompleteOrganizationContactCreation" time="12.047"/>
  <system-out/>
  <testcase classname="org.test.CustomerOrganizationJob" name="mandatoryValidationLocation" time="0.255"/>
  <system-out/>
  <testcase classname="org.test.CustomerOrganizationJob" name="maximumValidationLocation" time="4.331"/>
  <system-out/>
  <testcase classname="org.test.CustomerOrganizationJob" name="maximumValidationTittle" time="3.726"/>
  <system-out/>
  <testcase classname="org.test.CustomerOrganizationJob" name="mandatoryValidationDescription" time="0.070"/>
  <system-out/>
  <testcase classname="org.test.CustomerOrganizationJob" name="maximumValidationDescription" time="3.368"/>
  <system-out/>
  <testcase classname="org.test.CustomerOrganizationJob" name="maximumTagValidation" time="0.642"/>
  <system-out/>
  <testcase classname="org.test.CustomerOrganizationJob" name="duplicateTagsValidation" time="0.216"/>
  <system-out/>
  <testcase classname="org.test.CustomerOrganizationJob" name="maxTagLimitValidation" time="14.468"/>
  <system-out/>
  <testcase classname="org.test.CustomerOrganizationJob" name="maximumValidationNotes" time="3.451"/>
  <system-out/>
  <testcase classname="org.test.CustomerOrganizationJob" name="createButton" time="0.067"/>
  <system-out/>
  <testcase classname="org.test.CustomerOrganizationJob" name="unsssignedJob" time="14.191"/>
  <system-out/>
  <testcase classname="org.test.CustomerOrganizationJob" name="jobCreatedCount" time="0.131"/>
  <system-out/>
  <testcase classname="org.test.CustomerOrganizationJob" name="jobUnassignedStatus" time="0.098"/>
  <system-out/>
  <testcase classname="org.test.CustomerOrganizationJob" name="labelEditValidation" time="7.728"/>
  <system-out/>
  <testcase classname="org.test.CustomerOrganizationJob" name="editmandatoryValidationLocation" time="0.318"/>
  <system-out/>
  <testcase classname="org.test.CustomerOrganizationJob" name="editmaximumValidationLocation" time="4.614"/>
  <system-out/>
  <testcase classname="org.test.CustomerOrganizationJob" name="editmaximumValidationTittle" time="3.964"/>
  <system-out/>
  <testcase classname="org.test.CustomerOrganizationJob" name="editmandatoryValidationDescription" time="0.110"/>
  <system-out/>
  <testcase classname="org.test.CustomerOrganizationJob" name="editmaximumValidationDescription" time="3.655"/>
  <system-out/>
  <testcase classname="org.test.CustomerOrganizationJob" name="editmaximumTagValidation" time="0.618"/>
  <system-out/>
  <testcase classname="org.test.CustomerOrganizationJob" name="editduplicateTagsValidation" time="0.378"/>
  <system-out/>
  <testcase classname="org.test.CustomerOrganizationJob" name="editmaxTagLimitValidation" time="14.237"/>
  <system-out/>
  <testcase classname="org.test.CustomerOrganizationJob" name="editmaximumValidationNotes" time="3.687"/>
  <system-out/>
  <testcase classname="org.test.CustomerOrganizationJob" name="updateButton" time="0.068"/>
  <system-out/>
  <testcase classname="org.test.CustomerOrganizationJob" name="editJobwithFromDateFromTime" time="12.022"/>
  <system-out/>
  <testcase classname="org.test.CustomerOrganizationJob" name="createJob_FromDateandTime_ToDateandTime" time="17.413"/>
  <system-out/>
  <testcase classname="org.test.CustomerOrganizationJob" name="jobScheduleStatus" time="0.097"/>
  <system-out/>
  <testcase classname="org.test.CustomerOrganizationJob" name="dispatchedJob" time="12.485"/>
  <system-out/>
  <testcase classname="org.test.CustomerOrganizationJob" name="jobDispatchedStatus" time="0.095"/>
  <system-out/>
  <testcase classname="org.test.CustomerOrganizationJob" name="startedJob" time="11.954"/>
  <system-out/>
  <testcase classname="org.test.CustomerOrganizationJob" name="jobStartedStatus" time="0.093"/>
  <system-out/>
  <testcase classname="org.test.CustomerOrganizationJob" name="completedJob" time="12.468"/>
  <system-out/>
  <testcase classname="org.test.CustomerOrganizationJob" name="jobCompletedStatus" time="0.085"/>
  <system-out/>
  <testcase classname="org.test.CustomerOrganizationJob" name="cancelledJob" time="12.551"/>
  <system-out/>
  <testcase classname="org.test.CustomerOrganizationJob" name="jobCancelledStatus" time="0.098"/>
  <system-out/>
  <testcase classname="org.test.CustomerOrganizationJob" name="jobDraftStatus" time="10.814"/>
  <system-out/>
  <testcase classname="org.test.CustomerOrganizationJob" name="deletedJob" time="7.439"/>
  <system-out/>
  <testcase classname="org.test.CustomerOrganizationJob" name="searchJobNo" time="2.290"/>
  <system-out/>
  <testcase classname="org.test.CustomerOrganizationJob" name="searchLocation" time="2.330"/>
  <system-out/>
  <testcase classname="org.test.CustomerOrganizationJob" name="searchFilterByDate" time="2.339"/>
  <system-out/>
  <testcase classname="org.test.CustomerOrganizationJob" name="searchInvalid" time="1.792"/>
  <system-out/>
</testsuite> <!-- org.test.CustomerOrganizationJob -->
