<?xml version="1.0" encoding="UTF-8"?>
<!-- Generated by org.testng.reporters.JUnitReportReporter -->
<testsuite hostname="DESKTOP-5M7AM2E" failures="0" tests="10" name="org.enhancement.CustomerOrganizationJob" time="185.161" errors="0" timestamp="2023-06-04T11:22:12 IST" skipped="0">
  <testcase classname="org.enhancement.CustomerOrganizationJob" name="loginPage" time="25.295"/>
  <system-out/>
  <testcase classname="org.enhancement.CustomerOrganizationJob" name="contactModule" time="8.408"/>
  <system-out/>
  <testcase classname="org.enhancement.CustomerOrganizationJob" name="createOrganization" time="23.854"/>
  <system-out/>
  <testcase classname="org.enhancement.CustomerOrganizationJob" name="listabelValidation" time="13.379"/>
  <system-out/>
  <testcase classname="org.enhancement.CustomerOrganizationJob" name="labelValidation" time="1.420"/>
  <system-out/>
  <testcase classname="org.enhancement.CustomerOrganizationJob" name="createJob_FromDateandTime_ToDateandTime" time="22.140"/>
  <system-out/>
  <testcase classname="org.enhancement.CustomerOrganizationJob" name="createJob_FromDateandTime_ToDateandTime" time="21.650"/>
  <system-out/>
  <testcase classname="org.enhancement.CustomerOrganizationJob" name="createJob_FromDateandTime_ToDateandTime" time="22.262"/>
  <system-out/>
  <testcase classname="org.enhancement.CustomerOrganizationJob" name="createJob_FromDateandTime_ToDateandTime" time="22.779"/>
  <system-out/>
  <testcase classname="org.enhancement.CustomerOrganizationJob" name="createJob_FromDateandTime_ToDateandTime" time="23.974"/>
  <system-out/>
</testsuite> <!-- org.enhancement.CustomerOrganizationJob -->
