<?xml version="1.0" encoding="UTF-8"?>
<!-- Generated by org.testng.reporters.JUnitReportReporter -->
<testsuite hostname="DESKTOP-5M7AM2E" failures="0" tests="74" name="org.test.TeamCompanyContractor" time="125.461" errors="0" timestamp="2023-05-02T16:00:27 IST" skipped="0">
  <testcase classname="org.test.TeamCompanyContractor" name="verify" time="34.877"/>
  <system-out/>
  <testcase classname="org.test.TeamCompanyContractor" name="createLabel" time="4.064"/>
  <system-out/>
  <testcase classname="org.test.TeamCompanyContractor" name="verifyContractorNameMandatory" time="0.478"/>
  <system-out/>
  <testcase classname="org.test.TeamCompanyContractor" name="verifyContractorNumberMinValidation" time="0.299"/>
  <system-out/>
  <testcase classname="org.test.TeamCompanyContractor" name="verifyContractorEmailFormat" time="0.292"/>
  <system-out/>
  <testcase classname="org.test.TeamCompanyContractor" name="verifyContractorNumberMaxValidation" time="0.282"/>
  <system-out/>
  <testcase classname="org.test.TeamCompanyContractor" name="verifyFaxMinValidation" time="0.275"/>
  <system-out/>
  <testcase classname="org.test.TeamCompanyContractor" name="verifyFaxMaxValidation" time="0.252"/>
  <system-out/>
  <testcase classname="org.test.TeamCompanyContractor" name="verifyCpersonFirstNameMaxValidation" time="0.863"/>
  <system-out/>
  <testcase classname="org.test.TeamCompanyContractor" name="verifyCpersonLastNameMaxValidation" time="1.030"/>
  <system-out/>
  <testcase classname="org.test.TeamCompanyContractor" name="maxValidationLocationNameField" time="0.949"/>
  <system-out/>
  <testcase classname="org.test.TeamCompanyContractor" name="validateEmailField" time="0.338"/>
  <system-out/>
  <testcase classname="org.test.TeamCompanyContractor" name="maxValidationEmailField" time="0.855"/>
  <system-out/>
  <testcase classname="org.test.TeamCompanyContractor" name="minValidationPhoneNumberField" time="0.286"/>
  <system-out/>
  <testcase classname="org.test.TeamCompanyContractor" name="maxValidationPhoneNumberField" time="0.285"/>
  <system-out/>
  <testcase classname="org.test.TeamCompanyContractor" name="maxValidationAddress1Field" time="0.915"/>
  <system-out/>
  <testcase classname="org.test.TeamCompanyContractor" name="maxValidationAddress2Field" time="0.791"/>
  <system-out/>
  <testcase classname="org.test.TeamCompanyContractor" name="maxValidationStateField" time="0.698"/>
  <system-out/>
  <testcase classname="org.test.TeamCompanyContractor" name="maxValidationCityField" time="0.719"/>
  <system-out/>
  <testcase classname="org.test.TeamCompanyContractor" name="maxValidationZipcodeField" time="0.232"/>
  <system-out/>
  <testcase classname="org.test.TeamCompanyContractor" name="minValidationZipcodeField" time="0.159"/>
  <system-out/>
  <testcase classname="org.test.TeamCompanyContractor" name="characterValidationZipcodeField" time="0.186"/>
  <system-out/>
  <testcase classname="org.test.TeamCompanyContractor" name="maxValidationContactPerson" time="1.384"/>
  <system-out/>
  <testcase classname="org.test.TeamCompanyContractor" name="verifySaveButtonExist" time="0.065"/>
  <system-out/>
  <testcase classname="org.test.TeamCompanyContractor" name="createContract" time="9.100"/>
  <system-out/>
  <testcase classname="org.test.TeamCompanyContractor" name="companiesContractorCount" time="0.294"/>
  <system-out/>
  <testcase classname="org.test.TeamCompanyContractor" name="contractotCompanyNameExistedValidation" time="2.223"/>
  <system-out/>
  <testcase classname="org.test.TeamCompanyContractor" name="contractorAlreadyEmailValidation" time="4.917"/>
  <system-out/>
  <testcase classname="org.test.TeamCompanyContractor" name="searchCompanyNameListValidation" time="1.730"/>
  <system-out/>
  <testcase classname="org.test.TeamCompanyContractor" name="searchNameListValidation" time="1.677"/>
  <system-out/>
  <testcase classname="org.test.TeamCompanyContractor" name="searchEmailListValidation" time="1.588"/>
  <system-out/>
  <testcase classname="org.test.TeamCompanyContractor" name="searchPhoneNumberListValidation" time="1.485"/>
  <system-out/>
  <testcase classname="org.test.TeamCompanyContractor" name="invalidValidationData" time="1.410"/>
  <system-out/>
  <testcase classname="org.test.TeamCompanyContractor" name="editLable" time="7.671"/>
  <system-out/>
  <testcase classname="org.test.TeamCompanyContractor" name="contractorNamePrepopulate" time="0.097"/>
  <system-out/>
  <testcase classname="org.test.TeamCompanyContractor" name="firstNamePrepopulate" time="0.101"/>
  <system-out/>
  <testcase classname="org.test.TeamCompanyContractor" name="lastNamePrepopulate" time="0.107"/>
  <system-out/>
  <testcase classname="org.test.TeamCompanyContractor" name="emailPrepopulate" time="0.084"/>
  <system-out/>
  <testcase classname="org.test.TeamCompanyContractor" name="faxPrepopulate" time="0.103"/>
  <system-out/>
  <testcase classname="org.test.TeamCompanyContractor" name="phoneNumberPrepopulate" time="0.117"/>
  <system-out/>
  <testcase classname="org.test.TeamCompanyContractor" name="websitePrepopulate" time="0.277"/>
  <system-out/>
  <testcase classname="org.test.TeamCompanyContractor" name="locationNamePrepopulate" time="0.091"/>
  <system-out/>
  <testcase classname="org.test.TeamCompanyContractor" name="locationEmailPrepopulate" time="0.100"/>
  <system-out/>
  <testcase classname="org.test.TeamCompanyContractor" name="locationContactPersonPrepopulate" time="0.087"/>
  <system-out/>
  <testcase classname="org.test.TeamCompanyContractor" name="locationPhoneNumberPersonPrepopulate" time="0.118"/>
  <system-out/>
  <testcase classname="org.test.TeamCompanyContractor" name="locationAddress1Prepopulate" time="0.088"/>
  <system-out/>
  <testcase classname="org.test.TeamCompanyContractor" name="locationAddress2Prepopulate" time="0.074"/>
  <system-out/>
  <testcase classname="org.test.TeamCompanyContractor" name="locationCityPrepopulate" time="0.079"/>
  <system-out/>
  <testcase classname="org.test.TeamCompanyContractor" name="locationStatePrepopulate" time="0.081"/>
  <system-out/>
  <testcase classname="org.test.TeamCompanyContractor" name="locationZipcodePrepopulate" time="0.899"/>
  <system-out/>
  <testcase classname="org.test.TeamCompanyContractor" name="editverifyContractorNameMandatory" time="0.509"/>
  <system-out/>
  <testcase classname="org.test.TeamCompanyContractor" name="editverifyContractorNumberMinValidation" time="0.283"/>
  <system-out/>
  <testcase classname="org.test.TeamCompanyContractor" name="editverifyContractorEmailFormat" time="0.290"/>
  <system-out/>
  <testcase classname="org.test.TeamCompanyContractor" name="editverifyContractorNumberMaxValidation" time="0.394"/>
  <system-out/>
  <testcase classname="org.test.TeamCompanyContractor" name="editverifyFaxMinValidation" time="0.268"/>
  <system-out/>
  <testcase classname="org.test.TeamCompanyContractor" name="editverifyFaxMaxValidation" time="0.289"/>
  <system-out/>
  <testcase classname="org.test.TeamCompanyContractor" name="editverifyCpersonFirstNameMaxValidation" time="0.852"/>
  <system-out/>
  <testcase classname="org.test.TeamCompanyContractor" name="editverifyCpersonLastNameMaxValidation" time="1.641"/>
  <system-out/>
  <testcase classname="org.test.TeamCompanyContractor" name="editmaxValidationLocationNameField" time="0.845"/>
  <system-out/>
  <testcase classname="org.test.TeamCompanyContractor" name="editvalidateEmailField" time="0.274"/>
  <system-out/>
  <testcase classname="org.test.TeamCompanyContractor" name="editmaxValidationEmailField" time="0.868"/>
  <system-out/>
  <testcase classname="org.test.TeamCompanyContractor" name="editminValidationPhoneNumberField" time="0.268"/>
  <system-out/>
  <testcase classname="org.test.TeamCompanyContractor" name="editmaxValidationPhoneNumberField" time="0.271"/>
  <system-out/>
  <testcase classname="org.test.TeamCompanyContractor" name="editmaxValidationAddress1Field" time="0.868"/>
  <system-out/>
  <testcase classname="org.test.TeamCompanyContractor" name="editmaxValidationAddress2Field" time="0.902"/>
  <system-out/>
  <testcase classname="org.test.TeamCompanyContractor" name="editmaxValidationStateField" time="0.859"/>
  <system-out/>
  <testcase classname="org.test.TeamCompanyContractor" name="editmaxValidationCityField" time="0.921"/>
  <system-out/>
  <testcase classname="org.test.TeamCompanyContractor" name="editmaxValidationZipcodeField" time="0.291"/>
  <system-out/>
  <testcase classname="org.test.TeamCompanyContractor" name="editminValidationZipcodeField" time="0.213"/>
  <system-out/>
  <testcase classname="org.test.TeamCompanyContractor" name="editcharacterValidationZipcodeField" time="0.228"/>
  <system-out/>
  <testcase classname="org.test.TeamCompanyContractor" name="editmaxValidationContactPerson" time="1.488"/>
  <system-out/>
  <testcase classname="org.test.TeamCompanyContractor" name="verifyUpdateButtonExist" time="0.091"/>
  <system-out/>
  <testcase classname="org.test.TeamCompanyContractor" name="UpdateContract" time="9.629"/>
  <system-out/>
  <testcase classname="org.test.TeamCompanyContractor" name="deleteContractorDetails" time="17.747"/>
  <system-out/>
</testsuite> <!-- org.test.TeamCompanyContractor -->
