<?xml version="1.0" encoding="UTF-8"?>
<!-- Generated by org.testng.reporters.JUnitReportReporter -->
<testsuite hostname="DESKTOP-5M7AM2E" failures="0" tests="29" name="org.test.CustomerContactJob" time="208.014" errors="0" timestamp="2023-01-10T19:31:44 IST" skipped="0">
  <testcase classname="org.test.CustomerContactJob" name="loginPage" time="27.550"/>
  <system-out/>
  <testcase classname="org.test.CustomerContactJob" name="contactModule" time="9.447"/>
  <system-out/>
  <testcase classname="org.test.CustomerContactJob" name="CreateContact" time="12.818"/>
  <system-out/>
  <testcase classname="org.test.CustomerContactJob" name="labelValidation" time="11.261"/>
  <system-out/>
  <testcase classname="org.test.CustomerContactJob" name="maximumValidationTittle" time="4.411"/>
  <system-out/>
  <testcase classname="org.test.CustomerContactJob" name="mandatoryValidationDescription" time="0.278"/>
  <system-out/>
  <testcase classname="org.test.CustomerContactJob" name="maximumValidationDescription" time="6.620"/>
  <system-out/>
  <testcase classname="org.test.CustomerContactJob" name="maximumTagValidation" time="1.178"/>
  <system-out/>
  <testcase classname="org.test.CustomerContactJob" name="duplicateTagsValidation" time="0.596"/>
  <system-out/>
  <testcase classname="org.test.CustomerContactJob" name="maxTagLimitValidation" time="11.390"/>
  <system-out/>
  <testcase classname="org.test.CustomerContactJob" name="maximumValidationNotes" time="6.828"/>
  <system-out/>
  <testcase classname="org.test.CustomerContactJob" name="unsssignedJob" time="11.329"/>
  <system-out/>
  <testcase classname="org.test.CustomerContactJob" name="jobUnassignedStatus" time="1.644"/>
  <system-out/>
  <testcase classname="org.test.CustomerContactJob" name="editJobwithFromDateFromTime" time="38.317"/>
  <system-out/>
  <testcase classname="org.test.CustomerContactJob" name="createJob_FromDateandTime_ToDateandTime" time="18.329"/>
  <system-out/>
  <testcase classname="org.test.CustomerContactJob" name="jobScheduleStatus" time="1.657"/>
  <system-out/>
  <testcase classname="org.test.CustomerContactJob" name="dispatchedJob" time="3.632"/>
  <system-out/>
  <testcase classname="org.test.CustomerContactJob" name="jobDispatchedStatus" time="1.632"/>
  <system-out/>
  <testcase classname="org.test.CustomerContactJob" name="startedJob" time="4.096"/>
  <system-out/>
  <testcase classname="org.test.CustomerContactJob" name="jobStartedStatus" time="0.076"/>
  <system-out/>
  <testcase classname="org.test.CustomerContactJob" name="completedJob" time="4.197"/>
  <system-out/>
  <testcase classname="org.test.CustomerContactJob" name="cancelledJob" time="5.249"/>
  <system-out/>
  <testcase classname="org.test.CustomerContactJob" name="jobCancelledStatus" time="0.390"/>
  <system-out/>
  <testcase classname="org.test.CustomerContactJob" name="jobDraftStatus" time="7.577"/>
  <system-out/>
  <testcase classname="org.test.CustomerContactJob" name="deletedJob" time="2.085"/>
  <system-out/>
  <testcase classname="org.test.CustomerContactJob" name="searchJobNo" time="3.249"/>
  <system-out/>
  <testcase classname="org.test.CustomerContactJob" name="searchLocation" time="4.886"/>
  <system-out/>
  <testcase classname="org.test.CustomerContactJob" name="searchFilterByDate" time="5.470"/>
  <system-out/>
  <testcase classname="org.test.CustomerContactJob" name="searchInvalid" time="1.822"/>
  <system-out/>
</testsuite> <!-- org.test.CustomerContactJob -->
