<?xml version="1.0" encoding="UTF-8"?>
<!-- Generated by org.testng.reporters.JUnitReportReporter -->
<testsuite hostname="DESKTOP-5M7AM2E" failures="0" tests="20" name="org.test.BusinessUnit" time="149.728" errors="0" timestamp="2023-06-22T13:28:55 IST" skipped="0">
  <testcase classname="org.test.BusinessUnit" name="loginPage" time="26.510"/>
  <system-out/>
  <testcase classname="org.test.BusinessUnit" name="settingModule" time="5.231"/>
  <system-out/>
  <testcase classname="org.test.BusinessUnit" name="businessUnitLabel" time="0.591"/>
  <system-out/>
  <testcase classname="org.test.BusinessUnit" name="createFormLabel" time="0.368"/>
  <system-out/>
  <testcase classname="org.test.BusinessUnit" name="mandatoryValidation" time="0.384"/>
  <system-out/>
  <testcase classname="org.test.BusinessUnit" name="maximumValidationBussinessUnit" time="14.091"/>
  <system-out/>
  <testcase classname="org.test.BusinessUnit" name="verifySaveButtonExist" time="0.428"/>
  <system-out/>
  <testcase classname="org.test.BusinessUnit" name="businessCreate" time="8.364"/>
  <system-out/>
  <testcase classname="org.test.BusinessUnit" name="businessCreateList" time="0.071"/>
  <system-out/>
  <testcase classname="org.test.BusinessUnit" name="activeStatus" time="0.075"/>
  <system-out/>
  <testcase classname="org.test.BusinessUnit" name="alreadyExists" time="1.888"/>
  <system-out/>
  <testcase classname="org.test.BusinessUnit" name="editFormLabel" time="3.236"/>
  <system-out/>
  <testcase classname="org.test.BusinessUnit" name="editmandatoryValidation" time="0.326"/>
  <system-out/>
  <testcase classname="org.test.BusinessUnit" name="editmaximumValidationBussinessUnit" time="14.231"/>
  <system-out/>
  <testcase classname="org.test.BusinessUnit" name="verifyUpdateButtonExist" time="0.224"/>
  <system-out/>
  <testcase classname="org.test.BusinessUnit" name="businessUpdate" time="8.389"/>
  <system-out/>
  <testcase classname="org.test.BusinessUnit" name="deleteBusinessUnit" time="16.204"/>
  <system-out/>
  <testcase classname="org.test.BusinessUnit" name="reflectCreateContactPage" time="22.587"/>
  <system-out/>
  <testcase classname="org.test.BusinessUnit" name="inactiveLeadSource" time="18.095"/>
  <system-out/>
  <testcase classname="org.test.BusinessUnit" name="deleteLeadSource" time="8.435"/>
  <system-out/>
</testsuite> <!-- org.test.BusinessUnit -->
