<?xml version="1.0" encoding="UTF-8"?>
<!-- Generated by org.testng.reporters.JUnitReportReporter -->
<testsuite hostname="DESKTOP-5M7AM2E" failures="0" tests="19" name="org.test.BillingInformation" time="60.025" errors="0" timestamp="2023-06-24T16:51:45 IST" skipped="0">
  <testcase classname="org.test.BillingInformation" name="loginPage" time="31.176"/>
  <system-out/>
  <testcase classname="org.test.BillingInformation" name="modulepage" time="16.892"/>
  <system-out/>
  <testcase classname="org.test.BillingInformation" name="errorMessageforMandatoryFirstName" time="0.232"/>
  <system-out/>
  <testcase classname="org.test.BillingInformation" name="errorMessageforMandatoryLastName" time="0.202"/>
  <system-out/>
  <testcase classname="org.test.BillingInformation" name="errorMessageforMandatoryEmail" time="0.187"/>
  <system-out/>
  <testcase classname="org.test.BillingInformation" name="errorMessageforMandatoryCompanyName" time="0.205"/>
  <system-out/>
  <testcase classname="org.test.BillingInformation" name="errorMessageforMandatoryAddressone" time="0.186"/>
  <system-out/>
  <testcase classname="org.test.BillingInformation" name="errorMessageforMandatoryState" time="0.193"/>
  <system-out/>
  <testcase classname="org.test.BillingInformation" name="errorMessageforMandatoryCity" time="0.197"/>
  <system-out/>
  <testcase classname="org.test.BillingInformation" name="errorMessageforMandatoryZipcode" time="0.210"/>
  <system-out/>
  <testcase classname="org.test.BillingInformation" name="errorMessageforInvalidEmail" time="0.393"/>
  <system-out/>
  <testcase classname="org.test.BillingInformation" name="errorMessageforMaxFirstName" time="0.997"/>
  <system-out/>
  <testcase classname="org.test.BillingInformation" name="errorMessageforMaxLastName" time="0.939"/>
  <system-out/>
  <testcase classname="org.test.BillingInformation" name="errorMessageforMaxCompanytName" time="1.088"/>
  <system-out/>
  <testcase classname="org.test.BillingInformation" name="errorMessageforMaxAddressName" time="0.982"/>
  <system-out/>
  <testcase classname="org.test.BillingInformation" name="errorMessageforMaxCityName" time="1.060"/>
  <system-out/>
  <testcase classname="org.test.BillingInformation" name="errorMessageforMaxStateName" time="1.114"/>
  <system-out/>
  <testcase classname="org.test.BillingInformation" name="errorMessageforMaxZipcode" time="0.449"/>
  <system-out/>
  <testcase classname="org.test.BillingInformation" name="verifythePaymentPage" time="3.323"/>
  <system-out/>
</testsuite> <!-- org.test.BillingInformation -->
