<?xml version="1.0" encoding="UTF-8"?>
<!-- Generated by org.testng.reporters.JUnitReportReporter -->
<testsuite hostname="DESKTOP-5M7AM2E" failures="0" tests="8" name="org.enhancement.CategoryModule" time="93.314" errors="0" timestamp="2023-06-19T18:33:28 IST" skipped="0">
  <testcase classname="org.enhancement.CategoryModule" name="loginPage" time="46.453"/>
  <system-out/>
  <testcase classname="org.enhancement.CategoryModule" name="settingModule" time="2.038"/>
  <system-out/>
  <testcase classname="org.enhancement.CategoryModule" name="createFormLabel" time="1.469"/>
  <system-out/>
  <testcase classname="org.enhancement.CategoryModule" name="createCategoryProduct" time="8.479"/>
  <system-out/>
  <testcase classname="org.enhancement.CategoryModule" name="createCategoryProduct" time="8.550"/>
  <system-out/>
  <testcase classname="org.enhancement.CategoryModule" name="createCategoryProduct" time="8.448"/>
  <system-out/>
  <testcase classname="org.enhancement.CategoryModule" name="createCategoryProduct" time="8.938"/>
  <system-out/>
  <testcase classname="org.enhancement.CategoryModule" name="createCategoryProduct" time="8.939"/>
  <system-out/>
</testsuite> <!-- org.enhancement.CategoryModule -->
