<?xml version="1.0" encoding="UTF-8"?>
<!-- Generated by org.testng.reporters.JUnitReportReporter -->
<testsuite hostname="DESKTOP-5M7AM2E" failures="0" tests="70" name="org.test.CustomerContactInvoice" time="437.970" errors="0" timestamp="2023-06-21T14:28:14 IST" skipped="6">
  <testcase classname="org.test.CustomerContactInvoice" name="loginPage" time="32.935"/>
  <system-out/>
  <testcase classname="org.test.CustomerContactInvoice" name="contactModule" time="5.226"/>
  <system-out/>
  <testcase classname="org.test.CustomerContactInvoice" name="CreateContact" time="13.724"/>
  <system-out/>
  <testcase classname="org.test.CustomerContactInvoice" name="labelValidation" time="6.832"/>
  <system-out/>
  <testcase classname="org.test.CustomerContactInvoice" name="namePrepopulation" time="1.184"/>
  <system-out/>
  <testcase classname="org.test.CustomerContactInvoice" name="mandatoryValidationDeuDate" time="0.724"/>
  <system-out/>
  <testcase classname="org.test.CustomerContactInvoice" name="mandatoryValidationInventoryItem" time="0.092"/>
  <system-out/>
  <testcase classname="org.test.CustomerContactInvoice" name="mandatoryValidationQunatity" time="0.090"/>
  <system-out/>
  <testcase classname="org.test.CustomerContactInvoice" name="mandatoryValidationPrice" time="0.085"/>
  <system-out/>
  <testcase classname="org.test.CustomerContactInvoice" name="mandatoryValidationDescription" time="0.090"/>
  <system-out/>
  <testcase classname="org.test.CustomerContactInvoice" name="maximumValidationReference" time="1.257"/>
  <system-out/>
  <testcase classname="org.test.CustomerContactInvoice" name="maximumValidationInvoiceTittle" time="0.722"/>
  <system-out/>
  <testcase classname="org.test.CustomerContactInvoice" name="maximumValidationInventoryItem" time="1.088"/>
  <system-out/>
  <testcase classname="org.test.CustomerContactInvoice" name="emptyValidationQuantityField" time="0.313"/>
  <system-out/>
  <testcase classname="org.test.CustomerContactInvoice" name="maxQuanitityLimit" time="0.359"/>
  <system-out/>
  <testcase classname="org.test.CustomerContactInvoice" name="afterDecimalPointValidationQuantityField" time="0.279"/>
  <system-out/>
  <testcase classname="org.test.CustomerContactInvoice" name="beforeDecimalPointValidationQuantityField" time="0.403"/>
  <system-out/>
  <testcase classname="org.test.CustomerContactInvoice" name="emptyValidationPriceField" time="0.311"/>
  <system-out/>
  <testcase classname="org.test.CustomerContactInvoice" name="maxPriceLimit" time="0.275"/>
  <system-out/>
  <testcase classname="org.test.CustomerContactInvoice" name="beforeDecimalPointPriceField" time="0.288"/>
  <system-out/>
  <testcase classname="org.test.CustomerContactInvoice" name="afterDecimalPointPriceField" time="0.364"/>
  <system-out/>
  <testcase classname="org.test.CustomerContactInvoice" name="afterDecimalPointDiscountField" time="0.318"/>
  <system-out/>
  <testcase classname="org.test.CustomerContactInvoice" name="beforeDecimalPointDiscountField" time="0.273"/>
  <system-out/>
  <testcase classname="org.test.CustomerContactInvoice" name="maxLimitDiscountField" time="0.243"/>
  <system-out/>
  <testcase classname="org.test.CustomerContactInvoice" name="afterDecimalPointTaxField" time="1.331">
    <skipped/>
  </testcase> <!-- afterDecimalPointTaxField -->
  <system-out/>
  <testcase classname="org.test.CustomerContactInvoice" name="beforeDecimalPointTaxField" time="1.326">
    <skipped/>
  </testcase> <!-- beforeDecimalPointTaxField -->
  <system-out/>
  <testcase classname="org.test.CustomerContactInvoice" name="maxLimitTaxField" time="1.297">
    <skipped/>
  </testcase> <!-- maxLimitTaxField -->
  <system-out/>
  <testcase classname="org.test.CustomerContactInvoice" name="maximumValidationDescription" time="63.537"/>
  <system-out/>
  <testcase classname="org.test.CustomerContactInvoice" name="maximumValidationNotes" time="51.521"/>
  <system-out/>
  <testcase classname="org.test.CustomerContactInvoice" name="expiryFieldPastDateValidation" time="7.775"/>
  <system-out/>
  <testcase classname="org.test.CustomerContactInvoice" name="validateCalculation" time="8.548"/>
  <system-out/>
  <testcase classname="org.test.CustomerContactInvoice" name="createInvoice" time="49.087"/>
  <system-out/>
  <testcase classname="org.test.CustomerContactInvoice" name="invoiceCreatedCount" time="0.141"/>
  <system-out/>
  <testcase classname="org.test.CustomerContactInvoice" name="editLableValidation" time="6.257"/>
  <system-out/>
  <testcase classname="org.test.CustomerContactInvoice" name="mandatoryValidationEditDueDate" time="0.746"/>
  <system-out/>
  <testcase classname="org.test.CustomerContactInvoice" name="mandatoryValidationEditQunatity" time="0.079"/>
  <system-out/>
  <testcase classname="org.test.CustomerContactInvoice" name="mandatoryValidationEditPrice" time="0.075"/>
  <system-out/>
  <testcase classname="org.test.CustomerContactInvoice" name="mandatoryValidationEditDescription" time="0.072"/>
  <system-out/>
  <testcase classname="org.test.CustomerContactInvoice" name="maximumValidationEditReference" time="1.047"/>
  <system-out/>
  <testcase classname="org.test.CustomerContactInvoice" name="maximumValidationEditInvoiceTittle" time="0.660"/>
  <system-out/>
  <testcase classname="org.test.CustomerContactInvoice" name="maximumValidationEditInventoryItem" time="0.941"/>
  <system-out/>
  <testcase classname="org.test.CustomerContactInvoice" name="emptyValidationEditQuantityField" time="0.250"/>
  <system-out/>
  <testcase classname="org.test.CustomerContactInvoice" name="maxEditQuanitityLimit" time="0.324"/>
  <system-out/>
  <testcase classname="org.test.CustomerContactInvoice" name="afterEditDecimalPointValidationQuantityField" time="0.254"/>
  <system-out/>
  <testcase classname="org.test.CustomerContactInvoice" name="beforeEditDecimalPointValidationQuantityField" time="0.369"/>
  <system-out/>
  <testcase classname="org.test.CustomerContactInvoice" name="emptyValidationEditPriceField" time="0.280"/>
  <system-out/>
  <testcase classname="org.test.CustomerContactInvoice" name="maxEditPriceLimit" time="0.264"/>
  <system-out/>
  <testcase classname="org.test.CustomerContactInvoice" name="beforeEditDecimalPointPriceField" time="0.294"/>
  <system-out/>
  <testcase classname="org.test.CustomerContactInvoice" name="afterEditDecimalPointPriceField" time="0.316"/>
  <system-out/>
  <testcase classname="org.test.CustomerContactInvoice" name="afterEditDecimalPointDiscountField" time="0.247"/>
  <system-out/>
  <testcase classname="org.test.CustomerContactInvoice" name="beforeEditDecimalPointDiscountField" time="0.302"/>
  <system-out/>
  <testcase classname="org.test.CustomerContactInvoice" name="maxLimitEditDiscountField" time="0.317"/>
  <system-out/>
  <testcase classname="org.test.CustomerContactInvoice" name="afterDecimalEditPointTaxField" time="1.323">
    <skipped/>
  </testcase> <!-- afterDecimalEditPointTaxField -->
  <system-out/>
  <testcase classname="org.test.CustomerContactInvoice" name="beforeDecimalEditPointTaxField" time="1.284">
    <skipped/>
  </testcase> <!-- beforeDecimalEditPointTaxField -->
  <system-out/>
  <testcase classname="org.test.CustomerContactInvoice" name="maxEditLimitTaxField" time="1.270">
    <skipped/>
  </testcase> <!-- maxEditLimitTaxField -->
  <system-out/>
  <testcase classname="org.test.CustomerContactInvoice" name="maximumEditValidationDescription" time="53.145"/>
  <system-out/>
  <testcase classname="org.test.CustomerContactInvoice" name="maximumEditValidationNotes" time="59.299"/>
  <system-out/>
  <testcase classname="org.test.CustomerContactInvoice" name="expiryEditFieldPastDateValidation" time="8.293"/>
  <system-out/>
  <testcase classname="org.test.CustomerContactInvoice" name="checkResponseCode" time="2.283"/>
  <system-out/>
  <testcase classname="org.test.CustomerContactInvoice" name="updatedInvoice" time="18.865"/>
  <system-out/>
  <testcase classname="org.test.CustomerContactInvoice" name="draftInvoice" time="6.069"/>
  <system-out/>
  <testcase classname="org.test.CustomerContactInvoice" name="createdQuoteStatus" time="0.113"/>
  <system-out/>
  <testcase classname="org.test.CustomerContactInvoice" name="UpdatedInvociePartialPayment" time="7.195"/>
  <system-out/>
  <testcase classname="org.test.CustomerContactInvoice" name="partialPaidAmount" time="0.092"/>
  <system-out/>
  <testcase classname="org.test.CustomerContactInvoice" name="UpdatedInvociePaid" time="7.172"/>
  <system-out/>
  <testcase classname="org.test.CustomerContactInvoice" name="fullyPaidAmount" time="0.204"/>
  <system-out/>
  <testcase classname="org.test.CustomerContactInvoice" name="listInvoiceNo" time="1.703"/>
  <system-out/>
  <testcase classname="org.test.CustomerContactInvoice" name="listQuoteReference" time="1.634"/>
  <system-out/>
  <testcase classname="org.test.CustomerContactInvoice" name="filterDateInvoice" time="1.614"/>
  <system-out/>
  <testcase classname="org.test.CustomerContactInvoice" name="listInvalid" time="1.280"/>
  <system-out/>
</testsuite> <!-- org.test.CustomerContactInvoice -->
