<?xml version="1.0" encoding="UTF-8"?>
<!-- Generated by org.testng.reporters.JUnitReportReporter -->
<testsuite hostname="DESKTOP-5M7AM2E" failures="0" tests="17" name="org.enhancement.CategoryModule" time="196.798" errors="0" timestamp="2023-04-24T20:30:08 IST" skipped="0">
  <testcase classname="org.enhancement.CategoryModule" name="loginPage" time="19.866"/>
  <system-out/>
  <testcase classname="org.enhancement.CategoryModule" name="settingModule" time="2.885"/>
  <system-out/>
  <testcase classname="org.enhancement.CategoryModule" name="createCategoryProduct" time="9.629"/>
  <system-out/>
  <testcase classname="org.enhancement.CategoryModule" name="createCategoryProduct" time="10.226"/>
  <system-out/>
  <testcase classname="org.enhancement.CategoryModule" name="createCategoryProduct" time="25.155"/>
  <system-out/>
  <testcase classname="org.enhancement.CategoryModule" name="createCategoryProduct" time="9.135"/>
  <system-out/>
  <testcase classname="org.enhancement.CategoryModule" name="createCategoryProduct" time="12.374"/>
  <system-out/>
  <testcase classname="org.enhancement.CategoryModule" name="createCategoryProduct" time="9.260"/>
  <system-out/>
  <testcase classname="org.enhancement.CategoryModule" name="createCategoryProduct" time="9.668"/>
  <system-out/>
  <testcase classname="org.enhancement.CategoryModule" name="createCategoryProduct" time="12.315"/>
  <system-out/>
  <testcase classname="org.enhancement.CategoryModule" name="createCategoryProduct" time="9.662"/>
  <system-out/>
  <testcase classname="org.enhancement.CategoryModule" name="createCategoryProduct" time="9.091"/>
  <system-out/>
  <testcase classname="org.enhancement.CategoryModule" name="createCategoryProduct" time="9.120"/>
  <system-out/>
  <testcase classname="org.enhancement.CategoryModule" name="createCategoryProduct" time="9.221"/>
  <system-out/>
  <testcase classname="org.enhancement.CategoryModule" name="createCategoryProduct" time="28.684"/>
  <system-out/>
  <testcase classname="org.enhancement.CategoryModule" name="createCategoryProduct" time="5.297"/>
  <system-out/>
  <testcase classname="org.enhancement.CategoryModule" name="createCategoryProduct" time="5.210"/>
  <system-out/>
</testsuite> <!-- org.enhancement.CategoryModule -->
