<?xml version="1.0" encoding="UTF-8"?>
<!-- Generated by org.testng.reporters.JUnitReportReporter -->
<testsuite hostname="DESKTOP-5M7AM2E" failures="0" tests="14" name="org.test.AvailabilityTechnicians" time="204.066" errors="0" timestamp="2023-06-02T15:22:10 IST" skipped="0">
  <testcase classname="org.test.AvailabilityTechnicians" name="loginPage" time="35.625"/>
  <system-out/>
  <testcase classname="org.test.AvailabilityTechnicians" name="userCreate" time="43.346"/>
  <system-out/>
  <testcase classname="org.test.AvailabilityTechnicians" name="contactModule" time="5.112"/>
  <system-out/>
  <testcase classname="org.test.AvailabilityTechnicians" name="CreateContact" time="14.347"/>
  <system-out/>
  <testcase classname="org.test.AvailabilityTechnicians" name="listabelValidation" time="10.020"/>
  <system-out/>
  <testcase classname="org.test.AvailabilityTechnicians" name="createdJob90min" time="19.248"/>
  <system-out/>
  <testcase classname="org.test.AvailabilityTechnicians" name="technicianAvailability1" time="5.810"/>
  <system-out/>
  <testcase classname="org.test.AvailabilityTechnicians" name="technicianAvailability2" time="3.264"/>
  <system-out/>
  <testcase classname="org.test.AvailabilityTechnicians" name="technicianAvailability3" time="2.982"/>
  <system-out/>
  <testcase classname="org.test.AvailabilityTechnicians" name="technicianAvailability4" time="2.857"/>
  <system-out/>
  <testcase classname="org.test.AvailabilityTechnicians" name="technicianAvailability5" time="2.853"/>
  <system-out/>
  <testcase classname="org.test.AvailabilityTechnicians" name="technicianAvailability6" time="18.094"/>
  <system-out/>
  <testcase classname="org.test.AvailabilityTechnicians" name="createdJobTwoDays" time="19.639"/>
  <system-out/>
  <testcase classname="org.test.AvailabilityTechnicians" name="technianAvailabilityMidDate" time="20.869"/>
  <system-out/>
</testsuite> <!-- org.test.AvailabilityTechnicians -->
