<?xml version="1.0" encoding="UTF-8"?>
<!-- Generated by org.testng.reporters.JUnitReportReporter -->
<testsuite hostname="DESKTOP-5M7AM2E" failures="0" tests="69" name="org.test.GlobalOrganizationInvoice" time="215.472" errors="0" timestamp="2023-04-23T22:29:52 IST" skipped="0">
  <testcase classname="org.test.GlobalOrganizationInvoice" name="loginPage" time="18.800"/>
  <system-out/>
  <testcase classname="org.test.GlobalOrganizationInvoice" name="invoiceModule" time="3.909"/>
  <system-out/>
  <testcase classname="org.test.GlobalOrganizationInvoice" name="contactMandatoryValidation" time="1.637"/>
  <system-out/>
  <testcase classname="org.test.GlobalOrganizationInvoice" name="mandatoryValidationDeuDate" time="0.061"/>
  <system-out/>
  <testcase classname="org.test.GlobalOrganizationInvoice" name="mandatoryValidationInventoryItem" time="0.068"/>
  <system-out/>
  <testcase classname="org.test.GlobalOrganizationInvoice" name="mandatoryValidationQunatity" time="0.065"/>
  <system-out/>
  <testcase classname="org.test.GlobalOrganizationInvoice" name="mandatoryValidationPrice" time="0.070"/>
  <system-out/>
  <testcase classname="org.test.GlobalOrganizationInvoice" name="mandatoryValidationDescription" time="0.065"/>
  <system-out/>
  <testcase classname="org.test.GlobalOrganizationInvoice" name="autoCompleteContactCreation" time="21.321"/>
  <system-out/>
  <testcase classname="org.test.GlobalOrganizationInvoice" name="autoCompleteOrganizationContactCreation" time="12.391"/>
  <system-out/>
  <testcase classname="org.test.GlobalOrganizationInvoice" name="maximumValidationReference" time="0.229"/>
  <system-out/>
  <testcase classname="org.test.GlobalOrganizationInvoice" name="maximumValidationInvoiceTittle" time="0.652"/>
  <system-out/>
  <testcase classname="org.test.GlobalOrganizationInvoice" name="maximumValidationInventoryItem" time="0.731"/>
  <system-out/>
  <testcase classname="org.test.GlobalOrganizationInvoice" name="emptyValidationQuantityField" time="0.240"/>
  <system-out/>
  <testcase classname="org.test.GlobalOrganizationInvoice" name="maxQuanitityLimit" time="0.267"/>
  <system-out/>
  <testcase classname="org.test.GlobalOrganizationInvoice" name="afterDecimalPointValidationQuantityField" time="0.228"/>
  <system-out/>
  <testcase classname="org.test.GlobalOrganizationInvoice" name="beforeDecimalPointValidationQuantityField" time="0.329"/>
  <system-out/>
  <testcase classname="org.test.GlobalOrganizationInvoice" name="emptyValidationPriceField" time="0.279"/>
  <system-out/>
  <testcase classname="org.test.GlobalOrganizationInvoice" name="maxPriceLimit" time="0.221"/>
  <system-out/>
  <testcase classname="org.test.GlobalOrganizationInvoice" name="beforeDecimalPointPriceField" time="0.248"/>
  <system-out/>
  <testcase classname="org.test.GlobalOrganizationInvoice" name="afterDecimalPointPriceField" time="0.279"/>
  <system-out/>
  <testcase classname="org.test.GlobalOrganizationInvoice" name="afterDecimalPointDiscountField" time="0.251"/>
  <system-out/>
  <testcase classname="org.test.GlobalOrganizationInvoice" name="beforeDecimalPointDiscountField" time="0.231"/>
  <system-out/>
  <testcase classname="org.test.GlobalOrganizationInvoice" name="maxLimitDiscountField" time="0.189"/>
  <system-out/>
  <testcase classname="org.test.GlobalOrganizationInvoice" name="afterDecimalPointTaxField" time="0.234"/>
  <system-out/>
  <testcase classname="org.test.GlobalOrganizationInvoice" name="beforeDecimalPointTaxField" time="0.213"/>
  <system-out/>
  <testcase classname="org.test.GlobalOrganizationInvoice" name="maxLimitTaxField" time="0.244"/>
  <system-out/>
  <testcase classname="org.test.GlobalOrganizationInvoice" name="maximumValidationDescription" time="1.808"/>
  <system-out/>
  <testcase classname="org.test.GlobalOrganizationInvoice" name="maximumValidationNotes" time="3.666"/>
  <system-out/>
  <testcase classname="org.test.GlobalOrganizationInvoice" name="expiryFieldPastDateValidation" time="8.758"/>
  <system-out/>
  <testcase classname="org.test.GlobalOrganizationInvoice" name="validateCalculation" time="0.727"/>
  <system-out/>
  <testcase classname="org.test.GlobalOrganizationInvoice" name="createInvoice" time="13.975"/>
  <system-out/>
  <testcase classname="org.test.GlobalOrganizationInvoice" name="editLableValidation" time="20.529"/>
  <system-out/>
  <testcase classname="org.test.GlobalOrganizationInvoice" name="mandatoryValidationEditDueDate" time="0.816"/>
  <system-out/>
  <testcase classname="org.test.GlobalOrganizationInvoice" name="mandatoryValidationEditQunatity" time="0.071"/>
  <system-out/>
  <testcase classname="org.test.GlobalOrganizationInvoice" name="mandatoryValidationEditPrice" time="0.072"/>
  <system-out/>
  <testcase classname="org.test.GlobalOrganizationInvoice" name="mandatoryValidationEditDescription" time="0.070"/>
  <system-out/>
  <testcase classname="org.test.GlobalOrganizationInvoice" name="maximumValidationEditReference" time="0.648"/>
  <system-out/>
  <testcase classname="org.test.GlobalOrganizationInvoice" name="maximumValidationEditInvoiceTittle" time="0.611"/>
  <system-out/>
  <testcase classname="org.test.GlobalOrganizationInvoice" name="maximumValidationEditInventoryItem" time="0.997"/>
  <system-out/>
  <testcase classname="org.test.GlobalOrganizationInvoice" name="emptyValidationEditQuantityField" time="0.219"/>
  <system-out/>
  <testcase classname="org.test.GlobalOrganizationInvoice" name="maxEditQuanitityLimit" time="0.267"/>
  <system-out/>
  <testcase classname="org.test.GlobalOrganizationInvoice" name="afterEditDecimalPointValidationQuantityField" time="0.194"/>
  <system-out/>
  <testcase classname="org.test.GlobalOrganizationInvoice" name="beforeEditDecimalPointValidationQuantityField" time="0.296"/>
  <system-out/>
  <testcase classname="org.test.GlobalOrganizationInvoice" name="emptyValidationEditPriceField" time="0.218"/>
  <system-out/>
  <testcase classname="org.test.GlobalOrganizationInvoice" name="maxEditPriceLimit" time="0.204"/>
  <system-out/>
  <testcase classname="org.test.GlobalOrganizationInvoice" name="beforeEditDecimalPointPriceField" time="0.219"/>
  <system-out/>
  <testcase classname="org.test.GlobalOrganizationInvoice" name="afterEditDecimalPointPriceField" time="0.261"/>
  <system-out/>
  <testcase classname="org.test.GlobalOrganizationInvoice" name="afterEditDecimalPointDiscountField" time="0.210"/>
  <system-out/>
  <testcase classname="org.test.GlobalOrganizationInvoice" name="beforeEditDecimalPointDiscountField" time="0.187"/>
  <system-out/>
  <testcase classname="org.test.GlobalOrganizationInvoice" name="maxLimitEditDiscountField" time="0.178"/>
  <system-out/>
  <testcase classname="org.test.GlobalOrganizationInvoice" name="afterDecimalEditPointTaxField" time="0.202"/>
  <system-out/>
  <testcase classname="org.test.GlobalOrganizationInvoice" name="beforeDecimalEditPointTaxField" time="0.189"/>
  <system-out/>
  <testcase classname="org.test.GlobalOrganizationInvoice" name="maxEditLimitTaxField" time="0.240"/>
  <system-out/>
  <testcase classname="org.test.GlobalOrganizationInvoice" name="maximumEditValidationDescription" time="1.594"/>
  <system-out/>
  <testcase classname="org.test.GlobalOrganizationInvoice" name="maximumEditValidationNotes" time="3.698"/>
  <system-out/>
  <testcase classname="org.test.GlobalOrganizationInvoice" name="expiryEditFieldPastDateValidation" time="8.747"/>
  <system-out/>
  <testcase classname="org.test.GlobalOrganizationInvoice" name="updatedInvoice" time="12.860"/>
  <system-out/>
  <testcase classname="org.test.GlobalOrganizationInvoice" name="draftInvoice" time="42.606"/>
  <system-out/>
  <testcase classname="org.test.GlobalOrganizationInvoice" name="createdQuoteStatus" time="0.074"/>
  <system-out/>
  <testcase classname="org.test.GlobalOrganizationInvoice" name="UpdatedInvociePartialPayment" time="8.130"/>
  <system-out/>
  <testcase classname="org.test.GlobalOrganizationInvoice" name="partialPaidAmount" time="0.096"/>
  <system-out/>
  <testcase classname="org.test.GlobalOrganizationInvoice" name="UpdatedInvociePaid" time="7.579"/>
  <system-out/>
  <testcase classname="org.test.GlobalOrganizationInvoice" name="fullyPaidAmount" time="0.155"/>
  <system-out/>
  <testcase classname="org.test.GlobalOrganizationInvoice" name="listCustomerName" time="2.114"/>
  <system-out/>
  <testcase classname="org.test.GlobalOrganizationInvoice" name="listInvoiceNo" time="2.164"/>
  <system-out/>
  <testcase classname="org.test.GlobalOrganizationInvoice" name="listQuoteReference" time="2.094"/>
  <system-out/>
  <testcase classname="org.test.GlobalOrganizationInvoice" name="filterDateInvoice" time="2.584"/>
  <system-out/>
  <testcase classname="org.test.GlobalOrganizationInvoice" name="listInvalid" time="1.693"/>
  <system-out/>
</testsuite> <!-- org.test.GlobalOrganizationInvoice -->
