<?xml version="1.0" encoding="UTF-8"?>
<!-- Generated by org.testng.reporters.JUnitReportReporter -->
<testsuite hostname="DESKTOP-5M7AM2E" failures="0" tests="8" name="org.enhancement.TeamUser" time="135.334" errors="0" timestamp="2023-06-19T23:43:42 IST" skipped="0">
  <testcase classname="org.enhancement.TeamUser" name="verify" time="18.281"/>
  <system-out/>
  <testcase classname="org.enhancement.TeamUser" name="TeamUserPage" time="11.223"/>
  <system-out/>
  <testcase classname="org.enhancement.TeamUser" name="landingOnCreateForm" time="0.659"/>
  <system-out/>
  <testcase classname="org.enhancement.TeamUser" name="userCreate" time="21.395"/>
  <system-out/>
  <testcase classname="org.enhancement.TeamUser" name="userCreate" time="20.951"/>
  <system-out/>
  <testcase classname="org.enhancement.TeamUser" name="userCreate" time="20.885"/>
  <system-out/>
  <testcase classname="org.enhancement.TeamUser" name="userCreate" time="20.959"/>
  <system-out/>
  <testcase classname="org.enhancement.TeamUser" name="userCreate" time="20.981"/>
  <system-out/>
</testsuite> <!-- org.enhancement.TeamUser -->
