<?xml version="1.0" encoding="UTF-8"?>
<!-- Generated by org.testng.reporters.JUnitReportReporter -->
<testsuite hostname="DESKTOP-5M7AM2E" failures="0" tests="26" name="org.test.GlobalContactRequest" time="166.436" errors="0" timestamp="2023-01-26T17:38:53 IST" skipped="0">
  <testcase classname="org.test.GlobalContactRequest" name="loginPage" time="32.166"/>
  <system-out/>
  <testcase classname="org.test.GlobalContactRequest" name="requestModule" time="6.175"/>
  <system-out/>
  <testcase classname="org.test.GlobalContactRequest" name="contactMandatoryValidation" time="6.403"/>
  <system-out/>
  <testcase classname="org.test.GlobalContactRequest" name="autoCompleteContactCreation" time="6.730"/>
  <system-out/>
  <testcase classname="org.test.GlobalContactRequest" name="maximumValidationTittle" time="7.395"/>
  <system-out/>
  <testcase classname="org.test.GlobalContactRequest" name="mandatoryValidationDescription" time="0.223"/>
  <system-out/>
  <testcase classname="org.test.GlobalContactRequest" name="maximumValidationDescription" time="7.140"/>
  <system-out/>
  <testcase classname="org.test.GlobalContactRequest" name="maximumTagValidation" time="1.179"/>
  <system-out/>
  <testcase classname="org.test.GlobalContactRequest" name="duplicateTagsValidation" time="0.505"/>
  <system-out/>
  <testcase classname="org.test.GlobalContactRequest" name="maxTagLimitValidation" time="10.662"/>
  <system-out/>
  <testcase classname="org.test.GlobalContactRequest" name="maximumValidationNotes" time="7.126"/>
  <system-out/>
  <testcase classname="org.test.GlobalContactRequest" name="unsssignedRequest" time="11.474"/>
  <system-out/>
  <testcase classname="org.test.GlobalContactRequest" name="createRequest_FromDateandTime_ToDateandTime" time="32.939"/>
  <system-out/>
  <testcase classname="org.test.GlobalContactRequest" name="requestScheduleStatus" time="4.237"/>
  <system-out/>
  <testcase classname="org.test.GlobalContactRequest" name="dispatchedRequest" time="3.897"/>
  <system-out/>
  <testcase classname="org.test.GlobalContactRequest" name="requestDispatchedStatus" time="0.073"/>
  <system-out/>
  <testcase classname="org.test.GlobalContactRequest" name="startedRequest" time="3.805"/>
  <system-out/>
  <testcase classname="org.test.GlobalContactRequest" name="requestStartedStatus" time="0.082"/>
  <system-out/>
  <testcase classname="org.test.GlobalContactRequest" name="completedRequest" time="4.143"/>
  <system-out/>
  <testcase classname="org.test.GlobalContactRequest" name="cancelledRequest" time="4.686"/>
  <system-out/>
  <testcase classname="org.test.GlobalContactRequest" name="requestCancelledStatus" time="0.095"/>
  <system-out/>
  <testcase classname="org.test.GlobalContactRequest" name="searchCustomerName" time="2.101"/>
  <system-out/>
  <testcase classname="org.test.GlobalContactRequest" name="searchRequestNo" time="3.181"/>
  <system-out/>
  <testcase classname="org.test.GlobalContactRequest" name="searchLocation" time="3.495"/>
  <system-out/>
  <testcase classname="org.test.GlobalContactRequest" name="searchFilterByDate" time="4.706"/>
  <system-out/>
  <testcase classname="org.test.GlobalContactRequest" name="searchInvalid" time="1.818"/>
  <system-out/>
</testsuite> <!-- org.test.GlobalContactRequest -->
