<?xml version="1.0" encoding="UTF-8"?>
<!-- Generated by org.testng.reporters.JUnitReportReporter -->
<testsuite hostname="DESKTOP-5M7AM2E" failures="0" tests="8" name="org.enhancement.GlobalOrganizationQuote" time="262.405" errors="0" timestamp="2023-06-04T11:22:12 IST" skipped="0">
  <testcase classname="org.enhancement.GlobalOrganizationQuote" name="loginPage" time="39.001"/>
  <system-out/>
  <testcase classname="org.enhancement.GlobalOrganizationQuote" name="quoteModule" time="5.391"/>
  <system-out/>
  <testcase classname="org.enhancement.GlobalOrganizationQuote" name="labelValidation" time="0.956"/>
  <system-out/>
  <testcase classname="org.enhancement.GlobalOrganizationQuote" name="createQuote" time="44.356"/>
  <system-out/>
  <testcase classname="org.enhancement.GlobalOrganizationQuote" name="createQuote" time="43.966"/>
  <system-out/>
  <testcase classname="org.enhancement.GlobalOrganizationQuote" name="createQuote" time="43.985"/>
  <system-out/>
  <testcase classname="org.enhancement.GlobalOrganizationQuote" name="createQuote" time="45.992"/>
  <system-out/>
  <testcase classname="org.enhancement.GlobalOrganizationQuote" name="createQuote" time="38.758"/>
  <system-out/>
</testsuite> <!-- org.enhancement.GlobalOrganizationQuote -->
