<?xml version="1.0" encoding="UTF-8"?>
<!-- Generated by org.testng.reporters.JUnitReportReporter -->
<testsuite hostname="DESKTOP-5M7AM2E" failures="0" tests="44" name="org.test.GlobalContactRequest" time="216.461" errors="0" timestamp="2023-05-03T12:38:55 IST" skipped="0">
  <testcase classname="org.test.GlobalContactRequest" name="loginPage" time="44.146"/>
  <system-out/>
  <testcase classname="org.test.GlobalContactRequest" name="requestModule" time="1.199"/>
  <system-out/>
  <testcase classname="org.test.GlobalContactRequest" name="labelValidation" time="1.549"/>
  <system-out/>
  <testcase classname="org.test.GlobalContactRequest" name="contactMandatoryValidation" time="1.578"/>
  <system-out/>
  <testcase classname="org.test.GlobalContactRequest" name="autoCompleteContactCreation" time="9.644"/>
  <system-out/>
  <testcase classname="org.test.GlobalContactRequest" name="mandatoryValidationLocation" time="0.057"/>
  <system-out/>
  <testcase classname="org.test.GlobalContactRequest" name="maximumValidationLocation" time="5.111"/>
  <system-out/>
  <testcase classname="org.test.GlobalContactRequest" name="maximumValidationTittle" time="0.860"/>
  <system-out/>
  <testcase classname="org.test.GlobalContactRequest" name="mandatoryValidationDescription" time="0.081"/>
  <system-out/>
  <testcase classname="org.test.GlobalContactRequest" name="maximumValidationDescription" time="3.888"/>
  <system-out/>
  <testcase classname="org.test.GlobalContactRequest" name="maximumTagValidation" time="0.675"/>
  <system-out/>
  <testcase classname="org.test.GlobalContactRequest" name="duplicateTagsValidation" time="0.365"/>
  <system-out/>
  <testcase classname="org.test.GlobalContactRequest" name="maxTagLimitValidation" time="13.738"/>
  <system-out/>
  <testcase classname="org.test.GlobalContactRequest" name="maximumValidationNotes" time="3.861"/>
  <system-out/>
  <testcase classname="org.test.GlobalContactRequest" name="createButton" time="0.060"/>
  <system-out/>
  <testcase classname="org.test.GlobalContactRequest" name="unsssignedRequest" time="12.198"/>
  <system-out/>
  <testcase classname="org.test.GlobalContactRequest" name="requestUnassignedStatus" time="0.125"/>
  <system-out/>
  <testcase classname="org.test.GlobalContactRequest" name="labelEditValidation" time="5.546"/>
  <system-out/>
  <testcase classname="org.test.GlobalContactRequest" name="editmandatoryValidationLocation" time="0.080"/>
  <system-out/>
  <testcase classname="org.test.GlobalContactRequest" name="editmaximumValidationLocation" time="5.471"/>
  <system-out/>
  <testcase classname="org.test.GlobalContactRequest" name="editmaximumValidationTittle" time="0.746"/>
  <system-out/>
  <testcase classname="org.test.GlobalContactRequest" name="editmandatoryValidationDescription" time="0.066"/>
  <system-out/>
  <testcase classname="org.test.GlobalContactRequest" name="editmaximumValidationDescription" time="4.153"/>
  <system-out/>
  <testcase classname="org.test.GlobalContactRequest" name="editmaximumTagValidation" time="0.715"/>
  <system-out/>
  <testcase classname="org.test.GlobalContactRequest" name="editduplicateTagsValidation" time="0.335"/>
  <system-out/>
  <testcase classname="org.test.GlobalContactRequest" name="editmaxTagLimitValidation" time="13.718"/>
  <system-out/>
  <testcase classname="org.test.GlobalContactRequest" name="editmaximumValidationNotes" time="4.116"/>
  <system-out/>
  <testcase classname="org.test.GlobalContactRequest" name="updateButton" time="0.065"/>
  <system-out/>
  <testcase classname="org.test.GlobalContactRequest" name="updatedRequest" time="11.193"/>
  <system-out/>
  <testcase classname="org.test.GlobalContactRequest" name="createRequest_FromDateandTime_ToDateandTime" time="19.354"/>
  <system-out/>
  <testcase classname="org.test.GlobalContactRequest" name="requestScheduleStatus" time="0.111"/>
  <system-out/>
  <testcase classname="org.test.GlobalContactRequest" name="dispatchedRequest" time="10.081"/>
  <system-out/>
  <testcase classname="org.test.GlobalContactRequest" name="requestDispatchedStatus" time="0.098"/>
  <system-out/>
  <testcase classname="org.test.GlobalContactRequest" name="startedRequest" time="10.021"/>
  <system-out/>
  <testcase classname="org.test.GlobalContactRequest" name="requestStartedStatus" time="0.101"/>
  <system-out/>
  <testcase classname="org.test.GlobalContactRequest" name="completedRequest" time="10.048"/>
  <system-out/>
  <testcase classname="org.test.GlobalContactRequest" name="requestCompleteStatus" time="0.108"/>
  <system-out/>
  <testcase classname="org.test.GlobalContactRequest" name="cancelledRequest" time="10.590"/>
  <system-out/>
  <testcase classname="org.test.GlobalContactRequest" name="requestCancelledStatus" time="0.188"/>
  <system-out/>
  <testcase classname="org.test.GlobalContactRequest" name="searchCustomerName" time="2.327"/>
  <system-out/>
  <testcase classname="org.test.GlobalContactRequest" name="searchRequestNo" time="2.222"/>
  <system-out/>
  <testcase classname="org.test.GlobalContactRequest" name="searchLocation" time="2.127"/>
  <system-out/>
  <testcase classname="org.test.GlobalContactRequest" name="searchFilterByDate" time="1.824"/>
  <system-out/>
  <testcase classname="org.test.GlobalContactRequest" name="searchInvalid" time="1.922"/>
  <system-out/>
</testsuite> <!-- org.test.GlobalContactRequest -->
