<?xml version="1.0" encoding="UTF-8"?>
<!-- Generated by org.testng.reporters.JUnitReportReporter -->
<<<<<<< HEAD
<<<<<<< HEAD
<testsuite hostname="DESKTOP-5M7AM2E" failures="0" tests="3" name="org.enhancement.GlobalOrganizationInvoice" time="74.574" errors="0" timestamp="2023-05-22T20:03:10 IST" skipped="0">
  <testcase classname="org.enhancement.GlobalOrganizationInvoice" name="loginPage" time="41.698"/>
  <system-out/>
  <testcase classname="org.enhancement.GlobalOrganizationInvoice" name="invoiceModule" time="4.817"/>
  <system-out/>
  <testcase classname="org.enhancement.GlobalOrganizationInvoice" name="createInvoice" time="28.059"/>
=======
<testsuite hostname="DESKTOP-5M7AM2E" failures="0" tests="3" name="org.enhancement.GlobalOrganizationInvoice" time="80.535" errors="0" timestamp="2023-05-25T11:49:57 IST" skipped="0">
  <testcase classname="org.enhancement.GlobalOrganizationInvoice" name="loginPage" time="28.075"/>
=======
<testsuite hostname="DESKTOP-5M7AM2E" failures="0" tests="7" name="org.enhancement.GlobalOrganizationInvoice" time="358.103" errors="0" timestamp="2023-06-04T11:49:27 IST" skipped="0">
  <testcase classname="org.enhancement.GlobalOrganizationInvoice" name="loginPage" time="71.879"/>
>>>>>>> 8f032e9abfd9edfc56ded76230782504aeca4741
  <system-out/>
  <testcase classname="org.enhancement.GlobalOrganizationInvoice" name="invoiceModule" time="5.342"/>
  <system-out/>
<<<<<<< HEAD
  <testcase classname="org.enhancement.GlobalOrganizationInvoice" name="createInvoice" time="48.191"/>
>>>>>>> c5699b793ecef34ca60eb49f33139d209ba1ec97
=======
  <testcase classname="org.enhancement.GlobalOrganizationInvoice" name="createInvoice" time="46.995"/>
  <system-out/>
  <testcase classname="org.enhancement.GlobalOrganizationInvoice" name="createInvoice" time="46.134"/>
  <system-out/>
  <testcase classname="org.enhancement.GlobalOrganizationInvoice" name="createInvoice" time="39.682"/>
  <system-out/>
  <testcase classname="org.enhancement.GlobalOrganizationInvoice" name="createInvoice" time="107.998"/>
  <system-out/>
  <testcase classname="org.enhancement.GlobalOrganizationInvoice" name="createInvoice" time="40.073"/>
>>>>>>> 8f032e9abfd9edfc56ded76230782504aeca4741
  <system-out/>
</testsuite> <!-- org.enhancement.GlobalOrganizationInvoice -->
