<?xml version="1.0" encoding="UTF-8"?>
<!-- Generated by org.testng.reporters.JUnitReportReporter -->
<testsuite hostname="DESKTOP-5M7AM2E" failures="0" tests="8" name="org.enhancement.GlobalContactQuote" time="270.096" errors="0" timestamp="2023-06-20T16:30:04 IST" skipped="0">
  <testcase classname="org.enhancement.GlobalContactQuote" name="loginPage" time="51.393"/>
  <system-out/>
  <testcase classname="org.enhancement.GlobalContactQuote" name="quoteModule" time="4.944"/>
  <system-out/>
  <testcase classname="org.enhancement.GlobalContactQuote" name="labelValidation" time="1.769"/>
  <system-out/>
  <testcase classname="org.enhancement.GlobalContactQuote" name="createQuote" time="36.841"/>
  <system-out/>
  <testcase classname="org.enhancement.GlobalContactQuote" name="createQuote" time="81.769"/>
  <system-out/>
  <testcase classname="org.enhancement.GlobalContactQuote" name="createQuote" time="34.708"/>
  <system-out/>
  <testcase classname="org.enhancement.GlobalContactQuote" name="createQuote" time="27.221"/>
  <system-out/>
  <testcase classname="org.enhancement.GlobalContactQuote" name="createQuote" time="31.451"/>
  <system-out/>
</testsuite> <!-- org.enhancement.GlobalContactQuote -->
