<?xml version="1.0" encoding="UTF-8"?>
<!-- Generated by org.testng.reporters.JUnitReportReporter -->
<testsuite hostname="DESKTOP-5M7AM2E" failures="0" tests="94" name="org.test.CustomerCreateContactModule" time="2699.155" errors="0" timestamp="2023-05-23T13:08:30 IST" skipped="0">
  <testcase classname="org.test.CustomerCreateContactModule" name="loginPage" time="49.753"/>
  <system-out/>
  <testcase classname="org.test.CustomerCreateContactModule" name="contactModule" time="6.990"/>
  <system-out/>
  <testcase classname="org.test.CustomerCreateContactModule" name="createLabel" time="0.143"/>
  <system-out/>
  <testcase classname="org.test.CustomerCreateContactModule" name="mandatoryValidation" time="3.046"/>
  <system-out/>
  <testcase classname="org.test.CustomerCreateContactModule" name="maxValidationFirstNameField" time="2.106"/>
  <system-out/>
  <testcase classname="org.test.CustomerCreateContactModule" name="maxValidationLastNameField" time="1.778"/>
  <system-out/>
  <testcase classname="org.test.CustomerCreateContactModule" name="maxValidationJobTittle" time="1.811"/>
  <system-out/>
  <testcase classname="org.test.CustomerCreateContactModule" name="maxValidationEmailField" time="1.936"/>
  <system-out/>
  <testcase classname="org.test.CustomerCreateContactModule" name="maxValidationTaxNumberField" time="10.683"/>
  <system-out/>
  <testcase classname="org.test.CustomerCreateContactModule" name="invalidValidationEmailField" time="0.739"/>
  <system-out/>
  <testcase classname="org.test.CustomerCreateContactModule" name="specialCharacterPhoneNumberField" time="0.670"/>
  <system-out/>
  <testcase classname="org.test.CustomerCreateContactModule" name="invalidPhoneNumberField" time="0.598"/>
  <system-out/>
  <testcase classname="org.test.CustomerCreateContactModule" name="minValidationPhoneNumberField" time="0.575"/>
  <system-out/>
  <testcase classname="org.test.CustomerCreateContactModule" name="maxValidationPhoneNumberField" time="1.171"/>
  <system-out/>
  <testcase classname="org.test.CustomerCreateContactModule" name="maxValidationPropertyFirstNameField" time="2.087"/>
  <system-out/>
  <testcase classname="org.test.CustomerCreateContactModule" name="maxValidationPropertyLastNameField" time="1.981"/>
  <system-out/>
  <testcase classname="org.test.CustomerCreateContactModule" name="maxValidationPropertyNameField" time="2.036"/>
  <system-out/>
  <testcase classname="org.test.CustomerCreateContactModule" name="maxValidationAddress1" time="2.062"/>
  <system-out/>
  <testcase classname="org.test.CustomerCreateContactModule" name="maxValidationAddress22Field" time="1.980"/>
  <system-out/>
  <testcase classname="org.test.CustomerCreateContactModule" name="maxValidationCityField" time="1.991"/>
  <system-out/>
  <testcase classname="org.test.CustomerCreateContactModule" name="maxValidationStateField" time="1.788"/>
  <system-out/>
  <testcase classname="org.test.CustomerCreateContactModule" name="minValidationZipcodeField" time="0.363"/>
  <system-out/>
  <testcase classname="org.test.CustomerCreateContactModule" name="maxValidationZipcodeField" time="0.374"/>
  <system-out/>
  <testcase classname="org.test.CustomerCreateContactModule" name="specialCharacterZipcodeField" time="0.586"/>
  <system-out/>
  <testcase classname="org.test.CustomerCreateContactModule" name="maxValidationProductNameField" time="1.019"/>
  <system-out/>
  <testcase classname="org.test.CustomerCreateContactModule" name="maxValidationBrandNameField" time="1.013"/>
  <system-out/>
  <testcase classname="org.test.CustomerCreateContactModule" name="maxValdidationModelNumberField" time="0.971"/>
  <system-out/>
  <testcase classname="org.test.CustomerCreateContactModule" name="maxValidationSerialNumberField" time="0.979"/>
  <system-out/>
  <testcase classname="org.test.CustomerCreateContactModule" name="dateValidation" time="8.347"/>
  <system-out/>
  <testcase classname="org.test.CustomerCreateContactModule" name="maxValidationAccessHoursField" time="0.974"/>
  <system-out/>
  <testcase classname="org.test.CustomerCreateContactModule" name="maxValidationInstallationNotesField" time="5.400"/>
  <system-out/>
  <testcase classname="org.test.CustomerCreateContactModule" name="CreateContact" time="2494.242"/>
  <system-out/>
  <testcase classname="org.test.CustomerCreateContactModule" name="customerContactCount" time="0.423"/>
  <system-out/>
  <testcase classname="org.test.CustomerCreateContactModule" name="alreadyExistedMail" time="2.755"/>
  <system-out/>
  <testcase classname="org.test.CustomerCreateContactModule" name="characterFilterValidation" time="3.274"/>
  <system-out/>
  <testcase classname="org.test.CustomerCreateContactModule" name="searchListNameField" time="1.704"/>
  <system-out/>
  <testcase classname="org.test.CustomerCreateContactModule" name="searchListPhoneNumberField" time="1.896"/>
  <system-out/>
  <testcase classname="org.test.CustomerCreateContactModule" name="searchListEmailField" time="1.385"/>
  <system-out/>
  <testcase classname="org.test.CustomerCreateContactModule" name="filterField" time="2.531"/>
  <system-out/>
  <testcase classname="org.test.CustomerCreateContactModule" name="searchInvalidListName" time="1.584"/>
  <system-out/>
  <testcase classname="org.test.CustomerCreateContactModule" name="editLabel" time="4.677"/>
  <system-out/>
  <testcase classname="org.test.CustomerCreateContactModule" name="firstNamePrepopulate" time="0.522"/>
  <system-out/>
  <testcase classname="org.test.CustomerCreateContactModule" name="lastNamePrepopulate" time="0.556"/>
  <system-out/>
  <testcase classname="org.test.CustomerCreateContactModule" name="leadSourcePrepopulate" time="0.093"/>
  <system-out/>
  <testcase classname="org.test.CustomerCreateContactModule" name="emailPrepopulate" time="0.217"/>
  <system-out/>
  <testcase classname="org.test.CustomerCreateContactModule" name="taxNumberPrepopulate" time="0.077"/>
  <system-out/>
  <testcase classname="org.test.CustomerCreateContactModule" name="jobTittlePrepopulate" time="0.071"/>
  <system-out/>
  <testcase classname="org.test.CustomerCreateContactModule" name="phoneNumberPrepopulate" time="0.299"/>
  <system-out/>
  <testcase classname="org.test.CustomerCreateContactModule" name="propertyFirstNamePrepopulate" time="0.076"/>
  <system-out/>
  <testcase classname="org.test.CustomerCreateContactModule" name="propertyLastNamePrepopulate" time="0.124"/>
  <system-out/>
  <testcase classname="org.test.CustomerCreateContactModule" name="propertyNamePrepopulate" time="0.078"/>
  <system-out/>
  <testcase classname="org.test.CustomerCreateContactModule" name="locationAddress1Prepopulate" time="0.087"/>
  <system-out/>
  <testcase classname="org.test.CustomerCreateContactModule" name="locationAddress2Prepopulate" time="0.070"/>
  <system-out/>
  <testcase classname="org.test.CustomerCreateContactModule" name="locationCityPrepopulate" time="0.078"/>
  <system-out/>
  <testcase classname="org.test.CustomerCreateContactModule" name="locationStatePrepopulate" time="0.086"/>
  <system-out/>
  <testcase classname="org.test.CustomerCreateContactModule" name="locationZipcodePrepopulate" time="0.448"/>
  <system-out/>
  <testcase classname="org.test.CustomerCreateContactModule" name="productNamePrepopulate" time="0.073"/>
  <system-out/>
  <testcase classname="org.test.CustomerCreateContactModule" name="brandNamePrepopulate" time="0.072"/>
  <system-out/>
  <testcase classname="org.test.CustomerCreateContactModule" name="modelNumberPrepopulate" time="0.079"/>
  <system-out/>
  <testcase classname="org.test.CustomerCreateContactModule" name="serialNumberPrepopulate" time="0.086"/>
  <system-out/>
  <testcase classname="org.test.CustomerCreateContactModule" name="dateInstalledPrepopulate" time="0.219"/>
  <system-out/>
  <testcase classname="org.test.CustomerCreateContactModule" name="warrantyInformationPrepopulate" time="0.071"/>
  <system-out/>
  <testcase classname="org.test.CustomerCreateContactModule" name="accessHoursPrepopulate" time="0.071"/>
  <system-out/>
  <testcase classname="org.test.CustomerCreateContactModule" name="installationNotesPrepopulate" time="0.868"/>
  <system-out/>
  <testcase classname="org.test.CustomerCreateContactModule" name="editMandatoryValidation" time="0.329"/>
  <system-out/>
  <testcase classname="org.test.CustomerCreateContactModule" name="editMaxValidationFirstNameField" time="1.111"/>
  <system-out/>
  <testcase classname="org.test.CustomerCreateContactModule" name="editMaxValidationLastNameField" time="0.976"/>
  <system-out/>
  <testcase classname="org.test.CustomerCreateContactModule" name="editMaxValidationJobTittle" time="1.076"/>
  <system-out/>
  <testcase classname="org.test.CustomerCreateContactModule" name="editMaxValidationEmailField" time="0.979"/>
  <system-out/>
  <testcase classname="org.test.CustomerCreateContactModule" name="editmaxValidationTaxNumberField" time="5.336"/>
  <system-out/>
  <testcase classname="org.test.CustomerCreateContactModule" name="editInvalidValidationEmailField" time="0.532"/>
  <system-out/>
  <testcase classname="org.test.CustomerCreateContactModule" name="editSpecialCharacterPhoneNumberField" time="0.314"/>
  <system-out/>
  <testcase classname="org.test.CustomerCreateContactModule" name="editInvalidPhoneNumberField" time="0.334"/>
  <system-out/>
  <testcase classname="org.test.CustomerCreateContactModule" name="editInValidationPhoneNumberField" time="0.313"/>
  <system-out/>
  <testcase classname="org.test.CustomerCreateContactModule" name="editMaxValidationPhoneNumberField" time="1.173"/>
  <system-out/>
  <testcase classname="org.test.CustomerCreateContactModule" name="editMaxValidationPropertyFirstNameField" time="1.014"/>
  <system-out/>
  <testcase classname="org.test.CustomerCreateContactModule" name="editMaxValidationPropertyLastNameField" time="0.987"/>
  <system-out/>
  <testcase classname="org.test.CustomerCreateContactModule" name="editMaxValidationPropertyNameField" time="1.103"/>
  <system-out/>
  <testcase classname="org.test.CustomerCreateContactModule" name="editMaxValidationAddress1" time="0.956"/>
  <system-out/>
  <testcase classname="org.test.CustomerCreateContactModule" name="editMaxValidationAddress22Field" time="1.023"/>
  <system-out/>
  <testcase classname="org.test.CustomerCreateContactModule" name="editMaxValidationCityField" time="1.051"/>
  <system-out/>
  <testcase classname="org.test.CustomerCreateContactModule" name="editMaxValidationStateField" time="1.333"/>
  <system-out/>
  <testcase classname="org.test.CustomerCreateContactModule" name="editMinValidationZipcodeField" time="0.388"/>
  <system-out/>
  <testcase classname="org.test.CustomerCreateContactModule" name="editMaxValidationZipcodeField" time="0.437"/>
  <system-out/>
  <testcase classname="org.test.CustomerCreateContactModule" name="editSpecialCharacterZipcodeField" time="1.123"/>
  <system-out/>
  <testcase classname="org.test.CustomerCreateContactModule" name="editMaxValidationProductNameField" time="0.993"/>
  <system-out/>
  <testcase classname="org.test.CustomerCreateContactModule" name="editMaxValidationBrandNameField" time="1.010"/>
  <system-out/>
  <testcase classname="org.test.CustomerCreateContactModule" name="editMaxValdidationModelNumberField" time="1.005"/>
  <system-out/>
  <testcase classname="org.test.CustomerCreateContactModule" name="editMaxValidationSerialNumberField" time="0.956"/>
  <system-out/>
  <testcase classname="org.test.CustomerCreateContactModule" name="editDateValidation" time="8.542"/>
  <system-out/>
  <testcase classname="org.test.CustomerCreateContactModule" name="editMaxValidationAccessHoursField" time="1.252"/>
  <system-out/>
  <testcase classname="org.test.CustomerCreateContactModule" name="editMaxValidationInstallationNotesField" time="6.219"/>
  <system-out/>
  <testcase classname="org.test.CustomerCreateContactModule" name="editContactList" time="13.917"/>
  <system-out/>
  <testcase classname="org.test.CustomerCreateContactModule" name="deleteContactList" time="8.531"/>
  <system-out/>
</testsuite> <!-- org.test.CustomerCreateContactModule -->
