<?xml version="1.0" encoding="UTF-8"?>
<!-- Generated by org.testng.reporters.JUnitReportReporter -->
<testsuite hostname="DESKTOP-5M7AM2E" failures="0" tests="4" name="org.enhancement.TeamUser" time="106.104" errors="0" timestamp="2023-05-25T11:49:57 IST" skipped="0">
  <testcase classname="org.enhancement.TeamUser" name="verify" time="27.853"/>
  <system-out/>
  <testcase classname="org.enhancement.TeamUser" name="TeamUserPage" time="11.048"/>
  <system-out/>
  <testcase classname="org.enhancement.TeamUser" name="landingOnCreateForm" time="0.631"/>
  <system-out/>
  <testcase classname="org.enhancement.TeamUser" name="userCreate" time="66.572"/>
  <system-out/>
</testsuite> <!-- org.enhancement.TeamUser -->
