<?xml version="1.0" encoding="UTF-8"?>
<!-- Generated by org.testng.reporters.JUnitReportReporter -->
<testsuite hostname="DESKTOP-5M7AM2E" failures="0" tests="11" name="org.test.SubscriptionMonthlyPowerHousePack" time="59.796" errors="0" timestamp="2023-06-09T16:40:32 IST" skipped="0">
  <testcase classname="org.test.SubscriptionMonthlyPowerHousePack" name="createTenant" time="46.087"/>
  <system-out/>
  <testcase classname="org.test.SubscriptionMonthlyPowerHousePack" name="subDomineURL" time="0.045"/>
  <system-out/>
  <testcase classname="org.test.SubscriptionMonthlyPowerHousePack" name="ownerName" time="0.118"/>
  <system-out/>
  <testcase classname="org.test.SubscriptionMonthlyPowerHousePack" name="modulepage" time="6.784"/>
  <system-out/>
  <testcase classname="org.test.SubscriptionMonthlyPowerHousePack" name="confirmPage" time="1.608"/>
  <system-out/>
  <testcase classname="org.test.SubscriptionMonthlyPowerHousePack" name="proAmount" time="0.054"/>
  <system-out/>
  <testcase classname="org.test.SubscriptionMonthlyPowerHousePack" name="totalAmount" time="0.068"/>
  <system-out/>
  <testcase classname="org.test.SubscriptionMonthlyPowerHousePack" name="billingInformation" time="2.996"/>
  <system-out/>
  <testcase classname="org.test.SubscriptionMonthlyPowerHousePack" name="paymentDetailsPage" time="1.921"/>
  <system-out/>
  <testcase classname="org.test.SubscriptionMonthlyPowerHousePack" name="billingInformationAmount" time="0.054"/>
  <system-out/>
  <testcase classname="org.test.SubscriptionMonthlyPowerHousePack" name="paymentDetailsAmount" time="0.061"/>
  <system-out/>
</testsuite> <!-- org.test.SubscriptionMonthlyPowerHousePack -->
