<?xml version="1.0" encoding="UTF-8"?>
<!-- Generated by org.testng.reporters.JUnitReportReporter -->
<testsuite hostname="DESKTOP-5M7AM2E" failures="0" tests="52" name="org.test.TeamUser" time="146.652" errors="0" timestamp="2023-03-03T08:33:43 IST" skipped="0">
  <testcase classname="org.test.TeamUser" name="verify" time="36.387"/>
  <system-out/>
  <testcase classname="org.test.TeamUser" name="TeamUserPage" time="5.503"/>
  <system-out/>
  <testcase classname="org.test.TeamUser" name="landingOnCreateForm" time="0.569"/>
  <system-out/>
  <testcase classname="org.test.TeamUser" name="mandatoryValidationFirstNameField" time="0.210"/>
  <system-out/>
  <testcase classname="org.test.TeamUser" name="mandatoryValidationTypeField" time="0.057"/>
  <system-out/>
  <testcase classname="org.test.TeamUser" name="mandatoryValidationEmailField" time="0.046"/>
  <system-out/>
  <testcase classname="org.test.TeamUser" name="maxValidationFirstNameField" time="0.591"/>
  <system-out/>
  <testcase classname="org.test.TeamUser" name="maxValidationLastNameField" time="0.568"/>
  <system-out/>
  <testcase classname="org.test.TeamUser" name="maxValidationJobTittleField" time="0.572"/>
  <system-out/>
  <testcase classname="org.test.TeamUser" name="maxValidationEmailFields" time="0.572"/>
  <system-out/>
  <testcase classname="org.test.TeamUser" name="invalidEmailValidation" time="0.171"/>
  <system-out/>
  <testcase classname="org.test.TeamUser" name="specialCharacterPhoneNumberField" time="0.218"/>
  <system-out/>
  <testcase classname="org.test.TeamUser" name="minValidatonPhoneNumber" time="0.156"/>
  <system-out/>
  <testcase classname="org.test.TeamUser" name="maxValidatonPhoneNumber" time="1.119"/>
  <system-out/>
  <testcase classname="org.test.TeamUser" name="maxValidationLocationName" time="0.614"/>
  <system-out/>
  <testcase classname="org.test.TeamUser" name="maxValidationAddress1" time="0.679"/>
  <system-out/>
  <testcase classname="org.test.TeamUser" name="maxValidationAddress2" time="0.597"/>
  <system-out/>
  <testcase classname="org.test.TeamUser" name="maxValidationState" time="0.587"/>
  <system-out/>
  <testcase classname="org.test.TeamUser" name="maxValidationCity" time="0.625"/>
  <system-out/>
  <testcase classname="org.test.TeamUser" name="minValidationZipcode" time="0.187"/>
  <system-out/>
  <testcase classname="org.test.TeamUser" name="specialCharacterValidationZipcode" time="0.164"/>
  <system-out/>
  <testcase classname="org.test.TeamUser" name="maxValidationZipcode" time="0.627"/>
  <system-out/>
  <testcase classname="org.test.TeamUser" name="verifySaveButtonExist" time="0.212"/>
  <system-out/>
  <testcase classname="org.test.TeamUser" name="userCreate" time="7.966"/>
  <system-out/>
  <testcase classname="org.test.TeamUser" name="userCount" time="0.104"/>
  <system-out/>
  <testcase classname="org.test.TeamUser" name="alreadyExistedMailValidation" time="4.414"/>
  <system-out/>
  <testcase classname="org.test.TeamUser" name="searchNameValidation" time="1.298"/>
  <system-out/>
  <testcase classname="org.test.TeamUser" name="searchPhoneNumberValidation" time="1.787"/>
  <system-out/>
  <testcase classname="org.test.TeamUser" name="searchEmailValidation" time="1.794"/>
  <system-out/>
  <testcase classname="org.test.TeamUser" name="invalidDataValidation" time="1.833"/>
  <system-out/>
  <testcase classname="org.test.TeamUser" name="landingOnEditForm" time="5.536"/>
  <system-out/>
  <testcase classname="org.test.TeamUser" name="editmandatoryValidationFirstNameField" time="0.210"/>
  <system-out/>
  <testcase classname="org.test.TeamUser" name="editmandatoryValidationEmailField" time="0.044"/>
  <system-out/>
  <testcase classname="org.test.TeamUser" name="editmaxValidationFirstNameField" time="0.562"/>
  <system-out/>
  <testcase classname="org.test.TeamUser" name="editmaxValidationLastNameField" time="0.531"/>
  <system-out/>
  <testcase classname="org.test.TeamUser" name="editmaxValidationJobTittleField" time="0.528"/>
  <system-out/>
  <testcase classname="org.test.TeamUser" name="editmaxValidationEmailFields" time="0.518"/>
  <system-out/>
  <testcase classname="org.test.TeamUser" name="editinvalidEmailValidation" time="0.157"/>
  <system-out/>
  <testcase classname="org.test.TeamUser" name="editspecialCharacterPhoneNumberField" time="0.187"/>
  <system-out/>
  <testcase classname="org.test.TeamUser" name="editminValidatonPhoneNumber" time="0.153"/>
  <system-out/>
  <testcase classname="org.test.TeamUser" name="editmaxValidatonPhoneNumber" time="1.508"/>
  <system-out/>
  <testcase classname="org.test.TeamUser" name="editmaxValidationLocationName" time="0.563"/>
  <system-out/>
  <testcase classname="org.test.TeamUser" name="editmaxValidationAddress1" time="0.566"/>
  <system-out/>
  <testcase classname="org.test.TeamUser" name="editmaxValidationAddress2" time="0.599"/>
  <system-out/>
  <testcase classname="org.test.TeamUser" name="editmaxValidationState" time="0.547"/>
  <system-out/>
  <testcase classname="org.test.TeamUser" name="editmaxValidationCity" time="0.549"/>
  <system-out/>
  <testcase classname="org.test.TeamUser" name="editminValidationZipcode" time="0.182"/>
  <system-out/>
  <testcase classname="org.test.TeamUser" name="editspecialCharacterValidationZipcode" time="0.153"/>
  <system-out/>
  <testcase classname="org.test.TeamUser" name="editmaxValidationZipcode" time="0.612"/>
  <system-out/>
  <testcase classname="org.test.TeamUser" name="verifyUpdateExist" time="0.204"/>
  <system-out/>
  <testcase classname="org.test.TeamUser" name="userEdit" time="7.492"/>
  <system-out/>
  <testcase classname="org.test.TeamUser" name="deleteUserDetails" time="55.024"/>
  <system-out/>
</testsuite> <!-- org.test.TeamUser -->
