<?xml version="1.0" encoding="UTF-8"?>
<!-- Generated by org.testng.reporters.JUnitReportReporter -->
<testsuite hostname="DESKTOP-5M7AM2E" failures="0" tests="4" name="org.enhancement.ProductModule" time="38.060" errors="0" timestamp="2023-05-25T11:49:57 IST" skipped="0">
  <testcase classname="org.enhancement.ProductModule" name="loginPage" time="23.942"/>
  <system-out/>
  <testcase classname="org.enhancement.ProductModule" name="settingModule" time="2.061"/>
  <system-out/>
  <testcase classname="org.enhancement.ProductModule" name="createFormLabel" time="2.069"/>
  <system-out/>
  <testcase classname="org.enhancement.ProductModule" name="createProduct" time="9.988"/>
  <system-out/>
</testsuite> <!-- org.enhancement.ProductModule -->
