<?xml version="1.0" encoding="UTF-8"?>
<!-- Generated by org.testng.reporters.JUnitReportReporter -->
<testsuite hostname="DESKTOP-5M7AM2E" failures="0" tests="64" name="org.test.TeamUser" time="207.900" errors="0" timestamp="2023-05-14T13:43:06 IST" skipped="0">
  <testcase classname="org.test.TeamUser" name="verify" time="20.324"/>
  <system-out/>
  <testcase classname="org.test.TeamUser" name="TeamUserPage" time="11.475"/>
  <system-out/>
  <testcase classname="org.test.TeamUser" name="landingOnCreateForm" time="0.619"/>
  <system-out/>
  <testcase classname="org.test.TeamUser" name="mandatoryValidationFirstNameField" time="0.375"/>
  <system-out/>
  <testcase classname="org.test.TeamUser" name="mandatoryValidationTypeField" time="0.159"/>
  <system-out/>
  <testcase classname="org.test.TeamUser" name="mandatoryValidationEmailField" time="0.137"/>
  <system-out/>
  <testcase classname="org.test.TeamUser" name="maxValidationFirstNameField" time="1.152"/>
  <system-out/>
  <testcase classname="org.test.TeamUser" name="maxValidationLastNameField" time="0.916"/>
  <system-out/>
  <testcase classname="org.test.TeamUser" name="maxValidationJobTittleField" time="0.927"/>
  <system-out/>
  <testcase classname="org.test.TeamUser" name="maxValidationEmailFields" time="0.900"/>
  <system-out/>
  <testcase classname="org.test.TeamUser" name="invalidEmailValidation" time="0.274"/>
  <system-out/>
  <testcase classname="org.test.TeamUser" name="specialCharacterPhoneNumberField" time="0.351"/>
  <system-out/>
  <testcase classname="org.test.TeamUser" name="minValidatonPhoneNumber" time="0.264"/>
  <system-out/>
  <testcase classname="org.test.TeamUser" name="maxValidatonPhoneNumber" time="2.032"/>
  <system-out/>
  <testcase classname="org.test.TeamUser" name="maxValidationLocationName" time="1.063"/>
  <system-out/>
  <testcase classname="org.test.TeamUser" name="maxValidationAddress1" time="0.962"/>
  <system-out/>
  <testcase classname="org.test.TeamUser" name="maxValidationAddress2" time="0.975"/>
  <system-out/>
  <testcase classname="org.test.TeamUser" name="maxValidationState" time="1.006"/>
  <system-out/>
  <testcase classname="org.test.TeamUser" name="maxValidationCity" time="1.053"/>
  <system-out/>
  <testcase classname="org.test.TeamUser" name="minValidationZipcode" time="0.308"/>
  <system-out/>
  <testcase classname="org.test.TeamUser" name="specialCharacterValidationZipcode" time="0.266"/>
  <system-out/>
  <testcase classname="org.test.TeamUser" name="maxValidationZipcode" time="1.199"/>
  <system-out/>
  <testcase classname="org.test.TeamUser" name="verifySaveButtonExist" time="0.247"/>
  <system-out/>
  <testcase classname="org.test.TeamUser" name="userCreate" time="9.835"/>
  <system-out/>
  <testcase classname="org.test.TeamUser" name="userCount" time="1.275"/>
  <system-out/>
  <testcase classname="org.test.TeamUser" name="alreadyExistedMailValidation" time="9.823"/>
  <system-out/>
  <testcase classname="org.test.TeamUser" name="searchNameValidation" time="6.770"/>
  <system-out/>
  <testcase classname="org.test.TeamUser" name="searchPhoneNumberValidation" time="7.085"/>
  <system-out/>
  <testcase classname="org.test.TeamUser" name="searchEmailValidation" time="6.545"/>
  <system-out/>
  <testcase classname="org.test.TeamUser" name="invalidDataValidation" time="6.819"/>
  <system-out/>
  <testcase classname="org.test.TeamUser" name="landingOnEditForm" time="9.457"/>
  <system-out/>
  <testcase classname="org.test.TeamUser" name="firstNamePrepopulate" time="0.096"/>
  <system-out/>
  <testcase classname="org.test.TeamUser" name="lastNamePrepopulate" time="0.096"/>
  <system-out/>
  <testcase classname="org.test.TeamUser" name="jobTittlePrepopulate" time="0.112"/>
  <system-out/>
  <testcase classname="org.test.TeamUser" name="emailPrepopulate" time="0.100"/>
  <system-out/>
  <testcase classname="org.test.TeamUser" name="typePrepopulate" time="0.092"/>
  <system-out/>
  <testcase classname="org.test.TeamUser" name="phoneNumberPrepopulate" time="0.289"/>
  <system-out/>
  <testcase classname="org.test.TeamUser" name="locationNamePrepopulate" time="0.138"/>
  <system-out/>
  <testcase classname="org.test.TeamUser" name="locationAddress1Prepopulate" time="0.119"/>
  <system-out/>
  <testcase classname="org.test.TeamUser" name="locationAddress2Prepopulate" time="0.122"/>
  <system-out/>
  <testcase classname="org.test.TeamUser" name="locationCityPrepopulate" time="0.102"/>
  <system-out/>
  <testcase classname="org.test.TeamUser" name="locationStatePrepopulate" time="0.096"/>
  <system-out/>
  <testcase classname="org.test.TeamUser" name="locationZipcodePrepopulate" time="0.818"/>
  <system-out/>
  <testcase classname="org.test.TeamUser" name="editmandatoryValidationFirstNameField" time="0.340"/>
  <system-out/>
  <testcase classname="org.test.TeamUser" name="editmandatoryValidationEmailField" time="0.160"/>
  <system-out/>
  <testcase classname="org.test.TeamUser" name="editmaxValidationFirstNameField" time="0.990"/>
  <system-out/>
  <testcase classname="org.test.TeamUser" name="editmaxValidationLastNameField" time="0.959"/>
  <system-out/>
  <testcase classname="org.test.TeamUser" name="editmaxValidationJobTittleField" time="0.921"/>
  <system-out/>
  <testcase classname="org.test.TeamUser" name="editmaxValidationEmailFields" time="0.923"/>
  <system-out/>
  <testcase classname="org.test.TeamUser" name="editinvalidEmailValidation" time="0.265"/>
  <system-out/>
  <testcase classname="org.test.TeamUser" name="editspecialCharacterPhoneNumberField" time="0.331"/>
  <system-out/>
  <testcase classname="org.test.TeamUser" name="editminValidatonPhoneNumber" time="0.315"/>
  <system-out/>
  <testcase classname="org.test.TeamUser" name="editmaxValidatonPhoneNumber" time="2.599"/>
  <system-out/>
  <testcase classname="org.test.TeamUser" name="editmaxValidationLocationName" time="0.961"/>
  <system-out/>
  <testcase classname="org.test.TeamUser" name="editmaxValidationAddress1" time="0.970"/>
  <system-out/>
  <testcase classname="org.test.TeamUser" name="editmaxValidationAddress2" time="0.978"/>
  <system-out/>
  <testcase classname="org.test.TeamUser" name="editmaxValidationState" time="0.926"/>
  <system-out/>
  <testcase classname="org.test.TeamUser" name="editmaxValidationCity" time="0.964"/>
  <system-out/>
  <testcase classname="org.test.TeamUser" name="editminValidationZipcode" time="0.290"/>
  <system-out/>
  <testcase classname="org.test.TeamUser" name="editspecialCharacterValidationZipcode" time="0.275"/>
  <system-out/>
  <testcase classname="org.test.TeamUser" name="editmaxValidationZipcode" time="1.013"/>
  <system-out/>
  <testcase classname="org.test.TeamUser" name="verifyUpdateExist" time="0.254"/>
  <system-out/>
  <testcase classname="org.test.TeamUser" name="userEdit" time="8.285"/>
  <system-out/>
  <testcase classname="org.test.TeamUser" name="deleteUserDetails" time="78.408"/>
  <system-out/>
</testsuite> <!-- org.test.TeamUser -->
