<?xml version="1.0" encoding="UTF-8"?>
<!-- Generated by org.testng.reporters.JUnitReportReporter -->
<testsuite hostname="DESKTOP-5M7AM2E" failures="0" tests="27" name="org.test.GlobalContactJob" time="155.326" errors="0" timestamp="2023-01-27T18:58:57 IST" skipped="0">
  <testcase classname="org.test.GlobalContactJob" name="loginPage" time="25.689"/>
  <system-out/>
  <testcase classname="org.test.GlobalContactJob" name="jobModule" time="4.873"/>
  <system-out/>
  <testcase classname="org.test.GlobalContactJob" name="contactMandatoryValidation" time="7.495"/>
  <system-out/>
  <testcase classname="org.test.GlobalContactJob" name="autoCompleteContactCreation" time="6.484"/>
  <system-out/>
  <testcase classname="org.test.GlobalContactJob" name="maximumValidationTittle" time="7.368"/>
  <system-out/>
  <testcase classname="org.test.GlobalContactJob" name="mandatoryValidationDescription" time="0.209"/>
  <system-out/>
  <testcase classname="org.test.GlobalContactJob" name="maximumValidationDescription" time="7.390"/>
  <system-out/>
  <testcase classname="org.test.GlobalContactJob" name="maximumTagValidation" time="1.193"/>
  <system-out/>
  <testcase classname="org.test.GlobalContactJob" name="duplicateTagsValidation" time="0.541"/>
  <system-out/>
  <testcase classname="org.test.GlobalContactJob" name="maxTagLimitValidation" time="10.504"/>
  <system-out/>
  <testcase classname="org.test.GlobalContactJob" name="maximumValidationNotes" time="7.284"/>
  <system-out/>
  <testcase classname="org.test.GlobalContactJob" name="unsssignedJob" time="12.543"/>
  <system-out/>
  <testcase classname="org.test.GlobalContactJob" name="jobUnassignedStatus" time="1.139"/>
  <system-out/>
  <testcase classname="org.test.GlobalContactJob" name="createJob_FromDateandTime_ToDateandTime" time="33.987"/>
  <system-out/>
  <testcase classname="org.test.GlobalContactJob" name="jobScheduleStatus" time="0.649"/>
  <system-out/>
  <testcase classname="org.test.GlobalContactJob" name="dispatchedJob" time="3.885"/>
  <system-out/>
  <testcase classname="org.test.GlobalContactJob" name="jobDispatchedStatus" time="0.120"/>
  <system-out/>
  <testcase classname="org.test.GlobalContactJob" name="startedJob" time="3.830"/>
  <system-out/>
  <testcase classname="org.test.GlobalContactJob" name="jobStartedStatus" time="0.364"/>
  <system-out/>
  <testcase classname="org.test.GlobalContactJob" name="completedJob" time="3.333"/>
  <system-out/>
  <testcase classname="org.test.GlobalContactJob" name="cancelledJob" time="3.370"/>
  <system-out/>
  <testcase classname="org.test.GlobalContactJob" name="jobCancelledStatus" time="0.136"/>
  <system-out/>
  <testcase classname="org.test.GlobalContactJob" name="searchCustomerName" time="2.139"/>
  <system-out/>
  <testcase classname="org.test.GlobalContactJob" name="searchJobNo" time="2.715"/>
  <system-out/>
  <testcase classname="org.test.GlobalContactJob" name="searchLocation" time="2.753"/>
  <system-out/>
  <testcase classname="org.test.GlobalContactJob" name="searchFilterByDate" time="4.052"/>
  <system-out/>
  <testcase classname="org.test.GlobalContactJob" name="searchInvalid" time="1.281"/>
  <system-out/>
</testsuite> <!-- org.test.GlobalContactJob -->
