<?xml version="1.0" encoding="UTF-8"?>
<!-- Generated by org.testng.reporters.JUnitReportReporter -->
<testsuite hostname="DESKTOP-5M7AM2E" failures="0" tests="105" name="org.test.TeamModule" time="198.207" errors="0" timestamp="2023-01-18T18:17:14 IST" skipped="0">
  <testcase classname="org.test.TeamModule" name="verify" time="19.911"/>
  <system-out/>
  <testcase classname="org.test.TeamModule" name="teamModule" time="8.893"/>
  <system-out/>
  <testcase classname="org.test.TeamModule" name="edit" time="5.247"/>
  <system-out/>
  <testcase classname="org.test.TeamModule" name="addLocation" time="3.697"/>
  <system-out/>
  <testcase classname="org.test.TeamModule" name="deleteLocation" time="2.446"/>
  <system-out/>
  <testcase classname="org.test.TeamModule" name="verifyContractorNameMandatory" time="1.466"/>
  <system-out/>
  <testcase classname="org.test.TeamModule" name="verifyContractorNumberMinValidation" time="0.304"/>
  <system-out/>
  <testcase classname="org.test.TeamModule" name="verifyContractorEmailFormat" time="0.234"/>
  <system-out/>
  <testcase classname="org.test.TeamModule" name="verifyContractorNumberMaxValidation" time="0.301"/>
  <system-out/>
  <testcase classname="org.test.TeamModule" name="verifyFaxMinValidation" time="0.193"/>
  <system-out/>
  <testcase classname="org.test.TeamModule" name="verifyFaxMaxValidation" time="0.305"/>
  <system-out/>
  <testcase classname="org.test.TeamModule" name="verifyCpersonLastNameMaxValidation" time="0.896"/>
  <system-out/>
  <testcase classname="org.test.TeamModule" name="verifyCpersonFirstNameMaxValidation" time="0.889"/>
  <system-out/>
  <testcase classname="org.test.TeamModule" name="maxValidationLocationNameField" time="1.622"/>
  <system-out/>
  <testcase classname="org.test.TeamModule" name="validateEmailField" time="0.187"/>
  <system-out/>
  <testcase classname="org.test.TeamModule" name="maxValidationEmailField" time="1.479"/>
  <system-out/>
  <testcase classname="org.test.TeamModule" name="minValidationPhoneNumberField" time="0.179"/>
  <system-out/>
  <testcase classname="org.test.TeamModule" name="maxValidationPhoneNumberField" time="0.172"/>
  <system-out/>
  <testcase classname="org.test.TeamModule" name="maxValidationAddress1Field" time="1.572"/>
  <system-out/>
  <testcase classname="org.test.TeamModule" name="maxValidationAddress2Field" time="1.527"/>
  <system-out/>
  <testcase classname="org.test.TeamModule" name="maxValidationStateField" time="1.548"/>
  <system-out/>
  <testcase classname="org.test.TeamModule" name="maxValidationCityField" time="1.612"/>
  <system-out/>
  <testcase classname="org.test.TeamModule" name="maxValidationZipcodeField" time="0.209"/>
  <system-out/>
  <testcase classname="org.test.TeamModule" name="minValidationZipcodeField" time="0.145"/>
  <system-out/>
  <testcase classname="org.test.TeamModule" name="characterValidationZipcodeField" time="0.151"/>
  <system-out/>
  <testcase classname="org.test.TeamModule" name="maxValidationContactPerson" time="1.608"/>
  <system-out/>
  <testcase classname="org.test.TeamModule" name="verifySaveButtonExist" time="0.049"/>
  <system-out/>
  <testcase classname="org.test.TeamModule" name="createContract" time="3.229"/>
  <system-out/>
  <testcase classname="org.test.TeamModule" name="contractotCompanyNameExistedValidation" time="2.795"/>
  <system-out/>
  <testcase classname="org.test.TeamModule" name="contractorAlreadyEmailValidation" time="2.675"/>
  <system-out/>
  <testcase classname="org.test.TeamModule" name="listValidationName" time="1.093"/>
  <system-out/>
  <testcase classname="org.test.TeamModule" name="searchCompanyNameListValidation" time="1.994"/>
  <system-out/>
  <testcase classname="org.test.TeamModule" name="searchNameListValidation" time="1.418"/>
  <system-out/>
  <testcase classname="org.test.TeamModule" name="searchEmailListValidation" time="1.464"/>
  <system-out/>
  <testcase classname="org.test.TeamModule" name="searchPhoneNumberListValidation" time="1.434"/>
  <system-out/>
  <testcase classname="org.test.TeamModule" name="invalidValidationData" time="2.076"/>
  <system-out/>
  <testcase classname="org.test.TeamModule" name="editContractorPage" time="7.277"/>
  <system-out/>
  <testcase classname="org.test.TeamModule" name="editContractorDetails" time="5.968"/>
  <system-out/>
  <testcase classname="org.test.TeamModule" name="deleteContractorDetails" time="3.122"/>
  <system-out/>
  <testcase classname="org.test.TeamModule" name="landingUserFormPage" time="1.434"/>
  <system-out/>
  <testcase classname="org.test.TeamModule" name="mandatoryValidationFirstNameField" time="0.304"/>
  <system-out/>
  <testcase classname="org.test.TeamModule" name="mandatoryValidationTypeField" time="0.525"/>
  <system-out/>
  <testcase classname="org.test.TeamModule" name="mandatoryValidationEmailField" time="1.132"/>
  <system-out/>
  <testcase classname="org.test.TeamModule" name="maxValidationFirstNameField" time="3.593"/>
  <system-out/>
  <testcase classname="org.test.TeamModule" name="maxValidationLastNameField" time="0.746"/>
  <system-out/>
  <testcase classname="org.test.TeamModule" name="maxValidationJobTittleField" time="0.808"/>
  <system-out/>
  <testcase classname="org.test.TeamModule" name="maxValidationEmailFields" time="0.869"/>
  <system-out/>
  <testcase classname="org.test.TeamModule" name="invalidEmailValidation" time="0.207"/>
  <system-out/>
  <testcase classname="org.test.TeamModule" name="minValidatonPhoneNumber" time="0.181"/>
  <system-out/>
  <testcase classname="org.test.TeamModule" name="maxValidatonPhoneNumber" time="0.361"/>
  <system-out/>
  <testcase classname="org.test.TeamModule" name="maxValidationLocationName" time="0.819"/>
  <system-out/>
  <testcase classname="org.test.TeamModule" name="maxValidationAddress1" time="0.810"/>
  <system-out/>
  <testcase classname="org.test.TeamModule" name="maxValidationAddress2" time="0.806"/>
  <system-out/>
  <testcase classname="org.test.TeamModule" name="maxValidationState" time="0.794"/>
  <system-out/>
  <testcase classname="org.test.TeamModule" name="maxValidationCity" time="0.807"/>
  <system-out/>
  <testcase classname="org.test.TeamModule" name="specialCharacterValidationContractorZipcode" time="0.181"/>
  <system-out/>
  <testcase classname="org.test.TeamModule" name="minValidationZipcode" time="0.137"/>
  <system-out/>
  <testcase classname="org.test.TeamModule" name="specialCharacterValidationZipcode" time="0.162"/>
  <system-out/>
  <testcase classname="org.test.TeamModule" name="maxValidationZipcode" time="0.319"/>
  <system-out/>
  <testcase classname="org.test.TeamModule" name="userCreate" time="2.946"/>
  <system-out/>
  <testcase classname="org.test.TeamModule" name="createdListName" time="0.045"/>
  <system-out/>
  <testcase classname="org.test.TeamModule" name="alreadyExistedMailValidation" time="6.298"/>
  <system-out/>
  <testcase classname="org.test.TeamModule" name="searchPhoneNumberValidation" time="1.422"/>
  <system-out/>
  <testcase classname="org.test.TeamModule" name="searchNameValidation" time="1.968"/>
  <system-out/>
  <testcase classname="org.test.TeamModule" name="searchEmailValidation" time="1.442"/>
  <system-out/>
  <testcase classname="org.test.TeamModule" name="invalidDataValidation" time="2.201"/>
  <system-out/>
  <testcase classname="org.test.TeamModule" name="landingOnEditForm" time="2.342"/>
  <system-out/>
  <testcase classname="org.test.TeamModule" name="editUserDetails" time="5.422"/>
  <system-out/>
  <testcase classname="org.test.TeamModule" name="deleteUserDetails" time="3.593"/>
  <system-out/>
  <testcase classname="org.test.TeamModule" name="landingContractorFormPage" time="1.953"/>
  <system-out/>
  <testcase classname="org.test.TeamModule" name="mandatoryValidationContractorFirstNameField" time="0.296"/>
  <system-out/>
  <testcase classname="org.test.TeamModule" name="mandatoryValidationContractorEmailField" time="0.299"/>
  <system-out/>
  <testcase classname="org.test.TeamModule" name="mandatoryOrganizationName" time="2.692"/>
  <system-out/>
  <testcase classname="org.test.TeamModule" name="maxValidationContractorFirstNameField" time="0.810"/>
  <system-out/>
  <testcase classname="org.test.TeamModule" name="maxValidationContractorLastNameField" time="0.797"/>
  <system-out/>
  <testcase classname="org.test.TeamModule" name="invalidContractorEmailValidation" time="0.231"/>
  <system-out/>
  <testcase classname="org.test.TeamModule" name="maxValidationContractorEmailFields" time="0.813"/>
  <system-out/>
  <testcase classname="org.test.TeamModule" name="minValidatonContractorPhoneNumber" time="0.175"/>
  <system-out/>
  <testcase classname="org.test.TeamModule" name="maxValidatonContractorPhoneNumber" time="0.379"/>
  <system-out/>
  <testcase classname="org.test.TeamModule" name="maxValidationContractorLocationName" time="0.848"/>
  <system-out/>
  <testcase classname="org.test.TeamModule" name="maxValidationContractorAddress1" time="0.783"/>
  <system-out/>
  <testcase classname="org.test.TeamModule" name="maxValidationContractorAddress2" time="0.797"/>
  <system-out/>
  <testcase classname="org.test.TeamModule" name="maxValidationContractorState" time="0.802"/>
  <system-out/>
  <testcase classname="org.test.TeamModule" name="maxValidationContractorCity" time="0.782"/>
  <system-out/>
  <testcase classname="org.test.TeamModule" name="minValidationContractorZipcode" time="0.180"/>
  <system-out/>
  <testcase classname="org.test.TeamModule" name="maxValidationContractorZipcode" time="0.329"/>
  <system-out/>
  <testcase classname="org.test.TeamModule" name="userContractorCreate" time="4.386"/>
  <system-out/>
  <testcase classname="org.test.TeamModule" name="createdContractorListName" time="2.122"/>
  <system-out/>
  <testcase classname="org.test.TeamModule" name="alreadyExistedContractorMailValidation" time="4.493"/>
  <system-out/>
  <testcase classname="org.test.TeamModule" name="searchContractorNameValidation" time="2.420"/>
  <system-out/>
  <testcase classname="org.test.TeamModule" name="searchContractorPhoneNumberValidation" time="4.025"/>
  <system-out/>
  <testcase classname="org.test.TeamModule" name="searchContractorEmailValidation" time="2.292"/>
  <system-out/>
  <testcase classname="org.test.TeamModule" name="filterByCompany" time="2.127"/>
  <system-out/>
  <testcase classname="org.test.TeamModule" name="invalidDatasValidation" time="1.536"/>
  <system-out/>
  <testcase classname="org.test.TeamModule" name="landingOnContractorEditForm" time="2.418"/>
  <system-out/>
  <testcase classname="org.test.TeamModule" name="editContractorDetail" time="10.570"/>
  <system-out/>
  <testcase classname="org.test.TeamModule" name="deleteContractorDetail" time="3.596"/>
  <system-out/>
  <testcase classname="org.test.TeamModule" name="landOnSendInvitePage" time="0.922"/>
  <system-out/>
  <testcase classname="org.test.TeamModule" name="verifyEmailRequired" time="0.089"/>
  <system-out/>
  <testcase classname="org.test.TeamModule" name="verfiyEmailFormat" time="1.235"/>
  <system-out/>
  <testcase classname="org.test.TeamModule" name="verifyFirstName" time="0.191"/>
  <system-out/>
  <testcase classname="org.test.TeamModule" name="verifyFirstNamewithBlankSpace" time="2.218"/>
  <system-out/>
  <testcase classname="org.test.TeamModule" name="verifyUserEnterMessage" time="3.873"/>
  <system-out/>
  <testcase classname="org.test.TeamModule" name="verfiyAddMoreButton" time="0.093"/>
  <system-out/>
  <testcase classname="org.test.TeamModule" name="verifyUserSendInvite" time="2.574"/>
  <system-out/>
</testsuite> <!-- org.test.TeamModule -->
