<?xml version="1.0" encoding="UTF-8"?>
<!-- Generated by org.testng.reporters.JUnitReportReporter -->
<testsuite hostname="DESKTOP-5M7AM2E" failures="0" tests="7" name="org.test.Login" time="46.562" errors="0" timestamp="2023-01-07T15:33:55 IST" skipped="0">
  <testcase classname="org.test.Login" name="verifyEmptyEmail" time="8.706"/>
  <system-out/>
  <testcase classname="org.test.Login" name="verifyEmptyPassword" time="3.000"/>
  <system-out/>
  <testcase classname="org.test.Login" name="verifyIncorrectMail" time="2.520"/>
  <system-out/>
  <testcase classname="org.test.Login" name="verifyIncorrectPassword" time="2.935"/>
  <system-out/>
  <testcase classname="org.test.Login" name="verifyInvalidEmail" time="1.945"/>
  <system-out/>
  <testcase classname="org.test.Login" name="verifyInvalidCredentials" time="2.465"/>
  <system-out/>
  <testcase classname="org.test.Login" name="verify" time="24.991"/>
  <system-out/>
</testsuite> <!-- org.test.Login -->
