<?xml version="1.0" encoding="UTF-8"?>
<!-- Generated by org.testng.reporters.JUnitReportReporter -->
<testsuite hostname="DESKTOP-5M7AM2E" failures="0" tests="4" name="org.test.CustomerContactQuote" time="54.524" errors="0" timestamp="2023-01-18T19:32:33 IST" skipped="0">
  <testcase classname="org.test.CustomerContactQuote" name="loginPage" time="24.529"/>
  <system-out/>
  <testcase classname="org.test.CustomerContactQuote" name="contactModule" time="9.025"/>
  <system-out/>
  <testcase classname="org.test.CustomerContactQuote" name="CreateContact" time="12.937"/>
  <system-out/>
  <testcase classname="org.test.CustomerContactQuote" name="labelValidation" time="8.033"/>
  <system-out/>
</testsuite> <!-- org.test.CustomerContactQuote -->
