<?xml version="1.0" encoding="UTF-8"?>
<!-- Generated by org.testng.reporters.JUnitReportReporter -->
<testsuite hostname="DESKTOP-5M7AM2E" failures="0" tests="29" name="org.test.CustomerContactJob" time="226.397" errors="0" timestamp="2023-01-12T15:15:31 IST" skipped="0">
  <testcase classname="org.test.CustomerContactJob" name="loginPage" time="28.304"/>
  <system-out/>
  <testcase classname="org.test.CustomerContactJob" name="contactModule" time="10.542"/>
  <system-out/>
  <testcase classname="org.test.CustomerContactJob" name="CreateContact" time="24.192"/>
  <system-out/>
  <testcase classname="org.test.CustomerContactJob" name="labelValidation" time="33.229"/>
  <system-out/>
  <testcase classname="org.test.CustomerContactJob" name="maximumValidationTittle" time="6.707"/>
  <system-out/>
  <testcase classname="org.test.CustomerContactJob" name="mandatoryValidationDescription" time="0.123"/>
  <system-out/>
  <testcase classname="org.test.CustomerContactJob" name="maximumValidationDescription" time="4.050"/>
  <system-out/>
  <testcase classname="org.test.CustomerContactJob" name="maximumTagValidation" time="0.715"/>
  <system-out/>
  <testcase classname="org.test.CustomerContactJob" name="duplicateTagsValidation" time="0.381"/>
  <system-out/>
  <testcase classname="org.test.CustomerContactJob" name="maxTagLimitValidation" time="7.911"/>
  <system-out/>
  <testcase classname="org.test.CustomerContactJob" name="maximumValidationNotes" time="4.042"/>
  <system-out/>
  <testcase classname="org.test.CustomerContactJob" name="unsssignedJob" time="12.605"/>
  <system-out/>
  <testcase classname="org.test.CustomerContactJob" name="jobUnassignedStatus" time="2.623"/>
  <system-out/>
  <testcase classname="org.test.CustomerContactJob" name="editJobwithFromDateFromTime" time="17.977"/>
  <system-out/>
  <testcase classname="org.test.CustomerContactJob" name="createJob_FromDateandTime_ToDateandTime" time="17.277"/>
  <system-out/>
  <testcase classname="org.test.CustomerContactJob" name="jobScheduleStatus" time="2.627"/>
  <system-out/>
  <testcase classname="org.test.CustomerContactJob" name="dispatchedJob" time="4.476"/>
  <system-out/>
  <testcase classname="org.test.CustomerContactJob" name="jobDispatchedStatus" time="1.092"/>
  <system-out/>
  <testcase classname="org.test.CustomerContactJob" name="startedJob" time="5.008"/>
  <system-out/>
  <testcase classname="org.test.CustomerContactJob" name="jobStartedStatus" time="0.570"/>
  <system-out/>
  <testcase classname="org.test.CustomerContactJob" name="completedJob" time="5.053"/>
  <system-out/>
  <testcase classname="org.test.CustomerContactJob" name="cancelledJob" time="5.029"/>
  <system-out/>
  <testcase classname="org.test.CustomerContactJob" name="jobCancelledStatus" time="1.207"/>
  <system-out/>
  <testcase classname="org.test.CustomerContactJob" name="jobDraftStatus" time="10.221"/>
  <system-out/>
  <testcase classname="org.test.CustomerContactJob" name="deletedJob" time="2.475"/>
  <system-out/>
  <testcase classname="org.test.CustomerContactJob" name="searchJobNo" time="4.484"/>
  <system-out/>
  <testcase classname="org.test.CustomerContactJob" name="searchLocation" time="5.415"/>
  <system-out/>
  <testcase classname="org.test.CustomerContactJob" name="searchFilterByDate" time="5.875"/>
  <system-out/>
  <testcase classname="org.test.CustomerContactJob" name="searchInvalid" time="2.187"/>
  <system-out/>
</testsuite> <!-- org.test.CustomerContactJob -->
