<?xml version="1.0" encoding="UTF-8"?>
<!-- Generated by org.testng.reporters.JUnitReportReporter -->
<testsuite hostname="DESKTOP-5M7AM2E" failures="0" tests="26" name="org.test.TaxModule" time="155.059" errors="0" timestamp="2023-05-14T13:43:06 IST" skipped="0">
  <testcase classname="org.test.TaxModule" name="loginPage" time="27.948"/>
  <system-out/>
  <testcase classname="org.test.TaxModule" name="settingModule" time="1.975"/>
  <system-out/>
  <testcase classname="org.test.TaxModule" name="createFormLabel" time="0.773"/>
  <system-out/>
  <testcase classname="org.test.TaxModule" name="mandatoryValidationTaxName" time="0.213"/>
  <system-out/>
  <testcase classname="org.test.TaxModule" name="mandatoryValidationDescription" time="0.038"/>
  <system-out/>
  <testcase classname="org.test.TaxModule" name="maximumValidationProductName" time="7.310"/>
  <system-out/>
  <testcase classname="org.test.TaxModule" name="maximumValidationTaxPercentage" time="7.300"/>
  <system-out/>
  <testcase classname="org.test.TaxModule" name="subTaxPercentageEqual" time="7.238"/>
  <system-out/>
  <testcase classname="org.test.TaxModule" name="subTaxNameUnique" time="6.482"/>
  <system-out/>
  <testcase classname="org.test.TaxModule" name="createButton" time="0.041"/>
  <system-out/>
  <testcase classname="org.test.TaxModule" name="createTax" time="7.198"/>
  <system-out/>
  <testcase classname="org.test.TaxModule" name="uniqueValidationTaxName" time="7.721"/>
  <system-out/>
  <testcase classname="org.test.TaxModule" name="createdTaxList" time="0.039"/>
  <system-out/>
  <testcase classname="org.test.TaxModule" name="editFormLabel" time="3.835"/>
  <system-out/>
  <testcase classname="org.test.TaxModule" name="editmandatoryValidationTaxName" time="0.201"/>
  <system-out/>
  <testcase classname="org.test.TaxModule" name="editmandatoryValidationDescription" time="0.039"/>
  <system-out/>
  <testcase classname="org.test.TaxModule" name="editmaximumValidationProductName" time="7.705"/>
  <system-out/>
  <testcase classname="org.test.TaxModule" name="editmaximumValidationTaxPercentage" time="7.267"/>
  <system-out/>
  <testcase classname="org.test.TaxModule" name="editsubTaxNameUnique" time="6.426"/>
  <system-out/>
  <testcase classname="org.test.TaxModule" name="editsubTaxPercentageEqual" time="7.245"/>
  <system-out/>
  <testcase classname="org.test.TaxModule" name="updateButton" time="0.049"/>
  <system-out/>
  <testcase classname="org.test.TaxModule" name="updatedTax" time="7.159"/>
  <system-out/>
  <testcase classname="org.test.TaxModule" name="deleteTax" time="7.390"/>
  <system-out/>
  <testcase classname="org.test.TaxModule" name="updatedTaxList" time="14.266"/>
  <system-out/>
  <testcase classname="org.test.TaxModule" name="createdTaxRefectProductService" time="15.139"/>
  <system-out/>
  <testcase classname="org.test.TaxModule" name="editTaxRefectProductService" time="4.062"/>
  <system-out/>
</testsuite> <!-- org.test.TaxModule -->
