<?xml version="1.0" encoding="UTF-8"?>
<!-- Generated by org.testng.reporters.JUnitReportReporter -->
<testsuite hostname="DESKTOP-5M7AM2E" failures="0" tests="107" name="org.test.TeamModule" time="210.972" errors="0" timestamp="2023-01-20T02:15:43 IST" skipped="0">
  <testcase classname="org.test.TeamModule" name="verify" time="26.739"/>
  <system-out/>
  <testcase classname="org.test.TeamModule" name="teamModule" time="8.654"/>
  <system-out/>
  <testcase classname="org.test.TeamModule" name="edit" time="5.413"/>
  <system-out/>
  <testcase classname="org.test.TeamModule" name="addLocation" time="4.770"/>
  <system-out/>
  <testcase classname="org.test.TeamModule" name="deleteLocation" time="2.749"/>
  <system-out/>
  <testcase classname="org.test.TeamModule" name="verifyContractorNameMandatory" time="2.820"/>
  <system-out/>
  <testcase classname="org.test.TeamModule" name="verifyContractorNumberMinValidation" time="0.504"/>
  <system-out/>
  <testcase classname="org.test.TeamModule" name="verifyContractorEmailFormat" time="0.396"/>
  <system-out/>
  <testcase classname="org.test.TeamModule" name="verifyContractorNumberMaxValidation" time="0.497"/>
  <system-out/>
  <testcase classname="org.test.TeamModule" name="verifyFaxMinValidation" time="0.277"/>
  <system-out/>
  <testcase classname="org.test.TeamModule" name="verifyFaxMaxValidation" time="0.494"/>
  <system-out/>
  <testcase classname="org.test.TeamModule" name="verifyCpersonFirstNameMaxValidation" time="1.379"/>
  <system-out/>
  <testcase classname="org.test.TeamModule" name="verifyCpersonLastNameMaxValidation" time="1.318"/>
  <system-out/>
  <testcase classname="org.test.TeamModule" name="maxValidationLocationNameField" time="2.507"/>
  <system-out/>
  <testcase classname="org.test.TeamModule" name="validateEmailField" time="0.292"/>
  <system-out/>
  <testcase classname="org.test.TeamModule" name="maxValidationEmailField" time="2.093"/>
  <system-out/>
  <testcase classname="org.test.TeamModule" name="minValidationPhoneNumberField" time="0.187"/>
  <system-out/>
  <testcase classname="org.test.TeamModule" name="maxValidationPhoneNumberField" time="0.180"/>
  <system-out/>
  <testcase classname="org.test.TeamModule" name="maxValidationAddress1Field" time="1.535"/>
  <system-out/>
  <testcase classname="org.test.TeamModule" name="maxValidationAddress2Field" time="1.596"/>
  <system-out/>
  <testcase classname="org.test.TeamModule" name="maxValidationStateField" time="1.519"/>
  <system-out/>
  <testcase classname="org.test.TeamModule" name="maxValidationCityField" time="1.538"/>
  <system-out/>
  <testcase classname="org.test.TeamModule" name="maxValidationZipcodeField" time="0.211"/>
  <system-out/>
  <testcase classname="org.test.TeamModule" name="minValidationZipcodeField" time="0.140"/>
  <system-out/>
  <testcase classname="org.test.TeamModule" name="characterValidationZipcodeField" time="0.161"/>
  <system-out/>
  <testcase classname="org.test.TeamModule" name="maxValidationContactPerson" time="1.601"/>
  <system-out/>
  <testcase classname="org.test.TeamModule" name="verifySaveButtonExist" time="0.047"/>
  <system-out/>
  <testcase classname="org.test.TeamModule" name="createContract" time="3.960"/>
  <system-out/>
  <testcase classname="org.test.TeamModule" name="companiesContractorCount" time="0.647"/>
  <system-out/>
  <testcase classname="org.test.TeamModule" name="contractotCompanyNameExistedValidation" time="1.996"/>
  <system-out/>
  <testcase classname="org.test.TeamModule" name="contractorAlreadyEmailValidation" time="3.242"/>
  <system-out/>
  <testcase classname="org.test.TeamModule" name="listValidationName" time="1.160"/>
  <system-out/>
  <testcase classname="org.test.TeamModule" name="searchCompanyNameListValidation" time="1.824"/>
  <system-out/>
  <testcase classname="org.test.TeamModule" name="searchNameListValidation" time="1.714"/>
  <system-out/>
  <testcase classname="org.test.TeamModule" name="searchEmailListValidation" time="1.739"/>
  <system-out/>
  <testcase classname="org.test.TeamModule" name="searchPhoneNumberListValidation" time="1.717"/>
  <system-out/>
  <testcase classname="org.test.TeamModule" name="invalidValidationData" time="1.582"/>
  <system-out/>
  <testcase classname="org.test.TeamModule" name="editContractorPage" time="2.728"/>
  <system-out/>
  <testcase classname="org.test.TeamModule" name="editContractorDetails" time="6.213"/>
  <system-out/>
  <testcase classname="org.test.TeamModule" name="deleteContractorDetails" time="2.872"/>
  <system-out/>
  <testcase classname="org.test.TeamModule" name="landingUserFormPage" time="3.800"/>
  <system-out/>
  <testcase classname="org.test.TeamModule" name="mandatoryValidationFirstNameField" time="0.449"/>
  <system-out/>
  <testcase classname="org.test.TeamModule" name="mandatoryValidationTypeField" time="0.640"/>
  <system-out/>
  <testcase classname="org.test.TeamModule" name="mandatoryValidationEmailField" time="0.429"/>
  <system-out/>
  <testcase classname="org.test.TeamModule" name="maxValidationFirstNameField" time="1.225"/>
  <system-out/>
  <testcase classname="org.test.TeamModule" name="maxValidationLastNameField" time="1.144"/>
  <system-out/>
  <testcase classname="org.test.TeamModule" name="maxValidationJobTittleField" time="1.221"/>
  <system-out/>
  <testcase classname="org.test.TeamModule" name="maxValidationEmailFields" time="1.254"/>
  <system-out/>
  <testcase classname="org.test.TeamModule" name="invalidEmailValidation" time="0.318"/>
  <system-out/>
  <testcase classname="org.test.TeamModule" name="minValidatonPhoneNumber" time="0.246"/>
  <system-out/>
  <testcase classname="org.test.TeamModule" name="maxValidatonPhoneNumber" time="0.477"/>
  <system-out/>
  <testcase classname="org.test.TeamModule" name="maxValidationLocationName" time="1.223"/>
  <system-out/>
  <testcase classname="org.test.TeamModule" name="maxValidationAddress1" time="1.117"/>
  <system-out/>
  <testcase classname="org.test.TeamModule" name="maxValidationAddress2" time="1.193"/>
  <system-out/>
  <testcase classname="org.test.TeamModule" name="maxValidationState" time="1.118"/>
  <system-out/>
  <testcase classname="org.test.TeamModule" name="maxValidationCity" time="1.073"/>
  <system-out/>
  <testcase classname="org.test.TeamModule" name="minValidationZipcode" time="0.211"/>
  <system-out/>
  <testcase classname="org.test.TeamModule" name="specialCharacterValidationZipcode" time="0.163"/>
  <system-out/>
  <testcase classname="org.test.TeamModule" name="maxValidationZipcode" time="0.363"/>
  <system-out/>
  <testcase classname="org.test.TeamModule" name="userCreate" time="4.015"/>
  <system-out/>
  <testcase classname="org.test.TeamModule" name="createdListName" time="1.693"/>
  <system-out/>
  <testcase classname="org.test.TeamModule" name="alreadyExistedMailValidation" time="5.444"/>
  <system-out/>
  <testcase classname="org.test.TeamModule" name="searchNameValidation" time="2.259"/>
  <system-out/>
  <testcase classname="org.test.TeamModule" name="searchPhoneNumberValidation" time="1.800"/>
  <system-out/>
  <testcase classname="org.test.TeamModule" name="searchEmailValidation" time="1.778"/>
  <system-out/>
  <testcase classname="org.test.TeamModule" name="invalidDataValidation" time="2.171"/>
  <system-out/>
  <testcase classname="org.test.TeamModule" name="landingOnEditForm" time="2.681"/>
  <system-out/>
  <testcase classname="org.test.TeamModule" name="editUserDetails" time="5.594"/>
  <system-out/>
  <testcase classname="org.test.TeamModule" name="deleteUserDetails" time="3.666"/>
  <system-out/>
  <testcase classname="org.test.TeamModule" name="landingContractorFormPage" time="3.570"/>
  <system-out/>
  <testcase classname="org.test.TeamModule" name="mandatoryValidationContractorFirstNameField" time="0.320"/>
  <system-out/>
  <testcase classname="org.test.TeamModule" name="mandatoryValidationContractorEmailField" time="0.286"/>
  <system-out/>
  <testcase classname="org.test.TeamModule" name="mandatoryOrganizationName" time="2.712"/>
  <system-out/>
  <testcase classname="org.test.TeamModule" name="maxValidationContractorFirstNameField" time="0.807"/>
  <system-out/>
  <testcase classname="org.test.TeamModule" name="maxValidationContractorLastNameField" time="0.745"/>
  <system-out/>
  <testcase classname="org.test.TeamModule" name="invalidContractorEmailValidation" time="0.254"/>
  <system-out/>
  <testcase classname="org.test.TeamModule" name="maxValidationContractorEmailFields" time="0.824"/>
  <system-out/>
  <testcase classname="org.test.TeamModule" name="minValidatonContractorPhoneNumber" time="0.186"/>
  <system-out/>
  <testcase classname="org.test.TeamModule" name="maxValidatonContractorPhoneNumber" time="0.380"/>
  <system-out/>
  <testcase classname="org.test.TeamModule" name="maxValidationContractorLocationName" time="0.841"/>
  <system-out/>
  <testcase classname="org.test.TeamModule" name="maxValidationContractorAddress1" time="0.725"/>
  <system-out/>
  <testcase classname="org.test.TeamModule" name="maxValidationContractorAddress2" time="0.733"/>
  <system-out/>
  <testcase classname="org.test.TeamModule" name="maxValidationContractorState" time="0.738"/>
  <system-out/>
  <testcase classname="org.test.TeamModule" name="maxValidationContractorCity" time="0.761"/>
  <system-out/>
  <testcase classname="org.test.TeamModule" name="minValidationContractorZipcode" time="0.184"/>
  <system-out/>
  <testcase classname="org.test.TeamModule" name="specialCharacterValidationContractorZipcode" time="0.154"/>
  <system-out/>
  <testcase classname="org.test.TeamModule" name="maxValidationContractorZipcode" time="0.327"/>
  <system-out/>
  <testcase classname="org.test.TeamModule" name="userContractorCreate" time="4.738"/>
  <system-out/>
  <testcase classname="org.test.TeamModule" name="userContractorCount" time="1.638"/>
  <system-out/>
  <testcase classname="org.test.TeamModule" name="createdContractorListName" time="0.053"/>
  <system-out/>
  <testcase classname="org.test.TeamModule" name="alreadyExistedContractorMailValidation" time="5.235"/>
  <system-out/>
  <testcase classname="org.test.TeamModule" name="searchContractorNameValidation" time="3.404"/>
  <system-out/>
  <testcase classname="org.test.TeamModule" name="searchContractorPhoneNumberValidation" time="1.914"/>
  <system-out/>
  <testcase classname="org.test.TeamModule" name="searchContractorEmailValidation" time="1.973"/>
  <system-out/>
  <testcase classname="org.test.TeamModule" name="filterByCompany" time="1.647"/>
  <system-out/>
  <testcase classname="org.test.TeamModule" name="invalidDatasValidation" time="1.466"/>
  <system-out/>
  <testcase classname="org.test.TeamModule" name="landingOnContractorEditForm" time="1.958"/>
  <system-out/>
  <testcase classname="org.test.TeamModule" name="editContractorDetail" time="6.431"/>
  <system-out/>
  <testcase classname="org.test.TeamModule" name="deleteContractorDetail" time="3.614"/>
  <system-out/>
  <testcase classname="org.test.TeamModule" name="landOnSendInvitePage" time="1.524"/>
  <system-out/>
  <testcase classname="org.test.TeamModule" name="verifyEmailRequired" time="0.136"/>
  <system-out/>
  <testcase classname="org.test.TeamModule" name="verfiyEmailFormat" time="1.339"/>
  <system-out/>
  <testcase classname="org.test.TeamModule" name="verifyFirstName" time="0.277"/>
  <system-out/>
  <testcase classname="org.test.TeamModule" name="verifyFirstNamewithBlankSpace" time="2.317"/>
  <system-out/>
  <testcase classname="org.test.TeamModule" name="verifyUserEnterMessage" time="4.020"/>
  <system-out/>
  <testcase classname="org.test.TeamModule" name="verfiyAddMoreButton" time="0.127"/>
  <system-out/>
  <testcase classname="org.test.TeamModule" name="verifyUserSendInvite" time="2.838"/>
  <system-out/>
</testsuite> <!-- org.test.TeamModule -->
