<?xml version="1.0" encoding="UTF-8"?>
<!-- Generated by org.testng.reporters.JUnitReportReporter -->
<testsuite hostname="DESKTOP-5M7AM2E" failures="0" tests="4" name="org.enhancement.GlobalOrganizationQuote" time="60.605" errors="0" timestamp="2023-04-23T20:36:39 IST" skipped="0">
  <testcase classname="org.enhancement.GlobalOrganizationQuote" name="loginPage" time="18.903"/>
  <system-out/>
  <testcase classname="org.enhancement.GlobalOrganizationQuote" name="quoteModule" time="3.871"/>
  <system-out/>
  <testcase classname="org.enhancement.GlobalOrganizationQuote" name="labelValidation" time="0.853"/>
  <system-out/>
  <testcase classname="org.enhancement.GlobalOrganizationQuote" name="createQuote" time="36.978"/>
  <system-out/>
</testsuite> <!-- org.enhancement.GlobalOrganizationQuote -->
