<?xml version="1.0" encoding="UTF-8"?>
<!-- Generated by org.testng.reporters.JUnitReportReporter -->
<testsuite hostname="DESKTOP-5M7AM2E" failures="0" tests="38" name="org.test.ServiceModule" time="162.200" errors="0" timestamp="2023-05-28T19:37:42 IST" skipped="0">
  <testcase classname="org.test.ServiceModule" name="loginPage" time="32.550"/>
  <system-out/>
  <testcase classname="org.test.ServiceModule" name="settingModule" time="1.640"/>
  <system-out/>
  <testcase classname="org.test.ServiceModule" name="createFormLabel" time="1.414"/>
  <system-out/>
  <testcase classname="org.test.ServiceModule" name="mandatoryValidationServiceName" time="0.353"/>
  <system-out/>
  <testcase classname="org.test.ServiceModule" name="mandatoryValidationDescription" time="0.107"/>
  <system-out/>
  <testcase classname="org.test.ServiceModule" name="mandatoryValidationPrice" time="0.062"/>
  <system-out/>
  <testcase classname="org.test.ServiceModule" name="mandatoryValidationTaxName" time="0.705"/>
  <system-out/>
  <testcase classname="org.test.ServiceModule" name="mandatoryValidationTaxPercentage" time="0.065"/>
  <system-out/>
  <testcase classname="org.test.ServiceModule" name="maximumValidationServiceName" time="3.997"/>
  <system-out/>
  <testcase classname="org.test.ServiceModule" name="maximumValidationDescription" time="3.519"/>
  <system-out/>
  <testcase classname="org.test.ServiceModule" name="maximumValidationPrice" time="0.200"/>
  <system-out/>
  <testcase classname="org.test.ServiceModule" name="beforeDecimalPointPriceField" time="0.195"/>
  <system-out/>
  <testcase classname="org.test.ServiceModule" name="afterDecimalPointPriceField" time="0.203"/>
  <system-out/>
  <testcase classname="org.test.ServiceModule" name="beforeDecimalPointTaxPercentageField" time="0.381"/>
  <system-out/>
  <testcase classname="org.test.ServiceModule" name="afterDecimalPointTaxPercentageField" time="0.325"/>
  <system-out/>
  <testcase classname="org.test.ServiceModule" name="createButton" time="0.180"/>
  <system-out/>
  <testcase classname="org.test.ServiceModule" name="createProduct" time="9.166"/>
  <system-out/>
  <testcase classname="org.test.ServiceModule" name="editFormLabel" time="5.205"/>
  <system-out/>
  <testcase classname="org.test.ServiceModule" name="editmandatoryValidationServiceName" time="0.216"/>
  <system-out/>
  <testcase classname="org.test.ServiceModule" name="editmandatoryValidationDescription" time="0.054"/>
  <system-out/>
  <testcase classname="org.test.ServiceModule" name="editmandatoryValidationPrice" time="0.147"/>
  <system-out/>
  <testcase classname="org.test.ServiceModule" name="editmandatoryValidationTaxName" time="0.873"/>
  <system-out/>
  <testcase classname="org.test.ServiceModule" name="editmandatoryValidationTaxPercentage" time="0.061"/>
  <system-out/>
  <testcase classname="org.test.ServiceModule" name="editmaximumValidationProductName" time="3.995"/>
  <system-out/>
  <testcase classname="org.test.ServiceModule" name="editmaximumValidationDescription" time="3.484"/>
  <system-out/>
  <testcase classname="org.test.ServiceModule" name="editmaximumValidationPrice" time="0.200"/>
  <system-out/>
  <testcase classname="org.test.ServiceModule" name="editbeforeDecimalPointPriceField" time="0.202"/>
  <system-out/>
  <testcase classname="org.test.ServiceModule" name="editafterDecimalPointPriceField" time="0.211"/>
  <system-out/>
  <testcase classname="org.test.ServiceModule" name="editbeforeDecimalPointTaxPercentageField" time="0.354"/>
  <system-out/>
  <testcase classname="org.test.ServiceModule" name="editafterDecimalPointTaxPercentageField" time="0.335"/>
  <system-out/>
  <testcase classname="org.test.ServiceModule" name="updateButton" time="0.176"/>
  <system-out/>
  <testcase classname="org.test.ServiceModule" name="updateProduct" time="8.605"/>
  <system-out/>
  <testcase classname="org.test.ServiceModule" name="searchServiceName" time="1.716"/>
  <system-out/>
  <testcase classname="org.test.ServiceModule" name="searchInvalid" time="1.793"/>
  <system-out/>
  <testcase classname="org.test.ServiceModule" name="deletedService" time="16.244"/>
  <system-out/>
  <testcase classname="org.test.ServiceModule" name="reflectQuotePage" time="32.898"/>
  <system-out/>
  <testcase classname="org.test.ServiceModule" name="inactiveProduct" time="20.262"/>
  <system-out/>
  <testcase classname="org.test.ServiceModule" name="deleteProduct" time="10.107"/>
  <system-out/>
</testsuite> <!-- org.test.ServiceModule -->
