<?xml version="1.0" encoding="UTF-8"?>
<!-- Generated by org.testng.reporters.JUnitReportReporter -->
<testsuite hostname="DESKTOP-5M7AM2E" failures="0" tests="20" name="org.test.LeadSource" time="150.126" errors="0" timestamp="2023-04-28T13:35:00 IST" skipped="0">
  <testcase classname="org.test.LeadSource" name="loginPage" time="40.842"/>
  <system-out/>
  <testcase classname="org.test.LeadSource" name="settingModule" time="3.843"/>
  <system-out/>
  <testcase classname="org.test.LeadSource" name="leadSourceLabel" time="0.436"/>
  <system-out/>
  <testcase classname="org.test.LeadSource" name="createFormLabel" time="0.890"/>
  <system-out/>
  <testcase classname="org.test.LeadSource" name="maximumValidationLeadSource" time="5.997"/>
  <system-out/>
  <testcase classname="org.test.LeadSource" name="mandatoryValidation" time="1.400"/>
  <system-out/>
  <testcase classname="org.test.LeadSource" name="verifySaveButtonExist" time="0.543"/>
  <system-out/>
  <testcase classname="org.test.LeadSource" name="leadSourceCreate" time="8.364"/>
  <system-out/>
  <testcase classname="org.test.LeadSource" name="leadSourceCreateList" time="0.078"/>
  <system-out/>
  <testcase classname="org.test.LeadSource" name="activeStatus" time="0.213"/>
  <system-out/>
  <testcase classname="org.test.LeadSource" name="editFormLabel" time="2.354"/>
  <system-out/>
  <testcase classname="org.test.LeadSource" name="editmandatoryValidation" time="1.246"/>
  <system-out/>
  <testcase classname="org.test.LeadSource" name="editmaximumValidationLeadSource" time="6.283"/>
  <system-out/>
  <testcase classname="org.test.LeadSource" name="verifyUpdateButtonExist" time="0.544"/>
  <system-out/>
  <testcase classname="org.test.LeadSource" name="leadSourceUpdate" time="8.097"/>
  <system-out/>
  <testcase classname="org.test.LeadSource" name="alreadyExists" time="2.226"/>
  <system-out/>
  <testcase classname="org.test.LeadSource" name="deleteBusinessUnit" time="17.892"/>
  <system-out/>
  <testcase classname="org.test.LeadSource" name="reflectCreateContactPage" time="26.609"/>
  <system-out/>
  <testcase classname="org.test.LeadSource" name="inactiveLeadSource" time="15.929"/>
  <system-out/>
  <testcase classname="org.test.LeadSource" name="deleteLeadSource" time="6.340"/>
  <system-out/>
</testsuite> <!-- org.test.LeadSource -->
