<?xml version="1.0" encoding="UTF-8"?>
<!-- Generated by org.testng.reporters.JUnitReportReporter -->
<testsuite hostname="DESKTOP-5M7AM2E" failures="0" tests="6" name="org.enhancement.CustomerOrganizationQuote" time="153.565" errors="0" timestamp="2023-05-25T11:49:57 IST" skipped="0">
  <testcase classname="org.enhancement.CustomerOrganizationQuote" name="loginPage" time="24.084"/>
  <system-out/>
  <testcase classname="org.enhancement.CustomerOrganizationQuote" name="contactModule" time="8.319"/>
  <system-out/>
  <testcase classname="org.enhancement.CustomerOrganizationQuote" name="createOrganization" time="24.519"/>
  <system-out/>
  <testcase classname="org.enhancement.CustomerOrganizationQuote" name="listabelValidation" time="8.567"/>
  <system-out/>
  <testcase classname="org.enhancement.CustomerOrganizationQuote" name="labelValidation" time="1.427"/>
  <system-out/>
  <testcase classname="org.enhancement.CustomerOrganizationQuote" name="createQuote" time="86.649"/>
  <system-out/>
</testsuite> <!-- org.enhancement.CustomerOrganizationQuote -->
