<?xml version="1.0" encoding="UTF-8"?>
<!-- Generated by org.testng.reporters.JUnitReportReporter -->
<<<<<<< HEAD
<testsuite hostname="DESKTOP-5M7AM2E" failures="0" tests="26" name="org.test.TaxModule" time="201.459" errors="0" timestamp="2023-05-12T15:10:56 IST" skipped="0">
  <testcase classname="org.test.TaxModule" name="loginPage" time="46.857"/>
  <system-out/>
  <testcase classname="org.test.TaxModule" name="settingModule" time="1.508"/>
  <system-out/>
  <testcase classname="org.test.TaxModule" name="createFormLabel" time="1.046"/>
  <system-out/>
  <testcase classname="org.test.TaxModule" name="mandatoryValidationTaxName" time="0.296"/>
  <system-out/>
  <testcase classname="org.test.TaxModule" name="mandatoryValidationDescription" time="0.084"/>
  <system-out/>
  <testcase classname="org.test.TaxModule" name="maximumValidationProductName" time="8.850"/>
  <system-out/>
  <testcase classname="org.test.TaxModule" name="maximumValidationTaxPercentage" time="7.796"/>
  <system-out/>
  <testcase classname="org.test.TaxModule" name="subTaxPercentageEqual" time="7.747"/>
  <system-out/>
  <testcase classname="org.test.TaxModule" name="subTaxNameUnique" time="6.595"/>
  <system-out/>
  <testcase classname="org.test.TaxModule" name="createButton" time="0.118"/>
  <system-out/>
  <testcase classname="org.test.TaxModule" name="createTax" time="7.575"/>
  <system-out/>
  <testcase classname="org.test.TaxModule" name="uniqueValidationTaxName" time="7.865"/>
  <system-out/>
  <testcase classname="org.test.TaxModule" name="createdTaxList" time="0.080"/>
  <system-out/>
  <testcase classname="org.test.TaxModule" name="editFormLabel" time="3.217"/>
  <system-out/>
  <testcase classname="org.test.TaxModule" name="editmandatoryValidationTaxName" time="0.268"/>
  <system-out/>
  <testcase classname="org.test.TaxModule" name="editmandatoryValidationDescription" time="0.074"/>
  <system-out/>
  <testcase classname="org.test.TaxModule" name="editmaximumValidationProductName" time="8.417"/>
  <system-out/>
  <testcase classname="org.test.TaxModule" name="editmaximumValidationTaxPercentage" time="7.341"/>
  <system-out/>
  <testcase classname="org.test.TaxModule" name="editsubTaxNameUnique" time="6.555"/>
  <system-out/>
  <testcase classname="org.test.TaxModule" name="editsubTaxPercentageEqual" time="7.897"/>
  <system-out/>
  <testcase classname="org.test.TaxModule" name="updateButton" time="0.103"/>
  <system-out/>
  <testcase classname="org.test.TaxModule" name="updatedTax" time="8.273"/>
  <system-out/>
  <testcase classname="org.test.TaxModule" name="deleteTax" time="7.188"/>
  <system-out/>
  <testcase classname="org.test.TaxModule" name="updatedTaxList" time="17.804"/>
  <system-out/>
  <testcase classname="org.test.TaxModule" name="createdTaxRefectProductService" time="33.556"/>
  <system-out/>
  <testcase classname="org.test.TaxModule" name="editTaxRefectProductService" time="4.349"/>
=======
<testsuite hostname="DESKTOP-5M7AM2E" failures="0" tests="26" name="org.test.TaxModule" time="155.059" errors="0" timestamp="2023-05-14T13:43:06 IST" skipped="0">
  <testcase classname="org.test.TaxModule" name="loginPage" time="27.948"/>
  <system-out/>
  <testcase classname="org.test.TaxModule" name="settingModule" time="1.975"/>
  <system-out/>
  <testcase classname="org.test.TaxModule" name="createFormLabel" time="0.773"/>
  <system-out/>
  <testcase classname="org.test.TaxModule" name="mandatoryValidationTaxName" time="0.213"/>
  <system-out/>
  <testcase classname="org.test.TaxModule" name="mandatoryValidationDescription" time="0.038"/>
  <system-out/>
  <testcase classname="org.test.TaxModule" name="maximumValidationProductName" time="7.310"/>
  <system-out/>
  <testcase classname="org.test.TaxModule" name="maximumValidationTaxPercentage" time="7.300"/>
  <system-out/>
  <testcase classname="org.test.TaxModule" name="subTaxPercentageEqual" time="7.238"/>
  <system-out/>
  <testcase classname="org.test.TaxModule" name="subTaxNameUnique" time="6.482"/>
  <system-out/>
  <testcase classname="org.test.TaxModule" name="createButton" time="0.041"/>
  <system-out/>
  <testcase classname="org.test.TaxModule" name="createTax" time="7.198"/>
  <system-out/>
  <testcase classname="org.test.TaxModule" name="uniqueValidationTaxName" time="7.721"/>
  <system-out/>
  <testcase classname="org.test.TaxModule" name="createdTaxList" time="0.039"/>
  <system-out/>
  <testcase classname="org.test.TaxModule" name="editFormLabel" time="3.835"/>
  <system-out/>
  <testcase classname="org.test.TaxModule" name="editmandatoryValidationTaxName" time="0.201"/>
  <system-out/>
  <testcase classname="org.test.TaxModule" name="editmandatoryValidationDescription" time="0.039"/>
  <system-out/>
  <testcase classname="org.test.TaxModule" name="editmaximumValidationProductName" time="7.705"/>
  <system-out/>
  <testcase classname="org.test.TaxModule" name="editmaximumValidationTaxPercentage" time="7.267"/>
  <system-out/>
  <testcase classname="org.test.TaxModule" name="editsubTaxNameUnique" time="6.426"/>
  <system-out/>
  <testcase classname="org.test.TaxModule" name="editsubTaxPercentageEqual" time="7.245"/>
  <system-out/>
  <testcase classname="org.test.TaxModule" name="updateButton" time="0.049"/>
  <system-out/>
  <testcase classname="org.test.TaxModule" name="updatedTax" time="7.159"/>
  <system-out/>
  <testcase classname="org.test.TaxModule" name="deleteTax" time="7.390"/>
  <system-out/>
  <testcase classname="org.test.TaxModule" name="updatedTaxList" time="14.266"/>
  <system-out/>
  <testcase classname="org.test.TaxModule" name="createdTaxRefectProductService" time="15.139"/>
  <system-out/>
  <testcase classname="org.test.TaxModule" name="editTaxRefectProductService" time="4.062"/>
>>>>>>> 8918fb077ada3f9074ba067a7b48b5e725492e12
  <system-out/>
</testsuite> <!-- org.test.TaxModule -->
