<?xml version="1.0" encoding="UTF-8"?>
<!-- Generated by org.testng.reporters.JUnitReportReporter -->
<testsuite hostname="DESKTOP-5M7AM2E" failures="0" tests="38" name="org.test.ServiceModule" time="179.353" errors="0" timestamp="2023-05-14T15:07:08 IST" skipped="0">
  <testcase classname="org.test.ServiceModule" name="loginPage" time="21.476"/>
  <system-out/>
  <testcase classname="org.test.ServiceModule" name="settingModule" time="2.511"/>
  <system-out/>
  <testcase classname="org.test.ServiceModule" name="createFormLabel" time="1.994"/>
  <system-out/>
  <testcase classname="org.test.ServiceModule" name="mandatoryValidationServiceName" time="0.248"/>
  <system-out/>
  <testcase classname="org.test.ServiceModule" name="mandatoryValidationDescription" time="0.074"/>
  <system-out/>
  <testcase classname="org.test.ServiceModule" name="mandatoryValidationPrice" time="0.072"/>
  <system-out/>
  <testcase classname="org.test.ServiceModule" name="mandatoryValidationTaxName" time="0.760"/>
  <system-out/>
  <testcase classname="org.test.ServiceModule" name="mandatoryValidationTaxPercentage" time="0.078"/>
  <system-out/>
  <testcase classname="org.test.ServiceModule" name="maximumValidationServiceName" time="3.969"/>
  <system-out/>
  <testcase classname="org.test.ServiceModule" name="maximumValidationDescription" time="3.512"/>
  <system-out/>
  <testcase classname="org.test.ServiceModule" name="maximumValidationPrice" time="0.198"/>
  <system-out/>
  <testcase classname="org.test.ServiceModule" name="beforeDecimalPointPriceField" time="0.187"/>
  <system-out/>
  <testcase classname="org.test.ServiceModule" name="afterDecimalPointPriceField" time="0.162"/>
  <system-out/>
  <testcase classname="org.test.ServiceModule" name="beforeDecimalPointTaxPercentageField" time="0.336"/>
  <system-out/>
  <testcase classname="org.test.ServiceModule" name="afterDecimalPointTaxPercentageField" time="0.301"/>
  <system-out/>
  <testcase classname="org.test.ServiceModule" name="createButton" time="0.167"/>
  <system-out/>
  <testcase classname="org.test.ServiceModule" name="createProduct" time="9.097"/>
  <system-out/>
  <testcase classname="org.test.ServiceModule" name="editFormLabel" time="5.381"/>
  <system-out/>
  <testcase classname="org.test.ServiceModule" name="editmandatoryValidationServiceName" time="0.230"/>
  <system-out/>
  <testcase classname="org.test.ServiceModule" name="editmandatoryValidationDescription" time="0.068"/>
  <system-out/>
  <testcase classname="org.test.ServiceModule" name="editmandatoryValidationPrice" time="0.058"/>
  <system-out/>
  <testcase classname="org.test.ServiceModule" name="editmandatoryValidationTaxName" time="1.007"/>
  <system-out/>
  <testcase classname="org.test.ServiceModule" name="editmandatoryValidationTaxPercentage" time="0.066"/>
  <system-out/>
  <testcase classname="org.test.ServiceModule" name="editmaximumValidationProductName" time="3.929"/>
  <system-out/>
  <testcase classname="org.test.ServiceModule" name="editmaximumValidationDescription" time="3.560"/>
  <system-out/>
  <testcase classname="org.test.ServiceModule" name="editmaximumValidationPrice" time="0.194"/>
  <system-out/>
  <testcase classname="org.test.ServiceModule" name="editbeforeDecimalPointPriceField" time="0.184"/>
  <system-out/>
  <testcase classname="org.test.ServiceModule" name="editafterDecimalPointPriceField" time="0.155"/>
  <system-out/>
  <testcase classname="org.test.ServiceModule" name="editbeforeDecimalPointTaxPercentageField" time="0.359"/>
  <system-out/>
  <testcase classname="org.test.ServiceModule" name="editafterDecimalPointTaxPercentageField" time="0.321"/>
  <system-out/>
  <testcase classname="org.test.ServiceModule" name="updateButton" time="0.161"/>
  <system-out/>
  <testcase classname="org.test.ServiceModule" name="updateProduct" time="25.065"/>
  <system-out/>
  <testcase classname="org.test.ServiceModule" name="searchServiceName" time="2.312"/>
  <system-out/>
  <testcase classname="org.test.ServiceModule" name="searchInvalid" time="1.860"/>
  <system-out/>
  <testcase classname="org.test.ServiceModule" name="deletedService" time="18.776"/>
  <system-out/>
  <testcase classname="org.test.ServiceModule" name="reflectQuotePage" time="37.947"/>
  <system-out/>
  <testcase classname="org.test.ServiceModule" name="inactiveProduct" time="22.524"/>
  <system-out/>
  <testcase classname="org.test.ServiceModule" name="deleteProduct" time="10.054"/>
  <system-out/>
</testsuite> <!-- org.test.ServiceModule -->
