<?xml version="1.0" encoding="UTF-8"?>
<!-- Generated by org.testng.reporters.JUnitReportReporter -->
<testsuite hostname="DESKTOP-5M7AM2E" failures="0" tests="70" name="org.test.CustomerOrganizationInvoice" time="197.064" errors="0" timestamp="2023-04-15T19:23:14 IST" skipped="0">
  <testcase classname="org.test.CustomerOrganizationInvoice" name="loginPage" time="20.647"/>
  <system-out/>
  <testcase classname="org.test.CustomerOrganizationInvoice" name="modulePage" time="8.307"/>
  <system-out/>
  <testcase classname="org.test.CustomerOrganizationInvoice" name="createOrganization" time="21.917"/>
  <system-out/>
  <testcase classname="org.test.CustomerOrganizationInvoice" name="labelValidation" time="9.138"/>
  <system-out/>
  <testcase classname="org.test.CustomerOrganizationInvoice" name="namePrepopulation" time="2.686"/>
  <system-out/>
  <testcase classname="org.test.CustomerOrganizationInvoice" name="autoCompleteOrganizationContactCreation" time="13.363"/>
  <system-out/>
  <testcase classname="org.test.CustomerOrganizationInvoice" name="mandatoryValidationDeuDate" time="0.599"/>
  <system-out/>
  <testcase classname="org.test.CustomerOrganizationInvoice" name="mandatoryValidationInventoryItem" time="0.070"/>
  <system-out/>
  <testcase classname="org.test.CustomerOrganizationInvoice" name="mandatoryValidationPrice" time="0.069"/>
  <system-out/>
  <testcase classname="org.test.CustomerOrganizationInvoice" name="mandatoryValidationQunatity" time="0.074"/>
  <system-out/>
  <testcase classname="org.test.CustomerOrganizationInvoice" name="mandatoryValidationDescription" time="0.065"/>
  <system-out/>
  <testcase classname="org.test.CustomerOrganizationInvoice" name="maximumValidationReference" time="5.846"/>
  <system-out/>
  <testcase classname="org.test.CustomerOrganizationInvoice" name="maximumValidationInvoiceTittle" time="0.627"/>
  <system-out/>
  <testcase classname="org.test.CustomerOrganizationInvoice" name="maximumValidationInventoryItem" time="0.944"/>
  <system-out/>
  <testcase classname="org.test.CustomerOrganizationInvoice" name="emptyValidationQuantityField" time="0.205"/>
  <system-out/>
  <testcase classname="org.test.CustomerOrganizationInvoice" name="maxQuanitityLimit" time="0.267"/>
  <system-out/>
  <testcase classname="org.test.CustomerOrganizationInvoice" name="afterDecimalPointValidationQuantityField" time="0.194"/>
  <system-out/>
  <testcase classname="org.test.CustomerOrganizationInvoice" name="beforeDecimalPointValidationQuantityField" time="0.285"/>
  <system-out/>
  <testcase classname="org.test.CustomerOrganizationInvoice" name="emptyValidationPriceField" time="0.208"/>
  <system-out/>
  <testcase classname="org.test.CustomerOrganizationInvoice" name="maxPriceLimit" time="0.196"/>
  <system-out/>
  <testcase classname="org.test.CustomerOrganizationInvoice" name="beforeDecimalPointPriceField" time="0.215"/>
  <system-out/>
  <testcase classname="org.test.CustomerOrganizationInvoice" name="afterDecimalPointPriceField" time="0.252"/>
  <system-out/>
  <testcase classname="org.test.CustomerOrganizationInvoice" name="afterDecimalPointDiscountField" time="0.216"/>
  <system-out/>
  <testcase classname="org.test.CustomerOrganizationInvoice" name="beforeDecimalPointDiscountField" time="0.175"/>
  <system-out/>
  <testcase classname="org.test.CustomerOrganizationInvoice" name="maxLimitDiscountField" time="0.172"/>
  <system-out/>
  <testcase classname="org.test.CustomerOrganizationInvoice" name="afterDecimalPointTaxField" time="0.222"/>
  <system-out/>
  <testcase classname="org.test.CustomerOrganizationInvoice" name="beforeDecimalPointTaxField" time="0.188"/>
  <system-out/>
  <testcase classname="org.test.CustomerOrganizationInvoice" name="maxLimitTaxField" time="0.229"/>
  <system-out/>
  <testcase classname="org.test.CustomerOrganizationInvoice" name="maximumValidationDescription" time="1.678"/>
  <system-out/>
  <testcase classname="org.test.CustomerOrganizationInvoice" name="maximumValidationNotes" time="3.569"/>
  <system-out/>
  <testcase classname="org.test.CustomerOrganizationInvoice" name="expiryFieldPastDateValidation" time="9.388"/>
  <system-out/>
  <testcase classname="org.test.CustomerOrganizationInvoice" name="validateCalculation" time="0.678"/>
  <system-out/>
  <testcase classname="org.test.CustomerOrganizationInvoice" name="createInvoice" time="14.451"/>
  <system-out/>
  <testcase classname="org.test.CustomerOrganizationInvoice" name="invoiceCreatedCount" time="0.135"/>
  <system-out/>
  <testcase classname="org.test.CustomerOrganizationInvoice" name="editLableValidation" time="17.544"/>
  <system-out/>
  <testcase classname="org.test.CustomerOrganizationInvoice" name="mandatoryValidationEditDueDate" time="0.783"/>
  <system-out/>
  <testcase classname="org.test.CustomerOrganizationInvoice" name="mandatoryValidationEditQunatity" time="0.061"/>
  <system-out/>
  <testcase classname="org.test.CustomerOrganizationInvoice" name="mandatoryValidationEditPrice" time="0.066"/>
  <system-out/>
  <testcase classname="org.test.CustomerOrganizationInvoice" name="mandatoryValidationEditDescription" time="0.071"/>
  <system-out/>
  <testcase classname="org.test.CustomerOrganizationInvoice" name="maximumValidationEditReference" time="0.631"/>
  <system-out/>
  <testcase classname="org.test.CustomerOrganizationInvoice" name="maximumValidationEditInvoiceTittle" time="0.614"/>
  <system-out/>
  <testcase classname="org.test.CustomerOrganizationInvoice" name="maximumValidationEditInventoryItem" time="0.953"/>
  <system-out/>
  <testcase classname="org.test.CustomerOrganizationInvoice" name="emptyValidationEditQuantityField" time="0.213"/>
  <system-out/>
  <testcase classname="org.test.CustomerOrganizationInvoice" name="maxEditQuanitityLimit" time="0.250"/>
  <system-out/>
  <testcase classname="org.test.CustomerOrganizationInvoice" name="afterEditDecimalPointValidationQuantityField" time="0.200"/>
  <system-out/>
  <testcase classname="org.test.CustomerOrganizationInvoice" name="beforeEditDecimalPointValidationQuantityField" time="0.290"/>
  <system-out/>
  <testcase classname="org.test.CustomerOrganizationInvoice" name="emptyValidationEditPriceField" time="0.236"/>
  <system-out/>
  <testcase classname="org.test.CustomerOrganizationInvoice" name="maxEditPriceLimit" time="0.192"/>
  <system-out/>
  <testcase classname="org.test.CustomerOrganizationInvoice" name="beforeEditDecimalPointPriceField" time="0.217"/>
  <system-out/>
  <testcase classname="org.test.CustomerOrganizationInvoice" name="afterEditDecimalPointPriceField" time="0.267"/>
  <system-out/>
  <testcase classname="org.test.CustomerOrganizationInvoice" name="afterEditDecimalPointDiscountField" time="0.223"/>
  <system-out/>
  <testcase classname="org.test.CustomerOrganizationInvoice" name="beforeEditDecimalPointDiscountField" time="0.187"/>
  <system-out/>
  <testcase classname="org.test.CustomerOrganizationInvoice" name="maxLimitEditDiscountField" time="0.175"/>
  <system-out/>
  <testcase classname="org.test.CustomerOrganizationInvoice" name="afterDecimalEditPointTaxField" time="0.219"/>
  <system-out/>
  <testcase classname="org.test.CustomerOrganizationInvoice" name="beforeDecimalEditPointTaxField" time="0.186"/>
  <system-out/>
  <testcase classname="org.test.CustomerOrganizationInvoice" name="maxEditLimitTaxField" time="0.235"/>
  <system-out/>
  <testcase classname="org.test.CustomerOrganizationInvoice" name="maximumEditValidationDescription" time="1.644"/>
  <system-out/>
  <testcase classname="org.test.CustomerOrganizationInvoice" name="maximumEditValidationNotes" time="3.510"/>
  <system-out/>
  <testcase classname="org.test.CustomerOrganizationInvoice" name="expiryEditFieldPastDateValidation" time="9.416"/>
  <system-out/>
  <testcase classname="org.test.CustomerOrganizationInvoice" name="updatedInvoice" time="13.531"/>
  <system-out/>
  <testcase classname="org.test.CustomerOrganizationInvoice" name="draftInvoice" time="8.995"/>
  <system-out/>
  <testcase classname="org.test.CustomerOrganizationInvoice" name="createdQuoteStatus" time="0.069"/>
  <system-out/>
  <testcase classname="org.test.CustomerOrganizationInvoice" name="UpdatedInvociePartialPayment" time="4.315"/>
  <system-out/>
  <testcase classname="org.test.CustomerOrganizationInvoice" name="partialPaidAmount" time="0.066"/>
  <system-out/>
  <testcase classname="org.test.CustomerOrganizationInvoice" name="fullyPaidAmount" time="0.097"/>
  <system-out/>
  <testcase classname="org.test.CustomerOrganizationInvoice" name="UpdatedInvociePaid" time="4.324"/>
  <system-out/>
  <testcase classname="org.test.CustomerOrganizationInvoice" name="listInvoiceNo" time="2.692"/>
  <system-out/>
  <testcase classname="org.test.CustomerOrganizationInvoice" name="listQuoteReference" time="3.582"/>
  <system-out/>
  <testcase classname="org.test.CustomerOrganizationInvoice" name="filterDateInvoice" time="2.046"/>
  <system-out/>
  <testcase classname="org.test.CustomerOrganizationInvoice" name="listInvalid" time="1.689"/>
  <system-out/>
</testsuite> <!-- org.test.CustomerOrganizationInvoice -->
