<?xml version="1.0" encoding="UTF-8"?>
<!-- Generated by org.testng.reporters.JUnitReportReporter -->
<testsuite hostname="DESKTOP-5M7AM2E" failures="0" tests="7" name="org.test.Login" time="41.667" errors="0" timestamp="2023-01-26T17:38:53 IST" skipped="0">
  <testcase classname="org.test.Login" name="verifyEmptyEmail" time="5.673"/>
  <system-out/>
  <testcase classname="org.test.Login" name="verifyEmptyPassword" time="2.652"/>
  <system-out/>
  <testcase classname="org.test.Login" name="verifyIncorrectMail" time="1.648"/>
  <system-out/>
  <testcase classname="org.test.Login" name="verifyIncorrectPassword" time="2.681"/>
  <system-out/>
  <testcase classname="org.test.Login" name="verifyInvalidEmail" time="2.124"/>
  <system-out/>
  <testcase classname="org.test.Login" name="verifyInvalidCredentials" time="2.135"/>
  <system-out/>
  <testcase classname="org.test.Login" name="verify" time="24.754"/>
  <system-out/>
</testsuite> <!-- org.test.Login -->
