<?xml version="1.0" encoding="UTF-8"?>
<!-- Generated by org.testng.reporters.JUnitReportReporter -->
<testsuite hostname="DESKTOP-5M7AM2E" failures="0" tests="26" name="org.test.OnBoardingModule" time="38.948" errors="0" timestamp="2023-01-27T18:58:57 IST" skipped="0">
  <testcase classname="org.test.OnBoardingModule" name="mandatoryBussinessNameFieldValidation" time="5.306"/>
  <system-out/>
  <testcase classname="org.test.OnBoardingModule" name="mandatoryEmailFieldValidation" time="0.951"/>
  <system-out/>
  <testcase classname="org.test.OnBoardingModule" name="alreadyBussinessNameValidation" time="1.118"/>
  <system-out/>
  <testcase classname="org.test.OnBoardingModule" name="specialCharacterBussinessNameValidation" time="0.221"/>
  <system-out/>
  <testcase classname="org.test.OnBoardingModule" name="maximumValidationBussinessName" time="1.107"/>
  <system-out/>
  <testcase classname="org.test.OnBoardingModule" name="maximumValidationBussinessWebSite" time="5.741"/>
  <system-out/>
  <testcase classname="org.test.OnBoardingModule" name="maximumValidationFirstName" time="0.850"/>
  <system-out/>
  <testcase classname="org.test.OnBoardingModule" name="maximumValidationLastName" time="1.105"/>
  <system-out/>
  <testcase classname="org.test.OnBoardingModule" name="maximumValidationEmail" time="1.264"/>
  <system-out/>
  <testcase classname="org.test.OnBoardingModule" name="validateEmailFormat" time="1.503"/>
  <system-out/>
  <testcase classname="org.test.OnBoardingModule" name="existingEmailValidation" time="1.169"/>
  <system-out/>
  <testcase classname="org.test.OnBoardingModule" name="correctValidationEmail" time="0.999"/>
  <system-out/>
  <testcase classname="org.test.OnBoardingModule" name="validateRadioButtonClickable" time="4.839"/>
  <system-out/>
  <testcase classname="org.test.OnBoardingModule" name="industryTypeFieldPresent" time="0.232"/>
  <system-out/>
  <testcase classname="org.test.OnBoardingModule" name="maximumValidationIndustryField" time="1.289"/>
  <system-out/>
  <testcase classname="org.test.OnBoardingModule" name="sizeCompanyValidation" time="1.628"/>
  <system-out/>
  <testcase classname="org.test.OnBoardingModule" name="validationRadioButtonIntrested" time="1.553"/>
  <system-out/>
  <testcase classname="org.test.OnBoardingModule" name="mandatoryValidationLocation" time="2.575"/>
  <system-out/>
  <testcase classname="org.test.OnBoardingModule" name="maximumValidationLocation" time="2.545"/>
  <system-out/>
  <testcase classname="org.test.OnBoardingModule" name="passwordMandatoryField" time="0.417"/>
  <system-out/>
  <testcase classname="org.test.OnBoardingModule" name="minValidationPassword" time="0.287"/>
  <system-out/>
  <testcase classname="org.test.OnBoardingModule" name="minValidationConfirmPassword" time="0.368"/>
  <system-out/>
  <testcase classname="org.test.OnBoardingModule" name="passwordFieldConditions" time="0.465"/>
  <system-out/>
  <testcase classname="org.test.OnBoardingModule" name="confirmPasswordFieldCondition" time="0.544"/>
  <system-out/>
  <testcase classname="org.test.OnBoardingModule" name="lowerCaseValidation" time="0.520"/>
  <system-out/>
  <testcase classname="org.test.OnBoardingModule" name="mismatchPassword" time="0.352"/>
  <system-out/>
</testsuite> <!-- org.test.OnBoardingModule -->
