<?xml version="1.0" encoding="UTF-8"?>
<!-- Generated by org.testng.reporters.JUnitReportReporter -->
<testsuite hostname="DESKTOP-5M7AM2E" failures="0" tests="11" name="org.test.SubscriptionYearlyTeamPack" time="62.468" errors="0" timestamp="2023-06-24T16:51:45 IST" skipped="0">
  <testcase classname="org.test.SubscriptionYearlyTeamPack" name="createTenant" time="42.693"/>
  <system-out/>
  <testcase classname="org.test.SubscriptionYearlyTeamPack" name="subDomineURL" time="0.041"/>
  <system-out/>
  <testcase classname="org.test.SubscriptionYearlyTeamPack" name="ownerName" time="0.080"/>
  <system-out/>
  <testcase classname="org.test.SubscriptionYearlyTeamPack" name="modulepage" time="11.008"/>
  <system-out/>
  <testcase classname="org.test.SubscriptionYearlyTeamPack" name="confirmPage" time="2.487"/>
  <system-out/>
  <testcase classname="org.test.SubscriptionYearlyTeamPack" name="proAmount" time="0.195"/>
  <system-out/>
  <testcase classname="org.test.SubscriptionYearlyTeamPack" name="totalAmount" time="0.177"/>
  <system-out/>
  <testcase classname="org.test.SubscriptionYearlyTeamPack" name="billingInformation" time="3.559"/>
  <system-out/>
  <testcase classname="org.test.SubscriptionYearlyTeamPack" name="billingInformationAmount" time="0.207"/>
  <system-out/>
  <testcase classname="org.test.SubscriptionYearlyTeamPack" name="paymentDetailsPage" time="1.842"/>
  <system-out/>
  <testcase classname="org.test.SubscriptionYearlyTeamPack" name="paymentDetailsAmount" time="0.179"/>
  <system-out/>
</testsuite> <!-- org.test.SubscriptionYearlyTeamPack -->
