<?xml version="1.0" encoding="UTF-8"?>
<!-- Generated by org.testng.reporters.JUnitReportReporter -->
<testsuite hostname="DESKTOP-5M7AM2E" failures="0" tests="64" name="org.test.TeamUserContractor" time="161.803" errors="0" timestamp="2023-06-02T17:58:22 IST" skipped="0">
  <testcase classname="org.test.TeamUserContractor" name="verify" time="24.402"/>
  <system-out/>
  <testcase classname="org.test.TeamUserContractor" name="TeamUserPage" time="12.410"/>
  <system-out/>
  <testcase classname="org.test.TeamUserContractor" name="landingOnCreateForm" time="1.274"/>
  <system-out/>
  <testcase classname="org.test.TeamUserContractor" name="mandatoryValidationContractorFirstNameField" time="0.664"/>
  <system-out/>
  <testcase classname="org.test.TeamUserContractor" name="mandatoryValidationContractorEmailField" time="0.197"/>
  <system-out/>
  <testcase classname="org.test.TeamUserContractor" name="mandatoryOrganizationName" time="0.184"/>
  <system-out/>
  <testcase classname="org.test.TeamUserContractor" name="maxValidationContractorFirstNameField" time="0.987"/>
  <system-out/>
  <testcase classname="org.test.TeamUserContractor" name="maxValidationContractorLastNameField" time="1.003"/>
  <system-out/>
  <testcase classname="org.test.TeamUserContractor" name="invalidContractorEmailValidation" time="0.352"/>
  <system-out/>
  <testcase classname="org.test.TeamUserContractor" name="maxValidationContractorEmailFields" time="1.294"/>
  <system-out/>
  <testcase classname="org.test.TeamUserContractor" name="minValidatonContractorPhoneNumber" time="0.641"/>
  <system-out/>
  <testcase classname="org.test.TeamUserContractor" name="specialCharacterPhoneNumberField" time="0.947"/>
  <system-out/>
  <testcase classname="org.test.TeamUserContractor" name="maxValidatonContractorPhoneNumber" time="5.448"/>
  <system-out/>
  <testcase classname="org.test.TeamUserContractor" name="maxValidationLocationName" time="1.140"/>
  <system-out/>
  <testcase classname="org.test.TeamUserContractor" name="maxValidationAddress1" time="1.083"/>
  <system-out/>
  <testcase classname="org.test.TeamUserContractor" name="maxValidationAddress2" time="1.110"/>
  <system-out/>
  <testcase classname="org.test.TeamUserContractor" name="maxValidationState" time="1.042"/>
  <system-out/>
  <testcase classname="org.test.TeamUserContractor" name="maxValidationCity" time="0.976"/>
  <system-out/>
  <testcase classname="org.test.TeamUserContractor" name="minValidationZipcode" time="0.293"/>
  <system-out/>
  <testcase classname="org.test.TeamUserContractor" name="specialCharacterValidationZipcode" time="0.269"/>
  <system-out/>
  <testcase classname="org.test.TeamUserContractor" name="maxValidationZipcode" time="1.120"/>
  <system-out/>
  <testcase classname="org.test.TeamUserContractor" name="verifySaveButtonExist" time="0.259"/>
  <system-out/>
  <testcase classname="org.test.TeamUserContractor" name="userCreate" time="10.073"/>
  <system-out/>
  <testcase classname="org.test.TeamUserContractor" name="userCount" time="2.342"/>
  <system-out/>
  <testcase classname="org.test.TeamUserContractor" name="alreadyExistedMailValidation" time="10.901"/>
  <system-out/>
  <testcase classname="org.test.TeamUserContractor" name="searchNameValidation" time="5.098"/>
  <system-out/>
  <testcase classname="org.test.TeamUserContractor" name="searchPhoneNumberValidation" time="5.376"/>
  <system-out/>
  <testcase classname="org.test.TeamUserContractor" name="searchEmailValidation" time="5.371"/>
  <system-out/>
  <testcase classname="org.test.TeamUserContractor" name="filterByCompany" time="3.597"/>
  <system-out/>
  <testcase classname="org.test.TeamUserContractor" name="invalidDataValidation" time="3.134"/>
  <system-out/>
  <testcase classname="org.test.TeamUserContractor" name="landingOnEditForm" time="11.223"/>
  <system-out/>
  <testcase classname="org.test.TeamUserContractor" name="firstNamePrepopulate" time="0.106"/>
  <system-out/>
  <testcase classname="org.test.TeamUserContractor" name="lastNamePrepopulate" time="0.111"/>
  <system-out/>
  <testcase classname="org.test.TeamUserContractor" name="emailPrepopulate" time="0.092"/>
  <system-out/>
  <testcase classname="org.test.TeamUserContractor" name="businessUnitPrepopulate" time="0.089"/>
  <system-out/>
  <testcase classname="org.test.TeamUserContractor" name="serviceTypePrepopulate" time="0.094"/>
  <system-out/>
  <testcase classname="org.test.TeamUserContractor" name="phoneNumberPrepopulate" time="0.091"/>
  <system-out/>
  <testcase classname="org.test.TeamUserContractor" name="contractorCompanyNamePrepopulate" time="0.276"/>
  <system-out/>
  <testcase classname="org.test.TeamUserContractor" name="locationNamePrepopulate" time="0.098"/>
  <system-out/>
  <testcase classname="org.test.TeamUserContractor" name="locationAddress1Prepopulate" time="0.090"/>
  <system-out/>
  <testcase classname="org.test.TeamUserContractor" name="locationAddress2Prepopulate" time="0.100"/>
  <system-out/>
  <testcase classname="org.test.TeamUserContractor" name="locationCityPrepopulate" time="0.096"/>
  <system-out/>
  <testcase classname="org.test.TeamUserContractor" name="locationStatePrepopulate" time="0.126"/>
  <system-out/>
  <testcase classname="org.test.TeamUserContractor" name="locationZipcodePrepopulate" time="0.756"/>
  <system-out/>
  <testcase classname="org.test.TeamUserContractor" name="editmandatoryValidationContractorFirstNameField" time="0.573"/>
  <system-out/>
  <testcase classname="org.test.TeamUserContractor" name="editmandatoryValidationContractorEmailField" time="3.694"/>
  <system-out/>
  <testcase classname="org.test.TeamUserContractor" name="editmaxValidationContractorFirstNameField" time="1.312"/>
  <system-out/>
  <testcase classname="org.test.TeamUserContractor" name="editmaxValidationContractorLastNameField" time="1.099"/>
  <system-out/>
  <testcase classname="org.test.TeamUserContractor" name="editinvalidContractorEmailValidation" time="0.466"/>
  <system-out/>
  <testcase classname="org.test.TeamUserContractor" name="editmaxValidationContractorEmailFields" time="1.037"/>
  <system-out/>
  <testcase classname="org.test.TeamUserContractor" name="editminValidatonContractorPhoneNumber" time="0.356"/>
  <system-out/>
  <testcase classname="org.test.TeamUserContractor" name="editspecialCharacterPhoneNumberField" time="0.407"/>
  <system-out/>
  <testcase classname="org.test.TeamUserContractor" name="editmaxValidatonContractorPhoneNumber" time="2.866"/>
  <system-out/>
  <testcase classname="org.test.TeamUserContractor" name="editmaxValidationLocationName" time="1.033"/>
  <system-out/>
  <testcase classname="org.test.TeamUserContractor" name="editmaxValidationAddress1" time="1.021"/>
  <system-out/>
  <testcase classname="org.test.TeamUserContractor" name="editmaxValidationAddress2" time="1.111"/>
  <system-out/>
  <testcase classname="org.test.TeamUserContractor" name="editmaxValidationState" time="1.016"/>
  <system-out/>
  <testcase classname="org.test.TeamUserContractor" name="editmaxValidationCity" time="0.963"/>
  <system-out/>
  <testcase classname="org.test.TeamUserContractor" name="editminValidationZipcode" time="0.381"/>
  <system-out/>
  <testcase classname="org.test.TeamUserContractor" name="editspecialCharacterValidationZipcode" time="0.278"/>
  <system-out/>
  <testcase classname="org.test.TeamUserContractor" name="editmaxValidationZipcode" time="1.046"/>
  <system-out/>
  <testcase classname="org.test.TeamUserContractor" name="verifyUpdateExist" time="0.276"/>
  <system-out/>
  <testcase classname="org.test.TeamUserContractor" name="userEdit" time="9.511"/>
  <system-out/>
  <testcase classname="org.test.TeamUserContractor" name="deleteUserDetails" time="17.022"/>
  <system-out/>
</testsuite> <!-- org.test.TeamUserContractor -->
