<?xml version="1.0" encoding="UTF-8"?>
<!-- Generated by org.testng.reporters.JUnitReportReporter -->
<testsuite skipped="0" hostname="CYBERSPACE" name="org.test.FieldyPrefixSettings" tests="18" failures="0" timestamp="2023-05-25T19:36:46 IST" time="200.499" errors="0">
  <testcase name="loginPage" time="32.702" classname="org.test.FieldyPrefixSettings"/>
  <system-out/>
  <testcase name="gotoprefixsettings" time="20.539" classname="org.test.FieldyPrefixSettings"/>
  <system-out/>
  <testcase name="errorMessageforEmptyJobPrefix" time="26.320" classname="org.test.FieldyPrefixSettings"/>
  <system-out/>
  <testcase name="errorMessageforMaxValidation" time="7.959" classname="org.test.FieldyPrefixSettings"/>
  <system-out/>
  <testcase name="errorMessageforPrefixRequired" time="7.410" classname="org.test.FieldyPrefixSettings"/>
  <system-out/>
  <testcase name="errorMessageforRequestPrefixMandatory" time="7.498" classname="org.test.FieldyPrefixSettings"/>
  <system-out/>
  <testcase name="errorMessageforRequestPrefixMaxCharacters" time="8.125" classname="org.test.FieldyPrefixSettings"/>
  <system-out/>
  <testcase name="errorMessageforRequestPrefixNumberMandatory" time="7.451" classname="org.test.FieldyPrefixSettings"/>
  <system-out/>
  <testcase name="errorMessageforRequestPrefixNumberMax" time="7.614" classname="org.test.FieldyPrefixSettings"/>
  <system-out/>
  <testcase name="errorMessageforQuotePrefixMandatory" time="7.406" classname="org.test.FieldyPrefixSettings"/>
  <system-out/>
  <testcase name="errorMessageforQuotePrefixMax" time="7.762" classname="org.test.FieldyPrefixSettings"/>
  <system-out/>
  <testcase name="errorMessageforQuoteNumMandatory" time="7.407" classname="org.test.FieldyPrefixSettings"/>
  <system-out/>
  <testcase name="errorMessageforQuoteNumMax" time="7.651" classname="org.test.FieldyPrefixSettings"/>
  <system-out/>
  <testcase name="errorMessageforInvoicePrefixMandatory" time="7.337" classname="org.test.FieldyPrefixSettings"/>
  <system-out/>
  <testcase name="errorMessageforInvoiceNameMax" time="7.532" classname="org.test.FieldyPrefixSettings"/>
  <system-out/>
  <testcase name="errorMessageforInvoiceNumMandatory" time="7.394" classname="org.test.FieldyPrefixSettings"/>
  <system-out/>
  <testcase name="errorMessageforInvoiceNumMax" time="7.469" classname="org.test.FieldyPrefixSettings"/>
  <system-out/>
  <testcase name="verifySuccessMessage" time="14.923" classname="org.test.FieldyPrefixSettings"/>
  <system-out/>
</testsuite> <!-- org.test.FieldyPrefixSettings -->
