<?xml version="1.0" encoding="UTF-8"?>
<!-- Generated by org.testng.reporters.JUnitReportReporter -->
<testsuite hostname="DESKTOP-5M7AM2E" failures="0" tests="38" name="org.test.ServiceModule" time="142.724" errors="0" timestamp="2023-04-23T22:29:52 IST" skipped="4">
  <testcase classname="org.test.ServiceModule" name="loginPage" time="20.055"/>
  <system-out/>
  <testcase classname="org.test.ServiceModule" name="settingModule" time="1.594"/>
  <system-out/>
  <testcase classname="org.test.ServiceModule" name="createFormLabel" time="1.429"/>
  <system-out/>
  <testcase classname="org.test.ServiceModule" name="mandatoryValidationServiceName" time="0.231"/>
  <system-out/>
  <testcase classname="org.test.ServiceModule" name="mandatoryValidationDescription" time="0.067"/>
  <system-out/>
  <testcase classname="org.test.ServiceModule" name="mandatoryValidationPrice" time="0.063"/>
  <system-out/>
  <testcase classname="org.test.ServiceModule" name="mandatoryValidationTaxName" time="0.715"/>
  <system-out/>
  <testcase classname="org.test.ServiceModule" name="mandatoryValidationTaxPercentage" time="0.065"/>
  <system-out/>
  <testcase classname="org.test.ServiceModule" name="maximumValidationServiceName" time="3.650"/>
  <system-out/>
  <testcase classname="org.test.ServiceModule" name="maximumValidationDescription" time="3.186"/>
  <system-out/>
  <testcase classname="org.test.ServiceModule" name="maximumValidationPrice" time="0.196"/>
  <system-out/>
  <testcase classname="org.test.ServiceModule" name="beforeDecimalPointPriceField" time="0.178"/>
  <system-out/>
  <testcase classname="org.test.ServiceModule" name="afterDecimalPointPriceField" time="0.163"/>
  <system-out/>
  <testcase classname="org.test.ServiceModule" name="beforeDecimalPointTaxPercentageField" time="0.341"/>
  <system-out/>
  <testcase classname="org.test.ServiceModule" name="afterDecimalPointTaxPercentageField" time="0.320"/>
  <system-out/>
  <testcase classname="org.test.ServiceModule" name="createButton" time="0.181"/>
  <system-out/>
  <testcase classname="org.test.ServiceModule" name="createProduct" time="8.529"/>
  <system-out/>
  <testcase classname="org.test.ServiceModule" name="editFormLabel" time="3.820"/>
  <system-out/>
  <testcase classname="org.test.ServiceModule" name="editmandatoryValidationServiceName" time="0.218"/>
  <system-out/>
  <testcase classname="org.test.ServiceModule" name="editmandatoryValidationDescription" time="0.068"/>
  <system-out/>
  <testcase classname="org.test.ServiceModule" name="editmandatoryValidationPrice" time="0.060"/>
  <system-out/>
  <testcase classname="org.test.ServiceModule" name="editmandatoryValidationTaxName" time="0.017">
    <skipped/>
  </testcase> <!-- editmandatoryValidationTaxName -->
  <system-out/>
  <testcase classname="org.test.ServiceModule" name="editmandatoryValidationTaxPercentage" time="0.014">
    <skipped/>
  </testcase> <!-- editmandatoryValidationTaxPercentage -->
  <system-out/>
  <testcase classname="org.test.ServiceModule" name="editmaximumValidationProductName" time="3.614"/>
  <system-out/>
  <testcase classname="org.test.ServiceModule" name="editmaximumValidationDescription" time="3.212"/>
  <system-out/>
  <testcase classname="org.test.ServiceModule" name="editmaximumValidationPrice" time="0.193"/>
  <system-out/>
  <testcase classname="org.test.ServiceModule" name="editbeforeDecimalPointPriceField" time="0.179"/>
  <system-out/>
  <testcase classname="org.test.ServiceModule" name="editafterDecimalPointPriceField" time="0.165"/>
  <system-out/>
  <testcase classname="org.test.ServiceModule" name="editbeforeDecimalPointTaxPercentageField" time="0.012">
    <skipped/>
  </testcase> <!-- editbeforeDecimalPointTaxPercentageField -->
  <system-out/>
  <testcase classname="org.test.ServiceModule" name="editafterDecimalPointTaxPercentageField" time="0.016">
    <skipped/>
  </testcase> <!-- editafterDecimalPointTaxPercentageField -->
  <system-out/>
  <testcase classname="org.test.ServiceModule" name="updateButton" time="0.178"/>
  <system-out/>
  <testcase classname="org.test.ServiceModule" name="updateProduct" time="8.008"/>
  <system-out/>
  <testcase classname="org.test.ServiceModule" name="searchServiceName" time="1.264"/>
  <system-out/>
  <testcase classname="org.test.ServiceModule" name="searchInvalid" time="1.320"/>
  <system-out/>
  <testcase classname="org.test.ServiceModule" name="deletedService" time="16.158"/>
  <system-out/>
  <testcase classname="org.test.ServiceModule" name="reflectQuotePage" time="34.364"/>
  <system-out/>
  <testcase classname="org.test.ServiceModule" name="inactiveProduct" time="19.808"/>
  <system-out/>
  <testcase classname="org.test.ServiceModule" name="deleteProduct" time="9.073"/>
  <system-out/>
</testsuite> <!-- org.test.ServiceModule -->
