<?xml version="1.0" encoding="UTF-8"?>
<!-- Generated by org.testng.reporters.JUnitReportReporter -->
<testsuite hostname="DESKTOP-5M7AM2E" failures="0" tests="19" name="org.test.DispatchModule" time="311.674" errors="1" timestamp="2023-04-15T10:58:48 IST" skipped="0">
  <testcase classname="org.test.DispatchModule" name="loginPage" time="27.227"/>
  <system-out/>
  <testcase classname="org.test.DispatchModule" name="userCreate" time="42.146"/>
  <system-out/>
  <testcase classname="org.test.DispatchModule" name="requestModule" time="3.632"/>
  <system-out/>
  <testcase classname="org.test.DispatchModule" name="labelValidation" time="1.410"/>
  <system-out/>
  <testcase classname="org.test.DispatchModule" name="autoCompleteContactCreationRequest" time="91.663">
    <error message="Expected condition failed: waiting for visibility of Proxy element for: DefaultElementLocator &#039;By.all({By.xpath: //*[@class=&#039;modal d-block animated fadeIn&#039;]//*[@id=&#039;organization-create&#039;],By.xpath: //*[@class=&#039;modal d-block animated fadeIn&#039;]//*[@id=&#039;contact-create&#039;],By.xpath: //*[@class=&#039;modal d-block animated fadeIn&#039;]//*[@id=&#039;organization-contact-create&#039;]})&#039; (tried for 20 second(s) with 500 milliseconds interval)" type="org.openqa.selenium.TimeoutException">
      <![CDATA[org.openqa.selenium.TimeoutException: Expected condition failed: waiting for visibility of Proxy element for: DefaultElementLocator 'By.all({By.xpath: //*[@class='modal d-block animated fadeIn']//*[@id='organization-create'],By.xpath: //*[@class='modal d-block animated fadeIn']//*[@id='contact-create'],By.xpath: //*[@class='modal d-block animated fadeIn']//*[@id='organization-contact-create']})' (tried for 20 second(s) with 500 milliseconds interval)
at org.openqa.selenium.support.ui.WebDriverWait.timeoutException(WebDriverWait.java:95)
at org.openqa.selenium.support.ui.FluentWait.until(FluentWait.java:272)
at com.zaigo.pageobjects.RequestPage.mouseActionClick(RequestPage.java:105)
at com.zaigo.pageobjects.RequestPage.message(RequestPage.java:755)
at org.test.DispatchModule.autoCompleteContactCreationRequest(DispatchModule.java:173)
at java.base/jdk.internal.reflect.NativeMethodAccessorImpl.invoke0(Native Method)
at java.base/jdk.internal.reflect.NativeMethodAccessorImpl.invoke(NativeMethodAccessorImpl.java:77)
at java.base/jdk.internal.reflect.DelegatingMethodAccessorImpl.invoke(DelegatingMethodAccessorImpl.java:43)
at java.base/java.lang.reflect.Method.invoke(Method.java:568)
at org.testng.internal.MethodInvocationHelper.invokeMethod(MethodInvocationHelper.java:133)
at org.testng.internal.TestInvoker.invokeMethod(TestInvoker.java:598)
at org.testng.internal.TestInvoker.invokeTestMethod(TestInvoker.java:173)
at org.testng.internal.MethodRunner.runInSequence(MethodRunner.java:46)
at org.testng.internal.TestInvoker$MethodInvocationAgent.invoke(TestInvoker.java:824)
at org.testng.internal.TestInvoker.invokeTestMethods(TestInvoker.java:146)
at org.testng.internal.TestMethodWorker.invokeTestMethods(TestMethodWorker.java:146)
at org.testng.internal.TestMethodWorker.run(TestMethodWorker.java:128)
at java.base/java.util.ArrayList.forEach(ArrayList.java:1511)
at org.testng.TestRunner.privateRun(TestRunner.java:794)
at org.testng.TestRunner.run(TestRunner.java:596)
at org.testng.SuiteRunner.runTest(SuiteRunner.java:377)
at org.testng.SuiteRunner.runSequentially(SuiteRunner.java:371)
at org.testng.SuiteRunner.privateRun(SuiteRunner.java:332)
at org.testng.SuiteRunner.run(SuiteRunner.java:276)
at org.testng.SuiteRunnerWorker.runSuite(SuiteRunnerWorker.java:53)
at org.testng.SuiteRunnerWorker.run(SuiteRunnerWorker.java:96)
at org.testng.TestNG.runSuitesSequentially(TestNG.java:1212)
at org.testng.TestNG.runSuitesSequentially(TestNG.java:1207)
at org.testng.TestNG.runSuitesLocally(TestNG.java:1134)
at org.testng.TestNG.runSuites(TestNG.java:1063)
at org.testng.TestNG.run(TestNG.java:1031)
at org.testng.remote.AbstractRemoteTestNG.run(AbstractRemoteTestNG.java:115)
at org.testng.remote.RemoteTestNG.initAndRun(RemoteTestNG.java:251)
at org.testng.remote.RemoteTestNG.main(RemoteTestNG.java:77)
Caused by: org.openqa.selenium.NoSuchElementException: Cannot locate an element using By.all({By.xpath: //*[@class='modal d-block animated fadeIn']//*[@id='organization-create'],By.xpath: //*[@class='modal d-block animated fadeIn']//*[@id='contact-create'],By.xpath: //*[@class='modal d-block animated fadeIn']//*[@id='organization-contact-create']})
For documentation on this error, please visit: http://seleniumhq.org/exceptions/no_such_element.html
Build info: version: '3.141.5', revision: 'd54ebd709a', time: '2018-11-06T11:42:16'
System info: host: 'DESKTOP-5M7AM2E', ip: '192.168.56.1', os.name: 'Windows 11', os.arch: 'amd64', os.version: '10.0', java.version: '17.0.3'
Driver info: driver.version: RemoteWebDriver
at org.openqa.selenium.support.pagefactory.ByAll.findElement(ByAll.java:58)
at org.openqa.selenium.remote.RemoteWebDriver.findElement(RemoteWebDriver.java:315)
at org.openqa.selenium.support.pagefactory.DefaultElementLocator.findElement(DefaultElementLocator.java:69)
at org.openqa.selenium.support.pagefactory.internal.LocatingElementHandler.invoke(LocatingElementHandler.java:38)
at jdk.proxy2/jdk.proxy2.$Proxy15.isDisplayed(Unknown Source)
at org.openqa.selenium.support.ui.ExpectedConditions.elementIfVisible(ExpectedConditions.java:314)
at org.openqa.selenium.support.ui.ExpectedConditions.access$000(ExpectedConditions.java:43)
at org.openqa.selenium.support.ui.ExpectedConditions$10.apply(ExpectedConditions.java:300)
at org.openqa.selenium.support.ui.ExpectedConditions$10.apply(ExpectedConditions.java:297)
at org.openqa.selenium.support.ui.FluentWait.until(FluentWait.java:249)
... 32 more
]]>
    </error>
  </testcase> <!-- autoCompleteContactCreationRequest -->
  <system-out/>
  <testcase classname="org.test.DispatchModule" name="unsssignedRequest" time="13.343"/>
  <system-out/>
  <testcase classname="org.test.DispatchModule" name="dispatchModule" time="4.946"/>
  <system-out/>
  <testcase classname="org.test.DispatchModule" name="assignRequest" time="9.413"/>
  <system-out/>
  <testcase classname="org.test.DispatchModule" name="unassignRequest" time="7.975"/>
  <system-out/>
  <testcase classname="org.test.DispatchModule" name="dispatchRequest" time="17.889"/>
  <system-out/>
  <testcase classname="org.test.DispatchModule" name="cancelRequest" time="10.134"/>
  <system-out/>
  <testcase classname="org.test.DispatchModule" name="jobModule" time="3.219"/>
  <system-out/>
  <testcase classname="org.test.DispatchModule" name="labelJobValidation" time="1.896"/>
  <system-out/>
  <testcase classname="org.test.DispatchModule" name="autoCompleteContactCreationJob" time="15.206"/>
  <system-out/>
  <testcase classname="org.test.DispatchModule" name="unsssignedJob" time="13.449"/>
  <system-out/>
  <testcase classname="org.test.DispatchModule" name="assignJob" time="12.897"/>
  <system-out/>
  <testcase classname="org.test.DispatchModule" name="unassignJob" time="7.027"/>
  <system-out/>
  <testcase classname="org.test.DispatchModule" name="dispatchJob" time="17.497"/>
  <system-out/>
  <testcase classname="org.test.DispatchModule" name="cancelJob" time="10.705"/>
  <system-out/>
</testsuite> <!-- org.test.DispatchModule -->
