<?xml version="1.0" encoding="UTF-8"?>
<!-- Generated by org.testng.reporters.JUnitReportReporter -->
<testsuite hostname="DESKTOP-5M7AM2E" failures="0" tests="9" name="org.enhancement.LeadSource" time="85.222" errors="0" timestamp="2023-06-19T18:33:28 IST" skipped="0">
  <testcase classname="org.enhancement.LeadSource" name="loginPage" time="38.528"/>
  <system-out/>
  <testcase classname="org.enhancement.LeadSource" name="settingModule" time="1.645"/>
  <system-out/>
  <testcase classname="org.enhancement.LeadSource" name="leadSourceLabel" time="0.114"/>
  <system-out/>
  <testcase classname="org.enhancement.LeadSource" name="createFormLabel" time="2.507"/>
  <system-out/>
  <testcase classname="org.enhancement.LeadSource" name="leadSourceCreate" time="8.414"/>
  <system-out/>
  <testcase classname="org.enhancement.LeadSource" name="leadSourceCreate" time="8.194"/>
  <system-out/>
  <testcase classname="org.enhancement.LeadSource" name="leadSourceCreate" time="8.969"/>
  <system-out/>
  <testcase classname="org.enhancement.LeadSource" name="leadSourceCreate" time="8.421"/>
  <system-out/>
  <testcase classname="org.enhancement.LeadSource" name="leadSourceCreate" time="8.430"/>
  <system-out/>
</testsuite> <!-- org.enhancement.LeadSource -->
