<?xml version="1.0" encoding="UTF-8"?>
<!-- Generated by org.testng.reporters.JUnitReportReporter -->
<testsuite hostname="DESKTOP-5M7AM2E" failures="0" tests="70" name="org.test.CustomerOrganizationQuote" time="237.035" errors="0" timestamp="2023-04-23T22:29:52 IST" skipped="0">
  <testcase classname="org.test.CustomerOrganizationQuote" name="loginPage" time="19.851"/>
  <system-out/>
  <testcase classname="org.test.CustomerOrganizationQuote" name="contactModule" time="7.302"/>
  <system-out/>
  <testcase classname="org.test.CustomerOrganizationQuote" name="createOrganization" time="20.904"/>
  <system-out/>
  <testcase classname="org.test.CustomerOrganizationQuote" name="listabelValidation" time="7.513"/>
  <system-out/>
  <testcase classname="org.test.CustomerOrganizationQuote" name="labelValidation" time="0.809"/>
  <system-out/>
  <testcase classname="org.test.CustomerOrganizationQuote" name="namePrepopulation" time="3.775"/>
  <system-out/>
  <testcase classname="org.test.CustomerOrganizationQuote" name="autoCompleteOrganizationContactCreation" time="12.624"/>
  <system-out/>
  <testcase classname="org.test.CustomerOrganizationQuote" name="mandatoryValidationExpiryDate" time="0.385"/>
  <system-out/>
  <testcase classname="org.test.CustomerOrganizationQuote" name="mandatoryValidationInventoryItem" time="0.066"/>
  <system-out/>
  <testcase classname="org.test.CustomerOrganizationQuote" name="mandatoryValidationPrice" time="0.067"/>
  <system-out/>
  <testcase classname="org.test.CustomerOrganizationQuote" name="mandatoryValidationQunatity" time="0.066"/>
  <system-out/>
  <testcase classname="org.test.CustomerOrganizationQuote" name="mandatoryValidationDescription" time="0.067"/>
  <system-out/>
  <testcase classname="org.test.CustomerOrganizationQuote" name="maximumValidationReference" time="0.671"/>
  <system-out/>
  <testcase classname="org.test.CustomerOrganizationQuote" name="maximumValidationQuoteTittle" time="0.697"/>
  <system-out/>
  <testcase classname="org.test.CustomerOrganizationQuote" name="maximumValidationInventoryItem" time="1.035"/>
  <system-out/>
  <testcase classname="org.test.CustomerOrganizationQuote" name="emptyValidationQuantityField" time="0.207"/>
  <system-out/>
  <testcase classname="org.test.CustomerOrganizationQuote" name="maxQuanitityLimit" time="0.272"/>
  <system-out/>
  <testcase classname="org.test.CustomerOrganizationQuote" name="afterDecimalPointValidationQuantityField" time="0.195"/>
  <system-out/>
  <testcase classname="org.test.CustomerOrganizationQuote" name="beforeDecimalPointValidationQuantityField" time="0.297"/>
  <system-out/>
  <testcase classname="org.test.CustomerOrganizationQuote" name="emptyValidationPriceField" time="0.214"/>
  <system-out/>
  <testcase classname="org.test.CustomerOrganizationQuote" name="maxPriceLimit" time="0.202"/>
  <system-out/>
  <testcase classname="org.test.CustomerOrganizationQuote" name="beforeDecimalPointPriceField" time="0.213"/>
  <system-out/>
  <testcase classname="org.test.CustomerOrganizationQuote" name="afterDecimalPointPriceField" time="0.252"/>
  <system-out/>
  <testcase classname="org.test.CustomerOrganizationQuote" name="afterDecimalPointDiscountField" time="0.224"/>
  <system-out/>
  <testcase classname="org.test.CustomerOrganizationQuote" name="beforeDecimalPointDiscountField" time="0.194"/>
  <system-out/>
  <testcase classname="org.test.CustomerOrganizationQuote" name="maxLimitDiscountField" time="0.169"/>
  <system-out/>
  <testcase classname="org.test.CustomerOrganizationQuote" name="afterDecimalPointTaxField" time="0.230"/>
  <system-out/>
  <testcase classname="org.test.CustomerOrganizationQuote" name="beforeDecimalPointTaxField" time="0.180"/>
  <system-out/>
  <testcase classname="org.test.CustomerOrganizationQuote" name="maxLimitTaxField" time="0.241"/>
  <system-out/>
  <testcase classname="org.test.CustomerOrganizationQuote" name="maximumValidationDescription" time="1.791"/>
  <system-out/>
  <testcase classname="org.test.CustomerOrganizationQuote" name="maximumValidationNotes" time="3.904"/>
  <system-out/>
  <testcase classname="org.test.CustomerOrganizationQuote" name="expiryFieldPastDateValidation" time="8.804"/>
  <system-out/>
  <testcase classname="org.test.CustomerOrganizationQuote" name="validateCalculation" time="0.713"/>
  <system-out/>
  <testcase classname="org.test.CustomerOrganizationQuote" name="createQuote" time="14.503"/>
  <system-out/>
  <testcase classname="org.test.CustomerOrganizationQuote" name="quoteCreatedCount" time="0.074"/>
  <system-out/>
  <testcase classname="org.test.CustomerOrganizationQuote" name="quoteEdit" time="15.848"/>
  <system-out/>
  <testcase classname="org.test.CustomerOrganizationQuote" name="editmandatoryValidationExpiryDate" time="0.344"/>
  <system-out/>
  <testcase classname="org.test.CustomerOrganizationQuote" name="editmandatoryValidationQunatity" time="0.062"/>
  <system-out/>
  <testcase classname="org.test.CustomerOrganizationQuote" name="editmandatoryValidationPrice" time="0.062"/>
  <system-out/>
  <testcase classname="org.test.CustomerOrganizationQuote" name="editmandatoryValidationDescription" time="0.062"/>
  <system-out/>
  <testcase classname="org.test.CustomerOrganizationQuote" name="editmaximumValidationReference" time="0.645"/>
  <system-out/>
  <testcase classname="org.test.CustomerOrganizationQuote" name="editmaximumValidationQuoteTittle" time="0.621"/>
  <system-out/>
  <testcase classname="org.test.CustomerOrganizationQuote" name="editmaximumValidationInventoryItem" time="0.958"/>
  <system-out/>
  <testcase classname="org.test.CustomerOrganizationQuote" name="editemptyValidationQuantityField" time="0.213"/>
  <system-out/>
  <testcase classname="org.test.CustomerOrganizationQuote" name="editmaxQuanitityLimit" time="0.260"/>
  <system-out/>
  <testcase classname="org.test.CustomerOrganizationQuote" name="editafterDecimalPointValidationQuantityField" time="0.190"/>
  <system-out/>
  <testcase classname="org.test.CustomerOrganizationQuote" name="editbeforeDecimalPointValidationQuantityField" time="0.286"/>
  <system-out/>
  <testcase classname="org.test.CustomerOrganizationQuote" name="editemptyValidationPriceField" time="0.216"/>
  <system-out/>
  <testcase classname="org.test.CustomerOrganizationQuote" name="editmaxPriceLimit" time="0.190"/>
  <system-out/>
  <testcase classname="org.test.CustomerOrganizationQuote" name="editbeforeDecimalPointPriceField" time="0.217"/>
  <system-out/>
  <testcase classname="org.test.CustomerOrganizationQuote" name="editafterDecimalPointPriceField" time="0.249"/>
  <system-out/>
  <testcase classname="org.test.CustomerOrganizationQuote" name="editafterDecimalPointDiscountField" time="0.201"/>
  <system-out/>
  <testcase classname="org.test.CustomerOrganizationQuote" name="editbeforeDecimalPointDiscountField" time="0.177"/>
  <system-out/>
  <testcase classname="org.test.CustomerOrganizationQuote" name="editmaxLimitDiscountField" time="0.161"/>
  <system-out/>
  <testcase classname="org.test.CustomerOrganizationQuote" name="editafterDecimalPointTaxField" time="0.199"/>
  <system-out/>
  <testcase classname="org.test.CustomerOrganizationQuote" name="editbeforeDecimalPointTaxField" time="0.181"/>
  <system-out/>
  <testcase classname="org.test.CustomerOrganizationQuote" name="editmaxLimitTaxField" time="0.232"/>
  <system-out/>
  <testcase classname="org.test.CustomerOrganizationQuote" name="editmaximumValidationDescription" time="1.645"/>
  <system-out/>
  <testcase classname="org.test.CustomerOrganizationQuote" name="editmaximumValidationNotes" time="3.576"/>
  <system-out/>
  <testcase classname="org.test.CustomerOrganizationQuote" name="editexpiryFieldPastDateValidation" time="8.789"/>
  <system-out/>
  <testcase classname="org.test.CustomerOrganizationQuote" name="updateQuote" time="12.805"/>
  <system-out/>
  <testcase classname="org.test.CustomerOrganizationQuote" name="createdQuoteStatus" time="0.104"/>
  <system-out/>
  <testcase classname="org.test.CustomerOrganizationQuote" name="draftQuote" time="12.449"/>
  <system-out/>
  <testcase classname="org.test.CustomerOrganizationQuote" name="convertQuote" time="31.658"/>
  <system-out/>
  <testcase classname="org.test.CustomerOrganizationQuote" name="declinedStatus" time="23.208"/>
  <system-out/>
  <testcase classname="org.test.CustomerOrganizationQuote" name="listQuoteNo" time="2.469"/>
  <system-out/>
  <testcase classname="org.test.CustomerOrganizationQuote" name="listQuoteTittle" time="2.513"/>
  <system-out/>
  <testcase classname="org.test.CustomerOrganizationQuote" name="listQuoteReference" time="2.461"/>
  <system-out/>
  <testcase classname="org.test.CustomerOrganizationQuote" name="filterDateInvoice" time="2.601"/>
  <system-out/>
  <testcase classname="org.test.CustomerOrganizationQuote" name="listInvalid" time="2.472"/>
  <system-out/>
</testsuite> <!-- org.test.CustomerOrganizationQuote -->
