<?xml version="1.0" encoding="UTF-8"?>
<!-- Generated by org.testng.reporters.JUnitReportReporter -->
<testsuite hostname="DESKTOP-5M7AM2E" failures="0" tests="24" name="org.test.CategoryModule" time="165.947" errors="0" timestamp="2023-05-14T13:43:06 IST" skipped="0">
  <testcase classname="org.test.CategoryModule" name="loginPage" time="20.522"/>
  <system-out/>
  <testcase classname="org.test.CategoryModule" name="settingModule" time="1.969"/>
  <system-out/>
  <testcase classname="org.test.CategoryModule" name="createFormLabel" time="1.360"/>
  <system-out/>
  <testcase classname="org.test.CategoryModule" name="mandatoryValidationCategoryName" time="2.478"/>
  <system-out/>
  <testcase classname="org.test.CategoryModule" name="maximumValidationCategoryName" time="3.883"/>
  <system-out/>
  <testcase classname="org.test.CategoryModule" name="maximumValidationDescription" time="3.405"/>
  <system-out/>
  <testcase classname="org.test.CategoryModule" name="createButton" time="0.063"/>
  <system-out/>
  <testcase classname="org.test.CategoryModule" name="createCategoryProduct" time="8.026"/>
  <system-out/>
  <testcase classname="org.test.CategoryModule" name="createCategoryProductList" time="0.068"/>
  <system-out/>
  <testcase classname="org.test.CategoryModule" name="searchProductName" time="1.761"/>
  <system-out/>
  <testcase classname="org.test.CategoryModule" name="searchInvalid" time="1.324"/>
  <system-out/>
  <testcase classname="org.test.CategoryModule" name="editFormLabel" time="3.562"/>
  <system-out/>
  <testcase classname="org.test.CategoryModule" name="editmandatoryValidationCategoryName" time="0.264"/>
  <system-out/>
  <testcase classname="org.test.CategoryModule" name="editmaximumValidationCategoryName" time="3.720"/>
  <system-out/>
  <testcase classname="org.test.CategoryModule" name="editmaximumValidationDescription" time="3.433"/>
  <system-out/>
  <testcase classname="org.test.CategoryModule" name="updateButton" time="0.073"/>
  <system-out/>
  <testcase classname="org.test.CategoryModule" name="UpdateCategoryProduct" time="8.517"/>
  <system-out/>
  <testcase classname="org.test.CategoryModule" name="deleteProduct" time="18.486"/>
  <system-out/>
  <testcase classname="org.test.CategoryModule" name="reflectCategoryProduct" time="19.145"/>
  <system-out/>
  <testcase classname="org.test.CategoryModule" name="inactiveProductCategory" time="12.419"/>
  <system-out/>
  <testcase classname="org.test.CategoryModule" name="deleteProductCategory" time="13.235"/>
  <system-out/>
  <testcase classname="org.test.CategoryModule" name="reflectCategoryService" time="20.420"/>
  <system-out/>
  <testcase classname="org.test.CategoryModule" name="inactiveProductService" time="13.945"/>
  <system-out/>
  <testcase classname="org.test.CategoryModule" name="deleteProductService" time="3.869"/>
  <system-out/>
</testsuite> <!-- org.test.CategoryModule -->
