<?xml version="1.0" encoding="UTF-8"?>
<!-- Generated by org.testng.reporters.JUnitReportReporter -->
<<<<<<< HEAD
<testsuite hostname="DESKTOP-5M7AM2E" failures="0" tests="5" name="org.enhancement.ServiceType" time="52.506" errors="0" timestamp="2023-05-22T20:03:10 IST" skipped="0">
  <testcase classname="org.enhancement.ServiceType" name="loginPage" time="40.810"/>
  <system-out/>
  <testcase classname="org.enhancement.ServiceType" name="settingModule" time="2.153"/>
  <system-out/>
  <testcase classname="org.enhancement.ServiceType" name="leadSourceLabel" time="0.105"/>
  <system-out/>
  <testcase classname="org.enhancement.ServiceType" name="createFormLabel" time="0.889"/>
  <system-out/>
  <testcase classname="org.enhancement.ServiceType" name="serviceTypeCreate" time="8.549"/>
=======
<testsuite hostname="DESKTOP-5M7AM2E" failures="0" tests="5" name="org.enhancement.ServiceType" time="49.784" errors="0" timestamp="2023-05-25T11:49:57 IST" skipped="0">
  <testcase classname="org.enhancement.ServiceType" name="loginPage" time="34.152"/>
  <system-out/>
  <testcase classname="org.enhancement.ServiceType" name="settingModule" time="2.677"/>
  <system-out/>
  <testcase classname="org.enhancement.ServiceType" name="leadSourceLabel" time="0.526"/>
  <system-out/>
  <testcase classname="org.enhancement.ServiceType" name="createFormLabel" time="3.282"/>
  <system-out/>
  <testcase classname="org.enhancement.ServiceType" name="serviceTypeCreate" time="9.147"/>
>>>>>>> c5699b793ecef34ca60eb49f33139d209ba1ec97
  <system-out/>
</testsuite> <!-- org.enhancement.ServiceType -->
