<?xml version="1.0" encoding="UTF-8"?>
<!-- Generated by org.testng.reporters.JUnitReportReporter -->
<testsuite hostname="DESKTOP-5M7AM2E" failures="0" tests="69" name="org.test.GlobalOrganizationInvoice" time="151.712" errors="0" timestamp="2023-03-03T08:33:43 IST" skipped="0">
  <testcase classname="org.test.GlobalOrganizationInvoice" name="loginPage" time="37.607"/>
  <system-out/>
  <testcase classname="org.test.GlobalOrganizationInvoice" name="invoiceModule" time="5.354"/>
  <system-out/>
  <testcase classname="org.test.GlobalOrganizationInvoice" name="contactMandatoryValidation" time="1.007"/>
  <system-out/>
  <testcase classname="org.test.GlobalOrganizationInvoice" name="mandatoryValidationDeuDate" time="0.078"/>
  <system-out/>
  <testcase classname="org.test.GlobalOrganizationInvoice" name="mandatoryValidationInventoryItem" time="0.079"/>
  <system-out/>
  <testcase classname="org.test.GlobalOrganizationInvoice" name="mandatoryValidationQunatity" time="0.081"/>
  <system-out/>
  <testcase classname="org.test.GlobalOrganizationInvoice" name="mandatoryValidationPrice" time="0.098"/>
  <system-out/>
  <testcase classname="org.test.GlobalOrganizationInvoice" name="mandatoryValidationDescription" time="0.075"/>
  <system-out/>
  <testcase classname="org.test.GlobalOrganizationInvoice" name="autoCompleteContactCreation" time="10.947"/>
  <system-out/>
  <testcase classname="org.test.GlobalOrganizationInvoice" name="autoCompleteOrganizationContactCreation" time="5.440"/>
  <system-out/>
  <testcase classname="org.test.GlobalOrganizationInvoice" name="maximumValidationReference" time="0.320"/>
  <system-out/>
  <testcase classname="org.test.GlobalOrganizationInvoice" name="maximumValidationInvoiceTittle" time="0.943"/>
  <system-out/>
  <testcase classname="org.test.GlobalOrganizationInvoice" name="maximumValidationInventoryItem" time="0.984"/>
  <system-out/>
  <testcase classname="org.test.GlobalOrganizationInvoice" name="emptyValidationQuantityField" time="0.263"/>
  <system-out/>
  <testcase classname="org.test.GlobalOrganizationInvoice" name="maxQuanitityLimit" time="0.398"/>
  <system-out/>
  <testcase classname="org.test.GlobalOrganizationInvoice" name="afterDecimalPointValidationQuantityField" time="0.298"/>
  <system-out/>
  <testcase classname="org.test.GlobalOrganizationInvoice" name="beforeDecimalPointValidationQuantityField" time="0.377"/>
  <system-out/>
  <testcase classname="org.test.GlobalOrganizationInvoice" name="emptyValidationPriceField" time="0.292"/>
  <system-out/>
  <testcase classname="org.test.GlobalOrganizationInvoice" name="maxPriceLimit" time="0.246"/>
  <system-out/>
  <testcase classname="org.test.GlobalOrganizationInvoice" name="beforeDecimalPointPriceField" time="0.270"/>
  <system-out/>
  <testcase classname="org.test.GlobalOrganizationInvoice" name="afterDecimalPointPriceField" time="0.331"/>
  <system-out/>
  <testcase classname="org.test.GlobalOrganizationInvoice" name="afterDecimalPointDiscountField" time="0.297"/>
  <system-out/>
  <testcase classname="org.test.GlobalOrganizationInvoice" name="beforeDecimalPointDiscountField" time="0.224"/>
  <system-out/>
  <testcase classname="org.test.GlobalOrganizationInvoice" name="maxLimitDiscountField" time="0.209"/>
  <system-out/>
  <testcase classname="org.test.GlobalOrganizationInvoice" name="afterDecimalPointTaxField" time="0.281"/>
  <system-out/>
  <testcase classname="org.test.GlobalOrganizationInvoice" name="beforeDecimalPointTaxField" time="0.232"/>
  <system-out/>
  <testcase classname="org.test.GlobalOrganizationInvoice" name="maxLimitTaxField" time="0.292"/>
  <system-out/>
  <testcase classname="org.test.GlobalOrganizationInvoice" name="maximumValidationDescription" time="2.066"/>
  <system-out/>
  <testcase classname="org.test.GlobalOrganizationInvoice" name="maximumValidationNotes" time="4.151"/>
  <system-out/>
  <testcase classname="org.test.GlobalOrganizationInvoice" name="expiryFieldPastDateValidation" time="2.625"/>
  <system-out/>
  <testcase classname="org.test.GlobalOrganizationInvoice" name="validateCalculation" time="0.917"/>
  <system-out/>
  <testcase classname="org.test.GlobalOrganizationInvoice" name="createInvoice" time="10.398"/>
  <system-out/>
  <testcase classname="org.test.GlobalOrganizationInvoice" name="editLableValidation" time="7.324"/>
  <system-out/>
  <testcase classname="org.test.GlobalOrganizationInvoice" name="mandatoryValidationEditDueDate" time="1.145"/>
  <system-out/>
  <testcase classname="org.test.GlobalOrganizationInvoice" name="mandatoryValidationEditQunatity" time="0.089"/>
  <system-out/>
  <testcase classname="org.test.GlobalOrganizationInvoice" name="mandatoryValidationEditPrice" time="0.072"/>
  <system-out/>
  <testcase classname="org.test.GlobalOrganizationInvoice" name="mandatoryValidationEditDescription" time="0.078"/>
  <system-out/>
  <testcase classname="org.test.GlobalOrganizationInvoice" name="maximumValidationEditReference" time="0.841"/>
  <system-out/>
  <testcase classname="org.test.GlobalOrganizationInvoice" name="maximumValidationEditInvoiceTittle" time="0.803"/>
  <system-out/>
  <testcase classname="org.test.GlobalOrganizationInvoice" name="maximumValidationEditInventoryItem" time="1.046"/>
  <system-out/>
  <testcase classname="org.test.GlobalOrganizationInvoice" name="emptyValidationEditQuantityField" time="0.256"/>
  <system-out/>
  <testcase classname="org.test.GlobalOrganizationInvoice" name="maxEditQuanitityLimit" time="0.333"/>
  <system-out/>
  <testcase classname="org.test.GlobalOrganizationInvoice" name="afterEditDecimalPointValidationQuantityField" time="0.249"/>
  <system-out/>
  <testcase classname="org.test.GlobalOrganizationInvoice" name="beforeEditDecimalPointValidationQuantityField" time="0.376"/>
  <system-out/>
  <testcase classname="org.test.GlobalOrganizationInvoice" name="emptyValidationEditPriceField" time="0.265"/>
  <system-out/>
  <testcase classname="org.test.GlobalOrganizationInvoice" name="maxEditPriceLimit" time="0.242"/>
  <system-out/>
  <testcase classname="org.test.GlobalOrganizationInvoice" name="beforeEditDecimalPointPriceField" time="0.303"/>
  <system-out/>
  <testcase classname="org.test.GlobalOrganizationInvoice" name="afterEditDecimalPointPriceField" time="0.302"/>
  <system-out/>
  <testcase classname="org.test.GlobalOrganizationInvoice" name="afterEditDecimalPointDiscountField" time="0.288"/>
  <system-out/>
  <testcase classname="org.test.GlobalOrganizationInvoice" name="beforeEditDecimalPointDiscountField" time="0.225"/>
  <system-out/>
  <testcase classname="org.test.GlobalOrganizationInvoice" name="maxLimitEditDiscountField" time="0.208"/>
  <system-out/>
  <testcase classname="org.test.GlobalOrganizationInvoice" name="afterDecimalEditPointTaxField" time="0.264"/>
  <system-out/>
  <testcase classname="org.test.GlobalOrganizationInvoice" name="beforeDecimalEditPointTaxField" time="0.224"/>
  <system-out/>
  <testcase classname="org.test.GlobalOrganizationInvoice" name="maxEditLimitTaxField" time="0.290"/>
  <system-out/>
  <testcase classname="org.test.GlobalOrganizationInvoice" name="maximumEditValidationDescription" time="2.104"/>
  <system-out/>
  <testcase classname="org.test.GlobalOrganizationInvoice" name="maximumEditValidationNotes" time="4.655"/>
  <system-out/>
  <testcase classname="org.test.GlobalOrganizationInvoice" name="expiryEditFieldPastDateValidation" time="2.129"/>
  <system-out/>
  <testcase classname="org.test.GlobalOrganizationInvoice" name="updatedInvoice" time="6.120"/>
  <system-out/>
  <testcase classname="org.test.GlobalOrganizationInvoice" name="draftInvoice" time="19.227"/>
  <system-out/>
  <testcase classname="org.test.GlobalOrganizationInvoice" name="createdQuoteStatus" time="0.071"/>
  <system-out/>
  <testcase classname="org.test.GlobalOrganizationInvoice" name="UpdatedInvociePartialPayment" time="3.504"/>
  <system-out/>
  <testcase classname="org.test.GlobalOrganizationInvoice" name="partialPaidAmount" time="0.078"/>
  <system-out/>
  <testcase classname="org.test.GlobalOrganizationInvoice" name="fullyPaidAmount" time="2.479"/>
  <system-out/>
  <testcase classname="org.test.GlobalOrganizationInvoice" name="UpdatedInvociePaid" time="0.820"/>
  <system-out/>
  <testcase classname="org.test.GlobalOrganizationInvoice" name="listCustomerName" time="1.892"/>
  <system-out/>
  <testcase classname="org.test.GlobalOrganizationInvoice" name="listInvoiceNo" time="1.629"/>
  <system-out/>
  <testcase classname="org.test.GlobalOrganizationInvoice" name="listQuoteReference" time="1.478"/>
  <system-out/>
  <testcase classname="org.test.GlobalOrganizationInvoice" name="filterDateInvoice" time="1.839"/>
  <system-out/>
  <testcase classname="org.test.GlobalOrganizationInvoice" name="listInvalid" time="1.284"/>
  <system-out/>
</testsuite> <!-- org.test.GlobalOrganizationInvoice -->
