<?xml version="1.0" encoding="UTF-8"?>
<!-- Generated by org.testng.reporters.JUnitReportReporter -->
<testsuite hostname="DESKTOP-5M7AM2E" failures="0" tests="4" name="org.enhancement.GlobalOrganizationRequest" time="83.251" errors="0" timestamp="2023-05-25T11:49:57 IST" skipped="0">
  <testcase classname="org.enhancement.GlobalOrganizationRequest" name="loginPage" time="26.371"/>
  <system-out/>
  <testcase classname="org.enhancement.GlobalOrganizationRequest" name="requestModule" time="4.562"/>
  <system-out/>
  <testcase classname="org.enhancement.GlobalOrganizationRequest" name="labelValidation" time="1.457"/>
  <system-out/>
  <testcase classname="org.enhancement.GlobalOrganizationRequest" name="createRequest_FromDateandTime_ToDateandTime" time="50.861"/>
  <system-out/>
</testsuite> <!-- org.enhancement.GlobalOrganizationRequest -->
