<?xml version="1.0" encoding="UTF-8"?>
<!-- Generated by org.testng.reporters.JUnitReportReporter -->
<testsuite hostname="DESKTOP-5M7AM2E" failures="0" tests="4" name="org.enhancement.GlobalContactJob" time="99.947" errors="0" timestamp="2023-05-22T20:03:10 IST" skipped="0">
  <testcase classname="org.enhancement.GlobalContactJob" name="loginPage" time="65.668"/>
  <system-out/>
  <testcase classname="org.enhancement.GlobalContactJob" name="jobModule" time="1.744"/>
  <system-out/>
  <testcase classname="org.enhancement.GlobalContactJob" name="labelValidation" time="6.941"/>
  <system-out/>
  <testcase classname="org.enhancement.GlobalContactJob" name="createJob_FromDateandTime_ToDateandTime" time="25.594"/>
  <system-out/>
</testsuite> <!-- org.enhancement.GlobalContactJob -->
