<?xml version="1.0" encoding="UTF-8"?>
<!-- Generated by org.testng.reporters.JUnitReportReporter -->
<testsuite hostname="DESKTOP-5M7AM2E" failures="0" tests="5" name="org.enhancement.ServiceType" time="52.506" errors="0" timestamp="2023-05-22T20:03:10 IST" skipped="0">
  <testcase classname="org.enhancement.ServiceType" name="loginPage" time="40.810"/>
  <system-out/>
  <testcase classname="org.enhancement.ServiceType" name="settingModule" time="2.153"/>
  <system-out/>
  <testcase classname="org.enhancement.ServiceType" name="leadSourceLabel" time="0.105"/>
  <system-out/>
  <testcase classname="org.enhancement.ServiceType" name="createFormLabel" time="0.889"/>
  <system-out/>
  <testcase classname="org.enhancement.ServiceType" name="serviceTypeCreate" time="8.549"/>
  <system-out/>
</testsuite> <!-- org.enhancement.ServiceType -->
