<?xml version="1.0" encoding="UTF-8"?>
<!-- Generated by org.testng.reporters.JUnitReportReporter -->
<testsuite hostname="DESKTOP-5M7AM2E" failures="0" tests="8" name="org.enhancement.ServiceModule" time="100.829" errors="0" timestamp="2023-06-19T18:33:28 IST" skipped="0">
  <testcase classname="org.enhancement.ServiceModule" name="loginPage" time="40.592"/>
  <system-out/>
  <testcase classname="org.enhancement.ServiceModule" name="settingModule" time="1.749"/>
  <system-out/>
  <testcase classname="org.enhancement.ServiceModule" name="createFormLabel" time="2.095"/>
  <system-out/>
  <testcase classname="org.enhancement.ServiceModule" name="createProduct" time="17.882"/>
  <system-out/>
  <testcase classname="org.enhancement.ServiceModule" name="createProduct" time="9.802"/>
  <system-out/>
  <testcase classname="org.enhancement.ServiceModule" name="createProduct" time="9.217"/>
  <system-out/>
  <testcase classname="org.enhancement.ServiceModule" name="createProduct" time="9.836"/>
  <system-out/>
  <testcase classname="org.enhancement.ServiceModule" name="createProduct" time="9.656"/>
  <system-out/>
</testsuite> <!-- org.enhancement.ServiceModule -->
