<?xml version="1.0" encoding="UTF-8"?>
<!-- Generated by org.testng.reporters.JUnitReportReporter -->
<<<<<<< HEAD
<<<<<<< HEAD
<testsuite hostname="DESKTOP-5M7AM2E" failures="0" tests="4" name="org.enhancement.TaxModule" time="53.608" errors="0" timestamp="2023-05-22T20:03:10 IST" skipped="0">
  <testcase classname="org.enhancement.TaxModule" name="loginPage" time="42.647"/>
  <system-out/>
  <testcase classname="org.enhancement.TaxModule" name="settingModule" time="2.094"/>
  <system-out/>
  <testcase classname="org.enhancement.TaxModule" name="createFormLabel" time="1.195"/>
  <system-out/>
  <testcase classname="org.enhancement.TaxModule" name="createTax" time="7.672"/>
=======
<testsuite hostname="DESKTOP-5M7AM2E" failures="0" tests="4" name="org.enhancement.TaxModule" time="37.720" errors="0" timestamp="2023-05-25T11:49:57 IST" skipped="0">
  <testcase classname="org.enhancement.TaxModule" name="loginPage" time="24.231"/>
=======
<testsuite hostname="DESKTOP-5M7AM2E" failures="0" tests="8" name="org.enhancement.TaxModule" time="103.879" errors="0" timestamp="2023-06-04T11:22:12 IST" skipped="0">
  <testcase classname="org.enhancement.TaxModule" name="loginPage" time="51.988"/>
>>>>>>> 8f032e9abfd9edfc56ded76230782504aeca4741
  <system-out/>
  <testcase classname="org.enhancement.TaxModule" name="settingModule" time="1.672"/>
  <system-out/>
  <testcase classname="org.enhancement.TaxModule" name="createFormLabel" time="1.297"/>
  <system-out/>
<<<<<<< HEAD
  <testcase classname="org.enhancement.TaxModule" name="createTax" time="10.468"/>
>>>>>>> c5699b793ecef34ca60eb49f33139d209ba1ec97
=======
  <testcase classname="org.enhancement.TaxModule" name="createTax" time="7.938"/>
  <system-out/>
  <testcase classname="org.enhancement.TaxModule" name="createTax" time="16.192"/>
  <system-out/>
  <testcase classname="org.enhancement.TaxModule" name="createTax" time="8.406"/>
  <system-out/>
  <testcase classname="org.enhancement.TaxModule" name="createTax" time="7.855"/>
  <system-out/>
  <testcase classname="org.enhancement.TaxModule" name="createTax" time="8.531"/>
>>>>>>> 8f032e9abfd9edfc56ded76230782504aeca4741
  <system-out/>
</testsuite> <!-- org.enhancement.TaxModule -->
