<?xml version="1.0" encoding="UTF-8"?>
<!-- Generated by org.testng.reporters.JUnitReportReporter -->
<testsuite hostname="DESKTOP-5M7AM2E" failures="0" tests="19" name="org.test.DispatchModule" time="310.379" errors="0" timestamp="2023-06-02T15:22:10 IST" skipped="0">
  <testcase classname="org.test.DispatchModule" name="loginPage" time="38.813"/>
  <system-out/>
  <testcase classname="org.test.DispatchModule" name="userCreate" time="41.294"/>
  <system-out/>
  <testcase classname="org.test.DispatchModule" name="requestModule" time="2.923"/>
  <system-out/>
  <testcase classname="org.test.DispatchModule" name="labelValidation" time="2.099"/>
  <system-out/>
  <testcase classname="org.test.DispatchModule" name="autoCompleteContactCreationRequest" time="72.016"/>
  <system-out/>
  <testcase classname="org.test.DispatchModule" name="unsssignedRequest" time="14.142"/>
  <system-out/>
  <testcase classname="org.test.DispatchModule" name="dispatchModule" time="6.335"/>
  <system-out/>
  <testcase classname="org.test.DispatchModule" name="assignRequest" time="10.404"/>
  <system-out/>
  <testcase classname="org.test.DispatchModule" name="unassignRequest" time="8.307"/>
  <system-out/>
  <testcase classname="org.test.DispatchModule" name="dispatchRequest" time="17.674"/>
  <system-out/>
  <testcase classname="org.test.DispatchModule" name="cancelRequest" time="9.147"/>
  <system-out/>
  <testcase classname="org.test.DispatchModule" name="jobModule" time="4.278"/>
  <system-out/>
  <testcase classname="org.test.DispatchModule" name="labelJobValidation" time="4.188"/>
  <system-out/>
  <testcase classname="org.test.DispatchModule" name="autoCompleteContactCreationJob" time="15.078"/>
  <system-out/>
  <testcase classname="org.test.DispatchModule" name="unsssignedJob" time="15.435"/>
  <system-out/>
  <testcase classname="org.test.DispatchModule" name="assignJob" time="13.456"/>
  <system-out/>
  <testcase classname="org.test.DispatchModule" name="unassignJob" time="7.694"/>
  <system-out/>
  <testcase classname="org.test.DispatchModule" name="dispatchJob" time="17.739"/>
  <system-out/>
  <testcase classname="org.test.DispatchModule" name="cancelJob" time="9.357"/>
  <system-out/>
</testsuite> <!-- org.test.DispatchModule -->
