<?xml version="1.0" encoding="UTF-8"?>
<!-- Generated by org.testng.reporters.JUnitReportReporter -->
<testsuite hostname="DESKTOP-5M7AM2E" failures="0" tests="6" name="org.enhancement.CustomerContactRequest" time="67.293" errors="0" timestamp="2023-04-23T20:36:39 IST" skipped="0">
  <testcase classname="org.enhancement.CustomerContactRequest" name="loginPage" time="18.669"/>
  <system-out/>
  <testcase classname="org.enhancement.CustomerContactRequest" name="contactModule" time="6.691"/>
  <system-out/>
  <testcase classname="org.enhancement.CustomerContactRequest" name="CreateContact" time="17.288"/>
  <system-out/>
  <testcase classname="org.enhancement.CustomerContactRequest" name="listabelValidation" time="8.006"/>
  <system-out/>
  <testcase classname="org.enhancement.CustomerContactRequest" name="labelValidation" time="0.875"/>
  <system-out/>
  <testcase classname="org.enhancement.CustomerContactRequest" name="createRequest_FromDateandTime_ToDateandTime" time="15.764"/>
  <system-out/>
</testsuite> <!-- org.enhancement.CustomerContactRequest -->
