<?xml version="1.0" encoding="UTF-8"?>
<!-- Generated by org.testng.reporters.JUnitReportReporter -->
<testsuite hostname="DESKTOP-5M7AM2E" failures="0" tests="11" name="org.test.SubscriptionMonthlyTeamPack" time="60.751" errors="0" timestamp="2023-06-09T16:40:31 IST" skipped="0">
  <testcase classname="org.test.SubscriptionMonthlyTeamPack" name="createTenant" time="46.494"/>
  <system-out/>
  <testcase classname="org.test.SubscriptionMonthlyTeamPack" name="subDomineURL" time="0.048"/>
  <system-out/>
  <testcase classname="org.test.SubscriptionMonthlyTeamPack" name="ownerName" time="0.095"/>
  <system-out/>
  <testcase classname="org.test.SubscriptionMonthlyTeamPack" name="modulepage" time="6.727"/>
  <system-out/>
  <testcase classname="org.test.SubscriptionMonthlyTeamPack" name="confirmPage" time="1.773"/>
  <system-out/>
  <testcase classname="org.test.SubscriptionMonthlyTeamPack" name="proAmount" time="0.186"/>
  <system-out/>
  <testcase classname="org.test.SubscriptionMonthlyTeamPack" name="totalAmount" time="0.187"/>
  <system-out/>
  <testcase classname="org.test.SubscriptionMonthlyTeamPack" name="billingInformation" time="2.996"/>
  <system-out/>
  <testcase classname="org.test.SubscriptionMonthlyTeamPack" name="paymentDetailsPage" time="1.858"/>
  <system-out/>
  <testcase classname="org.test.SubscriptionMonthlyTeamPack" name="billingInformationAmount" time="0.183"/>
  <system-out/>
  <testcase classname="org.test.SubscriptionMonthlyTeamPack" name="paymentDetailsAmount" time="0.204"/>
  <system-out/>
</testsuite> <!-- org.test.SubscriptionMonthlyTeamPack -->
