<?xml version="1.0" encoding="UTF-8"?>
<!-- Generated by org.testng.reporters.JUnitReportReporter -->
<<<<<<< HEAD
<<<<<<< HEAD
<testsuite hostname="DESKTOP-5M7AM2E" failures="0" tests="4" name="org.enhancement.GlobalContactJob" time="99.947" errors="0" timestamp="2023-05-22T20:03:10 IST" skipped="0">
  <testcase classname="org.enhancement.GlobalContactJob" name="loginPage" time="65.668"/>
  <system-out/>
  <testcase classname="org.enhancement.GlobalContactJob" name="jobModule" time="1.744"/>
  <system-out/>
  <testcase classname="org.enhancement.GlobalContactJob" name="labelValidation" time="6.941"/>
  <system-out/>
  <testcase classname="org.enhancement.GlobalContactJob" name="createJob_FromDateandTime_ToDateandTime" time="25.594"/>
=======
<testsuite hostname="DESKTOP-5M7AM2E" failures="0" tests="4" name="org.enhancement.GlobalContactJob" time="75.593" errors="0" timestamp="2023-05-25T15:41:19 IST" skipped="0">
  <testcase classname="org.enhancement.GlobalContactJob" name="loginPage" time="41.906"/>
=======
<testsuite hostname="DESKTOP-5M7AM2E" failures="0" tests="8" name="org.enhancement.GlobalContactJob" time="244.991" errors="0" timestamp="2023-06-04T11:22:12 IST" skipped="0">
  <testcase classname="org.enhancement.GlobalContactJob" name="loginPage" time="23.398"/>
>>>>>>> 8f032e9abfd9edfc56ded76230782504aeca4741
  <system-out/>
  <testcase classname="org.enhancement.GlobalContactJob" name="jobModule" time="1.009"/>
  <system-out/>
  <testcase classname="org.enhancement.GlobalContactJob" name="labelValidation" time="1.500"/>
  <system-out/>
<<<<<<< HEAD
  <testcase classname="org.enhancement.GlobalContactJob" name="createJob_FromDateandTime_ToDateandTime" time="28.196"/>
>>>>>>> c5699b793ecef34ca60eb49f33139d209ba1ec97
=======
  <testcase classname="org.enhancement.GlobalContactJob" name="createJob_FromDateandTime_ToDateandTime" time="39.707"/>
  <system-out/>
  <testcase classname="org.enhancement.GlobalContactJob" name="createJob_FromDateandTime_ToDateandTime" time="42.728"/>
  <system-out/>
  <testcase classname="org.enhancement.GlobalContactJob" name="createJob_FromDateandTime_ToDateandTime" time="48.765"/>
  <system-out/>
  <testcase classname="org.enhancement.GlobalContactJob" name="createJob_FromDateandTime_ToDateandTime" time="40.912"/>
  <system-out/>
  <testcase classname="org.enhancement.GlobalContactJob" name="createJob_FromDateandTime_ToDateandTime" time="46.972"/>
>>>>>>> 8f032e9abfd9edfc56ded76230782504aeca4741
  <system-out/>
</testsuite> <!-- org.enhancement.GlobalContactJob -->
