<?xml version="1.0" encoding="UTF-8"?>
<!-- Generated by org.testng.reporters.JUnitReportReporter -->
<testsuite hostname="DESKTOP-5M7AM2E" failures="0" tests="4" name="org.enhancement.CategoryModule" time="48.293" errors="0" timestamp="2023-05-22T20:03:10 IST" skipped="0">
  <testcase classname="org.enhancement.CategoryModule" name="loginPage" time="36.096"/>
  <system-out/>
  <testcase classname="org.enhancement.CategoryModule" name="settingModule" time="1.598"/>
  <system-out/>
  <testcase classname="org.enhancement.CategoryModule" name="createFormLabel" time="1.871"/>
  <system-out/>
  <testcase classname="org.enhancement.CategoryModule" name="createCategoryProduct" time="8.728"/>
  <system-out/>
</testsuite> <!-- org.enhancement.CategoryModule -->
