<?xml version="1.0" encoding="UTF-8"?>
<!-- Generated by org.testng.reporters.JUnitReportReporter -->
<testsuite hostname="DESKTOP-5M7AM2E" failures="0" tests="7" name="org.test.Login" time="37.046" errors="0" timestamp="2023-01-20T02:15:43 IST" skipped="0">
  <testcase classname="org.test.Login" name="verifyEmptyEmail" time="5.443"/>
  <system-out/>
  <testcase classname="org.test.Login" name="verifyEmptyPassword" time="2.975"/>
  <system-out/>
  <testcase classname="org.test.Login" name="verifyIncorrectMail" time="1.926"/>
  <system-out/>
  <testcase classname="org.test.Login" name="verifyIncorrectPassword" time="2.967"/>
  <system-out/>
  <testcase classname="org.test.Login" name="verifyInvalidEmail" time="1.921"/>
  <system-out/>
  <testcase classname="org.test.Login" name="verifyInvalidCredentials" time="2.683"/>
  <system-out/>
  <testcase classname="org.test.Login" name="verify" time="19.131"/>
  <system-out/>
</testsuite> <!-- org.test.Login -->
