<?xml version="1.0" encoding="UTF-8"?>
<!-- Generated by org.testng.reporters.JUnitReportReporter -->
<<<<<<< HEAD
<testsuite hostname="DESKTOP-5M7AM2E" failures="0" tests="69" name="org.test.CustomerContactInvoice" time="171.989" errors="0" timestamp="2023-04-23T22:29:52 IST" skipped="0">
  <testcase classname="org.test.CustomerContactInvoice" name="loginPage" time="21.605"/>
  <system-out/>
  <testcase classname="org.test.CustomerContactInvoice" name="contactModule" time="7.720"/>
  <system-out/>
  <testcase classname="org.test.CustomerContactInvoice" name="CreateContact" time="17.726"/>
  <system-out/>
  <testcase classname="org.test.CustomerContactInvoice" name="labelValidation" time="7.603"/>
  <system-out/>
  <testcase classname="org.test.CustomerContactInvoice" name="namePrepopulation" time="4.268"/>
  <system-out/>
  <testcase classname="org.test.CustomerContactInvoice" name="mandatoryValidationDeuDate" time="0.602"/>
  <system-out/>
  <testcase classname="org.test.CustomerContactInvoice" name="mandatoryValidationInventoryItem" time="0.066"/>
  <system-out/>
  <testcase classname="org.test.CustomerContactInvoice" name="mandatoryValidationQunatity" time="0.064"/>
  <system-out/>
  <testcase classname="org.test.CustomerContactInvoice" name="mandatoryValidationPrice" time="0.069"/>
  <system-out/>
  <testcase classname="org.test.CustomerContactInvoice" name="mandatoryValidationDescription" time="0.063"/>
  <system-out/>
  <testcase classname="org.test.CustomerContactInvoice" name="maximumValidationReference" time="0.659"/>
  <system-out/>
  <testcase classname="org.test.CustomerContactInvoice" name="maximumValidationInvoiceTittle" time="0.655"/>
  <system-out/>
  <testcase classname="org.test.CustomerContactInvoice" name="maximumValidationInventoryItem" time="0.959"/>
=======
<testsuite hostname="DESKTOP-5M7AM2E" failures="0" tests="69" name="org.test.CustomerContactInvoice" time="147.248" errors="0" timestamp="2023-05-04T12:17:21 IST" skipped="0">
  <testcase classname="org.test.CustomerContactInvoice" name="loginPage" time="32.382"/>
  <system-out/>
  <testcase classname="org.test.CustomerContactInvoice" name="contactModule" time="3.949"/>
  <system-out/>
  <testcase classname="org.test.CustomerContactInvoice" name="CreateContact" time="11.424"/>
  <system-out/>
  <testcase classname="org.test.CustomerContactInvoice" name="labelValidation" time="6.581"/>
  <system-out/>
  <testcase classname="org.test.CustomerContactInvoice" name="namePrepopulation" time="2.151"/>
  <system-out/>
  <testcase classname="org.test.CustomerContactInvoice" name="mandatoryValidationDeuDate" time="0.609"/>
  <system-out/>
  <testcase classname="org.test.CustomerContactInvoice" name="mandatoryValidationInventoryItem" time="0.065"/>
  <system-out/>
  <testcase classname="org.test.CustomerContactInvoice" name="mandatoryValidationPrice" time="0.062"/>
  <system-out/>
  <testcase classname="org.test.CustomerContactInvoice" name="mandatoryValidationQunatity" time="0.072"/>
  <system-out/>
  <testcase classname="org.test.CustomerContactInvoice" name="mandatoryValidationDescription" time="0.065"/>
  <system-out/>
  <testcase classname="org.test.CustomerContactInvoice" name="maximumValidationReference" time="0.639"/>
  <system-out/>
  <testcase classname="org.test.CustomerContactInvoice" name="maximumValidationInvoiceTittle" time="0.647"/>
  <system-out/>
  <testcase classname="org.test.CustomerContactInvoice" name="maximumValidationInventoryItem" time="0.980"/>
>>>>>>> 0854a1eab27eed2f52fc7f8faa0085f4f5986c02
  <system-out/>
  <testcase classname="org.test.CustomerContactInvoice" name="emptyValidationQuantityField" time="0.207"/>
  <system-out/>
<<<<<<< HEAD
  <testcase classname="org.test.CustomerContactInvoice" name="maxQuanitityLimit" time="0.255"/>
  <system-out/>
  <testcase classname="org.test.CustomerContactInvoice" name="afterDecimalPointValidationQuantityField" time="0.193"/>
  <system-out/>
  <testcase classname="org.test.CustomerContactInvoice" name="beforeDecimalPointValidationQuantityField" time="0.312"/>
  <system-out/>
  <testcase classname="org.test.CustomerContactInvoice" name="emptyValidationPriceField" time="0.214"/>
  <system-out/>
  <testcase classname="org.test.CustomerContactInvoice" name="maxPriceLimit" time="0.196"/>
  <system-out/>
  <testcase classname="org.test.CustomerContactInvoice" name="beforeDecimalPointPriceField" time="0.213"/>
  <system-out/>
  <testcase classname="org.test.CustomerContactInvoice" name="afterDecimalPointPriceField" time="0.252"/>
  <system-out/>
  <testcase classname="org.test.CustomerContactInvoice" name="afterDecimalPointDiscountField" time="0.218"/>
  <system-out/>
  <testcase classname="org.test.CustomerContactInvoice" name="beforeDecimalPointDiscountField" time="0.198"/>
=======
  <testcase classname="org.test.CustomerContactInvoice" name="maxQuanitityLimit" time="0.242"/>
  <system-out/>
  <testcase classname="org.test.CustomerContactInvoice" name="afterDecimalPointValidationQuantityField" time="0.176"/>
  <system-out/>
  <testcase classname="org.test.CustomerContactInvoice" name="beforeDecimalPointValidationQuantityField" time="0.256"/>
  <system-out/>
  <testcase classname="org.test.CustomerContactInvoice" name="emptyValidationPriceField" time="0.201"/>
  <system-out/>
  <testcase classname="org.test.CustomerContactInvoice" name="maxPriceLimit" time="0.194"/>
  <system-out/>
  <testcase classname="org.test.CustomerContactInvoice" name="beforeDecimalPointPriceField" time="0.218"/>
  <system-out/>
  <testcase classname="org.test.CustomerContactInvoice" name="afterDecimalPointPriceField" time="0.238"/>
  <system-out/>
  <testcase classname="org.test.CustomerContactInvoice" name="afterDecimalPointDiscountField" time="0.206"/>
  <system-out/>
  <testcase classname="org.test.CustomerContactInvoice" name="beforeDecimalPointDiscountField" time="0.187"/>
>>>>>>> 0854a1eab27eed2f52fc7f8faa0085f4f5986c02
  <system-out/>
  <testcase classname="org.test.CustomerContactInvoice" name="maxLimitDiscountField" time="0.159"/>
  <system-out/>
<<<<<<< HEAD
  <testcase classname="org.test.CustomerContactInvoice" name="afterDecimalPointTaxField" time="0.216"/>
  <system-out/>
  <testcase classname="org.test.CustomerContactInvoice" name="beforeDecimalPointTaxField" time="0.173"/>
  <system-out/>
  <testcase classname="org.test.CustomerContactInvoice" name="maxLimitTaxField" time="0.238"/>
  <system-out/>
  <testcase classname="org.test.CustomerContactInvoice" name="maximumValidationDescription" time="1.681"/>
  <system-out/>
  <testcase classname="org.test.CustomerContactInvoice" name="maximumValidationNotes" time="3.535"/>
  <system-out/>
  <testcase classname="org.test.CustomerContactInvoice" name="expiryFieldPastDateValidation" time="8.234"/>
  <system-out/>
  <testcase classname="org.test.CustomerContactInvoice" name="validateCalculation" time="0.680"/>
  <system-out/>
  <testcase classname="org.test.CustomerContactInvoice" name="createInvoice" time="12.913"/>
=======
  <testcase classname="org.test.CustomerContactInvoice" name="afterDecimalPointTaxField" time="0.211"/>
  <system-out/>
  <testcase classname="org.test.CustomerContactInvoice" name="beforeDecimalPointTaxField" time="0.189"/>
  <system-out/>
  <testcase classname="org.test.CustomerContactInvoice" name="maxLimitTaxField" time="0.244"/>
  <system-out/>
  <testcase classname="org.test.CustomerContactInvoice" name="maximumValidationDescription" time="1.601"/>
  <system-out/>
  <testcase classname="org.test.CustomerContactInvoice" name="maximumValidationNotes" time="3.837"/>
  <system-out/>
  <testcase classname="org.test.CustomerContactInvoice" name="expiryFieldPastDateValidation" time="7.868"/>
  <system-out/>
  <testcase classname="org.test.CustomerContactInvoice" name="validateCalculation" time="0.699"/>
  <system-out/>
  <testcase classname="org.test.CustomerContactInvoice" name="createInvoice" time="11.606"/>
>>>>>>> 0854a1eab27eed2f52fc7f8faa0085f4f5986c02
  <system-out/>
  <testcase classname="org.test.CustomerContactInvoice" name="invoiceCreatedCount" time="0.124"/>
  <system-out/>
<<<<<<< HEAD
  <testcase classname="org.test.CustomerContactInvoice" name="editLableValidation" time="16.204"/>
  <system-out/>
  <testcase classname="org.test.CustomerContactInvoice" name="mandatoryValidationEditDueDate" time="0.794"/>
  <system-out/>
  <testcase classname="org.test.CustomerContactInvoice" name="mandatoryValidationEditQunatity" time="0.063"/>
  <system-out/>
  <testcase classname="org.test.CustomerContactInvoice" name="mandatoryValidationEditPrice" time="0.071"/>
  <system-out/>
  <testcase classname="org.test.CustomerContactInvoice" name="mandatoryValidationEditDescription" time="0.067"/>
  <system-out/>
  <testcase classname="org.test.CustomerContactInvoice" name="maximumValidationEditReference" time="0.626"/>
  <system-out/>
  <testcase classname="org.test.CustomerContactInvoice" name="maximumValidationEditInvoiceTittle" time="0.646"/>
  <system-out/>
  <testcase classname="org.test.CustomerContactInvoice" name="maximumValidationEditInventoryItem" time="0.947"/>
  <system-out/>
  <testcase classname="org.test.CustomerContactInvoice" name="emptyValidationEditQuantityField" time="0.211"/>
  <system-out/>
  <testcase classname="org.test.CustomerContactInvoice" name="maxEditQuanitityLimit" time="0.258"/>
  <system-out/>
  <testcase classname="org.test.CustomerContactInvoice" name="afterEditDecimalPointValidationQuantityField" time="0.199"/>
  <system-out/>
  <testcase classname="org.test.CustomerContactInvoice" name="beforeEditDecimalPointValidationQuantityField" time="0.291"/>
  <system-out/>
  <testcase classname="org.test.CustomerContactInvoice" name="emptyValidationEditPriceField" time="0.216"/>
  <system-out/>
  <testcase classname="org.test.CustomerContactInvoice" name="maxEditPriceLimit" time="0.190"/>
  <system-out/>
  <testcase classname="org.test.CustomerContactInvoice" name="beforeEditDecimalPointPriceField" time="0.220"/>
  <system-out/>
  <testcase classname="org.test.CustomerContactInvoice" name="afterEditDecimalPointPriceField" time="0.248"/>
  <system-out/>
  <testcase classname="org.test.CustomerContactInvoice" name="afterEditDecimalPointDiscountField" time="0.205"/>
  <system-out/>
  <testcase classname="org.test.CustomerContactInvoice" name="beforeEditDecimalPointDiscountField" time="0.183"/>
=======
  <testcase classname="org.test.CustomerContactInvoice" name="editLableValidation" time="7.756"/>
  <system-out/>
  <testcase classname="org.test.CustomerContactInvoice" name="mandatoryValidationEditDueDate" time="0.741"/>
  <system-out/>
  <testcase classname="org.test.CustomerContactInvoice" name="mandatoryValidationEditQunatity" time="0.064"/>
  <system-out/>
  <testcase classname="org.test.CustomerContactInvoice" name="mandatoryValidationEditPrice" time="0.063"/>
  <system-out/>
  <testcase classname="org.test.CustomerContactInvoice" name="mandatoryValidationEditDescription" time="0.061"/>
  <system-out/>
  <testcase classname="org.test.CustomerContactInvoice" name="maximumValidationEditReference" time="0.651"/>
  <system-out/>
  <testcase classname="org.test.CustomerContactInvoice" name="maximumValidationEditInvoiceTittle" time="0.629"/>
  <system-out/>
  <testcase classname="org.test.CustomerContactInvoice" name="maximumValidationEditInventoryItem" time="1.013"/>
  <system-out/>
  <testcase classname="org.test.CustomerContactInvoice" name="emptyValidationEditQuantityField" time="0.202"/>
  <system-out/>
  <testcase classname="org.test.CustomerContactInvoice" name="maxEditQuanitityLimit" time="0.260"/>
  <system-out/>
  <testcase classname="org.test.CustomerContactInvoice" name="afterEditDecimalPointValidationQuantityField" time="0.190"/>
  <system-out/>
  <testcase classname="org.test.CustomerContactInvoice" name="beforeEditDecimalPointValidationQuantityField" time="0.314"/>
  <system-out/>
  <testcase classname="org.test.CustomerContactInvoice" name="emptyValidationEditPriceField" time="0.214"/>
  <system-out/>
  <testcase classname="org.test.CustomerContactInvoice" name="maxEditPriceLimit" time="0.194"/>
  <system-out/>
  <testcase classname="org.test.CustomerContactInvoice" name="beforeEditDecimalPointPriceField" time="0.211"/>
  <system-out/>
  <testcase classname="org.test.CustomerContactInvoice" name="afterEditDecimalPointPriceField" time="0.232"/>
  <system-out/>
  <testcase classname="org.test.CustomerContactInvoice" name="afterEditDecimalPointDiscountField" time="0.205"/>
  <system-out/>
  <testcase classname="org.test.CustomerContactInvoice" name="beforeEditDecimalPointDiscountField" time="0.181"/>
>>>>>>> 0854a1eab27eed2f52fc7f8faa0085f4f5986c02
  <system-out/>
  <testcase classname="org.test.CustomerContactInvoice" name="maxLimitEditDiscountField" time="0.166"/>
  <system-out/>
<<<<<<< HEAD
  <testcase classname="org.test.CustomerContactInvoice" name="afterDecimalEditPointTaxField" time="0.209"/>
  <system-out/>
  <testcase classname="org.test.CustomerContactInvoice" name="beforeDecimalEditPointTaxField" time="0.182"/>
  <system-out/>
  <testcase classname="org.test.CustomerContactInvoice" name="maxEditLimitTaxField" time="0.244"/>
  <system-out/>
  <testcase classname="org.test.CustomerContactInvoice" name="maximumEditValidationDescription" time="1.641"/>
  <system-out/>
  <testcase classname="org.test.CustomerContactInvoice" name="maximumEditValidationNotes" time="3.597"/>
  <system-out/>
  <testcase classname="org.test.CustomerContactInvoice" name="expiryEditFieldPastDateValidation" time="8.263"/>
  <system-out/>
  <testcase classname="org.test.CustomerContactInvoice" name="updatedInvoice" time="11.894"/>
  <system-out/>
  <testcase classname="org.test.CustomerContactInvoice" name="draftInvoice" time="8.036"/>
=======
  <testcase classname="org.test.CustomerContactInvoice" name="afterDecimalEditPointTaxField" time="0.227"/>
  <system-out/>
  <testcase classname="org.test.CustomerContactInvoice" name="beforeDecimalEditPointTaxField" time="0.176"/>
  <system-out/>
  <testcase classname="org.test.CustomerContactInvoice" name="maxEditLimitTaxField" time="0.229"/>
  <system-out/>
  <testcase classname="org.test.CustomerContactInvoice" name="maximumEditValidationDescription" time="1.819"/>
  <system-out/>
  <testcase classname="org.test.CustomerContactInvoice" name="maximumEditValidationNotes" time="3.969"/>
  <system-out/>
  <testcase classname="org.test.CustomerContactInvoice" name="expiryEditFieldPastDateValidation" time="7.323"/>
  <system-out/>
  <testcase classname="org.test.CustomerContactInvoice" name="updatedInvoice" time="10.945"/>
  <system-out/>
  <testcase classname="org.test.CustomerContactInvoice" name="draftInvoice" time="5.941"/>
>>>>>>> 0854a1eab27eed2f52fc7f8faa0085f4f5986c02
  <system-out/>
  <testcase classname="org.test.CustomerContactInvoice" name="createdQuoteStatus" time="0.065"/>
  <system-out/>
<<<<<<< HEAD
  <testcase classname="org.test.CustomerContactInvoice" name="UpdatedInvociePartialPayment" time="8.127"/>
  <system-out/>
  <testcase classname="org.test.CustomerContactInvoice" name="partialPaidAmount" time="0.065"/>
  <system-out/>
  <testcase classname="org.test.CustomerContactInvoice" name="UpdatedInvociePaid" time="7.547"/>
  <system-out/>
  <testcase classname="org.test.CustomerContactInvoice" name="fullyPaidAmount" time="0.125"/>
  <system-out/>
  <testcase classname="org.test.CustomerContactInvoice" name="listInvoiceNo" time="2.103"/>
  <system-out/>
  <testcase classname="org.test.CustomerContactInvoice" name="listQuoteReference" time="2.030"/>
  <system-out/>
  <testcase classname="org.test.CustomerContactInvoice" name="filterDateInvoice" time="2.047"/>
  <system-out/>
  <testcase classname="org.test.CustomerContactInvoice" name="listInvalid" time="1.708"/>
=======
  <testcase classname="org.test.CustomerContactInvoice" name="UpdatedInvociePartialPayment" time="4.360"/>
  <system-out/>
  <testcase classname="org.test.CustomerContactInvoice" name="partialPaidAmount" time="0.059"/>
  <system-out/>
  <testcase classname="org.test.CustomerContactInvoice" name="UpdatedInvociePaid" time="3.294"/>
  <system-out/>
  <testcase classname="org.test.CustomerContactInvoice" name="fullyPaidAmount" time="0.087"/>
  <system-out/>
  <testcase classname="org.test.CustomerContactInvoice" name="listInvoiceNo" time="1.786"/>
  <system-out/>
  <testcase classname="org.test.CustomerContactInvoice" name="listQuoteReference" time="2.625"/>
  <system-out/>
  <testcase classname="org.test.CustomerContactInvoice" name="filterDateInvoice" time="1.520"/>
  <system-out/>
  <testcase classname="org.test.CustomerContactInvoice" name="listInvalid" time="1.187"/>
>>>>>>> 0854a1eab27eed2f52fc7f8faa0085f4f5986c02
  <system-out/>
</testsuite> <!-- org.test.CustomerContactInvoice -->
