<?xml version="1.0" encoding="UTF-8"?>
<!-- Generated by org.testng.reporters.JUnitReportReporter -->
<testsuite hostname="DESKTOP-5M7AM2E" failures="0" tests="3" name="org.enhancement.GlobalOrganizationInvoice" time="54.517" errors="0" timestamp="2023-04-23T20:36:39 IST" skipped="0">
  <testcase classname="org.enhancement.GlobalOrganizationInvoice" name="loginPage" time="17.991"/>
  <system-out/>
  <testcase classname="org.enhancement.GlobalOrganizationInvoice" name="invoiceModule" time="4.242"/>
  <system-out/>
  <testcase classname="org.enhancement.GlobalOrganizationInvoice" name="createInvoice" time="32.284"/>
  <system-out/>
</testsuite> <!-- org.enhancement.GlobalOrganizationInvoice -->
