<?xml version="1.0" encoding="UTF-8"?>
<!-- Generated by org.testng.reporters.JUnitReportReporter -->
<testsuite hostname="DESKTOP-5M7AM2E" failures="0" tests="7" name="org.enhancement.GlobalContactInvoice" time="337.536" errors="0" timestamp="2023-06-04T11:33:21 IST" skipped="0">
  <testcase classname="org.enhancement.GlobalContactInvoice" name="loginPage" time="55.047"/>
  <system-out/>
  <testcase classname="org.enhancement.GlobalContactInvoice" name="invoiceModule" time="5.107"/>
  <system-out/>
  <testcase classname="org.enhancement.GlobalContactInvoice" name="createInvoice" time="45.900"/>
  <system-out/>
  <testcase classname="org.enhancement.GlobalContactInvoice" name="createInvoice" time="47.133"/>
  <system-out/>
  <testcase classname="org.enhancement.GlobalContactInvoice" name="createInvoice" time="44.840"/>
  <system-out/>
  <testcase classname="org.enhancement.GlobalContactInvoice" name="createInvoice" time="45.903"/>
  <system-out/>
  <testcase classname="org.enhancement.GlobalContactInvoice" name="createInvoice" time="93.606"/>
  <system-out/>
</testsuite> <!-- org.enhancement.GlobalContactInvoice -->
