<?xml version="1.0" encoding="UTF-8"?>
<!-- Generated by org.testng.reporters.JUnitReportReporter -->
<testsuite hostname="DESKTOP-5M7AM2E" failures="0" tests="23" name="org.test.TeamCompaniesDetailScreen" time="76.584" errors="0" timestamp="2023-06-02T15:22:10 IST" skipped="0">
  <testcase classname="org.test.TeamCompaniesDetailScreen" name="verify" time="25.783"/>
  <system-out/>
  <testcase classname="org.test.TeamCompaniesDetailScreen" name="teamModule" time="4.513"/>
  <system-out/>
  <testcase classname="org.test.TeamCompaniesDetailScreen" name="editLabel" time="3.112"/>
  <system-out/>
  <testcase classname="org.test.TeamCompaniesDetailScreen" name="maxValidationCompanyWebsiteField" time="5.498"/>
  <system-out/>
  <testcase classname="org.test.TeamCompaniesDetailScreen" name="maxValidationFirstNameField" time="0.991"/>
  <system-out/>
  <testcase classname="org.test.TeamCompaniesDetailScreen" name="maxValidationLastNameField" time="0.953"/>
  <system-out/>
  <testcase classname="org.test.TeamCompaniesDetailScreen" name="maxValidationTaxNumberField" time="5.346"/>
  <system-out/>
  <testcase classname="org.test.TeamCompaniesDetailScreen" name="maxValidationCompanyLocationNameField" time="0.898"/>
  <system-out/>
  <testcase classname="org.test.TeamCompaniesDetailScreen" name="validateCompanyEmailField" time="0.330"/>
  <system-out/>
  <testcase classname="org.test.TeamCompaniesDetailScreen" name="maxValidationCompanyEmailField" time="0.779"/>
  <system-out/>
  <testcase classname="org.test.TeamCompaniesDetailScreen" name="minValidationCompanyPhoneNumberField" time="0.344"/>
  <system-out/>
  <testcase classname="org.test.TeamCompaniesDetailScreen" name="maxValidationCompanyPhoneNumberField" time="0.321"/>
  <system-out/>
  <testcase classname="org.test.TeamCompaniesDetailScreen" name="maxValidationCompanyAddress1Field" time="0.784"/>
  <system-out/>
  <testcase classname="org.test.TeamCompaniesDetailScreen" name="maxValidationCompanyAddress2Field" time="0.809"/>
  <system-out/>
  <testcase classname="org.test.TeamCompaniesDetailScreen" name="maxValidationCompanyStateField" time="0.798"/>
  <system-out/>
  <testcase classname="org.test.TeamCompaniesDetailScreen" name="maxValidationCompanyCityField" time="0.767"/>
  <system-out/>
  <testcase classname="org.test.TeamCompaniesDetailScreen" name="maxValidationCompanyZipcodeField" time="0.305"/>
  <system-out/>
  <testcase classname="org.test.TeamCompaniesDetailScreen" name="minValidationCompanyZipcodeField" time="0.323"/>
  <system-out/>
  <testcase classname="org.test.TeamCompaniesDetailScreen" name="characterValidationCompanyZipcodeField" time="0.337"/>
  <system-out/>
  <testcase classname="org.test.TeamCompaniesDetailScreen" name="maxValidationCompanyContactPerson" time="3.049"/>
  <system-out/>
  <testcase classname="org.test.TeamCompaniesDetailScreen" name="responseMessage" time="7.879"/>
  <system-out/>
  <testcase classname="org.test.TeamCompaniesDetailScreen" name="maximumValidationDescription" time="5.080"/>
  <system-out/>
  <testcase classname="org.test.TeamCompaniesDetailScreen" name="deleteLocation" time="7.585"/>
  <system-out/>
</testsuite> <!-- org.test.TeamCompaniesDetailScreen -->
