<?xml version="1.0" encoding="UTF-8"?>
<!-- Generated by org.testng.reporters.JUnitReportReporter -->
<testsuite hostname="DESKTOP-5M7AM2E" failures="0" tests="68" name="org.test.GlobalContactInvoice" time="174.881" errors="1" timestamp="2023-04-04T00:12:38 IST" skipped="0">
  <testcase classname="org.test.GlobalContactInvoice" name="loginPage" time="28.326"/>
  <system-out/>
  <testcase classname="org.test.GlobalContactInvoice" name="invoiceModule" time="2.056">
    <error message="stale element reference: element is not attached to the page document
  (Session info: MicrosoftEdge=111.0.1661.62)
For documentation on this error, please visit: https://selenium.dev/exceptions/#stale_element_reference
Build info: version: &#039;4.8.1&#039;, revision: &#039;8ebccac989&#039;
System info: os.name: &#039;Windows 11&#039;, os.arch: &#039;amd64&#039;, os.version: &#039;10.0&#039;, java.version: &#039;17.0.3&#039;
Driver info: org.openqa.selenium.edge.EdgeDriver
Command: [2c18794037a93301985e7cf41117505c, isElementDisplayed {id=f56882bd-4cad-4acd-b200-5abfbd6c9fd1}]
Capabilities {acceptInsecureCerts: false, browserName: msedge, browserVersion: 111.0.1661.62, ms:edgeOptions: {debuggerAddress: localhost:52175}, msedge: {msedgedriverVersion: 111.0.1661.62 (0a8f453929e6..., userDataDir: C:\Users\ZAIGOP~1\AppData\L...}, networkConnectionEnabled: false, pageLoadStrategy: normal, platformName: WINDOWS, proxy: Proxy(), se:cdp: ws://localhost:52175/devtoo..., se:cdpVersion: 111.0.1661.62, setWindowRect: true, strictFileInteractability: false, timeouts: {implicit: 0, pageLoad: 300000, script: 30000}, unhandledPromptBehavior: dismiss and notify, webauthn:extension:credBlob: true, webauthn:extension:largeBlob: true, webauthn:extension:minPinLength: true, webauthn:extension:prf: true, webauthn:virtualAuthenticators: true}
Element: [[EdgeDriver: msedge on WINDOWS (2c18794037a93301985e7cf41117505c)] -&gt; xpath: //*[text()=&#039;No Result Found&#039;]]
Session ID: 2c18794037a93301985e7cf41117505c" type="org.openqa.selenium.StaleElementReferenceException">
      <![CDATA[org.openqa.selenium.StaleElementReferenceException: stale element reference: element is not attached to the page document
  (Session info: MicrosoftEdge=111.0.1661.62)
For documentation on this error, please visit: https://selenium.dev/exceptions/#stale_element_reference
Build info: version: '4.8.1', revision: '8ebccac989'
System info: os.name: 'Windows 11', os.arch: 'amd64', os.version: '10.0', java.version: '17.0.3'
Driver info: org.openqa.selenium.edge.EdgeDriver
Command: [2c18794037a93301985e7cf41117505c, isElementDisplayed {id=f56882bd-4cad-4acd-b200-5abfbd6c9fd1}]
Capabilities {acceptInsecureCerts: false, browserName: msedge, browserVersion: 111.0.1661.62, ms:edgeOptions: {debuggerAddress: localhost:52175}, msedge: {msedgedriverVersion: 111.0.1661.62 (0a8f453929e6..., userDataDir: C:\Users\ZAIGOP~1\AppData\L...}, networkConnectionEnabled: false, pageLoadStrategy: normal, platformName: WINDOWS, proxy: Proxy(), se:cdp: ws://localhost:52175/devtoo..., se:cdpVersion: 111.0.1661.62, setWindowRect: true, strictFileInteractability: false, timeouts: {implicit: 0, pageLoad: 300000, script: 30000}, unhandledPromptBehavior: dismiss and notify, webauthn:extension:credBlob: true, webauthn:extension:largeBlob: true, webauthn:extension:minPinLength: true, webauthn:extension:prf: true, webauthn:virtualAuthenticators: true}
Element: [[EdgeDriver: msedge on WINDOWS (2c18794037a93301985e7cf41117505c)] -> xpath: //*[text()='No Result Found']]
Session ID: 2c18794037a93301985e7cf41117505c
at java.base/jdk.internal.reflect.NativeConstructorAccessorImpl.newInstance0(Native Method)
at java.base/jdk.internal.reflect.NativeConstructorAccessorImpl.newInstance(NativeConstructorAccessorImpl.java:77)
at java.base/jdk.internal.reflect.DelegatingConstructorAccessorImpl.newInstance(DelegatingConstructorAccessorImpl.java:45)
at java.base/java.lang.reflect.Constructor.newInstanceWithCaller(Constructor.java:499)
at java.base/java.lang.reflect.Constructor.newInstance(Constructor.java:480)
at org.openqa.selenium.remote.codec.w3c.W3CHttpResponseCodec.createException(W3CHttpResponseCodec.java:200)
at org.openqa.selenium.remote.codec.w3c.W3CHttpResponseCodec.decode(W3CHttpResponseCodec.java:133)
at org.openqa.selenium.remote.codec.w3c.W3CHttpResponseCodec.decode(W3CHttpResponseCodec.java:53)
at org.openqa.selenium.remote.HttpCommandExecutor.execute(HttpCommandExecutor.java:184)
at org.openqa.selenium.remote.service.DriverCommandExecutor.invokeExecute(DriverCommandExecutor.java:167)
at org.openqa.selenium.remote.service.DriverCommandExecutor.execute(DriverCommandExecutor.java:142)
at org.openqa.selenium.remote.RemoteWebDriver.execute(RemoteWebDriver.java:543)
at org.openqa.selenium.remote.RemoteWebElement.execute(RemoteWebElement.java:257)
at org.openqa.selenium.remote.RemoteWebElement.isDisplayed(RemoteWebElement.java:313)
at jdk.internal.reflect.GeneratedMethodAccessor37.invoke(Unknown Source)
at java.base/jdk.internal.reflect.DelegatingMethodAccessorImpl.invoke(DelegatingMethodAccessorImpl.java:43)
at java.base/java.lang.reflect.Method.invoke(Method.java:568)
at org.openqa.selenium.support.pagefactory.internal.LocatingElementHandler.invoke(LocatingElementHandler.java:52)
at jdk.proxy2/jdk.proxy2.$Proxy17.isDisplayed(Unknown Source)
at org.openqa.selenium.support.ui.ExpectedConditions.elementIfVisible(ExpectedConditions.java:314)
at org.openqa.selenium.support.ui.ExpectedConditions.access$000(ExpectedConditions.java:43)
at org.openqa.selenium.support.ui.ExpectedConditions$10.apply(ExpectedConditions.java:300)
at org.openqa.selenium.support.ui.ExpectedConditions$10.apply(ExpectedConditions.java:297)
at org.openqa.selenium.support.ui.FluentWait.until(FluentWait.java:211)
at com.zaigo.pageobjects.InvoicePage.visibility(InvoicePage.java:140)
at com.zaigo.pageobjects.InvoicePage.labelValidation(InvoicePage.java:506)
at org.test.GlobalContactInvoice.invoiceModule(GlobalContactInvoice.java:83)
at java.base/jdk.internal.reflect.NativeMethodAccessorImpl.invoke0(Native Method)
at java.base/jdk.internal.reflect.NativeMethodAccessorImpl.invoke(NativeMethodAccessorImpl.java:77)
at java.base/jdk.internal.reflect.DelegatingMethodAccessorImpl.invoke(DelegatingMethodAccessorImpl.java:43)
at java.base/java.lang.reflect.Method.invoke(Method.java:568)
at org.testng.internal.MethodInvocationHelper.invokeMethod(MethodInvocationHelper.java:133)
at org.testng.internal.TestInvoker.invokeMethod(TestInvoker.java:598)
at org.testng.internal.TestInvoker.invokeTestMethod(TestInvoker.java:173)
at org.testng.internal.MethodRunner.runInSequence(MethodRunner.java:46)
at org.testng.internal.TestInvoker$MethodInvocationAgent.invoke(TestInvoker.java:824)
at org.testng.internal.TestInvoker.invokeTestMethods(TestInvoker.java:146)
at org.testng.internal.TestMethodWorker.invokeTestMethods(TestMethodWorker.java:146)
at org.testng.internal.TestMethodWorker.run(TestMethodWorker.java:128)
at java.base/java.util.ArrayList.forEach(ArrayList.java:1511)
at org.testng.TestRunner.privateRun(TestRunner.java:794)
at org.testng.TestRunner.run(TestRunner.java:596)
at org.testng.SuiteRunner.runTest(SuiteRunner.java:377)
at org.testng.SuiteRunner.runSequentially(SuiteRunner.java:371)
at org.testng.SuiteRunner.privateRun(SuiteRunner.java:332)
at org.testng.SuiteRunner.run(SuiteRunner.java:276)
at org.testng.SuiteRunnerWorker.runSuite(SuiteRunnerWorker.java:53)
at org.testng.SuiteRunnerWorker.run(SuiteRunnerWorker.java:96)
at org.testng.TestNG.runSuitesSequentially(TestNG.java:1212)
at org.testng.TestNG.runSuitesSequentially(TestNG.java:1207)
at org.testng.TestNG.runSuitesLocally(TestNG.java:1134)
at org.testng.TestNG.runSuites(TestNG.java:1063)
at org.testng.TestNG.run(TestNG.java:1031)
at org.testng.remote.AbstractRemoteTestNG.run(AbstractRemoteTestNG.java:115)
at org.testng.remote.RemoteTestNG.initAndRun(RemoteTestNG.java:251)
at org.testng.remote.RemoteTestNG.main(RemoteTestNG.java:77)
]]>
    </error>
  </testcase> <!-- invoiceModule -->
  <system-out/>
  <testcase classname="org.test.GlobalContactInvoice" name="contactMandatoryValidation" time="36.418"/>
  <system-out/>
  <testcase classname="org.test.GlobalContactInvoice" name="mandatoryValidationDeuDate" time="0.037"/>
  <system-out/>
  <testcase classname="org.test.GlobalContactInvoice" name="mandatoryValidationInventoryItem" time="0.051"/>
  <system-out/>
  <testcase classname="org.test.GlobalContactInvoice" name="mandatoryValidationQunatity" time="0.047"/>
  <system-out/>
  <testcase classname="org.test.GlobalContactInvoice" name="mandatoryValidationPrice" time="0.050"/>
  <system-out/>
  <testcase classname="org.test.GlobalContactInvoice" name="mandatoryValidationDescription" time="0.036"/>
  <system-out/>
  <testcase classname="org.test.GlobalContactInvoice" name="autoCompleteContactCreation" time="9.423"/>
  <system-out/>
  <testcase classname="org.test.GlobalContactInvoice" name="maximumValidationReference" time="0.216"/>
  <system-out/>
  <testcase classname="org.test.GlobalContactInvoice" name="maximumValidationInvoiceTittle" time="0.642"/>
  <system-out/>
  <testcase classname="org.test.GlobalContactInvoice" name="maximumValidationInventoryItem" time="0.666"/>
  <system-out/>
  <testcase classname="org.test.GlobalContactInvoice" name="emptyValidationQuantityField" time="0.139"/>
  <system-out/>
  <testcase classname="org.test.GlobalContactInvoice" name="maxQuanitityLimit" time="0.224"/>
  <system-out/>
  <testcase classname="org.test.GlobalContactInvoice" name="afterDecimalPointValidationQuantityField" time="0.174"/>
  <system-out/>
  <testcase classname="org.test.GlobalContactInvoice" name="beforeDecimalPointValidationQuantityField" time="0.228"/>
  <system-out/>
  <testcase classname="org.test.GlobalContactInvoice" name="emptyValidationPriceField" time="0.165"/>
  <system-out/>
  <testcase classname="org.test.GlobalContactInvoice" name="maxPriceLimit" time="0.152"/>
  <system-out/>
  <testcase classname="org.test.GlobalContactInvoice" name="beforeDecimalPointPriceField" time="0.174"/>
  <system-out/>
  <testcase classname="org.test.GlobalContactInvoice" name="afterDecimalPointPriceField" time="0.201"/>
  <system-out/>
  <testcase classname="org.test.GlobalContactInvoice" name="afterDecimalPointDiscountField" time="0.195"/>
  <system-out/>
  <testcase classname="org.test.GlobalContactInvoice" name="beforeDecimalPointDiscountField" time="0.145"/>
  <system-out/>
  <testcase classname="org.test.GlobalContactInvoice" name="maxLimitDiscountField" time="0.128"/>
  <system-out/>
  <testcase classname="org.test.GlobalContactInvoice" name="afterDecimalPointTaxField" time="0.176"/>
  <system-out/>
  <testcase classname="org.test.GlobalContactInvoice" name="beforeDecimalPointTaxField" time="0.144"/>
  <system-out/>
  <testcase classname="org.test.GlobalContactInvoice" name="maxLimitTaxField" time="0.188"/>
  <system-out/>
  <testcase classname="org.test.GlobalContactInvoice" name="maximumValidationDescription" time="1.696"/>
  <system-out/>
  <testcase classname="org.test.GlobalContactInvoice" name="maximumValidationNotes" time="4.004"/>
  <system-out/>
  <testcase classname="org.test.GlobalContactInvoice" name="expiryFieldPastDateValidation" time="7.699"/>
  <system-out/>
  <testcase classname="org.test.GlobalContactInvoice" name="validateCalculation" time="0.485"/>
  <system-out/>
  <testcase classname="org.test.GlobalContactInvoice" name="createInvoice" time="10.835"/>
  <system-out/>
  <testcase classname="org.test.GlobalContactInvoice" name="editLableValidation" time="7.970"/>
  <system-out/>
  <testcase classname="org.test.GlobalContactInvoice" name="mandatoryValidationEditDueDate" time="0.673"/>
  <system-out/>
  <testcase classname="org.test.GlobalContactInvoice" name="mandatoryValidationEditQunatity" time="0.053"/>
  <system-out/>
  <testcase classname="org.test.GlobalContactInvoice" name="mandatoryValidationEditPrice" time="0.049"/>
  <system-out/>
  <testcase classname="org.test.GlobalContactInvoice" name="mandatoryValidationEditDescription" time="0.049"/>
  <system-out/>
  <testcase classname="org.test.GlobalContactInvoice" name="maximumValidationEditReference" time="0.546"/>
  <system-out/>
  <testcase classname="org.test.GlobalContactInvoice" name="maximumValidationEditInvoiceTittle" time="0.625"/>
  <system-out/>
  <testcase classname="org.test.GlobalContactInvoice" name="maximumValidationEditInventoryItem" time="0.792"/>
  <system-out/>
  <testcase classname="org.test.GlobalContactInvoice" name="emptyValidationEditQuantityField" time="0.155"/>
  <system-out/>
  <testcase classname="org.test.GlobalContactInvoice" name="maxEditQuanitityLimit" time="0.210"/>
  <system-out/>
  <testcase classname="org.test.GlobalContactInvoice" name="afterEditDecimalPointValidationQuantityField" time="0.160"/>
  <system-out/>
  <testcase classname="org.test.GlobalContactInvoice" name="beforeEditDecimalPointValidationQuantityField" time="0.227"/>
  <system-out/>
  <testcase classname="org.test.GlobalContactInvoice" name="emptyValidationEditPriceField" time="0.162"/>
  <system-out/>
  <testcase classname="org.test.GlobalContactInvoice" name="maxEditPriceLimit" time="0.169"/>
  <system-out/>
  <testcase classname="org.test.GlobalContactInvoice" name="beforeEditDecimalPointPriceField" time="0.171"/>
  <system-out/>
  <testcase classname="org.test.GlobalContactInvoice" name="afterEditDecimalPointPriceField" time="0.201"/>
  <system-out/>
  <testcase classname="org.test.GlobalContactInvoice" name="afterEditDecimalPointDiscountField" time="0.165"/>
  <system-out/>
  <testcase classname="org.test.GlobalContactInvoice" name="beforeEditDecimalPointDiscountField" time="0.146"/>
  <system-out/>
  <testcase classname="org.test.GlobalContactInvoice" name="maxLimitEditDiscountField" time="0.128"/>
  <system-out/>
  <testcase classname="org.test.GlobalContactInvoice" name="afterDecimalEditPointTaxField" time="0.165"/>
  <system-out/>
  <testcase classname="org.test.GlobalContactInvoice" name="beforeDecimalEditPointTaxField" time="0.146"/>
  <system-out/>
  <testcase classname="org.test.GlobalContactInvoice" name="maxEditLimitTaxField" time="0.194"/>
  <system-out/>
  <testcase classname="org.test.GlobalContactInvoice" name="maximumEditValidationDescription" time="1.669"/>
  <system-out/>
  <testcase classname="org.test.GlobalContactInvoice" name="maximumEditValidationNotes" time="3.655"/>
  <system-out/>
  <testcase classname="org.test.GlobalContactInvoice" name="expiryEditFieldPastDateValidation" time="7.733"/>
  <system-out/>
  <testcase classname="org.test.GlobalContactInvoice" name="updatedInvoice" time="11.175"/>
  <system-out/>
  <testcase classname="org.test.GlobalContactInvoice" name="draftInvoice" time="13.178"/>
  <system-out/>
  <testcase classname="org.test.GlobalContactInvoice" name="createdQuoteStatus" time="0.047"/>
  <system-out/>
  <testcase classname="org.test.GlobalContactInvoice" name="UpdatedInvociePartialPayment" time="4.243"/>
  <system-out/>
  <testcase classname="org.test.GlobalContactInvoice" name="partialPaidAmount" time="0.041"/>
  <system-out/>
  <testcase classname="org.test.GlobalContactInvoice" name="fullyPaidAmount" time="0.078"/>
  <system-out/>
  <testcase classname="org.test.GlobalContactInvoice" name="UpdatedInvociePaid" time="7.905"/>
  <system-out/>
  <testcase classname="org.test.GlobalContactInvoice" name="listCustomerName" time="1.550"/>
  <system-out/>
  <testcase classname="org.test.GlobalContactInvoice" name="listInvoiceNo" time="1.239"/>
  <system-out/>
  <testcase classname="org.test.GlobalContactInvoice" name="listQuoteReference" time="1.237"/>
  <system-out/>
  <testcase classname="org.test.GlobalContactInvoice" name="filterDateInvoice" time="1.498"/>
  <system-out/>
  <testcase classname="org.test.GlobalContactInvoice" name="listInvalid" time="1.357"/>
  <system-out/>
</testsuite> <!-- org.test.GlobalContactInvoice -->
