<?xml version="1.0" encoding="UTF-8"?>
<!-- Generated by org.testng.reporters.JUnitReportReporter -->
<<<<<<< HEAD
<<<<<<< HEAD
<testsuite hostname="DESKTOP-5M7AM2E" failures="0" tests="4" name="org.enhancement.CustomerOrganizationModule" time="138.264" errors="0" timestamp="2023-05-22T20:03:10 IST" skipped="0">
  <testcase classname="org.enhancement.CustomerOrganizationModule" name="loginPage" time="113.978"/>
  <system-out/>
  <testcase classname="org.enhancement.CustomerOrganizationModule" name="modulePage" time="3.767"/>
  <system-out/>
  <testcase classname="org.enhancement.CustomerOrganizationModule" name="createLabel" time="0.577"/>
  <system-out/>
  <testcase classname="org.enhancement.CustomerOrganizationModule" name="createOrganization" time="19.942"/>
=======
<testsuite hostname="DESKTOP-5M7AM2E" failures="0" tests="4" name="org.enhancement.CustomerOrganizationModule" time="61.394" errors="0" timestamp="2023-05-25T11:49:57 IST" skipped="0">
  <testcase classname="org.enhancement.CustomerOrganizationModule" name="loginPage" time="29.728"/>
=======
<testsuite hostname="DESKTOP-5M7AM2E" failures="0" tests="8" name="org.enhancement.CustomerOrganizationModule" time="188.364" errors="0" timestamp="2023-06-04T11:22:12 IST" skipped="0">
  <testcase classname="org.enhancement.CustomerOrganizationModule" name="loginPage" time="29.986"/>
>>>>>>> 8f032e9abfd9edfc56ded76230782504aeca4741
  <system-out/>
  <testcase classname="org.enhancement.CustomerOrganizationModule" name="modulePage" time="6.503"/>
  <system-out/>
  <testcase classname="org.enhancement.CustomerOrganizationModule" name="createLabel" time="0.589"/>
  <system-out/>
<<<<<<< HEAD
  <testcase classname="org.enhancement.CustomerOrganizationModule" name="createOrganization" time="25.235"/>
>>>>>>> c5699b793ecef34ca60eb49f33139d209ba1ec97
=======
  <testcase classname="org.enhancement.CustomerOrganizationModule" name="createOrganization" time="25.141"/>
  <system-out/>
  <testcase classname="org.enhancement.CustomerOrganizationModule" name="createOrganization" time="23.650"/>
  <system-out/>
  <testcase classname="org.enhancement.CustomerOrganizationModule" name="createOrganization" time="54.980"/>
  <system-out/>
  <testcase classname="org.enhancement.CustomerOrganizationModule" name="createOrganization" time="23.975"/>
  <system-out/>
  <testcase classname="org.enhancement.CustomerOrganizationModule" name="createOrganization" time="23.540"/>
>>>>>>> 8f032e9abfd9edfc56ded76230782504aeca4741
  <system-out/>
</testsuite> <!-- org.enhancement.CustomerOrganizationModule -->
