<?xml version="1.0" encoding="UTF-8"?>
<!-- Generated by org.testng.reporters.JUnitReportReporter -->
<testsuite hostname="DESKTOP-5M7AM2E" failures="0" tests="26" name="org.test.TaxModule" time="186.480" errors="0" timestamp="2023-06-09T16:40:32 IST" skipped="0">
  <testcase classname="org.test.TaxModule" name="loginPage" time="47.984"/>
  <system-out/>
  <testcase classname="org.test.TaxModule" name="settingModule" time="1.524"/>
  <system-out/>
  <testcase classname="org.test.TaxModule" name="createFormLabel" time="1.142"/>
  <system-out/>
  <testcase classname="org.test.TaxModule" name="mandatoryValidationTaxName" time="0.273"/>
  <system-out/>
  <testcase classname="org.test.TaxModule" name="mandatoryValidationDescription" time="0.062"/>
  <system-out/>
  <testcase classname="org.test.TaxModule" name="maximumValidationProductName" time="8.315"/>
  <system-out/>
  <testcase classname="org.test.TaxModule" name="maximumValidationTaxPercentage" time="7.598"/>
  <system-out/>
  <testcase classname="org.test.TaxModule" name="subTaxPercentageEqual" time="7.583"/>
  <system-out/>
  <testcase classname="org.test.TaxModule" name="subTaxNameUnique" time="6.878"/>
  <system-out/>
  <testcase classname="org.test.TaxModule" name="createButton" time="0.081"/>
  <system-out/>
  <testcase classname="org.test.TaxModule" name="createTax" time="7.479"/>
  <system-out/>
  <testcase classname="org.test.TaxModule" name="uniqueValidationTaxName" time="8.023"/>
  <system-out/>
  <testcase classname="org.test.TaxModule" name="createdTaxList" time="0.076"/>
  <system-out/>
  <testcase classname="org.test.TaxModule" name="editFormLabel" time="3.096"/>
  <system-out/>
  <testcase classname="org.test.TaxModule" name="editmandatoryValidationTaxName" time="0.248"/>
  <system-out/>
  <testcase classname="org.test.TaxModule" name="editmandatoryValidationDescription" time="0.063"/>
  <system-out/>
  <testcase classname="org.test.TaxModule" name="editmaximumValidationProductName" time="7.564"/>
  <system-out/>
  <testcase classname="org.test.TaxModule" name="editmaximumValidationTaxPercentage" time="7.621"/>
  <system-out/>
  <testcase classname="org.test.TaxModule" name="editsubTaxNameUnique" time="6.892"/>
  <system-out/>
  <testcase classname="org.test.TaxModule" name="editsubTaxPercentageEqual" time="7.655"/>
  <system-out/>
  <testcase classname="org.test.TaxModule" name="updateButton" time="0.078"/>
  <system-out/>
  <testcase classname="org.test.TaxModule" name="updatedTax" time="7.252"/>
  <system-out/>
  <testcase classname="org.test.TaxModule" name="deleteTax" time="7.576"/>
  <system-out/>
  <testcase classname="org.test.TaxModule" name="updatedTaxList" time="14.664"/>
  <system-out/>
  <testcase classname="org.test.TaxModule" name="createdTaxRefectProductService" time="22.372"/>
  <system-out/>
  <testcase classname="org.test.TaxModule" name="editTaxRefectProductService" time="4.381"/>
  <system-out/>
</testsuite> <!-- org.test.TaxModule -->
