<?xml version="1.0" encoding="UTF-8"?>
<!-- Generated by org.testng.reporters.JUnitReportReporter -->
<testsuite hostname="DESKTOP-5M7AM2E" failures="0" tests="11" name="org.test.SubscriptionMonthlyStarterPack" time="61.984" errors="0" timestamp="2023-06-24T16:51:45 IST" skipped="0">
  <testcase classname="org.test.SubscriptionMonthlyStarterPack" name="createTenant" time="44.960"/>
  <system-out/>
  <testcase classname="org.test.SubscriptionMonthlyStarterPack" name="subDomineURL" time="0.036"/>
  <system-out/>
  <testcase classname="org.test.SubscriptionMonthlyStarterPack" name="ownerName" time="0.073"/>
  <system-out/>
  <testcase classname="org.test.SubscriptionMonthlyStarterPack" name="modulepage" time="8.670"/>
  <system-out/>
  <testcase classname="org.test.SubscriptionMonthlyStarterPack" name="confirmPage" time="2.147"/>
  <system-out/>
  <testcase classname="org.test.SubscriptionMonthlyStarterPack" name="proAmount" time="0.053"/>
  <system-out/>
  <testcase classname="org.test.SubscriptionMonthlyStarterPack" name="totalAmount" time="0.047"/>
  <system-out/>
  <testcase classname="org.test.SubscriptionMonthlyStarterPack" name="billingInformation" time="4.028"/>
  <system-out/>
  <testcase classname="org.test.SubscriptionMonthlyStarterPack" name="paymentDetailsPage" time="1.865"/>
  <system-out/>
  <testcase classname="org.test.SubscriptionMonthlyStarterPack" name="billingInformationAmount" time="0.038"/>
  <system-out/>
  <testcase classname="org.test.SubscriptionMonthlyStarterPack" name="paymentDetailsAmount" time="0.067"/>
  <system-out/>
</testsuite> <!-- org.test.SubscriptionMonthlyStarterPack -->
