<?xml version="1.0" encoding="UTF-8"?>
<!-- Generated by org.testng.reporters.JUnitReportReporter -->
<<<<<<< HEAD
<<<<<<< HEAD
<testsuite hostname="DESKTOP-5M7AM2E" failures="0" tests="6" name="org.enhancement.CustomerOrganizationQuote" time="160.109" errors="0" timestamp="2023-05-22T20:03:10 IST" skipped="0">
  <testcase classname="org.enhancement.CustomerOrganizationQuote" name="loginPage" time="49.830"/>
  <system-out/>
  <testcase classname="org.enhancement.CustomerOrganizationQuote" name="contactModule" time="5.377"/>
  <system-out/>
  <testcase classname="org.enhancement.CustomerOrganizationQuote" name="createOrganization" time="24.082"/>
  <system-out/>
  <testcase classname="org.enhancement.CustomerOrganizationQuote" name="listabelValidation" time="57.906"/>
  <system-out/>
  <testcase classname="org.enhancement.CustomerOrganizationQuote" name="labelValidation" time="1.916"/>
  <system-out/>
  <testcase classname="org.enhancement.CustomerOrganizationQuote" name="createQuote" time="20.998"/>
=======
<testsuite hostname="DESKTOP-5M7AM2E" failures="0" tests="6" name="org.enhancement.CustomerOrganizationQuote" time="153.565" errors="0" timestamp="2023-05-25T11:49:57 IST" skipped="0">
  <testcase classname="org.enhancement.CustomerOrganizationQuote" name="loginPage" time="24.084"/>
=======
<testsuite hostname="DESKTOP-5M7AM2E" failures="0" tests="10" name="org.enhancement.CustomerOrganizationQuote" time="233.035" errors="0" timestamp="2023-06-04T11:22:12 IST" skipped="0">
  <testcase classname="org.enhancement.CustomerOrganizationQuote" name="loginPage" time="23.959"/>
>>>>>>> 8f032e9abfd9edfc56ded76230782504aeca4741
  <system-out/>
  <testcase classname="org.enhancement.CustomerOrganizationQuote" name="contactModule" time="7.835"/>
  <system-out/>
  <testcase classname="org.enhancement.CustomerOrganizationQuote" name="createOrganization" time="28.042"/>
  <system-out/>
  <testcase classname="org.enhancement.CustomerOrganizationQuote" name="listabelValidation" time="8.306"/>
  <system-out/>
  <testcase classname="org.enhancement.CustomerOrganizationQuote" name="labelValidation" time="0.961"/>
  <system-out/>
<<<<<<< HEAD
  <testcase classname="org.enhancement.CustomerOrganizationQuote" name="createQuote" time="86.649"/>
>>>>>>> c5699b793ecef34ca60eb49f33139d209ba1ec97
=======
  <testcase classname="org.enhancement.CustomerOrganizationQuote" name="createQuote" time="24.509"/>
  <system-out/>
  <testcase classname="org.enhancement.CustomerOrganizationQuote" name="createQuote" time="18.898"/>
  <system-out/>
  <testcase classname="org.enhancement.CustomerOrganizationQuote" name="createQuote" time="19.347"/>
  <system-out/>
  <testcase classname="org.enhancement.CustomerOrganizationQuote" name="createQuote" time="82.268"/>
  <system-out/>
  <testcase classname="org.enhancement.CustomerOrganizationQuote" name="createQuote" time="18.910"/>
>>>>>>> 8f032e9abfd9edfc56ded76230782504aeca4741
  <system-out/>
</testsuite> <!-- org.enhancement.CustomerOrganizationQuote -->
