<?xml version="1.0" encoding="UTF-8"?>
<!-- Generated by org.testng.reporters.JUnitReportReporter -->
<testsuite hostname="DESKTOP-5M7AM2E" failures="0" tests="4" name="org.enhancement.TeamSendInvite" time="53.699" errors="0" timestamp="2023-05-25T11:49:57 IST" skipped="0">
  <testcase classname="org.enhancement.TeamSendInvite" name="verify" time="29.998"/>
  <system-out/>
  <testcase classname="org.enhancement.TeamSendInvite" name="TeamUserPage" time="11.348"/>
  <system-out/>
  <testcase classname="org.enhancement.TeamSendInvite" name="landingOnSendInviteForm" time="1.145"/>
  <system-out/>
  <testcase classname="org.enhancement.TeamSendInvite" name="userSendInvite" time="11.208"/>
  <system-out/>
</testsuite> <!-- org.enhancement.TeamSendInvite -->
