<?xml version="1.0" encoding="UTF-8"?>
<!-- Generated by org.testng.reporters.JUnitReportReporter -->
<testsuite hostname="DESKTOP-5M7AM2E" failures="0" tests="10" name="org.enhancement.CustomerContactJob" time="218.543" errors="0" timestamp="2023-06-21T17:33:02 IST" skipped="0">
  <testcase classname="org.enhancement.CustomerContactJob" name="loginPage" time="27.509"/>
  <system-out/>
  <testcase classname="org.enhancement.CustomerContactJob" name="contactModule" time="12.235"/>
  <system-out/>
  <testcase classname="org.enhancement.CustomerContactJob" name="CreateContact" time="28.484"/>
  <system-out/>
  <testcase classname="org.enhancement.CustomerContactJob" name="listabelValidation" time="12.973"/>
  <system-out/>
  <testcase classname="org.enhancement.CustomerContactJob" name="labelValidation" time="2.914"/>
  <system-out/>
  <testcase classname="org.enhancement.CustomerContactJob" name="createJob_FromDateandTime_ToDateandTime" time="21.070"/>
  <system-out/>
  <testcase classname="org.enhancement.CustomerContactJob" name="createJob_FromDateandTime_ToDateandTime" time="20.724"/>
  <system-out/>
  <testcase classname="org.enhancement.CustomerContactJob" name="createJob_FromDateandTime_ToDateandTime" time="49.227"/>
  <system-out/>
  <testcase classname="org.enhancement.CustomerContactJob" name="createJob_FromDateandTime_ToDateandTime" time="20.497"/>
  <system-out/>
  <testcase classname="org.enhancement.CustomerContactJob" name="createJob_FromDateandTime_ToDateandTime" time="22.910"/>
  <system-out/>
</testsuite> <!-- org.enhancement.CustomerContactJob -->
