<?xml version="1.0" encoding="UTF-8"?>
<!-- Generated by org.testng.reporters.JUnitReportReporter -->
<testsuite hostname="DESKTOP-5M7AM2E" failures="0" tests="5" name="org.enhancement.ServiceType" time="55.539" errors="0" timestamp="2023-04-23T11:13:03 IST" skipped="0">
  <testcase classname="org.enhancement.ServiceType" name="loginPage" time="41.488"/>
  <system-out/>
  <testcase classname="org.enhancement.ServiceType" name="settingModule" time="2.995"/>
  <system-out/>
  <testcase classname="org.enhancement.ServiceType" name="leadSourceLabel" time="0.181"/>
  <system-out/>
  <testcase classname="org.enhancement.ServiceType" name="createFormLabel" time="1.509"/>
  <system-out/>
  <testcase classname="org.enhancement.ServiceType" name="serviceTypeCreate" time="9.366"/>
  <system-out/>
</testsuite> <!-- org.enhancement.ServiceType -->
