<?xml version="1.0" encoding="UTF-8"?>
<!-- Generated by org.testng.reporters.JUnitReportReporter -->
<testsuite hostname="DESKTOP-5M7AM2E" failures="0" tests="68" name="org.test.GlobalContactInvoice" time="118.224" errors="0" timestamp="2023-03-03T08:33:43 IST" skipped="0">
  <testcase classname="org.test.GlobalContactInvoice" name="loginPage" time="32.823"/>
  <system-out/>
  <testcase classname="org.test.GlobalContactInvoice" name="invoiceModule" time="4.031"/>
  <system-out/>
  <testcase classname="org.test.GlobalContactInvoice" name="contactMandatoryValidation" time="0.626"/>
  <system-out/>
  <testcase classname="org.test.GlobalContactInvoice" name="mandatoryValidationDeuDate" time="0.047"/>
  <system-out/>
  <testcase classname="org.test.GlobalContactInvoice" name="mandatoryValidationInventoryItem" time="0.057"/>
  <system-out/>
  <testcase classname="org.test.GlobalContactInvoice" name="mandatoryValidationQunatity" time="0.044"/>
  <system-out/>
  <testcase classname="org.test.GlobalContactInvoice" name="mandatoryValidationPrice" time="0.054"/>
  <system-out/>
  <testcase classname="org.test.GlobalContactInvoice" name="mandatoryValidationDescription" time="0.047"/>
  <system-out/>
  <testcase classname="org.test.GlobalContactInvoice" name="autoCompleteContactCreation" time="6.558"/>
  <system-out/>
  <testcase classname="org.test.GlobalContactInvoice" name="maximumValidationReference" time="0.226"/>
  <system-out/>
  <testcase classname="org.test.GlobalContactInvoice" name="maximumValidationInvoiceTittle" time="0.643"/>
  <system-out/>
  <testcase classname="org.test.GlobalContactInvoice" name="maximumValidationInventoryItem" time="0.691"/>
  <system-out/>
  <testcase classname="org.test.GlobalContactInvoice" name="emptyValidationQuantityField" time="0.185"/>
  <system-out/>
  <testcase classname="org.test.GlobalContactInvoice" name="maxQuanitityLimit" time="0.250"/>
  <system-out/>
  <testcase classname="org.test.GlobalContactInvoice" name="afterDecimalPointValidationQuantityField" time="0.179"/>
  <system-out/>
  <testcase classname="org.test.GlobalContactInvoice" name="beforeDecimalPointValidationQuantityField" time="0.289"/>
  <system-out/>
  <testcase classname="org.test.GlobalContactInvoice" name="emptyValidationPriceField" time="0.211"/>
  <system-out/>
  <testcase classname="org.test.GlobalContactInvoice" name="maxPriceLimit" time="0.179"/>
  <system-out/>
  <testcase classname="org.test.GlobalContactInvoice" name="beforeDecimalPointPriceField" time="0.202"/>
  <system-out/>
  <testcase classname="org.test.GlobalContactInvoice" name="afterDecimalPointPriceField" time="0.233"/>
  <system-out/>
  <testcase classname="org.test.GlobalContactInvoice" name="afterDecimalPointDiscountField" time="0.196"/>
  <system-out/>
  <testcase classname="org.test.GlobalContactInvoice" name="beforeDecimalPointDiscountField" time="0.168"/>
  <system-out/>
  <testcase classname="org.test.GlobalContactInvoice" name="maxLimitDiscountField" time="0.170"/>
  <system-out/>
  <testcase classname="org.test.GlobalContactInvoice" name="afterDecimalPointTaxField" time="0.205"/>
  <system-out/>
  <testcase classname="org.test.GlobalContactInvoice" name="beforeDecimalPointTaxField" time="0.166"/>
  <system-out/>
  <testcase classname="org.test.GlobalContactInvoice" name="maxLimitTaxField" time="0.231"/>
  <system-out/>
  <testcase classname="org.test.GlobalContactInvoice" name="maximumValidationDescription" time="1.689"/>
  <system-out/>
  <testcase classname="org.test.GlobalContactInvoice" name="maximumValidationNotes" time="3.565"/>
  <system-out/>
  <testcase classname="org.test.GlobalContactInvoice" name="expiryFieldPastDateValidation" time="2.511"/>
  <system-out/>
  <testcase classname="org.test.GlobalContactInvoice" name="validateCalculation" time="0.632"/>
  <system-out/>
  <testcase classname="org.test.GlobalContactInvoice" name="createInvoice" time="9.340"/>
  <system-out/>
  <testcase classname="org.test.GlobalContactInvoice" name="editLableValidation" time="6.622"/>
  <system-out/>
  <testcase classname="org.test.GlobalContactInvoice" name="mandatoryValidationEditDueDate" time="0.814"/>
  <system-out/>
  <testcase classname="org.test.GlobalContactInvoice" name="mandatoryValidationEditQunatity" time="0.060"/>
  <system-out/>
  <testcase classname="org.test.GlobalContactInvoice" name="mandatoryValidationEditPrice" time="0.055"/>
  <system-out/>
  <testcase classname="org.test.GlobalContactInvoice" name="mandatoryValidationEditDescription" time="0.053"/>
  <system-out/>
  <testcase classname="org.test.GlobalContactInvoice" name="maximumValidationEditReference" time="0.611"/>
  <system-out/>
  <testcase classname="org.test.GlobalContactInvoice" name="maximumValidationEditInvoiceTittle" time="0.619"/>
  <system-out/>
  <testcase classname="org.test.GlobalContactInvoice" name="maximumValidationEditInventoryItem" time="0.785"/>
  <system-out/>
  <testcase classname="org.test.GlobalContactInvoice" name="emptyValidationEditQuantityField" time="0.202"/>
  <system-out/>
  <testcase classname="org.test.GlobalContactInvoice" name="maxEditQuanitityLimit" time="0.249"/>
  <system-out/>
  <testcase classname="org.test.GlobalContactInvoice" name="afterEditDecimalPointValidationQuantityField" time="0.204"/>
  <system-out/>
  <testcase classname="org.test.GlobalContactInvoice" name="beforeEditDecimalPointValidationQuantityField" time="0.281"/>
  <system-out/>
  <testcase classname="org.test.GlobalContactInvoice" name="emptyValidationEditPriceField" time="0.217"/>
  <system-out/>
  <testcase classname="org.test.GlobalContactInvoice" name="maxEditPriceLimit" time="0.185"/>
  <system-out/>
  <testcase classname="org.test.GlobalContactInvoice" name="beforeEditDecimalPointPriceField" time="0.217"/>
  <system-out/>
  <testcase classname="org.test.GlobalContactInvoice" name="afterEditDecimalPointPriceField" time="0.239"/>
  <system-out/>
  <testcase classname="org.test.GlobalContactInvoice" name="afterEditDecimalPointDiscountField" time="0.224"/>
  <system-out/>
  <testcase classname="org.test.GlobalContactInvoice" name="beforeEditDecimalPointDiscountField" time="0.186"/>
  <system-out/>
  <testcase classname="org.test.GlobalContactInvoice" name="maxLimitEditDiscountField" time="0.159"/>
  <system-out/>
  <testcase classname="org.test.GlobalContactInvoice" name="afterDecimalEditPointTaxField" time="0.206"/>
  <system-out/>
  <testcase classname="org.test.GlobalContactInvoice" name="beforeDecimalEditPointTaxField" time="0.177"/>
  <system-out/>
  <testcase classname="org.test.GlobalContactInvoice" name="maxEditLimitTaxField" time="0.238"/>
  <system-out/>
  <testcase classname="org.test.GlobalContactInvoice" name="maximumEditValidationDescription" time="1.693"/>
  <system-out/>
  <testcase classname="org.test.GlobalContactInvoice" name="maximumEditValidationNotes" time="3.524"/>
  <system-out/>
  <testcase classname="org.test.GlobalContactInvoice" name="expiryEditFieldPastDateValidation" time="2.000"/>
  <system-out/>
  <testcase classname="org.test.GlobalContactInvoice" name="updatedInvoice" time="4.478"/>
  <system-out/>
  <testcase classname="org.test.GlobalContactInvoice" name="draftInvoice" time="13.438"/>
  <system-out/>
  <testcase classname="org.test.GlobalContactInvoice" name="createdQuoteStatus" time="0.095"/>
  <system-out/>
  <testcase classname="org.test.GlobalContactInvoice" name="UpdatedInvociePartialPayment" time="3.101"/>
  <system-out/>
  <testcase classname="org.test.GlobalContactInvoice" name="partialPaidAmount" time="0.111"/>
  <system-out/>
  <testcase classname="org.test.GlobalContactInvoice" name="fullyPaidAmount" time="1.901"/>
  <system-out/>
  <testcase classname="org.test.GlobalContactInvoice" name="UpdatedInvociePaid" time="0.868"/>
  <system-out/>
  <testcase classname="org.test.GlobalContactInvoice" name="listCustomerName" time="1.765"/>
  <system-out/>
  <testcase classname="org.test.GlobalContactInvoice" name="listInvoiceNo" time="1.521"/>
  <system-out/>
  <testcase classname="org.test.GlobalContactInvoice" name="listQuoteReference" time="1.593"/>
  <system-out/>
  <testcase classname="org.test.GlobalContactInvoice" name="filterDateInvoice" time="1.801"/>
  <system-out/>
  <testcase classname="org.test.GlobalContactInvoice" name="listInvalid" time="1.284"/>
  <system-out/>
</testsuite> <!-- org.test.GlobalContactInvoice -->
