<?xml version="1.0" encoding="UTF-8"?>
<!-- Generated by org.testng.reporters.JUnitReportReporter -->
<testsuite hostname="DESKTOP-5M7AM2E" failures="0" tests="5" name="org.enhancement.CustomerOrganizationInvoice" time="106.731" errors="0" timestamp="2023-04-23T20:36:39 IST" skipped="0">
  <testcase classname="org.enhancement.CustomerOrganizationInvoice" name="loginPage" time="22.856"/>
  <system-out/>
  <testcase classname="org.enhancement.CustomerOrganizationInvoice" name="modulePage" time="6.783"/>
  <system-out/>
  <testcase classname="org.enhancement.CustomerOrganizationInvoice" name="createOrganization" time="20.907"/>
  <system-out/>
  <testcase classname="org.enhancement.CustomerOrganizationInvoice" name="labelValidation" time="8.177"/>
  <system-out/>
  <testcase classname="org.enhancement.CustomerOrganizationInvoice" name="createInvoice" time="48.008"/>
  <system-out/>
</testsuite> <!-- org.enhancement.CustomerOrganizationInvoice -->
