<?xml version="1.0" encoding="UTF-8"?>
<!-- Generated by org.testng.reporters.JUnitReportReporter -->
<<<<<<< HEAD
<<<<<<< HEAD
<testsuite hostname="DESKTOP-5M7AM2E" failures="0" tests="4" name="org.enhancement.ServiceModule" time="55.049" errors="0" timestamp="2023-05-22T20:03:10 IST" skipped="0">
  <testcase classname="org.enhancement.ServiceModule" name="loginPage" time="41.150"/>
  <system-out/>
  <testcase classname="org.enhancement.ServiceModule" name="settingModule" time="2.183"/>
  <system-out/>
  <testcase classname="org.enhancement.ServiceModule" name="createFormLabel" time="2.119"/>
  <system-out/>
  <testcase classname="org.enhancement.ServiceModule" name="createProduct" time="9.597"/>
=======
<testsuite hostname="DESKTOP-5M7AM2E" failures="0" tests="4" name="org.enhancement.ServiceModule" time="46.053" errors="0" timestamp="2023-05-25T11:49:57 IST" skipped="0">
  <testcase classname="org.enhancement.ServiceModule" name="loginPage" time="32.659"/>
=======
<testsuite hostname="DESKTOP-5M7AM2E" failures="0" tests="8" name="org.enhancement.ServiceModule" time="128.894" errors="0" timestamp="2023-06-04T11:22:12 IST" skipped="0">
  <testcase classname="org.enhancement.ServiceModule" name="loginPage" time="62.906"/>
>>>>>>> 8f032e9abfd9edfc56ded76230782504aeca4741
  <system-out/>
  <testcase classname="org.enhancement.ServiceModule" name="settingModule" time="2.342"/>
  <system-out/>
  <testcase classname="org.enhancement.ServiceModule" name="createFormLabel" time="2.426"/>
  <system-out/>
<<<<<<< HEAD
  <testcase classname="org.enhancement.ServiceModule" name="createProduct" time="9.127"/>
>>>>>>> c5699b793ecef34ca60eb49f33139d209ba1ec97
=======
  <testcase classname="org.enhancement.ServiceModule" name="createProduct" time="18.312"/>
  <system-out/>
  <testcase classname="org.enhancement.ServiceModule" name="createProduct" time="10.129"/>
  <system-out/>
  <testcase classname="org.enhancement.ServiceModule" name="createProduct" time="10.737"/>
  <system-out/>
  <testcase classname="org.enhancement.ServiceModule" name="createProduct" time="11.392"/>
  <system-out/>
  <testcase classname="org.enhancement.ServiceModule" name="createProduct" time="10.650"/>
>>>>>>> 8f032e9abfd9edfc56ded76230782504aeca4741
  <system-out/>
</testsuite> <!-- org.enhancement.ServiceModule -->
