<?xml version="1.0" encoding="UTF-8"?>
<!-- Generated by org.testng.reporters.JUnitReportReporter -->
<testsuite hostname="DESKTOP-5M7AM2E" failures="0" tests="20" name="org.test.TaxModule" time="132.033" errors="0" timestamp="2023-04-28T13:35:00 IST" skipped="0">
  <testcase classname="org.test.TaxModule" name="loginPage" time="49.777"/>
  <system-out/>
  <testcase classname="org.test.TaxModule" name="settingModule" time="2.139"/>
  <system-out/>
  <testcase classname="org.test.TaxModule" name="createFormLabel" time="1.198"/>
  <system-out/>
  <testcase classname="org.test.TaxModule" name="mandatoryValidationTaxName" time="0.288"/>
  <system-out/>
  <testcase classname="org.test.TaxModule" name="mandatoryValidationDescription" time="0.074"/>
  <system-out/>
  <testcase classname="org.test.TaxModule" name="maximumValidationProductName" time="8.256"/>
  <system-out/>
  <testcase classname="org.test.TaxModule" name="maximumValidationTaxPercentage" time="7.175"/>
  <system-out/>
  <testcase classname="org.test.TaxModule" name="createButton" time="0.096"/>
  <system-out/>
  <testcase classname="org.test.TaxModule" name="createTax" time="7.383"/>
  <system-out/>
  <testcase classname="org.test.TaxModule" name="createdTaxList" time="0.086"/>
  <system-out/>
  <testcase classname="org.test.TaxModule" name="editFormLabel" time="2.660"/>
  <system-out/>
  <testcase classname="org.test.TaxModule" name="editmandatoryValidationTaxName" time="0.285"/>
  <system-out/>
  <testcase classname="org.test.TaxModule" name="editmandatoryValidationDescription" time="0.072"/>
  <system-out/>
  <testcase classname="org.test.TaxModule" name="editmaximumValidationProductName" time="8.093"/>
  <system-out/>
  <testcase classname="org.test.TaxModule" name="editmaximumValidationTaxPercentage" time="7.196"/>
  <system-out/>
  <testcase classname="org.test.TaxModule" name="updateButton" time="0.114"/>
  <system-out/>
  <testcase classname="org.test.TaxModule" name="updatedTax" time="7.395"/>
  <system-out/>
  <testcase classname="org.test.TaxModule" name="updatedTaxList" time="7.870"/>
  <system-out/>
  <testcase classname="org.test.TaxModule" name="createdTaxRefectProductService" time="16.710"/>
  <system-out/>
  <testcase classname="org.test.TaxModule" name="editTaxRefectProductService" time="5.166"/>
  <system-out/>
</testsuite> <!-- org.test.TaxModule -->
