<?xml version="1.0" encoding="UTF-8"?>
<!-- Generated by org.testng.reporters.JUnitReportReporter -->
<testsuite hostname="DESKTOP-5M7AM2E" failures="0" tests="20" name="org.test.ServiceType" time="172.996" errors="1" timestamp="2023-06-23T15:22:45 IST" skipped="0">
  <testcase classname="org.test.ServiceType" name="loginPage" time="29.001"/>
  <system-out/>
  <testcase classname="org.test.ServiceType" name="settingModule" time="2.372"/>
  <system-out/>
  <testcase classname="org.test.ServiceType" name="leadSourceLabel" time="0.855"/>
  <system-out/>
  <testcase classname="org.test.ServiceType" name="createFormLabel" time="1.594"/>
  <system-out/>
  <testcase classname="org.test.ServiceType" name="mandatoryValidation" time="0.653"/>
  <system-out/>
  <testcase classname="org.test.ServiceType" name="maximumValidationServiceType" time="26.551"/>
  <system-out/>
  <testcase classname="org.test.ServiceType" name="verifySaveButtonExist" time="0.885"/>
  <system-out/>
  <testcase classname="org.test.ServiceType" name="serviceTypeCreate" time="8.669"/>
  <system-out/>
  <testcase classname="org.test.ServiceType" name="serviceTypeCreateList" time="0.212"/>
  <system-out/>
  <testcase classname="org.test.ServiceType" name="alreadyExists" time="3.197"/>
  <system-out/>
  <testcase classname="org.test.ServiceType" name="activeStatus" time="0.154"/>
  <system-out/>
  <testcase classname="org.test.ServiceType" name="editFormLabel" time="3.667"/>
  <system-out/>
  <testcase classname="org.test.ServiceType" name="editmandatoryValidation" time="0.570"/>
  <system-out/>
  <testcase classname="org.test.ServiceType" name="editmaximumValidationLeadSource" time="26.222"/>
  <system-out/>
  <testcase classname="org.test.ServiceType" name="verifyUpdateButtonExist" time="0.731"/>
  <system-out/>
  <testcase classname="org.test.ServiceType" name="leadSourceUpdate" time="8.529"/>
  <system-out/>
  <testcase classname="org.test.ServiceType" name="deleteBusinessUnit" time="16.452"/>
  <system-out/>
  <testcase classname="org.test.ServiceType" name="reflectCreateContactPage" time="8.141">
    <error message="Cannot locate an element using By.all({By.xpath: //*[text()=&#039;Contact Name&#039;],By.xpath: //*[text()=&#039;Customer Name&#039;],By.xpath: //*[text()=&#039;Organization Name&#039;],By.xpath: //*[text()=&#039;No Result Found&#039;],By.xpath: //*[text()=&#039;Customer&#039;],By.xpath: //*[text()=&#039;First Name&#039;]})
For documentation on this error, please visit: http://seleniumhq.org/exceptions/no_such_element.html
Build info: version: &#039;3.141.5&#039;, revision: &#039;d54ebd709a&#039;, time: &#039;2018-11-06T11:42:16&#039;
System info: host: &#039;DESKTOP-5M7AM2E&#039;, ip: &#039;192.168.56.1&#039;, os.name: &#039;Windows 11&#039;, os.arch: &#039;amd64&#039;, os.version: &#039;10.0&#039;, java.version: &#039;17.0.3&#039;
Driver info: driver.version: RemoteWebDriver" type="org.openqa.selenium.NoSuchElementException">
      <![CDATA[org.openqa.selenium.NoSuchElementException: Cannot locate an element using By.all({By.xpath: //*[text()='Contact Name'],By.xpath: //*[text()='Customer Name'],By.xpath: //*[text()='Organization Name'],By.xpath: //*[text()='No Result Found'],By.xpath: //*[text()='Customer'],By.xpath: //*[text()='First Name']})
For documentation on this error, please visit: http://seleniumhq.org/exceptions/no_such_element.html
Build info: version: '3.141.5', revision: 'd54ebd709a', time: '2018-11-06T11:42:16'
System info: host: 'DESKTOP-5M7AM2E', ip: '192.168.56.1', os.name: 'Windows 11', os.arch: 'amd64', os.version: '10.0', java.version: '17.0.3'
Driver info: driver.version: RemoteWebDriver
at org.openqa.selenium.support.pagefactory.ByAll.findElement(ByAll.java:58)
at org.openqa.selenium.remote.RemoteWebDriver.findElement(RemoteWebDriver.java:315)
at org.openqa.selenium.support.pagefactory.DefaultElementLocator.findElement(DefaultElementLocator.java:69)
at org.openqa.selenium.support.pagefactory.internal.LocatingElementHandler.invoke(LocatingElementHandler.java:38)
at jdk.proxy2/jdk.proxy2.$Proxy15.isDisplayed(Unknown Source)
at com.zaigo.pageobjects.BusinessDaysPage.visibility(BusinessDaysPage.java:94)
at com.zaigo.pageobjects.BusinessDaysPage.bussinessDays(BusinessDaysPage.java:677)
at org.test.ServiceType.reflectCreateContactPage(ServiceType.java:463)
at java.base/jdk.internal.reflect.NativeMethodAccessorImpl.invoke0(Native Method)
at java.base/jdk.internal.reflect.NativeMethodAccessorImpl.invoke(NativeMethodAccessorImpl.java:77)
at java.base/jdk.internal.reflect.DelegatingMethodAccessorImpl.invoke(DelegatingMethodAccessorImpl.java:43)
at java.base/java.lang.reflect.Method.invoke(Method.java:568)
at org.testng.internal.MethodInvocationHelper.invokeMethod(MethodInvocationHelper.java:133)
at org.testng.internal.TestInvoker.invokeMethod(TestInvoker.java:598)
at org.testng.internal.TestInvoker.invokeTestMethod(TestInvoker.java:173)
at org.testng.internal.MethodRunner.runInSequence(MethodRunner.java:46)
at org.testng.internal.TestInvoker$MethodInvocationAgent.invoke(TestInvoker.java:824)
at org.testng.internal.TestInvoker.invokeTestMethods(TestInvoker.java:146)
at org.testng.internal.TestMethodWorker.invokeTestMethods(TestMethodWorker.java:146)
at org.testng.internal.TestMethodWorker.run(TestMethodWorker.java:128)
at java.base/java.util.ArrayList.forEach(ArrayList.java:1511)
at org.testng.TestRunner.privateRun(TestRunner.java:794)
at org.testng.TestRunner.run(TestRunner.java:596)
at org.testng.SuiteRunner.runTest(SuiteRunner.java:377)
at org.testng.SuiteRunner.runSequentially(SuiteRunner.java:371)
at org.testng.SuiteRunner.privateRun(SuiteRunner.java:332)
at org.testng.SuiteRunner.run(SuiteRunner.java:276)
at org.testng.SuiteRunnerWorker.runSuite(SuiteRunnerWorker.java:53)
at org.testng.SuiteRunnerWorker.run(SuiteRunnerWorker.java:96)
at org.testng.TestNG.runSuitesSequentially(TestNG.java:1212)
at org.testng.TestNG.runSuitesSequentially(TestNG.java:1207)
at org.testng.TestNG.runSuitesLocally(TestNG.java:1134)
at org.testng.TestNG.runSuites(TestNG.java:1063)
at org.testng.TestNG.run(TestNG.java:1031)
at org.testng.remote.AbstractRemoteTestNG.run(AbstractRemoteTestNG.java:115)
at org.testng.remote.RemoteTestNG.initAndRun(RemoteTestNG.java:251)
at org.testng.remote.RemoteTestNG.main(RemoteTestNG.java:77)
]]>
    </error>
  </testcase> <!-- reflectCreateContactPage -->
  <system-out/>
  <testcase classname="org.test.ServiceType" name="inactiveLeadSource" time="23.555"/>
  <system-out/>
  <testcase classname="org.test.ServiceType" name="deleteLeadSource" time="10.986"/>
  <system-out/>
</testsuite> <!-- org.test.ServiceType -->
