<?xml version="1.0" encoding="UTF-8"?>
<!-- Generated by org.testng.reporters.JUnitReportReporter -->
<testsuite hostname="DESKTOP-5M7AM2E" failures="0" tests="8" name="org.enhancement.ServiceModule" time="128.894" errors="0" timestamp="2023-06-04T11:22:12 IST" skipped="0">
  <testcase classname="org.enhancement.ServiceModule" name="loginPage" time="62.906"/>
  <system-out/>
  <testcase classname="org.enhancement.ServiceModule" name="settingModule" time="2.342"/>
  <system-out/>
  <testcase classname="org.enhancement.ServiceModule" name="createFormLabel" time="2.426"/>
  <system-out/>
  <testcase classname="org.enhancement.ServiceModule" name="createProduct" time="18.312"/>
  <system-out/>
  <testcase classname="org.enhancement.ServiceModule" name="createProduct" time="10.129"/>
  <system-out/>
  <testcase classname="org.enhancement.ServiceModule" name="createProduct" time="10.737"/>
  <system-out/>
  <testcase classname="org.enhancement.ServiceModule" name="createProduct" time="11.392"/>
  <system-out/>
  <testcase classname="org.enhancement.ServiceModule" name="createProduct" time="10.650"/>
  <system-out/>
</testsuite> <!-- org.enhancement.ServiceModule -->
