<?xml version="1.0" encoding="UTF-8"?>
<!-- Generated by org.testng.reporters.JUnitReportReporter -->
<testsuite hostname="DESKTOP-5M7AM2E" failures="0" tests="53" name="org.test.ProductModule" time="157.636" errors="0" timestamp="2023-04-20T15:46:50 IST" skipped="4">
  <testcase classname="org.test.ProductModule" name="loginPage" time="40.096"/>
  <system-out/>
  <testcase classname="org.test.ProductModule" name="settingModule" time="2.391"/>
  <system-out/>
  <testcase classname="org.test.ProductModule" name="createFormLabel" time="1.582"/>
  <system-out/>
  <testcase classname="org.test.ProductModule" name="mandatoryValidationProductName" time="0.266"/>
  <system-out/>
  <testcase classname="org.test.ProductModule" name="mandatoryValidationDescription" time="0.091"/>
  <system-out/>
  <testcase classname="org.test.ProductModule" name="mandatoryValidationPrice" time="0.092"/>
  <system-out/>
  <testcase classname="org.test.ProductModule" name="mandatoryValidationTaxName" time="0.772"/>
  <system-out/>
  <testcase classname="org.test.ProductModule" name="mandatoryValidationTaxPercentage" time="0.076"/>
  <system-out/>
  <testcase classname="org.test.ProductModule" name="maximumValidationProductName" time="3.425"/>
  <system-out/>
  <testcase classname="org.test.ProductModule" name="maximumValidationSKU" time="0.551"/>
  <system-out/>
  <testcase classname="org.test.ProductModule" name="maximumValidationDescription" time="2.868"/>
  <system-out/>
  <testcase classname="org.test.ProductModule" name="maximumValidationPrice" time="0.190"/>
  <system-out/>
  <testcase classname="org.test.ProductModule" name="beforeDecimalPointPriceField" time="0.181"/>
  <system-out/>
  <testcase classname="org.test.ProductModule" name="afterDecimalPointPriceField" time="0.184"/>
  <system-out/>
  <testcase classname="org.test.ProductModule" name="maximumValidationTax" time="0.930"/>
  <system-out/>
  <testcase classname="org.test.ProductModule" name="beforeDecimalPointTaxPercentageField" time="0.320"/>
  <system-out/>
  <testcase classname="org.test.ProductModule" name="afterDecimalPointTaxPercentageField" time="0.326"/>
  <system-out/>
  <testcase classname="org.test.ProductModule" name="maximumValidationQuantityHand" time="0.209"/>
  <system-out/>
  <testcase classname="org.test.ProductModule" name="beforeDecimalPointQuantityHandField" time="0.206"/>
  <system-out/>
  <testcase classname="org.test.ProductModule" name="afterDecimalPointQuantityHandField" time="0.166"/>
  <system-out/>
  <testcase classname="org.test.ProductModule" name="maximumValidationLowStockThresold" time="0.227"/>
  <system-out/>
  <testcase classname="org.test.ProductModule" name="beforeDecimalPointLowStockThresoldField" time="0.197"/>
  <system-out/>
  <testcase classname="org.test.ProductModule" name="afterDecimalPointLowStockThresoldField" time="0.165"/>
  <system-out/>
  <testcase classname="org.test.ProductModule" name="createButton" time="0.325"/>
  <system-out/>
  <testcase classname="org.test.ProductModule" name="createProduct" time="8.215"/>
  <system-out/>
  <testcase classname="org.test.ProductModule" name="editFormLabel" time="4.097"/>
  <system-out/>
  <testcase classname="org.test.ProductModule" name="editmandatoryValidationProductName" time="0.227"/>
  <system-out/>
  <testcase classname="org.test.ProductModule" name="editmandatoryValidationDescription" time="0.064"/>
  <system-out/>
  <testcase classname="org.test.ProductModule" name="editmandatoryValidationPrice" time="0.068"/>
  <system-out/>
  <testcase classname="org.test.ProductModule" name="editmandatoryValidationTaxName" time="0.014">
    <skipped/>
  </testcase> <!-- editmandatoryValidationTaxName -->
  <system-out/>
  <testcase classname="org.test.ProductModule" name="editmandatoryValidationTaxPercentage" time="0.013">
    <skipped/>
  </testcase> <!-- editmandatoryValidationTaxPercentage -->
  <system-out/>
  <testcase classname="org.test.ProductModule" name="editmaximumValidationProductName" time="3.613"/>
  <system-out/>
  <testcase classname="org.test.ProductModule" name="editmaximumValidationSKU" time="0.543"/>
  <system-out/>
  <testcase classname="org.test.ProductModule" name="editmaximumValidationDescription" time="2.976"/>
  <system-out/>
  <testcase classname="org.test.ProductModule" name="editmaximumValidationPrice" time="0.206"/>
  <system-out/>
  <testcase classname="org.test.ProductModule" name="editbeforeDecimalPointPriceField" time="0.172"/>
  <system-out/>
  <testcase classname="org.test.ProductModule" name="editafterDecimalPointPriceField" time="0.170"/>
  <system-out/>
  <testcase classname="org.test.ProductModule" name="editbeforeDecimalPointTaxPercentageField" time="0.011">
    <skipped/>
  </testcase> <!-- editbeforeDecimalPointTaxPercentageField -->
  <system-out/>
  <testcase classname="org.test.ProductModule" name="editafterDecimalPointTaxPercentageField" time="0.017">
    <skipped/>
  </testcase> <!-- editafterDecimalPointTaxPercentageField -->
  <system-out/>
  <testcase classname="org.test.ProductModule" name="editmaximumValidationQuantityHand" time="0.204"/>
  <system-out/>
  <testcase classname="org.test.ProductModule" name="editbeforeDecimalPointQuantityHandField" time="0.195"/>
  <system-out/>
  <testcase classname="org.test.ProductModule" name="editafterDecimalPointQuantityHandField" time="0.171"/>
  <system-out/>
  <testcase classname="org.test.ProductModule" name="editmaximumValidationLowStockThresold" time="0.202"/>
  <system-out/>
  <testcase classname="org.test.ProductModule" name="editbeforeDecimalPointLowStockThresoldField" time="0.191"/>
  <system-out/>
  <testcase classname="org.test.ProductModule" name="editafterDecimalPointLowStockThresoldField" time="0.158"/>
  <system-out/>
  <testcase classname="org.test.ProductModule" name="updateButton" time="0.277"/>
  <system-out/>
  <testcase classname="org.test.ProductModule" name="updateProduct" time="8.068"/>
  <system-out/>
  <testcase classname="org.test.ProductModule" name="searchProductName" time="1.272"/>
  <system-out/>
  <testcase classname="org.test.ProductModule" name="searchInvalid" time="1.329"/>
  <system-out/>
  <testcase classname="org.test.ProductModule" name="deletedProduct" time="17.148"/>
  <system-out/>
  <testcase classname="org.test.ProductModule" name="reflectQuotePage" time="27.359"/>
  <system-out/>
  <testcase classname="org.test.ProductModule" name="inactiveProduct" time="16.334"/>
  <system-out/>
  <testcase classname="org.test.ProductModule" name="deleteProduct" time="8.486"/>
  <system-out/>
</testsuite> <!-- org.test.ProductModule -->
