<?xml version="1.0" encoding="UTF-8"?>
<!-- Generated by org.testng.reporters.JUnitReportReporter -->
<testsuite hostname="DESKTOP-5M7AM2E" failures="0" tests="11" name="org.test.SubscriptionYearlyStarterPack" time="56.320" errors="0" timestamp="2023-06-24T16:51:45 IST" skipped="0">
  <testcase classname="org.test.SubscriptionYearlyStarterPack" name="createTenant" time="39.179"/>
  <system-out/>
  <testcase classname="org.test.SubscriptionYearlyStarterPack" name="subDomineURL" time="0.045"/>
  <system-out/>
  <testcase classname="org.test.SubscriptionYearlyStarterPack" name="ownerName" time="0.063"/>
  <system-out/>
  <testcase classname="org.test.SubscriptionYearlyStarterPack" name="modulepage" time="8.721"/>
  <system-out/>
  <testcase classname="org.test.SubscriptionYearlyStarterPack" name="confirmPage" time="2.263"/>
  <system-out/>
  <testcase classname="org.test.SubscriptionYearlyStarterPack" name="proAmount" time="0.047"/>
  <system-out/>
  <testcase classname="org.test.SubscriptionYearlyStarterPack" name="totalAmount" time="0.056"/>
  <system-out/>
  <testcase classname="org.test.SubscriptionYearlyStarterPack" name="billingInformation" time="3.991"/>
  <system-out/>
  <testcase classname="org.test.SubscriptionYearlyStarterPack" name="billingInformationAmount" time="0.047"/>
  <system-out/>
  <testcase classname="org.test.SubscriptionYearlyStarterPack" name="paymentDetailsPage" time="1.859"/>
  <system-out/>
  <testcase classname="org.test.SubscriptionYearlyStarterPack" name="paymentDetailsAmount" time="0.049"/>
  <system-out/>
</testsuite> <!-- org.test.SubscriptionYearlyStarterPack -->
