<?xml version="1.0" encoding="UTF-8"?>
<!-- Generated by org.testng.reporters.JUnitReportReporter -->
<testsuite hostname="DESKTOP-5M7AM2E" failures="0" tests="26" name="org.test.TaxModule" time="152.142" errors="0" timestamp="2023-06-23T15:22:45 IST" skipped="0">
  <testcase classname="org.test.TaxModule" name="loginPage" time="27.874"/>
  <system-out/>
  <testcase classname="org.test.TaxModule" name="settingModule" time="1.697"/>
  <system-out/>
  <testcase classname="org.test.TaxModule" name="createFormLabel" time="0.797"/>
  <system-out/>
  <testcase classname="org.test.TaxModule" name="mandatoryValidationTaxName" time="0.249"/>
  <system-out/>
  <testcase classname="org.test.TaxModule" name="mandatoryValidationDescription" time="0.058"/>
  <system-out/>
  <testcase classname="org.test.TaxModule" name="maximumValidationProductName" time="7.749"/>
  <system-out/>
  <testcase classname="org.test.TaxModule" name="subTaxNameUnique" time="6.748"/>
  <system-out/>
  <testcase classname="org.test.TaxModule" name="maximumValidationTaxPercentage" time="7.665"/>
  <system-out/>
  <testcase classname="org.test.TaxModule" name="subTaxPercentageEqual" time="7.082"/>
  <system-out/>
  <testcase classname="org.test.TaxModule" name="createButton" time="0.080"/>
  <system-out/>
  <testcase classname="org.test.TaxModule" name="createTax" time="7.279"/>
  <system-out/>
  <testcase classname="org.test.TaxModule" name="uniqueValidationTaxName" time="8.235"/>
  <system-out/>
  <testcase classname="org.test.TaxModule" name="createdTaxList" time="0.093"/>
  <system-out/>
  <testcase classname="org.test.TaxModule" name="editFormLabel" time="3.159"/>
  <system-out/>
  <testcase classname="org.test.TaxModule" name="editmandatoryValidationTaxName" time="0.248"/>
  <system-out/>
  <testcase classname="org.test.TaxModule" name="editmandatoryValidationDescription" time="0.469"/>
  <system-out/>
  <testcase classname="org.test.TaxModule" name="editmaximumValidationProductName" time="7.710"/>
  <system-out/>
  <testcase classname="org.test.TaxModule" name="editmaximumValidationTaxPercentage" time="7.663"/>
  <system-out/>
  <testcase classname="org.test.TaxModule" name="editsubTaxNameUnique" time="6.738"/>
  <system-out/>
  <testcase classname="org.test.TaxModule" name="editsubTaxPercentageEqual" time="7.630"/>
  <system-out/>
  <testcase classname="org.test.TaxModule" name="updateButton" time="0.072"/>
  <system-out/>
  <testcase classname="org.test.TaxModule" name="updatedTax" time="7.428"/>
  <system-out/>
  <testcase classname="org.test.TaxModule" name="deleteTax" time="7.498"/>
  <system-out/>
  <testcase classname="org.test.TaxModule" name="updatedTaxList" time="7.787"/>
  <system-out/>
  <testcase classname="org.test.TaxModule" name="createdTaxRefectProductService" time="15.990"/>
  <system-out/>
  <testcase classname="org.test.TaxModule" name="editTaxRefectProductService" time="4.144"/>
  <system-out/>
</testsuite> <!-- org.test.TaxModule -->
