<?xml version="1.0" encoding="UTF-8"?>
<!-- Generated by org.testng.reporters.JUnitReportReporter -->
<testsuite hostname="DESKTOP-5M7AM2E" failures="0" tests="4" name="org.enhancement.GlobalContactRequest" time="121.649" errors="0" timestamp="2023-05-22T20:03:10 IST" skipped="0">
  <testcase classname="org.enhancement.GlobalContactRequest" name="loginPage" time="43.670"/>
  <system-out/>
  <testcase classname="org.enhancement.GlobalContactRequest" name="requestModule" time="1.462"/>
  <system-out/>
  <testcase classname="org.enhancement.GlobalContactRequest" name="labelValidation" time="1.987"/>
  <system-out/>
  <testcase classname="org.enhancement.GlobalContactRequest" name="createRequest_FromDateandTime_ToDateandTime" time="74.530"/>
  <system-out/>
</testsuite> <!-- org.enhancement.GlobalContactRequest -->
