<?xml version="1.0" encoding="UTF-8"?>
<!-- Generated by org.testng.reporters.JUnitReportReporter -->
<testsuite hostname="DESKTOP-5M7AM2E" failures="0" tests="7" name="org.test.Login" time="39.379" errors="0" timestamp="2023-06-02T15:22:10 IST" skipped="0">
  <testcase classname="org.test.Login" name="verifyEmptyEmail" time="3.897"/>
  <system-out/>
  <testcase classname="org.test.Login" name="verifyEmptyPassword" time="3.511"/>
  <system-out/>
  <testcase classname="org.test.Login" name="verifyIncorrectMail" time="1.719"/>
  <system-out/>
  <testcase classname="org.test.Login" name="verifyIncorrectPassword" time="3.297"/>
  <system-out/>
  <testcase classname="org.test.Login" name="verifyInvalidEmail" time="1.729"/>
  <system-out/>
  <testcase classname="org.test.Login" name="verifyInvalidCredentials" time="2.897"/>
  <system-out/>
  <testcase classname="org.test.Login" name="verify" time="22.329"/>
  <system-out/>
</testsuite> <!-- org.test.Login -->
