<?xml version="1.0" encoding="UTF-8"?>
<!-- Generated by org.testng.reporters.JUnitReportReporter -->
<<<<<<< HEAD
<testsuite hostname="DESKTOP-5M7AM2E" failures="0" tests="64" name="org.test.TeamUser" time="201.813" errors="0" timestamp="2023-06-02T15:22:10 IST" skipped="0">
  <testcase classname="org.test.TeamUser" name="verify" time="41.992"/>
  <system-out/>
  <testcase classname="org.test.TeamUser" name="TeamUserPage" time="9.834"/>
  <system-out/>
  <testcase classname="org.test.TeamUser" name="landingOnCreateForm" time="1.181"/>
  <system-out/>
  <testcase classname="org.test.TeamUser" name="mandatoryValidationFirstNameField" time="0.365"/>
  <system-out/>
  <testcase classname="org.test.TeamUser" name="mandatoryValidationTypeField" time="0.146"/>
  <system-out/>
  <testcase classname="org.test.TeamUser" name="mandatoryValidationEmailField" time="0.152"/>
  <system-out/>
  <testcase classname="org.test.TeamUser" name="maxValidationFirstNameField" time="1.214"/>
  <system-out/>
  <testcase classname="org.test.TeamUser" name="maxValidationLastNameField" time="0.972"/>
  <system-out/>
  <testcase classname="org.test.TeamUser" name="maxValidationJobTittleField" time="0.946"/>
  <system-out/>
  <testcase classname="org.test.TeamUser" name="maxValidationEmailFields" time="0.926"/>
  <system-out/>
  <testcase classname="org.test.TeamUser" name="invalidEmailValidation" time="0.336"/>
  <system-out/>
  <testcase classname="org.test.TeamUser" name="specialCharacterPhoneNumberField" time="0.362"/>
  <system-out/>
  <testcase classname="org.test.TeamUser" name="minValidatonPhoneNumber" time="0.340"/>
  <system-out/>
  <testcase classname="org.test.TeamUser" name="maxValidatonPhoneNumber" time="2.086"/>
  <system-out/>
  <testcase classname="org.test.TeamUser" name="maxValidationLocationName" time="1.039"/>
  <system-out/>
  <testcase classname="org.test.TeamUser" name="maxValidationAddress1" time="1.078"/>
  <system-out/>
  <testcase classname="org.test.TeamUser" name="maxValidationAddress2" time="1.131"/>
  <system-out/>
  <testcase classname="org.test.TeamUser" name="maxValidationState" time="1.190"/>
  <system-out/>
  <testcase classname="org.test.TeamUser" name="maxValidationCity" time="1.081"/>
  <system-out/>
  <testcase classname="org.test.TeamUser" name="minValidationZipcode" time="0.279"/>
  <system-out/>
  <testcase classname="org.test.TeamUser" name="specialCharacterValidationZipcode" time="0.284"/>
  <system-out/>
  <testcase classname="org.test.TeamUser" name="maxValidationZipcode" time="1.098"/>
  <system-out/>
  <testcase classname="org.test.TeamUser" name="verifySaveButtonExist" time="0.234"/>
  <system-out/>
  <testcase classname="org.test.TeamUser" name="userCreate" time="7.531"/>
  <system-out/>
  <testcase classname="org.test.TeamUser" name="userCount" time="0.194"/>
  <system-out/>
  <testcase classname="org.test.TeamUser" name="alreadyExistedMailValidation" time="7.167"/>
  <system-out/>
  <testcase classname="org.test.TeamUser" name="searchNameValidation" time="4.744"/>
  <system-out/>
  <testcase classname="org.test.TeamUser" name="searchPhoneNumberValidation" time="7.670"/>
  <system-out/>
  <testcase classname="org.test.TeamUser" name="searchEmailValidation" time="4.273"/>
  <system-out/>
  <testcase classname="org.test.TeamUser" name="invalidDataValidation" time="3.901"/>
  <system-out/>
  <testcase classname="org.test.TeamUser" name="landingOnEditForm" time="6.657"/>
  <system-out/>
  <testcase classname="org.test.TeamUser" name="firstNamePrepopulate" time="0.089"/>
  <system-out/>
  <testcase classname="org.test.TeamUser" name="lastNamePrepopulate" time="0.102"/>
  <system-out/>
  <testcase classname="org.test.TeamUser" name="jobTittlePrepopulate" time="0.106"/>
  <system-out/>
  <testcase classname="org.test.TeamUser" name="emailPrepopulate" time="0.098"/>
  <system-out/>
  <testcase classname="org.test.TeamUser" name="typePrepopulate" time="0.094"/>
  <system-out/>
  <testcase classname="org.test.TeamUser" name="phoneNumberPrepopulate" time="0.294"/>
  <system-out/>
  <testcase classname="org.test.TeamUser" name="locationNamePrepopulate" time="0.105"/>
  <system-out/>
  <testcase classname="org.test.TeamUser" name="locationAddress1Prepopulate" time="0.102"/>
  <system-out/>
  <testcase classname="org.test.TeamUser" name="locationAddress2Prepopulate" time="0.095"/>
  <system-out/>
  <testcase classname="org.test.TeamUser" name="locationCityPrepopulate" time="0.094"/>
  <system-out/>
  <testcase classname="org.test.TeamUser" name="locationStatePrepopulate" time="0.107"/>
  <system-out/>
  <testcase classname="org.test.TeamUser" name="locationZipcodePrepopulate" time="0.781"/>
  <system-out/>
  <testcase classname="org.test.TeamUser" name="editmandatoryValidationFirstNameField" time="0.348"/>
  <system-out/>
  <testcase classname="org.test.TeamUser" name="editmandatoryValidationEmailField" time="0.138"/>
  <system-out/>
  <testcase classname="org.test.TeamUser" name="editmaxValidationFirstNameField" time="1.067"/>
  <system-out/>
  <testcase classname="org.test.TeamUser" name="editmaxValidationLastNameField" time="1.044"/>
  <system-out/>
  <testcase classname="org.test.TeamUser" name="editmaxValidationJobTittleField" time="1.021"/>
  <system-out/>
  <testcase classname="org.test.TeamUser" name="editmaxValidationEmailFields" time="1.023"/>
  <system-out/>
  <testcase classname="org.test.TeamUser" name="editinvalidEmailValidation" time="0.390"/>
  <system-out/>
  <testcase classname="org.test.TeamUser" name="editspecialCharacterPhoneNumberField" time="0.443"/>
  <system-out/>
  <testcase classname="org.test.TeamUser" name="editminValidatonPhoneNumber" time="0.303"/>
  <system-out/>
  <testcase classname="org.test.TeamUser" name="editmaxValidatonPhoneNumber" time="2.686"/>
  <system-out/>
  <testcase classname="org.test.TeamUser" name="editmaxValidationLocationName" time="1.075"/>
  <system-out/>
  <testcase classname="org.test.TeamUser" name="editmaxValidationAddress1" time="1.053"/>
  <system-out/>
  <testcase classname="org.test.TeamUser" name="editmaxValidationAddress2" time="1.097"/>
  <system-out/>
  <testcase classname="org.test.TeamUser" name="editmaxValidationState" time="1.061"/>
  <system-out/>
  <testcase classname="org.test.TeamUser" name="editmaxValidationCity" time="1.195"/>
  <system-out/>
  <testcase classname="org.test.TeamUser" name="editminValidationZipcode" time="0.348"/>
  <system-out/>
  <testcase classname="org.test.TeamUser" name="editspecialCharacterValidationZipcode" time="0.309"/>
  <system-out/>
  <testcase classname="org.test.TeamUser" name="editmaxValidationZipcode" time="1.170"/>
  <system-out/>
  <testcase classname="org.test.TeamUser" name="verifyUpdateExist" time="0.233"/>
  <system-out/>
  <testcase classname="org.test.TeamUser" name="userEdit" time="8.152"/>
  <system-out/>
  <testcase classname="org.test.TeamUser" name="deleteUserDetails" time="65.187"/>
=======
<testsuite hostname="DESKTOP-5M7AM2E" failures="0" tests="64" name="org.test.TeamUser" time="170.399" errors="0" timestamp="2023-06-02T17:46:17 IST" skipped="0">
  <testcase classname="org.test.TeamUser" name="verify" time="35.003"/>
  <system-out/>
  <testcase classname="org.test.TeamUser" name="TeamUserPage" time="11.791"/>
  <system-out/>
  <testcase classname="org.test.TeamUser" name="landingOnCreateForm" time="0.670"/>
  <system-out/>
  <testcase classname="org.test.TeamUser" name="mandatoryValidationFirstNameField" time="0.284"/>
  <system-out/>
  <testcase classname="org.test.TeamUser" name="mandatoryValidationTypeField" time="0.127"/>
  <system-out/>
  <testcase classname="org.test.TeamUser" name="mandatoryValidationEmailField" time="0.125"/>
  <system-out/>
  <testcase classname="org.test.TeamUser" name="maxValidationFirstNameField" time="0.748"/>
  <system-out/>
  <testcase classname="org.test.TeamUser" name="maxValidationLastNameField" time="0.713"/>
  <system-out/>
  <testcase classname="org.test.TeamUser" name="maxValidationJobTittleField" time="0.775"/>
  <system-out/>
  <testcase classname="org.test.TeamUser" name="maxValidationEmailFields" time="0.757"/>
  <system-out/>
  <testcase classname="org.test.TeamUser" name="invalidEmailValidation" time="0.267"/>
  <system-out/>
  <testcase classname="org.test.TeamUser" name="specialCharacterPhoneNumberField" time="0.282"/>
  <system-out/>
  <testcase classname="org.test.TeamUser" name="minValidatonPhoneNumber" time="0.261"/>
  <system-out/>
  <testcase classname="org.test.TeamUser" name="maxValidatonPhoneNumber" time="3.959"/>
  <system-out/>
  <testcase classname="org.test.TeamUser" name="maxValidationLocationName" time="1.096"/>
  <system-out/>
  <testcase classname="org.test.TeamUser" name="maxValidationAddress1" time="0.791"/>
  <system-out/>
  <testcase classname="org.test.TeamUser" name="maxValidationAddress2" time="0.818"/>
  <system-out/>
  <testcase classname="org.test.TeamUser" name="maxValidationState" time="0.787"/>
  <system-out/>
  <testcase classname="org.test.TeamUser" name="maxValidationCity" time="0.736"/>
  <system-out/>
  <testcase classname="org.test.TeamUser" name="minValidationZipcode" time="0.280"/>
  <system-out/>
  <testcase classname="org.test.TeamUser" name="specialCharacterValidationZipcode" time="0.280"/>
  <system-out/>
  <testcase classname="org.test.TeamUser" name="maxValidationZipcode" time="1.267"/>
  <system-out/>
  <testcase classname="org.test.TeamUser" name="verifySaveButtonExist" time="0.341"/>
  <system-out/>
  <testcase classname="org.test.TeamUser" name="userCreate" time="9.821"/>
  <system-out/>
  <testcase classname="org.test.TeamUser" name="userCount" time="2.788"/>
  <system-out/>
  <testcase classname="org.test.TeamUser" name="alreadyExistedMailValidation" time="10.568"/>
  <system-out/>
  <testcase classname="org.test.TeamUser" name="searchNameValidation" time="8.847"/>
  <system-out/>
  <testcase classname="org.test.TeamUser" name="searchPhoneNumberValidation" time="8.816"/>
  <system-out/>
  <testcase classname="org.test.TeamUser" name="searchEmailValidation" time="8.862"/>
  <system-out/>
  <testcase classname="org.test.TeamUser" name="invalidDataValidation" time="8.447"/>
  <system-out/>
  <testcase classname="org.test.TeamUser" name="landingOnEditForm" time="10.732"/>
  <system-out/>
  <testcase classname="org.test.TeamUser" name="firstNamePrepopulate" time="0.096"/>
  <system-out/>
  <testcase classname="org.test.TeamUser" name="lastNamePrepopulate" time="0.152"/>
  <system-out/>
  <testcase classname="org.test.TeamUser" name="jobTittlePrepopulate" time="0.141"/>
  <system-out/>
  <testcase classname="org.test.TeamUser" name="emailPrepopulate" time="0.134"/>
  <system-out/>
  <testcase classname="org.test.TeamUser" name="typePrepopulate" time="0.125"/>
  <system-out/>
  <testcase classname="org.test.TeamUser" name="phoneNumberPrepopulate" time="0.297"/>
  <system-out/>
  <testcase classname="org.test.TeamUser" name="locationNamePrepopulate" time="0.109"/>
  <system-out/>
  <testcase classname="org.test.TeamUser" name="locationAddress1Prepopulate" time="0.102"/>
  <system-out/>
  <testcase classname="org.test.TeamUser" name="locationAddress2Prepopulate" time="0.127"/>
  <system-out/>
  <testcase classname="org.test.TeamUser" name="locationCityPrepopulate" time="0.104"/>
  <system-out/>
  <testcase classname="org.test.TeamUser" name="locationStatePrepopulate" time="0.088"/>
  <system-out/>
  <testcase classname="org.test.TeamUser" name="locationZipcodePrepopulate" time="0.723"/>
  <system-out/>
  <testcase classname="org.test.TeamUser" name="editmandatoryValidationFirstNameField" time="0.303"/>
  <system-out/>
  <testcase classname="org.test.TeamUser" name="editmandatoryValidationEmailField" time="0.135"/>
  <system-out/>
  <testcase classname="org.test.TeamUser" name="editmaxValidationFirstNameField" time="0.977"/>
  <system-out/>
  <testcase classname="org.test.TeamUser" name="editmaxValidationLastNameField" time="0.936"/>
  <system-out/>
  <testcase classname="org.test.TeamUser" name="editmaxValidationJobTittleField" time="0.986"/>
  <system-out/>
  <testcase classname="org.test.TeamUser" name="editmaxValidationEmailFields" time="0.904"/>
  <system-out/>
  <testcase classname="org.test.TeamUser" name="editinvalidEmailValidation" time="0.331"/>
  <system-out/>
  <testcase classname="org.test.TeamUser" name="editspecialCharacterPhoneNumberField" time="0.370"/>
  <system-out/>
  <testcase classname="org.test.TeamUser" name="editminValidatonPhoneNumber" time="0.326"/>
  <system-out/>
  <testcase classname="org.test.TeamUser" name="editmaxValidatonPhoneNumber" time="2.630"/>
  <system-out/>
  <testcase classname="org.test.TeamUser" name="editmaxValidationLocationName" time="1.051"/>
  <system-out/>
  <testcase classname="org.test.TeamUser" name="editmaxValidationAddress1" time="1.063"/>
  <system-out/>
  <testcase classname="org.test.TeamUser" name="editmaxValidationAddress2" time="0.910"/>
  <system-out/>
  <testcase classname="org.test.TeamUser" name="editmaxValidationState" time="0.779"/>
  <system-out/>
  <testcase classname="org.test.TeamUser" name="editmaxValidationCity" time="0.732"/>
  <system-out/>
  <testcase classname="org.test.TeamUser" name="editminValidationZipcode" time="0.240"/>
  <system-out/>
  <testcase classname="org.test.TeamUser" name="editspecialCharacterValidationZipcode" time="0.266"/>
  <system-out/>
  <testcase classname="org.test.TeamUser" name="editmaxValidationZipcode" time="1.182"/>
  <system-out/>
  <testcase classname="org.test.TeamUser" name="verifyUpdateExist" time="0.283"/>
  <system-out/>
  <testcase classname="org.test.TeamUser" name="userEdit" time="8.547"/>
  <system-out/>
  <testcase classname="org.test.TeamUser" name="deleteUserDetails" time="14.211"/>
>>>>>>> 8f032e9abfd9edfc56ded76230782504aeca4741
  <system-out/>
</testsuite> <!-- org.test.TeamUser -->
