<?xml version="1.0" encoding="UTF-8"?>
<!-- Generated by org.testng.reporters.JUnitReportReporter -->
<testsuite hostname="DESKTOP-5M7AM2E" failures="0" tests="7" name="org.test.Login" time="47.904" errors="0" timestamp="2023-03-08T15:48:45 IST" skipped="0">
  <testcase classname="org.test.Login" name="verifyEmptyEmail" time="3.400"/>
  <system-out/>
  <testcase classname="org.test.Login" name="verifyEmptyPassword" time="3.180"/>
  <system-out/>
  <testcase classname="org.test.Login" name="verifyIncorrectMail" time="2.130"/>
  <system-out/>
  <testcase classname="org.test.Login" name="verifyIncorrectPassword" time="5.026"/>
  <system-out/>
  <testcase classname="org.test.Login" name="verifyInvalidEmail" time="5.903"/>
  <system-out/>
  <testcase classname="org.test.Login" name="verifyInvalidCredentials" time="3.199"/>
  <system-out/>
  <testcase classname="org.test.Login" name="verify" time="25.066"/>
  <system-out/>
</testsuite> <!-- org.test.Login -->
