<?xml version="1.0" encoding="UTF-8"?>
<!-- Generated by org.testng.reporters.JUnitReportReporter -->
<testsuite hostname="DESKTOP-5M7AM2E" failures="0" tests="20" name="org.test.BusinessUnit" time="118.544" errors="0" timestamp="2023-04-23T22:29:52 IST" skipped="0">
  <testcase classname="org.test.BusinessUnit" name="loginPage" time="28.686"/>
  <system-out/>
  <testcase classname="org.test.BusinessUnit" name="settingModule" time="1.459"/>
  <system-out/>
  <testcase classname="org.test.BusinessUnit" name="businessUnitLabel" time="0.069"/>
  <system-out/>
  <testcase classname="org.test.BusinessUnit" name="createFormLabel" time="1.897"/>
  <system-out/>
  <testcase classname="org.test.BusinessUnit" name="mandatoryValidation" time="1.064"/>
  <system-out/>
  <testcase classname="org.test.BusinessUnit" name="maximumValidationBussinessUnit" time="4.407"/>
  <system-out/>
  <testcase classname="org.test.BusinessUnit" name="verifySaveButtonExist" time="0.364"/>
  <system-out/>
  <testcase classname="org.test.BusinessUnit" name="businessCreate" time="8.222"/>
  <system-out/>
  <testcase classname="org.test.BusinessUnit" name="businessCreateList" time="0.071"/>
  <system-out/>
  <testcase classname="org.test.BusinessUnit" name="activeStatus" time="0.059"/>
  <system-out/>
  <testcase classname="org.test.BusinessUnit" name="alreadyExists" time="1.774"/>
  <system-out/>
  <testcase classname="org.test.BusinessUnit" name="editFormLabel" time="3.792"/>
  <system-out/>
  <testcase classname="org.test.BusinessUnit" name="editmandatoryValidation" time="0.971"/>
  <system-out/>
  <testcase classname="org.test.BusinessUnit" name="editmaximumValidationBussinessUnit" time="4.223"/>
  <system-out/>
  <testcase classname="org.test.BusinessUnit" name="verifyUpdateButtonExist" time="0.323"/>
  <system-out/>
  <testcase classname="org.test.BusinessUnit" name="businessUpdate" time="8.354"/>
  <system-out/>
  <testcase classname="org.test.BusinessUnit" name="deleteBusinessUnit" time="15.029"/>
  <system-out/>
  <testcase classname="org.test.BusinessUnit" name="reflectCreateContactPage" time="21.116"/>
  <system-out/>
  <testcase classname="org.test.BusinessUnit" name="inactiveLeadSource" time="13.221"/>
  <system-out/>
  <testcase classname="org.test.BusinessUnit" name="deleteLeadSource" time="3.443"/>
  <system-out/>
</testsuite> <!-- org.test.BusinessUnit -->
