<?xml version="1.0" encoding="UTF-8"?>
<!-- Generated by org.testng.reporters.JUnitReportReporter -->
<testsuite hostname="DESKTOP-5M7AM2E" failures="0" tests="29" name="org.test.OnBoardingModule" time="68.188" errors="0" timestamp="2023-06-02T15:22:10 IST" skipped="0">
  <testcase classname="org.test.OnBoardingModule" name="mandatoryBussinessNameFieldValidation" time="15.477"/>
  <system-out/>
  <testcase classname="org.test.OnBoardingModule" name="mandatoryEmailFieldValidation" time="0.609"/>
  <system-out/>
  <testcase classname="org.test.OnBoardingModule" name="alreadyBussinessNameValidation" time="1.218"/>
  <system-out/>
  <testcase classname="org.test.OnBoardingModule" name="specialCharacterBussinessNameValidation" time="0.331"/>
  <system-out/>
  <testcase classname="org.test.OnBoardingModule" name="maximumValidationBussinessName" time="0.769"/>
  <system-out/>
  <testcase classname="org.test.OnBoardingModule" name="maximumValidationBussinessWebSite" time="3.195"/>
  <system-out/>
  <testcase classname="org.test.OnBoardingModule" name="maximumValidationFirstName" time="0.817"/>
  <system-out/>
  <testcase classname="org.test.OnBoardingModule" name="maximumValidationLastName" time="0.899"/>
  <system-out/>
  <testcase classname="org.test.OnBoardingModule" name="maximumValidationEmail" time="1.063"/>
  <system-out/>
  <testcase classname="org.test.OnBoardingModule" name="validateEmailFormat" time="1.240"/>
  <system-out/>
  <testcase classname="org.test.OnBoardingModule" name="existingEmailValidation" time="0.955"/>
  <system-out/>
  <testcase classname="org.test.OnBoardingModule" name="correctValidationEmail" time="1.888"/>
  <system-out/>
  <testcase classname="org.test.OnBoardingModule" name="validateRadioButtonClickable" time="4.938"/>
  <system-out/>
  <testcase classname="org.test.OnBoardingModule" name="industryTypeFieldPresent" time="0.306"/>
  <system-out/>
  <testcase classname="org.test.OnBoardingModule" name="maximumValidationIndustryField" time="1.394"/>
  <system-out/>
  <testcase classname="org.test.OnBoardingModule" name="sizeCompanyValidation" time="1.247"/>
  <system-out/>
  <testcase classname="org.test.OnBoardingModule" name="validationRadioButtonIntrested" time="1.668"/>
  <system-out/>
  <testcase classname="org.test.OnBoardingModule" name="mandatoryValidationLocation" time="0.969"/>
  <system-out/>
  <testcase classname="org.test.OnBoardingModule" name="maximumValidationLocation" time="3.420"/>
  <system-out/>
  <testcase classname="org.test.OnBoardingModule" name="passwordMandatoryField" time="0.408"/>
  <system-out/>
  <testcase classname="org.test.OnBoardingModule" name="minValidationPassword" time="0.368"/>
  <system-out/>
  <testcase classname="org.test.OnBoardingModule" name="minValidationConfirmPassword" time="0.360"/>
  <system-out/>
  <testcase classname="org.test.OnBoardingModule" name="passwordFieldConditions" time="0.589"/>
  <system-out/>
  <testcase classname="org.test.OnBoardingModule" name="confirmPasswordFieldCondition" time="0.829"/>
  <system-out/>
  <testcase classname="org.test.OnBoardingModule" name="lowerCaseValidation" time="0.711"/>
  <system-out/>
  <testcase classname="org.test.OnBoardingModule" name="mismatchPassword" time="1.265"/>
  <system-out/>
  <testcase classname="org.test.OnBoardingModule" name="createTenant" time="21.088"/>
  <system-out/>
  <testcase classname="org.test.OnBoardingModule" name="subDomineURL" time="0.055"/>
  <system-out/>
  <testcase classname="org.test.OnBoardingModule" name="ownerName" time="0.112"/>
  <system-out/>
</testsuite> <!-- org.test.OnBoardingModule -->
