<?xml version="1.0" encoding="UTF-8"?>
<!-- Generated by org.testng.reporters.JUnitReportReporter -->
<testsuite hostname="DESKTOP-5M7AM2E" failures="0" tests="105" name="org.test.TeamModule" time="220.956" errors="0" timestamp="2023-01-07T01:19:12 IST" skipped="0">
  <testcase classname="org.test.TeamModule" name="verify" time="38.897"/>
  <system-out/>
  <testcase classname="org.test.TeamModule" name="teamModule" time="8.797"/>
  <system-out/>
  <testcase classname="org.test.TeamModule" name="edit" time="3.434"/>
  <system-out/>
  <testcase classname="org.test.TeamModule" name="addLocation" time="7.957"/>
  <system-out/>
  <testcase classname="org.test.TeamModule" name="deleteLocation" time="2.809"/>
  <system-out/>
  <testcase classname="org.test.TeamModule" name="verifyContractorNameMandatory" time="1.654"/>
  <system-out/>
  <testcase classname="org.test.TeamModule" name="verifyContractorNumberMinValidation" time="0.456"/>
  <system-out/>
  <testcase classname="org.test.TeamModule" name="verifyContractorEmailFormat" time="0.375"/>
  <system-out/>
  <testcase classname="org.test.TeamModule" name="verifyContractorNumberMaxValidation" time="0.461"/>
  <system-out/>
  <testcase classname="org.test.TeamModule" name="verifyFaxMinValidation" time="0.298"/>
  <system-out/>
  <testcase classname="org.test.TeamModule" name="verifyFaxMaxValidation" time="0.490"/>
  <system-out/>
  <testcase classname="org.test.TeamModule" name="verifyCpersonFirstNameMaxValidation" time="1.298"/>
  <system-out/>
  <testcase classname="org.test.TeamModule" name="verifyCpersonLastNameMaxValidation" time="1.357"/>
  <system-out/>
  <testcase classname="org.test.TeamModule" name="maxValidationLocationNameField" time="2.385"/>
  <system-out/>
  <testcase classname="org.test.TeamModule" name="validateEmailField" time="0.275"/>
  <system-out/>
  <testcase classname="org.test.TeamModule" name="maxValidationEmailField" time="2.033"/>
  <system-out/>
  <testcase classname="org.test.TeamModule" name="minValidationPhoneNumberField" time="0.213"/>
  <system-out/>
  <testcase classname="org.test.TeamModule" name="maxValidationPhoneNumberField" time="0.212"/>
  <system-out/>
  <testcase classname="org.test.TeamModule" name="maxValidationAddress1Field" time="1.443"/>
  <system-out/>
  <testcase classname="org.test.TeamModule" name="maxValidationAddress2Field" time="1.450"/>
  <system-out/>
  <testcase classname="org.test.TeamModule" name="maxValidationStateField" time="1.395"/>
  <system-out/>
  <testcase classname="org.test.TeamModule" name="maxValidationCityField" time="1.397"/>
  <system-out/>
  <testcase classname="org.test.TeamModule" name="maxValidationZipcodeField" time="0.222"/>
  <system-out/>
  <testcase classname="org.test.TeamModule" name="minValidationZipcodeField" time="0.144"/>
  <system-out/>
  <testcase classname="org.test.TeamModule" name="characterValidationZipcodeField" time="0.156"/>
  <system-out/>
  <testcase classname="org.test.TeamModule" name="maxValidationContactPerson" time="1.488"/>
  <system-out/>
  <testcase classname="org.test.TeamModule" name="verifySaveButtonExist" time="0.055"/>
  <system-out/>
  <testcase classname="org.test.TeamModule" name="createContract" time="3.674"/>
  <system-out/>
  <testcase classname="org.test.TeamModule" name="contractotCompanyNameExistedValidation" time="3.720"/>
  <system-out/>
  <testcase classname="org.test.TeamModule" name="contractorAlreadyEmailValidation" time="2.835"/>
  <system-out/>
  <testcase classname="org.test.TeamModule" name="listValidationName" time="1.695"/>
  <system-out/>
  <testcase classname="org.test.TeamModule" name="searchCompanyNameListValidation" time="1.811"/>
  <system-out/>
  <testcase classname="org.test.TeamModule" name="searchNameListValidation" time="1.580"/>
  <system-out/>
  <testcase classname="org.test.TeamModule" name="searchEmailListValidation" time="1.650"/>
  <system-out/>
  <testcase classname="org.test.TeamModule" name="searchPhoneNumberListValidation" time="1.616"/>
  <system-out/>
  <testcase classname="org.test.TeamModule" name="invalidValidationData" time="1.515"/>
  <system-out/>
  <testcase classname="org.test.TeamModule" name="editContractorPage" time="2.286"/>
  <system-out/>
  <testcase classname="org.test.TeamModule" name="editContractorDetails" time="4.658"/>
  <system-out/>
  <testcase classname="org.test.TeamModule" name="deleteContractorDetails" time="2.404"/>
  <system-out/>
  <testcase classname="org.test.TeamModule" name="landingUserFormPage" time="2.153"/>
  <system-out/>
  <testcase classname="org.test.TeamModule" name="mandatoryValidationFirstNameField" time="0.470"/>
  <system-out/>
  <testcase classname="org.test.TeamModule" name="mandatoryValidationTypeField" time="0.641"/>
  <system-out/>
  <testcase classname="org.test.TeamModule" name="mandatoryValidationEmailField" time="0.369"/>
  <system-out/>
  <testcase classname="org.test.TeamModule" name="maxValidationFirstNameField" time="1.127"/>
  <system-out/>
  <testcase classname="org.test.TeamModule" name="maxValidationLastNameField" time="1.035"/>
  <system-out/>
  <testcase classname="org.test.TeamModule" name="maxValidationJobTittleField" time="1.115"/>
  <system-out/>
  <testcase classname="org.test.TeamModule" name="maxValidationEmailFields" time="1.145"/>
  <system-out/>
  <testcase classname="org.test.TeamModule" name="invalidEmailValidation" time="0.310"/>
  <system-out/>
  <testcase classname="org.test.TeamModule" name="minValidatonPhoneNumber" time="0.242"/>
  <system-out/>
  <testcase classname="org.test.TeamModule" name="maxValidatonPhoneNumber" time="0.482"/>
  <system-out/>
  <testcase classname="org.test.TeamModule" name="maxValidationLocationName" time="1.078"/>
  <system-out/>
  <testcase classname="org.test.TeamModule" name="maxValidationAddress1" time="1.036"/>
  <system-out/>
  <testcase classname="org.test.TeamModule" name="maxValidationAddress2" time="1.014"/>
  <system-out/>
  <testcase classname="org.test.TeamModule" name="maxValidationState" time="1.020"/>
  <system-out/>
  <testcase classname="org.test.TeamModule" name="maxValidationCity" time="0.799"/>
  <system-out/>
  <testcase classname="org.test.TeamModule" name="specialCharacterValidationContractorZipcode" time="0.201"/>
  <system-out/>
  <testcase classname="org.test.TeamModule" name="minValidationZipcode" time="0.134"/>
  <system-out/>
  <testcase classname="org.test.TeamModule" name="specialCharacterValidationZipcode" time="0.147"/>
  <system-out/>
  <testcase classname="org.test.TeamModule" name="maxValidationZipcode" time="0.346"/>
  <system-out/>
  <testcase classname="org.test.TeamModule" name="userCreate" time="3.465"/>
  <system-out/>
  <testcase classname="org.test.TeamModule" name="alreadyExistedMailValidation" time="7.029"/>
  <system-out/>
  <testcase classname="org.test.TeamModule" name="createdListName" time="0.098"/>
  <system-out/>
  <testcase classname="org.test.TeamModule" name="searchPhoneNumberValidation" time="1.676"/>
  <system-out/>
  <testcase classname="org.test.TeamModule" name="searchNameValidation" time="2.328"/>
  <system-out/>
  <testcase classname="org.test.TeamModule" name="searchEmailValidation" time="1.640"/>
  <system-out/>
  <testcase classname="org.test.TeamModule" name="invalidDataValidation" time="2.158"/>
  <system-out/>
  <testcase classname="org.test.TeamModule" name="landingOnEditForm" time="2.724"/>
  <system-out/>
  <testcase classname="org.test.TeamModule" name="editUserDetails" time="5.761"/>
  <system-out/>
  <testcase classname="org.test.TeamModule" name="deleteUserDetails" time="3.840"/>
  <system-out/>
  <testcase classname="org.test.TeamModule" name="landingContractorFormPage" time="2.032"/>
  <system-out/>
  <testcase classname="org.test.TeamModule" name="mandatoryValidationContractorFirstNameField" time="0.433"/>
  <system-out/>
  <testcase classname="org.test.TeamModule" name="mandatoryValidationContractorEmailField" time="0.449"/>
  <system-out/>
  <testcase classname="org.test.TeamModule" name="mandatoryOrganizationName" time="2.923"/>
  <system-out/>
  <testcase classname="org.test.TeamModule" name="maxValidationContractorFirstNameField" time="1.291"/>
  <system-out/>
  <testcase classname="org.test.TeamModule" name="maxValidationContractorLastNameField" time="1.097"/>
  <system-out/>
  <testcase classname="org.test.TeamModule" name="invalidContractorEmailValidation" time="0.352"/>
  <system-out/>
  <testcase classname="org.test.TeamModule" name="maxValidationContractorEmailFields" time="1.162"/>
  <system-out/>
  <testcase classname="org.test.TeamModule" name="minValidatonContractorPhoneNumber" time="0.249"/>
  <system-out/>
  <testcase classname="org.test.TeamModule" name="maxValidatonContractorPhoneNumber" time="0.512"/>
  <system-out/>
  <testcase classname="org.test.TeamModule" name="maxValidationContractorLocationName" time="1.170"/>
  <system-out/>
  <testcase classname="org.test.TeamModule" name="maxValidationContractorAddress1" time="1.060"/>
  <system-out/>
  <testcase classname="org.test.TeamModule" name="maxValidationContractorAddress2" time="1.116"/>
  <system-out/>
  <testcase classname="org.test.TeamModule" name="maxValidationContractorState" time="1.052"/>
  <system-out/>
  <testcase classname="org.test.TeamModule" name="maxValidationContractorCity" time="1.073"/>
  <system-out/>
  <testcase classname="org.test.TeamModule" name="minValidationContractorZipcode" time="0.263"/>
  <system-out/>
  <testcase classname="org.test.TeamModule" name="maxValidationContractorZipcode" time="0.425"/>
  <system-out/>
  <testcase classname="org.test.TeamModule" name="userContractorCreate" time="4.872"/>
  <system-out/>
  <testcase classname="org.test.TeamModule" name="createdContractorListName" time="1.673"/>
  <system-out/>
  <testcase classname="org.test.TeamModule" name="alreadyExistedContractorMailValidation" time="4.974"/>
  <system-out/>
  <testcase classname="org.test.TeamModule" name="searchContractorNameValidation" time="2.147"/>
  <system-out/>
  <testcase classname="org.test.TeamModule" name="searchContractorPhoneNumberValidation" time="2.194"/>
  <system-out/>
  <testcase classname="org.test.TeamModule" name="searchContractorEmailValidation" time="2.294"/>
  <system-out/>
  <testcase classname="org.test.TeamModule" name="filterByCompany" time="1.973"/>
  <system-out/>
  <testcase classname="org.test.TeamModule" name="invalidDatasValidation" time="1.733"/>
  <system-out/>
  <testcase classname="org.test.TeamModule" name="landingOnContractorEditForm" time="2.205"/>
  <system-out/>
  <testcase classname="org.test.TeamModule" name="editContractorDetail" time="7.062"/>
  <system-out/>
  <testcase classname="org.test.TeamModule" name="deleteContractorDetail" time="3.887"/>
  <system-out/>
  <testcase classname="org.test.TeamModule" name="landOnSendInvitePage" time="1.059"/>
  <system-out/>
  <testcase classname="org.test.TeamModule" name="verifyEmailRequired" time="0.224"/>
  <system-out/>
  <testcase classname="org.test.TeamModule" name="verfiyEmailFormat" time="1.461"/>
  <system-out/>
  <testcase classname="org.test.TeamModule" name="verifyFirstName" time="0.342"/>
  <system-out/>
  <testcase classname="org.test.TeamModule" name="verifyFirstNamewithBlankSpace" time="2.438"/>
  <system-out/>
  <testcase classname="org.test.TeamModule" name="verifyUserEnterMessage" time="4.368"/>
  <system-out/>
  <testcase classname="org.test.TeamModule" name="verfiyAddMoreButton" time="0.162"/>
  <system-out/>
  <testcase classname="org.test.TeamModule" name="verifyUserSendInvite" time="3.051"/>
  <system-out/>
</testsuite> <!-- org.test.TeamModule -->
