<?xml version="1.0" encoding="UTF-8"?>
<!-- Generated by org.testng.reporters.JUnitReportReporter -->
<testsuite hostname="DESKTOP-5M7AM2E" failures="0" tests="44" name="org.test.GlobalContactRequest" time="222.188" errors="0" timestamp="2023-05-05T14:24:28 IST" skipped="0">
  <testcase classname="org.test.GlobalContactRequest" name="loginPage" time="26.774"/>
  <system-out/>
  <testcase classname="org.test.GlobalContactRequest" name="requestModule" time="0.903"/>
  <system-out/>
  <testcase classname="org.test.GlobalContactRequest" name="labelValidation" time="0.868"/>
  <system-out/>
  <testcase classname="org.test.GlobalContactRequest" name="contactMandatoryValidation" time="1.438"/>
  <system-out/>
  <testcase classname="org.test.GlobalContactRequest" name="autoCompleteContactCreation" time="9.369"/>
  <system-out/>
  <testcase classname="org.test.GlobalContactRequest" name="mandatoryValidationLocation" time="0.052"/>
  <system-out/>
  <testcase classname="org.test.GlobalContactRequest" name="maximumValidationLocation" time="5.339"/>
  <system-out/>
  <testcase classname="org.test.GlobalContactRequest" name="maximumValidationTittle" time="0.753"/>
  <system-out/>
  <testcase classname="org.test.GlobalContactRequest" name="mandatoryValidationDescription" time="0.063"/>
  <system-out/>
  <testcase classname="org.test.GlobalContactRequest" name="maximumValidationDescription" time="4.346"/>
  <system-out/>
  <testcase classname="org.test.GlobalContactRequest" name="maximumTagValidation" time="0.722"/>
  <system-out/>
  <testcase classname="org.test.GlobalContactRequest" name="duplicateTagsValidation" time="0.388"/>
  <system-out/>
  <testcase classname="org.test.GlobalContactRequest" name="maxTagLimitValidation" time="13.536"/>
  <system-out/>
  <testcase classname="org.test.GlobalContactRequest" name="maximumValidationNotes" time="4.251"/>
  <system-out/>
  <testcase classname="org.test.GlobalContactRequest" name="createButton" time="0.059"/>
  <system-out/>
  <testcase classname="org.test.GlobalContactRequest" name="unsssignedRequest" time="12.775"/>
  <system-out/>
  <testcase classname="org.test.GlobalContactRequest" name="requestUnassignedStatus" time="0.090"/>
  <system-out/>
  <testcase classname="org.test.GlobalContactRequest" name="labelEditValidation" time="6.931"/>
  <system-out/>
  <testcase classname="org.test.GlobalContactRequest" name="editmandatoryValidationLocation" time="0.059"/>
  <system-out/>
  <testcase classname="org.test.GlobalContactRequest" name="editmaximumValidationLocation" time="4.955"/>
  <system-out/>
  <testcase classname="org.test.GlobalContactRequest" name="editmaximumValidationTittle" time="0.739"/>
  <system-out/>
  <testcase classname="org.test.GlobalContactRequest" name="editmandatoryValidationDescription" time="0.063"/>
  <system-out/>
  <testcase classname="org.test.GlobalContactRequest" name="editmaximumValidationDescription" time="4.332"/>
  <system-out/>
  <testcase classname="org.test.GlobalContactRequest" name="editmaximumTagValidation" time="0.755"/>
  <system-out/>
  <testcase classname="org.test.GlobalContactRequest" name="editduplicateTagsValidation" time="0.357"/>
  <system-out/>
  <testcase classname="org.test.GlobalContactRequest" name="editmaxTagLimitValidation" time="13.512"/>
  <system-out/>
  <testcase classname="org.test.GlobalContactRequest" name="editmaximumValidationNotes" time="4.192"/>
  <system-out/>
  <testcase classname="org.test.GlobalContactRequest" name="updateButton" time="0.121"/>
  <system-out/>
  <testcase classname="org.test.GlobalContactRequest" name="updatedRequest" time="10.563"/>
  <system-out/>
  <testcase classname="org.test.GlobalContactRequest" name="createRequest_FromDateandTime_ToDateandTime" time="21.090"/>
  <system-out/>
  <testcase classname="org.test.GlobalContactRequest" name="requestScheduleStatus" time="0.951"/>
  <system-out/>
  <testcase classname="org.test.GlobalContactRequest" name="dispatchedRequest" time="13.421"/>
  <system-out/>
  <testcase classname="org.test.GlobalContactRequest" name="requestDispatchedStatus" time="0.128"/>
  <system-out/>
  <testcase classname="org.test.GlobalContactRequest" name="startedRequest" time="13.623"/>
  <system-out/>
  <testcase classname="org.test.GlobalContactRequest" name="requestStartedStatus" time="0.082"/>
  <system-out/>
  <testcase classname="org.test.GlobalContactRequest" name="completedRequest" time="12.609"/>
  <system-out/>
  <testcase classname="org.test.GlobalContactRequest" name="requestCompleteStatus" time="0.086"/>
  <system-out/>
  <testcase classname="org.test.GlobalContactRequest" name="cancelledRequest" time="13.659"/>
  <system-out/>
  <testcase classname="org.test.GlobalContactRequest" name="requestCancelledStatus" time="0.187"/>
  <system-out/>
  <testcase classname="org.test.GlobalContactRequest" name="searchCustomerName" time="2.802"/>
  <system-out/>
  <testcase classname="org.test.GlobalContactRequest" name="searchRequestNo" time="2.711"/>
  <system-out/>
  <testcase classname="org.test.GlobalContactRequest" name="searchLocation" time="3.326"/>
  <system-out/>
  <testcase classname="org.test.GlobalContactRequest" name="searchFilterByDate" time="7.326"/>
  <system-out/>
  <testcase classname="org.test.GlobalContactRequest" name="searchInvalid" time="1.882"/>
  <system-out/>
</testsuite> <!-- org.test.GlobalContactRequest -->
