<?xml version="1.0" encoding="UTF-8"?>
<!-- Generated by org.testng.reporters.JUnitReportReporter -->
<testsuite hostname="DESKTOP-5M7AM2E" failures="0" tests="69" name="org.test.CustomerContactInvoice" time="174.642" errors="0" timestamp="2023-04-15T19:23:14 IST" skipped="0">
  <testcase classname="org.test.CustomerContactInvoice" name="loginPage" time="21.778"/>
  <system-out/>
  <testcase classname="org.test.CustomerContactInvoice" name="contactModule" time="8.721"/>
  <system-out/>
  <testcase classname="org.test.CustomerContactInvoice" name="CreateContact" time="18.297"/>
  <system-out/>
  <testcase classname="org.test.CustomerContactInvoice" name="labelValidation" time="9.193"/>
  <system-out/>
  <testcase classname="org.test.CustomerContactInvoice" name="namePrepopulation" time="3.773"/>
  <system-out/>
  <testcase classname="org.test.CustomerContactInvoice" name="mandatoryValidationDeuDate" time="0.628"/>
  <system-out/>
  <testcase classname="org.test.CustomerContactInvoice" name="mandatoryValidationInventoryItem" time="0.067"/>
  <system-out/>
  <testcase classname="org.test.CustomerContactInvoice" name="mandatoryValidationPrice" time="0.066"/>
  <system-out/>
  <testcase classname="org.test.CustomerContactInvoice" name="mandatoryValidationQunatity" time="0.070"/>
  <system-out/>
  <testcase classname="org.test.CustomerContactInvoice" name="mandatoryValidationDescription" time="0.069"/>
  <system-out/>
  <testcase classname="org.test.CustomerContactInvoice" name="maximumValidationReference" time="0.657"/>
  <system-out/>
  <testcase classname="org.test.CustomerContactInvoice" name="maximumValidationInvoiceTittle" time="0.672"/>
  <system-out/>
  <testcase classname="org.test.CustomerContactInvoice" name="maximumValidationInventoryItem" time="1.065"/>
  <system-out/>
  <testcase classname="org.test.CustomerContactInvoice" name="emptyValidationQuantityField" time="0.208"/>
  <system-out/>
  <testcase classname="org.test.CustomerContactInvoice" name="maxQuanitityLimit" time="0.260"/>
  <system-out/>
  <testcase classname="org.test.CustomerContactInvoice" name="afterDecimalPointValidationQuantityField" time="0.194"/>
  <system-out/>
  <testcase classname="org.test.CustomerContactInvoice" name="beforeDecimalPointValidationQuantityField" time="0.277"/>
  <system-out/>
  <testcase classname="org.test.CustomerContactInvoice" name="emptyValidationPriceField" time="0.212"/>
  <system-out/>
  <testcase classname="org.test.CustomerContactInvoice" name="maxPriceLimit" time="0.200"/>
  <system-out/>
  <testcase classname="org.test.CustomerContactInvoice" name="beforeDecimalPointPriceField" time="0.242"/>
  <system-out/>
  <testcase classname="org.test.CustomerContactInvoice" name="afterDecimalPointPriceField" time="0.255"/>
  <system-out/>
  <testcase classname="org.test.CustomerContactInvoice" name="afterDecimalPointDiscountField" time="0.216"/>
  <system-out/>
  <testcase classname="org.test.CustomerContactInvoice" name="beforeDecimalPointDiscountField" time="0.183"/>
  <system-out/>
  <testcase classname="org.test.CustomerContactInvoice" name="maxLimitDiscountField" time="0.174"/>
  <system-out/>
  <testcase classname="org.test.CustomerContactInvoice" name="afterDecimalPointTaxField" time="0.236"/>
  <system-out/>
  <testcase classname="org.test.CustomerContactInvoice" name="beforeDecimalPointTaxField" time="0.191"/>
  <system-out/>
  <testcase classname="org.test.CustomerContactInvoice" name="maxLimitTaxField" time="0.234"/>
  <system-out/>
  <testcase classname="org.test.CustomerContactInvoice" name="maximumValidationDescription" time="1.768"/>
  <system-out/>
  <testcase classname="org.test.CustomerContactInvoice" name="maximumValidationNotes" time="3.796"/>
  <system-out/>
  <testcase classname="org.test.CustomerContactInvoice" name="expiryFieldPastDateValidation" time="7.845"/>
  <system-out/>
  <testcase classname="org.test.CustomerContactInvoice" name="validateCalculation" time="0.664"/>
  <system-out/>
  <testcase classname="org.test.CustomerContactInvoice" name="createInvoice" time="13.539"/>
  <system-out/>
  <testcase classname="org.test.CustomerContactInvoice" name="invoiceCreatedCount" time="0.126"/>
  <system-out/>
  <testcase classname="org.test.CustomerContactInvoice" name="editLableValidation" time="18.132"/>
  <system-out/>
  <testcase classname="org.test.CustomerContactInvoice" name="mandatoryValidationEditDueDate" time="0.795"/>
  <system-out/>
  <testcase classname="org.test.CustomerContactInvoice" name="mandatoryValidationEditQunatity" time="0.071"/>
  <system-out/>
  <testcase classname="org.test.CustomerContactInvoice" name="mandatoryValidationEditPrice" time="0.065"/>
  <system-out/>
  <testcase classname="org.test.CustomerContactInvoice" name="mandatoryValidationEditDescription" time="0.065"/>
  <system-out/>
  <testcase classname="org.test.CustomerContactInvoice" name="maximumValidationEditReference" time="0.641"/>
  <system-out/>
  <testcase classname="org.test.CustomerContactInvoice" name="maximumValidationEditInvoiceTittle" time="0.645"/>
  <system-out/>
  <testcase classname="org.test.CustomerContactInvoice" name="maximumValidationEditInventoryItem" time="0.970"/>
  <system-out/>
  <testcase classname="org.test.CustomerContactInvoice" name="emptyValidationEditQuantityField" time="0.212"/>
  <system-out/>
  <testcase classname="org.test.CustomerContactInvoice" name="maxEditQuanitityLimit" time="0.269"/>
  <system-out/>
  <testcase classname="org.test.CustomerContactInvoice" name="afterEditDecimalPointValidationQuantityField" time="0.208"/>
  <system-out/>
  <testcase classname="org.test.CustomerContactInvoice" name="beforeEditDecimalPointValidationQuantityField" time="0.293"/>
  <system-out/>
  <testcase classname="org.test.CustomerContactInvoice" name="emptyValidationEditPriceField" time="0.218"/>
  <system-out/>
  <testcase classname="org.test.CustomerContactInvoice" name="maxEditPriceLimit" time="0.203"/>
  <system-out/>
  <testcase classname="org.test.CustomerContactInvoice" name="beforeEditDecimalPointPriceField" time="0.223"/>
  <system-out/>
  <testcase classname="org.test.CustomerContactInvoice" name="afterEditDecimalPointPriceField" time="0.265"/>
  <system-out/>
  <testcase classname="org.test.CustomerContactInvoice" name="afterEditDecimalPointDiscountField" time="0.199"/>
  <system-out/>
  <testcase classname="org.test.CustomerContactInvoice" name="beforeEditDecimalPointDiscountField" time="0.192"/>
  <system-out/>
  <testcase classname="org.test.CustomerContactInvoice" name="maxLimitEditDiscountField" time="0.175"/>
  <system-out/>
  <testcase classname="org.test.CustomerContactInvoice" name="afterDecimalEditPointTaxField" time="0.221"/>
  <system-out/>
  <testcase classname="org.test.CustomerContactInvoice" name="beforeDecimalEditPointTaxField" time="0.184"/>
  <system-out/>
  <testcase classname="org.test.CustomerContactInvoice" name="maxEditLimitTaxField" time="0.250"/>
  <system-out/>
  <testcase classname="org.test.CustomerContactInvoice" name="maximumEditValidationDescription" time="1.730"/>
  <system-out/>
  <testcase classname="org.test.CustomerContactInvoice" name="maximumEditValidationNotes" time="3.696"/>
  <system-out/>
  <testcase classname="org.test.CustomerContactInvoice" name="expiryEditFieldPastDateValidation" time="8.365"/>
  <system-out/>
  <testcase classname="org.test.CustomerContactInvoice" name="updatedInvoice" time="11.398"/>
  <system-out/>
  <testcase classname="org.test.CustomerContactInvoice" name="draftInvoice" time="8.999"/>
  <system-out/>
  <testcase classname="org.test.CustomerContactInvoice" name="createdQuoteStatus" time="0.069"/>
  <system-out/>
  <testcase classname="org.test.CustomerContactInvoice" name="UpdatedInvociePartialPayment" time="4.335"/>
  <system-out/>
  <testcase classname="org.test.CustomerContactInvoice" name="partialPaidAmount" time="0.058"/>
  <system-out/>
  <testcase classname="org.test.CustomerContactInvoice" name="UpdatedInvociePaid" time="4.870"/>
  <system-out/>
  <testcase classname="org.test.CustomerContactInvoice" name="fullyPaidAmount" time="0.101"/>
  <system-out/>
  <testcase classname="org.test.CustomerContactInvoice" name="listInvoiceNo" time="2.244"/>
  <system-out/>
  <testcase classname="org.test.CustomerContactInvoice" name="listQuoteReference" time="4.674"/>
  <system-out/>
  <testcase classname="org.test.CustomerContactInvoice" name="filterDateInvoice" time="2.040"/>
  <system-out/>
  <testcase classname="org.test.CustomerContactInvoice" name="listInvalid" time="1.691"/>
  <system-out/>
</testsuite> <!-- org.test.CustomerContactInvoice -->
