<?xml version="1.0" encoding="UTF-8"?>
<!-- Generated by org.testng.reporters.JUnitReportReporter -->
<testsuite hostname="DESKTOP-5M7AM2E" failures="0" tests="96" name="org.test.CustomerCreateOrganizationModule" time="189.106" errors="0" timestamp="2023-03-03T08:33:43 IST" skipped="0">
  <testcase classname="org.test.CustomerCreateOrganizationModule" name="loginPage" time="43.538"/>
  <system-out/>
  <testcase classname="org.test.CustomerCreateOrganizationModule" name="modulePage" time="4.090"/>
  <system-out/>
  <testcase classname="org.test.CustomerCreateOrganizationModule" name="createLabel" time="1.078"/>
  <system-out/>
  <testcase classname="org.test.CustomerCreateOrganizationModule" name="maxValidation" time="3.710"/>
  <system-out/>
  <testcase classname="org.test.CustomerCreateOrganizationModule" name="maxValidationOrganizationField" time="0.670"/>
  <system-out/>
  <testcase classname="org.test.CustomerCreateOrganizationModule" name="maxValidationWebsiteField" time="3.609"/>
  <system-out/>
  <testcase classname="org.test.CustomerCreateOrganizationModule" name="maxValidationAddress1Field" time="0.601"/>
  <system-out/>
  <testcase classname="org.test.CustomerCreateOrganizationModule" name="maxValidationAddress2Field" time="0.594"/>
  <system-out/>
  <testcase classname="org.test.CustomerCreateOrganizationModule" name="maxValidationCityField" time="0.653"/>
  <system-out/>
  <testcase classname="org.test.CustomerCreateOrganizationModule" name="maxValidationStateField" time="0.620"/>
  <system-out/>
  <testcase classname="org.test.CustomerCreateOrganizationModule" name="minValidationZipcodeField" time="0.213"/>
  <system-out/>
  <testcase classname="org.test.CustomerCreateOrganizationModule" name="maxValidationZipcodeField" time="0.184"/>
  <system-out/>
  <testcase classname="org.test.CustomerCreateOrganizationModule" name="specialCharacterZipcodeField" time="0.176"/>
  <system-out/>
  <testcase classname="org.test.CustomerCreateOrganizationModule" name="emailValidation" time="0.221"/>
  <system-out/>
  <testcase classname="org.test.CustomerCreateOrganizationModule" name="maxValidationEmailField" time="0.576"/>
  <system-out/>
  <testcase classname="org.test.CustomerCreateOrganizationModule" name="invalidPhoneNumberField" time="0.223"/>
  <system-out/>
  <testcase classname="org.test.CustomerCreateOrganizationModule" name="minValidationPhoneNumberField" time="0.165"/>
  <system-out/>
  <testcase classname="org.test.CustomerCreateOrganizationModule" name="maxValidationPhoneNumberField" time="0.370"/>
  <system-out/>
  <testcase classname="org.test.CustomerCreateOrganizationModule" name="maxValidationContactFirstNameField" time="0.655"/>
  <system-out/>
  <testcase classname="org.test.CustomerCreateOrganizationModule" name="maxValidationContactLastNameField" time="0.637"/>
  <system-out/>
  <testcase classname="org.test.CustomerCreateOrganizationModule" name="maxValidationContactEmailField" time="0.638"/>
  <system-out/>
  <testcase classname="org.test.CustomerCreateOrganizationModule" name="validateContactEmailField" time="0.180"/>
  <system-out/>
  <testcase classname="org.test.CustomerCreateOrganizationModule" name="minValidationContactPhoneNumberField" time="0.205"/>
  <system-out/>
  <testcase classname="org.test.CustomerCreateOrganizationModule" name="maxValidationContactPhoneNumberField" time="0.212"/>
  <system-out/>
  <testcase classname="org.test.CustomerCreateOrganizationModule" name="invalidContactPhoneNumberField" time="0.191"/>
  <system-out/>
  <testcase classname="org.test.CustomerCreateOrganizationModule" name="maxValidationJobTittleField" time="0.829"/>
  <system-out/>
  <testcase classname="org.test.CustomerCreateOrganizationModule" name="maxValidationPropertyNameField" time="0.626"/>
  <system-out/>
  <testcase classname="org.test.CustomerCreateOrganizationModule" name="maxValidationPropertyFirstNameField" time="0.665"/>
  <system-out/>
  <testcase classname="org.test.CustomerCreateOrganizationModule" name="maxValidationPropertyLastNameField" time="0.641"/>
  <system-out/>
  <testcase classname="org.test.CustomerCreateOrganizationModule" name="maxValidationPropertyAddress1Field" time="0.667"/>
  <system-out/>
  <testcase classname="org.test.CustomerCreateOrganizationModule" name="maxValidationPropertyAddress2Field" time="0.651"/>
  <system-out/>
  <testcase classname="org.test.CustomerCreateOrganizationModule" name="maxValidationPropertyStateField" time="0.653"/>
  <system-out/>
  <testcase classname="org.test.CustomerCreateOrganizationModule" name="maxValidationPropertyCityField" time="0.665"/>
  <system-out/>
  <testcase classname="org.test.CustomerCreateOrganizationModule" name="specialCharacterPropertyZipcodeField" time="0.216"/>
  <system-out/>
  <testcase classname="org.test.CustomerCreateOrganizationModule" name="minValidationPropertyZipCodeField" time="0.172"/>
  <system-out/>
  <testcase classname="org.test.CustomerCreateOrganizationModule" name="maxValidationPropertyZipCodeField" time="0.365"/>
  <system-out/>
  <testcase classname="org.test.CustomerCreateOrganizationModule" name="maxValidationProductNameField" time="0.633"/>
  <system-out/>
  <testcase classname="org.test.CustomerCreateOrganizationModule" name="maxValidationBrandNameField" time="0.660"/>
  <system-out/>
  <testcase classname="org.test.CustomerCreateOrganizationModule" name="maxValidationModelNumberField" time="0.653"/>
  <system-out/>
  <testcase classname="org.test.CustomerCreateOrganizationModule" name="maxValidationSerialNumberField" time="0.640"/>
  <system-out/>
  <testcase classname="org.test.CustomerCreateOrganizationModule" name="dateValidation" time="1.947"/>
  <system-out/>
  <testcase classname="org.test.CustomerCreateOrganizationModule" name="maxValidationAccessHoursField" time="0.647"/>
  <system-out/>
  <testcase classname="org.test.CustomerCreateOrganizationModule" name="maxValidationInstallationNotesField" time="4.143"/>
  <system-out/>
  <testcase classname="org.test.CustomerCreateOrganizationModule" name="createOrganization" time="20.877"/>
  <system-out/>
  <testcase classname="org.test.CustomerCreateOrganizationModule" name="customerOrganizationCount" time="0.095"/>
  <system-out/>
  <testcase classname="org.test.CustomerCreateOrganizationModule" name="organizationNameAlreadyExistValidation" time="2.816"/>
  <system-out/>
  <testcase classname="org.test.CustomerCreateOrganizationModule" name="alreadyExistedEmail" time="3.879"/>
  <system-out/>
  <testcase classname="org.test.CustomerCreateOrganizationModule" name="characterListValidation" time="1.297"/>
  <system-out/>
  <testcase classname="org.test.CustomerCreateOrganizationModule" name="searchOrganizationNameListValidation" time="1.264"/>
  <system-out/>
  <testcase classname="org.test.CustomerCreateOrganizationModule" name="searchPhoneNumberListValidation" time="1.283"/>
  <system-out/>
  <testcase classname="org.test.CustomerCreateOrganizationModule" name="searchEmailListValidation" time="1.246"/>
  <system-out/>
  <testcase classname="org.test.CustomerCreateOrganizationModule" name="filterListValidation" time="1.875"/>
  <system-out/>
  <testcase classname="org.test.CustomerCreateOrganizationModule" name="searchInvalid" time="1.318"/>
  <system-out/>
  <testcase classname="org.test.CustomerCreateOrganizationModule" name="editLabel" time="4.164"/>
  <system-out/>
  <testcase classname="org.test.CustomerCreateOrganizationModule" name="editmaxValidation" time="0.050"/>
  <system-out/>
  <testcase classname="org.test.CustomerCreateOrganizationModule" name="editmaxValidationOrganizationField" time="0.666"/>
  <system-out/>
  <testcase classname="org.test.CustomerCreateOrganizationModule" name="editmaxValidationWebsiteField" time="3.369"/>
  <system-out/>
  <testcase classname="org.test.CustomerCreateOrganizationModule" name="editmaxValidationAddress1Field" time="0.609"/>
  <system-out/>
  <testcase classname="org.test.CustomerCreateOrganizationModule" name="editmaxValidationAddress2Field" time="0.607"/>
  <system-out/>
  <testcase classname="org.test.CustomerCreateOrganizationModule" name="editmaxValidationCityField" time="0.597"/>
  <system-out/>
  <testcase classname="org.test.CustomerCreateOrganizationModule" name="editmaxValidationStateField" time="0.597"/>
  <system-out/>
  <testcase classname="org.test.CustomerCreateOrganizationModule" name="editminValidationZipcodeField" time="0.216"/>
  <system-out/>
  <testcase classname="org.test.CustomerCreateOrganizationModule" name="editmaxValidationZipcodeField" time="0.193"/>
  <system-out/>
  <testcase classname="org.test.CustomerCreateOrganizationModule" name="editspecialCharacterZipcodeField" time="0.186"/>
  <system-out/>
  <testcase classname="org.test.CustomerCreateOrganizationModule" name="editemailValidation" time="0.240"/>
  <system-out/>
  <testcase classname="org.test.CustomerCreateOrganizationModule" name="editmaxValidationEmailField" time="0.579"/>
  <system-out/>
  <testcase classname="org.test.CustomerCreateOrganizationModule" name="editinvalidPhoneNumberField" time="0.235"/>
  <system-out/>
  <testcase classname="org.test.CustomerCreateOrganizationModule" name="editminValidationPhoneNumberField" time="0.169"/>
  <system-out/>
  <testcase classname="org.test.CustomerCreateOrganizationModule" name="editmaxValidationPhoneNumberField" time="0.697"/>
  <system-out/>
  <testcase classname="org.test.CustomerCreateOrganizationModule" name="editmaxValidationContactFirstNameField" time="0.637"/>
  <system-out/>
  <testcase classname="org.test.CustomerCreateOrganizationModule" name="editmaxValidationContactLastNameField" time="0.640"/>
  <system-out/>
  <testcase classname="org.test.CustomerCreateOrganizationModule" name="editmaxValidationContactEmailField" time="0.638"/>
  <system-out/>
  <testcase classname="org.test.CustomerCreateOrganizationModule" name="editvalidateContactEmailField" time="0.183"/>
  <system-out/>
  <testcase classname="org.test.CustomerCreateOrganizationModule" name="editminValidationContactPhoneNumberField" time="0.199"/>
  <system-out/>
  <testcase classname="org.test.CustomerCreateOrganizationModule" name="editmaxValidationContactPhoneNumberField" time="0.229"/>
  <system-out/>
  <testcase classname="org.test.CustomerCreateOrganizationModule" name="editinvalidContactPhoneNumberField" time="0.188"/>
  <system-out/>
  <testcase classname="org.test.CustomerCreateOrganizationModule" name="editmaxValidationJobTittleField" time="1.287"/>
  <system-out/>
  <testcase classname="org.test.CustomerCreateOrganizationModule" name="editmaxValidationPropertyNameField" time="0.630"/>
  <system-out/>
  <testcase classname="org.test.CustomerCreateOrganizationModule" name="editmaxValidationPropertyFirstNameField" time="0.625"/>
  <system-out/>
  <testcase classname="org.test.CustomerCreateOrganizationModule" name="editmaxValidationPropertyLastNameField" time="0.649"/>
  <system-out/>
  <testcase classname="org.test.CustomerCreateOrganizationModule" name="editmaxValidationPropertyAddress1Field" time="0.630"/>
  <system-out/>
  <testcase classname="org.test.CustomerCreateOrganizationModule" name="editmaxValidationPropertyAddress2Field" time="0.609"/>
  <system-out/>
  <testcase classname="org.test.CustomerCreateOrganizationModule" name="editmaxValidationPropertyStateField" time="0.659"/>
  <system-out/>
  <testcase classname="org.test.CustomerCreateOrganizationModule" name="editmaxValidationPropertyCityField" time="0.653"/>
  <system-out/>
  <testcase classname="org.test.CustomerCreateOrganizationModule" name="editspecialCharacterPropertyZipcodeField" time="0.214"/>
  <system-out/>
  <testcase classname="org.test.CustomerCreateOrganizationModule" name="editminValidationPropertyZipCodeField" time="0.179"/>
  <system-out/>
  <testcase classname="org.test.CustomerCreateOrganizationModule" name="editmaxValidationPropertyZipCodeField" time="0.842"/>
  <system-out/>
  <testcase classname="org.test.CustomerCreateOrganizationModule" name="editmaxValidationProductNameField" time="0.611"/>
  <system-out/>
  <testcase classname="org.test.CustomerCreateOrganizationModule" name="editmaxValidationBrandNameField" time="0.624"/>
  <system-out/>
  <testcase classname="org.test.CustomerCreateOrganizationModule" name="editmaxValidationModelNumberField" time="0.707"/>
  <system-out/>
  <testcase classname="org.test.CustomerCreateOrganizationModule" name="editmaxValidationSerialNumberField" time="0.618"/>
  <system-out/>
  <testcase classname="org.test.CustomerCreateOrganizationModule" name="editdateValidation" time="2.436"/>
  <system-out/>
  <testcase classname="org.test.CustomerCreateOrganizationModule" name="editmaxValidationAccessHoursField" time="0.613"/>
  <system-out/>
  <testcase classname="org.test.CustomerCreateOrganizationModule" name="editmaxValidationInstallationNotesField" time="3.784"/>
  <system-out/>
  <testcase classname="org.test.CustomerCreateOrganizationModule" name="editOrganization" time="32.960"/>
  <system-out/>
  <testcase classname="org.test.CustomerCreateOrganizationModule" name="deleteContactList" time="8.456"/>
  <system-out/>
</testsuite> <!-- org.test.CustomerCreateOrganizationModule -->
