<?xml version="1.0" encoding="UTF-8"?>
<!-- Generated by org.testng.reporters.JUnitReportReporter -->
<testsuite hostname="DESKTOP-5M7AM2E" failures="0" tests="50" name="org.test.CustomerCreateOrganizationModule" time="153.683" errors="0" timestamp="2023-01-20T02:15:43 IST" skipped="0">
  <testcase classname="org.test.CustomerCreateOrganizationModule" name="loginPage" time="41.526"/>
  <system-out/>
  <testcase classname="org.test.CustomerCreateOrganizationModule" name="modulePage" time="9.935"/>
  <system-out/>
  <testcase classname="org.test.CustomerCreateOrganizationModule" name="mandatoryValidation" time="5.562"/>
  <system-out/>
  <testcase classname="org.test.CustomerCreateOrganizationModule" name="maxValidationOrganizationField" time="1.297"/>
  <system-out/>
  <testcase classname="org.test.CustomerCreateOrganizationModule" name="maxValidationWebsiteField" time="1.226"/>
  <system-out/>
  <testcase classname="org.test.CustomerCreateOrganizationModule" name="maxValidationAddress1Field" time="1.143"/>
  <system-out/>
  <testcase classname="org.test.CustomerCreateOrganizationModule" name="maxValidationAddress2Field" time="1.208"/>
  <system-out/>
  <testcase classname="org.test.CustomerCreateOrganizationModule" name="maxValidationCityField" time="1.151"/>
  <system-out/>
  <testcase classname="org.test.CustomerCreateOrganizationModule" name="maxValidationStateField" time="1.194"/>
  <system-out/>
  <testcase classname="org.test.CustomerCreateOrganizationModule" name="minValidationZipcodeField" time="0.275"/>
  <system-out/>
  <testcase classname="org.test.CustomerCreateOrganizationModule" name="maxValidationZipcodeField" time="0.256"/>
  <system-out/>
  <testcase classname="org.test.CustomerCreateOrganizationModule" name="emailValidation" time="0.306"/>
  <system-out/>
  <testcase classname="org.test.CustomerCreateOrganizationModule" name="maxValidationEmailField" time="1.097"/>
  <system-out/>
  <testcase classname="org.test.CustomerCreateOrganizationModule" name="minValidationPhoneNumberField" time="0.268"/>
  <system-out/>
  <testcase classname="org.test.CustomerCreateOrganizationModule" name="maxValidationPhoneNumberField" time="0.500"/>
  <system-out/>
  <testcase classname="org.test.CustomerCreateOrganizationModule" name="maxValidationContactFirstNameField" time="1.215"/>
  <system-out/>
  <testcase classname="org.test.CustomerCreateOrganizationModule" name="maxValidationContactLastNameField" time="1.127"/>
  <system-out/>
  <testcase classname="org.test.CustomerCreateOrganizationModule" name="maxValidationContactEmailField" time="1.103"/>
  <system-out/>
  <testcase classname="org.test.CustomerCreateOrganizationModule" name="validateContactEmailField" time="0.243"/>
  <system-out/>
  <testcase classname="org.test.CustomerCreateOrganizationModule" name="minValidationContactPhoneNumberField" time="0.288"/>
  <system-out/>
  <testcase classname="org.test.CustomerCreateOrganizationModule" name="maxValidationContactPhoneNumberField" time="0.267"/>
  <system-out/>
  <testcase classname="org.test.CustomerCreateOrganizationModule" name="maxValidationJobTittleField" time="1.199"/>
  <system-out/>
  <testcase classname="org.test.CustomerCreateOrganizationModule" name="maxValidationPropertyNameField" time="0.815"/>
  <system-out/>
  <testcase classname="org.test.CustomerCreateOrganizationModule" name="maxValidationPropertyFirstNameField" time="0.808"/>
  <system-out/>
  <testcase classname="org.test.CustomerCreateOrganizationModule" name="maxValidationPropertyLastNameField" time="0.746"/>
  <system-out/>
  <testcase classname="org.test.CustomerCreateOrganizationModule" name="maxValidationPropertyAddress1Field" time="0.746"/>
  <system-out/>
  <testcase classname="org.test.CustomerCreateOrganizationModule" name="maxValidationPropertyAddress2Field" time="0.769"/>
  <system-out/>
  <testcase classname="org.test.CustomerCreateOrganizationModule" name="maxValidationPropertyStateField" time="0.727"/>
  <system-out/>
  <testcase classname="org.test.CustomerCreateOrganizationModule" name="maxValidationPropertyCityField" time="0.966"/>
  <system-out/>
  <testcase classname="org.test.CustomerCreateOrganizationModule" name="minValidationPropertyZipCodeField" time="0.197"/>
  <system-out/>
  <testcase classname="org.test.CustomerCreateOrganizationModule" name="maxValidationPropertyZipCodeField" time="0.353"/>
  <system-out/>
  <testcase classname="org.test.CustomerCreateOrganizationModule" name="maxValidationProductNameField" time="0.938"/>
  <system-out/>
  <testcase classname="org.test.CustomerCreateOrganizationModule" name="maxValidationBrandNameField" time="1.167"/>
  <system-out/>
  <testcase classname="org.test.CustomerCreateOrganizationModule" name="maxValidationModelNumberField" time="1.113"/>
  <system-out/>
  <testcase classname="org.test.CustomerCreateOrganizationModule" name="maxValidationSerialNumberField" time="0.900"/>
  <system-out/>
  <testcase classname="org.test.CustomerCreateOrganizationModule" name="maxValidationAccessHoursField" time="0.771"/>
  <system-out/>
  <testcase classname="org.test.CustomerCreateOrganizationModule" name="maxValidationInstallationNotesField" time="5.288"/>
  <system-out/>
  <testcase classname="org.test.CustomerCreateOrganizationModule" name="createOrganization" time="22.748"/>
  <system-out/>
  <testcase classname="org.test.CustomerCreateOrganizationModule" name="customerOrganizationCount" time="1.289"/>
  <system-out/>
  <testcase classname="org.test.CustomerCreateOrganizationModule" name="organizationNameAlreadyExistValidation" time="2.499"/>
  <system-out/>
  <testcase classname="org.test.CustomerCreateOrganizationModule" name="alreadyExistedEmail" time="3.818"/>
  <system-out/>
  <testcase classname="org.test.CustomerCreateOrganizationModule" name="createOrganizationListFirstName" time="1.668"/>
  <system-out/>
  <testcase classname="org.test.CustomerCreateOrganizationModule" name="characterListValidation" time="1.692"/>
  <system-out/>
  <testcase classname="org.test.CustomerCreateOrganizationModule" name="searchOrganizationNameListValidation" time="2.200"/>
  <system-out/>
  <testcase classname="org.test.CustomerCreateOrganizationModule" name="searchPhoneNumberListValidation" time="1.678"/>
  <system-out/>
  <testcase classname="org.test.CustomerCreateOrganizationModule" name="searchEmailListValidation" time="7.268"/>
  <system-out/>
  <testcase classname="org.test.CustomerCreateOrganizationModule" name="filterListValidation" time="2.373"/>
  <system-out/>
  <testcase classname="org.test.CustomerCreateOrganizationModule" name="searchInvalid" time="1.746"/>
  <system-out/>
  <testcase classname="org.test.CustomerCreateOrganizationModule" name="editContactList" time="12.635"/>
  <system-out/>
  <testcase classname="org.test.CustomerCreateOrganizationModule" name="deleteContactList" time="3.379"/>
  <system-out/>
</testsuite> <!-- org.test.CustomerCreateOrganizationModule -->
