<?xml version="1.0" encoding="UTF-8"?>
<!-- Generated by org.testng.reporters.JUnitReportReporter -->
<testsuite hostname="DESKTOP-5M7AM2E" failures="0" tests="8" name="org.enhancement.TaxModule" time="103.879" errors="0" timestamp="2023-06-04T11:22:12 IST" skipped="0">
  <testcase classname="org.enhancement.TaxModule" name="loginPage" time="51.988"/>
  <system-out/>
  <testcase classname="org.enhancement.TaxModule" name="settingModule" time="1.672"/>
  <system-out/>
  <testcase classname="org.enhancement.TaxModule" name="createFormLabel" time="1.297"/>
  <system-out/>
  <testcase classname="org.enhancement.TaxModule" name="createTax" time="7.938"/>
  <system-out/>
  <testcase classname="org.enhancement.TaxModule" name="createTax" time="16.192"/>
  <system-out/>
  <testcase classname="org.enhancement.TaxModule" name="createTax" time="8.406"/>
  <system-out/>
  <testcase classname="org.enhancement.TaxModule" name="createTax" time="7.855"/>
  <system-out/>
  <testcase classname="org.enhancement.TaxModule" name="createTax" time="8.531"/>
  <system-out/>
</testsuite> <!-- org.enhancement.TaxModule -->
