<?xml version="1.0" encoding="UTF-8"?>
<!-- Generated by org.testng.reporters.JUnitReportReporter -->
<testsuite hostname="DESKTOP-5M7AM2E" failures="0" tests="4" name="org.enhancement.GlobalContactJob" time="94.873" errors="0" timestamp="2023-04-23T17:01:22 IST" skipped="0">
  <testcase classname="org.enhancement.GlobalContactJob" name="loginPage" time="47.705"/>
  <system-out/>
  <testcase classname="org.enhancement.GlobalContactJob" name="jobModule" time="3.026"/>
  <system-out/>
  <testcase classname="org.enhancement.GlobalContactJob" name="labelValidation" time="1.651"/>
  <system-out/>
  <testcase classname="org.enhancement.GlobalContactJob" name="createJob_FromDateandTime_ToDateandTime" time="42.491"/>
  <system-out/>
</testsuite> <!-- org.enhancement.GlobalContactJob -->
