<?xml version="1.0" encoding="UTF-8"?>
<!-- Generated by org.testng.reporters.JUnitReportReporter -->
<testsuite hostname="DESKTOP-5M7AM2E" failures="0" tests="19" name="org.test.DispatchModule" time="318.940" errors="0" timestamp="2023-05-14T13:43:06 IST" skipped="0">
  <testcase classname="org.test.DispatchModule" name="loginPage" time="19.724"/>
  <system-out/>
  <testcase classname="org.test.DispatchModule" name="userCreate" time="55.286"/>
  <system-out/>
  <testcase classname="org.test.DispatchModule" name="requestModule" time="3.429"/>
  <system-out/>
  <testcase classname="org.test.DispatchModule" name="labelValidation" time="1.212"/>
  <system-out/>
  <testcase classname="org.test.DispatchModule" name="autoCompleteContactCreationRequest" time="63.190"/>
  <system-out/>
  <testcase classname="org.test.DispatchModule" name="unsssignedRequest" time="13.938"/>
  <system-out/>
  <testcase classname="org.test.DispatchModule" name="dispatchModule" time="5.585"/>
  <system-out/>
  <testcase classname="org.test.DispatchModule" name="assignRequest" time="10.637"/>
  <system-out/>
  <testcase classname="org.test.DispatchModule" name="unassignRequest" time="8.534"/>
  <system-out/>
  <testcase classname="org.test.DispatchModule" name="dispatchRequest" time="19.514"/>
  <system-out/>
  <testcase classname="org.test.DispatchModule" name="cancelRequest" time="11.868"/>
  <system-out/>
  <testcase classname="org.test.DispatchModule" name="jobModule" time="2.575"/>
  <system-out/>
  <testcase classname="org.test.DispatchModule" name="labelJobValidation" time="1.610"/>
  <system-out/>
  <testcase classname="org.test.DispatchModule" name="autoCompleteContactCreationJob" time="12.535"/>
  <system-out/>
  <testcase classname="org.test.DispatchModule" name="unsssignedJob" time="16.284"/>
  <system-out/>
  <testcase classname="org.test.DispatchModule" name="assignJob" time="16.897"/>
  <system-out/>
  <testcase classname="org.test.DispatchModule" name="unassignJob" time="24.942"/>
  <system-out/>
  <testcase classname="org.test.DispatchModule" name="dispatchJob" time="19.604"/>
  <system-out/>
  <testcase classname="org.test.DispatchModule" name="cancelJob" time="11.576"/>
  <system-out/>
</testsuite> <!-- org.test.DispatchModule -->
