<?xml version="1.0" encoding="UTF-8"?>
<!-- Generated by org.testng.reporters.JUnitReportReporter -->
<testsuite hostname="DESKTOP-5M7AM2E" failures="0" tests="70" name="org.test.CustomerContactQuote" time="224.251" errors="0" timestamp="2023-04-15T19:23:14 IST" skipped="0">
  <testcase classname="org.test.CustomerContactQuote" name="loginPage" time="21.482"/>
  <system-out/>
  <testcase classname="org.test.CustomerContactQuote" name="contactModule" time="9.241"/>
  <system-out/>
  <testcase classname="org.test.CustomerContactQuote" name="CreateContact" time="17.751"/>
  <system-out/>
  <testcase classname="org.test.CustomerContactQuote" name="listabelValidation" time="9.039"/>
  <system-out/>
  <testcase classname="org.test.CustomerContactQuote" name="labelValidation" time="1.366"/>
  <system-out/>
  <testcase classname="org.test.CustomerContactQuote" name="namePrepopulation" time="3.748"/>
  <system-out/>
  <testcase classname="org.test.CustomerContactQuote" name="mandatoryValidationExpiryDate" time="0.389"/>
  <system-out/>
  <testcase classname="org.test.CustomerContactQuote" name="mandatoryValidationInventoryItem" time="0.073"/>
  <system-out/>
  <testcase classname="org.test.CustomerContactQuote" name="mandatoryValidationQunatity" time="0.071"/>
  <system-out/>
  <testcase classname="org.test.CustomerContactQuote" name="mandatoryValidationPrice" time="0.063"/>
  <system-out/>
  <testcase classname="org.test.CustomerContactQuote" name="mandatoryValidationDescription" time="0.063"/>
  <system-out/>
  <testcase classname="org.test.CustomerContactQuote" name="maximumValidationReference" time="0.680"/>
  <system-out/>
  <testcase classname="org.test.CustomerContactQuote" name="maximumValidationQuoteTittle" time="0.672"/>
  <system-out/>
  <testcase classname="org.test.CustomerContactQuote" name="maximumValidationInventoryItem" time="0.957"/>
  <system-out/>
  <testcase classname="org.test.CustomerContactQuote" name="emptyValidationQuantityField" time="0.212"/>
  <system-out/>
  <testcase classname="org.test.CustomerContactQuote" name="maxQuanitityLimit" time="0.252"/>
  <system-out/>
  <testcase classname="org.test.CustomerContactQuote" name="afterDecimalPointValidationQuantityField" time="0.192"/>
  <system-out/>
  <testcase classname="org.test.CustomerContactQuote" name="beforeDecimalPointValidationQuantityField" time="0.281"/>
  <system-out/>
  <testcase classname="org.test.CustomerContactQuote" name="emptyValidationPriceField" time="0.216"/>
  <system-out/>
  <testcase classname="org.test.CustomerContactQuote" name="maxPriceLimit" time="0.190"/>
  <system-out/>
  <testcase classname="org.test.CustomerContactQuote" name="beforeDecimalPointPriceField" time="0.210"/>
  <system-out/>
  <testcase classname="org.test.CustomerContactQuote" name="afterDecimalPointPriceField" time="0.225"/>
  <system-out/>
  <testcase classname="org.test.CustomerContactQuote" name="afterDecimalPointDiscountField" time="0.207"/>
  <system-out/>
  <testcase classname="org.test.CustomerContactQuote" name="beforeDecimalPointDiscountField" time="0.173"/>
  <system-out/>
  <testcase classname="org.test.CustomerContactQuote" name="maxLimitDiscountField" time="0.161"/>
  <system-out/>
  <testcase classname="org.test.CustomerContactQuote" name="afterDecimalPointTaxField" time="0.220"/>
  <system-out/>
  <testcase classname="org.test.CustomerContactQuote" name="beforeDecimalPointTaxField" time="0.178"/>
  <system-out/>
  <testcase classname="org.test.CustomerContactQuote" name="maxLimitTaxField" time="0.228"/>
  <system-out/>
  <testcase classname="org.test.CustomerContactQuote" name="maximumValidationDescription" time="1.737"/>
  <system-out/>
  <testcase classname="org.test.CustomerContactQuote" name="maximumValidationNotes" time="3.725"/>
  <system-out/>
  <testcase classname="org.test.CustomerContactQuote" name="expiryFieldPastDateValidation" time="8.299"/>
  <system-out/>
  <testcase classname="org.test.CustomerContactQuote" name="validateCalculation" time="0.689"/>
  <system-out/>
  <testcase classname="org.test.CustomerContactQuote" name="createQuote" time="13.973"/>
  <system-out/>
  <testcase classname="org.test.CustomerContactQuote" name="quoteCreatedCount" time="0.110"/>
  <system-out/>
  <testcase classname="org.test.CustomerContactQuote" name="quoteEdit" time="15.665"/>
  <system-out/>
  <testcase classname="org.test.CustomerContactQuote" name="editmandatoryValidationExpiryDate" time="0.328"/>
  <system-out/>
  <testcase classname="org.test.CustomerContactQuote" name="editmandatoryValidationQunatity" time="0.065"/>
  <system-out/>
  <testcase classname="org.test.CustomerContactQuote" name="editmandatoryValidationPrice" time="0.067"/>
  <system-out/>
  <testcase classname="org.test.CustomerContactQuote" name="editmandatoryValidationDescription" time="0.069"/>
  <system-out/>
  <testcase classname="org.test.CustomerContactQuote" name="editmaximumValidationReference" time="0.658"/>
  <system-out/>
  <testcase classname="org.test.CustomerContactQuote" name="editmaximumValidationQuoteTittle" time="0.609"/>
  <system-out/>
  <testcase classname="org.test.CustomerContactQuote" name="editmaximumValidationInventoryItem" time="0.922"/>
  <system-out/>
  <testcase classname="org.test.CustomerContactQuote" name="editemptyValidationQuantityField" time="0.215"/>
  <system-out/>
  <testcase classname="org.test.CustomerContactQuote" name="editmaxQuanitityLimit" time="0.248"/>
  <system-out/>
  <testcase classname="org.test.CustomerContactQuote" name="editafterDecimalPointValidationQuantityField" time="0.192"/>
  <system-out/>
  <testcase classname="org.test.CustomerContactQuote" name="editbeforeDecimalPointValidationQuantityField" time="0.287"/>
  <system-out/>
  <testcase classname="org.test.CustomerContactQuote" name="editemptyValidationPriceField" time="0.218"/>
  <system-out/>
  <testcase classname="org.test.CustomerContactQuote" name="editmaxPriceLimit" time="0.194"/>
  <system-out/>
  <testcase classname="org.test.CustomerContactQuote" name="editbeforeDecimalPointPriceField" time="0.229"/>
  <system-out/>
  <testcase classname="org.test.CustomerContactQuote" name="editafterDecimalPointPriceField" time="0.235"/>
  <system-out/>
  <testcase classname="org.test.CustomerContactQuote" name="editafterDecimalPointDiscountField" time="0.202"/>
  <system-out/>
  <testcase classname="org.test.CustomerContactQuote" name="editbeforeDecimalPointDiscountField" time="0.178"/>
  <system-out/>
  <testcase classname="org.test.CustomerContactQuote" name="editmaxLimitDiscountField" time="0.164"/>
  <system-out/>
  <testcase classname="org.test.CustomerContactQuote" name="editafterDecimalPointTaxField" time="0.199"/>
  <system-out/>
  <testcase classname="org.test.CustomerContactQuote" name="editbeforeDecimalPointTaxField" time="0.183"/>
  <system-out/>
  <testcase classname="org.test.CustomerContactQuote" name="editmaxLimitTaxField" time="0.230"/>
  <system-out/>
  <testcase classname="org.test.CustomerContactQuote" name="editmaximumValidationDescription" time="1.701"/>
  <system-out/>
  <testcase classname="org.test.CustomerContactQuote" name="editmaximumValidationNotes" time="3.447"/>
  <system-out/>
  <testcase classname="org.test.CustomerContactQuote" name="editexpiryFieldPastDateValidation" time="8.829"/>
  <system-out/>
  <testcase classname="org.test.CustomerContactQuote" name="editvalidateCalculation" time="0.642"/>
  <system-out/>
  <testcase classname="org.test.CustomerContactQuote" name="updateQuote" time="11.328"/>
  <system-out/>
  <testcase classname="org.test.CustomerContactQuote" name="createdQuoteStatus" time="0.078"/>
  <system-out/>
  <testcase classname="org.test.CustomerContactQuote" name="draftQuote" time="11.862"/>
  <system-out/>
  <testcase classname="org.test.CustomerContactQuote" name="convertQuote" time="31.631"/>
  <system-out/>
  <testcase classname="org.test.CustomerContactQuote" name="declinedStatus" time="23.845"/>
  <system-out/>
  <testcase classname="org.test.CustomerContactQuote" name="listQuoteNo" time="2.493"/>
  <system-out/>
  <testcase classname="org.test.CustomerContactQuote" name="listQuoteTittle" time="2.431"/>
  <system-out/>
  <testcase classname="org.test.CustomerContactQuote" name="listQuoteReference" time="2.409"/>
  <system-out/>
  <testcase classname="org.test.CustomerContactQuote" name="filterDateInvoice" time="2.632"/>
  <system-out/>
  <testcase classname="org.test.CustomerContactQuote" name="listInvalid" time="2.493"/>
  <system-out/>
</testsuite> <!-- org.test.CustomerContactQuote -->
