<?xml version="1.0" encoding="UTF-8"?>
<!-- Generated by org.testng.reporters.JUnitReportReporter -->
<testsuite hostname="DESKTOP-5M7AM2E" failures="0" tests="10" name="org.enhancement.CustomerOrganizationRequest" time="230.925" errors="0" timestamp="2023-06-04T11:22:12 IST" skipped="0">
  <testcase classname="org.enhancement.CustomerOrganizationRequest" name="loginPage" time="21.592"/>
  <system-out/>
  <testcase classname="org.enhancement.CustomerOrganizationRequest" name="organizationModule" time="7.624"/>
  <system-out/>
  <testcase classname="org.enhancement.CustomerOrganizationRequest" name="listabelValidation" time="8.994"/>
  <system-out/>
  <testcase classname="org.enhancement.CustomerOrganizationRequest" name="createOrganization" time="23.587"/>
  <system-out/>
  <testcase classname="org.enhancement.CustomerOrganizationRequest" name="labelValidation" time="1.016"/>
  <system-out/>
  <testcase classname="org.enhancement.CustomerOrganizationRequest" name="createRequest_FromDateandTime_ToDateandTime" time="29.543"/>
  <system-out/>
  <testcase classname="org.enhancement.CustomerOrganizationRequest" name="createRequest_FromDateandTime_ToDateandTime" time="30.356"/>
  <system-out/>
  <testcase classname="org.enhancement.CustomerOrganizationRequest" name="createRequest_FromDateandTime_ToDateandTime" time="37.449"/>
  <system-out/>
  <testcase classname="org.enhancement.CustomerOrganizationRequest" name="createRequest_FromDateandTime_ToDateandTime" time="39.723"/>
  <system-out/>
  <testcase classname="org.enhancement.CustomerOrganizationRequest" name="createRequest_FromDateandTime_ToDateandTime" time="31.041"/>
  <system-out/>
</testsuite> <!-- org.enhancement.CustomerOrganizationRequest -->
