<?xml version="1.0" encoding="UTF-8"?>
<!-- Generated by org.testng.reporters.JUnitReportReporter -->
<testsuite hostname="DESKTOP-5M7AM2E" failures="0" tests="7" name="org.test.Login" time="47.936" errors="0" timestamp="2023-04-15T19:23:14 IST" skipped="0">
  <testcase classname="org.test.Login" name="verifyEmptyEmail" time="3.296"/>
  <system-out/>
  <testcase classname="org.test.Login" name="verifyEmptyPassword" time="4.050"/>
  <system-out/>
  <testcase classname="org.test.Login" name="verifyIncorrectMail" time="1.955"/>
  <system-out/>
  <testcase classname="org.test.Login" name="verifyIncorrectPassword" time="4.047"/>
  <system-out/>
  <testcase classname="org.test.Login" name="verifyInvalidEmail" time="1.912"/>
  <system-out/>
  <testcase classname="org.test.Login" name="verifyInvalidCredentials" time="2.438"/>
  <system-out/>
  <testcase classname="org.test.Login" name="verify" time="30.238"/>
  <system-out/>
</testsuite> <!-- org.test.Login -->
