<?xml version="1.0" encoding="UTF-8"?>
<!-- Generated by org.testng.reporters.JUnitReportReporter -->
<testsuite hostname="DESKTOP-5M7AM2E" failures="0" tests="45" name="org.test.GlobalOrganizationJob" time="325.841" errors="0" timestamp="2023-05-05T14:24:28 IST" skipped="0">
  <testcase classname="org.test.GlobalOrganizationJob" name="loginPage" time="27.363"/>
  <system-out/>
  <testcase classname="org.test.GlobalOrganizationJob" name="jobModule" time="1.228"/>
  <system-out/>
  <testcase classname="org.test.GlobalOrganizationJob" name="labelValidation" time="1.528"/>
  <system-out/>
  <testcase classname="org.test.GlobalOrganizationJob" name="organizationMandatoryValidation" time="1.766"/>
  <system-out/>
  <testcase classname="org.test.GlobalOrganizationJob" name="autoCompleteOrganizationCreation" time="13.058"/>
  <system-out/>
  <testcase classname="org.test.GlobalOrganizationJob" name="autoCompleteOrganizationContactCreation" time="10.016"/>
  <system-out/>
  <testcase classname="org.test.GlobalOrganizationJob" name="mandatoryValidationLocation" time="0.055"/>
  <system-out/>
  <testcase classname="org.test.GlobalOrganizationJob" name="maximumValidationLocation" time="9.039"/>
  <system-out/>
  <testcase classname="org.test.GlobalOrganizationJob" name="maximumValidationTittle" time="4.998"/>
  <system-out/>
  <testcase classname="org.test.GlobalOrganizationJob" name="mandatoryValidationDescription" time="0.060"/>
  <system-out/>
  <testcase classname="org.test.GlobalOrganizationJob" name="maximumValidationDescription" time="4.994"/>
  <system-out/>
  <testcase classname="org.test.GlobalOrganizationJob" name="maximumTagValidation" time="0.875"/>
  <system-out/>
  <testcase classname="org.test.GlobalOrganizationJob" name="duplicateTagsValidation" time="0.421"/>
  <system-out/>
  <testcase classname="org.test.GlobalOrganizationJob" name="maxTagLimitValidation" time="15.272"/>
  <system-out/>
  <testcase classname="org.test.GlobalOrganizationJob" name="maximumValidationNotes" time="4.904"/>
  <system-out/>
  <testcase classname="org.test.GlobalOrganizationJob" name="createButton" time="0.120"/>
  <system-out/>
  <testcase classname="org.test.GlobalOrganizationJob" name="unsssignedJob" time="12.855"/>
  <system-out/>
  <testcase classname="org.test.GlobalOrganizationJob" name="jobUnassignedStatus" time="0.102"/>
  <system-out/>
  <testcase classname="org.test.GlobalOrganizationJob" name="labelEditValidation" time="5.475"/>
  <system-out/>
  <testcase classname="org.test.GlobalOrganizationJob" name="editsmandatoryValidationLocation" time="0.262"/>
  <system-out/>
  <testcase classname="org.test.GlobalOrganizationJob" name="editmaximumValidationLocation" time="4.749"/>
  <system-out/>
  <testcase classname="org.test.GlobalOrganizationJob" name="editmaximumValidationTittle" time="0.109"/>
  <system-out/>
  <testcase classname="org.test.GlobalOrganizationJob" name="editmandatoryValidationDescription" time="0.066"/>
  <system-out/>
  <testcase classname="org.test.GlobalOrganizationJob" name="editmaximumValidationDescription" time="4.603"/>
  <system-out/>
  <testcase classname="org.test.GlobalOrganizationJob" name="editmaximumTagValidation" time="0.776"/>
  <system-out/>
  <testcase classname="org.test.GlobalOrganizationJob" name="editduplicateTagsValidation" time="0.412"/>
  <system-out/>
  <testcase classname="org.test.GlobalOrganizationJob" name="editmaxTagLimitValidation" time="14.431"/>
  <system-out/>
  <testcase classname="org.test.GlobalOrganizationJob" name="editmaximumValidationNotes" time="4.943"/>
  <system-out/>
  <testcase classname="org.test.GlobalOrganizationJob" name="updateButton" time="0.075"/>
  <system-out/>
  <testcase classname="org.test.GlobalOrganizationJob" name="editJobwithFromDateFromTime" time="10.662"/>
  <system-out/>
  <testcase classname="org.test.GlobalOrganizationJob" name="createJob_FromDateandTime_ToDateandTime" time="28.823"/>
  <system-out/>
  <testcase classname="org.test.GlobalOrganizationJob" name="jobScheduleStatus" time="0.102"/>
  <system-out/>
  <testcase classname="org.test.GlobalOrganizationJob" name="dispatchedJob" time="9.523"/>
  <system-out/>
  <testcase classname="org.test.GlobalOrganizationJob" name="jobDispatchedStatus" time="20.260"/>
  <system-out/>
  <testcase classname="org.test.GlobalOrganizationJob" name="startedJob" time="10.579"/>
  <system-out/>
  <testcase classname="org.test.GlobalOrganizationJob" name="jobStartedStatus" time="20.261"/>
  <system-out/>
  <testcase classname="org.test.GlobalOrganizationJob" name="completedJob" time="11.585"/>
  <system-out/>
  <testcase classname="org.test.GlobalOrganizationJob" name="jobCompleteStatus" time="20.245"/>
  <system-out/>
  <testcase classname="org.test.GlobalOrganizationJob" name="cancelledJob" time="10.591"/>
  <system-out/>
  <testcase classname="org.test.GlobalOrganizationJob" name="jobCancelledStatus" time="24.321"/>
  <system-out/>
  <testcase classname="org.test.GlobalOrganizationJob" name="searchCustomerName" time="2.276"/>
  <system-out/>
  <testcase classname="org.test.GlobalOrganizationJob" name="searchJobNo" time="5.465"/>
  <system-out/>
  <testcase classname="org.test.GlobalOrganizationJob" name="searchLocation" time="0.182"/>
  <system-out/>
  <testcase classname="org.test.GlobalOrganizationJob" name="searchFilterByDate" time="5.140"/>
  <system-out/>
  <testcase classname="org.test.GlobalOrganizationJob" name="searchInvalid" time="1.271"/>
  <system-out/>
</testsuite> <!-- org.test.GlobalOrganizationJob -->
