<?xml version="1.0" encoding="UTF-8"?>
<!-- Generated by org.testng.reporters.JUnitReportReporter -->
<<<<<<< HEAD
<testsuite hostname="DESKTOP-5M7AM2E" failures="0" tests="4" name="org.enhancement.GlobalContactJob" time="99.947" errors="0" timestamp="2023-05-22T20:03:10 IST" skipped="0">
  <testcase classname="org.enhancement.GlobalContactJob" name="loginPage" time="65.668"/>
  <system-out/>
  <testcase classname="org.enhancement.GlobalContactJob" name="jobModule" time="1.744"/>
  <system-out/>
  <testcase classname="org.enhancement.GlobalContactJob" name="labelValidation" time="6.941"/>
  <system-out/>
  <testcase classname="org.enhancement.GlobalContactJob" name="createJob_FromDateandTime_ToDateandTime" time="25.594"/>
=======
<testsuite hostname="DESKTOP-5M7AM2E" failures="0" tests="4" name="org.enhancement.GlobalContactJob" time="75.593" errors="0" timestamp="2023-05-25T15:41:19 IST" skipped="0">
  <testcase classname="org.enhancement.GlobalContactJob" name="loginPage" time="41.906"/>
  <system-out/>
  <testcase classname="org.enhancement.GlobalContactJob" name="jobModule" time="2.234"/>
  <system-out/>
  <testcase classname="org.enhancement.GlobalContactJob" name="labelValidation" time="3.257"/>
  <system-out/>
  <testcase classname="org.enhancement.GlobalContactJob" name="createJob_FromDateandTime_ToDateandTime" time="28.196"/>
>>>>>>> c5699b793ecef34ca60eb49f33139d209ba1ec97
  <system-out/>
</testsuite> <!-- org.enhancement.GlobalContactJob -->
