<?xml version="1.0" encoding="UTF-8"?>
<!-- Generated by org.testng.reporters.JUnitReportReporter -->
<<<<<<< HEAD
<<<<<<< HEAD
<testsuite hostname="DESKTOP-5M7AM2E" failures="0" tests="3" name="org.enhancement.Onboarding" time="139.918" errors="0" timestamp="2023-05-22T20:03:10 IST" skipped="0">
  <testcase classname="org.enhancement.Onboarding" name="createTenant" time="139.660"/>
  <system-out/>
  <testcase classname="org.enhancement.Onboarding" name="subDomineURL" time="0.107"/>
  <system-out/>
  <testcase classname="org.enhancement.Onboarding" name="ownerName" time="0.151"/>
=======
<testsuite hostname="DESKTOP-5M7AM2E" failures="0" tests="3" name="org.enhancement.Onboarding" time="41.963" errors="0" timestamp="2023-05-25T11:49:57 IST" skipped="0">
  <testcase classname="org.enhancement.Onboarding" name="createTenant" time="41.442"/>
=======
<testsuite hostname="DESKTOP-5M7AM2E" failures="0" tests="3" name="org.enhancement.Onboarding" time="47.688" errors="0" timestamp="2023-06-04T11:22:12 IST" skipped="0">
  <testcase classname="org.enhancement.Onboarding" name="createTenant" time="46.266"/>
>>>>>>> 8f032e9abfd9edfc56ded76230782504aeca4741
  <system-out/>
  <testcase classname="org.enhancement.Onboarding" name="subDomineURL" time="0.635"/>
  <system-out/>
<<<<<<< HEAD
  <testcase classname="org.enhancement.Onboarding" name="ownerName" time="0.125"/>
>>>>>>> c5699b793ecef34ca60eb49f33139d209ba1ec97
=======
  <testcase classname="org.enhancement.Onboarding" name="ownerName" time="0.787"/>
>>>>>>> 8f032e9abfd9edfc56ded76230782504aeca4741
  <system-out/>
</testsuite> <!-- org.enhancement.Onboarding -->
