<?xml version="1.0" encoding="UTF-8"?>
<!-- Generated by org.testng.reporters.JUnitReportReporter -->
<testsuite hostname="DESKTOP-5M7AM2E" failures="0" tests="45" name="org.test.GlobalContactJob" time="267.160" errors="0" timestamp="2023-06-02T15:22:10 IST" skipped="0">
  <testcase classname="org.test.GlobalContactJob" name="loginPage" time="33.950"/>
  <system-out/>
  <testcase classname="org.test.GlobalContactJob" name="jobModule" time="1.081"/>
  <system-out/>
  <testcase classname="org.test.GlobalContactJob" name="labelValidation" time="3.136"/>
  <system-out/>
  <testcase classname="org.test.GlobalContactJob" name="contactMandatoryValidation" time="1.677"/>
  <system-out/>
  <testcase classname="org.test.GlobalContactJob" name="autoCompleteContactCreation" time="10.908"/>
  <system-out/>
  <testcase classname="org.test.GlobalContactJob" name="contactNumberDisplayed" time="0.118"/>
  <system-out/>
  <testcase classname="org.test.GlobalContactJob" name="maximumValidationLocation" time="7.481"/>
  <system-out/>
  <testcase classname="org.test.GlobalContactJob" name="mandatoryValidationLocation" time="0.080"/>
  <system-out/>
  <testcase classname="org.test.GlobalContactJob" name="maximumValidationTittle" time="5.643"/>
  <system-out/>
  <testcase classname="org.test.GlobalContactJob" name="mandatoryValidationDescription" time="0.105"/>
  <system-out/>
  <testcase classname="org.test.GlobalContactJob" name="maximumValidationDescription" time="4.932"/>
  <system-out/>
  <testcase classname="org.test.GlobalContactJob" name="maximumTagValidation" time="0.909"/>
  <system-out/>
  <testcase classname="org.test.GlobalContactJob" name="duplicateTagsValidation" time="0.469"/>
  <system-out/>
  <testcase classname="org.test.GlobalContactJob" name="maxTagLimitValidation" time="17.557"/>
  <system-out/>
  <testcase classname="org.test.GlobalContactJob" name="maximumValidationNotes" time="5.761"/>
  <system-out/>
  <testcase classname="org.test.GlobalContactJob" name="createButton" time="0.105"/>
  <system-out/>
  <testcase classname="org.test.GlobalContactJob" name="unsssignedJob" time="13.896"/>
  <system-out/>
  <testcase classname="org.test.GlobalContactJob" name="jobUnassignedStatus" time="0.425"/>
  <system-out/>
  <testcase classname="org.test.GlobalContactJob" name="labelEditValidation" time="9.340"/>
  <system-out/>
  <testcase classname="org.test.GlobalContactJob" name="editmandatoryValidationLocation" time="0.457"/>
  <system-out/>
  <testcase classname="org.test.GlobalContactJob" name="editmaximumValidationLocation" time="6.367"/>
  <system-out/>
  <testcase classname="org.test.GlobalContactJob" name="editmaximumValidationTittle" time="5.104"/>
  <system-out/>
  <testcase classname="org.test.GlobalContactJob" name="editmandatoryValidationDescription" time="0.061"/>
  <system-out/>
  <testcase classname="org.test.GlobalContactJob" name="editmaximumValidationDescription" time="4.342"/>
  <system-out/>
  <testcase classname="org.test.GlobalContactJob" name="editmaximumTagValidation" time="0.764"/>
  <system-out/>
  <testcase classname="org.test.GlobalContactJob" name="editduplicateTagsValidation" time="0.446"/>
  <system-out/>
  <testcase classname="org.test.GlobalContactJob" name="editsmaxTagLimitValidation" time="18.140"/>
  <system-out/>
  <testcase classname="org.test.GlobalContactJob" name="editmaximumValidationNotes" time="6.213"/>
  <system-out/>
  <testcase classname="org.test.GlobalContactJob" name="updateButton" time="0.089"/>
  <system-out/>
  <testcase classname="org.test.GlobalContactJob" name="editJobwithFromDateFromTime" time="12.383"/>
  <system-out/>
  <testcase classname="org.test.GlobalContactJob" name="createJob_FromDateandTime_ToDateandTime" time="26.573"/>
  <system-out/>
  <testcase classname="org.test.GlobalContactJob" name="jobScheduleStatus" time="0.313"/>
  <system-out/>
  <testcase classname="org.test.GlobalContactJob" name="dispatchedJob" time="12.628"/>
  <system-out/>
  <testcase classname="org.test.GlobalContactJob" name="jobDispatchedStatus" time="0.448"/>
  <system-out/>
  <testcase classname="org.test.GlobalContactJob" name="startedJob" time="13.626"/>
  <system-out/>
  <testcase classname="org.test.GlobalContactJob" name="jobStartedStatus" time="0.273"/>
  <system-out/>
  <testcase classname="org.test.GlobalContactJob" name="completedJob" time="13.224"/>
  <system-out/>
  <testcase classname="org.test.GlobalContactJob" name="jobCompleteStatus" time="0.374"/>
  <system-out/>
  <testcase classname="org.test.GlobalContactJob" name="jobCancelledStatus" time="0.688"/>
  <system-out/>
  <testcase classname="org.test.GlobalContactJob" name="cancelledJob" time="12.252"/>
  <system-out/>
  <testcase classname="org.test.GlobalContactJob" name="searchCustomerName" time="2.949"/>
  <system-out/>
  <testcase classname="org.test.GlobalContactJob" name="searchJobNo" time="2.813"/>
  <system-out/>
  <testcase classname="org.test.GlobalContactJob" name="searchLocation" time="2.519"/>
  <system-out/>
  <testcase classname="org.test.GlobalContactJob" name="searchFilterByDate" time="4.545"/>
  <system-out/>
  <testcase classname="org.test.GlobalContactJob" name="searchInvalid" time="1.996"/>
  <system-out/>
</testsuite> <!-- org.test.GlobalContactJob -->
