<?xml version="1.0" encoding="UTF-8"?>
<!-- Generated by org.testng.reporters.JUnitReportReporter -->
<testsuite hostname="DESKTOP-5M7AM2E" failures="0" tests="6" name="org.enhancement.CustomerContactJob" time="73.859" errors="0" timestamp="2023-04-23T20:36:39 IST" skipped="0">
  <testcase classname="org.enhancement.CustomerContactJob" name="loginPage" time="20.620"/>
  <system-out/>
  <testcase classname="org.enhancement.CustomerContactJob" name="contactModule" time="5.574"/>
  <system-out/>
  <testcase classname="org.enhancement.CustomerContactJob" name="CreateContact" time="17.227"/>
  <system-out/>
  <testcase classname="org.enhancement.CustomerContactJob" name="listabelValidation" time="12.311"/>
  <system-out/>
  <testcase classname="org.enhancement.CustomerContactJob" name="labelValidation" time="1.351"/>
  <system-out/>
  <testcase classname="org.enhancement.CustomerContactJob" name="createJob_FromDateandTime_ToDateandTime" time="16.776"/>
  <system-out/>
</testsuite> <!-- org.enhancement.CustomerContactJob -->
