<?xml version="1.0" encoding="UTF-8"?>
<!-- Generated by org.testng.reporters.JUnitReportReporter -->
<testsuite hostname="DESKTOP-5M7AM2E" failures="0" tests="70" name="org.test.CustomerOrganizationInvoice" time="320.431" errors="0" timestamp="2023-05-12T13:43:14 IST" skipped="6">
  <testcase classname="org.test.CustomerOrganizationInvoice" name="loginPage" time="43.926"/>
  <system-out/>
  <testcase classname="org.test.CustomerOrganizationInvoice" name="modulePage" time="4.678"/>
  <system-out/>
  <testcase classname="org.test.CustomerOrganizationInvoice" name="createOrganization" time="18.107"/>
  <system-out/>
  <testcase classname="org.test.CustomerOrganizationInvoice" name="labelValidation" time="8.583"/>
  <system-out/>
  <testcase classname="org.test.CustomerOrganizationInvoice" name="namePrepopulation" time="1.648"/>
  <system-out/>
  <testcase classname="org.test.CustomerOrganizationInvoice" name="autoCompleteOrganizationContactCreation" time="9.709"/>
  <system-out/>
  <testcase classname="org.test.CustomerOrganizationInvoice" name="mandatoryValidationDeuDate" time="0.616"/>
  <system-out/>
  <testcase classname="org.test.CustomerOrganizationInvoice" name="mandatoryValidationInventoryItem" time="0.067"/>
  <system-out/>
  <testcase classname="org.test.CustomerOrganizationInvoice" name="mandatoryValidationQunatity" time="0.063"/>
  <system-out/>
  <testcase classname="org.test.CustomerOrganizationInvoice" name="mandatoryValidationPrice" time="0.061"/>
  <system-out/>
  <testcase classname="org.test.CustomerOrganizationInvoice" name="mandatoryValidationDescription" time="0.104"/>
  <system-out/>
  <testcase classname="org.test.CustomerOrganizationInvoice" name="maximumValidationReference" time="0.737"/>
  <system-out/>
  <testcase classname="org.test.CustomerOrganizationInvoice" name="maximumValidationInvoiceTittle" time="0.704"/>
  <system-out/>
  <testcase classname="org.test.CustomerOrganizationInvoice" name="maximumValidationInventoryItem" time="0.986"/>
  <system-out/>
  <testcase classname="org.test.CustomerOrganizationInvoice" name="emptyValidationQuantityField" time="0.220"/>
  <system-out/>
  <testcase classname="org.test.CustomerOrganizationInvoice" name="maxQuanitityLimit" time="0.263"/>
  <system-out/>
  <testcase classname="org.test.CustomerOrganizationInvoice" name="afterDecimalPointValidationQuantityField" time="0.192"/>
  <system-out/>
  <testcase classname="org.test.CustomerOrganizationInvoice" name="beforeDecimalPointValidationQuantityField" time="0.293"/>
  <system-out/>
  <testcase classname="org.test.CustomerOrganizationInvoice" name="emptyValidationPriceField" time="0.212"/>
  <system-out/>
  <testcase classname="org.test.CustomerOrganizationInvoice" name="maxPriceLimit" time="0.207"/>
  <system-out/>
  <testcase classname="org.test.CustomerOrganizationInvoice" name="beforeDecimalPointPriceField" time="0.218"/>
  <system-out/>
  <testcase classname="org.test.CustomerOrganizationInvoice" name="afterDecimalPointPriceField" time="0.243"/>
  <system-out/>
  <testcase classname="org.test.CustomerOrganizationInvoice" name="afterDecimalPointDiscountField" time="0.227"/>
  <system-out/>
  <testcase classname="org.test.CustomerOrganizationInvoice" name="beforeDecimalPointDiscountField" time="0.230"/>
  <system-out/>
  <testcase classname="org.test.CustomerOrganizationInvoice" name="maxLimitDiscountField" time="0.174"/>
  <system-out/>
  <testcase classname="org.test.CustomerOrganizationInvoice" name="afterDecimalPointTaxField" time="2.310">
    <skipped/>
  </testcase> <!-- afterDecimalPointTaxField -->
  <system-out/>
  <testcase classname="org.test.CustomerOrganizationInvoice" name="beforeDecimalPointTaxField" time="2.279">
    <skipped/>
  </testcase> <!-- beforeDecimalPointTaxField -->
  <system-out/>
  <testcase classname="org.test.CustomerOrganizationInvoice" name="maxLimitTaxField" time="2.268">
    <skipped/>
  </testcase> <!-- maxLimitTaxField -->
  <system-out/>
  <testcase classname="org.test.CustomerOrganizationInvoice" name="maximumValidationDescription" time="1.925"/>
  <system-out/>
  <testcase classname="org.test.CustomerOrganizationInvoice" name="maximumValidationNotes" time="47.823"/>
  <system-out/>
  <testcase classname="org.test.CustomerOrganizationInvoice" name="expiryFieldPastDateValidation" time="8.785"/>
  <system-out/>
  <testcase classname="org.test.CustomerOrganizationInvoice" name="validateCalculation" time="8.316"/>
  <system-out/>
  <testcase classname="org.test.CustomerOrganizationInvoice" name="createInvoice" time="14.658"/>
  <system-out/>
  <testcase classname="org.test.CustomerOrganizationInvoice" name="invoiceCreatedCount" time="0.128"/>
  <system-out/>
  <testcase classname="org.test.CustomerOrganizationInvoice" name="editLableValidation" time="10.300"/>
  <system-out/>
  <testcase classname="org.test.CustomerOrganizationInvoice" name="mandatoryValidationEditDueDate" time="0.781"/>
  <system-out/>
  <testcase classname="org.test.CustomerOrganizationInvoice" name="mandatoryValidationEditQunatity" time="0.066"/>
  <system-out/>
  <testcase classname="org.test.CustomerOrganizationInvoice" name="mandatoryValidationEditPrice" time="0.060"/>
  <system-out/>
  <testcase classname="org.test.CustomerOrganizationInvoice" name="mandatoryValidationEditDescription" time="0.061"/>
  <system-out/>
  <testcase classname="org.test.CustomerOrganizationInvoice" name="maximumValidationEditReference" time="0.656"/>
  <system-out/>
  <testcase classname="org.test.CustomerOrganizationInvoice" name="maximumValidationEditInvoiceTittle" time="0.668"/>
  <system-out/>
  <testcase classname="org.test.CustomerOrganizationInvoice" name="maximumValidationEditInventoryItem" time="0.979"/>
  <system-out/>
  <testcase classname="org.test.CustomerOrganizationInvoice" name="emptyValidationEditQuantityField" time="0.224"/>
  <system-out/>
  <testcase classname="org.test.CustomerOrganizationInvoice" name="maxEditQuanitityLimit" time="0.267"/>
  <system-out/>
  <testcase classname="org.test.CustomerOrganizationInvoice" name="afterEditDecimalPointValidationQuantityField" time="0.205"/>
  <system-out/>
  <testcase classname="org.test.CustomerOrganizationInvoice" name="beforeEditDecimalPointValidationQuantityField" time="0.289"/>
  <system-out/>
  <testcase classname="org.test.CustomerOrganizationInvoice" name="emptyValidationEditPriceField" time="0.231"/>
  <system-out/>
  <testcase classname="org.test.CustomerOrganizationInvoice" name="maxEditPriceLimit" time="0.197"/>
  <system-out/>
  <testcase classname="org.test.CustomerOrganizationInvoice" name="beforeEditDecimalPointPriceField" time="0.214"/>
  <system-out/>
  <testcase classname="org.test.CustomerOrganizationInvoice" name="afterEditDecimalPointPriceField" time="0.283"/>
  <system-out/>
  <testcase classname="org.test.CustomerOrganizationInvoice" name="afterEditDecimalPointDiscountField" time="0.215"/>
  <system-out/>
  <testcase classname="org.test.CustomerOrganizationInvoice" name="beforeEditDecimalPointDiscountField" time="0.238"/>
  <system-out/>
  <testcase classname="org.test.CustomerOrganizationInvoice" name="maxLimitEditDiscountField" time="0.170"/>
  <system-out/>
  <testcase classname="org.test.CustomerOrganizationInvoice" name="afterDecimalEditPointTaxField" time="2.327">
    <skipped/>
  </testcase> <!-- afterDecimalEditPointTaxField -->
  <system-out/>
  <testcase classname="org.test.CustomerOrganizationInvoice" name="beforeDecimalEditPointTaxField" time="2.302">
    <skipped/>
  </testcase> <!-- beforeDecimalEditPointTaxField -->
  <system-out/>
  <testcase classname="org.test.CustomerOrganizationInvoice" name="maxEditLimitTaxField" time="2.289">
    <skipped/>
  </testcase> <!-- maxEditLimitTaxField -->
  <system-out/>
  <testcase classname="org.test.CustomerOrganizationInvoice" name="maximumEditValidationDescription" time="1.785"/>
  <system-out/>
  <testcase classname="org.test.CustomerOrganizationInvoice" name="maximumEditValidationNotes" time="46.054"/>
  <system-out/>
  <testcase classname="org.test.CustomerOrganizationInvoice" name="expiryEditFieldPastDateValidation" time="8.276"/>
  <system-out/>
  <testcase classname="org.test.CustomerOrganizationInvoice" name="updatedInvoice" time="29.713"/>
  <system-out/>
  <testcase classname="org.test.CustomerOrganizationInvoice" name="draftInvoice" time="9.486"/>
  <system-out/>
  <testcase classname="org.test.CustomerOrganizationInvoice" name="createdQuoteStatus" time="0.065"/>
  <system-out/>
  <testcase classname="org.test.CustomerOrganizationInvoice" name="UpdatedInvociePartialPayment" time="8.128"/>
  <system-out/>
  <testcase classname="org.test.CustomerOrganizationInvoice" name="partialPaidAmount" time="0.084"/>
  <system-out/>
  <testcase classname="org.test.CustomerOrganizationInvoice" name="fullyPaidAmount" time="0.125"/>
  <system-out/>
  <testcase classname="org.test.CustomerOrganizationInvoice" name="UpdatedInvociePaid" time="7.050"/>
  <system-out/>
  <testcase classname="org.test.CustomerOrganizationInvoice" name="listInvoiceNo" time="1.478"/>
  <system-out/>
  <testcase classname="org.test.CustomerOrganizationInvoice" name="listQuoteReference" time="1.498"/>
  <system-out/>
  <testcase classname="org.test.CustomerOrganizationInvoice" name="filterDateInvoice" time="1.535"/>
  <system-out/>
  <testcase classname="org.test.CustomerOrganizationInvoice" name="listInvalid" time="1.172"/>
  <system-out/>
</testsuite> <!-- org.test.CustomerOrganizationInvoice -->
