<?xml version="1.0" encoding="UTF-8"?>
<!-- Generated by org.testng.reporters.JUnitReportReporter -->
<<<<<<< HEAD
<testsuite hostname="DESKTOP-5M7AM2E" failures="0" tests="7" name="org.test.Login" time="44.711" errors="0" timestamp="2023-06-13T17:15:37 IST" skipped="0">
  <testcase classname="org.test.Login" name="verifyEmptyEmail" time="4.829"/>
  <system-out/>
  <testcase classname="org.test.Login" name="verifyEmptyPassword" time="4.266"/>
  <system-out/>
  <testcase classname="org.test.Login" name="verifyIncorrectMail" time="2.029"/>
  <system-out/>
  <testcase classname="org.test.Login" name="verifyIncorrectPassword" time="4.129"/>
  <system-out/>
  <testcase classname="org.test.Login" name="verifyInvalidEmail" time="1.925"/>
  <system-out/>
  <testcase classname="org.test.Login" name="verifyInvalidCredentials" time="2.029"/>
  <system-out/>
  <testcase classname="org.test.Login" name="verify" time="25.504"/>
=======
<testsuite hostname="DESKTOP-5M7AM2E" failures="0" tests="7" name="org.test.Login" time="49.673" errors="0" timestamp="2023-06-19T13:26:27 IST" skipped="0">
  <testcase classname="org.test.Login" name="verifyEmptyEmail" time="6.317"/>
  <system-out/>
  <testcase classname="org.test.Login" name="verifyEmptyPassword" time="3.275"/>
  <system-out/>
  <testcase classname="org.test.Login" name="verifyIncorrectMail" time="1.572"/>
  <system-out/>
  <testcase classname="org.test.Login" name="verifyIncorrectPassword" time="3.306"/>
  <system-out/>
  <testcase classname="org.test.Login" name="verifyInvalidEmail" time="1.697"/>
  <system-out/>
  <testcase classname="org.test.Login" name="verifyInvalidCredentials" time="2.271"/>
  <system-out/>
  <testcase classname="org.test.Login" name="verify" time="31.235"/>
>>>>>>> 6361b6d50a4a4e0bf2d80f33dbb5a7135919b164
  <system-out/>
</testsuite> <!-- org.test.Login -->
