<?xml version="1.0" encoding="UTF-8"?>
<!-- Generated by org.testng.reporters.JUnitReportReporter -->
<testsuite hostname="DESKTOP-5M7AM2E" failures="0" tests="11" name="org.test.SubscriptionPowerHousePack" time="63.378" errors="0" timestamp="2023-05-27T15:42:45 IST" skipped="0">
  <testcase classname="org.test.SubscriptionPowerHousePack" name="createTenant" time="47.450"/>
  <system-out/>
  <testcase classname="org.test.SubscriptionPowerHousePack" name="subDomineURL" time="0.109"/>
  <system-out/>
  <testcase classname="org.test.SubscriptionPowerHousePack" name="ownerName" time="0.140"/>
  <system-out/>
  <testcase classname="org.test.SubscriptionPowerHousePack" name="modulepage" time="7.818"/>
  <system-out/>
  <testcase classname="org.test.SubscriptionPowerHousePack" name="confirmPage" time="2.200"/>
  <system-out/>
  <testcase classname="org.test.SubscriptionPowerHousePack" name="proAmount" time="0.057"/>
  <system-out/>
  <testcase classname="org.test.SubscriptionPowerHousePack" name="totalAmount" time="0.061"/>
  <system-out/>
  <testcase classname="org.test.SubscriptionPowerHousePack" name="billingInformation" time="3.551"/>
  <system-out/>
  <testcase classname="org.test.SubscriptionPowerHousePack" name="billingInformationAmount" time="0.057"/>
  <system-out/>
  <testcase classname="org.test.SubscriptionPowerHousePack" name="paymentDetailsPage" time="1.875"/>
  <system-out/>
  <testcase classname="org.test.SubscriptionPowerHousePack" name="paymentDetailsAmount" time="0.060"/>
  <system-out/>
</testsuite> <!-- org.test.SubscriptionPowerHousePack -->
