<?xml version="1.0" encoding="UTF-8"?>
<!-- Generated by org.testng.reporters.JUnitReportReporter -->
<testsuite hostname="DESKTOP-5M7AM2E" failures="0" tests="105" name="org.test.TeamModule" time="210.482" errors="0" timestamp="2023-01-12T00:27:17 IST" skipped="0">
  <testcase classname="org.test.TeamModule" name="verify" time="24.210"/>
  <system-out/>
  <testcase classname="org.test.TeamModule" name="teamModule" time="9.299"/>
  <system-out/>
  <testcase classname="org.test.TeamModule" name="edit" time="3.426"/>
  <system-out/>
  <testcase classname="org.test.TeamModule" name="addLocation" time="6.044"/>
  <system-out/>
  <testcase classname="org.test.TeamModule" name="deleteLocation" time="2.897"/>
  <system-out/>
  <testcase classname="org.test.TeamModule" name="verifyContractorNameMandatory" time="2.357"/>
  <system-out/>
  <testcase classname="org.test.TeamModule" name="verifyContractorNumberMinValidation" time="0.587"/>
  <system-out/>
  <testcase classname="org.test.TeamModule" name="verifyContractorEmailFormat" time="0.365"/>
  <system-out/>
  <testcase classname="org.test.TeamModule" name="verifyContractorNumberMaxValidation" time="0.424"/>
  <system-out/>
  <testcase classname="org.test.TeamModule" name="verifyFaxMinValidation" time="0.288"/>
  <system-out/>
  <testcase classname="org.test.TeamModule" name="verifyFaxMaxValidation" time="0.478"/>
  <system-out/>
  <testcase classname="org.test.TeamModule" name="verifyCpersonFirstNameMaxValidation" time="1.235"/>
  <system-out/>
  <testcase classname="org.test.TeamModule" name="verifyCpersonLastNameMaxValidation" time="1.241"/>
  <system-out/>
  <testcase classname="org.test.TeamModule" name="maxValidationLocationNameField" time="2.148"/>
  <system-out/>
  <testcase classname="org.test.TeamModule" name="validateEmailField" time="0.288"/>
  <system-out/>
  <testcase classname="org.test.TeamModule" name="maxValidationEmailField" time="1.844"/>
  <system-out/>
  <testcase classname="org.test.TeamModule" name="minValidationPhoneNumberField" time="0.200"/>
  <system-out/>
  <testcase classname="org.test.TeamModule" name="maxValidationPhoneNumberField" time="0.183"/>
  <system-out/>
  <testcase classname="org.test.TeamModule" name="maxValidationAddress1Field" time="1.410"/>
  <system-out/>
  <testcase classname="org.test.TeamModule" name="maxValidationAddress2Field" time="1.393"/>
  <system-out/>
  <testcase classname="org.test.TeamModule" name="maxValidationStateField" time="1.440"/>
  <system-out/>
  <testcase classname="org.test.TeamModule" name="maxValidationCityField" time="1.401"/>
  <system-out/>
  <testcase classname="org.test.TeamModule" name="maxValidationZipcodeField" time="0.224"/>
  <system-out/>
  <testcase classname="org.test.TeamModule" name="minValidationZipcodeField" time="0.152"/>
  <system-out/>
  <testcase classname="org.test.TeamModule" name="characterValidationZipcodeField" time="0.174"/>
  <system-out/>
  <testcase classname="org.test.TeamModule" name="maxValidationContactPerson" time="1.665"/>
  <system-out/>
  <testcase classname="org.test.TeamModule" name="verifySaveButtonExist" time="0.056"/>
  <system-out/>
  <testcase classname="org.test.TeamModule" name="createContract" time="3.404"/>
  <system-out/>
  <testcase classname="org.test.TeamModule" name="contractotCompanyNameExistedValidation" time="2.632"/>
  <system-out/>
  <testcase classname="org.test.TeamModule" name="contractorAlreadyEmailValidation" time="3.275"/>
  <system-out/>
  <testcase classname="org.test.TeamModule" name="listValidationName" time="1.695"/>
  <system-out/>
  <testcase classname="org.test.TeamModule" name="searchCompanyNameListValidation" time="1.761"/>
  <system-out/>
  <testcase classname="org.test.TeamModule" name="searchNameListValidation" time="1.772"/>
  <system-out/>
  <testcase classname="org.test.TeamModule" name="searchEmailListValidation" time="1.646"/>
  <system-out/>
  <testcase classname="org.test.TeamModule" name="searchPhoneNumberListValidation" time="1.618"/>
  <system-out/>
  <testcase classname="org.test.TeamModule" name="invalidValidationData" time="1.464"/>
  <system-out/>
  <testcase classname="org.test.TeamModule" name="editContractorPage" time="2.130"/>
  <system-out/>
  <testcase classname="org.test.TeamModule" name="editContractorDetails" time="6.210"/>
  <system-out/>
  <testcase classname="org.test.TeamModule" name="deleteContractorDetails" time="2.823"/>
  <system-out/>
  <testcase classname="org.test.TeamModule" name="landingUserFormPage" time="2.084"/>
  <system-out/>
  <testcase classname="org.test.TeamModule" name="mandatoryValidationFirstNameField" time="0.544"/>
  <system-out/>
  <testcase classname="org.test.TeamModule" name="mandatoryValidationTypeField" time="0.632"/>
  <system-out/>
  <testcase classname="org.test.TeamModule" name="mandatoryValidationEmailField" time="0.359"/>
  <system-out/>
  <testcase classname="org.test.TeamModule" name="maxValidationFirstNameField" time="1.156"/>
  <system-out/>
  <testcase classname="org.test.TeamModule" name="maxValidationLastNameField" time="1.082"/>
  <system-out/>
  <testcase classname="org.test.TeamModule" name="maxValidationJobTittleField" time="1.211"/>
  <system-out/>
  <testcase classname="org.test.TeamModule" name="maxValidationEmailFields" time="1.126"/>
  <system-out/>
  <testcase classname="org.test.TeamModule" name="invalidEmailValidation" time="0.321"/>
  <system-out/>
  <testcase classname="org.test.TeamModule" name="minValidatonPhoneNumber" time="0.264"/>
  <system-out/>
  <testcase classname="org.test.TeamModule" name="maxValidatonPhoneNumber" time="0.497"/>
  <system-out/>
  <testcase classname="org.test.TeamModule" name="maxValidationLocationName" time="1.176"/>
  <system-out/>
  <testcase classname="org.test.TeamModule" name="maxValidationAddress1" time="1.050"/>
  <system-out/>
  <testcase classname="org.test.TeamModule" name="maxValidationAddress2" time="1.059"/>
  <system-out/>
  <testcase classname="org.test.TeamModule" name="maxValidationState" time="1.062"/>
  <system-out/>
  <testcase classname="org.test.TeamModule" name="maxValidationCity" time="0.857"/>
  <system-out/>
  <testcase classname="org.test.TeamModule" name="specialCharacterValidationContractorZipcode" time="0.216"/>
  <system-out/>
  <testcase classname="org.test.TeamModule" name="minValidationZipcode" time="0.152"/>
  <system-out/>
  <testcase classname="org.test.TeamModule" name="specialCharacterValidationZipcode" time="0.176"/>
  <system-out/>
  <testcase classname="org.test.TeamModule" name="maxValidationZipcode" time="0.480"/>
  <system-out/>
  <testcase classname="org.test.TeamModule" name="userCreate" time="3.886"/>
  <system-out/>
  <testcase classname="org.test.TeamModule" name="createdListName" time="0.080"/>
  <system-out/>
  <testcase classname="org.test.TeamModule" name="alreadyExistedMailValidation" time="6.921"/>
  <system-out/>
  <testcase classname="org.test.TeamModule" name="searchPhoneNumberValidation" time="2.710"/>
  <system-out/>
  <testcase classname="org.test.TeamModule" name="searchNameValidation" time="2.683"/>
  <system-out/>
  <testcase classname="org.test.TeamModule" name="searchEmailValidation" time="2.819"/>
  <system-out/>
  <testcase classname="org.test.TeamModule" name="invalidDataValidation" time="3.261"/>
  <system-out/>
  <testcase classname="org.test.TeamModule" name="landingOnEditForm" time="2.665"/>
  <system-out/>
  <testcase classname="org.test.TeamModule" name="editUserDetails" time="6.157"/>
  <system-out/>
  <testcase classname="org.test.TeamModule" name="deleteUserDetails" time="3.348"/>
  <system-out/>
  <testcase classname="org.test.TeamModule" name="landingContractorFormPage" time="1.537"/>
  <system-out/>
  <testcase classname="org.test.TeamModule" name="mandatoryValidationContractorFirstNameField" time="0.454"/>
  <system-out/>
  <testcase classname="org.test.TeamModule" name="mandatoryValidationContractorEmailField" time="0.429"/>
  <system-out/>
  <testcase classname="org.test.TeamModule" name="mandatoryOrganizationName" time="2.990"/>
  <system-out/>
  <testcase classname="org.test.TeamModule" name="maxValidationContractorFirstNameField" time="1.272"/>
  <system-out/>
  <testcase classname="org.test.TeamModule" name="maxValidationContractorLastNameField" time="1.164"/>
  <system-out/>
  <testcase classname="org.test.TeamModule" name="invalidContractorEmailValidation" time="0.352"/>
  <system-out/>
  <testcase classname="org.test.TeamModule" name="maxValidationContractorEmailFields" time="1.161"/>
  <system-out/>
  <testcase classname="org.test.TeamModule" name="minValidatonContractorPhoneNumber" time="0.272"/>
  <system-out/>
  <testcase classname="org.test.TeamModule" name="maxValidatonContractorPhoneNumber" time="0.504"/>
  <system-out/>
  <testcase classname="org.test.TeamModule" name="maxValidationContractorLocationName" time="1.119"/>
  <system-out/>
  <testcase classname="org.test.TeamModule" name="maxValidationContractorAddress1" time="0.993"/>
  <system-out/>
  <testcase classname="org.test.TeamModule" name="maxValidationContractorAddress2" time="1.040"/>
  <system-out/>
  <testcase classname="org.test.TeamModule" name="maxValidationContractorState" time="1.034"/>
  <system-out/>
  <testcase classname="org.test.TeamModule" name="maxValidationContractorCity" time="1.010"/>
  <system-out/>
  <testcase classname="org.test.TeamModule" name="minValidationContractorZipcode" time="0.263"/>
  <system-out/>
  <testcase classname="org.test.TeamModule" name="maxValidationContractorZipcode" time="0.429"/>
  <system-out/>
  <testcase classname="org.test.TeamModule" name="userContractorCreate" time="5.062"/>
  <system-out/>
  <testcase classname="org.test.TeamModule" name="createdContractorListName" time="1.126"/>
  <system-out/>
  <testcase classname="org.test.TeamModule" name="alreadyExistedContractorMailValidation" time="3.749"/>
  <system-out/>
  <testcase classname="org.test.TeamModule" name="searchContractorNameValidation" time="2.587"/>
  <system-out/>
  <testcase classname="org.test.TeamModule" name="searchContractorPhoneNumberValidation" time="2.550"/>
  <system-out/>
  <testcase classname="org.test.TeamModule" name="searchContractorEmailValidation" time="2.655"/>
  <system-out/>
  <testcase classname="org.test.TeamModule" name="filterByCompany" time="2.265"/>
  <system-out/>
  <testcase classname="org.test.TeamModule" name="invalidDatasValidation" time="2.076"/>
  <system-out/>
  <testcase classname="org.test.TeamModule" name="landingOnContractorEditForm" time="3.595"/>
  <system-out/>
  <testcase classname="org.test.TeamModule" name="editContractorDetail" time="7.302"/>
  <system-out/>
  <testcase classname="org.test.TeamModule" name="deleteContractorDetail" time="3.753"/>
  <system-out/>
  <testcase classname="org.test.TeamModule" name="landOnSendInvitePage" time="1.008"/>
  <system-out/>
  <testcase classname="org.test.TeamModule" name="verifyEmailRequired" time="0.138"/>
  <system-out/>
  <testcase classname="org.test.TeamModule" name="verfiyEmailFormat" time="1.373"/>
  <system-out/>
  <testcase classname="org.test.TeamModule" name="verifyFirstName" time="0.283"/>
  <system-out/>
  <testcase classname="org.test.TeamModule" name="verifyFirstNamewithBlankSpace" time="2.323"/>
  <system-out/>
  <testcase classname="org.test.TeamModule" name="verifyUserEnterMessage" time="4.051"/>
  <system-out/>
  <testcase classname="org.test.TeamModule" name="verfiyAddMoreButton" time="0.144"/>
  <system-out/>
  <testcase classname="org.test.TeamModule" name="verifyUserSendInvite" time="2.526"/>
  <system-out/>
</testsuite> <!-- org.test.TeamModule -->
