<?xml version="1.0" encoding="UTF-8"?>
<!-- Generated by org.testng.reporters.JUnitReportReporter -->
<testsuite hostname="DESKTOP-5M7AM2E" failures="0" tests="7" name="org.test.PrefixSettings" time="0.281" errors="1" timestamp="2023-03-23T11:59:19 IST" skipped="6">
  <testcase classname="org.test.PrefixSettings" name="setup" time="0.281">
    <error message="Unresolved compilation problem: 
	The method addArguments(String, String, String, String) is undefined for the type EdgeOptions
" type="java.lang.Error">
      <![CDATA[java.lang.Error: Unresolved compilation problem: 
The method addArguments(String, String, String, String) is undefined for the type EdgeOptions

at com.zaigo.utility.BrowserSetup.startBrowser(BrowserSetup.java:38)
at org.test.PrefixSettings.setup(PrefixSettings.java:38)
at java.base/jdk.internal.reflect.NativeMethodAccessorImpl.invoke0(Native Method)
at java.base/jdk.internal.reflect.NativeMethodAccessorImpl.invoke(NativeMethodAccessorImpl.java:77)
at java.base/jdk.internal.reflect.DelegatingMethodAccessorImpl.invoke(DelegatingMethodAccessorImpl.java:43)
at java.base/java.lang.reflect.Method.invoke(Method.java:568)
at org.testng.internal.MethodInvocationHelper.invokeMethod(MethodInvocationHelper.java:133)
at org.testng.internal.MethodInvocationHelper.invokeMethodConsideringTimeout(MethodInvocationHelper.java:62)
at org.testng.internal.ConfigInvoker.invokeConfigurationMethod(ConfigInvoker.java:385)
at org.testng.internal.ConfigInvoker.invokeConfigurations(ConfigInvoker.java:321)
at org.testng.internal.TestMethodWorker.invokeBeforeClassMethods(TestMethodWorker.java:176)
at org.testng.internal.TestMethodWorker.run(TestMethodWorker.java:122)
at java.base/java.util.ArrayList.forEach(ArrayList.java:1511)
at org.testng.TestRunner.privateRun(TestRunner.java:794)
at org.testng.TestRunner.run(TestRunner.java:596)
at org.testng.SuiteRunner.runTest(SuiteRunner.java:377)
at org.testng.SuiteRunner.runSequentially(SuiteRunner.java:371)
at org.testng.SuiteRunner.privateRun(SuiteRunner.java:332)
at org.testng.SuiteRunner.run(SuiteRunner.java:276)
at org.testng.SuiteRunnerWorker.runSuite(SuiteRunnerWorker.java:53)
at org.testng.SuiteRunnerWorker.run(SuiteRunnerWorker.java:96)
at org.testng.TestNG.runSuitesSequentially(TestNG.java:1212)
at org.testng.TestNG.runSuitesLocally(TestNG.java:1134)
at org.testng.TestNG.runSuites(TestNG.java:1063)
at org.testng.TestNG.run(TestNG.java:1031)
at org.testng.remote.AbstractRemoteTestNG.run(AbstractRemoteTestNG.java:115)
at org.testng.remote.RemoteTestNG.initAndRun(RemoteTestNG.java:251)
at org.testng.remote.RemoteTestNG.main(RemoteTestNG.java:77)
]]>
    </error>
  </testcase> <!-- setup -->
  <system-out/>
  <testcase classname="org.test.PrefixSettings" name="loginPage" time="0.000">
    <skipped/>
  </testcase> <!-- loginPage -->
  <system-out/>
  <testcase classname="org.test.PrefixSettings" name="settingModule" time="0.000">
    <skipped/>
  </testcase> <!-- settingModule -->
  <system-out/>
  <testcase classname="org.test.PrefixSettings" name="jobPrefixNameMandatory" time="0.000">
    <skipped/>
  </testcase> <!-- jobPrefixNameMandatory -->
  <system-out/>
  <testcase classname="org.test.PrefixSettings" name="jobPrefixNameMaxValidation" time="0.000">
    <skipped/>
  </testcase> <!-- jobPrefixNameMaxValidation -->
  <system-out/>
  <testcase classname="org.test.PrefixSettings" name="jobPrefixNoMandatory" time="0.000">
    <skipped/>
  </testcase> <!-- jobPrefixNoMandatory -->
  <system-out/>
  <testcase classname="org.test.PrefixSettings" name="jobPrefixNoMaxValidation" time="0.000">
    <skipped/>
  </testcase> <!-- jobPrefixNoMaxValidation -->
  <system-out/>
</testsuite> <!-- org.test.PrefixSettings -->
