<?xml version="1.0" encoding="UTF-8"?>
<!-- Generated by org.testng.reporters.JUnitReportReporter -->
<testsuite hostname="DESKTOP-5M7AM2E" failures="0" tests="7" name="org.test.Login" time="48.061" errors="0" timestamp="2023-02-18T22:51:54 IST" skipped="0">
  <testcase classname="org.test.Login" name="verifyEmptyEmail" time="5.007"/>
  <system-out/>
  <testcase classname="org.test.Login" name="verifyEmptyPassword" time="4.110"/>
  <system-out/>
  <testcase classname="org.test.Login" name="verifyIncorrectMail" time="1.926"/>
  <system-out/>
  <testcase classname="org.test.Login" name="verifyIncorrectPassword" time="3.706"/>
  <system-out/>
  <testcase classname="org.test.Login" name="verifyInvalidEmail" time="2.103"/>
  <system-out/>
  <testcase classname="org.test.Login" name="verifyInvalidCredentials" time="3.123"/>
  <system-out/>
  <testcase classname="org.test.Login" name="verify" time="28.086"/>
  <system-out/>
</testsuite> <!-- org.test.Login -->
