<?xml version="1.0" encoding="UTF-8"?>
<!-- Generated by org.testng.reporters.JUnitReportReporter -->
<testsuite hostname="DESKTOP-5M7AM2E" failures="0" tests="58" name="org.test.TeamCompanyContractor" time="75.693" errors="0" timestamp="2023-03-08T15:48:45 IST" skipped="0">
  <testcase classname="org.test.TeamCompanyContractor" name="verify" time="22.402"/>
  <system-out/>
  <testcase classname="org.test.TeamCompanyContractor" name="createLabel" time="3.782"/>
  <system-out/>
  <testcase classname="org.test.TeamCompanyContractor" name="verifyContractorNameMandatory" time="0.301"/>
  <system-out/>
  <testcase classname="org.test.TeamCompanyContractor" name="verifyContractorNumberMinValidation" time="0.188"/>
  <system-out/>
  <testcase classname="org.test.TeamCompanyContractor" name="verifyContractorEmailFormat" time="0.199"/>
  <system-out/>
  <testcase classname="org.test.TeamCompanyContractor" name="verifyContractorNumberMaxValidation" time="0.194"/>
  <system-out/>
  <testcase classname="org.test.TeamCompanyContractor" name="verifyFaxMinValidation" time="0.191"/>
  <system-out/>
  <testcase classname="org.test.TeamCompanyContractor" name="verifyFaxMaxValidation" time="0.175"/>
  <system-out/>
  <testcase classname="org.test.TeamCompanyContractor" name="verifyCpersonFirstNameMaxValidation" time="0.572"/>
  <system-out/>
  <testcase classname="org.test.TeamCompanyContractor" name="verifyCpersonLastNameMaxValidation" time="0.738"/>
  <system-out/>
  <testcase classname="org.test.TeamCompanyContractor" name="maxValidationLocationNameField" time="0.591"/>
  <system-out/>
  <testcase classname="org.test.TeamCompanyContractor" name="validateEmailField" time="0.194"/>
  <system-out/>
  <testcase classname="org.test.TeamCompanyContractor" name="maxValidationEmailField" time="0.526"/>
  <system-out/>
  <testcase classname="org.test.TeamCompanyContractor" name="minValidationPhoneNumberField" time="0.188"/>
  <system-out/>
  <testcase classname="org.test.TeamCompanyContractor" name="maxValidationPhoneNumberField" time="0.193"/>
  <system-out/>
  <testcase classname="org.test.TeamCompanyContractor" name="maxValidationAddress1Field" time="0.568"/>
  <system-out/>
  <testcase classname="org.test.TeamCompanyContractor" name="maxValidationAddress2Field" time="0.572"/>
  <system-out/>
  <testcase classname="org.test.TeamCompanyContractor" name="maxValidationStateField" time="0.593"/>
  <system-out/>
  <testcase classname="org.test.TeamCompanyContractor" name="maxValidationCityField" time="0.565"/>
  <system-out/>
  <testcase classname="org.test.TeamCompanyContractor" name="maxValidationZipcodeField" time="0.214"/>
  <system-out/>
  <testcase classname="org.test.TeamCompanyContractor" name="minValidationZipcodeField" time="0.154"/>
  <system-out/>
  <testcase classname="org.test.TeamCompanyContractor" name="characterValidationZipcodeField" time="0.163"/>
  <system-out/>
  <testcase classname="org.test.TeamCompanyContractor" name="maxValidationContactPerson" time="1.160"/>
  <system-out/>
  <testcase classname="org.test.TeamCompanyContractor" name="verifySaveButtonExist" time="0.053"/>
  <system-out/>
  <testcase classname="org.test.TeamCompanyContractor" name="createContract" time="3.193"/>
  <system-out/>
  <testcase classname="org.test.TeamCompanyContractor" name="companiesContractorCount" time="0.644"/>
  <system-out/>
  <testcase classname="org.test.TeamCompanyContractor" name="contractotCompanyNameExistedValidation" time="1.705"/>
  <system-out/>
  <testcase classname="org.test.TeamCompanyContractor" name="contractorAlreadyEmailValidation" time="4.344"/>
  <system-out/>
  <testcase classname="org.test.TeamCompanyContractor" name="searchCompanyNameListValidation" time="1.285"/>
  <system-out/>
  <testcase classname="org.test.TeamCompanyContractor" name="searchNameListValidation" time="1.266"/>
  <system-out/>
  <testcase classname="org.test.TeamCompanyContractor" name="searchEmailListValidation" time="3.404"/>
  <system-out/>
  <testcase classname="org.test.TeamCompanyContractor" name="searchPhoneNumberListValidation" time="1.235"/>
  <system-out/>
  <testcase classname="org.test.TeamCompanyContractor" name="invalidValidationData" time="1.320"/>
  <system-out/>
  <testcase classname="org.test.TeamCompanyContractor" name="editLable" time="4.228"/>
  <system-out/>
  <testcase classname="org.test.TeamCompanyContractor" name="editverifyContractorNameMandatory" time="0.322"/>
  <system-out/>
  <testcase classname="org.test.TeamCompanyContractor" name="editverifyContractorNumberMinValidation" time="0.180"/>
  <system-out/>
  <testcase classname="org.test.TeamCompanyContractor" name="editverifyContractorEmailFormat" time="0.180"/>
  <system-out/>
  <testcase classname="org.test.TeamCompanyContractor" name="editverifyContractorNumberMaxValidation" time="0.200"/>
  <system-out/>
  <testcase classname="org.test.TeamCompanyContractor" name="editverifyFaxMinValidation" time="0.180"/>
  <system-out/>
  <testcase classname="org.test.TeamCompanyContractor" name="editverifyFaxMaxValidation" time="0.187"/>
  <system-out/>
  <testcase classname="org.test.TeamCompanyContractor" name="editverifyCpersonFirstNameMaxValidation" time="0.554"/>
  <system-out/>
  <testcase classname="org.test.TeamCompanyContractor" name="editverifyCpersonLastNameMaxValidation" time="1.225"/>
  <system-out/>
  <testcase classname="org.test.TeamCompanyContractor" name="editmaxValidationLocationNameField" time="0.617"/>
  <system-out/>
  <testcase classname="org.test.TeamCompanyContractor" name="editvalidateEmailField" time="0.187"/>
  <system-out/>
  <testcase classname="org.test.TeamCompanyContractor" name="editmaxValidationEmailField" time="0.554"/>
  <system-out/>
  <testcase classname="org.test.TeamCompanyContractor" name="editminValidationPhoneNumberField" time="0.181"/>
  <system-out/>
  <testcase classname="org.test.TeamCompanyContractor" name="editmaxValidationPhoneNumberField" time="0.197"/>
  <system-out/>
  <testcase classname="org.test.TeamCompanyContractor" name="editmaxValidationAddress1Field" time="0.566"/>
  <system-out/>
  <testcase classname="org.test.TeamCompanyContractor" name="editmaxValidationAddress2Field" time="0.559"/>
  <system-out/>
  <testcase classname="org.test.TeamCompanyContractor" name="editmaxValidationStateField" time="0.606"/>
  <system-out/>
  <testcase classname="org.test.TeamCompanyContractor" name="editmaxValidationCityField" time="0.620"/>
  <system-out/>
  <testcase classname="org.test.TeamCompanyContractor" name="editmaxValidationZipcodeField" time="0.222"/>
  <system-out/>
  <testcase classname="org.test.TeamCompanyContractor" name="editminValidationZipcodeField" time="0.158"/>
  <system-out/>
  <testcase classname="org.test.TeamCompanyContractor" name="editcharacterValidationZipcodeField" time="0.158"/>
  <system-out/>
  <testcase classname="org.test.TeamCompanyContractor" name="editmaxValidationContactPerson" time="1.146"/>
  <system-out/>
  <testcase classname="org.test.TeamCompanyContractor" name="verifyUpdateButtonExist" time="0.049"/>
  <system-out/>
  <testcase classname="org.test.TeamCompanyContractor" name="UpdateContract" time="3.245"/>
  <system-out/>
  <testcase classname="org.test.TeamCompanyContractor" name="deleteContractorDetails" time="6.500"/>
  <system-out/>
</testsuite> <!-- org.test.TeamCompanyContractor -->
