<?xml version="1.0" encoding="UTF-8"?>
<!-- Generated by org.testng.reporters.JUnitReportReporter -->
<testsuite hostname="DESKTOP-5M7AM2E" failures="0" tests="26" name="org.test.TaxModule" time="138.653" errors="0" timestamp="2023-05-28T19:37:43 IST" skipped="0">
  <testcase classname="org.test.TaxModule" name="loginPage" time="18.402"/>
  <system-out/>
  <testcase classname="org.test.TaxModule" name="settingModule" time="1.470"/>
  <system-out/>
  <testcase classname="org.test.TaxModule" name="createFormLabel" time="1.045"/>
  <system-out/>
  <testcase classname="org.test.TaxModule" name="mandatoryValidationTaxName" time="0.225"/>
  <system-out/>
  <testcase classname="org.test.TaxModule" name="mandatoryValidationDescription" time="0.047"/>
  <system-out/>
  <testcase classname="org.test.TaxModule" name="maximumValidationProductName" time="7.324"/>
  <system-out/>
  <testcase classname="org.test.TaxModule" name="subTaxPercentageEqual" time="7.345"/>
  <system-out/>
  <testcase classname="org.test.TaxModule" name="subTaxNameUnique" time="6.536"/>
  <system-out/>
  <testcase classname="org.test.TaxModule" name="maximumValidationTaxPercentage" time="7.352"/>
  <system-out/>
  <testcase classname="org.test.TaxModule" name="createButton" time="0.049"/>
  <system-out/>
  <testcase classname="org.test.TaxModule" name="createTax" time="7.158"/>
  <system-out/>
  <testcase classname="org.test.TaxModule" name="createdTaxList" time="0.052"/>
  <system-out/>
  <testcase classname="org.test.TaxModule" name="uniqueValidationTaxName" time="7.769"/>
  <system-out/>
  <testcase classname="org.test.TaxModule" name="editFormLabel" time="3.882"/>
  <system-out/>
  <testcase classname="org.test.TaxModule" name="editmandatoryValidationTaxName" time="0.197"/>
  <system-out/>
  <testcase classname="org.test.TaxModule" name="editmandatoryValidationDescription" time="0.042"/>
  <system-out/>
  <testcase classname="org.test.TaxModule" name="editmaximumValidationProductName" time="7.322"/>
  <system-out/>
  <testcase classname="org.test.TaxModule" name="editmaximumValidationTaxPercentage" time="7.334"/>
  <system-out/>
  <testcase classname="org.test.TaxModule" name="editsubTaxNameUnique" time="6.569"/>
  <system-out/>
  <testcase classname="org.test.TaxModule" name="editsubTaxPercentageEqual" time="7.312"/>
  <system-out/>
  <testcase classname="org.test.TaxModule" name="updateButton" time="0.053"/>
  <system-out/>
  <testcase classname="org.test.TaxModule" name="updatedTax" time="7.172"/>
  <system-out/>
  <testcase classname="org.test.TaxModule" name="deleteTax" time="7.327"/>
  <system-out/>
  <testcase classname="org.test.TaxModule" name="updatedTaxList" time="7.514"/>
  <system-out/>
  <testcase classname="org.test.TaxModule" name="createdTaxRefectProductService" time="15.009"/>
  <system-out/>
  <testcase classname="org.test.TaxModule" name="editTaxRefectProductService" time="4.146"/>
  <system-out/>
</testsuite> <!-- org.test.TaxModule -->
