<?xml version="1.0" encoding="UTF-8"?>
<!-- Generated by org.testng.reporters.JUnitReportReporter -->
<<<<<<< HEAD
<testsuite hostname="DESKTOP-5M7AM2E" failures="0" tests="64" name="org.test.TeamUserContractor" time="200.383" errors="0" timestamp="2023-05-08T11:46:06 IST" skipped="0">
  <testcase classname="org.test.TeamUserContractor" name="verify" time="28.344"/>
  <system-out/>
  <testcase classname="org.test.TeamUserContractor" name="TeamUserPage" time="5.483"/>
  <system-out/>
  <testcase classname="org.test.TeamUserContractor" name="landingOnCreateForm" time="0.573"/>
  <system-out/>
  <testcase classname="org.test.TeamUserContractor" name="mandatoryValidationContractorFirstNameField" time="0.400"/>
  <system-out/>
  <testcase classname="org.test.TeamUserContractor" name="mandatoryValidationContractorEmailField" time="0.084"/>
  <system-out/>
  <testcase classname="org.test.TeamUserContractor" name="mandatoryOrganizationName" time="0.090"/>
  <system-out/>
  <testcase classname="org.test.TeamUserContractor" name="maxValidationContractorFirstNameField" time="0.613"/>
  <system-out/>
  <testcase classname="org.test.TeamUserContractor" name="maxValidationContractorLastNameField" time="0.613"/>
  <system-out/>
  <testcase classname="org.test.TeamUserContractor" name="invalidContractorEmailValidation" time="0.219"/>
  <system-out/>
  <testcase classname="org.test.TeamUserContractor" name="maxValidationContractorEmailFields" time="0.623"/>
  <system-out/>
  <testcase classname="org.test.TeamUserContractor" name="minValidatonContractorPhoneNumber" time="0.231"/>
  <system-out/>
  <testcase classname="org.test.TeamUserContractor" name="specialCharacterPhoneNumberField" time="0.228"/>
  <system-out/>
  <testcase classname="org.test.TeamUserContractor" name="maxValidatonContractorPhoneNumber" time="1.888"/>
  <system-out/>
  <testcase classname="org.test.TeamUserContractor" name="maxValidationLocationName" time="0.733"/>
  <system-out/>
  <testcase classname="org.test.TeamUserContractor" name="maxValidationAddress1" time="0.730"/>
  <system-out/>
  <testcase classname="org.test.TeamUserContractor" name="maxValidationAddress2" time="0.704"/>
  <system-out/>
  <testcase classname="org.test.TeamUserContractor" name="maxValidationState" time="0.766"/>
  <system-out/>
  <testcase classname="org.test.TeamUserContractor" name="maxValidationCity" time="0.736"/>
  <system-out/>
  <testcase classname="org.test.TeamUserContractor" name="minValidationZipcode" time="0.225"/>
  <system-out/>
  <testcase classname="org.test.TeamUserContractor" name="specialCharacterValidationZipcode" time="0.212"/>
  <system-out/>
  <testcase classname="org.test.TeamUserContractor" name="maxValidationZipcode" time="0.810"/>
  <system-out/>
  <testcase classname="org.test.TeamUserContractor" name="verifySaveButtonExist" time="0.238"/>
  <system-out/>
  <testcase classname="org.test.TeamUserContractor" name="userCreate" time="7.987"/>
  <system-out/>
  <testcase classname="org.test.TeamUserContractor" name="userCount" time="0.104"/>
  <system-out/>
  <testcase classname="org.test.TeamUserContractor" name="alreadyExistedMailValidation" time="3.388"/>
  <system-out/>
  <testcase classname="org.test.TeamUserContractor" name="searchNameValidation" time="1.810"/>
  <system-out/>
  <testcase classname="org.test.TeamUserContractor" name="searchPhoneNumberValidation" time="1.796"/>
  <system-out/>
  <testcase classname="org.test.TeamUserContractor" name="searchEmailValidation" time="1.766"/>
  <system-out/>
  <testcase classname="org.test.TeamUserContractor" name="filterByCompany" time="2.136"/>
  <system-out/>
  <testcase classname="org.test.TeamUserContractor" name="invalidDataValidation" time="1.362"/>
  <system-out/>
  <testcase classname="org.test.TeamUserContractor" name="landingOnEditForm" time="3.736"/>
  <system-out/>
  <testcase classname="org.test.TeamUserContractor" name="firstNamePrepopulate" time="0.068"/>
  <system-out/>
  <testcase classname="org.test.TeamUserContractor" name="lastNamePrepopulate" time="0.055"/>
  <system-out/>
  <testcase classname="org.test.TeamUserContractor" name="emailPrepopulate" time="0.053"/>
=======
<testsuite hostname="DESKTOP-5M7AM2E" failures="0" tests="64" name="org.test.TeamUserContractor" time="293.424" errors="1" timestamp="2023-05-14T13:43:06 IST" skipped="0">
  <testcase classname="org.test.TeamUserContractor" name="verify" time="20.344"/>
  <system-out/>
  <testcase classname="org.test.TeamUserContractor" name="TeamUserPage" time="10.851"/>
  <system-out/>
  <testcase classname="org.test.TeamUserContractor" name="landingOnCreateForm" time="1.169"/>
  <system-out/>
  <testcase classname="org.test.TeamUserContractor" name="mandatoryValidationContractorFirstNameField" time="0.566"/>
  <system-out/>
  <testcase classname="org.test.TeamUserContractor" name="mandatoryValidationContractorEmailField" time="0.151"/>
  <system-out/>
  <testcase classname="org.test.TeamUserContractor" name="mandatoryOrganizationName" time="0.175"/>
  <system-out/>
  <testcase classname="org.test.TeamUserContractor" name="maxValidationContractorFirstNameField" time="1.037"/>
  <system-out/>
  <testcase classname="org.test.TeamUserContractor" name="maxValidationContractorLastNameField" time="1.002"/>
  <system-out/>
  <testcase classname="org.test.TeamUserContractor" name="invalidContractorEmailValidation" time="0.323"/>
  <system-out/>
  <testcase classname="org.test.TeamUserContractor" name="maxValidationContractorEmailFields" time="0.873"/>
  <system-out/>
  <testcase classname="org.test.TeamUserContractor" name="minValidatonContractorPhoneNumber" time="0.339"/>
  <system-out/>
  <testcase classname="org.test.TeamUserContractor" name="specialCharacterPhoneNumberField" time="0.291"/>
  <system-out/>
  <testcase classname="org.test.TeamUserContractor" name="maxValidatonContractorPhoneNumber" time="2.577"/>
  <system-out/>
  <testcase classname="org.test.TeamUserContractor" name="maxValidationLocationName" time="1.153"/>
  <system-out/>
  <testcase classname="org.test.TeamUserContractor" name="maxValidationAddress1" time="1.053"/>
  <system-out/>
  <testcase classname="org.test.TeamUserContractor" name="maxValidationAddress2" time="0.980"/>
  <system-out/>
  <testcase classname="org.test.TeamUserContractor" name="maxValidationState" time="1.023"/>
  <system-out/>
  <testcase classname="org.test.TeamUserContractor" name="maxValidationCity" time="1.002"/>
  <system-out/>
  <testcase classname="org.test.TeamUserContractor" name="minValidationZipcode" time="0.332"/>
  <system-out/>
  <testcase classname="org.test.TeamUserContractor" name="specialCharacterValidationZipcode" time="0.344"/>
  <system-out/>
  <testcase classname="org.test.TeamUserContractor" name="maxValidationZipcode" time="1.188"/>
  <system-out/>
  <testcase classname="org.test.TeamUserContractor" name="verifySaveButtonExist" time="0.280"/>
  <system-out/>
  <testcase classname="org.test.TeamUserContractor" name="userCreate" time="9.449"/>
  <system-out/>
  <testcase classname="org.test.TeamUserContractor" name="userCount" time="1.270"/>
  <system-out/>
  <testcase classname="org.test.TeamUserContractor" name="alreadyExistedMailValidation" time="9.853"/>
  <system-out/>
  <testcase classname="org.test.TeamUserContractor" name="searchNameValidation" time="3.108"/>
  <system-out/>
  <testcase classname="org.test.TeamUserContractor" name="searchPhoneNumberValidation" time="3.610"/>
  <system-out/>
  <testcase classname="org.test.TeamUserContractor" name="searchEmailValidation" time="4.177"/>
  <system-out/>
  <testcase classname="org.test.TeamUserContractor" name="filterByCompany" time="3.603"/>
  <system-out/>
  <testcase classname="org.test.TeamUserContractor" name="invalidDataValidation" time="3.115"/>
  <system-out/>
  <testcase classname="org.test.TeamUserContractor" name="landingOnEditForm" time="10.519"/>
  <system-out/>
  <testcase classname="org.test.TeamUserContractor" name="firstNamePrepopulate" time="0.100"/>
  <system-out/>
  <testcase classname="org.test.TeamUserContractor" name="lastNamePrepopulate" time="0.083"/>
  <system-out/>
  <testcase classname="org.test.TeamUserContractor" name="emailPrepopulate" time="0.108"/>
>>>>>>> 8918fb077ada3f9074ba067a7b48b5e725492e12
  <system-out/>
  <testcase classname="org.test.TeamUserContractor" name="businessUnitPrepopulate" time="0.088"/>
  <system-out/>
<<<<<<< HEAD
  <testcase classname="org.test.TeamUserContractor" name="serviceTypePrepopulate" time="0.060"/>
  <system-out/>
  <testcase classname="org.test.TeamUserContractor" name="phoneNumberPrepopulate" time="0.058"/>
=======
  <testcase classname="org.test.TeamUserContractor" name="serviceTypePrepopulate" time="0.106"/>
  <system-out/>
  <testcase classname="org.test.TeamUserContractor" name="phoneNumberPrepopulate" time="0.091"/>
>>>>>>> 8918fb077ada3f9074ba067a7b48b5e725492e12
  <system-out/>
  <testcase classname="org.test.TeamUserContractor" name="contractorCompanyNamePrepopulate" time="0.297"/>
  <system-out/>
<<<<<<< HEAD
  <testcase classname="org.test.TeamUserContractor" name="locationNamePrepopulate" time="0.057"/>
  <system-out/>
  <testcase classname="org.test.TeamUserContractor" name="locationAddress1Prepopulate" time="0.057"/>
  <system-out/>
  <testcase classname="org.test.TeamUserContractor" name="locationAddress2Prepopulate" time="0.059"/>
  <system-out/>
  <testcase classname="org.test.TeamUserContractor" name="locationCityPrepopulate" time="0.055"/>
  <system-out/>
  <testcase classname="org.test.TeamUserContractor" name="locationStatePrepopulate" time="0.053"/>
  <system-out/>
  <testcase classname="org.test.TeamUserContractor" name="locationZipcodePrepopulate" time="0.437"/>
  <system-out/>
  <testcase classname="org.test.TeamUserContractor" name="editmandatoryValidationContractorFirstNameField" time="0.411"/>
  <system-out/>
  <testcase classname="org.test.TeamUserContractor" name="editmandatoryValidationContractorEmailField" time="0.091"/>
  <system-out/>
  <testcase classname="org.test.TeamUserContractor" name="editmaxValidationContractorFirstNameField" time="0.686"/>
  <system-out/>
  <testcase classname="org.test.TeamUserContractor" name="editmaxValidationContractorLastNameField" time="0.689"/>
  <system-out/>
  <testcase classname="org.test.TeamUserContractor" name="editinvalidContractorEmailValidation" time="0.206"/>
  <system-out/>
  <testcase classname="org.test.TeamUserContractor" name="editmaxValidationContractorEmailFields" time="0.673"/>
  <system-out/>
  <testcase classname="org.test.TeamUserContractor" name="editminValidatonContractorPhoneNumber" time="0.216"/>
  <system-out/>
  <testcase classname="org.test.TeamUserContractor" name="editspecialCharacterPhoneNumberField" time="0.207"/>
  <system-out/>
  <testcase classname="org.test.TeamUserContractor" name="editmaxValidatonContractorPhoneNumber" time="1.787"/>
  <system-out/>
  <testcase classname="org.test.TeamUserContractor" name="editmaxValidationLocationName" time="0.602"/>
  <system-out/>
  <testcase classname="org.test.TeamUserContractor" name="editmaxValidationAddress1" time="0.607"/>
  <system-out/>
  <testcase classname="org.test.TeamUserContractor" name="editmaxValidationAddress2" time="0.634"/>
  <system-out/>
  <testcase classname="org.test.TeamUserContractor" name="editmaxValidationState" time="0.641"/>
  <system-out/>
  <testcase classname="org.test.TeamUserContractor" name="editmaxValidationCity" time="0.632"/>
  <system-out/>
  <testcase classname="org.test.TeamUserContractor" name="editminValidationZipcode" time="0.218"/>
  <system-out/>
  <testcase classname="org.test.TeamUserContractor" name="editspecialCharacterValidationZipcode" time="0.182"/>
  <system-out/>
  <testcase classname="org.test.TeamUserContractor" name="editmaxValidationZipcode" time="0.821"/>
  <system-out/>
  <testcase classname="org.test.TeamUserContractor" name="verifyUpdateExist" time="0.219"/>
  <system-out/>
  <testcase classname="org.test.TeamUserContractor" name="userEdit" time="7.470"/>
  <system-out/>
  <testcase classname="org.test.TeamUserContractor" name="deleteUserDetails" time="113.476"/>
=======
  <testcase classname="org.test.TeamUserContractor" name="locationNamePrepopulate" time="0.101"/>
  <system-out/>
  <testcase classname="org.test.TeamUserContractor" name="locationAddress1Prepopulate" time="0.096"/>
  <system-out/>
  <testcase classname="org.test.TeamUserContractor" name="locationAddress2Prepopulate" time="0.086"/>
  <system-out/>
  <testcase classname="org.test.TeamUserContractor" name="locationCityPrepopulate" time="0.132"/>
  <system-out/>
  <testcase classname="org.test.TeamUserContractor" name="locationStatePrepopulate" time="0.096"/>
  <system-out/>
  <testcase classname="org.test.TeamUserContractor" name="locationZipcodePrepopulate" time="0.731"/>
  <system-out/>
  <testcase classname="org.test.TeamUserContractor" name="editmandatoryValidationContractorFirstNameField" time="0.528"/>
  <system-out/>
  <testcase classname="org.test.TeamUserContractor" name="editmandatoryValidationContractorEmailField" time="20.354">
    <error message="Expected condition failed: waiting for visibility of element located by By.id: email_error (tried for 20 second(s) with 500 milliseconds interval)
Build info: version: &#039;3.141.5&#039;, revision: &#039;d54ebd709a&#039;, time: &#039;2018-11-06T11:42:16&#039;
System info: host: &#039;DESKTOP-5M7AM2E&#039;, ip: &#039;192.168.56.1&#039;, os.name: &#039;Windows 11&#039;, os.arch: &#039;amd64&#039;, os.version: &#039;10.0&#039;, java.version: &#039;17.0.3&#039;
Driver info: org.openqa.selenium.chrome.ChromeDriver
Capabilities {acceptInsecureCerts: false, browserName: chrome, browserVersion: 112.0.5615.139, chrome: {chromedriverVersion: 112.0.5615.49 (bd2a7bcb881c..., userDataDir: C:\Users\ZAIGOP~1\AppData\L...}, goog:chromeOptions: {debuggerAddress: localhost:54320}, javascriptEnabled: true, networkConnectionEnabled: false, pageLoadStrategy: normal, platform: WINDOWS, platformName: WINDOWS, proxy: Proxy(), setWindowRect: true, strictFileInteractability: false, timeouts: {implicit: 0, pageLoad: 300000, script: 30000}, unhandledPromptBehavior: dismiss and notify, webauthn:extension:credBlob: true, webauthn:extension:largeBlob: true, webauthn:extension:minPinLength: true, webauthn:extension:prf: true, webauthn:virtualAuthenticators: true}
Session ID: 1af5b3a97dbb104ce21e551e7ef585bf" type="org.openqa.selenium.TimeoutException">
      <![CDATA[org.openqa.selenium.TimeoutException: Expected condition failed: waiting for visibility of element located by By.id: email_error (tried for 20 second(s) with 500 milliseconds interval)
Build info: version: '3.141.5', revision: 'd54ebd709a', time: '2018-11-06T11:42:16'
System info: host: 'DESKTOP-5M7AM2E', ip: '192.168.56.1', os.name: 'Windows 11', os.arch: 'amd64', os.version: '10.0', java.version: '17.0.3'
Driver info: org.openqa.selenium.chrome.ChromeDriver
Capabilities {acceptInsecureCerts: false, browserName: chrome, browserVersion: 112.0.5615.139, chrome: {chromedriverVersion: 112.0.5615.49 (bd2a7bcb881c..., userDataDir: C:\Users\ZAIGOP~1\AppData\L...}, goog:chromeOptions: {debuggerAddress: localhost:54320}, javascriptEnabled: true, networkConnectionEnabled: false, pageLoadStrategy: normal, platform: WINDOWS, platformName: WINDOWS, proxy: Proxy(), setWindowRect: true, strictFileInteractability: false, timeouts: {implicit: 0, pageLoad: 300000, script: 30000}, unhandledPromptBehavior: dismiss and notify, webauthn:extension:credBlob: true, webauthn:extension:largeBlob: true, webauthn:extension:minPinLength: true, webauthn:extension:prf: true, webauthn:virtualAuthenticators: true}
Session ID: 1af5b3a97dbb104ce21e551e7ef585bf
at org.openqa.selenium.support.ui.WebDriverWait.timeoutException(WebDriverWait.java:95)
at org.openqa.selenium.support.ui.FluentWait.until(FluentWait.java:272)
at com.zaigo.pageobjects.TeamUserPage.getText(TeamUserPage.java:141)
at com.zaigo.pageobjects.TeamUserPage.errorMessage(TeamUserPage.java:379)
at com.zaigo.pageobjects.TeamUserPage.errorField(TeamUserPage.java:390)
at org.test.TeamUserContractor.editmandatoryValidationContractorEmailField(TeamUserContractor.java:1143)
at java.base/jdk.internal.reflect.NativeMethodAccessorImpl.invoke0(Native Method)
at java.base/jdk.internal.reflect.NativeMethodAccessorImpl.invoke(NativeMethodAccessorImpl.java:77)
at java.base/jdk.internal.reflect.DelegatingMethodAccessorImpl.invoke(DelegatingMethodAccessorImpl.java:43)
at java.base/java.lang.reflect.Method.invoke(Method.java:568)
at org.testng.internal.MethodInvocationHelper.invokeMethod(MethodInvocationHelper.java:133)
at org.testng.internal.TestInvoker.invokeMethod(TestInvoker.java:598)
at org.testng.internal.TestInvoker.invokeTestMethod(TestInvoker.java:173)
at org.testng.internal.MethodRunner.runInSequence(MethodRunner.java:46)
at org.testng.internal.TestInvoker$MethodInvocationAgent.invoke(TestInvoker.java:824)
at org.testng.internal.TestInvoker.invokeTestMethods(TestInvoker.java:146)
at org.testng.internal.TestMethodWorker.invokeTestMethods(TestMethodWorker.java:146)
at org.testng.internal.TestMethodWorker.run(TestMethodWorker.java:128)
at java.base/java.util.ArrayList.forEach(ArrayList.java:1511)
at org.testng.TestRunner.privateRun(TestRunner.java:794)
at org.testng.TestRunner.run(TestRunner.java:596)
at org.testng.SuiteRunner.runTest(SuiteRunner.java:377)
at org.testng.SuiteRunner.runSequentially(SuiteRunner.java:371)
at org.testng.SuiteRunner.privateRun(SuiteRunner.java:332)
at org.testng.SuiteRunner.run(SuiteRunner.java:276)
at org.testng.SuiteRunnerWorker.runSuite(SuiteRunnerWorker.java:53)
at org.testng.SuiteRunnerWorker.run(SuiteRunnerWorker.java:96)
at org.testng.TestNG.runSuitesSequentially(TestNG.java:1212)
at org.testng.TestNG.runSuitesSequentially(TestNG.java:1207)
at org.testng.TestNG.runSuitesLocally(TestNG.java:1134)
at org.testng.TestNG.runSuites(TestNG.java:1063)
at org.testng.TestNG.run(TestNG.java:1031)
at org.testng.remote.AbstractRemoteTestNG.run(AbstractRemoteTestNG.java:115)
at org.testng.remote.RemoteTestNG.initAndRun(RemoteTestNG.java:251)
at org.testng.remote.RemoteTestNG.main(RemoteTestNG.java:77)
]]>
    </error>
  </testcase> <!-- editmandatoryValidationContractorEmailField -->
  <system-out/>
  <testcase classname="org.test.TeamUserContractor" name="editmaxValidationContractorFirstNameField" time="1.166"/>
  <system-out/>
  <testcase classname="org.test.TeamUserContractor" name="editmaxValidationContractorLastNameField" time="1.195"/>
  <system-out/>
  <testcase classname="org.test.TeamUserContractor" name="editinvalidContractorEmailValidation" time="0.300"/>
  <system-out/>
  <testcase classname="org.test.TeamUserContractor" name="editmaxValidationContractorEmailFields" time="0.933"/>
  <system-out/>
  <testcase classname="org.test.TeamUserContractor" name="editminValidatonContractorPhoneNumber" time="0.305"/>
  <system-out/>
  <testcase classname="org.test.TeamUserContractor" name="editspecialCharacterPhoneNumberField" time="0.302"/>
  <system-out/>
  <testcase classname="org.test.TeamUserContractor" name="editmaxValidatonContractorPhoneNumber" time="2.749"/>
  <system-out/>
  <testcase classname="org.test.TeamUserContractor" name="editmaxValidationLocationName" time="1.050"/>
  <system-out/>
  <testcase classname="org.test.TeamUserContractor" name="editmaxValidationAddress1" time="0.963"/>
  <system-out/>
  <testcase classname="org.test.TeamUserContractor" name="editmaxValidationAddress2" time="1.014"/>
  <system-out/>
  <testcase classname="org.test.TeamUserContractor" name="editmaxValidationState" time="0.919"/>
  <system-out/>
  <testcase classname="org.test.TeamUserContractor" name="editmaxValidationCity" time="0.940"/>
  <system-out/>
  <testcase classname="org.test.TeamUserContractor" name="editminValidationZipcode" time="0.289"/>
  <system-out/>
  <testcase classname="org.test.TeamUserContractor" name="editspecialCharacterValidationZipcode" time="0.292"/>
  <system-out/>
  <testcase classname="org.test.TeamUserContractor" name="editmaxValidationZipcode" time="1.098"/>
  <system-out/>
  <testcase classname="org.test.TeamUserContractor" name="verifyUpdateExist" time="0.267"/>
  <system-out/>
  <testcase classname="org.test.TeamUserContractor" name="userEdit" time="8.861"/>
  <system-out/>
  <testcase classname="org.test.TeamUserContractor" name="deleteUserDetails" time="152.027"/>
>>>>>>> 8918fb077ada3f9074ba067a7b48b5e725492e12
  <system-out/>
</testsuite> <!-- org.test.TeamUserContractor -->
