<?xml version="1.0" encoding="UTF-8"?>
<!-- Generated by org.testng.reporters.JUnitReportReporter -->
<testsuite hostname="DESKTOP-5M7AM2E" failures="0" tests="11" name="org.test.SubscriptionYearlyPowerHouse" time="62.375" errors="0" timestamp="2023-06-09T16:40:32 IST" skipped="0">
  <testcase classname="org.test.SubscriptionYearlyPowerHouse" name="createTenant" time="48.233"/>
  <system-out/>
  <testcase classname="org.test.SubscriptionYearlyPowerHouse" name="subDomineURL" time="0.049"/>
  <system-out/>
  <testcase classname="org.test.SubscriptionYearlyPowerHouse" name="ownerName" time="0.085"/>
  <system-out/>
  <testcase classname="org.test.SubscriptionYearlyPowerHouse" name="modulepage" time="6.603"/>
  <system-out/>
  <testcase classname="org.test.SubscriptionYearlyPowerHouse" name="confirmPage" time="1.802"/>
  <system-out/>
  <testcase classname="org.test.SubscriptionYearlyPowerHouse" name="proAmount" time="0.059"/>
  <system-out/>
  <testcase classname="org.test.SubscriptionYearlyPowerHouse" name="totalAmount" time="0.048"/>
  <system-out/>
  <testcase classname="org.test.SubscriptionYearlyPowerHouse" name="billingInformation" time="3.520"/>
  <system-out/>
  <testcase classname="org.test.SubscriptionYearlyPowerHouse" name="billingInformationAmount" time="0.056"/>
  <system-out/>
  <testcase classname="org.test.SubscriptionYearlyPowerHouse" name="paymentDetailsPage" time="1.858"/>
  <system-out/>
  <testcase classname="org.test.SubscriptionYearlyPowerHouse" name="paymentDetailsAmount" time="0.062"/>
  <system-out/>
</testsuite> <!-- org.test.SubscriptionYearlyPowerHouse -->
