<?xml version="1.0" encoding="UTF-8"?>
<!-- Generated by org.testng.reporters.JUnitReportReporter -->
<testsuite hostname="DESKTOP-5M7AM2E" failures="0" tests="11" name="org.test.SubscriptionYearlyStarterPack" time="57.847" errors="0" timestamp="2023-06-23T15:22:45 IST" skipped="0">
  <testcase classname="org.test.SubscriptionYearlyStarterPack" name="createTenant" time="44.180"/>
  <system-out/>
  <testcase classname="org.test.SubscriptionYearlyStarterPack" name="subDomineURL" time="0.047"/>
  <system-out/>
  <testcase classname="org.test.SubscriptionYearlyStarterPack" name="ownerName" time="0.106"/>
  <system-out/>
  <testcase classname="org.test.SubscriptionYearlyStarterPack" name="modulepage" time="6.631"/>
  <system-out/>
  <testcase classname="org.test.SubscriptionYearlyStarterPack" name="confirmPage" time="1.802"/>
  <system-out/>
  <testcase classname="org.test.SubscriptionYearlyStarterPack" name="proAmount" time="0.062"/>
  <system-out/>
  <testcase classname="org.test.SubscriptionYearlyStarterPack" name="totalAmount" time="0.057"/>
  <system-out/>
  <testcase classname="org.test.SubscriptionYearlyStarterPack" name="billingInformation" time="2.991"/>
  <system-out/>
  <testcase classname="org.test.SubscriptionYearlyStarterPack" name="paymentDetailsPage" time="1.854"/>
  <system-out/>
  <testcase classname="org.test.SubscriptionYearlyStarterPack" name="billingInformationAmount" time="0.065"/>
  <system-out/>
  <testcase classname="org.test.SubscriptionYearlyStarterPack" name="paymentDetailsAmount" time="0.052"/>
  <system-out/>
</testsuite> <!-- org.test.SubscriptionYearlyStarterPack -->
