<?xml version="1.0" encoding="UTF-8"?>
<!-- Generated by org.testng.reporters.JUnitReportReporter -->
<testsuite hostname="DESKTOP-5M7AM2E" failures="0" tests="20" name="org.test.ServiceType" time="130.486" errors="0" timestamp="2023-04-23T22:29:52 IST" skipped="0">
  <testcase classname="org.test.ServiceType" name="loginPage" time="19.780"/>
  <system-out/>
  <testcase classname="org.test.ServiceType" name="settingModule" time="1.432"/>
  <system-out/>
  <testcase classname="org.test.ServiceType" name="leadSourceLabel" time="0.067"/>
  <system-out/>
  <testcase classname="org.test.ServiceType" name="createFormLabel" time="1.912"/>
  <system-out/>
  <testcase classname="org.test.ServiceType" name="mandatoryValidation" time="1.068"/>
  <system-out/>
  <testcase classname="org.test.ServiceType" name="maximumValidationServiceType" time="4.292"/>
  <system-out/>
  <testcase classname="org.test.ServiceType" name="verifySaveButtonExist" time="0.387"/>
  <system-out/>
  <testcase classname="org.test.ServiceType" name="serviceTypeCreate" time="8.233"/>
  <system-out/>
  <testcase classname="org.test.ServiceType" name="serviceTypeCreateList" time="0.052"/>
  <system-out/>
  <testcase classname="org.test.ServiceType" name="activeStatus" time="0.055"/>
  <system-out/>
  <testcase classname="org.test.ServiceType" name="alreadyExists" time="1.536"/>
  <system-out/>
  <testcase classname="org.test.ServiceType" name="editFormLabel" time="3.787"/>
  <system-out/>
  <testcase classname="org.test.ServiceType" name="editmandatoryValidation" time="0.975"/>
  <system-out/>
  <testcase classname="org.test.ServiceType" name="editmaximumValidationLeadSource" time="4.103"/>
  <system-out/>
  <testcase classname="org.test.ServiceType" name="verifyUpdateButtonExist" time="0.435"/>
  <system-out/>
  <testcase classname="org.test.ServiceType" name="leadSourceUpdate" time="8.284"/>
  <system-out/>
  <testcase classname="org.test.ServiceType" name="deleteBusinessUnit" time="15.842"/>
  <system-out/>
  <testcase classname="org.test.ServiceType" name="reflectCreateContactPage" time="28.820"/>
  <system-out/>
  <testcase classname="org.test.ServiceType" name="inactiveLeadSource" time="19.816"/>
  <system-out/>
  <testcase classname="org.test.ServiceType" name="deleteLeadSource" time="9.610"/>
  <system-out/>
</testsuite> <!-- org.test.ServiceType -->
