<?xml version="1.0" encoding="UTF-8"?>
<!-- Generated by org.testng.reporters.JUnitReportReporter -->
<testsuite hostname="DESKTOP-5M7AM2E" failures="0" tests="47" name="org.test.GlobalOrganizationRequest" time="468.753" errors="0" timestamp="2023-06-02T15:46:06 IST" skipped="0">
  <testcase classname="org.test.GlobalOrganizationRequest" name="loginPage" time="27.132"/>
  <system-out/>
  <testcase classname="org.test.GlobalOrganizationRequest" name="requestModule" time="1.928"/>
  <system-out/>
  <testcase classname="org.test.GlobalOrganizationRequest" name="labelValidation" time="1.586"/>
  <system-out/>
  <testcase classname="org.test.GlobalOrganizationRequest" name="contactMandatoryValidation" time="5.025"/>
  <system-out/>
  <testcase classname="org.test.GlobalOrganizationRequest" name="autoCompleteOrganizationCreation" time="23.540"/>
  <system-out/>
  <testcase classname="org.test.GlobalOrganizationRequest" name="autoCompleteOrganizationContactCreation" time="14.047"/>
  <system-out/>
  <testcase classname="org.test.GlobalOrganizationRequest" name="contactNumberDisplayed" time="0.113"/>
  <system-out/>
  <testcase classname="org.test.GlobalOrganizationRequest" name="mandatoryValidationLocation" time="0.082"/>
  <system-out/>
  <testcase classname="org.test.GlobalOrganizationRequest" name="maximumValidationLocation" time="4.786"/>
  <system-out/>
  <testcase classname="org.test.GlobalOrganizationRequest" name="maximumValidationTittle" time="0.723"/>
  <system-out/>
  <testcase classname="org.test.GlobalOrganizationRequest" name="mandatoryValidationDescription" time="0.091"/>
  <system-out/>
  <testcase classname="org.test.GlobalOrganizationRequest" name="maximumValidationDescription" time="3.838"/>
  <system-out/>
  <testcase classname="org.test.GlobalOrganizationRequest" name="maximumTagValidation" time="0.735"/>
  <system-out/>
  <testcase classname="org.test.GlobalOrganizationRequest" name="duplicateTagsValidation" time="0.448"/>
  <system-out/>
  <testcase classname="org.test.GlobalOrganizationRequest" name="maxTagLimitValidation" time="15.418"/>
  <system-out/>
  <testcase classname="org.test.GlobalOrganizationRequest" name="maximumValidationNotes" time="3.804"/>
  <system-out/>
  <testcase classname="org.test.GlobalOrganizationRequest" name="createButton" time="0.079"/>
  <system-out/>
  <testcase classname="org.test.GlobalOrganizationRequest" name="unsssignedRequest" time="35.116"/>
  <system-out/>
  <testcase classname="org.test.GlobalOrganizationRequest" name="requestUnassignedStatus" time="0.188"/>
  <system-out/>
  <testcase classname="org.test.GlobalOrganizationRequest" name="labelEditValidation" time="15.678"/>
  <system-out/>
  <testcase classname="org.test.GlobalOrganizationRequest" name="editmandatoryValidationLocation" time="0.118"/>
  <system-out/>
  <testcase classname="org.test.GlobalOrganizationRequest" name="editmaximumValidationLocation" time="6.516"/>
  <system-out/>
  <testcase classname="org.test.GlobalOrganizationRequest" name="editmaximumValidationTittle" time="0.984"/>
  <system-out/>
  <testcase classname="org.test.GlobalOrganizationRequest" name="editmandatoryValidationDescription" time="0.123"/>
  <system-out/>
  <testcase classname="org.test.GlobalOrganizationRequest" name="editmaximumValidationDescription" time="4.156"/>
  <system-out/>
  <testcase classname="org.test.GlobalOrganizationRequest" name="editmaximumTagValidation" time="0.680"/>
  <system-out/>
  <testcase classname="org.test.GlobalOrganizationRequest" name="editduplicateTagsValidation" time="0.414"/>
  <system-out/>
  <testcase classname="org.test.GlobalOrganizationRequest" name="editmaxTagLimitValidation" time="19.651"/>
  <system-out/>
  <testcase classname="org.test.GlobalOrganizationRequest" name="editmaximumValidationNotes" time="5.461"/>
  <system-out/>
  <testcase classname="org.test.GlobalOrganizationRequest" name="updateButton" time="0.119"/>
  <system-out/>
  <testcase classname="org.test.GlobalOrganizationRequest" name="checkResponseCode" time="3.607"/>
  <system-out/>
  <testcase classname="org.test.GlobalOrganizationRequest" name="updatedRequest" time="13.613"/>
  <system-out/>
  <testcase classname="org.test.GlobalOrganizationRequest" name="createRequest_FromDateandTime_ToDateandTime" time="56.080"/>
  <system-out/>
  <testcase classname="org.test.GlobalOrganizationRequest" name="requestScheduleStatus" time="0.180"/>
  <system-out/>
  <testcase classname="org.test.GlobalOrganizationRequest" name="dispatchedRequest" time="27.447"/>
  <system-out/>
  <testcase classname="org.test.GlobalOrganizationRequest" name="requestDispatchedStatus" time="8.973"/>
  <system-out/>
  <testcase classname="org.test.GlobalOrganizationRequest" name="startedRequest" time="23.797"/>
  <system-out/>
  <testcase classname="org.test.GlobalOrganizationRequest" name="requestStartedStatus" time="9.649"/>
  <system-out/>
  <testcase classname="org.test.GlobalOrganizationRequest" name="completedRequest" time="24.275"/>
  <system-out/>
  <testcase classname="org.test.GlobalOrganizationRequest" name="requestCompleteStatus" time="8.964"/>
  <system-out/>
  <testcase classname="org.test.GlobalOrganizationRequest" name="cancelledRequest" time="33.459"/>
  <system-out/>
  <testcase classname="org.test.GlobalOrganizationRequest" name="requestCancelledStatus" time="0.498"/>
  <system-out/>
  <testcase classname="org.test.GlobalOrganizationRequest" name="searchCustomerName" time="6.082"/>
  <system-out/>
  <testcase classname="org.test.GlobalOrganizationRequest" name="searchRequestNo" time="5.252"/>
  <system-out/>
  <testcase classname="org.test.GlobalOrganizationRequest" name="searchLocation" time="27.210"/>
  <system-out/>
  <testcase classname="org.test.GlobalOrganizationRequest" name="searchFilterByDate" time="21.351"/>
  <system-out/>
  <testcase classname="org.test.GlobalOrganizationRequest" name="searchInvalid" time="5.737"/>
  <system-out/>
</testsuite> <!-- org.test.GlobalOrganizationRequest -->
