<?xml version="1.0" encoding="UTF-8"?>
<!-- Generated by org.testng.reporters.JUnitReportReporter -->
<testsuite hostname="DESKTOP-5M7AM2E" failures="0" tests="20" name="org.test.LeadSource" time="134.602" errors="0" timestamp="2023-05-26T11:27:15 IST" skipped="0">
  <testcase classname="org.test.LeadSource" name="loginPage" time="25.850"/>
  <system-out/>
  <testcase classname="org.test.LeadSource" name="settingModule" time="1.624"/>
  <system-out/>
  <testcase classname="org.test.LeadSource" name="leadSourceLabel" time="0.113"/>
  <system-out/>
  <testcase classname="org.test.LeadSource" name="createFormLabel" time="1.899"/>
  <system-out/>
  <testcase classname="org.test.LeadSource" name="mandatoryValidation" time="1.393"/>
  <system-out/>
  <testcase classname="org.test.LeadSource" name="maximumValidationLeadSource" time="5.868"/>
  <system-out/>
  <testcase classname="org.test.LeadSource" name="verifySaveButtonExist" time="0.412"/>
  <system-out/>
  <testcase classname="org.test.LeadSource" name="leadSourceCreate" time="8.201"/>
  <system-out/>
  <testcase classname="org.test.LeadSource" name="leadSourceCreateList" time="0.056"/>
  <system-out/>
  <testcase classname="org.test.LeadSource" name="activeStatus" time="0.059"/>
  <system-out/>
  <testcase classname="org.test.LeadSource" name="editFormLabel" time="2.364"/>
  <system-out/>
  <testcase classname="org.test.LeadSource" name="editmandatoryValidation" time="1.239"/>
  <system-out/>
  <testcase classname="org.test.LeadSource" name="editmaximumValidationLeadSource" time="5.896"/>
  <system-out/>
  <testcase classname="org.test.LeadSource" name="verifyUpdateButtonExist" time="0.507"/>
  <system-out/>
  <testcase classname="org.test.LeadSource" name="leadSourceUpdate" time="8.130"/>
  <system-out/>
  <testcase classname="org.test.LeadSource" name="alreadyExists" time="1.706"/>
  <system-out/>
  <testcase classname="org.test.LeadSource" name="deleteBusinessUnit" time="16.716"/>
  <system-out/>
  <testcase classname="org.test.LeadSource" name="reflectCreateContactPage" time="27.099"/>
  <system-out/>
  <testcase classname="org.test.LeadSource" name="inactiveLeadSource" time="15.802"/>
  <system-out/>
  <testcase classname="org.test.LeadSource" name="deleteLeadSource" time="9.668"/>
  <system-out/>
</testsuite> <!-- org.test.LeadSource -->
