<?xml version="1.0" encoding="UTF-8"?>
<!-- Generated by org.testng.reporters.JUnitReportReporter -->
<testsuite hostname="DESKTOP-5M7AM2E" failures="0" tests="28" name="org.test.CustomerContactRequest" time="207.120" errors="0" timestamp="2023-01-13T12:47:15 IST" skipped="0">
  <testcase classname="org.test.CustomerContactRequest" name="loginPage" time="35.061"/>
  <system-out/>
  <testcase classname="org.test.CustomerContactRequest" name="contactModule" time="8.642"/>
  <system-out/>
  <testcase classname="org.test.CustomerContactRequest" name="CreateContact" time="15.647"/>
  <system-out/>
  <testcase classname="org.test.CustomerContactRequest" name="labelValidation" time="8.077"/>
  <system-out/>
  <testcase classname="org.test.CustomerContactRequest" name="maximumValidationTittle" time="7.460"/>
  <system-out/>
  <testcase classname="org.test.CustomerContactRequest" name="mandatoryValidationDescription" time="0.235"/>
  <system-out/>
  <testcase classname="org.test.CustomerContactRequest" name="maximumValidationDescription" time="7.030"/>
  <system-out/>
  <testcase classname="org.test.CustomerContactRequest" name="maximumTagValidation" time="1.153"/>
  <system-out/>
  <testcase classname="org.test.CustomerContactRequest" name="duplicateTagsValidation" time="0.441"/>
  <system-out/>
  <testcase classname="org.test.CustomerContactRequest" name="maxTagLimitValidation" time="10.627"/>
  <system-out/>
  <testcase classname="org.test.CustomerContactRequest" name="maximumValidationNotes" time="7.347"/>
  <system-out/>
  <testcase classname="org.test.CustomerContactRequest" name="unsssignedJob" time="15.227"/>
  <system-out/>
  <testcase classname="org.test.CustomerContactRequest" name="jobUnassignedStatus" time="2.721"/>
  <system-out/>
  <testcase classname="org.test.CustomerContactRequest" name="createJob_FromDateandTime_ToDateandTime" time="20.057"/>
  <system-out/>
  <testcase classname="org.test.CustomerContactRequest" name="jobScheduleStatus" time="2.209"/>
  <system-out/>
  <testcase classname="org.test.CustomerContactRequest" name="dispatchedJob" time="12.138"/>
  <system-out/>
  <testcase classname="org.test.CustomerContactRequest" name="jobDispatchedStatus" time="2.199"/>
  <system-out/>
  <testcase classname="org.test.CustomerContactRequest" name="startedJob" time="5.174"/>
  <system-out/>
  <testcase classname="org.test.CustomerContactRequest" name="jobStartedStatus" time="2.174"/>
  <system-out/>
  <testcase classname="org.test.CustomerContactRequest" name="completedJob" time="5.540"/>
  <system-out/>
  <testcase classname="org.test.CustomerContactRequest" name="cancelledJob" time="5.539"/>
  <system-out/>
  <testcase classname="org.test.CustomerContactRequest" name="jobCancelledStatus" time="0.822"/>
  <system-out/>
  <testcase classname="org.test.CustomerContactRequest" name="jobDraftStatus" time="9.969"/>
  <system-out/>
  <testcase classname="org.test.CustomerContactRequest" name="deletedJob" time="2.059"/>
  <system-out/>
  <testcase classname="org.test.CustomerContactRequest" name="searchJobNo" time="5.858"/>
  <system-out/>
  <testcase classname="org.test.CustomerContactRequest" name="searchLocation" time="5.841"/>
  <system-out/>
  <testcase classname="org.test.CustomerContactRequest" name="searchFilterByDate" time="6.050"/>
  <system-out/>
  <testcase classname="org.test.CustomerContactRequest" name="searchInvalid" time="1.823"/>
  <system-out/>
</testsuite> <!-- org.test.CustomerContactRequest -->
