<?xml version="1.0" encoding="UTF-8"?>
<!-- Generated by org.testng.reporters.JUnitReportReporter -->
<testsuite hostname="DESKTOP-5M7AM2E" failures="0" tests="17" name="org.enhancement.TeamUser" time="362.804" errors="0" timestamp="2023-05-05T16:37:05 IST" skipped="0">
  <testcase classname="org.enhancement.TeamUser" name="verify" time="42.990"/>
  <system-out/>
  <testcase classname="org.enhancement.TeamUser" name="TeamUserPage" time="14.637"/>
  <system-out/>
  <testcase classname="org.enhancement.TeamUser" name="userCreate" time="21.142"/>
  <system-out/>
  <testcase classname="org.enhancement.TeamUser" name="userCreate" time="15.237"/>
  <system-out/>
  <testcase classname="org.enhancement.TeamUser" name="userCreate" time="25.058"/>
  <system-out/>
  <testcase classname="org.enhancement.TeamUser" name="userCreate" time="15.274"/>
  <system-out/>
  <testcase classname="org.enhancement.TeamUser" name="userCreate" time="21.818"/>
  <system-out/>
  <testcase classname="org.enhancement.TeamUser" name="userCreate" time="19.232"/>
  <system-out/>
  <testcase classname="org.enhancement.TeamUser" name="userCreate" time="34.973"/>
  <system-out/>
  <testcase classname="org.enhancement.TeamUser" name="userCreate" time="18.990"/>
  <system-out/>
  <testcase classname="org.enhancement.TeamUser" name="userCreate" time="19.182"/>
  <system-out/>
  <testcase classname="org.enhancement.TeamUser" name="userCreate" time="16.376"/>
  <system-out/>
  <testcase classname="org.enhancement.TeamUser" name="userCreate" time="16.541"/>
  <system-out/>
  <testcase classname="org.enhancement.TeamUser" name="userCreate" time="23.197"/>
  <system-out/>
  <testcase classname="org.enhancement.TeamUser" name="userCreate" time="18.448"/>
  <system-out/>
  <testcase classname="org.enhancement.TeamUser" name="userCreate" time="19.415"/>
  <system-out/>
  <testcase classname="org.enhancement.TeamUser" name="userCreate" time="20.294"/>
  <system-out/>
</testsuite> <!-- org.enhancement.TeamUser -->
