<?xml version="1.0" encoding="UTF-8"?>
<!-- Generated by org.testng.reporters.JUnitReportReporter -->
<testsuite hostname="DESKTOP-5M7AM2E" failures="0" tests="26" name="org.test.TaxModule" time="153.021" errors="0" timestamp="2023-05-26T11:27:15 IST" skipped="0">
  <testcase classname="org.test.TaxModule" name="loginPage" time="29.743"/>
  <system-out/>
  <testcase classname="org.test.TaxModule" name="settingModule" time="1.773"/>
  <system-out/>
  <testcase classname="org.test.TaxModule" name="createFormLabel" time="1.099"/>
  <system-out/>
  <testcase classname="org.test.TaxModule" name="mandatoryValidationTaxName" time="0.282"/>
  <system-out/>
  <testcase classname="org.test.TaxModule" name="mandatoryValidationDescription" time="0.058"/>
  <system-out/>
  <testcase classname="org.test.TaxModule" name="maximumValidationProductName" time="7.962"/>
  <system-out/>
  <testcase classname="org.test.TaxModule" name="subTaxPercentageEqual" time="7.553"/>
  <system-out/>
  <testcase classname="org.test.TaxModule" name="subTaxNameUnique" time="6.883"/>
  <system-out/>
  <testcase classname="org.test.TaxModule" name="maximumValidationTaxPercentage" time="7.751"/>
  <system-out/>
  <testcase classname="org.test.TaxModule" name="createButton" time="0.079"/>
  <system-out/>
  <testcase classname="org.test.TaxModule" name="createTax" time="7.205"/>
  <system-out/>
  <testcase classname="org.test.TaxModule" name="createdTaxList" time="0.059"/>
  <system-out/>
  <testcase classname="org.test.TaxModule" name="uniqueValidationTaxName" time="7.961"/>
  <system-out/>
  <testcase classname="org.test.TaxModule" name="editFormLabel" time="2.967"/>
  <system-out/>
  <testcase classname="org.test.TaxModule" name="editmandatoryValidationTaxName" time="0.220"/>
  <system-out/>
  <testcase classname="org.test.TaxModule" name="editmandatoryValidationDescription" time="0.057"/>
  <system-out/>
  <testcase classname="org.test.TaxModule" name="editmaximumValidationProductName" time="7.533"/>
  <system-out/>
  <testcase classname="org.test.TaxModule" name="editmaximumValidationTaxPercentage" time="7.526"/>
  <system-out/>
  <testcase classname="org.test.TaxModule" name="editsubTaxNameUnique" time="6.687"/>
  <system-out/>
  <testcase classname="org.test.TaxModule" name="editsubTaxPercentageEqual" time="7.507"/>
  <system-out/>
  <testcase classname="org.test.TaxModule" name="updateButton" time="0.059"/>
  <system-out/>
  <testcase classname="org.test.TaxModule" name="updatedTax" time="6.636"/>
  <system-out/>
  <testcase classname="org.test.TaxModule" name="deleteTax" time="7.299"/>
  <system-out/>
  <testcase classname="org.test.TaxModule" name="updatedTaxList" time="9.085"/>
  <system-out/>
  <testcase classname="org.test.TaxModule" name="createdTaxRefectProductService" time="15.220"/>
  <system-out/>
  <testcase classname="org.test.TaxModule" name="editTaxRefectProductService" time="3.817"/>
  <system-out/>
</testsuite> <!-- org.test.TaxModule -->
