<?xml version="1.0" encoding="UTF-8"?>
<!-- Generated by org.testng.reporters.JUnitReportReporter -->
<testsuite hostname="DESKTOP-5M7AM2E" failures="0" tests="39" name="org.test.ServiceModule" time="384.850" errors="2" timestamp="2023-07-11T20:17:20 IST" skipped="21">
  <testcase classname="org.test.ServiceModule" name="loginPage" time="52.665"/>
  <testcase classname="org.test.ServiceModule" name="deleteAfterCatch" time="0.022">
    <error message="disconnected: not connected to DevTools
  (failed to check if window was closed: disconnected: not connected to DevTools)
  (Session info: chrome=114.0.5735.199)
Build info: version: &#039;3.141.5&#039;, revision: &#039;d54ebd709a&#039;, time: &#039;2018-11-06T11:42:16&#039;
System info: host: &#039;DESKTOP-5M7AM2E&#039;, ip: &#039;192.168.56.1&#039;, os.name: &#039;Windows 11&#039;, os.arch: &#039;amd64&#039;, os.version: &#039;10.0&#039;, java.version: &#039;17.0.3&#039;
Driver info: org.openqa.selenium.chrome.ChromeDriver
Capabilities {acceptInsecureCerts: false, browserName: chrome, browserVersion: 114.0.5735.199, chrome: {chromedriverVersion: 114.0.5735.90 (386bc09e8f4f..., userDataDir: C:\Users\ZAIGOP~1\AppData\L...}, goog:chromeOptions: {debuggerAddress: localhost:51843}, javascriptEnabled: true, networkConnectionEnabled: false, pageLoadStrategy: normal, platform: WINDOWS, platformName: WINDOWS, proxy: Proxy(), setWindowRect: true, strictFileInteractability: false, timeouts: {implicit: 0, pageLoad: 300000, script: 30000}, unhandledPromptBehavior: dismiss and notify, webauthn:extension:credBlob: true, webauthn:extension:largeBlob: true, webauthn:extension:minPinLength: true, webauthn:extension:prf: true, webauthn:virtualAuthenticators: true}
Session ID: aedd8e042c4d3eabd97731a4bd2343d4" type="org.openqa.selenium.WebDriverException">
      <![CDATA[org.openqa.selenium.WebDriverException: disconnected: not connected to DevTools
  (failed to check if window was closed: disconnected: not connected to DevTools)
  (Session info: chrome=114.0.5735.199)
Build info: version: '3.141.5', revision: 'd54ebd709a', time: '2018-11-06T11:42:16'
System info: host: 'DESKTOP-5M7AM2E', ip: '192.168.56.1', os.name: 'Windows 11', os.arch: 'amd64', os.version: '10.0', java.version: '17.0.3'
Driver info: org.openqa.selenium.chrome.ChromeDriver
Capabilities {acceptInsecureCerts: false, browserName: chrome, browserVersion: 114.0.5735.199, chrome: {chromedriverVersion: 114.0.5735.90 (386bc09e8f4f..., userDataDir: C:\Users\ZAIGOP~1\AppData\L...}, goog:chromeOptions: {debuggerAddress: localhost:51843}, javascriptEnabled: true, networkConnectionEnabled: false, pageLoadStrategy: normal, platform: WINDOWS, platformName: WINDOWS, proxy: Proxy(), setWindowRect: true, strictFileInteractability: false, timeouts: {implicit: 0, pageLoad: 300000, script: 30000}, unhandledPromptBehavior: dismiss and notify, webauthn:extension:credBlob: true, webauthn:extension:largeBlob: true, webauthn:extension:minPinLength: true, webauthn:extension:prf: true, webauthn:virtualAuthenticators: true}
Session ID: aedd8e042c4d3eabd97731a4bd2343d4
at java.base/jdk.internal.reflect.NativeConstructorAccessorImpl.newInstance0(Native Method)
at java.base/jdk.internal.reflect.NativeConstructorAccessorImpl.newInstance(NativeConstructorAccessorImpl.java:77)
at java.base/jdk.internal.reflect.DelegatingConstructorAccessorImpl.newInstance(DelegatingConstructorAccessorImpl.java:45)
at java.base/java.lang.reflect.Constructor.newInstanceWithCaller(Constructor.java:499)
at java.base/java.lang.reflect.Constructor.newInstance(Constructor.java:480)
at org.openqa.selenium.remote.http.W3CHttpResponseCodec.createException(W3CHttpResponseCodec.java:187)
at org.openqa.selenium.remote.http.W3CHttpResponseCodec.decode(W3CHttpResponseCodec.java:122)
at org.openqa.selenium.remote.http.W3CHttpResponseCodec.decode(W3CHttpResponseCodec.java:49)
at org.openqa.selenium.remote.HttpCommandExecutor.execute(HttpCommandExecutor.java:158)
at org.openqa.selenium.remote.service.DriverCommandExecutor.execute(DriverCommandExecutor.java:83)
at org.openqa.selenium.remote.RemoteWebDriver.execute(RemoteWebDriver.java:552)
at org.openqa.selenium.remote.RemoteWebDriver.execute(RemoteWebDriver.java:609)
at org.openqa.selenium.remote.RemoteWebDriver$RemoteWebDriverOptions.deleteAllCookies(RemoteWebDriver.java:694)
at org.test.ServiceModule.deleteAfterCatch(ServiceModule.java:58)
at jdk.internal.reflect.GeneratedMethodAccessor4.invoke(Unknown Source)
at java.base/jdk.internal.reflect.DelegatingMethodAccessorImpl.invoke(DelegatingMethodAccessorImpl.java:43)
at java.base/java.lang.reflect.Method.invoke(Method.java:568)
at org.testng.internal.invokers.MethodInvocationHelper.invokeMethod(MethodInvocationHelper.java:139)
at org.testng.internal.invokers.MethodInvocationHelper.invokeMethodConsideringTimeout(MethodInvocationHelper.java:69)
at org.testng.internal.invokers.ConfigInvoker.invokeConfigurationMethod(ConfigInvoker.java:390)
at org.testng.internal.invokers.ConfigInvoker.invokeConfigurations(ConfigInvoker.java:325)
at org.testng.internal.invokers.TestInvoker.runConfigMethods(TestInvoker.java:810)
at org.testng.internal.invokers.TestInvoker.runAfterConfigurations(TestInvoker.java:779)
at org.testng.internal.invokers.TestInvoker.invokeMethod(TestInvoker.java:755)
at org.testng.internal.invokers.TestInvoker.invokeTestMethod(TestInvoker.java:227)
at org.testng.internal.invokers.MethodRunner.runInSequence(MethodRunner.java:50)
at org.testng.internal.invokers.TestInvoker$MethodInvocationAgent.invoke(TestInvoker.java:957)
at org.testng.internal.invokers.TestInvoker.invokeTestMethods(TestInvoker.java:200)
at org.testng.internal.invokers.TestMethodWorker.invokeTestMethods(TestMethodWorker.java:148)
at org.testng.internal.invokers.TestMethodWorker.run(TestMethodWorker.java:128)
at java.base/java.util.ArrayList.forEach(ArrayList.java:1511)
at org.testng.TestRunner.privateRun(TestRunner.java:848)
at org.testng.TestRunner.run(TestRunner.java:621)
at org.testng.SuiteRunner.runTest(SuiteRunner.java:443)
at org.testng.SuiteRunner.runSequentially(SuiteRunner.java:437)
at org.testng.SuiteRunner.privateRun(SuiteRunner.java:397)
at org.testng.SuiteRunner.run(SuiteRunner.java:336)
at org.testng.SuiteRunnerWorker.runSuite(SuiteRunnerWorker.java:52)
at org.testng.SuiteRunnerWorker.run(SuiteRunnerWorker.java:95)
at org.testng.TestNG.runSuitesSequentially(TestNG.java:1280)
at org.testng.TestNG.runSuitesLocally(TestNG.java:1200)
at org.testng.TestNG.runSuites(TestNG.java:1114)
at org.testng.TestNG.run(TestNG.java:1082)
at org.testng.remote.AbstractRemoteTestNG.run(AbstractRemoteTestNG.java:115)
at org.testng.remote.RemoteTestNG.initAndRun(RemoteTestNG.java:251)
at org.testng.remote.RemoteTestNG.main(RemoteTestNG.java:77)
]]>
    </error>
  </testcase> <!-- deleteAfterCatch -->
  <testcase classname="org.test.ServiceModule" name="settingModule" time="2.883"/>
  <testcase classname="org.test.ServiceModule" name="createFormLabel" time="1.999"/>
  <testcase classname="org.test.ServiceModule" name="mandatoryValidationServiceName" time="0.401"/>
  <testcase classname="org.test.ServiceModule" name="mandatoryValidationDescription" time="0.121"/>
  <testcase classname="org.test.ServiceModule" name="mandatoryValidationPrice" time="0.120"/>
  <testcase classname="org.test.ServiceModule" name="mandatoryValidationTaxName" time="1.017"/>
  <testcase classname="org.test.ServiceModule" name="mandatoryValidationTaxPercentage" time="0.104"/>
  <testcase classname="org.test.ServiceModule" name="maximumValidationServiceName" time="1.105"/>
  <testcase classname="org.test.ServiceModule" name="maximumValidationDescription" time="43.670"/>
  <testcase classname="org.test.ServiceModule" name="maximumValidationPrice" time="0.232"/>
  <testcase classname="org.test.ServiceModule" name="beforeDecimalPointPriceField" time="0.224"/>
  <testcase classname="org.test.ServiceModule" name="afterDecimalPointPriceField" time="0.224"/>
  <testcase classname="org.test.ServiceModule" name="beforeDecimalPointTaxPercentageField" time="0.384"/>
  <testcase classname="org.test.ServiceModule" name="afterDecimalPointTaxPercentageField" time="0.384"/>
  <testcase classname="org.test.ServiceModule" name="createButton" time="0.216"/>
  <testcase classname="org.test.ServiceModule" name="createProduct" time="279.078">
    <error message="disconnected: not connected to DevTools
  (failed to check if window was closed: disconnected: not connected to DevTools)
  (Session info: chrome=114.0.5735.199)
Build info: version: &#039;3.141.5&#039;, revision: &#039;d54ebd709a&#039;, time: &#039;2018-11-06T11:42:16&#039;
System info: host: &#039;DESKTOP-5M7AM2E&#039;, ip: &#039;192.168.56.1&#039;, os.name: &#039;Windows 11&#039;, os.arch: &#039;amd64&#039;, os.version: &#039;10.0&#039;, java.version: &#039;17.0.3&#039;
Driver info: org.openqa.selenium.chrome.ChromeDriver
Capabilities {acceptInsecureCerts: false, browserName: chrome, browserVersion: 114.0.5735.199, chrome: {chromedriverVersion: 114.0.5735.90 (386bc09e8f4f..., userDataDir: C:\Users\ZAIGOP~1\AppData\L...}, goog:chromeOptions: {debuggerAddress: localhost:51843}, javascriptEnabled: true, networkConnectionEnabled: false, pageLoadStrategy: normal, platform: WINDOWS, platformName: WINDOWS, proxy: Proxy(), setWindowRect: true, strictFileInteractability: false, timeouts: {implicit: 0, pageLoad: 300000, script: 30000}, unhandledPromptBehavior: dismiss and notify, webauthn:extension:credBlob: true, webauthn:extension:largeBlob: true, webauthn:extension:minPinLength: true, webauthn:extension:prf: true, webauthn:virtualAuthenticators: true}
Session ID: aedd8e042c4d3eabd97731a4bd2343d4
*** Element info: {Using=xpath, value=//*[@class=&#039;js-snackbar__message&#039;]}" type="org.openqa.selenium.WebDriverException">
      <![CDATA[org.openqa.selenium.WebDriverException: disconnected: not connected to DevTools
  (failed to check if window was closed: disconnected: not connected to DevTools)
  (Session info: chrome=114.0.5735.199)
Build info: version: '3.141.5', revision: 'd54ebd709a', time: '2018-11-06T11:42:16'
System info: host: 'DESKTOP-5M7AM2E', ip: '192.168.56.1', os.name: 'Windows 11', os.arch: 'amd64', os.version: '10.0', java.version: '17.0.3'
Driver info: org.openqa.selenium.chrome.ChromeDriver
Capabilities {acceptInsecureCerts: false, browserName: chrome, browserVersion: 114.0.5735.199, chrome: {chromedriverVersion: 114.0.5735.90 (386bc09e8f4f..., userDataDir: C:\Users\ZAIGOP~1\AppData\L...}, goog:chromeOptions: {debuggerAddress: localhost:51843}, javascriptEnabled: true, networkConnectionEnabled: false, pageLoadStrategy: normal, platform: WINDOWS, platformName: WINDOWS, proxy: Proxy(), setWindowRect: true, strictFileInteractability: false, timeouts: {implicit: 0, pageLoad: 300000, script: 30000}, unhandledPromptBehavior: dismiss and notify, webauthn:extension:credBlob: true, webauthn:extension:largeBlob: true, webauthn:extension:minPinLength: true, webauthn:extension:prf: true, webauthn:virtualAuthenticators: true}
Session ID: aedd8e042c4d3eabd97731a4bd2343d4
*** Element info: {Using=xpath, value=//*[@class='js-snackbar__message']}
at java.base/jdk.internal.reflect.NativeConstructorAccessorImpl.newInstance0(Native Method)
at java.base/jdk.internal.reflect.NativeConstructorAccessorImpl.newInstance(NativeConstructorAccessorImpl.java:77)
at java.base/jdk.internal.reflect.DelegatingConstructorAccessorImpl.newInstance(DelegatingConstructorAccessorImpl.java:45)
at java.base/java.lang.reflect.Constructor.newInstanceWithCaller(Constructor.java:499)
at java.base/java.lang.reflect.Constructor.newInstance(Constructor.java:480)
at org.openqa.selenium.remote.http.W3CHttpResponseCodec.createException(W3CHttpResponseCodec.java:187)
at org.openqa.selenium.remote.http.W3CHttpResponseCodec.decode(W3CHttpResponseCodec.java:122)
at org.openqa.selenium.remote.http.W3CHttpResponseCodec.decode(W3CHttpResponseCodec.java:49)
at org.openqa.selenium.remote.HttpCommandExecutor.execute(HttpCommandExecutor.java:158)
at org.openqa.selenium.remote.service.DriverCommandExecutor.execute(DriverCommandExecutor.java:83)
at org.openqa.selenium.remote.RemoteWebDriver.execute(RemoteWebDriver.java:552)
at org.openqa.selenium.remote.RemoteWebDriver.findElement(RemoteWebDriver.java:323)
at org.openqa.selenium.remote.RemoteWebDriver.findElementByXPath(RemoteWebDriver.java:428)
at org.openqa.selenium.By$ByXPath.findElement(By.java:353)
at org.openqa.selenium.remote.RemoteWebDriver.findElement(RemoteWebDriver.java:315)
at org.openqa.selenium.support.ui.ExpectedConditions$20.apply(ExpectedConditions.java:577)
at org.openqa.selenium.support.ui.ExpectedConditions$20.apply(ExpectedConditions.java:573)
at org.openqa.selenium.support.ui.FluentWait.until(FluentWait.java:249)
at com.zaigo.pageobjects.ProductServicePage.invisible(ProductServicePage.java:183)
at com.zaigo.pageobjects.ProductServicePage.message(ProductServicePage.java:543)
at org.test.ServiceModule.createProduct(ServiceModule.java:476)
at java.base/jdk.internal.reflect.NativeMethodAccessorImpl.invoke0(Native Method)
at java.base/jdk.internal.reflect.NativeMethodAccessorImpl.invoke(NativeMethodAccessorImpl.java:77)
at java.base/jdk.internal.reflect.DelegatingMethodAccessorImpl.invoke(DelegatingMethodAccessorImpl.java:43)
at java.base/java.lang.reflect.Method.invoke(Method.java:568)
at org.testng.internal.invokers.MethodInvocationHelper.invokeMethod(MethodInvocationHelper.java:139)
at org.testng.internal.invokers.TestInvoker.invokeMethod(TestInvoker.java:664)
at org.testng.internal.invokers.TestInvoker.invokeTestMethod(TestInvoker.java:227)
at org.testng.internal.invokers.MethodRunner.runInSequence(MethodRunner.java:50)
at org.testng.internal.invokers.TestInvoker$MethodInvocationAgent.invoke(TestInvoker.java:957)
at org.testng.internal.invokers.TestInvoker.invokeTestMethods(TestInvoker.java:200)
at org.testng.internal.invokers.TestMethodWorker.invokeTestMethods(TestMethodWorker.java:148)
at org.testng.internal.invokers.TestMethodWorker.run(TestMethodWorker.java:128)
at java.base/java.util.ArrayList.forEach(ArrayList.java:1511)
at org.testng.TestRunner.privateRun(TestRunner.java:848)
at org.testng.TestRunner.run(TestRunner.java:621)
at org.testng.SuiteRunner.runTest(SuiteRunner.java:443)
at org.testng.SuiteRunner.runSequentially(SuiteRunner.java:437)
at org.testng.SuiteRunner.privateRun(SuiteRunner.java:397)
at org.testng.SuiteRunner.run(SuiteRunner.java:336)
at org.testng.SuiteRunnerWorker.runSuite(SuiteRunnerWorker.java:52)
at org.testng.SuiteRunnerWorker.run(SuiteRunnerWorker.java:95)
at org.testng.TestNG.runSuitesSequentially(TestNG.java:1280)
at org.testng.TestNG.runSuitesLocally(TestNG.java:1200)
at org.testng.TestNG.runSuites(TestNG.java:1114)
at org.testng.TestNG.run(TestNG.java:1082)
at org.testng.remote.AbstractRemoteTestNG.run(AbstractRemoteTestNG.java:115)
at org.testng.remote.RemoteTestNG.initAndRun(RemoteTestNG.java:251)
at org.testng.remote.RemoteTestNG.main(RemoteTestNG.java:77)
]]>
    </error>
  </testcase> <!-- createProduct -->
  <testcase classname="org.test.ServiceModule" name="editFormLabel" time="0.000">
    <skipped/>
  </testcase> <!-- editFormLabel -->
  <testcase classname="org.test.ServiceModule" name="editmandatoryValidationServiceName" time="0.000">
    <skipped/>
  </testcase> <!-- editmandatoryValidationServiceName -->
  <testcase classname="org.test.ServiceModule" name="editmandatoryValidationDescription" time="0.000">
    <skipped/>
  </testcase> <!-- editmandatoryValidationDescription -->
  <testcase classname="org.test.ServiceModule" name="editmandatoryValidationPrice" time="0.000">
    <skipped/>
  </testcase> <!-- editmandatoryValidationPrice -->
  <testcase classname="org.test.ServiceModule" name="editmandatoryValidationTaxName" time="0.000">
    <skipped/>
  </testcase> <!-- editmandatoryValidationTaxName -->
  <testcase classname="org.test.ServiceModule" name="editmandatoryValidationTaxPercentage" time="0.000">
    <skipped/>
  </testcase> <!-- editmandatoryValidationTaxPercentage -->
  <testcase classname="org.test.ServiceModule" name="editmaximumValidationProductName" time="0.000">
    <skipped/>
  </testcase> <!-- editmaximumValidationProductName -->
  <testcase classname="org.test.ServiceModule" name="editmaximumValidationDescription" time="0.000">
    <skipped/>
  </testcase> <!-- editmaximumValidationDescription -->
  <testcase classname="org.test.ServiceModule" name="editmaximumValidationPrice" time="0.000">
    <skipped/>
  </testcase> <!-- editmaximumValidationPrice -->
  <testcase classname="org.test.ServiceModule" name="editbeforeDecimalPointPriceField" time="0.000">
    <skipped/>
  </testcase> <!-- editbeforeDecimalPointPriceField -->
  <testcase classname="org.test.ServiceModule" name="editafterDecimalPointPriceField" time="0.000">
    <skipped/>
  </testcase> <!-- editafterDecimalPointPriceField -->
  <testcase classname="org.test.ServiceModule" name="editbeforeDecimalPointTaxPercentageField" time="0.000">
    <skipped/>
  </testcase> <!-- editbeforeDecimalPointTaxPercentageField -->
  <testcase classname="org.test.ServiceModule" name="editafterDecimalPointTaxPercentageField" time="0.000">
    <skipped/>
  </testcase> <!-- editafterDecimalPointTaxPercentageField -->
  <testcase classname="org.test.ServiceModule" name="updateButton" time="0.000">
    <skipped/>
  </testcase> <!-- updateButton -->
  <testcase classname="org.test.ServiceModule" name="updateProduct" time="0.000">
    <skipped/>
  </testcase> <!-- updateProduct -->
  <testcase classname="org.test.ServiceModule" name="searchServiceName" time="0.000">
    <skipped/>
  </testcase> <!-- searchServiceName -->
  <testcase classname="org.test.ServiceModule" name="searchInvalid" time="0.000">
    <skipped/>
  </testcase> <!-- searchInvalid -->
  <testcase classname="org.test.ServiceModule" name="deletedService" time="0.000">
    <skipped/>
  </testcase> <!-- deletedService -->
  <testcase classname="org.test.ServiceModule" name="reflectQuotePage" time="0.000">
    <skipped/>
  </testcase> <!-- reflectQuotePage -->
  <testcase classname="org.test.ServiceModule" name="inactiveProduct" time="0.001">
    <skipped/>
  </testcase> <!-- inactiveProduct -->
  <testcase classname="org.test.ServiceModule" name="deleteProduct" time="0.000">
    <skipped/>
  </testcase> <!-- deleteProduct -->
</testsuite> <!-- org.test.ServiceModule -->
