<?xml version="1.0" encoding="UTF-8"?>
<!-- Generated by org.testng.reporters.JUnitReportReporter -->
<testsuite hostname="DESKTOP-5M7AM2E" failures="0" tests="4" name="org.enhancement.TaxModule" time="37.720" errors="0" timestamp="2023-05-25T11:49:57 IST" skipped="0">
  <testcase classname="org.enhancement.TaxModule" name="loginPage" time="24.231"/>
  <system-out/>
  <testcase classname="org.enhancement.TaxModule" name="settingModule" time="2.113"/>
  <system-out/>
  <testcase classname="org.enhancement.TaxModule" name="createFormLabel" time="0.908"/>
  <system-out/>
  <testcase classname="org.enhancement.TaxModule" name="createTax" time="10.468"/>
  <system-out/>
</testsuite> <!-- org.enhancement.TaxModule -->
