<?xml version="1.0" encoding="UTF-8"?>
<!-- Generated by org.testng.reporters.JUnitReportReporter -->
<testsuite hostname="DESKTOP-5M7AM2E" failures="0" tests="19" name="org.test.DispatchModule" time="302.849" errors="0" timestamp="2023-06-23T15:22:45 IST" skipped="0">
  <testcase classname="org.test.DispatchModule" name="loginPage" time="33.389"/>
  <system-out/>
  <testcase classname="org.test.DispatchModule" name="userCreate" time="42.433"/>
  <system-out/>
  <testcase classname="org.test.DispatchModule" name="requestModule" time="3.265"/>
  <system-out/>
  <testcase classname="org.test.DispatchModule" name="labelValidation" time="1.413"/>
  <system-out/>
  <testcase classname="org.test.DispatchModule" name="autoCompleteContactCreationRequest" time="71.300"/>
  <system-out/>
  <testcase classname="org.test.DispatchModule" name="unsssignedRequest" time="17.351"/>
  <system-out/>
  <testcase classname="org.test.DispatchModule" name="dispatchModule" time="3.984"/>
  <system-out/>
  <testcase classname="org.test.DispatchModule" name="assignRequest" time="9.619"/>
  <system-out/>
  <testcase classname="org.test.DispatchModule" name="unassignRequest" time="7.709"/>
  <system-out/>
  <testcase classname="org.test.DispatchModule" name="dispatchRequest" time="20.323"/>
  <system-out/>
  <testcase classname="org.test.DispatchModule" name="cancelRequest" time="8.687"/>
  <system-out/>
  <testcase classname="org.test.DispatchModule" name="jobModule" time="3.351"/>
  <system-out/>
  <testcase classname="org.test.DispatchModule" name="labelJobValidation" time="1.955"/>
  <system-out/>
  <testcase classname="org.test.DispatchModule" name="autoCompleteContactCreationJob" time="10.582"/>
  <system-out/>
  <testcase classname="org.test.DispatchModule" name="unsssignedJob" time="18.262"/>
  <system-out/>
  <testcase classname="org.test.DispatchModule" name="assignJob" time="14.308"/>
  <system-out/>
  <testcase classname="org.test.DispatchModule" name="unassignJob" time="7.211"/>
  <system-out/>
  <testcase classname="org.test.DispatchModule" name="dispatchJob" time="18.528"/>
  <system-out/>
  <testcase classname="org.test.DispatchModule" name="cancelJob" time="9.179"/>
  <system-out/>
</testsuite> <!-- org.test.DispatchModule -->
