<?xml version="1.0" encoding="UTF-8"?>
<!-- Generated by org.testng.reporters.JUnitReportReporter -->
<testsuite hostname="DESKTOP-5M7AM2E" failures="0" tests="5" name="org.enhancement.LeadSource" time="32.291" errors="0" timestamp="2023-04-23T20:36:39 IST" skipped="0">
  <testcase classname="org.enhancement.LeadSource" name="loginPage" time="21.353"/>
  <system-out/>
  <testcase classname="org.enhancement.LeadSource" name="settingModule" time="1.458"/>
  <system-out/>
  <testcase classname="org.enhancement.LeadSource" name="leadSourceLabel" time="0.077"/>
  <system-out/>
  <testcase classname="org.enhancement.LeadSource" name="createFormLabel" time="1.390"/>
  <system-out/>
  <testcase classname="org.enhancement.LeadSource" name="leadSourceCreate" time="8.013"/>
  <system-out/>
</testsuite> <!-- org.enhancement.LeadSource -->
