<?xml version="1.0" encoding="UTF-8"?>
<!-- Generated by org.testng.reporters.JUnitReportReporter -->
<testsuite hostname="DESKTOP-5M7AM2E" failures="0" tests="108" name="org.test.TeamModule" time="292.361" errors="0" timestamp="2022-09-29T10:51:27 IST" skipped="0">
  <testcase classname="org.test.TeamModule" name="verify" time="19.649"/>
  <system-out/>
  <testcase classname="org.test.TeamModule" name="teamModule" time="7.819"/>
  <system-out/>
  <testcase classname="org.test.TeamModule" name="edit" time="2.814"/>
  <system-out/>
  <testcase classname="org.test.TeamModule" name="addLocation" time="4.021"/>
  <system-out/>
  <testcase classname="org.test.TeamModule" name="deleteLocation" time="2.132"/>
  <system-out/>
  <testcase classname="org.test.TeamModule" name="maxSizeProfileField" time="3.828"/>
  <system-out/>
  <testcase classname="org.test.TeamModule" name="fileFormatvalidation" time="3.176"/>
  <system-out/>
  <testcase classname="org.test.TeamModule" name="verifyContractorNameMandatory" time="0.170"/>
  <system-out/>
  <testcase classname="org.test.TeamModule" name="verifyContractorNumberMinValidation" time="0.384"/>
  <system-out/>
  <testcase classname="org.test.TeamModule" name="verifyContractorEmailFormat" time="0.296"/>
  <system-out/>
  <testcase classname="org.test.TeamModule" name="verifyContractorNumberMaxValidation" time="0.330"/>
  <system-out/>
  <testcase classname="org.test.TeamModule" name="verifyFaxMinValidation" time="0.248"/>
  <system-out/>
  <testcase classname="org.test.TeamModule" name="verifyFaxMaxValidation" time="0.443"/>
  <system-out/>
  <testcase classname="org.test.TeamModule" name="verifyCpersonMaxValidation" time="2.213"/>
  <system-out/>
  <testcase classname="org.test.TeamModule" name="maxValidationLocationNameField" time="2.284"/>
  <system-out/>
  <testcase classname="org.test.TeamModule" name="validateEmailField" time="0.264"/>
  <system-out/>
  <testcase classname="org.test.TeamModule" name="maxValidationEmailField" time="1.890"/>
  <system-out/>
  <testcase classname="org.test.TeamModule" name="minValidationPhoneNumberField" time="0.368"/>
  <system-out/>
  <testcase classname="org.test.TeamModule" name="maxValidationPhoneNumberField" time="0.370"/>
  <system-out/>
  <testcase classname="org.test.TeamModule" name="maxValidationAddress1Field" time="1.495"/>
  <system-out/>
  <testcase classname="org.test.TeamModule" name="maxValidationAddress2Field" time="1.412"/>
  <system-out/>
  <testcase classname="org.test.TeamModule" name="maxValidationStateField" time="1.417"/>
  <system-out/>
  <testcase classname="org.test.TeamModule" name="maxValidationCityField" time="1.435"/>
  <system-out/>
  <testcase classname="org.test.TeamModule" name="maxValidationZipcodeField" time="0.192"/>
  <system-out/>
  <testcase classname="org.test.TeamModule" name="minValidationZipcodeField" time="0.121"/>
  <system-out/>
  <testcase classname="org.test.TeamModule" name="characterValidationZipcodeField" time="0.338"/>
  <system-out/>
  <testcase classname="org.test.TeamModule" name="maxValidationContactPerson" time="1.580"/>
  <system-out/>
  <testcase classname="org.test.TeamModule" name="verifySaveButtonExist" time="0.040"/>
  <system-out/>
  <testcase classname="org.test.TeamModule" name="createContract" time="5.503"/>
  <system-out/>
  <testcase classname="org.test.TeamModule" name="listValidationName" time="0.608"/>
  <system-out/>
  <testcase classname="org.test.TeamModule" name="searchCompanyNameListValidation" time="1.776"/>
  <system-out/>
  <testcase classname="org.test.TeamModule" name="searchNameListValidation" time="1.562"/>
  <system-out/>
  <testcase classname="org.test.TeamModule" name="searchEmailListValidation" time="1.651"/>
  <system-out/>
  <testcase classname="org.test.TeamModule" name="searchPhoneNumberListValidation" time="1.600"/>
  <system-out/>
  <testcase classname="org.test.TeamModule" name="invalidValidationData" time="1.464"/>
  <system-out/>
  <testcase classname="org.test.TeamModule" name="editContractorPage" time="2.090"/>
  <system-out/>
  <testcase classname="org.test.TeamModule" name="editContractorDetails" time="5.031"/>
  <system-out/>
  <testcase classname="org.test.TeamModule" name="deleteContractorDetails" time="2.827"/>
  <system-out/>
  <testcase classname="org.test.TeamModule" name="landingUserFormPage" time="2.679"/>
  <system-out/>
  <testcase classname="org.test.TeamModule" name="maxSizeLogoField" time="1.809"/>
  <system-out/>
  <testcase classname="org.test.TeamModule" name="fileFormatValidation" time="1.939"/>
  <system-out/>
  <testcase classname="org.test.TeamModule" name="mandatoryValidationFirstNameField" time="0.492"/>
  <system-out/>
  <testcase classname="org.test.TeamModule" name="mandatoryValidationEmailField" time="0.565"/>
  <system-out/>
  <testcase classname="org.test.TeamModule" name="mandatoryValidationTypeField" time="0.695"/>
  <system-out/>
  <testcase classname="org.test.TeamModule" name="maxValidationFirstNameField" time="1.170"/>
  <system-out/>
  <testcase classname="org.test.TeamModule" name="maxValidationLastNameField" time="1.087"/>
  <system-out/>
  <testcase classname="org.test.TeamModule" name="maxValidationJobTittleField" time="1.068"/>
  <system-out/>
  <testcase classname="org.test.TeamModule" name="maxValidationEmailFields" time="1.170"/>
  <system-out/>
  <testcase classname="org.test.TeamModule" name="invalidEmailValidation" time="0.268"/>
  <system-out/>
  <testcase classname="org.test.TeamModule" name="minValidatonPhoneNumber" time="0.404"/>
  <system-out/>
  <testcase classname="org.test.TeamModule" name="maxValidatonPhoneNumber" time="0.617"/>
  <system-out/>
  <testcase classname="org.test.TeamModule" name="maxValidationLocationName" time="1.145"/>
  <system-out/>
  <testcase classname="org.test.TeamModule" name="maxValidationAddress1" time="1.040"/>
  <system-out/>
  <testcase classname="org.test.TeamModule" name="maxValidationAddress2" time="1.091"/>
  <system-out/>
  <testcase classname="org.test.TeamModule" name="maxValidationState" time="1.072"/>
  <system-out/>
  <testcase classname="org.test.TeamModule" name="maxValidationCity" time="1.003"/>
  <system-out/>
  <testcase classname="org.test.TeamModule" name="minValidationZipcode" time="0.181"/>
  <system-out/>
  <testcase classname="org.test.TeamModule" name="specialCharacterValidationContractorZipcode" time="0.383"/>
  <system-out/>
  <testcase classname="org.test.TeamModule" name="specialCharacterValidationZipcode" time="0.301"/>
  <system-out/>
  <testcase classname="org.test.TeamModule" name="maxValidationZipcode" time="0.537"/>
  <system-out/>
  <testcase classname="org.test.TeamModule" name="userCreate" time="7.805"/>
  <system-out/>
  <testcase classname="org.test.TeamModule" name="createdListName" time="2.179"/>
  <system-out/>
  <testcase classname="org.test.TeamModule" name="alreadyExistedMailValidation" time="4.299"/>
  <system-out/>
  <testcase classname="org.test.TeamModule" name="searchNameValidation" time="11.851"/>
  <system-out/>
  <testcase classname="org.test.TeamModule" name="searchPhoneNumberValidation" time="12.011"/>
  <system-out/>
  <testcase classname="org.test.TeamModule" name="searchEmailValidation" time="11.660"/>
  <system-out/>
  <testcase classname="org.test.TeamModule" name="invalidDataValidation" time="11.652"/>
  <system-out/>
  <testcase classname="org.test.TeamModule" name="landingOnEditForm" time="2.112"/>
  <system-out/>
  <testcase classname="org.test.TeamModule" name="editUserDetails" time="6.093"/>
  <system-out/>
  <testcase classname="org.test.TeamModule" name="deleteUserDetails" time="3.318"/>
  <system-out/>
  <testcase classname="org.test.TeamModule" name="landingContractorFormPage" time="1.557"/>
  <system-out/>
  <testcase classname="org.test.TeamModule" name="contractorMaximumSizeLogoValidation" time="1.771"/>
  <system-out/>
  <testcase classname="org.test.TeamModule" name="fileFormatValidations" time="1.931"/>
  <system-out/>
  <testcase classname="org.test.TeamModule" name="mandatoryValidationContractorFirstNameField" time="0.468"/>
  <system-out/>
  <testcase classname="org.test.TeamModule" name="mandatoryValidationContractorEmailField" time="0.398"/>
  <system-out/>
  <testcase classname="org.test.TeamModule" name="mandatoryOrganizationName" time="0.967"/>
  <system-out/>
  <testcase classname="org.test.TeamModule" name="maxValidationContractorFirstNameField" time="1.262"/>
  <system-out/>
  <testcase classname="org.test.TeamModule" name="maxValidationContractorLastNameField" time="1.041"/>
  <system-out/>
  <testcase classname="org.test.TeamModule" name="invalidContractorEmailValidation" time="0.296"/>
  <system-out/>
  <testcase classname="org.test.TeamModule" name="maxValidationContractorEmailFields" time="1.133"/>
  <system-out/>
  <testcase classname="org.test.TeamModule" name="minValidatonContractorPhoneNumber" time="0.461"/>
  <system-out/>
  <testcase classname="org.test.TeamModule" name="maxValidatonContractorPhoneNumber" time="0.595"/>
  <system-out/>
  <testcase classname="org.test.TeamModule" name="maxValidationContractorLocationName" time="1.184"/>
  <system-out/>
  <testcase classname="org.test.TeamModule" name="maxValidationContractorAddress1" time="1.031"/>
  <system-out/>
  <testcase classname="org.test.TeamModule" name="maxValidationContractorAddress2" time="1.034"/>
  <system-out/>
  <testcase classname="org.test.TeamModule" name="maxValidationContractorState" time="1.049"/>
  <system-out/>
  <testcase classname="org.test.TeamModule" name="maxValidationContractorCity" time="1.017"/>
  <system-out/>
  <testcase classname="org.test.TeamModule" name="minValidationContractorZipcode" time="0.197"/>
  <system-out/>
  <testcase classname="org.test.TeamModule" name="maxValidationContractorZipcode" time="0.350"/>
  <system-out/>
  <testcase classname="org.test.TeamModule" name="userContractorCreate" time="7.116"/>
  <system-out/>
  <testcase classname="org.test.TeamModule" name="createdContractorListName" time="2.580"/>
  <system-out/>
  <testcase classname="org.test.TeamModule" name="alreadyExistedContractorMailValidation" time="5.750"/>
  <system-out/>
  <testcase classname="org.test.TeamModule" name="searchContractorNameValidation" time="12.143"/>
  <system-out/>
  <testcase classname="org.test.TeamModule" name="searchContractorPhoneNumberValidation" time="12.091"/>
  <system-out/>
  <testcase classname="org.test.TeamModule" name="searchContractorEmailValidation" time="12.553"/>
  <system-out/>
  <testcase classname="org.test.TeamModule" name="filterByCompany" time="1.820"/>
  <system-out/>
  <testcase classname="org.test.TeamModule" name="invalidDatasValidation" time="12.183"/>
  <system-out/>
  <testcase classname="org.test.TeamModule" name="landingOnContractorEditForm" time="2.644"/>
  <system-out/>
  <testcase classname="org.test.TeamModule" name="editContractorDetail" time="8.655"/>
  <system-out/>
  <testcase classname="org.test.TeamModule" name="deleteContractorDetail" time="3.729"/>
  <system-out/>
  <testcase classname="org.test.TeamModule" name="landOnSendInvitePage" time="1.015"/>
  <system-out/>
  <testcase classname="org.test.TeamModule" name="verifyEmailRequired" time="0.230"/>
  <system-out/>
  <testcase classname="org.test.TeamModule" name="verfiyEmailFormat" time="2.332"/>
  <system-out/>
  <testcase classname="org.test.TeamModule" name="verifyFirstName" time="0.298"/>
  <system-out/>
  <testcase classname="org.test.TeamModule" name="verifyFirstNamewithBlankSpace" time="3.019"/>
  <system-out/>
  <testcase classname="org.test.TeamModule" name="verifyUserEnterMessage" time="1.001"/>
  <system-out/>
  <testcase classname="org.test.TeamModule" name="verfiyAddMoreButton" time="0.224"/>
  <system-out/>
  <testcase classname="org.test.TeamModule" name="verifyUserSendInvite" time="6.699"/>
  <system-out/>
</testsuite> <!-- org.test.TeamModule -->
