<?xml version="1.0" encoding="UTF-8"?>
<!-- Generated by org.testng.reporters.JUnitReportReporter -->
<testsuite hostname="DESKTOP-5M7AM2E" failures="0" tests="11" name="org.test.SubscriptionYearlyTeamPack" time="61.825" errors="0" timestamp="2023-05-27T16:21:37 IST" skipped="0">
  <testcase classname="org.test.SubscriptionYearlyTeamPack" name="createTenant" time="45.013"/>
  <system-out/>
  <testcase classname="org.test.SubscriptionYearlyTeamPack" name="subDomineURL" time="0.073"/>
  <system-out/>
  <testcase classname="org.test.SubscriptionYearlyTeamPack" name="ownerName" time="0.123"/>
  <system-out/>
  <testcase classname="org.test.SubscriptionYearlyTeamPack" name="modulepage" time="8.287"/>
  <system-out/>
  <testcase classname="org.test.SubscriptionYearlyTeamPack" name="confirmPage" time="2.569"/>
  <system-out/>
  <testcase classname="org.test.SubscriptionYearlyTeamPack" name="proAmount" time="0.208"/>
  <system-out/>
  <testcase classname="org.test.SubscriptionYearlyTeamPack" name="totalAmount" time="0.207"/>
  <system-out/>
  <testcase classname="org.test.SubscriptionYearlyTeamPack" name="billingInformation" time="3.050"/>
  <system-out/>
  <testcase classname="org.test.SubscriptionYearlyTeamPack" name="billingInformationAmount" time="0.205"/>
  <system-out/>
  <testcase classname="org.test.SubscriptionYearlyTeamPack" name="paymentDetailsPage" time="1.873"/>
  <system-out/>
  <testcase classname="org.test.SubscriptionYearlyTeamPack" name="paymentDetailsAmount" time="0.217"/>
  <system-out/>
</testsuite> <!-- org.test.SubscriptionYearlyTeamPack -->
