<?xml version="1.0" encoding="UTF-8"?>
<!-- Generated by org.testng.reporters.JUnitReportReporter -->
<testsuite hostname="DESKTOP-5M7AM2E" failures="0" tests="28" name="org.test.CustomerContactRequest" time="202.607" errors="0" timestamp="2023-01-13T13:13:16 IST" skipped="0">
  <testcase classname="org.test.CustomerContactRequest" name="loginPage" time="26.907"/>
  <system-out/>
  <testcase classname="org.test.CustomerContactRequest" name="contactModule" time="11.477"/>
  <system-out/>
  <testcase classname="org.test.CustomerContactRequest" name="CreateContact" time="16.930"/>
  <system-out/>
  <testcase classname="org.test.CustomerContactRequest" name="labelValidation" time="8.478"/>
  <system-out/>
  <testcase classname="org.test.CustomerContactRequest" name="maximumValidationTittle" time="7.389"/>
  <system-out/>
  <testcase classname="org.test.CustomerContactRequest" name="mandatoryValidationDescription" time="0.231"/>
  <system-out/>
  <testcase classname="org.test.CustomerContactRequest" name="maximumValidationDescription" time="7.263"/>
  <system-out/>
  <testcase classname="org.test.CustomerContactRequest" name="maximumTagValidation" time="1.236"/>
  <system-out/>
  <testcase classname="org.test.CustomerContactRequest" name="duplicateTagsValidation" time="0.544"/>
  <system-out/>
  <testcase classname="org.test.CustomerContactRequest" name="maxTagLimitValidation" time="10.765"/>
  <system-out/>
  <testcase classname="org.test.CustomerContactRequest" name="maximumValidationNotes" time="7.627"/>
  <system-out/>
  <testcase classname="org.test.CustomerContactRequest" name="unsssignedJob" time="13.975"/>
  <system-out/>
  <testcase classname="org.test.CustomerContactRequest" name="jobUnassignedStatus" time="3.258"/>
  <system-out/>
  <testcase classname="org.test.CustomerContactRequest" name="createJob_FromDateandTime_ToDateandTime" time="19.219"/>
  <system-out/>
  <testcase classname="org.test.CustomerContactRequest" name="jobScheduleStatus" time="2.217"/>
  <system-out/>
  <testcase classname="org.test.CustomerContactRequest" name="dispatchedJob" time="12.080"/>
  <system-out/>
  <testcase classname="org.test.CustomerContactRequest" name="jobDispatchedStatus" time="3.226"/>
  <system-out/>
  <testcase classname="org.test.CustomerContactRequest" name="startedJob" time="5.253"/>
  <system-out/>
  <testcase classname="org.test.CustomerContactRequest" name="jobStartedStatus" time="0.081"/>
  <system-out/>
  <testcase classname="org.test.CustomerContactRequest" name="completedJob" time="4.483"/>
  <system-out/>
  <testcase classname="org.test.CustomerContactRequest" name="cancelledJob" time="3.880"/>
  <system-out/>
  <testcase classname="org.test.CustomerContactRequest" name="jobCancelledStatus" time="3.498"/>
  <system-out/>
  <testcase classname="org.test.CustomerContactRequest" name="jobDraftStatus" time="10.097"/>
  <system-out/>
  <testcase classname="org.test.CustomerContactRequest" name="deletedJob" time="2.146"/>
  <system-out/>
  <testcase classname="org.test.CustomerContactRequest" name="searchJobNo" time="4.746"/>
  <system-out/>
  <testcase classname="org.test.CustomerContactRequest" name="searchLocation" time="6.858"/>
  <system-out/>
  <testcase classname="org.test.CustomerContactRequest" name="searchFilterByDate" time="6.303"/>
  <system-out/>
  <testcase classname="org.test.CustomerContactRequest" name="searchInvalid" time="2.440"/>
  <system-out/>
</testsuite> <!-- org.test.CustomerContactRequest -->
