<?xml version="1.0" encoding="UTF-8"?>
<!-- Generated by org.testng.reporters.JUnitReportReporter -->
<testsuite hostname="DESKTOP-5M7AM2E" failures="0" tests="48" name="org.test.CustomerOrganizationRequest" time="312.924" errors="0" timestamp="2023-05-24T12:38:22 IST" skipped="0">
  <testcase classname="org.test.CustomerOrganizationRequest" name="loginPage" time="57.763"/>
  <system-out/>
  <testcase classname="org.test.CustomerOrganizationRequest" name="organizationModule" time="6.222"/>
  <system-out/>
  <testcase classname="org.test.CustomerOrganizationRequest" name="listabelValidation" time="6.809"/>
  <system-out/>
  <testcase classname="org.test.CustomerOrganizationRequest" name="createOrganization" time="19.837"/>
  <system-out/>
  <testcase classname="org.test.CustomerOrganizationRequest" name="labelValidation" time="1.522"/>
  <system-out/>
  <testcase classname="org.test.CustomerOrganizationRequest" name="namePrepopulation" time="1.657"/>
  <system-out/>
  <testcase classname="org.test.CustomerOrganizationRequest" name="autoCompleteOrganizationContactCreation" time="11.015"/>
  <system-out/>
  <testcase classname="org.test.CustomerOrganizationRequest" name="mandatoryValidationLocation" time="0.221"/>
  <system-out/>
  <testcase classname="org.test.CustomerOrganizationRequest" name="maximumValidationLocation" time="6.131"/>
  <system-out/>
  <testcase classname="org.test.CustomerOrganizationRequest" name="maximumValidationTittle" time="0.868"/>
  <system-out/>
  <testcase classname="org.test.CustomerOrganizationRequest" name="mandatoryValidationDescription" time="0.166"/>
  <system-out/>
  <testcase classname="org.test.CustomerOrganizationRequest" name="maximumValidationDescription" time="4.880"/>
  <system-out/>
  <testcase classname="org.test.CustomerOrganizationRequest" name="maximumTagValidation" time="0.786"/>
  <system-out/>
  <testcase classname="org.test.CustomerOrganizationRequest" name="duplicateTagsValidation" time="0.415"/>
  <system-out/>
  <testcase classname="org.test.CustomerOrganizationRequest" name="maxTagLimitValidation" time="15.313"/>
  <system-out/>
  <testcase classname="org.test.CustomerOrganizationRequest" name="maximumValidationNotes" time="4.850"/>
  <system-out/>
  <testcase classname="org.test.CustomerOrganizationRequest" name="createButton" time="0.122"/>
  <system-out/>
  <testcase classname="org.test.CustomerOrganizationRequest" name="unsssignedRequest" time="13.896"/>
  <system-out/>
  <testcase classname="org.test.CustomerOrganizationRequest" name="requestCreatedCount" time="0.145"/>
  <system-out/>
  <testcase classname="org.test.CustomerOrganizationRequest" name="requestUnassignedStatus" time="0.091"/>
  <system-out/>
  <testcase classname="org.test.CustomerOrganizationRequest" name="labelEditValidation" time="7.499"/>
  <system-out/>
  <testcase classname="org.test.CustomerOrganizationRequest" name="editmandatoryValidationLocation" time="0.072"/>
  <system-out/>
  <testcase classname="org.test.CustomerOrganizationRequest" name="editmaximumValidationLocation" time="6.072"/>
  <system-out/>
  <testcase classname="org.test.CustomerOrganizationRequest" name="editmaximumValidationTittle" time="0.824"/>
  <system-out/>
  <testcase classname="org.test.CustomerOrganizationRequest" name="editmandatoryValidationDescription" time="0.065"/>
  <system-out/>
  <testcase classname="org.test.CustomerOrganizationRequest" name="editmaximumValidationDescription" time="4.849"/>
  <system-out/>
  <testcase classname="org.test.CustomerOrganizationRequest" name="editmaximumTagValidation" time="0.847"/>
  <system-out/>
  <testcase classname="org.test.CustomerOrganizationRequest" name="editduplicateTagsValidation" time="0.539"/>
  <system-out/>
  <testcase classname="org.test.CustomerOrganizationRequest" name="editmaxTagLimitValidation" time="15.628"/>
  <system-out/>
  <testcase classname="org.test.CustomerOrganizationRequest" name="editmaximumValidationNotes" time="4.858"/>
  <system-out/>
  <testcase classname="org.test.CustomerOrganizationRequest" name="updateButton" time="0.059"/>
  <system-out/>
  <testcase classname="org.test.CustomerOrganizationRequest" name="updatedRequest" time="12.024"/>
  <system-out/>
  <testcase classname="org.test.CustomerOrganizationRequest" name="createRequest_FromDateandTime_ToDateandTime" time="16.833"/>
  <system-out/>
  <testcase classname="org.test.CustomerOrganizationRequest" name="requestScheduleStatus" time="0.842"/>
  <system-out/>
  <testcase classname="org.test.CustomerOrganizationRequest" name="dispatchedRequest" time="14.272"/>
  <system-out/>
  <testcase classname="org.test.CustomerOrganizationRequest" name="requestDispatchedStatus" time="0.657"/>
  <system-out/>
  <testcase classname="org.test.CustomerOrganizationRequest" name="startedRequest" time="13.995"/>
  <system-out/>
  <testcase classname="org.test.CustomerOrganizationRequest" name="requestStartedStatus" time="0.079"/>
  <system-out/>
  <testcase classname="org.test.CustomerOrganizationRequest" name="completedRequest" time="12.920"/>
  <system-out/>
  <testcase classname="org.test.CustomerOrganizationRequest" name="requestCompleteStatus" time="0.627"/>
  <system-out/>
  <testcase classname="org.test.CustomerOrganizationRequest" name="cancelledRequest" time="13.510"/>
  <system-out/>
  <testcase classname="org.test.CustomerOrganizationRequest" name="requestCancelledStatus" time="0.091"/>
  <system-out/>
  <testcase classname="org.test.CustomerOrganizationRequest" name="requestDraftStatus" time="10.279"/>
  <system-out/>
  <testcase classname="org.test.CustomerOrganizationRequest" name="deletedRequest" time="8.377"/>
  <system-out/>
  <testcase classname="org.test.CustomerOrganizationRequest" name="searchRequestNo" time="2.476"/>
  <system-out/>
  <testcase classname="org.test.CustomerOrganizationRequest" name="searchLocation" time="2.658"/>
  <system-out/>
  <testcase classname="org.test.CustomerOrganizationRequest" name="searchFilterByDate" time="6.788"/>
  <system-out/>
  <testcase classname="org.test.CustomerOrganizationRequest" name="searchInvalid" time="2.475"/>
  <system-out/>
</testsuite> <!-- org.test.CustomerOrganizationRequest -->
