<?xml version="1.0" encoding="UTF-8"?>
<!-- Generated by org.testng.reporters.JUnitReportReporter -->
<testsuite hostname="DESKTOP-5M7AM2E" failures="0" tests="4" name="org.enhancement.TaxModule" time="53.608" errors="0" timestamp="2023-05-22T20:03:10 IST" skipped="0">
  <testcase classname="org.enhancement.TaxModule" name="loginPage" time="42.647"/>
  <system-out/>
  <testcase classname="org.enhancement.TaxModule" name="settingModule" time="2.094"/>
  <system-out/>
  <testcase classname="org.enhancement.TaxModule" name="createFormLabel" time="1.195"/>
  <system-out/>
  <testcase classname="org.enhancement.TaxModule" name="createTax" time="7.672"/>
  <system-out/>
</testsuite> <!-- org.enhancement.TaxModule -->
