<?xml version="1.0" encoding="UTF-8"?>
<!-- Generated by org.testng.reporters.JUnitReportReporter -->
<testsuite hostname="DESKTOP-5M7AM2E" failures="0" tests="70" name="org.test.CustomerOrganizationQuote" time="421.886" errors="0" timestamp="2023-05-25T18:59:19 IST" skipped="6">
  <testcase classname="org.test.CustomerOrganizationQuote" name="loginPage" time="32.082"/>
  <system-out/>
  <testcase classname="org.test.CustomerOrganizationQuote" name="contactModule" time="4.935"/>
  <system-out/>
  <testcase classname="org.test.CustomerOrganizationQuote" name="createOrganization" time="51.636"/>
  <system-out/>
  <testcase classname="org.test.CustomerOrganizationQuote" name="listabelValidation" time="14.628"/>
  <system-out/>
  <testcase classname="org.test.CustomerOrganizationQuote" name="namePrepopulation" time="1.186"/>
  <system-out/>
  <testcase classname="org.test.CustomerOrganizationQuote" name="labelValidation" time="4.054"/>
  <system-out/>
  <testcase classname="org.test.CustomerOrganizationQuote" name="autoCompleteOrganizationContactCreation" time="10.878"/>
  <system-out/>
  <testcase classname="org.test.CustomerOrganizationQuote" name="mandatoryValidationExpiryDate" time="0.563"/>
  <system-out/>
  <testcase classname="org.test.CustomerOrganizationQuote" name="mandatoryValidationInventoryItem" time="0.110"/>
  <system-out/>
  <testcase classname="org.test.CustomerOrganizationQuote" name="mandatoryValidationPrice" time="0.104"/>
  <system-out/>
  <testcase classname="org.test.CustomerOrganizationQuote" name="mandatoryValidationQunatity" time="0.099"/>
  <system-out/>
  <testcase classname="org.test.CustomerOrganizationQuote" name="mandatoryValidationDescription" time="0.109"/>
  <system-out/>
  <testcase classname="org.test.CustomerOrganizationQuote" name="maximumValidationReference" time="0.985"/>
  <system-out/>
  <testcase classname="org.test.CustomerOrganizationQuote" name="maximumValidationQuoteTittle" time="1.173"/>
  <system-out/>
  <testcase classname="org.test.CustomerOrganizationQuote" name="maximumValidationInventoryItem" time="1.602"/>
  <system-out/>
  <testcase classname="org.test.CustomerOrganizationQuote" name="emptyValidationQuantityField" time="0.301"/>
  <system-out/>
  <testcase classname="org.test.CustomerOrganizationQuote" name="maxQuanitityLimit" time="0.341"/>
  <system-out/>
  <testcase classname="org.test.CustomerOrganizationQuote" name="afterDecimalPointValidationQuantityField" time="0.283"/>
  <system-out/>
  <testcase classname="org.test.CustomerOrganizationQuote" name="beforeDecimalPointValidationQuantityField" time="0.399"/>
  <system-out/>
  <testcase classname="org.test.CustomerOrganizationQuote" name="emptyValidationPriceField" time="0.316"/>
  <system-out/>
  <testcase classname="org.test.CustomerOrganizationQuote" name="maxPriceLimit" time="0.301"/>
  <system-out/>
  <testcase classname="org.test.CustomerOrganizationQuote" name="beforeDecimalPointPriceField" time="0.304"/>
  <system-out/>
  <testcase classname="org.test.CustomerOrganizationQuote" name="afterDecimalPointPriceField" time="0.401"/>
  <system-out/>
  <testcase classname="org.test.CustomerOrganizationQuote" name="afterDecimalPointDiscountField" time="0.338"/>
  <system-out/>
  <testcase classname="org.test.CustomerOrganizationQuote" name="beforeDecimalPointDiscountField" time="0.305"/>
  <system-out/>
  <testcase classname="org.test.CustomerOrganizationQuote" name="maxLimitDiscountField" time="0.235"/>
  <system-out/>
  <testcase classname="org.test.CustomerOrganizationQuote" name="afterDecimalPointTaxField" time="1.331">
    <skipped/>
  </testcase> <!-- afterDecimalPointTaxField -->
  <system-out/>
  <testcase classname="org.test.CustomerOrganizationQuote" name="beforeDecimalPointTaxField" time="1.330">
    <skipped/>
  </testcase> <!-- beforeDecimalPointTaxField -->
  <system-out/>
  <testcase classname="org.test.CustomerOrganizationQuote" name="maxLimitTaxField" time="1.383">
    <skipped/>
  </testcase> <!-- maxLimitTaxField -->
  <system-out/>
  <testcase classname="org.test.CustomerOrganizationQuote" name="maximumValidationDescription" time="2.729"/>
  <system-out/>
  <testcase classname="org.test.CustomerOrganizationQuote" name="maximumValidationNotes" time="59.669"/>
  <system-out/>
  <testcase classname="org.test.CustomerOrganizationQuote" name="expiryFieldPastDateValidation" time="7.982"/>
  <system-out/>
  <testcase classname="org.test.CustomerOrganizationQuote" name="validateCalculation" time="8.893"/>
  <system-out/>
  <testcase classname="org.test.CustomerOrganizationQuote" name="createQuote" time="16.875"/>
  <system-out/>
  <testcase classname="org.test.CustomerOrganizationQuote" name="quoteCreatedCount" time="0.122"/>
  <system-out/>
  <testcase classname="org.test.CustomerOrganizationQuote" name="quoteEdit" time="12.546"/>
  <system-out/>
  <testcase classname="org.test.CustomerOrganizationQuote" name="editmandatoryValidationExpiryDate" time="0.492"/>
  <system-out/>
  <testcase classname="org.test.CustomerOrganizationQuote" name="editmandatoryValidationQunatity" time="0.103"/>
  <system-out/>
  <testcase classname="org.test.CustomerOrganizationQuote" name="editmandatoryValidationPrice" time="0.098"/>
  <system-out/>
  <testcase classname="org.test.CustomerOrganizationQuote" name="editmandatoryValidationDescription" time="0.109"/>
  <system-out/>
  <testcase classname="org.test.CustomerOrganizationQuote" name="editmaximumValidationReference" time="0.902"/>
  <system-out/>
  <testcase classname="org.test.CustomerOrganizationQuote" name="editmaximumValidationQuoteTittle" time="0.877"/>
  <system-out/>
  <testcase classname="org.test.CustomerOrganizationQuote" name="editmaximumValidationInventoryItem" time="1.358"/>
  <system-out/>
  <testcase classname="org.test.CustomerOrganizationQuote" name="editemptyValidationQuantityField" time="0.311"/>
  <system-out/>
  <testcase classname="org.test.CustomerOrganizationQuote" name="editmaxQuanitityLimit" time="0.400"/>
  <system-out/>
  <testcase classname="org.test.CustomerOrganizationQuote" name="editafterDecimalPointValidationQuantityField" time="0.258"/>
  <system-out/>
  <testcase classname="org.test.CustomerOrganizationQuote" name="editbeforeDecimalPointValidationQuantityField" time="0.401"/>
  <system-out/>
  <testcase classname="org.test.CustomerOrganizationQuote" name="editemptyValidationPriceField" time="0.316"/>
  <system-out/>
  <testcase classname="org.test.CustomerOrganizationQuote" name="editmaxPriceLimit" time="0.276"/>
  <system-out/>
  <testcase classname="org.test.CustomerOrganizationQuote" name="editbeforeDecimalPointPriceField" time="0.300"/>
  <system-out/>
  <testcase classname="org.test.CustomerOrganizationQuote" name="editafterDecimalPointPriceField" time="0.351"/>
  <system-out/>
  <testcase classname="org.test.CustomerOrganizationQuote" name="editafterDecimalPointDiscountField" time="0.265"/>
  <system-out/>
  <testcase classname="org.test.CustomerOrganizationQuote" name="editbeforeDecimalPointDiscountField" time="0.350"/>
  <system-out/>
  <testcase classname="org.test.CustomerOrganizationQuote" name="editmaxLimitDiscountField" time="0.324"/>
  <system-out/>
  <testcase classname="org.test.CustomerOrganizationQuote" name="editafterDecimalPointTaxField" time="1.443">
    <skipped/>
  </testcase> <!-- editafterDecimalPointTaxField -->
  <system-out/>
  <testcase classname="org.test.CustomerOrganizationQuote" name="editbeforeDecimalPointTaxField" time="1.289">
    <skipped/>
  </testcase> <!-- editbeforeDecimalPointTaxField -->
  <system-out/>
  <testcase classname="org.test.CustomerOrganizationQuote" name="editmaxLimitTaxField" time="1.287">
    <skipped/>
  </testcase> <!-- editmaxLimitTaxField -->
  <system-out/>
  <testcase classname="org.test.CustomerOrganizationQuote" name="editmaximumValidationDescription" time="2.198"/>
  <system-out/>
  <testcase classname="org.test.CustomerOrganizationQuote" name="editmaximumValidationNotes" time="58.332"/>
  <system-out/>
  <testcase classname="org.test.CustomerOrganizationQuote" name="editexpiryFieldPastDateValidation" time="8.115"/>
  <system-out/>
  <testcase classname="org.test.CustomerOrganizationQuote" name="updateQuote" time="15.952"/>
  <system-out/>
  <testcase classname="org.test.CustomerOrganizationQuote" name="createdQuoteStatus" time="0.282"/>
  <system-out/>
  <testcase classname="org.test.CustomerOrganizationQuote" name="draftQuote" time="14.777"/>
  <system-out/>
  <testcase classname="org.test.CustomerOrganizationQuote" name="convertQuote" time="33.987"/>
  <system-out/>
  <testcase classname="org.test.CustomerOrganizationQuote" name="declinedStatus" time="26.047"/>
  <system-out/>
  <testcase classname="org.test.CustomerOrganizationQuote" name="listQuoteNo" time="2.335"/>
  <system-out/>
  <testcase classname="org.test.CustomerOrganizationQuote" name="listQuoteTittle" time="1.948"/>
  <system-out/>
  <testcase classname="org.test.CustomerOrganizationQuote" name="listQuoteReference" time="1.829"/>
  <system-out/>
  <testcase classname="org.test.CustomerOrganizationQuote" name="filterDateInvoice" time="2.386"/>
  <system-out/>
  <testcase classname="org.test.CustomerOrganizationQuote" name="listInvalid" time="1.660"/>
  <system-out/>
</testsuite> <!-- org.test.CustomerOrganizationQuote -->
