<?xml version="1.0" encoding="UTF-8"?>
<!-- Generated by org.testng.reporters.JUnitReportReporter -->
<testsuite hostname="DESKTOP-5M7AM2E" failures="0" tests="52" name="org.test.CustomerContactJob" time="365.906" errors="0" timestamp="2023-06-23T15:22:45 IST" skipped="0">
  <testcase classname="org.test.CustomerContactJob" name="loginPage" time="35.750"/>
  <system-out/>
  <testcase classname="org.test.CustomerContactJob" name="contactModule" time="10.422"/>
  <system-out/>
  <testcase classname="org.test.CustomerContactJob" name="CreateContact" time="14.568"/>
  <system-out/>
  <testcase classname="org.test.CustomerContactJob" name="listabelValidation" time="8.351"/>
  <system-out/>
  <testcase classname="org.test.CustomerContactJob" name="labelValidation" time="2.457"/>
  <system-out/>
  <testcase classname="org.test.CustomerContactJob" name="namePrepopulation" time="1.187"/>
  <system-out/>
  <testcase classname="org.test.CustomerContactJob" name="mandatoryValidationLocation" time="0.286"/>
  <system-out/>
  <testcase classname="org.test.CustomerContactJob" name="maximumValidationLocation" time="6.479"/>
  <system-out/>
  <testcase classname="org.test.CustomerContactJob" name="maximumValidationTittle" time="5.698"/>
  <system-out/>
  <testcase classname="org.test.CustomerContactJob" name="mandatoryValidationDescription" time="0.064"/>
  <system-out/>
  <testcase classname="org.test.CustomerContactJob" name="maximumValidationDescription" time="4.758"/>
  <system-out/>
  <testcase classname="org.test.CustomerContactJob" name="maximumTagValidation" time="0.919"/>
  <system-out/>
  <testcase classname="org.test.CustomerContactJob" name="duplicateTagsValidation" time="0.315"/>
  <system-out/>
  <testcase classname="org.test.CustomerContactJob" name="maxTagLimitValidation" time="16.099"/>
  <system-out/>
  <testcase classname="org.test.CustomerContactJob" name="maximumValidationNotes" time="4.750"/>
  <system-out/>
  <testcase classname="org.test.CustomerContactJob" name="createButton" time="0.078"/>
  <system-out/>
  <testcase classname="org.test.CustomerContactJob" name="unsssignedJob" time="17.244"/>
  <system-out/>
  <testcase classname="org.test.CustomerContactJob" name="jobCreatedCount" time="0.132"/>
  <system-out/>
  <testcase classname="org.test.CustomerContactJob" name="jobUnassignedStatus" time="0.220"/>
  <system-out/>
  <testcase classname="org.test.CustomerContactJob" name="labelEditValidation" time="8.847"/>
  <system-out/>
  <testcase classname="org.test.CustomerContactJob" name="editmandatoryValidationLocation" time="0.346"/>
  <system-out/>
  <testcase classname="org.test.CustomerContactJob" name="editmaximumValidationLocation" time="6.311"/>
  <system-out/>
  <testcase classname="org.test.CustomerContactJob" name="editmaximumValidationTittle" time="5.639"/>
  <system-out/>
  <testcase classname="org.test.CustomerContactJob" name="editmandatoryValidationDescription" time="0.076"/>
  <system-out/>
  <testcase classname="org.test.CustomerContactJob" name="editmaximumValidationDescription" time="4.923"/>
  <system-out/>
  <testcase classname="org.test.CustomerContactJob" name="editmaximumTagValidation" time="0.806"/>
  <system-out/>
  <testcase classname="org.test.CustomerContactJob" name="editduplicateTagsValidation" time="0.296"/>
  <system-out/>
  <testcase classname="org.test.CustomerContactJob" name="editmaxTagLimitValidation" time="16.108"/>
  <system-out/>
  <testcase classname="org.test.CustomerContactJob" name="editmaximumValidationNotes" time="5.304"/>
  <system-out/>
  <testcase classname="org.test.CustomerContactJob" name="updateButton" time="0.081"/>
  <system-out/>
  <testcase classname="org.test.CustomerContactJob" name="checkResponseCode" time="3.613"/>
  <system-out/>
  <testcase classname="org.test.CustomerContactJob" name="editJobwithFromDateFromTime" time="11.481"/>
  <system-out/>
  <testcase classname="org.test.CustomerContactJob" name="createJob_FromDateandTime_ToDateandTime" time="18.135"/>
  <system-out/>
  <testcase classname="org.test.CustomerContactJob" name="jobScheduleStatus" time="0.129"/>
  <system-out/>
  <testcase classname="org.test.CustomerContactJob" name="dispatchedJob" time="11.044"/>
  <system-out/>
  <testcase classname="org.test.CustomerContactJob" name="jobDispatchedStatus" time="0.139"/>
  <system-out/>
  <testcase classname="org.test.CustomerContactJob" name="startedJob" time="11.628"/>
  <system-out/>
  <testcase classname="org.test.CustomerContactJob" name="jobStartedStatus" time="0.138"/>
  <system-out/>
  <testcase classname="org.test.CustomerContactJob" name="completedJob" time="11.005"/>
  <system-out/>
  <testcase classname="org.test.CustomerContactJob" name="jobCompleteStatus" time="0.135"/>
  <system-out/>
  <testcase classname="org.test.CustomerContactJob" name="cancelledJob" time="11.676"/>
  <system-out/>
  <testcase classname="org.test.CustomerContactJob" name="jobCancelledStatus" time="0.134"/>
  <system-out/>
  <testcase classname="org.test.CustomerContactJob" name="jobDraftStatus" time="9.418"/>
  <system-out/>
  <testcase classname="org.test.CustomerContactJob" name="deletedJob" time="9.101"/>
  <system-out/>
  <testcase classname="org.test.CustomerContactJob" name="searchJobNo" time="1.893"/>
  <system-out/>
  <testcase classname="org.test.CustomerContactJob" name="searchLocation" time="1.908"/>
  <system-out/>
  <testcase classname="org.test.CustomerContactJob" name="searchFilterByDate" time="2.628"/>
  <system-out/>
  <testcase classname="org.test.CustomerContactJob" name="searchInvalid" time="2.424"/>
  <system-out/>
  <testcase classname="org.test.CustomerContactJob" name="dailyRecurring" time="19.619"/>
  <system-out/>
  <testcase classname="org.test.CustomerContactJob" name="weeklyRecurring" time="18.853"/>
  <system-out/>
  <testcase classname="org.test.CustomerContactJob" name="monthlyRecurring" time="18.356"/>
  <system-out/>
  <testcase classname="org.test.CustomerContactJob" name="yearlyRecurring" time="23.935"/>
  <system-out/>
</testsuite> <!-- org.test.CustomerContactJob -->
