<?xml version="1.0" encoding="UTF-8"?>
<!-- Generated by org.testng.reporters.JUnitReportReporter -->
<testsuite hostname="DESKTOP-5M7AM2E" failures="0" tests="108" name="org.test.TeamModule" time="270.700" errors="0" timestamp="2022-10-14T14:10:16 IST" skipped="0">
  <testcase classname="org.test.TeamModule" name="verify" time="20.982"/>
  <system-out/>
  <testcase classname="org.test.TeamModule" name="teamModule" time="6.648"/>
  <system-out/>
  <testcase classname="org.test.TeamModule" name="edit" time="2.646"/>
  <system-out/>
  <testcase classname="org.test.TeamModule" name="addLocation" time="2.062"/>
  <system-out/>
  <testcase classname="org.test.TeamModule" name="deleteLocation" time="1.897"/>
  <system-out/>
  <testcase classname="org.test.TeamModule" name="maxSizeProfileField" time="3.233"/>
  <system-out/>
  <testcase classname="org.test.TeamModule" name="fileFormatvalidation" time="2.355"/>
  <system-out/>
  <testcase classname="org.test.TeamModule" name="verifyContractorNameMandatory" time="0.124"/>
  <system-out/>
  <testcase classname="org.test.TeamModule" name="verifyContractorNumberMinValidation" time="0.265"/>
  <system-out/>
  <testcase classname="org.test.TeamModule" name="verifyContractorEmailFormat" time="0.237"/>
  <system-out/>
  <testcase classname="org.test.TeamModule" name="verifyContractorNumberMaxValidation" time="0.231"/>
  <system-out/>
  <testcase classname="org.test.TeamModule" name="verifyFaxMinValidation" time="0.184"/>
  <system-out/>
  <testcase classname="org.test.TeamModule" name="verifyFaxMaxValidation" time="0.301"/>
  <system-out/>
  <testcase classname="org.test.TeamModule" name="verifyCpersonMaxValidation" time="1.289"/>
  <system-out/>
  <testcase classname="org.test.TeamModule" name="maxValidationLocationNameField" time="1.325"/>
  <system-out/>
  <testcase classname="org.test.TeamModule" name="validateEmailField" time="0.164"/>
  <system-out/>
  <testcase classname="org.test.TeamModule" name="maxValidationEmailField" time="1.326"/>
  <system-out/>
  <testcase classname="org.test.TeamModule" name="minValidationPhoneNumberField" time="0.304"/>
  <system-out/>
  <testcase classname="org.test.TeamModule" name="maxValidationPhoneNumberField" time="0.312"/>
  <system-out/>
  <testcase classname="org.test.TeamModule" name="maxValidationAddress1Field" time="1.270"/>
  <system-out/>
  <testcase classname="org.test.TeamModule" name="maxValidationAddress2Field" time="1.271"/>
  <system-out/>
  <testcase classname="org.test.TeamModule" name="maxValidationStateField" time="1.280"/>
  <system-out/>
  <testcase classname="org.test.TeamModule" name="maxValidationCityField" time="1.268"/>
  <system-out/>
  <testcase classname="org.test.TeamModule" name="maxValidationZipcodeField" time="0.201"/>
  <system-out/>
  <testcase classname="org.test.TeamModule" name="minValidationZipcodeField" time="0.127"/>
  <system-out/>
  <testcase classname="org.test.TeamModule" name="characterValidationZipcodeField" time="0.137"/>
  <system-out/>
  <testcase classname="org.test.TeamModule" name="maxValidationContactPerson" time="1.347"/>
  <system-out/>
  <testcase classname="org.test.TeamModule" name="verifySaveButtonExist" time="0.041"/>
  <system-out/>
  <testcase classname="org.test.TeamModule" name="createContract" time="3.659"/>
  <system-out/>
  <testcase classname="org.test.TeamModule" name="listValidationName" time="1.582"/>
  <system-out/>
  <testcase classname="org.test.TeamModule" name="searchCompanyNameListValidation" time="1.409"/>
  <system-out/>
  <testcase classname="org.test.TeamModule" name="searchNameListValidation" time="1.361"/>
  <system-out/>
  <testcase classname="org.test.TeamModule" name="searchEmailListValidation" time="1.418"/>
  <system-out/>
  <testcase classname="org.test.TeamModule" name="searchPhoneNumberListValidation" time="1.395"/>
  <system-out/>
  <testcase classname="org.test.TeamModule" name="invalidValidationData" time="1.330"/>
  <system-out/>
  <testcase classname="org.test.TeamModule" name="editContractorPage" time="1.893"/>
  <system-out/>
  <testcase classname="org.test.TeamModule" name="editContractorDetails" time="4.551"/>
  <system-out/>
  <testcase classname="org.test.TeamModule" name="deleteContractorDetails" time="2.055"/>
  <system-out/>
  <testcase classname="org.test.TeamModule" name="landingUserFormPage" time="1.920"/>
  <system-out/>
  <testcase classname="org.test.TeamModule" name="maxSizeLogoField" time="1.728"/>
  <system-out/>
  <testcase classname="org.test.TeamModule" name="fileFormatValidation" time="1.824"/>
  <system-out/>
  <testcase classname="org.test.TeamModule" name="mandatoryValidationFirstNameField" time="0.287"/>
  <system-out/>
  <testcase classname="org.test.TeamModule" name="mandatoryValidationEmailField" time="0.285"/>
  <system-out/>
  <testcase classname="org.test.TeamModule" name="maxValidationFirstNameField" time="0.672"/>
  <system-out/>
  <testcase classname="org.test.TeamModule" name="mandatoryValidationTypeField" time="0.505"/>
  <system-out/>
  <testcase classname="org.test.TeamModule" name="maxValidationLastNameField" time="0.623"/>
  <system-out/>
  <testcase classname="org.test.TeamModule" name="maxValidationJobTittleField" time="0.657"/>
  <system-out/>
  <testcase classname="org.test.TeamModule" name="maxValidationEmailFields" time="0.678"/>
  <system-out/>
  <testcase classname="org.test.TeamModule" name="invalidEmailValidation" time="0.197"/>
  <system-out/>
  <testcase classname="org.test.TeamModule" name="minValidatonPhoneNumber" time="0.334"/>
  <system-out/>
  <testcase classname="org.test.TeamModule" name="maxValidatonPhoneNumber" time="0.440"/>
  <system-out/>
  <testcase classname="org.test.TeamModule" name="maxValidationLocationName" time="0.658"/>
  <system-out/>
  <testcase classname="org.test.TeamModule" name="maxValidationAddress1" time="0.658"/>
  <system-out/>
  <testcase classname="org.test.TeamModule" name="maxValidationAddress2" time="0.663"/>
  <system-out/>
  <testcase classname="org.test.TeamModule" name="maxValidationState" time="0.642"/>
  <system-out/>
  <testcase classname="org.test.TeamModule" name="maxValidationCity" time="0.633"/>
  <system-out/>
  <testcase classname="org.test.TeamModule" name="minValidationZipcode" time="0.159"/>
  <system-out/>
  <testcase classname="org.test.TeamModule" name="specialCharacterValidationZipcode" time="0.125"/>
  <system-out/>
  <testcase classname="org.test.TeamModule" name="specialCharacterValidationContractorZipcode" time="0.135"/>
  <system-out/>
  <testcase classname="org.test.TeamModule" name="maxValidationZipcode" time="0.319"/>
  <system-out/>
  <testcase classname="org.test.TeamModule" name="userCreate" time="5.535"/>
  <system-out/>
  <testcase classname="org.test.TeamModule" name="createdListName" time="1.585"/>
  <system-out/>
  <testcase classname="org.test.TeamModule" name="alreadyExistedMailValidation" time="4.723"/>
  <system-out/>
  <testcase classname="org.test.TeamModule" name="searchNameValidation" time="14.084"/>
  <system-out/>
  <testcase classname="org.test.TeamModule" name="searchPhoneNumberValidation" time="13.497"/>
  <system-out/>
  <testcase classname="org.test.TeamModule" name="searchEmailValidation" time="13.511"/>
  <system-out/>
  <testcase classname="org.test.TeamModule" name="invalidDataValidation" time="13.818"/>
  <system-out/>
  <testcase classname="org.test.TeamModule" name="landingOnEditForm" time="1.913"/>
  <system-out/>
  <testcase classname="org.test.TeamModule" name="editUserDetails" time="5.610"/>
  <system-out/>
  <testcase classname="org.test.TeamModule" name="deleteUserDetails" time="3.604"/>
  <system-out/>
  <testcase classname="org.test.TeamModule" name="landingContractorFormPage" time="1.385"/>
  <system-out/>
  <testcase classname="org.test.TeamModule" name="contractorMaximumSizeLogoValidation" time="1.712"/>
  <system-out/>
  <testcase classname="org.test.TeamModule" name="fileFormatValidations" time="1.847"/>
  <system-out/>
  <testcase classname="org.test.TeamModule" name="mandatoryValidationContractorFirstNameField" time="0.279"/>
  <system-out/>
  <testcase classname="org.test.TeamModule" name="mandatoryValidationContractorEmailField" time="0.293"/>
  <system-out/>
  <testcase classname="org.test.TeamModule" name="mandatoryOrganizationName" time="0.722"/>
  <system-out/>
  <testcase classname="org.test.TeamModule" name="maxValidationContractorFirstNameField" time="0.685"/>
  <system-out/>
  <testcase classname="org.test.TeamModule" name="maxValidationContractorLastNameField" time="0.686"/>
  <system-out/>
  <testcase classname="org.test.TeamModule" name="invalidContractorEmailValidation" time="0.220"/>
  <system-out/>
  <testcase classname="org.test.TeamModule" name="maxValidationContractorEmailFields" time="0.663"/>
  <system-out/>
  <testcase classname="org.test.TeamModule" name="minValidatonContractorPhoneNumber" time="0.340"/>
  <system-out/>
  <testcase classname="org.test.TeamModule" name="maxValidatonContractorPhoneNumber" time="0.449"/>
  <system-out/>
  <testcase classname="org.test.TeamModule" name="maxValidationContractorLocationName" time="0.664"/>
  <system-out/>
  <testcase classname="org.test.TeamModule" name="maxValidationContractorAddress1" time="0.643"/>
  <system-out/>
  <testcase classname="org.test.TeamModule" name="maxValidationContractorAddress2" time="0.686"/>
  <system-out/>
  <testcase classname="org.test.TeamModule" name="maxValidationContractorState" time="0.654"/>
  <system-out/>
  <testcase classname="org.test.TeamModule" name="maxValidationContractorCity" time="0.649"/>
  <system-out/>
  <testcase classname="org.test.TeamModule" name="minValidationContractorZipcode" time="0.163"/>
  <system-out/>
  <testcase classname="org.test.TeamModule" name="maxValidationContractorZipcode" time="0.305"/>
  <system-out/>
  <testcase classname="org.test.TeamModule" name="userContractorCreate" time="5.560"/>
  <system-out/>
  <testcase classname="org.test.TeamModule" name="createdContractorListName" time="1.529"/>
  <system-out/>
  <testcase classname="org.test.TeamModule" name="alreadyExistedContractorMailValidation" time="3.552"/>
  <system-out/>
  <testcase classname="org.test.TeamModule" name="searchContractorNameValidation" time="14.601"/>
  <system-out/>
  <testcase classname="org.test.TeamModule" name="searchContractorPhoneNumberValidation" time="14.021"/>
  <system-out/>
  <testcase classname="org.test.TeamModule" name="searchContractorEmailValidation" time="14.053"/>
  <system-out/>
  <testcase classname="org.test.TeamModule" name="filterByCompany" time="1.656"/>
  <system-out/>
  <testcase classname="org.test.TeamModule" name="invalidDatasValidation" time="13.801"/>
  <system-out/>
  <testcase classname="org.test.TeamModule" name="landingOnContractorEditForm" time="1.916"/>
  <system-out/>
  <testcase classname="org.test.TeamModule" name="editContractorDetail" time="7.533"/>
  <system-out/>
  <testcase classname="org.test.TeamModule" name="deleteContractorDetail" time="3.715"/>
  <system-out/>
  <testcase classname="org.test.TeamModule" name="landOnSendInvitePage" time="0.895"/>
  <system-out/>
  <testcase classname="org.test.TeamModule" name="verifyEmailRequired" time="0.108"/>
  <system-out/>
  <testcase classname="org.test.TeamModule" name="verfiyEmailFormat" time="1.238"/>
  <system-out/>
  <testcase classname="org.test.TeamModule" name="verifyFirstName" time="0.217"/>
  <system-out/>
  <testcase classname="org.test.TeamModule" name="verifyFirstNamewithBlankSpace" time="2.239"/>
  <system-out/>
  <testcase classname="org.test.TeamModule" name="verifyUserEnterMessage" time="0.370"/>
  <system-out/>
  <testcase classname="org.test.TeamModule" name="verfiyAddMoreButton" time="0.095"/>
  <system-out/>
  <testcase classname="org.test.TeamModule" name="verifyUserSendInvite" time="5.054"/>
  <system-out/>
</testsuite> <!-- org.test.TeamModule -->
