<?xml version="1.0" encoding="UTF-8"?>
<!-- Generated by org.testng.reporters.JUnitReportReporter -->
<testsuite hostname="DESKTOP-5M7AM2E" failures="0" tests="26" name="org.test.TaxModule" time="175.885" errors="0" timestamp="2023-06-02T15:22:10 IST" skipped="0">
  <testcase classname="org.test.TaxModule" name="loginPage" time="35.957"/>
  <system-out/>
  <testcase classname="org.test.TaxModule" name="settingModule" time="1.686"/>
  <system-out/>
  <testcase classname="org.test.TaxModule" name="createFormLabel" time="1.290"/>
  <system-out/>
  <testcase classname="org.test.TaxModule" name="mandatoryValidationTaxName" time="0.364"/>
  <system-out/>
  <testcase classname="org.test.TaxModule" name="mandatoryValidationDescription" time="0.077"/>
  <system-out/>
  <testcase classname="org.test.TaxModule" name="maximumValidationProductName" time="8.209"/>
  <system-out/>
  <testcase classname="org.test.TaxModule" name="subTaxPercentageEqual" time="8.032"/>
  <system-out/>
  <testcase classname="org.test.TaxModule" name="subTaxNameUnique" time="6.522"/>
  <system-out/>
  <testcase classname="org.test.TaxModule" name="maximumValidationTaxPercentage" time="7.936"/>
  <system-out/>
  <testcase classname="org.test.TaxModule" name="createButton" time="0.095"/>
  <system-out/>
  <testcase classname="org.test.TaxModule" name="createTax" time="7.506"/>
  <system-out/>
  <testcase classname="org.test.TaxModule" name="uniqueValidationTaxName" time="8.353"/>
  <system-out/>
  <testcase classname="org.test.TaxModule" name="createdTaxList" time="0.103"/>
  <system-out/>
  <testcase classname="org.test.TaxModule" name="editFormLabel" time="3.214"/>
  <system-out/>
  <testcase classname="org.test.TaxModule" name="editmandatoryValidationTaxName" time="0.252"/>
  <system-out/>
  <testcase classname="org.test.TaxModule" name="editmandatoryValidationDescription" time="0.091"/>
  <system-out/>
  <testcase classname="org.test.TaxModule" name="editmaximumValidationProductName" time="8.247"/>
  <system-out/>
  <testcase classname="org.test.TaxModule" name="editmaximumValidationTaxPercentage" time="8.162"/>
  <system-out/>
  <testcase classname="org.test.TaxModule" name="editsubTaxNameUnique" time="6.789"/>
  <system-out/>
  <testcase classname="org.test.TaxModule" name="editsubTaxPercentageEqual" time="7.494"/>
  <system-out/>
  <testcase classname="org.test.TaxModule" name="updateButton" time="0.099"/>
  <system-out/>
  <testcase classname="org.test.TaxModule" name="updatedTax" time="7.553"/>
  <system-out/>
  <testcase classname="org.test.TaxModule" name="deleteTax" time="7.998"/>
  <system-out/>
  <testcase classname="org.test.TaxModule" name="updatedTaxList" time="15.890"/>
  <system-out/>
  <testcase classname="org.test.TaxModule" name="createdTaxRefectProductService" time="16.393"/>
  <system-out/>
  <testcase classname="org.test.TaxModule" name="editTaxRefectProductService" time="7.573"/>
  <system-out/>
</testsuite> <!-- org.test.TaxModule -->
