<?xml version="1.0" encoding="UTF-8"?>
<!-- Generated by org.testng.reporters.JUnitReportReporter -->
<testsuite hostname="DESKTOP-5M7AM2E" failures="0" tests="3" name="org.enhancement.TeamCompanyContractor" time="52.889" errors="0" timestamp="2023-04-17T20:25:35 IST" skipped="0">
  <testcase classname="org.enhancement.TeamCompanyContractor" name="verify" time="35.807"/>
  <system-out/>
  <testcase classname="org.enhancement.TeamCompanyContractor" name="createLabel" time="7.297"/>
  <system-out/>
  <testcase classname="org.enhancement.TeamCompanyContractor" name="createContract" time="9.785"/>
  <system-out/>
</testsuite> <!-- org.enhancement.TeamCompanyContractor -->
