<?xml version="1.0" encoding="UTF-8"?>
<!-- Generated by org.testng.reporters.JUnitReportReporter -->
<testsuite hostname="DESKTOP-5M7AM2E" failures="0" tests="70" name="org.test.CustomerContactQuote" time="172.395" errors="0" timestamp="2023-04-04T00:12:38 IST" skipped="0">
  <testcase classname="org.test.CustomerContactQuote" name="loginPage" time="24.766"/>
  <system-out/>
  <testcase classname="org.test.CustomerContactQuote" name="contactModule" time="5.349"/>
  <system-out/>
  <testcase classname="org.test.CustomerContactQuote" name="CreateContact" time="11.941"/>
  <system-out/>
  <testcase classname="org.test.CustomerContactQuote" name="listabelValidation" time="6.305"/>
  <system-out/>
  <testcase classname="org.test.CustomerContactQuote" name="labelValidation" time="1.316"/>
  <system-out/>
  <testcase classname="org.test.CustomerContactQuote" name="namePrepopulation" time="1.107"/>
  <system-out/>
  <testcase classname="org.test.CustomerContactQuote" name="mandatoryValidationExpiryDate" time="0.356"/>
  <system-out/>
  <testcase classname="org.test.CustomerContactQuote" name="mandatoryValidationInventoryItem" time="0.048"/>
  <system-out/>
  <testcase classname="org.test.CustomerContactQuote" name="mandatoryValidationQunatity" time="0.047"/>
  <system-out/>
  <testcase classname="org.test.CustomerContactQuote" name="mandatoryValidationPrice" time="0.050"/>
  <system-out/>
  <testcase classname="org.test.CustomerContactQuote" name="mandatoryValidationDescription" time="0.042"/>
  <system-out/>
  <testcase classname="org.test.CustomerContactQuote" name="maximumValidationReference" time="0.567"/>
  <system-out/>
  <testcase classname="org.test.CustomerContactQuote" name="maximumValidationQuoteTittle" time="0.634"/>
  <system-out/>
  <testcase classname="org.test.CustomerContactQuote" name="maximumValidationInventoryItem" time="0.800"/>
  <system-out/>
  <testcase classname="org.test.CustomerContactQuote" name="emptyValidationQuantityField" time="0.149"/>
  <system-out/>
  <testcase classname="org.test.CustomerContactQuote" name="maxQuanitityLimit" time="0.211"/>
  <system-out/>
  <testcase classname="org.test.CustomerContactQuote" name="afterDecimalPointValidationQuantityField" time="0.157"/>
  <system-out/>
  <testcase classname="org.test.CustomerContactQuote" name="beforeDecimalPointValidationQuantityField" time="0.231"/>
  <system-out/>
  <testcase classname="org.test.CustomerContactQuote" name="emptyValidationPriceField" time="0.164"/>
  <system-out/>
  <testcase classname="org.test.CustomerContactQuote" name="maxPriceLimit" time="0.150"/>
  <system-out/>
  <testcase classname="org.test.CustomerContactQuote" name="beforeDecimalPointPriceField" time="0.184"/>
  <system-out/>
  <testcase classname="org.test.CustomerContactQuote" name="afterDecimalPointPriceField" time="0.193"/>
  <system-out/>
  <testcase classname="org.test.CustomerContactQuote" name="afterDecimalPointDiscountField" time="0.177"/>
  <system-out/>
  <testcase classname="org.test.CustomerContactQuote" name="beforeDecimalPointDiscountField" time="0.149"/>
  <system-out/>
  <testcase classname="org.test.CustomerContactQuote" name="maxLimitDiscountField" time="0.131"/>
  <system-out/>
  <testcase classname="org.test.CustomerContactQuote" name="afterDecimalPointTaxField" time="0.183"/>
  <system-out/>
  <testcase classname="org.test.CustomerContactQuote" name="beforeDecimalPointTaxField" time="0.163"/>
  <system-out/>
  <testcase classname="org.test.CustomerContactQuote" name="maxLimitTaxField" time="0.188"/>
  <system-out/>
  <testcase classname="org.test.CustomerContactQuote" name="maximumValidationDescription" time="1.692"/>
  <system-out/>
  <testcase classname="org.test.CustomerContactQuote" name="maximumValidationNotes" time="3.927"/>
  <system-out/>
  <testcase classname="org.test.CustomerContactQuote" name="expiryFieldPastDateValidation" time="7.342"/>
  <system-out/>
  <testcase classname="org.test.CustomerContactQuote" name="validateCalculation" time="0.567"/>
  <system-out/>
  <testcase classname="org.test.CustomerContactQuote" name="createQuote" time="11.443"/>
  <system-out/>
  <testcase classname="org.test.CustomerContactQuote" name="quoteCreatedCount" time="0.070"/>
  <system-out/>
  <testcase classname="org.test.CustomerContactQuote" name="quoteEdit" time="7.706"/>
  <system-out/>
  <testcase classname="org.test.CustomerContactQuote" name="editmandatoryValidationExpiryDate" time="0.267"/>
  <system-out/>
  <testcase classname="org.test.CustomerContactQuote" name="editmandatoryValidationQunatity" time="0.048"/>
  <system-out/>
  <testcase classname="org.test.CustomerContactQuote" name="editmandatoryValidationPrice" time="0.051"/>
  <system-out/>
  <testcase classname="org.test.CustomerContactQuote" name="editmandatoryValidationDescription" time="0.047"/>
  <system-out/>
  <testcase classname="org.test.CustomerContactQuote" name="editmaximumValidationReference" time="0.561"/>
  <system-out/>
  <testcase classname="org.test.CustomerContactQuote" name="editmaximumValidationQuoteTittle" time="0.617"/>
  <system-out/>
  <testcase classname="org.test.CustomerContactQuote" name="editmaximumValidationInventoryItem" time="0.819"/>
  <system-out/>
  <testcase classname="org.test.CustomerContactQuote" name="editemptyValidationQuantityField" time="0.159"/>
  <system-out/>
  <testcase classname="org.test.CustomerContactQuote" name="editmaxQuanitityLimit" time="0.217"/>
  <system-out/>
  <testcase classname="org.test.CustomerContactQuote" name="editafterDecimalPointValidationQuantityField" time="0.166"/>
  <system-out/>
  <testcase classname="org.test.CustomerContactQuote" name="editbeforeDecimalPointValidationQuantityField" time="0.272"/>
  <system-out/>
  <testcase classname="org.test.CustomerContactQuote" name="editemptyValidationPriceField" time="0.165"/>
  <system-out/>
  <testcase classname="org.test.CustomerContactQuote" name="editmaxPriceLimit" time="0.170"/>
  <system-out/>
  <testcase classname="org.test.CustomerContactQuote" name="editbeforeDecimalPointPriceField" time="0.197"/>
  <system-out/>
  <testcase classname="org.test.CustomerContactQuote" name="editafterDecimalPointPriceField" time="0.198"/>
  <system-out/>
  <testcase classname="org.test.CustomerContactQuote" name="editafterDecimalPointDiscountField" time="0.166"/>
  <system-out/>
  <testcase classname="org.test.CustomerContactQuote" name="editbeforeDecimalPointDiscountField" time="0.153"/>
  <system-out/>
  <testcase classname="org.test.CustomerContactQuote" name="editmaxLimitDiscountField" time="0.140"/>
  <system-out/>
  <testcase classname="org.test.CustomerContactQuote" name="editafterDecimalPointTaxField" time="0.169"/>
  <system-out/>
  <testcase classname="org.test.CustomerContactQuote" name="editbeforeDecimalPointTaxField" time="0.149"/>
  <system-out/>
  <testcase classname="org.test.CustomerContactQuote" name="editmaxLimitTaxField" time="0.193"/>
  <system-out/>
  <testcase classname="org.test.CustomerContactQuote" name="editmaximumValidationDescription" time="1.689"/>
  <system-out/>
  <testcase classname="org.test.CustomerContactQuote" name="editmaximumValidationNotes" time="3.908"/>
  <system-out/>
  <testcase classname="org.test.CustomerContactQuote" name="editexpiryFieldPastDateValidation" time="7.308"/>
  <system-out/>
  <testcase classname="org.test.CustomerContactQuote" name="editvalidateCalculation" time="0.535"/>
  <system-out/>
  <testcase classname="org.test.CustomerContactQuote" name="updateQuote" time="10.776"/>
  <system-out/>
  <testcase classname="org.test.CustomerContactQuote" name="createdQuoteStatus" time="0.048"/>
  <system-out/>
  <testcase classname="org.test.CustomerContactQuote" name="draftQuote" time="7.569"/>
  <system-out/>
  <testcase classname="org.test.CustomerContactQuote" name="convertQuote" time="24.712"/>
  <system-out/>
  <testcase classname="org.test.CustomerContactQuote" name="declinedStatus" time="12.592"/>
  <system-out/>
  <testcase classname="org.test.CustomerContactQuote" name="listQuoteNo" time="1.897"/>
  <system-out/>
  <testcase classname="org.test.CustomerContactQuote" name="listQuoteTittle" time="1.801"/>
  <system-out/>
  <testcase classname="org.test.CustomerContactQuote" name="listQuoteReference" time="1.791"/>
  <system-out/>
  <testcase classname="org.test.CustomerContactQuote" name="filterDateInvoice" time="2.134"/>
  <system-out/>
  <testcase classname="org.test.CustomerContactQuote" name="listInvalid" time="2.206"/>
  <system-out/>
</testsuite> <!-- org.test.CustomerContactQuote -->
