<?xml version="1.0" encoding="UTF-8"?>
<!-- Generated by org.testng.reporters.JUnitReportReporter -->
<testsuite hostname="DESKTOP-5M7AM2E" failures="0" tests="38" name="org.test.ServiceModule" time="150.392" errors="0" timestamp="2023-04-15T19:23:14 IST" skipped="4">
  <testcase classname="org.test.ServiceModule" name="loginPage" time="21.513"/>
  <system-out/>
  <testcase classname="org.test.ServiceModule" name="settingModule" time="2.125"/>
  <system-out/>
  <testcase classname="org.test.ServiceModule" name="createFormLabel" time="1.949"/>
  <system-out/>
  <testcase classname="org.test.ServiceModule" name="mandatoryValidationServiceName" time="0.236"/>
  <system-out/>
  <testcase classname="org.test.ServiceModule" name="mandatoryValidationDescription" time="0.070"/>
  <system-out/>
  <testcase classname="org.test.ServiceModule" name="mandatoryValidationPrice" time="0.066"/>
  <system-out/>
  <testcase classname="org.test.ServiceModule" name="mandatoryValidationTaxName" time="0.723"/>
  <system-out/>
  <testcase classname="org.test.ServiceModule" name="mandatoryValidationTaxPercentage" time="0.062"/>
  <system-out/>
  <testcase classname="org.test.ServiceModule" name="maximumValidationServiceName" time="3.923"/>
  <system-out/>
  <testcase classname="org.test.ServiceModule" name="maximumValidationDescription" time="3.293"/>
  <system-out/>
  <testcase classname="org.test.ServiceModule" name="maximumValidationPrice" time="0.197"/>
  <system-out/>
  <testcase classname="org.test.ServiceModule" name="beforeDecimalPointPriceField" time="0.185"/>
  <system-out/>
  <testcase classname="org.test.ServiceModule" name="afterDecimalPointPriceField" time="0.181"/>
  <system-out/>
  <testcase classname="org.test.ServiceModule" name="beforeDecimalPointTaxPercentageField" time="0.348"/>
  <system-out/>
  <testcase classname="org.test.ServiceModule" name="afterDecimalPointTaxPercentageField" time="0.321"/>
  <system-out/>
  <testcase classname="org.test.ServiceModule" name="createButton" time="0.183"/>
  <system-out/>
  <testcase classname="org.test.ServiceModule" name="createProduct" time="9.113"/>
  <system-out/>
  <testcase classname="org.test.ServiceModule" name="editFormLabel" time="4.324"/>
  <system-out/>
  <testcase classname="org.test.ServiceModule" name="editmandatoryValidationServiceName" time="0.220"/>
  <system-out/>
  <testcase classname="org.test.ServiceModule" name="editmandatoryValidationDescription" time="0.066"/>
  <system-out/>
  <testcase classname="org.test.ServiceModule" name="editmandatoryValidationPrice" time="0.061"/>
  <system-out/>
  <testcase classname="org.test.ServiceModule" name="editmandatoryValidationTaxName" time="0.029">
    <skipped/>
  </testcase> <!-- editmandatoryValidationTaxName -->
  <system-out/>
  <testcase classname="org.test.ServiceModule" name="editmandatoryValidationTaxPercentage" time="0.018">
    <skipped/>
  </testcase> <!-- editmandatoryValidationTaxPercentage -->
  <system-out/>
  <testcase classname="org.test.ServiceModule" name="editmaximumValidationProductName" time="3.866"/>
  <system-out/>
  <testcase classname="org.test.ServiceModule" name="editmaximumValidationDescription" time="3.369"/>
  <system-out/>
  <testcase classname="org.test.ServiceModule" name="editmaximumValidationPrice" time="0.193"/>
  <system-out/>
  <testcase classname="org.test.ServiceModule" name="editbeforeDecimalPointPriceField" time="0.182"/>
  <system-out/>
  <testcase classname="org.test.ServiceModule" name="editafterDecimalPointPriceField" time="0.172"/>
  <system-out/>
  <testcase classname="org.test.ServiceModule" name="editbeforeDecimalPointTaxPercentageField" time="0.020">
    <skipped/>
  </testcase> <!-- editbeforeDecimalPointTaxPercentageField -->
  <system-out/>
  <testcase classname="org.test.ServiceModule" name="editafterDecimalPointTaxPercentageField" time="0.017">
    <skipped/>
  </testcase> <!-- editafterDecimalPointTaxPercentageField -->
  <system-out/>
  <testcase classname="org.test.ServiceModule" name="updateButton" time="0.180"/>
  <system-out/>
  <testcase classname="org.test.ServiceModule" name="updateProduct" time="8.062"/>
  <system-out/>
  <testcase classname="org.test.ServiceModule" name="searchServiceName" time="1.259"/>
  <system-out/>
  <testcase classname="org.test.ServiceModule" name="searchInvalid" time="1.325"/>
  <system-out/>
  <testcase classname="org.test.ServiceModule" name="deletedService" time="16.715"/>
  <system-out/>
  <testcase classname="org.test.ServiceModule" name="reflectQuotePage" time="35.927"/>
  <system-out/>
  <testcase classname="org.test.ServiceModule" name="inactiveProduct" time="20.833"/>
  <system-out/>
  <testcase classname="org.test.ServiceModule" name="deleteProduct" time="9.066"/>
  <system-out/>
</testsuite> <!-- org.test.ServiceModule -->
