<?xml version="1.0" encoding="UTF-8"?>
<!-- Generated by org.testng.reporters.JUnitReportReporter -->
<testsuite hostname="DESKTOP-5M7AM2E" failures="0" tests="94" name="org.test.CustomerCreateContactModule" time="158.469" errors="0" timestamp="2023-05-05T14:24:28 IST" skipped="0">
  <testcase classname="org.test.CustomerCreateContactModule" name="loginPage" time="33.208"/>
  <system-out/>
  <testcase classname="org.test.CustomerCreateContactModule" name="contactModule" time="4.451"/>
  <system-out/>
  <testcase classname="org.test.CustomerCreateContactModule" name="createLabel" time="0.075"/>
  <system-out/>
  <testcase classname="org.test.CustomerCreateContactModule" name="mandatoryValidation" time="2.549"/>
  <system-out/>
  <testcase classname="org.test.CustomerCreateContactModule" name="maxValidationFirstNameField" time="0.804"/>
  <system-out/>
  <testcase classname="org.test.CustomerCreateContactModule" name="maxValidationLastNameField" time="0.713"/>
  <system-out/>
  <testcase classname="org.test.CustomerCreateContactModule" name="maxValidationJobTittle" time="0.718"/>
  <system-out/>
  <testcase classname="org.test.CustomerCreateContactModule" name="maxValidationEmailField" time="0.819"/>
  <system-out/>
  <testcase classname="org.test.CustomerCreateContactModule" name="maxValidationTaxNumberField" time="5.078"/>
  <system-out/>
  <testcase classname="org.test.CustomerCreateContactModule" name="invalidValidationEmailField" time="0.263"/>
  <system-out/>
  <testcase classname="org.test.CustomerCreateContactModule" name="specialCharacterPhoneNumberField" time="0.255"/>
  <system-out/>
  <testcase classname="org.test.CustomerCreateContactModule" name="invalidPhoneNumberField" time="0.211"/>
  <system-out/>
  <testcase classname="org.test.CustomerCreateContactModule" name="minValidationPhoneNumberField" time="0.188"/>
  <system-out/>
  <testcase classname="org.test.CustomerCreateContactModule" name="maxValidationPhoneNumberField" time="0.469"/>
  <system-out/>
  <testcase classname="org.test.CustomerCreateContactModule" name="maxValidationPropertyFirstNameField" time="0.835"/>
  <system-out/>
  <testcase classname="org.test.CustomerCreateContactModule" name="maxValidationPropertyLastNameField" time="0.870"/>
  <system-out/>
  <testcase classname="org.test.CustomerCreateContactModule" name="maxValidationPropertyNameField" time="0.838"/>
  <system-out/>
  <testcase classname="org.test.CustomerCreateContactModule" name="maxValidationAddress1" time="0.864"/>
  <system-out/>
  <testcase classname="org.test.CustomerCreateContactModule" name="maxValidationAddress22Field" time="0.860"/>
  <system-out/>
  <testcase classname="org.test.CustomerCreateContactModule" name="maxValidationCityField" time="0.800"/>
  <system-out/>
  <testcase classname="org.test.CustomerCreateContactModule" name="maxValidationStateField" time="0.834"/>
  <system-out/>
  <testcase classname="org.test.CustomerCreateContactModule" name="minValidationZipcodeField" time="0.262"/>
  <system-out/>
  <testcase classname="org.test.CustomerCreateContactModule" name="maxValidationZipcodeField" time="0.299"/>
  <system-out/>
  <testcase classname="org.test.CustomerCreateContactModule" name="specialCharacterZipcodeField" time="0.473"/>
  <system-out/>
  <testcase classname="org.test.CustomerCreateContactModule" name="maxValidationProductNameField" time="0.813"/>
  <system-out/>
  <testcase classname="org.test.CustomerCreateContactModule" name="maxValidationBrandNameField" time="0.794"/>
  <system-out/>
  <testcase classname="org.test.CustomerCreateContactModule" name="maxValdidationModelNumberField" time="0.802"/>
  <system-out/>
  <testcase classname="org.test.CustomerCreateContactModule" name="maxValidationSerialNumberField" time="0.801"/>
  <system-out/>
  <testcase classname="org.test.CustomerCreateContactModule" name="dateValidation" time="7.827"/>
  <system-out/>
  <testcase classname="org.test.CustomerCreateContactModule" name="maxValidationAccessHoursField" time="0.816"/>
  <system-out/>
  <testcase classname="org.test.CustomerCreateContactModule" name="maxValidationInstallationNotesField" time="4.882"/>
  <system-out/>
  <testcase classname="org.test.CustomerCreateContactModule" name="CreateContact" time="11.714"/>
  <system-out/>
  <testcase classname="org.test.CustomerCreateContactModule" name="customerContactCount" time="0.121"/>
  <system-out/>
  <testcase classname="org.test.CustomerCreateContactModule" name="alreadyExistedMail" time="2.430"/>
  <system-out/>
  <testcase classname="org.test.CustomerCreateContactModule" name="characterFilterValidation" time="2.929"/>
  <system-out/>
  <testcase classname="org.test.CustomerCreateContactModule" name="searchListNameField" time="1.282"/>
  <system-out/>
  <testcase classname="org.test.CustomerCreateContactModule" name="searchListPhoneNumberField" time="1.239"/>
  <system-out/>
  <testcase classname="org.test.CustomerCreateContactModule" name="searchListEmailField" time="1.290"/>
  <system-out/>
  <testcase classname="org.test.CustomerCreateContactModule" name="filterField" time="1.849"/>
  <system-out/>
  <testcase classname="org.test.CustomerCreateContactModule" name="searchInvalidListName" time="1.474"/>
  <system-out/>
  <testcase classname="org.test.CustomerCreateContactModule" name="editLabel" time="4.071"/>
  <system-out/>
  <testcase classname="org.test.CustomerCreateContactModule" name="firstNamePrepopulate" time="0.057"/>
  <system-out/>
  <testcase classname="org.test.CustomerCreateContactModule" name="lastNamePrepopulate" time="0.065"/>
  <system-out/>
  <testcase classname="org.test.CustomerCreateContactModule" name="leadSourcePrepopulate" time="0.080"/>
  <system-out/>
  <testcase classname="org.test.CustomerCreateContactModule" name="emailPrepopulate" time="0.057"/>
  <system-out/>
  <testcase classname="org.test.CustomerCreateContactModule" name="jobTittlePrepopulate" time="0.060"/>
  <system-out/>
  <testcase classname="org.test.CustomerCreateContactModule" name="taxNumberPrepopulate" time="0.061"/>
  <system-out/>
  <testcase classname="org.test.CustomerCreateContactModule" name="phoneNumberPrepopulate" time="0.269"/>
  <system-out/>
  <testcase classname="org.test.CustomerCreateContactModule" name="propertyFirstNamePrepopulate" time="0.073"/>
  <system-out/>
  <testcase classname="org.test.CustomerCreateContactModule" name="propertyLastNamePrepopulate" time="0.084"/>
  <system-out/>
  <testcase classname="org.test.CustomerCreateContactModule" name="propertyNamePrepopulate" time="0.059"/>
  <system-out/>
  <testcase classname="org.test.CustomerCreateContactModule" name="locationAddress1Prepopulate" time="0.061"/>
  <system-out/>
  <testcase classname="org.test.CustomerCreateContactModule" name="locationAddress2Prepopulate" time="0.068"/>
  <system-out/>
  <testcase classname="org.test.CustomerCreateContactModule" name="locationCityPrepopulate" time="0.067"/>
  <system-out/>
  <testcase classname="org.test.CustomerCreateContactModule" name="locationStatePrepopulate" time="0.061"/>
  <system-out/>
  <testcase classname="org.test.CustomerCreateContactModule" name="locationZipcodePrepopulate" time="0.243"/>
  <system-out/>
  <testcase classname="org.test.CustomerCreateContactModule" name="productNamePrepopulate" time="0.062"/>
  <system-out/>
  <testcase classname="org.test.CustomerCreateContactModule" name="brandNamePrepopulate" time="0.065"/>
  <system-out/>
  <testcase classname="org.test.CustomerCreateContactModule" name="modelNumberPrepopulate" time="0.062"/>
  <system-out/>
  <testcase classname="org.test.CustomerCreateContactModule" name="serialNumberPrepopulate" time="0.062"/>
  <system-out/>
  <testcase classname="org.test.CustomerCreateContactModule" name="dateInstalledPrepopulate" time="0.175"/>
  <system-out/>
  <testcase classname="org.test.CustomerCreateContactModule" name="warrantyInformationPrepopulate" time="0.059"/>
  <system-out/>
  <testcase classname="org.test.CustomerCreateContactModule" name="accessHoursPrepopulate" time="0.060"/>
  <system-out/>
  <testcase classname="org.test.CustomerCreateContactModule" name="installationNotesPrepopulate" time="0.713"/>
  <system-out/>
  <testcase classname="org.test.CustomerCreateContactModule" name="editMandatoryValidation" time="0.301"/>
  <system-out/>
  <testcase classname="org.test.CustomerCreateContactModule" name="editMaxValidationFirstNameField" time="0.971"/>
  <system-out/>
  <testcase classname="org.test.CustomerCreateContactModule" name="editMaxValidationLastNameField" time="0.797"/>
  <system-out/>
  <testcase classname="org.test.CustomerCreateContactModule" name="editMaxValidationJobTittle" time="0.790"/>
  <system-out/>
  <testcase classname="org.test.CustomerCreateContactModule" name="editMaxValidationEmailField" time="0.748"/>
  <system-out/>
  <testcase classname="org.test.CustomerCreateContactModule" name="editmaxValidationTaxNumberField" time="4.882"/>
  <system-out/>
  <testcase classname="org.test.CustomerCreateContactModule" name="editInvalidValidationEmailField" time="0.251"/>
  <system-out/>
  <testcase classname="org.test.CustomerCreateContactModule" name="editSpecialCharacterPhoneNumberField" time="0.248"/>
  <system-out/>
  <testcase classname="org.test.CustomerCreateContactModule" name="editInvalidPhoneNumberField" time="0.237"/>
  <system-out/>
  <testcase classname="org.test.CustomerCreateContactModule" name="editInValidationPhoneNumberField" time="0.213"/>
  <system-out/>
  <testcase classname="org.test.CustomerCreateContactModule" name="editMaxValidationPhoneNumberField" time="0.944"/>
  <system-out/>
  <testcase classname="org.test.CustomerCreateContactModule" name="editMaxValidationPropertyFirstNameField" time="0.824"/>
  <system-out/>
  <testcase classname="org.test.CustomerCreateContactModule" name="editMaxValidationPropertyLastNameField" time="0.818"/>
  <system-out/>
  <testcase classname="org.test.CustomerCreateContactModule" name="editMaxValidationPropertyNameField" time="0.809"/>
  <system-out/>
  <testcase classname="org.test.CustomerCreateContactModule" name="editMaxValidationAddress1" time="0.829"/>
  <system-out/>
  <testcase classname="org.test.CustomerCreateContactModule" name="editMaxValidationAddress22Field" time="0.821"/>
  <system-out/>
  <testcase classname="org.test.CustomerCreateContactModule" name="editMaxValidationCityField" time="0.825"/>
  <system-out/>
  <testcase classname="org.test.CustomerCreateContactModule" name="editMaxValidationStateField" time="0.817"/>
  <system-out/>
  <testcase classname="org.test.CustomerCreateContactModule" name="editMinValidationZipcodeField" time="0.280"/>
  <system-out/>
  <testcase classname="org.test.CustomerCreateContactModule" name="editMaxValidationZipcodeField" time="0.275"/>
  <system-out/>
  <testcase classname="org.test.CustomerCreateContactModule" name="editSpecialCharacterZipcodeField" time="0.870"/>
  <system-out/>
  <testcase classname="org.test.CustomerCreateContactModule" name="editMaxValidationProductNameField" time="0.915"/>
  <system-out/>
  <testcase classname="org.test.CustomerCreateContactModule" name="editMaxValidationBrandNameField" time="0.855"/>
  <system-out/>
  <testcase classname="org.test.CustomerCreateContactModule" name="editMaxValdidationModelNumberField" time="0.853"/>
  <system-out/>
  <testcase classname="org.test.CustomerCreateContactModule" name="editMaxValidationSerialNumberField" time="0.798"/>
  <system-out/>
  <testcase classname="org.test.CustomerCreateContactModule" name="editDateValidation" time="7.720"/>
  <system-out/>
  <testcase classname="org.test.CustomerCreateContactModule" name="editMaxValidationAccessHoursField" time="0.855"/>
  <system-out/>
  <testcase classname="org.test.CustomerCreateContactModule" name="editMaxValidationInstallationNotesField" time="4.851"/>
  <system-out/>
  <testcase classname="org.test.CustomerCreateContactModule" name="editContactList" time="12.209"/>
  <system-out/>
  <testcase classname="org.test.CustomerCreateContactModule" name="deleteContactList" time="7.370"/>
  <system-out/>
</testsuite> <!-- org.test.CustomerCreateContactModule -->
