<?xml version="1.0" encoding="UTF-8"?>
<!-- Generated by org.testng.reporters.JUnitReportReporter -->
<testsuite hostname="DESKTOP-5M7AM2E" failures="0" tests="48" name="org.test.CustomerOrganizationJob" time="321.586" errors="0" timestamp="2023-05-14T13:43:06 IST" skipped="0">
  <testcase classname="org.test.CustomerOrganizationJob" name="loginPage" time="19.076"/>
  <system-out/>
  <testcase classname="org.test.CustomerOrganizationJob" name="contactModule" time="5.710"/>
  <system-out/>
  <testcase classname="org.test.CustomerOrganizationJob" name="createOrganization" time="22.897"/>
  <system-out/>
  <testcase classname="org.test.CustomerOrganizationJob" name="listabelValidation" time="14.529"/>
  <system-out/>
  <testcase classname="org.test.CustomerOrganizationJob" name="labelValidation" time="4.594"/>
  <system-out/>
  <testcase classname="org.test.CustomerOrganizationJob" name="namePrepopulation" time="2.097"/>
  <system-out/>
  <testcase classname="org.test.CustomerOrganizationJob" name="autoCompleteOrganizationContactCreation" time="12.662"/>
  <system-out/>
  <testcase classname="org.test.CustomerOrganizationJob" name="mandatoryValidationLocation" time="0.329"/>
  <system-out/>
  <testcase classname="org.test.CustomerOrganizationJob" name="maximumValidationLocation" time="5.414"/>
  <system-out/>
  <testcase classname="org.test.CustomerOrganizationJob" name="maximumValidationTittle" time="4.713"/>
  <system-out/>
  <testcase classname="org.test.CustomerOrganizationJob" name="mandatoryValidationDescription" time="0.058"/>
  <system-out/>
  <testcase classname="org.test.CustomerOrganizationJob" name="maximumValidationDescription" time="4.326"/>
  <system-out/>
  <testcase classname="org.test.CustomerOrganizationJob" name="maximumTagValidation" time="0.698"/>
  <system-out/>
  <testcase classname="org.test.CustomerOrganizationJob" name="duplicateTagsValidation" time="0.193"/>
  <system-out/>
  <testcase classname="org.test.CustomerOrganizationJob" name="maxTagLimitValidation" time="14.013"/>
  <system-out/>
  <testcase classname="org.test.CustomerOrganizationJob" name="maximumValidationNotes" time="4.153"/>
  <system-out/>
  <testcase classname="org.test.CustomerOrganizationJob" name="createButton" time="0.062"/>
  <system-out/>
  <testcase classname="org.test.CustomerOrganizationJob" name="unsssignedJob" time="13.878"/>
  <system-out/>
  <testcase classname="org.test.CustomerOrganizationJob" name="jobCreatedCount" time="0.334"/>
  <system-out/>
  <testcase classname="org.test.CustomerOrganizationJob" name="jobUnassignedStatus" time="0.123"/>
  <system-out/>
  <testcase classname="org.test.CustomerOrganizationJob" name="labelEditValidation" time="15.386"/>
  <system-out/>
  <testcase classname="org.test.CustomerOrganizationJob" name="editmandatoryValidationLocation" time="0.280"/>
  <system-out/>
  <testcase classname="org.test.CustomerOrganizationJob" name="editmaximumValidationLocation" time="5.276"/>
  <system-out/>
  <testcase classname="org.test.CustomerOrganizationJob" name="editmaximumValidationTittle" time="4.480"/>
  <system-out/>
  <testcase classname="org.test.CustomerOrganizationJob" name="editmandatoryValidationDescription" time="0.106"/>
  <system-out/>
  <testcase classname="org.test.CustomerOrganizationJob" name="editmaximumValidationDescription" time="4.195"/>
  <system-out/>
  <testcase classname="org.test.CustomerOrganizationJob" name="editmaximumTagValidation" time="0.706"/>
  <system-out/>
  <testcase classname="org.test.CustomerOrganizationJob" name="editduplicateTagsValidation" time="0.378"/>
  <system-out/>
  <testcase classname="org.test.CustomerOrganizationJob" name="editmaxTagLimitValidation" time="13.746"/>
  <system-out/>
  <testcase classname="org.test.CustomerOrganizationJob" name="editmaximumValidationNotes" time="4.256"/>
  <system-out/>
  <testcase classname="org.test.CustomerOrganizationJob" name="updateButton" time="0.060"/>
  <system-out/>
  <testcase classname="org.test.CustomerOrganizationJob" name="editJobwithFromDateFromTime" time="12.186"/>
  <system-out/>
  <testcase classname="org.test.CustomerOrganizationJob" name="createJob_FromDateandTime_ToDateandTime" time="18.574"/>
  <system-out/>
  <testcase classname="org.test.CustomerOrganizationJob" name="jobScheduleStatus" time="0.122"/>
  <system-out/>
  <testcase classname="org.test.CustomerOrganizationJob" name="dispatchedJob" time="20.177"/>
  <system-out/>
  <testcase classname="org.test.CustomerOrganizationJob" name="jobDispatchedStatus" time="0.124"/>
  <system-out/>
  <testcase classname="org.test.CustomerOrganizationJob" name="startedJob" time="21.226"/>
  <system-out/>
  <testcase classname="org.test.CustomerOrganizationJob" name="jobStartedStatus" time="0.119"/>
  <system-out/>
  <testcase classname="org.test.CustomerOrganizationJob" name="completedJob" time="21.234"/>
  <system-out/>
  <testcase classname="org.test.CustomerOrganizationJob" name="jobCompletedStatus" time="0.122"/>
  <system-out/>
  <testcase classname="org.test.CustomerOrganizationJob" name="cancelledJob" time="20.813"/>
  <system-out/>
  <testcase classname="org.test.CustomerOrganizationJob" name="jobCancelledStatus" time="0.144"/>
  <system-out/>
  <testcase classname="org.test.CustomerOrganizationJob" name="jobDraftStatus" time="11.404"/>
  <system-out/>
  <testcase classname="org.test.CustomerOrganizationJob" name="deletedJob" time="7.960"/>
  <system-out/>
  <testcase classname="org.test.CustomerOrganizationJob" name="searchJobNo" time="2.286"/>
  <system-out/>
  <testcase classname="org.test.CustomerOrganizationJob" name="searchLocation" time="2.239"/>
  <system-out/>
  <testcase classname="org.test.CustomerOrganizationJob" name="searchFilterByDate" time="2.361"/>
  <system-out/>
  <testcase classname="org.test.CustomerOrganizationJob" name="searchInvalid" time="1.767"/>
  <system-out/>
</testsuite> <!-- org.test.CustomerOrganizationJob -->
