<?xml version="1.0" encoding="UTF-8"?>
<!-- Generated by org.testng.reporters.JUnitReportReporter -->
<testsuite hostname="DESKTOP-5M7AM2E" failures="0" tests="44" name="org.test.GlobalContactRequest" time="213.045" errors="0" timestamp="2023-04-23T22:29:52 IST" skipped="0">
  <testcase classname="org.test.GlobalContactRequest" name="loginPage" time="20.442"/>
  <system-out/>
  <testcase classname="org.test.GlobalContactRequest" name="requestModule" time="0.911"/>
  <system-out/>
  <testcase classname="org.test.GlobalContactRequest" name="labelValidation" time="1.378"/>
  <system-out/>
  <testcase classname="org.test.GlobalContactRequest" name="contactMandatoryValidation" time="1.469"/>
  <system-out/>
  <testcase classname="org.test.GlobalContactRequest" name="autoCompleteContactCreation" time="12.011"/>
  <system-out/>
  <testcase classname="org.test.GlobalContactRequest" name="mandatoryValidationLocation" time="0.066"/>
  <system-out/>
  <testcase classname="org.test.GlobalContactRequest" name="maximumValidationLocation" time="4.392"/>
  <system-out/>
  <testcase classname="org.test.GlobalContactRequest" name="maximumValidationTittle" time="0.639"/>
  <system-out/>
  <testcase classname="org.test.GlobalContactRequest" name="mandatoryValidationDescription" time="0.069"/>
  <system-out/>
  <testcase classname="org.test.GlobalContactRequest" name="maximumValidationDescription" time="3.506"/>
  <system-out/>
  <testcase classname="org.test.GlobalContactRequest" name="maximumTagValidation" time="0.607"/>
  <system-out/>
  <testcase classname="org.test.GlobalContactRequest" name="duplicateTagsValidation" time="0.375"/>
  <system-out/>
  <testcase classname="org.test.GlobalContactRequest" name="maxTagLimitValidation" time="13.955"/>
  <system-out/>
  <testcase classname="org.test.GlobalContactRequest" name="maximumValidationNotes" time="3.361"/>
  <system-out/>
  <testcase classname="org.test.GlobalContactRequest" name="createButton" time="0.063"/>
  <system-out/>
  <testcase classname="org.test.GlobalContactRequest" name="unsssignedRequest" time="12.540"/>
  <system-out/>
  <testcase classname="org.test.GlobalContactRequest" name="requestUnassignedStatus" time="0.112"/>
  <system-out/>
  <testcase classname="org.test.GlobalContactRequest" name="labelEditValidation" time="5.988"/>
  <system-out/>
  <testcase classname="org.test.GlobalContactRequest" name="editmandatoryValidationLocation" time="0.068"/>
  <system-out/>
  <testcase classname="org.test.GlobalContactRequest" name="editmaximumValidationLocation" time="4.447"/>
  <system-out/>
  <testcase classname="org.test.GlobalContactRequest" name="editmaximumValidationTittle" time="0.628"/>
  <system-out/>
  <testcase classname="org.test.GlobalContactRequest" name="editmandatoryValidationDescription" time="0.062"/>
  <system-out/>
  <testcase classname="org.test.GlobalContactRequest" name="editmaximumValidationDescription" time="3.545"/>
  <system-out/>
  <testcase classname="org.test.GlobalContactRequest" name="editmaximumTagValidation" time="0.621"/>
  <system-out/>
  <testcase classname="org.test.GlobalContactRequest" name="editduplicateTagsValidation" time="0.363"/>
  <system-out/>
  <testcase classname="org.test.GlobalContactRequest" name="editmaxTagLimitValidation" time="13.844"/>
  <system-out/>
  <testcase classname="org.test.GlobalContactRequest" name="editmaximumValidationNotes" time="3.489"/>
  <system-out/>
  <testcase classname="org.test.GlobalContactRequest" name="updateButton" time="0.071"/>
  <system-out/>
  <testcase classname="org.test.GlobalContactRequest" name="updatedRequest" time="11.353"/>
  <system-out/>
  <testcase classname="org.test.GlobalContactRequest" name="createRequest_FromDateandTime_ToDateandTime" time="25.884"/>
  <system-out/>
  <testcase classname="org.test.GlobalContactRequest" name="requestScheduleStatus" time="0.119"/>
  <system-out/>
  <testcase classname="org.test.GlobalContactRequest" name="dispatchedRequest" time="13.172"/>
  <system-out/>
  <testcase classname="org.test.GlobalContactRequest" name="requestDispatchedStatus" time="0.098"/>
  <system-out/>
  <testcase classname="org.test.GlobalContactRequest" name="startedRequest" time="13.149"/>
  <system-out/>
  <testcase classname="org.test.GlobalContactRequest" name="requestStartedStatus" time="0.107"/>
  <system-out/>
  <testcase classname="org.test.GlobalContactRequest" name="completedRequest" time="13.108"/>
  <system-out/>
  <testcase classname="org.test.GlobalContactRequest" name="requestCompleteStatus" time="0.101"/>
  <system-out/>
  <testcase classname="org.test.GlobalContactRequest" name="cancelledRequest" time="13.175"/>
  <system-out/>
  <testcase classname="org.test.GlobalContactRequest" name="requestCancelledStatus" time="0.192"/>
  <system-out/>
  <testcase classname="org.test.GlobalContactRequest" name="searchCustomerName" time="3.951"/>
  <system-out/>
  <testcase classname="org.test.GlobalContactRequest" name="searchRequestNo" time="2.752"/>
  <system-out/>
  <testcase classname="org.test.GlobalContactRequest" name="searchLocation" time="2.619"/>
  <system-out/>
  <testcase classname="org.test.GlobalContactRequest" name="searchFilterByDate" time="1.807"/>
  <system-out/>
  <testcase classname="org.test.GlobalContactRequest" name="searchInvalid" time="2.436"/>
  <system-out/>
</testsuite> <!-- org.test.GlobalContactRequest -->
