<?xml version="1.0" encoding="UTF-8"?>
<!-- Generated by org.testng.reporters.JUnitReportReporter -->
<testsuite hostname="DESKTOP-5M7AM2E" failures="0" tests="4" name="org.enhancement.CustomerOrganizationModule" time="138.264" errors="0" timestamp="2023-05-22T20:03:10 IST" skipped="0">
  <testcase classname="org.enhancement.CustomerOrganizationModule" name="loginPage" time="113.978"/>
  <system-out/>
  <testcase classname="org.enhancement.CustomerOrganizationModule" name="modulePage" time="3.767"/>
  <system-out/>
  <testcase classname="org.enhancement.CustomerOrganizationModule" name="createLabel" time="0.577"/>
  <system-out/>
  <testcase classname="org.enhancement.CustomerOrganizationModule" name="createOrganization" time="19.942"/>
  <system-out/>
</testsuite> <!-- org.enhancement.CustomerOrganizationModule -->
