<?xml version="1.0" encoding="UTF-8"?>
<!-- Generated by org.testng.reporters.JUnitReportReporter -->
<testsuite hostname="DESKTOP-5M7AM2E" failures="0" tests="42" name="org.test.CustomerContactQuote" time="217.131" errors="0" timestamp="2023-02-20T15:45:43 IST" skipped="0">
  <testcase classname="org.test.CustomerContactQuote" name="loginPage" time="20.050"/>
  <system-out/>
  <testcase classname="org.test.CustomerContactQuote" name="contactModule" time="3.648"/>
  <system-out/>
  <testcase classname="org.test.CustomerContactQuote" name="CreateContact" time="15.556"/>
  <system-out/>
  <testcase classname="org.test.CustomerContactQuote" name="labelValidation" time="8.789"/>
  <system-out/>
  <testcase classname="org.test.CustomerContactQuote" name="namePrepopulation" time="1.214"/>
  <system-out/>
  <testcase classname="org.test.CustomerContactQuote" name="mandatoryValidationExpiryDate" time="0.572"/>
  <system-out/>
  <testcase classname="org.test.CustomerContactQuote" name="mandatoryValidationInventoryItem" time="0.120"/>
  <system-out/>
  <testcase classname="org.test.CustomerContactQuote" name="mandatoryValidationQunatity" time="0.090"/>
  <system-out/>
  <testcase classname="org.test.CustomerContactQuote" name="mandatoryValidationPrice" time="0.105"/>
  <system-out/>
  <testcase classname="org.test.CustomerContactQuote" name="mandatoryValidationDescription" time="0.095"/>
  <system-out/>
  <testcase classname="org.test.CustomerContactQuote" name="maximumValidationReference" time="0.882"/>
  <system-out/>
  <testcase classname="org.test.CustomerContactQuote" name="maximumValidationQuoteTittle" time="0.864"/>
  <system-out/>
  <testcase classname="org.test.CustomerContactQuote" name="maximumValidationInventoryItem" time="1.074"/>
  <system-out/>
  <testcase classname="org.test.CustomerContactQuote" name="emptyValidationQuantityField" time="0.280"/>
  <system-out/>
  <testcase classname="org.test.CustomerContactQuote" name="maxQuanitityLimit" time="0.369"/>
  <system-out/>
  <testcase classname="org.test.CustomerContactQuote" name="afterDecimalPointValidationQuantityField" time="0.240"/>
  <system-out/>
  <testcase classname="org.test.CustomerContactQuote" name="beforeDecimalPointValidationQuantityField" time="0.369"/>
  <system-out/>
  <testcase classname="org.test.CustomerContactQuote" name="emptyValidationPriceField" time="0.264"/>
  <system-out/>
  <testcase classname="org.test.CustomerContactQuote" name="maxPriceLimit" time="0.240"/>
  <system-out/>
  <testcase classname="org.test.CustomerContactQuote" name="beforeDecimalPointPriceField" time="0.280"/>
  <system-out/>
  <testcase classname="org.test.CustomerContactQuote" name="afterDecimalPointPriceField" time="0.320"/>
  <system-out/>
  <testcase classname="org.test.CustomerContactQuote" name="afterDecimalPointDiscountField" time="0.264"/>
  <system-out/>
  <testcase classname="org.test.CustomerContactQuote" name="beforeDecimalPointDiscountField" time="0.217"/>
  <system-out/>
  <testcase classname="org.test.CustomerContactQuote" name="maxLimitDiscountField" time="0.200"/>
  <system-out/>
  <testcase classname="org.test.CustomerContactQuote" name="afterDecimalPointTaxField" time="0.280"/>
  <system-out/>
  <testcase classname="org.test.CustomerContactQuote" name="beforeDecimalPointTaxField" time="0.273"/>
  <system-out/>
  <testcase classname="org.test.CustomerContactQuote" name="maxLimitTaxField" time="0.312"/>
  <system-out/>
  <testcase classname="org.test.CustomerContactQuote" name="maximumValidationDescription" time="2.151"/>
  <system-out/>
  <testcase classname="org.test.CustomerContactQuote" name="maximumValidationNotes" time="5.080"/>
  <system-out/>
  <testcase classname="org.test.CustomerContactQuote" name="expiryFieldPastDateValidation" time="2.203"/>
  <system-out/>
  <testcase classname="org.test.CustomerContactQuote" name="validateCalculation" time="1.075"/>
  <system-out/>
  <testcase classname="org.test.CustomerContactQuote" name="createQuote" time="6.175"/>
  <system-out/>
  <testcase classname="org.test.CustomerContactQuote" name="quoteCreatedCount" time="1.820"/>
  <system-out/>
  <testcase classname="org.test.CustomerContactQuote" name="quoteEdit" time="10.870"/>
  <system-out/>
  <testcase classname="org.test.CustomerContactQuote" name="createdQuoteStatus" time="1.719"/>
  <system-out/>
  <testcase classname="org.test.CustomerContactQuote" name="draftQuote" time="22.873"/>
  <system-out/>
  <testcase classname="org.test.CustomerContactQuote" name="convertQuote" time="55.701"/>
  <system-out/>
  <testcase classname="org.test.CustomerContactQuote" name="declinedStatus" time="43.014"/>
  <system-out/>
  <testcase classname="org.test.CustomerContactQuote" name="listQuoteTittle" time="2.082"/>
  <system-out/>
  <testcase classname="org.test.CustomerContactQuote" name="listQuoteNo" time="1.613"/>
  <system-out/>
  <testcase classname="org.test.CustomerContactQuote" name="listQuoteReference" time="2.014"/>
  <system-out/>
  <testcase classname="org.test.CustomerContactQuote" name="listInvalid" time="1.774"/>
  <system-out/>
</testsuite> <!-- org.test.CustomerContactQuote -->
