<?xml version="1.0" encoding="UTF-8"?>
<!-- Generated by org.testng.reporters.JUnitReportReporter -->
<testsuite hostname="DESKTOP-5M7AM2E" failures="0" tests="47" name="org.test.CustomerContactJob" time="284.023" errors="0" timestamp="2023-06-02T15:22:10 IST" skipped="0">
  <testcase classname="org.test.CustomerContactJob" name="loginPage" time="37.997"/>
  <system-out/>
  <testcase classname="org.test.CustomerContactJob" name="contactModule" time="5.080"/>
  <system-out/>
  <testcase classname="org.test.CustomerContactJob" name="CreateContact" time="15.027"/>
  <system-out/>
  <testcase classname="org.test.CustomerContactJob" name="listabelValidation" time="8.108"/>
  <system-out/>
  <testcase classname="org.test.CustomerContactJob" name="labelValidation" time="2.694"/>
  <system-out/>
  <testcase classname="org.test.CustomerContactJob" name="namePrepopulation" time="1.250"/>
  <system-out/>
  <testcase classname="org.test.CustomerContactJob" name="mandatoryValidationLocation" time="0.359"/>
  <system-out/>
  <testcase classname="org.test.CustomerContactJob" name="maximumValidationLocation" time="6.598"/>
  <system-out/>
  <testcase classname="org.test.CustomerContactJob" name="maximumValidationTittle" time="4.725"/>
  <system-out/>
  <testcase classname="org.test.CustomerContactJob" name="mandatoryValidationDescription" time="0.075"/>
  <system-out/>
  <testcase classname="org.test.CustomerContactJob" name="maximumValidationDescription" time="3.795"/>
  <system-out/>
  <testcase classname="org.test.CustomerContactJob" name="maximumTagValidation" time="0.707"/>
  <system-out/>
  <testcase classname="org.test.CustomerContactJob" name="duplicateTagsValidation" time="0.269"/>
  <system-out/>
  <testcase classname="org.test.CustomerContactJob" name="maxTagLimitValidation" time="18.309"/>
  <system-out/>
  <testcase classname="org.test.CustomerContactJob" name="maximumValidationNotes" time="5.156"/>
  <system-out/>
  <testcase classname="org.test.CustomerContactJob" name="createButton" time="0.087"/>
  <system-out/>
  <testcase classname="org.test.CustomerContactJob" name="unsssignedJob" time="14.395"/>
  <system-out/>
  <testcase classname="org.test.CustomerContactJob" name="jobCreatedCount" time="0.193"/>
  <system-out/>
  <testcase classname="org.test.CustomerContactJob" name="jobUnassignedStatus" time="0.176"/>
  <system-out/>
  <testcase classname="org.test.CustomerContactJob" name="labelEditValidation" time="8.631"/>
  <system-out/>
  <testcase classname="org.test.CustomerContactJob" name="editmandatoryValidationLocation" time="0.532"/>
  <system-out/>
  <testcase classname="org.test.CustomerContactJob" name="editmaximumValidationLocation" time="6.557"/>
  <system-out/>
  <testcase classname="org.test.CustomerContactJob" name="editmaximumValidationTittle" time="4.751"/>
  <system-out/>
  <testcase classname="org.test.CustomerContactJob" name="editmandatoryValidationDescription" time="0.069"/>
  <system-out/>
  <testcase classname="org.test.CustomerContactJob" name="editmaximumValidationDescription" time="3.866"/>
  <system-out/>
  <testcase classname="org.test.CustomerContactJob" name="editmaximumTagValidation" time="0.645"/>
  <system-out/>
  <testcase classname="org.test.CustomerContactJob" name="editduplicateTagsValidation" time="0.236"/>
  <system-out/>
  <testcase classname="org.test.CustomerContactJob" name="editmaxTagLimitValidation" time="18.736"/>
  <system-out/>
  <testcase classname="org.test.CustomerContactJob" name="editmaximumValidationNotes" time="5.471"/>
  <system-out/>
  <testcase classname="org.test.CustomerContactJob" name="updateButton" time="0.097"/>
  <system-out/>
  <testcase classname="org.test.CustomerContactJob" name="editJobwithFromDateFromTime" time="12.500"/>
  <system-out/>
  <testcase classname="org.test.CustomerContactJob" name="createJob_FromDateandTime_ToDateandTime" time="21.168"/>
  <system-out/>
  <testcase classname="org.test.CustomerContactJob" name="jobScheduleStatus" time="0.189"/>
  <system-out/>
  <testcase classname="org.test.CustomerContactJob" name="dispatchedJob" time="12.024"/>
  <system-out/>
  <testcase classname="org.test.CustomerContactJob" name="jobDispatchedStatus" time="0.201"/>
  <system-out/>
  <testcase classname="org.test.CustomerContactJob" name="startedJob" time="11.463"/>
  <system-out/>
  <testcase classname="org.test.CustomerContactJob" name="jobStartedStatus" time="0.173"/>
  <system-out/>
  <testcase classname="org.test.CustomerContactJob" name="completedJob" time="12.093"/>
  <system-out/>
  <testcase classname="org.test.CustomerContactJob" name="jobCompleteStatus" time="0.182"/>
  <system-out/>
  <testcase classname="org.test.CustomerContactJob" name="cancelledJob" time="11.601"/>
  <system-out/>
  <testcase classname="org.test.CustomerContactJob" name="jobCancelledStatus" time="0.147"/>
  <system-out/>
  <testcase classname="org.test.CustomerContactJob" name="jobDraftStatus" time="9.982"/>
  <system-out/>
  <testcase classname="org.test.CustomerContactJob" name="deletedJob" time="7.531"/>
  <system-out/>
  <testcase classname="org.test.CustomerContactJob" name="searchJobNo" time="2.973"/>
  <system-out/>
  <testcase classname="org.test.CustomerContactJob" name="searchLocation" time="2.138"/>
  <system-out/>
  <testcase classname="org.test.CustomerContactJob" name="searchFilterByDate" time="3.130"/>
  <system-out/>
  <testcase classname="org.test.CustomerContactJob" name="searchInvalid" time="1.937"/>
  <system-out/>
</testsuite> <!-- org.test.CustomerContactJob -->
