<?xml version="1.0" encoding="UTF-8"?>
<!-- Generated by org.testng.reporters.JUnitReportReporter -->
<testsuite hostname="DESKTOP-5M7AM2E" failures="0" tests="47" name="org.test.CustomerContactJob" time="369.101" errors="0" timestamp="2023-05-24T16:09:48 IST" skipped="0">
  <testcase classname="org.test.CustomerContactJob" name="loginPage" time="121.986"/>
  <system-out/>
  <testcase classname="org.test.CustomerContactJob" name="contactModule" time="6.361"/>
  <system-out/>
  <testcase classname="org.test.CustomerContactJob" name="CreateContact" time="13.235"/>
  <system-out/>
  <testcase classname="org.test.CustomerContactJob" name="listabelValidation" time="9.476"/>
  <system-out/>
  <testcase classname="org.test.CustomerContactJob" name="labelValidation" time="2.528"/>
  <system-out/>
  <testcase classname="org.test.CustomerContactJob" name="namePrepopulation" time="1.247"/>
  <system-out/>
  <testcase classname="org.test.CustomerContactJob" name="mandatoryValidationLocation" time="0.343"/>
  <system-out/>
  <testcase classname="org.test.CustomerContactJob" name="maximumValidationLocation" time="6.712"/>
  <system-out/>
  <testcase classname="org.test.CustomerContactJob" name="maximumValidationTittle" time="4.883"/>
  <system-out/>
  <testcase classname="org.test.CustomerContactJob" name="mandatoryValidationDescription" time="0.096"/>
  <system-out/>
  <testcase classname="org.test.CustomerContactJob" name="maximumValidationDescription" time="4.282"/>
  <system-out/>
  <testcase classname="org.test.CustomerContactJob" name="maximumTagValidation" time="0.832"/>
  <system-out/>
  <testcase classname="org.test.CustomerContactJob" name="duplicateTagsValidation" time="0.287"/>
  <system-out/>
  <testcase classname="org.test.CustomerContactJob" name="maxTagLimitValidation" time="16.603"/>
  <system-out/>
  <testcase classname="org.test.CustomerContactJob" name="maximumValidationNotes" time="5.051"/>
  <system-out/>
  <testcase classname="org.test.CustomerContactJob" name="createButton" time="0.080"/>
  <system-out/>
  <testcase classname="org.test.CustomerContactJob" name="unsssignedJob" time="13.935"/>
  <system-out/>
  <testcase classname="org.test.CustomerContactJob" name="jobCreatedCount" time="0.195"/>
  <system-out/>
  <testcase classname="org.test.CustomerContactJob" name="jobUnassignedStatus" time="0.182"/>
  <system-out/>
  <testcase classname="org.test.CustomerContactJob" name="labelEditValidation" time="10.521"/>
  <system-out/>
  <testcase classname="org.test.CustomerContactJob" name="editmandatoryValidationLocation" time="0.504"/>
  <system-out/>
  <testcase classname="org.test.CustomerContactJob" name="editmaximumValidationLocation" time="6.653"/>
  <system-out/>
  <testcase classname="org.test.CustomerContactJob" name="editmaximumValidationTittle" time="5.188"/>
  <system-out/>
  <testcase classname="org.test.CustomerContactJob" name="editmandatoryValidationDescription" time="0.072"/>
  <system-out/>
  <testcase classname="org.test.CustomerContactJob" name="editmaximumValidationDescription" time="4.400"/>
  <system-out/>
  <testcase classname="org.test.CustomerContactJob" name="editmaximumTagValidation" time="0.728"/>
  <system-out/>
  <testcase classname="org.test.CustomerContactJob" name="editduplicateTagsValidation" time="0.275"/>
  <system-out/>
  <testcase classname="org.test.CustomerContactJob" name="editmaxTagLimitValidation" time="15.723"/>
  <system-out/>
  <testcase classname="org.test.CustomerContactJob" name="editmaximumValidationNotes" time="4.910"/>
  <system-out/>
  <testcase classname="org.test.CustomerContactJob" name="updateButton" time="0.072"/>
  <system-out/>
  <testcase classname="org.test.CustomerContactJob" name="editJobwithFromDateFromTime" time="11.877"/>
  <system-out/>
  <testcase classname="org.test.CustomerContactJob" name="createJob_FromDateandTime_ToDateandTime" time="17.955"/>
  <system-out/>
  <testcase classname="org.test.CustomerContactJob" name="jobScheduleStatus" time="0.174"/>
  <system-out/>
  <testcase classname="org.test.CustomerContactJob" name="dispatchedJob" time="14.398"/>
  <system-out/>
  <testcase classname="org.test.CustomerContactJob" name="jobDispatchedStatus" time="0.143"/>
  <system-out/>
  <testcase classname="org.test.CustomerContactJob" name="startedJob" time="13.677"/>
  <system-out/>
  <testcase classname="org.test.CustomerContactJob" name="jobStartedStatus" time="0.133"/>
  <system-out/>
  <testcase classname="org.test.CustomerContactJob" name="completedJob" time="13.302"/>
  <system-out/>
  <testcase classname="org.test.CustomerContactJob" name="jobCompleteStatus" time="0.157"/>
  <system-out/>
  <testcase classname="org.test.CustomerContactJob" name="cancelledJob" time="12.989"/>
  <system-out/>
  <testcase classname="org.test.CustomerContactJob" name="jobCancelledStatus" time="0.192"/>
  <system-out/>
  <testcase classname="org.test.CustomerContactJob" name="jobDraftStatus" time="9.325"/>
  <system-out/>
  <testcase classname="org.test.CustomerContactJob" name="deletedJob" time="7.954"/>
  <system-out/>
  <testcase classname="org.test.CustomerContactJob" name="searchJobNo" time="2.680"/>
  <system-out/>
  <testcase classname="org.test.CustomerContactJob" name="searchLocation" time="2.461"/>
  <system-out/>
  <testcase classname="org.test.CustomerContactJob" name="searchFilterByDate" time="2.518"/>
  <system-out/>
  <testcase classname="org.test.CustomerContactJob" name="searchInvalid" time="1.806"/>
  <system-out/>
</testsuite> <!-- org.test.CustomerContactJob -->
