<?xml version="1.0" encoding="UTF-8"?>
<!-- Generated by org.testng.reporters.JUnitReportReporter -->
<testsuite hostname="DESKTOP-5M7AM2E" failures="0" tests="1" name="com.base.Name" time="0.091" errors="0" timestamp="2023-01-31T18:01:58 IST" skipped="0">
  <testcase classname="com.base.Name" name="start" time="0.091"/>
  <system-out/>
</testsuite> <!-- com.base.Name -->
