<?xml version="1.0" encoding="UTF-8"?>
<!-- Generated by org.testng.reporters.JUnitReportReporter -->
<testsuite hostname="DESKTOP-5M7AM2E" failures="0" tests="6" name="org.enhancement.CustomerOrganizationQuote" time="154.658" errors="0" timestamp="2023-04-23T11:13:03 IST" skipped="0">
  <testcase classname="org.enhancement.CustomerOrganizationQuote" name="loginPage" time="41.683"/>
  <system-out/>
  <testcase classname="org.enhancement.CustomerOrganizationQuote" name="contactModule" time="7.905"/>
  <system-out/>
  <testcase classname="org.enhancement.CustomerOrganizationQuote" name="createOrganization" time="28.907"/>
  <system-out/>
  <testcase classname="org.enhancement.CustomerOrganizationQuote" name="listabelValidation" time="16.244"/>
  <system-out/>
  <testcase classname="org.enhancement.CustomerOrganizationQuote" name="labelValidation" time="2.559"/>
  <system-out/>
  <testcase classname="org.enhancement.CustomerOrganizationQuote" name="createQuote" time="57.360"/>
  <system-out/>
</testsuite> <!-- org.enhancement.CustomerOrganizationQuote -->
