<?xml version="1.0" encoding="UTF-8"?>
<!-- Generated by org.testng.reporters.JUnitReportReporter -->
<testsuite hostname="DESKTOP-5M7AM2E" failures="0" tests="11" name="org.test.SubscriptionMonthlyStarterPack" time="67.846" errors="0" timestamp="2023-06-23T15:22:45 IST" skipped="0">
  <testcase classname="org.test.SubscriptionMonthlyStarterPack" name="createTenant" time="52.531"/>
  <system-out/>
  <testcase classname="org.test.SubscriptionMonthlyStarterPack" name="subDomineURL" time="0.072"/>
  <system-out/>
  <testcase classname="org.test.SubscriptionMonthlyStarterPack" name="ownerName" time="0.098"/>
  <system-out/>
  <testcase classname="org.test.SubscriptionMonthlyStarterPack" name="modulepage" time="6.614"/>
  <system-out/>
  <testcase classname="org.test.SubscriptionMonthlyStarterPack" name="confirmPage" time="3.311"/>
  <system-out/>
  <testcase classname="org.test.SubscriptionMonthlyStarterPack" name="proAmount" time="0.063"/>
  <system-out/>
  <testcase classname="org.test.SubscriptionMonthlyStarterPack" name="totalAmount" time="0.063"/>
  <system-out/>
  <testcase classname="org.test.SubscriptionMonthlyStarterPack" name="billingInformation" time="3.099"/>
  <system-out/>
  <testcase classname="org.test.SubscriptionMonthlyStarterPack" name="billingInformationAmount" time="0.053"/>
  <system-out/>
  <testcase classname="org.test.SubscriptionMonthlyStarterPack" name="paymentDetailsPage" time="1.855"/>
  <system-out/>
  <testcase classname="org.test.SubscriptionMonthlyStarterPack" name="paymentDetailsAmount" time="0.087"/>
  <system-out/>
</testsuite> <!-- org.test.SubscriptionMonthlyStarterPack -->
