<?xml version="1.0" encoding="UTF-8"?>
<!-- Generated by org.testng.reporters.JUnitReportReporter -->
<testsuite hostname="DESKTOP-5M7AM2E" failures="0" tests="70" name="org.test.GlobalOrganizationQuote" time="223.676" errors="0" timestamp="2023-05-04T12:17:22 IST" skipped="0">
  <testcase classname="org.test.GlobalOrganizationQuote" name="loginPage" time="35.608"/>
  <system-out/>
  <testcase classname="org.test.GlobalOrganizationQuote" name="quoteModule" time="3.204"/>
  <system-out/>
  <testcase classname="org.test.GlobalOrganizationQuote" name="organizationMandatoryValidation" time="0.772"/>
  <system-out/>
  <testcase classname="org.test.GlobalOrganizationQuote" name="labelValidation" time="1.463"/>
  <system-out/>
  <testcase classname="org.test.GlobalOrganizationQuote" name="mandatoryValidationExpiryDate" time="0.058"/>
  <system-out/>
  <testcase classname="org.test.GlobalOrganizationQuote" name="mandatoryValidationInventoryItem" time="0.061"/>
  <system-out/>
  <testcase classname="org.test.GlobalOrganizationQuote" name="mandatoryValidationQunatity" time="0.061"/>
  <system-out/>
  <testcase classname="org.test.GlobalOrganizationQuote" name="mandatoryValidationPrice" time="0.064"/>
  <system-out/>
  <testcase classname="org.test.GlobalOrganizationQuote" name="mandatoryValidationDescription" time="0.062"/>
  <system-out/>
  <testcase classname="org.test.GlobalOrganizationQuote" name="autoCompleteOrganizationCreation" time="12.236"/>
  <system-out/>
  <testcase classname="org.test.GlobalOrganizationQuote" name="autoCompleteOrganizationContactCreation" time="10.264"/>
  <system-out/>
  <testcase classname="org.test.GlobalOrganizationQuote" name="maximumValidationReference" time="0.702"/>
  <system-out/>
  <testcase classname="org.test.GlobalOrganizationQuote" name="maximumValidationQuoteTittle" time="0.748"/>
  <system-out/>
  <testcase classname="org.test.GlobalOrganizationQuote" name="maximumValidationInventoryItem" time="1.176"/>
  <system-out/>
  <testcase classname="org.test.GlobalOrganizationQuote" name="emptyValidationQuantityField" time="0.233"/>
  <system-out/>
  <testcase classname="org.test.GlobalOrganizationQuote" name="maxQuanitityLimit" time="0.277"/>
  <system-out/>
  <testcase classname="org.test.GlobalOrganizationQuote" name="afterDecimalPointValidationQuantityField" time="0.202"/>
  <system-out/>
  <testcase classname="org.test.GlobalOrganizationQuote" name="beforeDecimalPointValidationQuantityField" time="0.296"/>
  <system-out/>
  <testcase classname="org.test.GlobalOrganizationQuote" name="emptyValidationPriceField" time="0.246"/>
  <system-out/>
  <testcase classname="org.test.GlobalOrganizationQuote" name="maxPriceLimit" time="0.277"/>
  <system-out/>
  <testcase classname="org.test.GlobalOrganizationQuote" name="beforeDecimalPointPriceField" time="0.368"/>
  <system-out/>
  <testcase classname="org.test.GlobalOrganizationQuote" name="afterDecimalPointPriceField" time="0.341"/>
  <system-out/>
  <testcase classname="org.test.GlobalOrganizationQuote" name="afterDecimalPointDiscountField" time="0.260"/>
  <system-out/>
  <testcase classname="org.test.GlobalOrganizationQuote" name="beforeDecimalPointDiscountField" time="0.187"/>
  <system-out/>
  <testcase classname="org.test.GlobalOrganizationQuote" name="maxLimitDiscountField" time="0.182"/>
  <system-out/>
  <testcase classname="org.test.GlobalOrganizationQuote" name="afterDecimalPointTaxField" time="0.231"/>
  <system-out/>
  <testcase classname="org.test.GlobalOrganizationQuote" name="beforeDecimalPointTaxField" time="0.195"/>
  <system-out/>
  <testcase classname="org.test.GlobalOrganizationQuote" name="maxLimitTaxField" time="0.245"/>
  <system-out/>
  <testcase classname="org.test.GlobalOrganizationQuote" name="maximumValidationDescription" time="1.986"/>
  <system-out/>
  <testcase classname="org.test.GlobalOrganizationQuote" name="maximumValidationNotes" time="4.638"/>
  <system-out/>
  <testcase classname="org.test.GlobalOrganizationQuote" name="expiryFieldPastDateValidation" time="7.776"/>
  <system-out/>
  <testcase classname="org.test.GlobalOrganizationQuote" name="validateCalculation" time="0.735"/>
  <system-out/>
  <testcase classname="org.test.GlobalOrganizationQuote" name="createQuote" time="11.559"/>
  <system-out/>
  <testcase classname="org.test.GlobalOrganizationQuote" name="quoteCount" time="0.142"/>
  <system-out/>
  <testcase classname="org.test.GlobalOrganizationQuote" name="quoteEdit" time="8.276"/>
  <system-out/>
  <testcase classname="org.test.GlobalOrganizationQuote" name="editmandatoryValidationExpiryDate" time="0.066"/>
  <system-out/>
  <testcase classname="org.test.GlobalOrganizationQuote" name="editmandatoryValidationQunatity" time="0.071"/>
  <system-out/>
  <testcase classname="org.test.GlobalOrganizationQuote" name="editmandatoryValidationPrice" time="0.063"/>
  <system-out/>
  <testcase classname="org.test.GlobalOrganizationQuote" name="editmandatoryValidationDescription" time="0.134"/>
  <system-out/>
  <testcase classname="org.test.GlobalOrganizationQuote" name="editmaximumValidationReference" time="0.689"/>
  <system-out/>
  <testcase classname="org.test.GlobalOrganizationQuote" name="editmaximumValidationQuoteTittle" time="0.658"/>
  <system-out/>
  <testcase classname="org.test.GlobalOrganizationQuote" name="editmaximumValidationInventoryItem" time="1.046"/>
  <system-out/>
  <testcase classname="org.test.GlobalOrganizationQuote" name="editemptyValidationQuantityField" time="0.224"/>
  <system-out/>
  <testcase classname="org.test.GlobalOrganizationQuote" name="editmaxQuanitityLimit" time="0.276"/>
  <system-out/>
  <testcase classname="org.test.GlobalOrganizationQuote" name="editafterDecimalPointValidationQuantityField" time="0.207"/>
  <system-out/>
  <testcase classname="org.test.GlobalOrganizationQuote" name="editbeforeDecimalPointValidationQuantityField" time="0.331"/>
  <system-out/>
  <testcase classname="org.test.GlobalOrganizationQuote" name="editemptyValidationPriceField" time="0.234"/>
  <system-out/>
  <testcase classname="org.test.GlobalOrganizationQuote" name="editmaxPriceLimit" time="0.205"/>
  <system-out/>
  <testcase classname="org.test.GlobalOrganizationQuote" name="editbeforeDecimalPointPriceField" time="0.249"/>
  <system-out/>
  <testcase classname="org.test.GlobalOrganizationQuote" name="editafterDecimalPointPriceField" time="0.283"/>
  <system-out/>
  <testcase classname="org.test.GlobalOrganizationQuote" name="editafterDecimalPointDiscountField" time="0.233"/>
  <system-out/>
  <testcase classname="org.test.GlobalOrganizationQuote" name="editbeforeDecimalPointDiscountField" time="0.195"/>
  <system-out/>
  <testcase classname="org.test.GlobalOrganizationQuote" name="editmaxLimitDiscountField" time="0.169"/>
  <system-out/>
  <testcase classname="org.test.GlobalOrganizationQuote" name="editafterDecimalPointTaxField" time="0.216"/>
  <system-out/>
  <testcase classname="org.test.GlobalOrganizationQuote" name="editbeforeDecimalPointTaxField" time="0.207"/>
  <system-out/>
  <testcase classname="org.test.GlobalOrganizationQuote" name="editmaxLimitTaxField" time="0.258"/>
  <system-out/>
  <testcase classname="org.test.GlobalOrganizationQuote" name="editmaximumValidationDescription" time="1.974"/>
  <system-out/>
  <testcase classname="org.test.GlobalOrganizationQuote" name="editmaximumValidationNotes" time="4.129"/>
  <system-out/>
  <testcase classname="org.test.GlobalOrganizationQuote" name="editexpiryFieldPastDateValidation" time="7.304"/>
  <system-out/>
  <testcase classname="org.test.GlobalOrganizationQuote" name="editvalidateCalculation" time="0.698"/>
  <system-out/>
  <testcase classname="org.test.GlobalOrganizationQuote" name="updateQuote" time="11.100"/>
  <system-out/>
  <testcase classname="org.test.GlobalOrganizationQuote" name="createdQuoteStatus" time="0.118"/>
  <system-out/>
  <testcase classname="org.test.GlobalOrganizationQuote" name="draftQuote" time="22.788"/>
  <system-out/>
  <testcase classname="org.test.GlobalOrganizationQuote" name="convertQuote" time="24.502"/>
  <system-out/>
  <testcase classname="org.test.GlobalOrganizationQuote" name="declinedStatus" time="31.616"/>
  <system-out/>
  <testcase classname="org.test.GlobalOrganizationQuote" name="listCustomerName" time="1.980"/>
  <system-out/>
  <testcase classname="org.test.GlobalOrganizationQuote" name="listQuoteNo" time="2.007"/>
  <system-out/>
  <testcase classname="org.test.GlobalOrganizationQuote" name="listQuoteTittle" time="1.491"/>
  <system-out/>
  <testcase classname="org.test.GlobalOrganizationQuote" name="listQuoteReference" time="1.398"/>
  <system-out/>
  <testcase classname="org.test.GlobalOrganizationQuote" name="listInvalid" time="1.426"/>
  <system-out/>
</testsuite> <!-- org.test.GlobalOrganizationQuote -->
