<?xml version="1.0" encoding="UTF-8"?>
<!-- Generated by org.testng.reporters.JUnitReportReporter -->
<testsuite hostname="DESKTOP-5M7AM2E" failures="0" tests="11" name="org.test.SubscriptionMonthlyTeamPack" time="55.076" errors="0" timestamp="2023-06-24T16:51:45 IST" skipped="0">
  <testcase classname="org.test.SubscriptionMonthlyTeamPack" name="createTenant" time="37.967"/>
  <system-out/>
  <testcase classname="org.test.SubscriptionMonthlyTeamPack" name="subDomineURL" time="0.063"/>
  <system-out/>
  <testcase classname="org.test.SubscriptionMonthlyTeamPack" name="ownerName" time="0.092"/>
  <system-out/>
  <testcase classname="org.test.SubscriptionMonthlyTeamPack" name="modulepage" time="8.600"/>
  <system-out/>
  <testcase classname="org.test.SubscriptionMonthlyTeamPack" name="confirmPage" time="2.274"/>
  <system-out/>
  <testcase classname="org.test.SubscriptionMonthlyTeamPack" name="proAmount" time="0.157"/>
  <system-out/>
  <testcase classname="org.test.SubscriptionMonthlyTeamPack" name="totalAmount" time="0.189"/>
  <system-out/>
  <testcase classname="org.test.SubscriptionMonthlyTeamPack" name="billingInformation" time="3.510"/>
  <system-out/>
  <testcase classname="org.test.SubscriptionMonthlyTeamPack" name="paymentDetailsPage" time="1.853"/>
  <system-out/>
  <testcase classname="org.test.SubscriptionMonthlyTeamPack" name="billingInformationAmount" time="0.185"/>
  <system-out/>
  <testcase classname="org.test.SubscriptionMonthlyTeamPack" name="paymentDetailsAmount" time="0.186"/>
  <system-out/>
</testsuite> <!-- org.test.SubscriptionMonthlyTeamPack -->
