<?xml version="1.0" encoding="UTF-8"?>
<!-- Generated by org.testng.reporters.JUnitReportReporter -->
<testsuite hostname="DESKTOP-5M7AM2E" failures="0" tests="20" name="org.test.LeadSource" time="142.660" errors="0" timestamp="2023-05-14T13:43:06 IST" skipped="0">
  <testcase classname="org.test.LeadSource" name="loginPage" time="30.553"/>
  <system-out/>
  <testcase classname="org.test.LeadSource" name="settingModule" time="2.039"/>
  <system-out/>
  <testcase classname="org.test.LeadSource" name="leadSourceLabel" time="0.085"/>
  <system-out/>
  <testcase classname="org.test.LeadSource" name="createFormLabel" time="1.300"/>
  <system-out/>
  <testcase classname="org.test.LeadSource" name="mandatoryValidation" time="0.988"/>
  <system-out/>
  <testcase classname="org.test.LeadSource" name="maximumValidationLeadSource" time="4.537"/>
  <system-out/>
  <testcase classname="org.test.LeadSource" name="verifySaveButtonExist" time="0.318"/>
  <system-out/>
  <testcase classname="org.test.LeadSource" name="leadSourceCreate" time="8.311"/>
  <system-out/>
  <testcase classname="org.test.LeadSource" name="leadSourceCreateList" time="0.072"/>
  <system-out/>
  <testcase classname="org.test.LeadSource" name="activeStatus" time="0.043"/>
  <system-out/>
  <testcase classname="org.test.LeadSource" name="editFormLabel" time="1.880"/>
  <system-out/>
  <testcase classname="org.test.LeadSource" name="editmandatoryValidation" time="0.843"/>
  <system-out/>
  <testcase classname="org.test.LeadSource" name="editmaximumValidationLeadSource" time="4.519"/>
  <system-out/>
  <testcase classname="org.test.LeadSource" name="verifyUpdateButtonExist" time="0.443"/>
  <system-out/>
  <testcase classname="org.test.LeadSource" name="leadSourceUpdate" time="8.253"/>
  <system-out/>
  <testcase classname="org.test.LeadSource" name="alreadyExists" time="1.558"/>
  <system-out/>
  <testcase classname="org.test.LeadSource" name="deleteBusinessUnit" time="17.951"/>
  <system-out/>
  <testcase classname="org.test.LeadSource" name="reflectCreateContactPage" time="24.543"/>
  <system-out/>
  <testcase classname="org.test.LeadSource" name="inactiveLeadSource" time="24.946"/>
  <system-out/>
  <testcase classname="org.test.LeadSource" name="deleteLeadSource" time="9.478"/>
  <system-out/>
</testsuite> <!-- org.test.LeadSource -->
