<?xml version="1.0" encoding="UTF-8"?>
<!-- Generated by org.testng.reporters.JUnitReportReporter -->
<testsuite hostname="DESKTOP-5M7AM2E" failures="0" tests="24" name="org.test.OnBoardingModule" time="36.472" errors="0" timestamp="2023-01-05T13:05:42 IST" skipped="0">
  <testcase classname="org.test.OnBoardingModule" name="mandatoryFieldValidation" time="14.296"/>
  <system-out/>
  <testcase classname="org.test.OnBoardingModule" name="alreadyBussinessNameValidation" time="1.453"/>
  <system-out/>
  <testcase classname="org.test.OnBoardingModule" name="maximumValidationBussinessName" time="0.665"/>
  <system-out/>
  <testcase classname="org.test.OnBoardingModule" name="maximumValidationBussinessWebSite" time="3.145"/>
  <system-out/>
  <testcase classname="org.test.OnBoardingModule" name="maximumValidationFirstName" time="0.780"/>
  <system-out/>
  <testcase classname="org.test.OnBoardingModule" name="maximumValidationLastName" time="0.765"/>
  <system-out/>
  <testcase classname="org.test.OnBoardingModule" name="maximumValidationEmail" time="0.808"/>
  <system-out/>
  <testcase classname="org.test.OnBoardingModule" name="validateEmailFormat" time="1.375"/>
  <system-out/>
  <testcase classname="org.test.OnBoardingModule" name="existingEmailValidation" time="1.239"/>
  <system-out/>
  <testcase classname="org.test.OnBoardingModule" name="correctValidationEmail" time="1.389"/>
  <system-out/>
  <testcase classname="org.test.OnBoardingModule" name="validateRadioButtonClickable" time="3.147"/>
  <system-out/>
  <testcase classname="org.test.OnBoardingModule" name="industryTypeFieldPresent" time="0.208"/>
  <system-out/>
  <testcase classname="org.test.OnBoardingModule" name="maximumValidationIndustryField" time="0.781"/>
  <system-out/>
  <testcase classname="org.test.OnBoardingModule" name="sizeCompanyValidation" time="0.842"/>
  <system-out/>
  <testcase classname="org.test.OnBoardingModule" name="validationRadioButtonIntrested" time="1.135"/>
  <system-out/>
  <testcase classname="org.test.OnBoardingModule" name="mandatoryValidationLocation" time="0.777"/>
  <system-out/>
  <testcase classname="org.test.OnBoardingModule" name="maximumValidationLocation" time="1.687"/>
  <system-out/>
  <testcase classname="org.test.OnBoardingModule" name="passwordMandatoryField" time="0.252"/>
  <system-out/>
  <testcase classname="org.test.OnBoardingModule" name="minValidationPassword" time="0.159"/>
  <system-out/>
  <testcase classname="org.test.OnBoardingModule" name="minValidationConfirmPassword" time="0.170"/>
  <system-out/>
  <testcase classname="org.test.OnBoardingModule" name="passwordFieldConditions" time="0.286"/>
  <system-out/>
  <testcase classname="org.test.OnBoardingModule" name="confirmPasswordFieldCondition" time="0.465"/>
  <system-out/>
  <testcase classname="org.test.OnBoardingModule" name="lowerCaseValidation" time="0.366"/>
  <system-out/>
  <testcase classname="org.test.OnBoardingModule" name="mismatchPassword" time="0.282"/>
  <system-out/>
</testsuite> <!-- org.test.OnBoardingModule -->
