<?xml version="1.0" encoding="UTF-8"?>
<!-- Generated by org.testng.reporters.JUnitReportReporter -->
<testsuite hostname="DESKTOP-5M7AM2E" failures="0" tests="14" name="org.test.AvailabilityTechnicians" time="201.741" errors="0" timestamp="2023-06-24T16:51:45 IST" skipped="0">
  <testcase classname="org.test.AvailabilityTechnicians" name="loginPage" time="20.047"/>
  <system-out/>
  <testcase classname="org.test.AvailabilityTechnicians" name="userCreate" time="61.377"/>
  <system-out/>
  <testcase classname="org.test.AvailabilityTechnicians" name="contactModule" time="9.047"/>
  <system-out/>
  <testcase classname="org.test.AvailabilityTechnicians" name="CreateContact" time="14.029"/>
  <system-out/>
  <testcase classname="org.test.AvailabilityTechnicians" name="listabelValidation" time="8.709"/>
  <system-out/>
  <testcase classname="org.test.AvailabilityTechnicians" name="createdJob90min" time="16.486"/>
  <system-out/>
  <testcase classname="org.test.AvailabilityTechnicians" name="technicianAvailability1" time="4.006"/>
  <system-out/>
  <testcase classname="org.test.AvailabilityTechnicians" name="technicianAvailability2" time="2.466"/>
  <system-out/>
  <testcase classname="org.test.AvailabilityTechnicians" name="technicianAvailability3" time="2.007"/>
  <system-out/>
  <testcase classname="org.test.AvailabilityTechnicians" name="technicianAvailability4" time="2.449"/>
  <system-out/>
  <testcase classname="org.test.AvailabilityTechnicians" name="technicianAvailability5" time="2.479"/>
  <system-out/>
  <testcase classname="org.test.AvailabilityTechnicians" name="technicianAvailability6" time="19.579"/>
  <system-out/>
  <testcase classname="org.test.AvailabilityTechnicians" name="createdJobTwoDays" time="18.101"/>
  <system-out/>
  <testcase classname="org.test.AvailabilityTechnicians" name="technianAvailabilityMidDate" time="20.959"/>
  <system-out/>
</testsuite> <!-- org.test.AvailabilityTechnicians -->
