<?xml version="1.0" encoding="UTF-8"?>
<!-- Generated by org.testng.reporters.JUnitReportReporter -->
<testsuite hostname="DESKTOP-5M7AM2E" failures="0" tests="28" name="org.test.GlobalOrganizationRequest" time="174.136" errors="0" timestamp="2023-01-27T18:58:57 IST" skipped="0">
  <testcase classname="org.test.GlobalOrganizationRequest" name="loginPage" time="21.535"/>
  <system-out/>
  <testcase classname="org.test.GlobalOrganizationRequest" name="requestModule" time="5.399"/>
  <system-out/>
  <testcase classname="org.test.GlobalOrganizationRequest" name="organizationMandatoryValidation" time="6.831"/>
  <system-out/>
  <testcase classname="org.test.GlobalOrganizationRequest" name="autoCompleteOrganizationCreation" time="11.386"/>
  <system-out/>
  <testcase classname="org.test.GlobalOrganizationRequest" name="autoCompleteOrganizationContactCreation" time="10.729"/>
  <system-out/>
  <testcase classname="org.test.GlobalOrganizationRequest" name="maximumValidationTittle" time="7.380"/>
  <system-out/>
  <testcase classname="org.test.GlobalOrganizationRequest" name="mandatoryValidationDescription" time="0.248"/>
  <system-out/>
  <testcase classname="org.test.GlobalOrganizationRequest" name="maximumValidationDescription" time="7.282"/>
  <system-out/>
  <testcase classname="org.test.GlobalOrganizationRequest" name="maximumTagValidation" time="1.136"/>
  <system-out/>
  <testcase classname="org.test.GlobalOrganizationRequest" name="duplicateTagsValidation" time="0.561"/>
  <system-out/>
  <testcase classname="org.test.GlobalOrganizationRequest" name="maxTagLimitValidation" time="10.457"/>
  <system-out/>
  <testcase classname="org.test.GlobalOrganizationRequest" name="maximumValidationNotes" time="7.446"/>
  <system-out/>
  <testcase classname="org.test.GlobalOrganizationRequest" name="unsssignedRequest" time="12.105"/>
  <system-out/>
  <testcase classname="org.test.GlobalOrganizationRequest" name="requestUnassignedStatus" time="1.170"/>
  <system-out/>
  <testcase classname="org.test.GlobalOrganizationRequest" name="createRequest_FromDateandTime_ToDateandTime" time="38.480"/>
  <system-out/>
  <testcase classname="org.test.GlobalOrganizationRequest" name="requestScheduleStatus" time="1.632"/>
  <system-out/>
  <testcase classname="org.test.GlobalOrganizationRequest" name="dispatchedRequest" time="3.207"/>
  <system-out/>
  <testcase classname="org.test.GlobalOrganizationRequest" name="requestDispatchedStatus" time="0.048"/>
  <system-out/>
  <testcase classname="org.test.GlobalOrganizationRequest" name="startedRequest" time="4.257"/>
  <system-out/>
  <testcase classname="org.test.GlobalOrganizationRequest" name="requestStartedStatus" time="0.104"/>
  <system-out/>
  <testcase classname="org.test.GlobalOrganizationRequest" name="completedRequest" time="3.619"/>
  <system-out/>
  <testcase classname="org.test.GlobalOrganizationRequest" name="cancelledRequest" time="3.577"/>
  <system-out/>
  <testcase classname="org.test.GlobalOrganizationRequest" name="requestCancelledStatus" time="0.080"/>
  <system-out/>
  <testcase classname="org.test.GlobalOrganizationRequest" name="searchCustomerName" time="2.089"/>
  <system-out/>
  <testcase classname="org.test.GlobalOrganizationRequest" name="searchRequestNo" time="3.192"/>
  <system-out/>
  <testcase classname="org.test.GlobalOrganizationRequest" name="searchLocation" time="3.543"/>
  <system-out/>
  <testcase classname="org.test.GlobalOrganizationRequest" name="searchFilterByDate" time="4.834"/>
  <system-out/>
  <testcase classname="org.test.GlobalOrganizationRequest" name="searchInvalid" time="1.809"/>
  <system-out/>
</testsuite> <!-- org.test.GlobalOrganizationRequest -->
