<?xml version="1.0" encoding="UTF-8"?>
<!-- Generated by org.testng.reporters.JUnitReportReporter -->
<testsuite hostname="DESKTOP-5M7AM2E" failures="0" tests="19" name="org.test.BillingInformation" time="65.001" errors="0" timestamp="2023-06-09T16:40:32 IST" skipped="0">
  <testcase classname="org.test.BillingInformation" name="loginPage" time="40.926"/>
  <system-out/>
  <testcase classname="org.test.BillingInformation" name="modulepage" time="12.181"/>
  <system-out/>
  <testcase classname="org.test.BillingInformation" name="errorMessageforMandatoryFirstName" time="0.197"/>
  <system-out/>
  <testcase classname="org.test.BillingInformation" name="errorMessageforMandatoryLastName" time="0.229"/>
  <system-out/>
  <testcase classname="org.test.BillingInformation" name="errorMessageforMandatoryEmail" time="0.237"/>
  <system-out/>
  <testcase classname="org.test.BillingInformation" name="errorMessageforMandatoryCompanyName" time="0.235"/>
  <system-out/>
  <testcase classname="org.test.BillingInformation" name="errorMessageforMandatoryAddressone" time="0.213"/>
  <system-out/>
  <testcase classname="org.test.BillingInformation" name="errorMessageforMandatoryState" time="0.203"/>
  <system-out/>
  <testcase classname="org.test.BillingInformation" name="errorMessageforMandatoryCity" time="0.226"/>
  <system-out/>
  <testcase classname="org.test.BillingInformation" name="errorMessageforMandatoryZipcode" time="0.284"/>
  <system-out/>
  <testcase classname="org.test.BillingInformation" name="errorMessageforInvalidEmail" time="0.522"/>
  <system-out/>
  <testcase classname="org.test.BillingInformation" name="errorMessageforMaxFirstName" time="0.866"/>
  <system-out/>
  <testcase classname="org.test.BillingInformation" name="errorMessageforMaxLastName" time="0.844"/>
  <system-out/>
  <testcase classname="org.test.BillingInformation" name="errorMessageforMaxCompanytName" time="0.880"/>
  <system-out/>
  <testcase classname="org.test.BillingInformation" name="errorMessageforMaxAddressName" time="0.780"/>
  <system-out/>
  <testcase classname="org.test.BillingInformation" name="errorMessageforMaxCityName" time="0.915"/>
  <system-out/>
  <testcase classname="org.test.BillingInformation" name="errorMessageforMaxStateName" time="1.088"/>
  <system-out/>
  <testcase classname="org.test.BillingInformation" name="errorMessageforMaxZipcode" time="0.711"/>
  <system-out/>
  <testcase classname="org.test.BillingInformation" name="verifythePaymentPage" time="3.464"/>
  <system-out/>
</testsuite> <!-- org.test.BillingInformation -->
