<?xml version="1.0" encoding="UTF-8"?>
<!-- Generated by org.testng.reporters.JUnitReportReporter -->
<testsuite hostname="DESKTOP-5M7AM2E" failures="0" tests="11" name="org.test.SubscriptionModule" time="67.852" errors="0" timestamp="2023-05-26T19:50:48 IST" skipped="0">
  <testcase classname="org.test.SubscriptionModule" name="createTenant" time="48.967"/>
  <system-out/>
  <testcase classname="org.test.SubscriptionModule" name="subDomineURL" time="0.170"/>
  <system-out/>
  <testcase classname="org.test.SubscriptionModule" name="ownerName" time="0.141"/>
  <system-out/>
  <testcase classname="org.test.SubscriptionModule" name="modulepage" time="8.678"/>
  <system-out/>
  <testcase classname="org.test.SubscriptionModule" name="confirmPage" time="2.903"/>
  <system-out/>
  <testcase classname="org.test.SubscriptionModule" name="proAmount" time="0.075"/>
  <system-out/>
  <testcase classname="org.test.SubscriptionModule" name="totalAmount" time="0.084"/>
  <system-out/>
  <testcase classname="org.test.SubscriptionModule" name="billingInformation" time="4.208"/>
  <system-out/>
  <testcase classname="org.test.SubscriptionModule" name="billingInformationAmount" time="0.077"/>
  <system-out/>
  <testcase classname="org.test.SubscriptionModule" name="paymentDetailsPage" time="2.470"/>
  <system-out/>
  <testcase classname="org.test.SubscriptionModule" name="paymentDetailsAmount" time="0.079"/>
  <system-out/>
</testsuite> <!-- org.test.SubscriptionModule -->
