<?xml version="1.0" encoding="UTF-8"?>
<!-- Generated by org.testng.reporters.JUnitReportReporter -->
<<<<<<< HEAD
<testsuite hostname="DESKTOP-5M7AM2E" failures="0" tests="126" name="org.test.CustomerCreateOrganizationModule" time="204.753" errors="0" timestamp="2023-05-08T11:46:06 IST" skipped="0">
  <testcase classname="org.test.CustomerCreateOrganizationModule" name="loginPage" time="42.125"/>
  <system-out/>
  <testcase classname="org.test.CustomerCreateOrganizationModule" name="modulePage" time="4.645"/>
  <system-out/>
  <testcase classname="org.test.CustomerCreateOrganizationModule" name="createLabel" time="0.580"/>
  <system-out/>
  <testcase classname="org.test.CustomerCreateOrganizationModule" name="maxValidation" time="2.596"/>
  <system-out/>
  <testcase classname="org.test.CustomerCreateOrganizationModule" name="maxValidationOrganizationField" time="0.797"/>
  <system-out/>
  <testcase classname="org.test.CustomerCreateOrganizationModule" name="maxValidationWebsiteField" time="5.101"/>
  <system-out/>
  <testcase classname="org.test.CustomerCreateOrganizationModule" name="maxValidationAddress1Field" time="0.805"/>
  <system-out/>
  <testcase classname="org.test.CustomerCreateOrganizationModule" name="maxValidationAddress2Field" time="0.729"/>
  <system-out/>
  <testcase classname="org.test.CustomerCreateOrganizationModule" name="maxValidationCityField" time="0.691"/>
  <system-out/>
  <testcase classname="org.test.CustomerCreateOrganizationModule" name="maxValidationStateField" time="0.668"/>
  <system-out/>
  <testcase classname="org.test.CustomerCreateOrganizationModule" name="minValidationZipcodeField" time="0.279"/>
  <system-out/>
  <testcase classname="org.test.CustomerCreateOrganizationModule" name="maxValidationZipcodeField" time="0.264"/>
  <system-out/>
  <testcase classname="org.test.CustomerCreateOrganizationModule" name="specialCharacterZipcodeField" time="0.238"/>
  <system-out/>
  <testcase classname="org.test.CustomerCreateOrganizationModule" name="emailValidation" time="0.289"/>
  <system-out/>
  <testcase classname="org.test.CustomerCreateOrganizationModule" name="maxValidationEmailField" time="0.649"/>
  <system-out/>
  <testcase classname="org.test.CustomerCreateOrganizationModule" name="invalidPhoneNumberField" time="0.299"/>
  <system-out/>
  <testcase classname="org.test.CustomerCreateOrganizationModule" name="minValidationPhoneNumberField" time="0.238"/>
  <system-out/>
  <testcase classname="org.test.CustomerCreateOrganizationModule" name="maxValidationPhoneNumberField" time="0.506"/>
  <system-out/>
  <testcase classname="org.test.CustomerCreateOrganizationModule" name="maxValidationContactFirstNameField" time="0.696"/>
  <system-out/>
  <testcase classname="org.test.CustomerCreateOrganizationModule" name="maxValidationContactLastNameField" time="0.895"/>
  <system-out/>
  <testcase classname="org.test.CustomerCreateOrganizationModule" name="maxValidationContactEmailField" time="0.822"/>
  <system-out/>
  <testcase classname="org.test.CustomerCreateOrganizationModule" name="validateContactEmailField" time="0.247"/>
  <system-out/>
  <testcase classname="org.test.CustomerCreateOrganizationModule" name="minValidationContactPhoneNumberField" time="0.333"/>
  <system-out/>
  <testcase classname="org.test.CustomerCreateOrganizationModule" name="maxValidationContactPhoneNumberField" time="0.298"/>
  <system-out/>
  <testcase classname="org.test.CustomerCreateOrganizationModule" name="invalidContactPhoneNumberField" time="0.246"/>
  <system-out/>
  <testcase classname="org.test.CustomerCreateOrganizationModule" name="maxValidationJobTittleField" time="0.934"/>
  <system-out/>
  <testcase classname="org.test.CustomerCreateOrganizationModule" name="maxValidationPropertyNameField" time="0.673"/>
  <system-out/>
  <testcase classname="org.test.CustomerCreateOrganizationModule" name="maxValidationPropertyFirstNameField" time="0.697"/>
  <system-out/>
  <testcase classname="org.test.CustomerCreateOrganizationModule" name="maxValidationPropertyLastNameField" time="0.695"/>
  <system-out/>
  <testcase classname="org.test.CustomerCreateOrganizationModule" name="maxValidationPropertyAddress1Field" time="0.792"/>
  <system-out/>
  <testcase classname="org.test.CustomerCreateOrganizationModule" name="maxValidationPropertyAddress2Field" time="0.936"/>
  <system-out/>
  <testcase classname="org.test.CustomerCreateOrganizationModule" name="maxValidationPropertyStateField" time="0.901"/>
  <system-out/>
  <testcase classname="org.test.CustomerCreateOrganizationModule" name="maxValidationPropertyCityField" time="0.935"/>
  <system-out/>
  <testcase classname="org.test.CustomerCreateOrganizationModule" name="specialCharacterPropertyZipcodeField" time="0.333"/>
  <system-out/>
  <testcase classname="org.test.CustomerCreateOrganizationModule" name="minValidationPropertyZipCodeField" time="0.289"/>
  <system-out/>
  <testcase classname="org.test.CustomerCreateOrganizationModule" name="maxValidationPropertyZipCodeField" time="0.562"/>
  <system-out/>
  <testcase classname="org.test.CustomerCreateOrganizationModule" name="maxValidationProductNameField" time="0.734"/>
  <system-out/>
  <testcase classname="org.test.CustomerCreateOrganizationModule" name="maxValidationBrandNameField" time="0.773"/>
  <system-out/>
  <testcase classname="org.test.CustomerCreateOrganizationModule" name="maxValidationModelNumberField" time="0.727"/>
  <system-out/>
  <testcase classname="org.test.CustomerCreateOrganizationModule" name="maxValidationSerialNumberField" time="0.845"/>
  <system-out/>
  <testcase classname="org.test.CustomerCreateOrganizationModule" name="dateValidation" time="8.375"/>
  <system-out/>
  <testcase classname="org.test.CustomerCreateOrganizationModule" name="maxValidationAccessHoursField" time="0.868"/>
  <system-out/>
  <testcase classname="org.test.CustomerCreateOrganizationModule" name="maxValidationInstallationNotesField" time="4.517"/>
  <system-out/>
  <testcase classname="org.test.CustomerCreateOrganizationModule" name="createOrganization" time="18.076"/>
  <system-out/>
  <testcase classname="org.test.CustomerCreateOrganizationModule" name="customerOrganizationCount" time="0.101"/>
  <system-out/>
  <testcase classname="org.test.CustomerCreateOrganizationModule" name="organizationNameAlreadyExistValidation" time="2.370"/>
  <system-out/>
  <testcase classname="org.test.CustomerCreateOrganizationModule" name="alreadyExistedEmail" time="6.547"/>
  <system-out/>
  <testcase classname="org.test.CustomerCreateOrganizationModule" name="characterListValidation" time="1.345"/>
  <system-out/>
  <testcase classname="org.test.CustomerCreateOrganizationModule" name="searchOrganizationNameListValidation" time="1.975"/>
  <system-out/>
  <testcase classname="org.test.CustomerCreateOrganizationModule" name="searchPhoneNumberListValidation" time="2.449"/>
  <system-out/>
  <testcase classname="org.test.CustomerCreateOrganizationModule" name="searchEmailListValidation" time="1.233"/>
  <system-out/>
  <testcase classname="org.test.CustomerCreateOrganizationModule" name="filterListValidation" time="1.889"/>
  <system-out/>
  <testcase classname="org.test.CustomerCreateOrganizationModule" name="searchInvalid" time="1.336"/>
  <system-out/>
  <testcase classname="org.test.CustomerCreateOrganizationModule" name="editLabel" time="3.051"/>
  <system-out/>
  <testcase classname="org.test.CustomerCreateOrganizationModule" name="organizationNamePrepopulate" time="0.062"/>
  <system-out/>
  <testcase classname="org.test.CustomerCreateOrganizationModule" name="websitePrepopulate" time="0.062"/>
  <system-out/>
  <testcase classname="org.test.CustomerCreateOrganizationModule" name="Address1Prepopulate" time="0.078"/>
  <system-out/>
  <testcase classname="org.test.CustomerCreateOrganizationModule" name="Address2Prepopulate" time="0.055"/>
  <system-out/>
  <testcase classname="org.test.CustomerCreateOrganizationModule" name="CityPrepopulate" time="0.059"/>
  <system-out/>
  <testcase classname="org.test.CustomerCreateOrganizationModule" name="StatePrepopulate" time="0.187"/>
  <system-out/>
  <testcase classname="org.test.CustomerCreateOrganizationModule" name="ZipcodePrepopulate" time="0.057"/>
  <system-out/>
  <testcase classname="org.test.CustomerCreateOrganizationModule" name="leadSourcePrepopulate" time="0.067"/>
  <system-out/>
  <testcase classname="org.test.CustomerCreateOrganizationModule" name="phoneNumberPrepopulate" time="0.255"/>
  <system-out/>
  <testcase classname="org.test.CustomerCreateOrganizationModule" name="firstNamePrepopulate" time="0.061"/>
  <system-out/>
  <testcase classname="org.test.CustomerCreateOrganizationModule" name="lastNamePrepopulate" time="0.060"/>
  <system-out/>
  <testcase classname="org.test.CustomerCreateOrganizationModule" name="emailPrepopulate" time="0.059"/>
  <system-out/>
  <testcase classname="org.test.CustomerCreateOrganizationModule" name="jobTittlePrepopulate" time="0.060"/>
  <system-out/>
  <testcase classname="org.test.CustomerCreateOrganizationModule" name="contactphoneNumberPrepopulate" time="0.269"/>
  <system-out/>
  <testcase classname="org.test.CustomerCreateOrganizationModule" name="propertyFirstNamePrepopulate" time="0.059"/>
  <system-out/>
  <testcase classname="org.test.CustomerCreateOrganizationModule" name="propertyLastNamePrepopulate" time="0.064"/>
  <system-out/>
  <testcase classname="org.test.CustomerCreateOrganizationModule" name="propertyNamePrepopulate" time="0.061"/>
  <system-out/>
  <testcase classname="org.test.CustomerCreateOrganizationModule" name="locationAddress1Prepopulate" time="0.062"/>
  <system-out/>
  <testcase classname="org.test.CustomerCreateOrganizationModule" name="locationAddress2Prepopulate" time="0.067"/>
  <system-out/>
  <testcase classname="org.test.CustomerCreateOrganizationModule" name="locationCityPrepopulate" time="0.061"/>
  <system-out/>
  <testcase classname="org.test.CustomerCreateOrganizationModule" name="locationStatePrepopulate" time="0.058"/>
  <system-out/>
  <testcase classname="org.test.CustomerCreateOrganizationModule" name="locationZipcodePrepopulate" time="0.300"/>
  <system-out/>
  <testcase classname="org.test.CustomerCreateOrganizationModule" name="productNamePrepopulate" time="0.066"/>
  <system-out/>
  <testcase classname="org.test.CustomerCreateOrganizationModule" name="brandNamePrepopulate" time="0.060"/>
  <system-out/>
  <testcase classname="org.test.CustomerCreateOrganizationModule" name="modelNumberPrepopulate" time="0.059"/>
  <system-out/>
  <testcase classname="org.test.CustomerCreateOrganizationModule" name="serialNumberPrepopulate" time="0.062"/>
  <system-out/>
  <testcase classname="org.test.CustomerCreateOrganizationModule" name="dateInstalledPrepopulate" time="0.199"/>
  <system-out/>
  <testcase classname="org.test.CustomerCreateOrganizationModule" name="warrantyInformationPrepopulate" time="0.061"/>
  <system-out/>
  <testcase classname="org.test.CustomerCreateOrganizationModule" name="accessHoursPrepopulate" time="0.062"/>
  <system-out/>
  <testcase classname="org.test.CustomerCreateOrganizationModule" name="installationNotesPrepopulate" time="1.059"/>
  <system-out/>
  <testcase classname="org.test.CustomerCreateOrganizationModule" name="editmaxValidation" time="2.425"/>
  <system-out/>
  <testcase classname="org.test.CustomerCreateOrganizationModule" name="editmaxValidationOrganizationField" time="0.752"/>
  <system-out/>
  <testcase classname="org.test.CustomerCreateOrganizationModule" name="editmaxValidationWebsiteField" time="4.380"/>
  <system-out/>
  <testcase classname="org.test.CustomerCreateOrganizationModule" name="editmaxValidationAddress1Field" time="0.775"/>
  <system-out/>
  <testcase classname="org.test.CustomerCreateOrganizationModule" name="editmaxValidationAddress2Field" time="0.771"/>
=======
<testsuite hostname="DESKTOP-5M7AM2E" failures="0" tests="126" name="org.test.CustomerCreateOrganizationModule" time="246.878" errors="0" timestamp="2023-05-14T13:43:06 IST" skipped="0">
  <testcase classname="org.test.CustomerCreateOrganizationModule" name="loginPage" time="20.253"/>
  <system-out/>
  <testcase classname="org.test.CustomerCreateOrganizationModule" name="modulePage" time="6.156"/>
  <system-out/>
  <testcase classname="org.test.CustomerCreateOrganizationModule" name="createLabel" time="0.641"/>
  <system-out/>
  <testcase classname="org.test.CustomerCreateOrganizationModule" name="maxValidation" time="2.927"/>
  <system-out/>
  <testcase classname="org.test.CustomerCreateOrganizationModule" name="maxValidationOrganizationField" time="1.549"/>
  <system-out/>
  <testcase classname="org.test.CustomerCreateOrganizationModule" name="maxValidationWebsiteField" time="5.433"/>
  <system-out/>
  <testcase classname="org.test.CustomerCreateOrganizationModule" name="maxValidationAddress1Field" time="1.011"/>
  <system-out/>
  <testcase classname="org.test.CustomerCreateOrganizationModule" name="maxValidationAddress2Field" time="1.006"/>
  <system-out/>
  <testcase classname="org.test.CustomerCreateOrganizationModule" name="maxValidationCityField" time="0.880"/>
  <system-out/>
  <testcase classname="org.test.CustomerCreateOrganizationModule" name="maxValidationStateField" time="0.767"/>
  <system-out/>
  <testcase classname="org.test.CustomerCreateOrganizationModule" name="minValidationZipcodeField" time="0.313"/>
  <system-out/>
  <testcase classname="org.test.CustomerCreateOrganizationModule" name="maxValidationZipcodeField" time="0.269"/>
  <system-out/>
  <testcase classname="org.test.CustomerCreateOrganizationModule" name="specialCharacterZipcodeField" time="0.250"/>
  <system-out/>
  <testcase classname="org.test.CustomerCreateOrganizationModule" name="emailValidation" time="0.295"/>
  <system-out/>
  <testcase classname="org.test.CustomerCreateOrganizationModule" name="maxValidationEmailField" time="0.751"/>
  <system-out/>
  <testcase classname="org.test.CustomerCreateOrganizationModule" name="invalidPhoneNumberField" time="0.266"/>
  <system-out/>
  <testcase classname="org.test.CustomerCreateOrganizationModule" name="minValidationPhoneNumberField" time="0.210"/>
  <system-out/>
  <testcase classname="org.test.CustomerCreateOrganizationModule" name="maxValidationPhoneNumberField" time="0.537"/>
  <system-out/>
  <testcase classname="org.test.CustomerCreateOrganizationModule" name="maxValidationContactFirstNameField" time="0.836"/>
  <system-out/>
  <testcase classname="org.test.CustomerCreateOrganizationModule" name="maxValidationContactLastNameField" time="0.892"/>
  <system-out/>
  <testcase classname="org.test.CustomerCreateOrganizationModule" name="maxValidationContactEmailField" time="0.814"/>
  <system-out/>
  <testcase classname="org.test.CustomerCreateOrganizationModule" name="validateContactEmailField" time="0.270"/>
  <system-out/>
  <testcase classname="org.test.CustomerCreateOrganizationModule" name="minValidationContactPhoneNumberField" time="0.306"/>
  <system-out/>
  <testcase classname="org.test.CustomerCreateOrganizationModule" name="maxValidationContactPhoneNumberField" time="0.332"/>
  <system-out/>
  <testcase classname="org.test.CustomerCreateOrganizationModule" name="invalidContactPhoneNumberField" time="0.259"/>
  <system-out/>
  <testcase classname="org.test.CustomerCreateOrganizationModule" name="maxValidationJobTittleField" time="1.003"/>
  <system-out/>
  <testcase classname="org.test.CustomerCreateOrganizationModule" name="maxValidationPropertyNameField" time="0.880"/>
  <system-out/>
  <testcase classname="org.test.CustomerCreateOrganizationModule" name="maxValidationPropertyFirstNameField" time="1.007"/>
  <system-out/>
  <testcase classname="org.test.CustomerCreateOrganizationModule" name="maxValidationPropertyLastNameField" time="1.013"/>
  <system-out/>
  <testcase classname="org.test.CustomerCreateOrganizationModule" name="maxValidationPropertyAddress1Field" time="0.973"/>
  <system-out/>
  <testcase classname="org.test.CustomerCreateOrganizationModule" name="maxValidationPropertyAddress2Field" time="0.869"/>
  <system-out/>
  <testcase classname="org.test.CustomerCreateOrganizationModule" name="maxValidationPropertyStateField" time="0.833"/>
  <system-out/>
  <testcase classname="org.test.CustomerCreateOrganizationModule" name="maxValidationPropertyCityField" time="0.768"/>
  <system-out/>
  <testcase classname="org.test.CustomerCreateOrganizationModule" name="specialCharacterPropertyZipcodeField" time="0.313"/>
  <system-out/>
  <testcase classname="org.test.CustomerCreateOrganizationModule" name="minValidationPropertyZipCodeField" time="0.229"/>
  <system-out/>
  <testcase classname="org.test.CustomerCreateOrganizationModule" name="maxValidationPropertyZipCodeField" time="0.637"/>
  <system-out/>
  <testcase classname="org.test.CustomerCreateOrganizationModule" name="maxValidationProductNameField" time="1.064"/>
  <system-out/>
  <testcase classname="org.test.CustomerCreateOrganizationModule" name="maxValidationBrandNameField" time="1.068"/>
  <system-out/>
  <testcase classname="org.test.CustomerCreateOrganizationModule" name="maxValidationModelNumberField" time="1.102"/>
  <system-out/>
  <testcase classname="org.test.CustomerCreateOrganizationModule" name="maxValidationSerialNumberField" time="1.092"/>
  <system-out/>
  <testcase classname="org.test.CustomerCreateOrganizationModule" name="dateValidation" time="8.782"/>
  <system-out/>
  <testcase classname="org.test.CustomerCreateOrganizationModule" name="maxValidationAccessHoursField" time="1.500"/>
  <system-out/>
  <testcase classname="org.test.CustomerCreateOrganizationModule" name="maxValidationInstallationNotesField" time="5.897"/>
  <system-out/>
  <testcase classname="org.test.CustomerCreateOrganizationModule" name="createOrganization" time="25.190"/>
  <system-out/>
  <testcase classname="org.test.CustomerCreateOrganizationModule" name="customerOrganizationCount" time="0.146"/>
  <system-out/>
  <testcase classname="org.test.CustomerCreateOrganizationModule" name="organizationNameAlreadyExistValidation" time="2.430"/>
  <system-out/>
  <testcase classname="org.test.CustomerCreateOrganizationModule" name="alreadyExistedEmail" time="6.675"/>
  <system-out/>
  <testcase classname="org.test.CustomerCreateOrganizationModule" name="characterListValidation" time="2.088"/>
  <system-out/>
  <testcase classname="org.test.CustomerCreateOrganizationModule" name="searchOrganizationNameListValidation" time="2.136"/>
  <system-out/>
  <testcase classname="org.test.CustomerCreateOrganizationModule" name="searchPhoneNumberListValidation" time="1.986"/>
  <system-out/>
  <testcase classname="org.test.CustomerCreateOrganizationModule" name="searchEmailListValidation" time="2.015"/>
  <system-out/>
  <testcase classname="org.test.CustomerCreateOrganizationModule" name="filterListValidation" time="2.848"/>
  <system-out/>
  <testcase classname="org.test.CustomerCreateOrganizationModule" name="searchInvalid" time="2.041"/>
  <system-out/>
  <testcase classname="org.test.CustomerCreateOrganizationModule" name="editLabel" time="5.973"/>
  <system-out/>
  <testcase classname="org.test.CustomerCreateOrganizationModule" name="organizationNamePrepopulate" time="0.092"/>
  <system-out/>
  <testcase classname="org.test.CustomerCreateOrganizationModule" name="websitePrepopulate" time="0.101"/>
  <system-out/>
  <testcase classname="org.test.CustomerCreateOrganizationModule" name="Address1Prepopulate" time="0.093"/>
  <system-out/>
  <testcase classname="org.test.CustomerCreateOrganizationModule" name="Address2Prepopulate" time="0.088"/>
  <system-out/>
  <testcase classname="org.test.CustomerCreateOrganizationModule" name="CityPrepopulate" time="0.085"/>
  <system-out/>
  <testcase classname="org.test.CustomerCreateOrganizationModule" name="StatePrepopulate" time="0.169"/>
  <system-out/>
  <testcase classname="org.test.CustomerCreateOrganizationModule" name="ZipcodePrepopulate" time="0.107"/>
  <system-out/>
  <testcase classname="org.test.CustomerCreateOrganizationModule" name="leadSourcePrepopulate" time="0.115"/>
  <system-out/>
  <testcase classname="org.test.CustomerCreateOrganizationModule" name="phoneNumberPrepopulate" time="0.421"/>
  <system-out/>
  <testcase classname="org.test.CustomerCreateOrganizationModule" name="firstNamePrepopulate" time="0.098"/>
  <system-out/>
  <testcase classname="org.test.CustomerCreateOrganizationModule" name="lastNamePrepopulate" time="0.102"/>
  <system-out/>
  <testcase classname="org.test.CustomerCreateOrganizationModule" name="emailPrepopulate" time="0.103"/>
  <system-out/>
  <testcase classname="org.test.CustomerCreateOrganizationModule" name="jobTittlePrepopulate" time="0.101"/>
  <system-out/>
  <testcase classname="org.test.CustomerCreateOrganizationModule" name="contactphoneNumberPrepopulate" time="0.359"/>
  <system-out/>
  <testcase classname="org.test.CustomerCreateOrganizationModule" name="propertyFirstNamePrepopulate" time="0.100"/>
  <system-out/>
  <testcase classname="org.test.CustomerCreateOrganizationModule" name="propertyLastNamePrepopulate" time="0.098"/>
  <system-out/>
  <testcase classname="org.test.CustomerCreateOrganizationModule" name="propertyNamePrepopulate" time="0.102"/>
  <system-out/>
  <testcase classname="org.test.CustomerCreateOrganizationModule" name="locationAddress1Prepopulate" time="0.095"/>
  <system-out/>
  <testcase classname="org.test.CustomerCreateOrganizationModule" name="locationAddress2Prepopulate" time="0.096"/>
  <system-out/>
  <testcase classname="org.test.CustomerCreateOrganizationModule" name="locationCityPrepopulate" time="0.089"/>
  <system-out/>
  <testcase classname="org.test.CustomerCreateOrganizationModule" name="locationStatePrepopulate" time="0.082"/>
  <system-out/>
  <testcase classname="org.test.CustomerCreateOrganizationModule" name="locationZipcodePrepopulate" time="0.380"/>
  <system-out/>
  <testcase classname="org.test.CustomerCreateOrganizationModule" name="productNamePrepopulate" time="0.104"/>
  <system-out/>
  <testcase classname="org.test.CustomerCreateOrganizationModule" name="brandNamePrepopulate" time="0.089"/>
  <system-out/>
  <testcase classname="org.test.CustomerCreateOrganizationModule" name="modelNumberPrepopulate" time="0.103"/>
  <system-out/>
  <testcase classname="org.test.CustomerCreateOrganizationModule" name="serialNumberPrepopulate" time="0.078"/>
  <system-out/>
  <testcase classname="org.test.CustomerCreateOrganizationModule" name="dateInstalledPrepopulate" time="0.265"/>
  <system-out/>
  <testcase classname="org.test.CustomerCreateOrganizationModule" name="warrantyInformationPrepopulate" time="0.095"/>
  <system-out/>
  <testcase classname="org.test.CustomerCreateOrganizationModule" name="accessHoursPrepopulate" time="0.099"/>
  <system-out/>
  <testcase classname="org.test.CustomerCreateOrganizationModule" name="installationNotesPrepopulate" time="1.523"/>
  <system-out/>
  <testcase classname="org.test.CustomerCreateOrganizationModule" name="editmaxValidation" time="0.206"/>
  <system-out/>
  <testcase classname="org.test.CustomerCreateOrganizationModule" name="editmaxValidationOrganizationField" time="1.185"/>
  <system-out/>
  <testcase classname="org.test.CustomerCreateOrganizationModule" name="editmaxValidationWebsiteField" time="5.319"/>
  <system-out/>
  <testcase classname="org.test.CustomerCreateOrganizationModule" name="editmaxValidationAddress1Field" time="0.758"/>
  <system-out/>
  <testcase classname="org.test.CustomerCreateOrganizationModule" name="editmaxValidationAddress2Field" time="0.712"/>
>>>>>>> 8918fb077ada3f9074ba067a7b48b5e725492e12
  <system-out/>
  <testcase classname="org.test.CustomerCreateOrganizationModule" name="editmaxValidationCityField" time="0.782"/>
  <system-out/>
<<<<<<< HEAD
  <testcase classname="org.test.CustomerCreateOrganizationModule" name="editmaxValidationStateField" time="0.834"/>
  <system-out/>
  <testcase classname="org.test.CustomerCreateOrganizationModule" name="editminValidationZipcodeField" time="0.287"/>
  <system-out/>
  <testcase classname="org.test.CustomerCreateOrganizationModule" name="editmaxValidationZipcodeField" time="0.281"/>
  <system-out/>
  <testcase classname="org.test.CustomerCreateOrganizationModule" name="editspecialCharacterZipcodeField" time="0.291"/>
  <system-out/>
  <testcase classname="org.test.CustomerCreateOrganizationModule" name="editemailValidation" time="0.310"/>
  <system-out/>
  <testcase classname="org.test.CustomerCreateOrganizationModule" name="editmaxValidationEmailField" time="0.735"/>
  <system-out/>
  <testcase classname="org.test.CustomerCreateOrganizationModule" name="editinvalidPhoneNumberField" time="0.279"/>
  <system-out/>
  <testcase classname="org.test.CustomerCreateOrganizationModule" name="editminValidationPhoneNumberField" time="0.223"/>
  <system-out/>
  <testcase classname="org.test.CustomerCreateOrganizationModule" name="editmaxValidationPhoneNumberField" time="0.825"/>
  <system-out/>
  <testcase classname="org.test.CustomerCreateOrganizationModule" name="editmaxValidationContactFirstNameField" time="0.815"/>
  <system-out/>
  <testcase classname="org.test.CustomerCreateOrganizationModule" name="editmaxValidationContactLastNameField" time="0.820"/>
  <system-out/>
  <testcase classname="org.test.CustomerCreateOrganizationModule" name="editmaxValidationContactEmailField" time="0.840"/>
  <system-out/>
  <testcase classname="org.test.CustomerCreateOrganizationModule" name="editvalidateContactEmailField" time="0.281"/>
  <system-out/>
  <testcase classname="org.test.CustomerCreateOrganizationModule" name="editminValidationContactPhoneNumberField" time="0.312"/>
  <system-out/>
  <testcase classname="org.test.CustomerCreateOrganizationModule" name="editmaxValidationContactPhoneNumberField" time="0.331"/>
  <system-out/>
  <testcase classname="org.test.CustomerCreateOrganizationModule" name="editinvalidContactPhoneNumberField" time="0.286"/>
  <system-out/>
  <testcase classname="org.test.CustomerCreateOrganizationModule" name="editmaxValidationJobTittleField" time="1.580"/>
  <system-out/>
  <testcase classname="org.test.CustomerCreateOrganizationModule" name="editmaxValidationPropertyNameField" time="0.813"/>
  <system-out/>
  <testcase classname="org.test.CustomerCreateOrganizationModule" name="editmaxValidationPropertyFirstNameField" time="0.859"/>
  <system-out/>
  <testcase classname="org.test.CustomerCreateOrganizationModule" name="editmaxValidationPropertyLastNameField" time="0.827"/>
  <system-out/>
  <testcase classname="org.test.CustomerCreateOrganizationModule" name="editmaxValidationPropertyAddress1Field" time="0.875"/>
  <system-out/>
  <testcase classname="org.test.CustomerCreateOrganizationModule" name="editmaxValidationPropertyAddress2Field" time="0.939"/>
  <system-out/>
  <testcase classname="org.test.CustomerCreateOrganizationModule" name="editmaxValidationPropertyStateField" time="0.880"/>
  <system-out/>
  <testcase classname="org.test.CustomerCreateOrganizationModule" name="editmaxValidationPropertyCityField" time="0.865"/>
  <system-out/>
  <testcase classname="org.test.CustomerCreateOrganizationModule" name="editspecialCharacterPropertyZipcodeField" time="0.301"/>
  <system-out/>
  <testcase classname="org.test.CustomerCreateOrganizationModule" name="editminValidationPropertyZipCodeField" time="0.371"/>
  <system-out/>
  <testcase classname="org.test.CustomerCreateOrganizationModule" name="editmaxValidationPropertyZipCodeField" time="1.051"/>
  <system-out/>
  <testcase classname="org.test.CustomerCreateOrganizationModule" name="editmaxValidationProductNameField" time="1.163"/>
  <system-out/>
  <testcase classname="org.test.CustomerCreateOrganizationModule" name="editmaxValidationBrandNameField" time="1.132"/>
  <system-out/>
  <testcase classname="org.test.CustomerCreateOrganizationModule" name="editmaxValidationModelNumberField" time="1.203"/>
  <system-out/>
  <testcase classname="org.test.CustomerCreateOrganizationModule" name="editmaxValidationSerialNumberField" time="1.275"/>
  <system-out/>
  <testcase classname="org.test.CustomerCreateOrganizationModule" name="editdateValidation" time="7.822"/>
  <system-out/>
  <testcase classname="org.test.CustomerCreateOrganizationModule" name="editmaxValidationAccessHoursField" time="1.042"/>
  <system-out/>
  <testcase classname="org.test.CustomerCreateOrganizationModule" name="editmaxValidationInstallationNotesField" time="5.041"/>
  <system-out/>
  <testcase classname="org.test.CustomerCreateOrganizationModule" name="editOrganization" time="15.778"/>
  <system-out/>
  <testcase classname="org.test.CustomerCreateOrganizationModule" name="deleteContactList" time="9.536"/>
=======
  <testcase classname="org.test.CustomerCreateOrganizationModule" name="editmaxValidationStateField" time="0.779"/>
  <system-out/>
  <testcase classname="org.test.CustomerCreateOrganizationModule" name="editminValidationZipcodeField" time="0.292"/>
  <system-out/>
  <testcase classname="org.test.CustomerCreateOrganizationModule" name="editmaxValidationZipcodeField" time="0.272"/>
  <system-out/>
  <testcase classname="org.test.CustomerCreateOrganizationModule" name="editspecialCharacterZipcodeField" time="0.266"/>
  <system-out/>
  <testcase classname="org.test.CustomerCreateOrganizationModule" name="editemailValidation" time="0.299"/>
  <system-out/>
  <testcase classname="org.test.CustomerCreateOrganizationModule" name="editmaxValidationEmailField" time="0.727"/>
  <system-out/>
  <testcase classname="org.test.CustomerCreateOrganizationModule" name="editinvalidPhoneNumberField" time="0.282"/>
  <system-out/>
  <testcase classname="org.test.CustomerCreateOrganizationModule" name="editminValidationPhoneNumberField" time="0.208"/>
  <system-out/>
  <testcase classname="org.test.CustomerCreateOrganizationModule" name="editmaxValidationPhoneNumberField" time="0.829"/>
  <system-out/>
  <testcase classname="org.test.CustomerCreateOrganizationModule" name="editmaxValidationContactFirstNameField" time="0.970"/>
  <system-out/>
  <testcase classname="org.test.CustomerCreateOrganizationModule" name="editmaxValidationContactLastNameField" time="1.136"/>
  <system-out/>
  <testcase classname="org.test.CustomerCreateOrganizationModule" name="editmaxValidationContactEmailField" time="1.121"/>
  <system-out/>
  <testcase classname="org.test.CustomerCreateOrganizationModule" name="editvalidateContactEmailField" time="0.369"/>
  <system-out/>
  <testcase classname="org.test.CustomerCreateOrganizationModule" name="editminValidationContactPhoneNumberField" time="0.394"/>
  <system-out/>
  <testcase classname="org.test.CustomerCreateOrganizationModule" name="editmaxValidationContactPhoneNumberField" time="0.438"/>
  <system-out/>
  <testcase classname="org.test.CustomerCreateOrganizationModule" name="editinvalidContactPhoneNumberField" time="0.368"/>
  <system-out/>
  <testcase classname="org.test.CustomerCreateOrganizationModule" name="editmaxValidationJobTittleField" time="2.011"/>
  <system-out/>
  <testcase classname="org.test.CustomerCreateOrganizationModule" name="editmaxValidationPropertyNameField" time="1.137"/>
  <system-out/>
  <testcase classname="org.test.CustomerCreateOrganizationModule" name="editmaxValidationPropertyFirstNameField" time="1.125"/>
  <system-out/>
  <testcase classname="org.test.CustomerCreateOrganizationModule" name="editmaxValidationPropertyLastNameField" time="1.089"/>
  <system-out/>
  <testcase classname="org.test.CustomerCreateOrganizationModule" name="editmaxValidationPropertyAddress1Field" time="1.106"/>
  <system-out/>
  <testcase classname="org.test.CustomerCreateOrganizationModule" name="editmaxValidationPropertyAddress2Field" time="0.971"/>
  <system-out/>
  <testcase classname="org.test.CustomerCreateOrganizationModule" name="editmaxValidationPropertyStateField" time="0.874"/>
  <system-out/>
  <testcase classname="org.test.CustomerCreateOrganizationModule" name="editmaxValidationPropertyCityField" time="0.839"/>
  <system-out/>
  <testcase classname="org.test.CustomerCreateOrganizationModule" name="editspecialCharacterPropertyZipcodeField" time="0.318"/>
  <system-out/>
  <testcase classname="org.test.CustomerCreateOrganizationModule" name="editminValidationPropertyZipCodeField" time="0.241"/>
  <system-out/>
  <testcase classname="org.test.CustomerCreateOrganizationModule" name="editmaxValidationPropertyZipCodeField" time="0.967"/>
  <system-out/>
  <testcase classname="org.test.CustomerCreateOrganizationModule" name="editmaxValidationProductNameField" time="0.955"/>
  <system-out/>
  <testcase classname="org.test.CustomerCreateOrganizationModule" name="editmaxValidationBrandNameField" time="1.128"/>
  <system-out/>
  <testcase classname="org.test.CustomerCreateOrganizationModule" name="editmaxValidationModelNumberField" time="1.003"/>
  <system-out/>
  <testcase classname="org.test.CustomerCreateOrganizationModule" name="editmaxValidationSerialNumberField" time="0.889"/>
  <system-out/>
  <testcase classname="org.test.CustomerCreateOrganizationModule" name="editdateValidation" time="10.256"/>
  <system-out/>
  <testcase classname="org.test.CustomerCreateOrganizationModule" name="editmaxValidationAccessHoursField" time="1.365"/>
  <system-out/>
  <testcase classname="org.test.CustomerCreateOrganizationModule" name="editmaxValidationInstallationNotesField" time="6.148"/>
  <system-out/>
  <testcase classname="org.test.CustomerCreateOrganizationModule" name="editOrganization" time="53.075"/>
  <system-out/>
  <testcase classname="org.test.CustomerCreateOrganizationModule" name="deleteContactList" time="8.456"/>
>>>>>>> 8918fb077ada3f9074ba067a7b48b5e725492e12
  <system-out/>
</testsuite> <!-- org.test.CustomerCreateOrganizationModule -->
