<?xml version="1.0" encoding="UTF-8"?>
<!-- Generated by org.testng.reporters.JUnitReportReporter -->
<testsuite hostname="DESKTOP-5M7AM2E" failures="0" tests="8" name="org.test.Login" time="40.895" errors="0" timestamp="2022-09-29T10:51:27 IST" skipped="0">
  <testcase classname="org.test.Login" name="verifyEmptyEmail" time="1.592"/>
  <system-out/>
  <testcase classname="org.test.Login" name="verifyEmptyPassword" time="1.574"/>
  <system-out/>
  <testcase classname="org.test.Login" name="verifyIncorrectMail" time="1.054"/>
  <system-out/>
  <testcase classname="org.test.Login" name="verifyIncorrectPassword" time="1.570"/>
  <system-out/>
  <testcase classname="org.test.Login" name="verifyInvalidEmail" time="1.054"/>
  <system-out/>
  <testcase classname="org.test.Login" name="verifyInvalidPassword" time="1.255"/>
  <system-out/>
  <testcase classname="org.test.Login" name="verifyInvalidCredentials" time="1.865"/>
  <system-out/>
  <testcase classname="org.test.Login" name="verify" time="30.931"/>
  <system-out/>
</testsuite> <!-- org.test.Login -->
