<?xml version="1.0" encoding="UTF-8"?>
<!-- Generated by org.testng.reporters.JUnitReportReporter -->
<testsuite hostname="DESKTOP-5M7AM2E" failures="0" tests="29" name="org.test.CustomerOrganizationJob" time="187.833" errors="0" timestamp="2023-01-12T15:15:31 IST" skipped="0">
  <testcase classname="org.test.CustomerOrganizationJob" name="loginPage" time="18.002"/>
  <system-out/>
  <testcase classname="org.test.CustomerOrganizationJob" name="modulePage" time="7.443"/>
  <system-out/>
  <testcase classname="org.test.CustomerOrganizationJob" name="createOrganization" time="20.916"/>
  <system-out/>
  <testcase classname="org.test.CustomerOrganizationJob" name="labelValidation" time="9.513"/>
  <system-out/>
  <testcase classname="org.test.CustomerOrganizationJob" name="autoCompleteOrganizationContactCreation" time="14.288"/>
  <system-out/>
  <testcase classname="org.test.CustomerOrganizationJob" name="maximumValidationTittle" time="6.713"/>
  <system-out/>
  <testcase classname="org.test.CustomerOrganizationJob" name="mandatoryValidationDescription" time="0.131"/>
  <system-out/>
  <testcase classname="org.test.CustomerOrganizationJob" name="maximumValidationDescription" time="4.159"/>
  <system-out/>
  <testcase classname="org.test.CustomerOrganizationJob" name="maximumTagValidation" time="0.793"/>
  <system-out/>
  <testcase classname="org.test.CustomerOrganizationJob" name="duplicateTagsValidation" time="0.395"/>
  <system-out/>
  <testcase classname="org.test.CustomerOrganizationJob" name="maxTagLimitValidation" time="8.084"/>
  <system-out/>
  <testcase classname="org.test.CustomerOrganizationJob" name="maximumValidationNotes" time="2.873"/>
  <system-out/>
  <testcase classname="org.test.CustomerOrganizationJob" name="unsssignedJob" time="11.051"/>
  <system-out/>
  <testcase classname="org.test.CustomerOrganizationJob" name="jobUnassignedStatus" time="2.641"/>
  <system-out/>
  <testcase classname="org.test.CustomerOrganizationJob" name="createJob_FromDateandTime_ToDateandTime" time="16.922"/>
  <system-out/>
  <testcase classname="org.test.CustomerOrganizationJob" name="jobScheduleStatus" time="4.178"/>
  <system-out/>
  <testcase classname="org.test.CustomerOrganizationJob" name="dispatchedJob" time="12.208"/>
  <system-out/>
  <testcase classname="org.test.CustomerOrganizationJob" name="jobDispatchedStatus" time="1.077"/>
  <system-out/>
  <testcase classname="org.test.CustomerOrganizationJob" name="startedJob" time="6.568"/>
  <system-out/>
  <testcase classname="org.test.CustomerOrganizationJob" name="jobStartedStatus" time="0.573"/>
  <system-out/>
  <testcase classname="org.test.CustomerOrganizationJob" name="completedJob" time="5.019"/>
  <system-out/>
  <testcase classname="org.test.CustomerOrganizationJob" name="cancelledJob" time="5.567"/>
  <system-out/>
  <testcase classname="org.test.CustomerOrganizationJob" name="jobCancelledStatus" time="1.219"/>
  <system-out/>
  <testcase classname="org.test.CustomerOrganizationJob" name="jobDraftStatus" time="10.744"/>
  <system-out/>
  <testcase classname="org.test.CustomerOrganizationJob" name="deletedJob" time="2.443"/>
  <system-out/>
  <testcase classname="org.test.CustomerOrganizationJob" name="searchJobNo" time="3.945"/>
  <system-out/>
  <testcase classname="org.test.CustomerOrganizationJob" name="searchLocation" time="3.330"/>
  <system-out/>
  <testcase classname="org.test.CustomerOrganizationJob" name="searchFilterByDate" time="4.860"/>
  <system-out/>
  <testcase classname="org.test.CustomerOrganizationJob" name="searchInvalid" time="2.178"/>
  <system-out/>
</testsuite> <!-- org.test.CustomerOrganizationJob -->
