<?xml version="1.0" encoding="UTF-8"?>
<!-- Generated by org.testng.reporters.JUnitReportReporter -->
<testsuite hostname="DESKTOP-5M7AM2E" failures="0" tests="8" name="org.enhancement.GlobalOrganizationRequest" time="288.070" errors="0" timestamp="2023-06-04T11:22:12 IST" skipped="0">
  <testcase classname="org.enhancement.GlobalOrganizationRequest" name="loginPage" time="23.452"/>
  <system-out/>
  <testcase classname="org.enhancement.GlobalOrganizationRequest" name="requestModule" time="1.406"/>
  <system-out/>
  <testcase classname="org.enhancement.GlobalOrganizationRequest" name="labelValidation" time="1.160"/>
  <system-out/>
  <testcase classname="org.enhancement.GlobalOrganizationRequest" name="createRequest_FromDateandTime_ToDateandTime" time="55.594"/>
  <system-out/>
  <testcase classname="org.enhancement.GlobalOrganizationRequest" name="createRequest_FromDateandTime_ToDateandTime" time="50.555"/>
  <system-out/>
  <testcase classname="org.enhancement.GlobalOrganizationRequest" name="createRequest_FromDateandTime_ToDateandTime" time="53.356"/>
  <system-out/>
  <testcase classname="org.enhancement.GlobalOrganizationRequest" name="createRequest_FromDateandTime_ToDateandTime" time="50.809"/>
  <system-out/>
  <testcase classname="org.enhancement.GlobalOrganizationRequest" name="createRequest_FromDateandTime_ToDateandTime" time="51.738"/>
  <system-out/>
</testsuite> <!-- org.enhancement.GlobalOrganizationRequest -->
