<?xml version="1.0" encoding="UTF-8"?>
<!-- Generated by org.testng.reporters.JUnitReportReporter -->
<testsuite hostname="DESKTOP-5M7AM2E" failures="0" tests="48" name="org.test.CustomerOrganizationRequest" time="341.469" errors="0" timestamp="2023-05-14T13:43:06 IST" skipped="0">
  <testcase classname="org.test.CustomerOrganizationRequest" name="loginPage" time="27.625"/>
  <system-out/>
  <testcase classname="org.test.CustomerOrganizationRequest" name="organizationModule" time="8.444"/>
  <system-out/>
  <testcase classname="org.test.CustomerOrganizationRequest" name="listabelValidation" time="8.207"/>
  <system-out/>
  <testcase classname="org.test.CustomerOrganizationRequest" name="createOrganization" time="24.144"/>
  <system-out/>
  <testcase classname="org.test.CustomerOrganizationRequest" name="labelValidation" time="1.391"/>
  <system-out/>
  <testcase classname="org.test.CustomerOrganizationRequest" name="namePrepopulation" time="3.941"/>
  <system-out/>
  <testcase classname="org.test.CustomerOrganizationRequest" name="autoCompleteOrganizationContactCreation" time="13.257"/>
  <system-out/>
  <testcase classname="org.test.CustomerOrganizationRequest" name="mandatoryValidationLocation" time="0.299"/>
  <system-out/>
  <testcase classname="org.test.CustomerOrganizationRequest" name="maximumValidationLocation" time="5.044"/>
  <system-out/>
  <testcase classname="org.test.CustomerOrganizationRequest" name="maximumValidationTittle" time="0.769"/>
  <system-out/>
  <testcase classname="org.test.CustomerOrganizationRequest" name="mandatoryValidationDescription" time="0.061"/>
  <system-out/>
  <testcase classname="org.test.CustomerOrganizationRequest" name="maximumValidationDescription" time="4.107"/>
  <system-out/>
  <testcase classname="org.test.CustomerOrganizationRequest" name="maximumTagValidation" time="0.670"/>
  <system-out/>
  <testcase classname="org.test.CustomerOrganizationRequest" name="duplicateTagsValidation" time="0.347"/>
  <system-out/>
  <testcase classname="org.test.CustomerOrganizationRequest" name="maxTagLimitValidation" time="13.036"/>
  <system-out/>
  <testcase classname="org.test.CustomerOrganizationRequest" name="maximumValidationNotes" time="4.077"/>
  <system-out/>
  <testcase classname="org.test.CustomerOrganizationRequest" name="createButton" time="0.059"/>
  <system-out/>
  <testcase classname="org.test.CustomerOrganizationRequest" name="unsssignedRequest" time="13.273"/>
  <system-out/>
  <testcase classname="org.test.CustomerOrganizationRequest" name="requestCreatedCount" time="0.124"/>
  <system-out/>
  <testcase classname="org.test.CustomerOrganizationRequest" name="requestUnassignedStatus" time="0.087"/>
  <system-out/>
  <testcase classname="org.test.CustomerOrganizationRequest" name="labelEditValidation" time="18.523"/>
  <system-out/>
  <testcase classname="org.test.CustomerOrganizationRequest" name="editmandatoryValidationLocation" time="0.065"/>
  <system-out/>
  <testcase classname="org.test.CustomerOrganizationRequest" name="editmaximumValidationLocation" time="4.999"/>
  <system-out/>
  <testcase classname="org.test.CustomerOrganizationRequest" name="editmaximumValidationTittle" time="0.724"/>
  <system-out/>
  <testcase classname="org.test.CustomerOrganizationRequest" name="editmandatoryValidationDescription" time="0.059"/>
  <system-out/>
  <testcase classname="org.test.CustomerOrganizationRequest" name="editmaximumValidationDescription" time="4.136"/>
  <system-out/>
  <testcase classname="org.test.CustomerOrganizationRequest" name="editmaximumTagValidation" time="0.816"/>
  <system-out/>
  <testcase classname="org.test.CustomerOrganizationRequest" name="editduplicateTagsValidation" time="0.381"/>
  <system-out/>
  <testcase classname="org.test.CustomerOrganizationRequest" name="editmaxTagLimitValidation" time="13.175"/>
  <system-out/>
  <testcase classname="org.test.CustomerOrganizationRequest" name="editmaximumValidationNotes" time="4.139"/>
  <system-out/>
  <testcase classname="org.test.CustomerOrganizationRequest" name="updateButton" time="0.142"/>
  <system-out/>
  <testcase classname="org.test.CustomerOrganizationRequest" name="updatedRequest" time="12.228"/>
  <system-out/>
  <testcase classname="org.test.CustomerOrganizationRequest" name="createRequest_FromDateandTime_ToDateandTime" time="18.734"/>
  <system-out/>
  <testcase classname="org.test.CustomerOrganizationRequest" name="requestScheduleStatus" time="0.655"/>
  <system-out/>
  <testcase classname="org.test.CustomerOrganizationRequest" name="dispatchedRequest" time="26.480"/>
  <system-out/>
  <testcase classname="org.test.CustomerOrganizationRequest" name="requestDispatchedStatus" time="0.077"/>
  <system-out/>
  <testcase classname="org.test.CustomerOrganizationRequest" name="startedRequest" time="25.320"/>
  <system-out/>
  <testcase classname="org.test.CustomerOrganizationRequest" name="requestStartedStatus" time="0.075"/>
  <system-out/>
  <testcase classname="org.test.CustomerOrganizationRequest" name="completedRequest" time="25.268"/>
  <system-out/>
  <testcase classname="org.test.CustomerOrganizationRequest" name="requestCompleteStatus" time="0.089"/>
  <system-out/>
  <testcase classname="org.test.CustomerOrganizationRequest" name="cancelledRequest" time="25.942"/>
  <system-out/>
  <testcase classname="org.test.CustomerOrganizationRequest" name="requestCancelledStatus" time="0.114"/>
  <system-out/>
  <testcase classname="org.test.CustomerOrganizationRequest" name="requestDraftStatus" time="11.765"/>
  <system-out/>
  <testcase classname="org.test.CustomerOrganizationRequest" name="deletedRequest" time="6.949"/>
  <system-out/>
  <testcase classname="org.test.CustomerOrganizationRequest" name="searchRequestNo" time="2.720"/>
  <system-out/>
  <testcase classname="org.test.CustomerOrganizationRequest" name="searchLocation" time="2.682"/>
  <system-out/>
  <testcase classname="org.test.CustomerOrganizationRequest" name="searchFilterByDate" time="3.453"/>
  <system-out/>
  <testcase classname="org.test.CustomerOrganizationRequest" name="searchInvalid" time="2.797"/>
  <system-out/>
</testsuite> <!-- org.test.CustomerOrganizationRequest -->
