<?xml version="1.0" encoding="UTF-8"?>
<!-- Generated by org.testng.reporters.JUnitReportReporter -->
<testsuite hostname="DESKTOP-5M7AM2E" failures="0" tests="13" name="org.enhancement.GlobalContactJob" time="419.016" errors="0" timestamp="2023-06-20T23:30:55 IST" skipped="0">
  <testcase classname="org.enhancement.GlobalContactJob" name="loginPage" time="34.924"/>
  <system-out/>
  <testcase classname="org.enhancement.GlobalContactJob" name="jobModule" time="1.421"/>
  <system-out/>
  <testcase classname="org.enhancement.GlobalContactJob" name="labelValidation" time="1.068"/>
  <system-out/>
  <testcase classname="org.enhancement.GlobalContactJob" name="createJob_FromDateandTime_ToDateandTime" time="37.721"/>
  <system-out/>
  <testcase classname="org.enhancement.GlobalContactJob" name="createJob_FromDateandTime_ToDateandTime" time="38.222"/>
  <system-out/>
  <testcase classname="org.enhancement.GlobalContactJob" name="createJob_FromDateandTime_ToDateandTime" time="34.463"/>
  <system-out/>
  <testcase classname="org.enhancement.GlobalContactJob" name="createJob_FromDateandTime_ToDateandTime" time="37.520"/>
  <system-out/>
  <testcase classname="org.enhancement.GlobalContactJob" name="createJob_FromDateandTime_ToDateandTime" time="45.848"/>
  <system-out/>
  <testcase classname="org.enhancement.GlobalContactJob" name="createJob_FromDateandTime_ToDateandTime" time="40.783"/>
  <system-out/>
  <testcase classname="org.enhancement.GlobalContactJob" name="createJob_FromDateandTime_ToDateandTime" time="35.217"/>
  <system-out/>
  <testcase classname="org.enhancement.GlobalContactJob" name="createJob_FromDateandTime_ToDateandTime" time="38.466"/>
  <system-out/>
  <testcase classname="org.enhancement.GlobalContactJob" name="createJob_FromDateandTime_ToDateandTime" time="34.779"/>
  <system-out/>
  <testcase classname="org.enhancement.GlobalContactJob" name="createJob_FromDateandTime_ToDateandTime" time="38.584"/>
  <system-out/>
</testsuite> <!-- org.enhancement.GlobalContactJob -->
