<?xml version="1.0" encoding="UTF-8"?>
<!-- Generated by org.testng.reporters.JUnitReportReporter -->
<testsuite hostname="DESKTOP-5M7AM2E" failures="0" tests="47" name="org.test.CustomerContactRequest" time="246.208" errors="0" timestamp="2023-04-15T19:23:14 IST" skipped="0">
  <testcase classname="org.test.CustomerContactRequest" name="loginPage" time="20.679"/>
  <system-out/>
  <testcase classname="org.test.CustomerContactRequest" name="contactModule" time="8.141"/>
  <system-out/>
  <testcase classname="org.test.CustomerContactRequest" name="CreateContact" time="13.034"/>
  <system-out/>
  <testcase classname="org.test.CustomerContactRequest" name="listabelValidation" time="9.056"/>
  <system-out/>
  <testcase classname="org.test.CustomerContactRequest" name="labelValidation" time="1.352"/>
  <system-out/>
  <testcase classname="org.test.CustomerContactRequest" name="namePrepopulation" time="2.722"/>
  <system-out/>
  <testcase classname="org.test.CustomerContactRequest" name="mandatoryValidationLocation" time="0.210"/>
  <system-out/>
  <testcase classname="org.test.CustomerContactRequest" name="maximumValidationLocation" time="4.587"/>
  <system-out/>
  <testcase classname="org.test.CustomerContactRequest" name="maximumValidationTittle" time="0.676"/>
  <system-out/>
  <testcase classname="org.test.CustomerContactRequest" name="mandatoryValidationDescription" time="0.069"/>
  <system-out/>
  <testcase classname="org.test.CustomerContactRequest" name="maximumValidationDescription" time="3.617"/>
  <system-out/>
  <testcase classname="org.test.CustomerContactRequest" name="maximumTagValidation" time="0.676"/>
  <system-out/>
  <testcase classname="org.test.CustomerContactRequest" name="duplicateTagsValidation" time="0.355"/>
  <system-out/>
  <testcase classname="org.test.CustomerContactRequest" name="maxTagLimitValidation" time="13.733"/>
  <system-out/>
  <testcase classname="org.test.CustomerContactRequest" name="maximumValidationNotes" time="3.884"/>
  <system-out/>
  <testcase classname="org.test.CustomerContactRequest" name="createButton" time="0.064"/>
  <system-out/>
  <testcase classname="org.test.CustomerContactRequest" name="unsssignedRequest" time="13.014"/>
  <system-out/>
  <testcase classname="org.test.CustomerContactRequest" name="requestCreatedCount" time="0.123"/>
  <system-out/>
  <testcase classname="org.test.CustomerContactRequest" name="requestUnassignedStatus" time="0.083"/>
  <system-out/>
  <testcase classname="org.test.CustomerContactRequest" name="labelEditValidation" time="8.913"/>
  <system-out/>
  <testcase classname="org.test.CustomerContactRequest" name="editmandatoryValidationLocation" time="0.070"/>
  <system-out/>
  <testcase classname="org.test.CustomerContactRequest" name="editmaximumValidationLocation" time="4.605"/>
  <system-out/>
  <testcase classname="org.test.CustomerContactRequest" name="editmaximumValidationTittle" time="0.698"/>
  <system-out/>
  <testcase classname="org.test.CustomerContactRequest" name="editmandatoryValidationDescription" time="0.065"/>
  <system-out/>
  <testcase classname="org.test.CustomerContactRequest" name="editmaximumValidationDescription" time="3.651"/>
  <system-out/>
  <testcase classname="org.test.CustomerContactRequest" name="editmaximumTagValidation" time="0.666"/>
  <system-out/>
  <testcase classname="org.test.CustomerContactRequest" name="editduplicateTagsValidation" time="0.350"/>
  <system-out/>
  <testcase classname="org.test.CustomerContactRequest" name="editmaxTagLimitValidation" time="13.781"/>
  <system-out/>
  <testcase classname="org.test.CustomerContactRequest" name="editmaximumValidationNotes" time="3.654"/>
  <system-out/>
  <testcase classname="org.test.CustomerContactRequest" name="updateButton" time="0.072"/>
  <system-out/>
  <testcase classname="org.test.CustomerContactRequest" name="updatedRequest" time="11.485"/>
  <system-out/>
  <testcase classname="org.test.CustomerContactRequest" name="createRequest_FromDateandTime_ToDateandTime" time="17.065"/>
  <system-out/>
  <testcase classname="org.test.CustomerContactRequest" name="requestScheduleStatus" time="0.081"/>
  <system-out/>
  <testcase classname="org.test.CustomerContactRequest" name="dispatchedRequest" time="13.539"/>
  <system-out/>
  <testcase classname="org.test.CustomerContactRequest" name="requestDispatchedStatus" time="0.077"/>
  <system-out/>
  <testcase classname="org.test.CustomerContactRequest" name="startedRequest" time="13.500"/>
  <system-out/>
  <testcase classname="org.test.CustomerContactRequest" name="requestStartedStatus" time="0.072"/>
  <system-out/>
  <testcase classname="org.test.CustomerContactRequest" name="completedRequest" time="13.534"/>
  <system-out/>
  <testcase classname="org.test.CustomerContactRequest" name="requestCompleteStatus" time="0.074"/>
  <system-out/>
  <testcase classname="org.test.CustomerContactRequest" name="cancelledRequest" time="13.608"/>
  <system-out/>
  <testcase classname="org.test.CustomerContactRequest" name="requestCancelledStatus" time="0.073"/>
  <system-out/>
  <testcase classname="org.test.CustomerContactRequest" name="requestDraftStatus" time="11.281"/>
  <system-out/>
  <testcase classname="org.test.CustomerContactRequest" name="deletedRequest" time="7.903"/>
  <system-out/>
  <testcase classname="org.test.CustomerContactRequest" name="searchRequestNo" time="2.633"/>
  <system-out/>
  <testcase classname="org.test.CustomerContactRequest" name="searchLocation" time="2.611"/>
  <system-out/>
  <testcase classname="org.test.CustomerContactRequest" name="searchFilterByDate" time="3.398"/>
  <system-out/>
  <testcase classname="org.test.CustomerContactRequest" name="searchInvalid" time="2.674"/>
  <system-out/>
</testsuite> <!-- org.test.CustomerContactRequest -->
