<?xml version="1.0" encoding="UTF-8"?>
<!-- Generated by org.testng.reporters.JUnitReportReporter -->
<testsuite hostname="DESKTOP-5M7AM2E" failures="0" tests="48" name="org.test.CustomerOrganizationRequest" time="256.578" errors="0" timestamp="2023-04-23T22:29:52 IST" skipped="0">
  <testcase classname="org.test.CustomerOrganizationRequest" name="loginPage" time="20.428"/>
  <system-out/>
  <testcase classname="org.test.CustomerOrganizationRequest" name="organizationModule" time="7.229"/>
  <system-out/>
  <testcase classname="org.test.CustomerOrganizationRequest" name="createOrganization" time="20.964"/>
  <system-out/>
  <testcase classname="org.test.CustomerOrganizationRequest" name="listabelValidation" time="7.656"/>
  <system-out/>
  <testcase classname="org.test.CustomerOrganizationRequest" name="labelValidation" time="0.849"/>
  <system-out/>
  <testcase classname="org.test.CustomerOrganizationRequest" name="namePrepopulation" time="3.255"/>
  <system-out/>
  <testcase classname="org.test.CustomerOrganizationRequest" name="autoCompleteOrganizationContactCreation" time="11.532"/>
  <system-out/>
  <testcase classname="org.test.CustomerOrganizationRequest" name="mandatoryValidationLocation" time="0.209"/>
  <system-out/>
  <testcase classname="org.test.CustomerOrganizationRequest" name="maximumValidationLocation" time="4.493"/>
  <system-out/>
  <testcase classname="org.test.CustomerOrganizationRequest" name="maximumValidationTittle" time="0.659"/>
  <system-out/>
  <testcase classname="org.test.CustomerOrganizationRequest" name="mandatoryValidationDescription" time="0.070"/>
  <system-out/>
  <testcase classname="org.test.CustomerOrganizationRequest" name="maximumValidationDescription" time="3.579"/>
  <system-out/>
  <testcase classname="org.test.CustomerOrganizationRequest" name="maximumTagValidation" time="0.631"/>
  <system-out/>
  <testcase classname="org.test.CustomerOrganizationRequest" name="duplicateTagsValidation" time="0.376"/>
  <system-out/>
  <testcase classname="org.test.CustomerOrganizationRequest" name="maxTagLimitValidation" time="13.668"/>
  <system-out/>
  <testcase classname="org.test.CustomerOrganizationRequest" name="maximumValidationNotes" time="3.533"/>
  <system-out/>
  <testcase classname="org.test.CustomerOrganizationRequest" name="createButton" time="0.065"/>
  <system-out/>
  <testcase classname="org.test.CustomerOrganizationRequest" name="unsssignedRequest" time="13.044"/>
  <system-out/>
  <testcase classname="org.test.CustomerOrganizationRequest" name="requestCreatedCount" time="0.137"/>
  <system-out/>
  <testcase classname="org.test.CustomerOrganizationRequest" name="requestUnassignedStatus" time="0.094"/>
  <system-out/>
  <testcase classname="org.test.CustomerOrganizationRequest" name="labelEditValidation" time="9.025"/>
  <system-out/>
  <testcase classname="org.test.CustomerOrganizationRequest" name="editmandatoryValidationLocation" time="0.069"/>
  <system-out/>
  <testcase classname="org.test.CustomerOrganizationRequest" name="editmaximumValidationLocation" time="4.444"/>
  <system-out/>
  <testcase classname="org.test.CustomerOrganizationRequest" name="editmaximumValidationTittle" time="0.637"/>
  <system-out/>
  <testcase classname="org.test.CustomerOrganizationRequest" name="editmandatoryValidationDescription" time="0.069"/>
  <system-out/>
  <testcase classname="org.test.CustomerOrganizationRequest" name="editmaximumValidationDescription" time="3.598"/>
  <system-out/>
  <testcase classname="org.test.CustomerOrganizationRequest" name="editmaximumTagValidation" time="0.630"/>
  <system-out/>
  <testcase classname="org.test.CustomerOrganizationRequest" name="editduplicateTagsValidation" time="0.363"/>
  <system-out/>
  <testcase classname="org.test.CustomerOrganizationRequest" name="editmaxTagLimitValidation" time="13.749"/>
  <system-out/>
  <testcase classname="org.test.CustomerOrganizationRequest" name="editmaximumValidationNotes" time="3.300"/>
  <system-out/>
  <testcase classname="org.test.CustomerOrganizationRequest" name="updateButton" time="0.067"/>
  <system-out/>
  <testcase classname="org.test.CustomerOrganizationRequest" name="updatedRequest" time="11.908"/>
  <system-out/>
  <testcase classname="org.test.CustomerOrganizationRequest" name="createRequest_FromDateandTime_ToDateandTime" time="16.434"/>
  <system-out/>
  <testcase classname="org.test.CustomerOrganizationRequest" name="requestScheduleStatus" time="0.093"/>
  <system-out/>
  <testcase classname="org.test.CustomerOrganizationRequest" name="dispatchedRequest" time="11.934"/>
  <system-out/>
  <testcase classname="org.test.CustomerOrganizationRequest" name="requestDispatchedStatus" time="0.081"/>
  <system-out/>
  <testcase classname="org.test.CustomerOrganizationRequest" name="startedRequest" time="12.486"/>
  <system-out/>
  <testcase classname="org.test.CustomerOrganizationRequest" name="requestStartedStatus" time="0.088"/>
  <system-out/>
  <testcase classname="org.test.CustomerOrganizationRequest" name="completedRequest" time="13.031"/>
  <system-out/>
  <testcase classname="org.test.CustomerOrganizationRequest" name="requestCompleteStatus" time="0.086"/>
  <system-out/>
  <testcase classname="org.test.CustomerOrganizationRequest" name="cancelledRequest" time="12.575"/>
  <system-out/>
  <testcase classname="org.test.CustomerOrganizationRequest" name="requestCancelledStatus" time="0.092"/>
  <system-out/>
  <testcase classname="org.test.CustomerOrganizationRequest" name="requestDraftStatus" time="10.804"/>
  <system-out/>
  <testcase classname="org.test.CustomerOrganizationRequest" name="deletedRequest" time="7.938"/>
  <system-out/>
  <testcase classname="org.test.CustomerOrganizationRequest" name="searchRequestNo" time="2.683"/>
  <system-out/>
  <testcase classname="org.test.CustomerOrganizationRequest" name="searchLocation" time="2.625"/>
  <system-out/>
  <testcase classname="org.test.CustomerOrganizationRequest" name="searchFilterByDate" time="2.892"/>
  <system-out/>
  <testcase classname="org.test.CustomerOrganizationRequest" name="searchInvalid" time="2.406"/>
  <system-out/>
</testsuite> <!-- org.test.CustomerOrganizationRequest -->
