<?xml version="1.0" encoding="UTF-8"?>
<!-- Generated by org.testng.reporters.JUnitReportReporter -->
<<<<<<< HEAD
<testsuite hostname="DESKTOP-5M7AM2E" failures="0" tests="70" name="org.test.GlobalOrganizationQuote" time="284.621" errors="0" timestamp="2023-04-23T22:29:52 IST" skipped="0">
  <testcase classname="org.test.GlobalOrganizationQuote" name="loginPage" time="19.602"/>
  <system-out/>
  <testcase classname="org.test.GlobalOrganizationQuote" name="quoteModule" time="4.379"/>
  <system-out/>
  <testcase classname="org.test.GlobalOrganizationQuote" name="labelValidation" time="0.862"/>
  <system-out/>
  <testcase classname="org.test.GlobalOrganizationQuote" name="organizationMandatoryValidation" time="1.864"/>
=======
<testsuite hostname="DESKTOP-5M7AM2E" failures="0" tests="70" name="org.test.GlobalOrganizationQuote" time="223.676" errors="0" timestamp="2023-05-04T12:17:22 IST" skipped="0">
  <testcase classname="org.test.GlobalOrganizationQuote" name="loginPage" time="35.608"/>
  <system-out/>
  <testcase classname="org.test.GlobalOrganizationQuote" name="quoteModule" time="3.204"/>
  <system-out/>
  <testcase classname="org.test.GlobalOrganizationQuote" name="organizationMandatoryValidation" time="0.772"/>
  <system-out/>
  <testcase classname="org.test.GlobalOrganizationQuote" name="labelValidation" time="1.463"/>
>>>>>>> 0854a1eab27eed2f52fc7f8faa0085f4f5986c02
  <system-out/>
  <testcase classname="org.test.GlobalOrganizationQuote" name="mandatoryValidationExpiryDate" time="0.060"/>
  <system-out/>
<<<<<<< HEAD
  <testcase classname="org.test.GlobalOrganizationQuote" name="mandatoryValidationInventoryItem" time="0.064"/>
  <system-out/>
  <testcase classname="org.test.GlobalOrganizationQuote" name="mandatoryValidationQunatity" time="0.069"/>
  <system-out/>
  <testcase classname="org.test.GlobalOrganizationQuote" name="mandatoryValidationPrice" time="0.061"/>
  <system-out/>
  <testcase classname="org.test.GlobalOrganizationQuote" name="mandatoryValidationDescription" time="0.067"/>
  <system-out/>
  <testcase classname="org.test.GlobalOrganizationQuote" name="autoCompleteOrganizationCreation" time="19.338"/>
  <system-out/>
  <testcase classname="org.test.GlobalOrganizationQuote" name="autoCompleteOrganizationContactCreation" time="12.058"/>
  <system-out/>
  <testcase classname="org.test.GlobalOrganizationQuote" name="maximumValidationReference" time="0.683"/>
  <system-out/>
  <testcase classname="org.test.GlobalOrganizationQuote" name="maximumValidationQuoteTittle" time="0.670"/>
  <system-out/>
  <testcase classname="org.test.GlobalOrganizationQuote" name="maximumValidationInventoryItem" time="0.998"/>
  <system-out/>
  <testcase classname="org.test.GlobalOrganizationQuote" name="emptyValidationQuantityField" time="0.222"/>
  <system-out/>
  <testcase classname="org.test.GlobalOrganizationQuote" name="maxQuanitityLimit" time="0.272"/>
  <system-out/>
  <testcase classname="org.test.GlobalOrganizationQuote" name="afterDecimalPointValidationQuantityField" time="0.185"/>
  <system-out/>
  <testcase classname="org.test.GlobalOrganizationQuote" name="beforeDecimalPointValidationQuantityField" time="0.287"/>
  <system-out/>
  <testcase classname="org.test.GlobalOrganizationQuote" name="emptyValidationPriceField" time="0.230"/>
  <system-out/>
  <testcase classname="org.test.GlobalOrganizationQuote" name="maxPriceLimit" time="0.197"/>
  <system-out/>
  <testcase classname="org.test.GlobalOrganizationQuote" name="beforeDecimalPointPriceField" time="0.227"/>
  <system-out/>
  <testcase classname="org.test.GlobalOrganizationQuote" name="afterDecimalPointPriceField" time="0.249"/>
  <system-out/>
  <testcase classname="org.test.GlobalOrganizationQuote" name="afterDecimalPointDiscountField" time="0.218"/>
  <system-out/>
  <testcase classname="org.test.GlobalOrganizationQuote" name="beforeDecimalPointDiscountField" time="0.198"/>
  <system-out/>
  <testcase classname="org.test.GlobalOrganizationQuote" name="maxLimitDiscountField" time="0.174"/>
  <system-out/>
  <testcase classname="org.test.GlobalOrganizationQuote" name="afterDecimalPointTaxField" time="0.222"/>
  <system-out/>
  <testcase classname="org.test.GlobalOrganizationQuote" name="beforeDecimalPointTaxField" time="0.187"/>
  <system-out/>
  <testcase classname="org.test.GlobalOrganizationQuote" name="maxLimitTaxField" time="0.242"/>
  <system-out/>
  <testcase classname="org.test.GlobalOrganizationQuote" name="maximumValidationDescription" time="1.748"/>
  <system-out/>
  <testcase classname="org.test.GlobalOrganizationQuote" name="maximumValidationNotes" time="3.682"/>
  <system-out/>
  <testcase classname="org.test.GlobalOrganizationQuote" name="expiryFieldPastDateValidation" time="8.803"/>
  <system-out/>
  <testcase classname="org.test.GlobalOrganizationQuote" name="validateCalculation" time="0.670"/>
  <system-out/>
  <testcase classname="org.test.GlobalOrganizationQuote" name="createQuote" time="13.975"/>
  <system-out/>
  <testcase classname="org.test.GlobalOrganizationQuote" name="quoteCount" time="5.960"/>
  <system-out/>
  <testcase classname="org.test.GlobalOrganizationQuote" name="quoteEdit" time="16.532"/>
  <system-out/>
  <testcase classname="org.test.GlobalOrganizationQuote" name="editmandatoryValidationExpiryDate" time="0.070"/>
  <system-out/>
  <testcase classname="org.test.GlobalOrganizationQuote" name="editmandatoryValidationQunatity" time="0.065"/>
  <system-out/>
  <testcase classname="org.test.GlobalOrganizationQuote" name="editmandatoryValidationPrice" time="0.064"/>
  <system-out/>
  <testcase classname="org.test.GlobalOrganizationQuote" name="editmandatoryValidationDescription" time="0.140"/>
  <system-out/>
  <testcase classname="org.test.GlobalOrganizationQuote" name="editmaximumValidationReference" time="0.665"/>
  <system-out/>
  <testcase classname="org.test.GlobalOrganizationQuote" name="editmaximumValidationQuoteTittle" time="0.637"/>
  <system-out/>
  <testcase classname="org.test.GlobalOrganizationQuote" name="editmaximumValidationInventoryItem" time="0.961"/>
=======
  <testcase classname="org.test.GlobalOrganizationQuote" name="mandatoryValidationInventoryItem" time="0.061"/>
  <system-out/>
  <testcase classname="org.test.GlobalOrganizationQuote" name="mandatoryValidationQunatity" time="0.061"/>
  <system-out/>
  <testcase classname="org.test.GlobalOrganizationQuote" name="mandatoryValidationPrice" time="0.064"/>
  <system-out/>
  <testcase classname="org.test.GlobalOrganizationQuote" name="mandatoryValidationDescription" time="0.062"/>
  <system-out/>
  <testcase classname="org.test.GlobalOrganizationQuote" name="autoCompleteOrganizationCreation" time="12.236"/>
  <system-out/>
  <testcase classname="org.test.GlobalOrganizationQuote" name="autoCompleteOrganizationContactCreation" time="10.264"/>
  <system-out/>
  <testcase classname="org.test.GlobalOrganizationQuote" name="maximumValidationReference" time="0.702"/>
  <system-out/>
  <testcase classname="org.test.GlobalOrganizationQuote" name="maximumValidationQuoteTittle" time="0.748"/>
  <system-out/>
  <testcase classname="org.test.GlobalOrganizationQuote" name="maximumValidationInventoryItem" time="1.176"/>
  <system-out/>
  <testcase classname="org.test.GlobalOrganizationQuote" name="emptyValidationQuantityField" time="0.233"/>
  <system-out/>
  <testcase classname="org.test.GlobalOrganizationQuote" name="maxQuanitityLimit" time="0.277"/>
  <system-out/>
  <testcase classname="org.test.GlobalOrganizationQuote" name="afterDecimalPointValidationQuantityField" time="0.202"/>
  <system-out/>
  <testcase classname="org.test.GlobalOrganizationQuote" name="beforeDecimalPointValidationQuantityField" time="0.296"/>
  <system-out/>
  <testcase classname="org.test.GlobalOrganizationQuote" name="emptyValidationPriceField" time="0.246"/>
  <system-out/>
  <testcase classname="org.test.GlobalOrganizationQuote" name="maxPriceLimit" time="0.277"/>
  <system-out/>
  <testcase classname="org.test.GlobalOrganizationQuote" name="beforeDecimalPointPriceField" time="0.368"/>
  <system-out/>
  <testcase classname="org.test.GlobalOrganizationQuote" name="afterDecimalPointPriceField" time="0.341"/>
  <system-out/>
  <testcase classname="org.test.GlobalOrganizationQuote" name="afterDecimalPointDiscountField" time="0.260"/>
  <system-out/>
  <testcase classname="org.test.GlobalOrganizationQuote" name="beforeDecimalPointDiscountField" time="0.187"/>
  <system-out/>
  <testcase classname="org.test.GlobalOrganizationQuote" name="maxLimitDiscountField" time="0.182"/>
  <system-out/>
  <testcase classname="org.test.GlobalOrganizationQuote" name="afterDecimalPointTaxField" time="0.231"/>
  <system-out/>
  <testcase classname="org.test.GlobalOrganizationQuote" name="beforeDecimalPointTaxField" time="0.195"/>
  <system-out/>
  <testcase classname="org.test.GlobalOrganizationQuote" name="maxLimitTaxField" time="0.245"/>
  <system-out/>
  <testcase classname="org.test.GlobalOrganizationQuote" name="maximumValidationDescription" time="1.986"/>
  <system-out/>
  <testcase classname="org.test.GlobalOrganizationQuote" name="maximumValidationNotes" time="4.638"/>
  <system-out/>
  <testcase classname="org.test.GlobalOrganizationQuote" name="expiryFieldPastDateValidation" time="7.776"/>
  <system-out/>
  <testcase classname="org.test.GlobalOrganizationQuote" name="validateCalculation" time="0.735"/>
  <system-out/>
  <testcase classname="org.test.GlobalOrganizationQuote" name="createQuote" time="11.559"/>
  <system-out/>
  <testcase classname="org.test.GlobalOrganizationQuote" name="quoteCount" time="0.142"/>
  <system-out/>
  <testcase classname="org.test.GlobalOrganizationQuote" name="quoteEdit" time="8.276"/>
  <system-out/>
  <testcase classname="org.test.GlobalOrganizationQuote" name="editmandatoryValidationExpiryDate" time="0.066"/>
  <system-out/>
  <testcase classname="org.test.GlobalOrganizationQuote" name="editmandatoryValidationQunatity" time="0.071"/>
  <system-out/>
  <testcase classname="org.test.GlobalOrganizationQuote" name="editmandatoryValidationPrice" time="0.063"/>
  <system-out/>
  <testcase classname="org.test.GlobalOrganizationQuote" name="editmandatoryValidationDescription" time="0.134"/>
  <system-out/>
  <testcase classname="org.test.GlobalOrganizationQuote" name="editmaximumValidationReference" time="0.689"/>
  <system-out/>
  <testcase classname="org.test.GlobalOrganizationQuote" name="editmaximumValidationQuoteTittle" time="0.658"/>
  <system-out/>
  <testcase classname="org.test.GlobalOrganizationQuote" name="editmaximumValidationInventoryItem" time="1.046"/>
>>>>>>> 0854a1eab27eed2f52fc7f8faa0085f4f5986c02
  <system-out/>
  <testcase classname="org.test.GlobalOrganizationQuote" name="editemptyValidationQuantityField" time="0.218"/>
  <system-out/>
<<<<<<< HEAD
  <testcase classname="org.test.GlobalOrganizationQuote" name="editmaxQuanitityLimit" time="0.279"/>
  <system-out/>
  <testcase classname="org.test.GlobalOrganizationQuote" name="editafterDecimalPointValidationQuantityField" time="0.197"/>
  <system-out/>
  <testcase classname="org.test.GlobalOrganizationQuote" name="editbeforeDecimalPointValidationQuantityField" time="0.294"/>
  <system-out/>
  <testcase classname="org.test.GlobalOrganizationQuote" name="editemptyValidationPriceField" time="0.217"/>
  <system-out/>
  <testcase classname="org.test.GlobalOrganizationQuote" name="editmaxPriceLimit" time="0.191"/>
  <system-out/>
  <testcase classname="org.test.GlobalOrganizationQuote" name="editbeforeDecimalPointPriceField" time="0.221"/>
  <system-out/>
  <testcase classname="org.test.GlobalOrganizationQuote" name="editafterDecimalPointPriceField" time="0.257"/>
  <system-out/>
  <testcase classname="org.test.GlobalOrganizationQuote" name="editafterDecimalPointDiscountField" time="0.215"/>
  <system-out/>
  <testcase classname="org.test.GlobalOrganizationQuote" name="editbeforeDecimalPointDiscountField" time="0.197"/>
  <system-out/>
  <testcase classname="org.test.GlobalOrganizationQuote" name="editmaxLimitDiscountField" time="0.175"/>
  <system-out/>
  <testcase classname="org.test.GlobalOrganizationQuote" name="editafterDecimalPointTaxField" time="0.212"/>
  <system-out/>
  <testcase classname="org.test.GlobalOrganizationQuote" name="editbeforeDecimalPointTaxField" time="0.190"/>
  <system-out/>
  <testcase classname="org.test.GlobalOrganizationQuote" name="editmaxLimitTaxField" time="0.243"/>
  <system-out/>
  <testcase classname="org.test.GlobalOrganizationQuote" name="editmaximumValidationDescription" time="1.621"/>
  <system-out/>
  <testcase classname="org.test.GlobalOrganizationQuote" name="editmaximumValidationNotes" time="3.500"/>
  <system-out/>
  <testcase classname="org.test.GlobalOrganizationQuote" name="editexpiryFieldPastDateValidation" time="8.810"/>
  <system-out/>
  <testcase classname="org.test.GlobalOrganizationQuote" name="editvalidateCalculation" time="0.752"/>
  <system-out/>
  <testcase classname="org.test.GlobalOrganizationQuote" name="updateQuote" time="12.362"/>
  <system-out/>
  <testcase classname="org.test.GlobalOrganizationQuote" name="createdQuoteStatus" time="0.117"/>
  <system-out/>
  <testcase classname="org.test.GlobalOrganizationQuote" name="draftQuote" time="37.157"/>
  <system-out/>
  <testcase classname="org.test.GlobalOrganizationQuote" name="convertQuote" time="35.991"/>
  <system-out/>
  <testcase classname="org.test.GlobalOrganizationQuote" name="declinedStatus" time="51.795"/>
  <system-out/>
  <testcase classname="org.test.GlobalOrganizationQuote" name="listCustomerName" time="2.521"/>
  <system-out/>
  <testcase classname="org.test.GlobalOrganizationQuote" name="listQuoteNo" time="2.588"/>
  <system-out/>
  <testcase classname="org.test.GlobalOrganizationQuote" name="listQuoteTittle" time="2.052"/>
  <system-out/>
  <testcase classname="org.test.GlobalOrganizationQuote" name="listQuoteReference" time="2.454"/>
  <system-out/>
  <testcase classname="org.test.GlobalOrganizationQuote" name="listInvalid" time="1.938"/>
=======
  <testcase classname="org.test.GlobalOrganizationQuote" name="editmaxQuanitityLimit" time="0.276"/>
  <system-out/>
  <testcase classname="org.test.GlobalOrganizationQuote" name="editafterDecimalPointValidationQuantityField" time="0.207"/>
  <system-out/>
  <testcase classname="org.test.GlobalOrganizationQuote" name="editbeforeDecimalPointValidationQuantityField" time="0.331"/>
  <system-out/>
  <testcase classname="org.test.GlobalOrganizationQuote" name="editemptyValidationPriceField" time="0.234"/>
  <system-out/>
  <testcase classname="org.test.GlobalOrganizationQuote" name="editmaxPriceLimit" time="0.205"/>
  <system-out/>
  <testcase classname="org.test.GlobalOrganizationQuote" name="editbeforeDecimalPointPriceField" time="0.249"/>
  <system-out/>
  <testcase classname="org.test.GlobalOrganizationQuote" name="editafterDecimalPointPriceField" time="0.283"/>
  <system-out/>
  <testcase classname="org.test.GlobalOrganizationQuote" name="editafterDecimalPointDiscountField" time="0.233"/>
  <system-out/>
  <testcase classname="org.test.GlobalOrganizationQuote" name="editbeforeDecimalPointDiscountField" time="0.195"/>
  <system-out/>
  <testcase classname="org.test.GlobalOrganizationQuote" name="editmaxLimitDiscountField" time="0.169"/>
  <system-out/>
  <testcase classname="org.test.GlobalOrganizationQuote" name="editafterDecimalPointTaxField" time="0.216"/>
  <system-out/>
  <testcase classname="org.test.GlobalOrganizationQuote" name="editbeforeDecimalPointTaxField" time="0.207"/>
  <system-out/>
  <testcase classname="org.test.GlobalOrganizationQuote" name="editmaxLimitTaxField" time="0.258"/>
  <system-out/>
  <testcase classname="org.test.GlobalOrganizationQuote" name="editmaximumValidationDescription" time="1.974"/>
  <system-out/>
  <testcase classname="org.test.GlobalOrganizationQuote" name="editmaximumValidationNotes" time="4.129"/>
  <system-out/>
  <testcase classname="org.test.GlobalOrganizationQuote" name="editexpiryFieldPastDateValidation" time="7.304"/>
  <system-out/>
  <testcase classname="org.test.GlobalOrganizationQuote" name="editvalidateCalculation" time="0.698"/>
  <system-out/>
  <testcase classname="org.test.GlobalOrganizationQuote" name="updateQuote" time="11.100"/>
  <system-out/>
  <testcase classname="org.test.GlobalOrganizationQuote" name="createdQuoteStatus" time="0.118"/>
  <system-out/>
  <testcase classname="org.test.GlobalOrganizationQuote" name="draftQuote" time="22.788"/>
  <system-out/>
  <testcase classname="org.test.GlobalOrganizationQuote" name="convertQuote" time="24.502"/>
  <system-out/>
  <testcase classname="org.test.GlobalOrganizationQuote" name="declinedStatus" time="31.616"/>
  <system-out/>
  <testcase classname="org.test.GlobalOrganizationQuote" name="listCustomerName" time="1.980"/>
  <system-out/>
  <testcase classname="org.test.GlobalOrganizationQuote" name="listQuoteNo" time="2.007"/>
  <system-out/>
  <testcase classname="org.test.GlobalOrganizationQuote" name="listQuoteTittle" time="1.491"/>
  <system-out/>
  <testcase classname="org.test.GlobalOrganizationQuote" name="listQuoteReference" time="1.398"/>
  <system-out/>
  <testcase classname="org.test.GlobalOrganizationQuote" name="listInvalid" time="1.426"/>
>>>>>>> 0854a1eab27eed2f52fc7f8faa0085f4f5986c02
  <system-out/>
</testsuite> <!-- org.test.GlobalOrganizationQuote -->
