<?xml version="1.0" encoding="UTF-8"?>
<!-- Generated by org.testng.reporters.JUnitReportReporter -->
<testsuite hostname="DESKTOP-5M7AM2E" failures="0" tests="20" name="org.test.LeadSource" time="118.465" errors="0" timestamp="2023-04-04T00:12:38 IST" skipped="0">
  <testcase classname="org.test.LeadSource" name="loginPage" time="23.879"/>
  <system-out/>
  <testcase classname="org.test.LeadSource" name="settingModule" time="2.001"/>
  <system-out/>
  <testcase classname="org.test.LeadSource" name="leadSourceLabel" time="0.136"/>
  <system-out/>
  <testcase classname="org.test.LeadSource" name="createFormLabel" time="0.866"/>
  <system-out/>
  <testcase classname="org.test.LeadSource" name="mandatoryValidation" time="0.268"/>
  <system-out/>
  <testcase classname="org.test.LeadSource" name="maximumValidationLeadSource" time="3.948"/>
  <system-out/>
  <testcase classname="org.test.LeadSource" name="verifySaveButtonExist" time="0.325"/>
  <system-out/>
  <testcase classname="org.test.LeadSource" name="leadSourceCreate" time="8.984"/>
  <system-out/>
  <testcase classname="org.test.LeadSource" name="leadSourceCreateList" time="0.267"/>
  <system-out/>
  <testcase classname="org.test.LeadSource" name="activeStatus" time="0.299"/>
  <system-out/>
  <testcase classname="org.test.LeadSource" name="editFormLabel" time="2.651"/>
  <system-out/>
  <testcase classname="org.test.LeadSource" name="editmandatoryValidation" time="0.219"/>
  <system-out/>
  <testcase classname="org.test.LeadSource" name="editmaximumValidationLeadSource" time="3.971"/>
  <system-out/>
  <testcase classname="org.test.LeadSource" name="verifyUpdateButtonExist" time="0.417"/>
  <system-out/>
  <testcase classname="org.test.LeadSource" name="leadSourceUpdate" time="8.080"/>
  <system-out/>
  <testcase classname="org.test.LeadSource" name="alreadyExists" time="1.516"/>
  <system-out/>
  <testcase classname="org.test.LeadSource" name="deleteBusinessUnit" time="18.247"/>
  <system-out/>
  <testcase classname="org.test.LeadSource" name="reflectCreateContactPage" time="20.981"/>
  <system-out/>
  <testcase classname="org.test.LeadSource" name="inactiveLeadSource" time="15.686"/>
  <system-out/>
  <testcase classname="org.test.LeadSource" name="deleteLeadSource" time="5.724"/>
  <system-out/>
</testsuite> <!-- org.test.LeadSource -->
