<?xml version="1.0" encoding="UTF-8"?>
<!-- Generated by org.testng.reporters.JUnitReportReporter -->
<testsuite hostname="DESKTOP-5M7AM2E" failures="0" tests="24" name="org.test.CategoryModule" time="164.864" errors="0" timestamp="2023-05-28T19:37:43 IST" skipped="0">
  <testcase classname="org.test.CategoryModule" name="loginPage" time="20.250"/>
  <system-out/>
  <testcase classname="org.test.CategoryModule" name="settingModule" time="1.477"/>
  <system-out/>
  <testcase classname="org.test.CategoryModule" name="createFormLabel" time="1.376"/>
  <system-out/>
  <testcase classname="org.test.CategoryModule" name="mandatoryValidationCategoryName" time="2.616"/>
  <system-out/>
  <testcase classname="org.test.CategoryModule" name="maximumValidationCategoryName" time="3.903"/>
  <system-out/>
  <testcase classname="org.test.CategoryModule" name="maximumValidationDescription" time="3.472"/>
  <system-out/>
  <testcase classname="org.test.CategoryModule" name="createButton" time="0.091"/>
  <system-out/>
  <testcase classname="org.test.CategoryModule" name="createCategoryProduct" time="8.593"/>
  <system-out/>
  <testcase classname="org.test.CategoryModule" name="createCategoryProductList" time="0.070"/>
  <system-out/>
  <testcase classname="org.test.CategoryModule" name="searchProductName" time="1.764"/>
  <system-out/>
  <testcase classname="org.test.CategoryModule" name="searchInvalid" time="1.378"/>
  <system-out/>
  <testcase classname="org.test.CategoryModule" name="editFormLabel" time="3.102"/>
  <system-out/>
  <testcase classname="org.test.CategoryModule" name="editmandatoryValidationCategoryName" time="0.261"/>
  <system-out/>
  <testcase classname="org.test.CategoryModule" name="editmaximumValidationCategoryName" time="3.787"/>
  <system-out/>
  <testcase classname="org.test.CategoryModule" name="editmaximumValidationDescription" time="3.504"/>
  <system-out/>
  <testcase classname="org.test.CategoryModule" name="updateButton" time="0.126"/>
  <system-out/>
  <testcase classname="org.test.CategoryModule" name="UpdateCategoryProduct" time="8.006"/>
  <system-out/>
  <testcase classname="org.test.CategoryModule" name="deleteProduct" time="18.135"/>
  <system-out/>
  <testcase classname="org.test.CategoryModule" name="reflectCategoryProduct" time="18.711"/>
  <system-out/>
  <testcase classname="org.test.CategoryModule" name="inactiveProductCategory" time="12.508"/>
  <system-out/>
  <testcase classname="org.test.CategoryModule" name="deleteProductCategory" time="13.340"/>
  <system-out/>
  <testcase classname="org.test.CategoryModule" name="reflectCategoryService" time="20.496"/>
  <system-out/>
  <testcase classname="org.test.CategoryModule" name="inactiveProductService" time="13.910"/>
  <system-out/>
  <testcase classname="org.test.CategoryModule" name="deleteProductService" time="3.988"/>
  <system-out/>
</testsuite> <!-- org.test.CategoryModule -->
