<?xml version="1.0" encoding="UTF-8"?>
<!-- Generated by org.testng.reporters.JUnitReportReporter -->
<testsuite hostname="DESKTOP-5M7AM2E" failures="0" tests="11" name="org.test.SubscriptionYearlyPowerHouse" time="56.123" errors="0" timestamp="2023-06-24T16:51:45 IST" skipped="0">
  <testcase classname="org.test.SubscriptionYearlyPowerHouse" name="createTenant" time="39.417"/>
  <system-out/>
  <testcase classname="org.test.SubscriptionYearlyPowerHouse" name="subDomineURL" time="0.065"/>
  <system-out/>
  <testcase classname="org.test.SubscriptionYearlyPowerHouse" name="ownerName" time="0.105"/>
  <system-out/>
  <testcase classname="org.test.SubscriptionYearlyPowerHouse" name="modulepage" time="8.641"/>
  <system-out/>
  <testcase classname="org.test.SubscriptionYearlyPowerHouse" name="confirmPage" time="2.290"/>
  <system-out/>
  <testcase classname="org.test.SubscriptionYearlyPowerHouse" name="proAmount" time="0.054"/>
  <system-out/>
  <testcase classname="org.test.SubscriptionYearlyPowerHouse" name="totalAmount" time="0.053"/>
  <system-out/>
  <testcase classname="org.test.SubscriptionYearlyPowerHouse" name="billingInformation" time="3.532"/>
  <system-out/>
  <testcase classname="org.test.SubscriptionYearlyPowerHouse" name="paymentDetailsPage" time="1.864"/>
  <system-out/>
  <testcase classname="org.test.SubscriptionYearlyPowerHouse" name="billingInformationAmount" time="0.063"/>
  <system-out/>
  <testcase classname="org.test.SubscriptionYearlyPowerHouse" name="paymentDetailsAmount" time="0.039"/>
  <system-out/>
</testsuite> <!-- org.test.SubscriptionYearlyPowerHouse -->
