<?xml version="1.0" encoding="UTF-8"?>
<!-- Generated by org.testng.reporters.JUnitReportReporter -->
<<<<<<< HEAD
<testsuite hostname="DESKTOP-5M7AM2E" failures="0" tests="14" name="org.test.AvailabilityTechnicians" time="201.890" errors="0" timestamp="2023-05-12T12:40:26 IST" skipped="0">
  <testcase classname="org.test.AvailabilityTechnicians" name="loginPage" time="50.162"/>
  <system-out/>
  <testcase classname="org.test.AvailabilityTechnicians" name="userCreate" time="39.344"/>
  <system-out/>
  <testcase classname="org.test.AvailabilityTechnicians" name="contactModule" time="5.477"/>
  <system-out/>
  <testcase classname="org.test.AvailabilityTechnicians" name="CreateContact" time="11.908"/>
  <system-out/>
  <testcase classname="org.test.AvailabilityTechnicians" name="listabelValidation" time="9.035"/>
  <system-out/>
  <testcase classname="org.test.AvailabilityTechnicians" name="createdJob90min" time="19.919"/>
  <system-out/>
  <testcase classname="org.test.AvailabilityTechnicians" name="technicianAvailability1" time="4.382"/>
  <system-out/>
  <testcase classname="org.test.AvailabilityTechnicians" name="technicianAvailability2" time="2.319"/>
  <system-out/>
  <testcase classname="org.test.AvailabilityTechnicians" name="technicianAvailability3" time="2.363"/>
  <system-out/>
  <testcase classname="org.test.AvailabilityTechnicians" name="technicianAvailability4" time="2.309"/>
  <system-out/>
  <testcase classname="org.test.AvailabilityTechnicians" name="technicianAvailability5" time="1.814"/>
  <system-out/>
  <testcase classname="org.test.AvailabilityTechnicians" name="technicianAvailability6" time="16.528"/>
  <system-out/>
  <testcase classname="org.test.AvailabilityTechnicians" name="createdJobTwoDays" time="17.280"/>
  <system-out/>
  <testcase classname="org.test.AvailabilityTechnicians" name="technianAvailabilityMidDate" time="19.050"/>
=======
<testsuite hostname="DESKTOP-5M7AM2E" failures="0" tests="14" name="org.test.AvailabilityTechnicians" time="239.147" errors="0" timestamp="2023-05-14T13:43:06 IST" skipped="0">
  <testcase classname="org.test.AvailabilityTechnicians" name="loginPage" time="18.856"/>
  <system-out/>
  <testcase classname="org.test.AvailabilityTechnicians" name="userCreate" time="58.228"/>
  <system-out/>
  <testcase classname="org.test.AvailabilityTechnicians" name="contactModule" time="10.569"/>
  <system-out/>
  <testcase classname="org.test.AvailabilityTechnicians" name="CreateContact" time="13.285"/>
  <system-out/>
  <testcase classname="org.test.AvailabilityTechnicians" name="listabelValidation" time="14.586"/>
  <system-out/>
  <testcase classname="org.test.AvailabilityTechnicians" name="createdJob90min" time="21.017"/>
  <system-out/>
  <testcase classname="org.test.AvailabilityTechnicians" name="technicianAvailability1" time="7.359"/>
  <system-out/>
  <testcase classname="org.test.AvailabilityTechnicians" name="technicianAvailability2" time="2.288"/>
  <system-out/>
  <testcase classname="org.test.AvailabilityTechnicians" name="technicianAvailability3" time="2.307"/>
  <system-out/>
  <testcase classname="org.test.AvailabilityTechnicians" name="technicianAvailability4" time="2.261"/>
  <system-out/>
  <testcase classname="org.test.AvailabilityTechnicians" name="technicianAvailability5" time="2.229"/>
  <system-out/>
  <testcase classname="org.test.AvailabilityTechnicians" name="technicianAvailability6" time="30.869"/>
  <system-out/>
  <testcase classname="org.test.AvailabilityTechnicians" name="createdJobTwoDays" time="19.922"/>
  <system-out/>
  <testcase classname="org.test.AvailabilityTechnicians" name="technianAvailabilityMidDate" time="35.371"/>
>>>>>>> 8918fb077ada3f9074ba067a7b48b5e725492e12
  <system-out/>
</testsuite> <!-- org.test.AvailabilityTechnicians -->
