<?xml version="1.0" encoding="UTF-8"?>
<!-- Generated by org.testng.reporters.JUnitReportReporter -->
<testsuite hostname="DESKTOP-5M7AM2E" failures="0" tests="7" name="org.test.Login" time="43.786" errors="0" timestamp="2023-05-02T16:00:27 IST" skipped="0">
  <testcase classname="org.test.Login" name="verifyEmptyEmail" time="5.083"/>
  <system-out/>
  <testcase classname="org.test.Login" name="verifyEmptyPassword" time="3.304"/>
  <system-out/>
  <testcase classname="org.test.Login" name="verifyIncorrectMail" time="2.693"/>
  <system-out/>
  <testcase classname="org.test.Login" name="verifyIncorrectPassword" time="2.637"/>
  <system-out/>
  <testcase classname="org.test.Login" name="verifyInvalidEmail" time="2.116"/>
  <system-out/>
  <testcase classname="org.test.Login" name="verifyInvalidCredentials" time="2.224"/>
  <system-out/>
  <testcase classname="org.test.Login" name="verify" time="25.729"/>
  <system-out/>
</testsuite> <!-- org.test.Login -->
