<?xml version="1.0" encoding="UTF-8"?>
<!-- Generated by org.testng.reporters.JUnitReportReporter -->
<testsuite hostname="DESKTOP-5M7AM2E" failures="0" tests="26" name="org.test.GlobalContactRequest" time="161.470" errors="0" timestamp="2023-01-17T20:28:19 IST" skipped="0">
  <testcase classname="org.test.GlobalContactRequest" name="loginPage" time="26.462"/>
  <system-out/>
  <testcase classname="org.test.GlobalContactRequest" name="requestModule" time="8.765"/>
  <system-out/>
  <testcase classname="org.test.GlobalContactRequest" name="contactMandatoryValidation" time="6.418"/>
  <system-out/>
  <testcase classname="org.test.GlobalContactRequest" name="autoCompleteContactCreation" time="6.776"/>
  <system-out/>
  <testcase classname="org.test.GlobalContactRequest" name="maximumValidationTittle" time="7.279"/>
  <system-out/>
  <testcase classname="org.test.GlobalContactRequest" name="mandatoryValidationDescription" time="0.210"/>
  <system-out/>
  <testcase classname="org.test.GlobalContactRequest" name="maximumValidationDescription" time="7.258"/>
  <system-out/>
  <testcase classname="org.test.GlobalContactRequest" name="maximumTagValidation" time="1.266"/>
  <system-out/>
  <testcase classname="org.test.GlobalContactRequest" name="duplicateTagsValidation" time="0.513"/>
  <system-out/>
  <testcase classname="org.test.GlobalContactRequest" name="maxTagLimitValidation" time="10.280"/>
  <system-out/>
  <testcase classname="org.test.GlobalContactRequest" name="maximumValidationNotes" time="7.685"/>
  <system-out/>
  <testcase classname="org.test.GlobalContactRequest" name="unsssignedRequest" time="13.730"/>
  <system-out/>
  <testcase classname="org.test.GlobalContactRequest" name="createRequest_FromDateandTime_ToDateandTime" time="31.629"/>
  <system-out/>
  <testcase classname="org.test.GlobalContactRequest" name="requestScheduleStatus" time="2.199"/>
  <system-out/>
  <testcase classname="org.test.GlobalContactRequest" name="dispatchedRequest" time="4.312"/>
  <system-out/>
  <testcase classname="org.test.GlobalContactRequest" name="requestDispatchedStatus" time="0.075"/>
  <system-out/>
  <testcase classname="org.test.GlobalContactRequest" name="startedRequest" time="4.277"/>
  <system-out/>
  <testcase classname="org.test.GlobalContactRequest" name="requestStartedStatus" time="0.110"/>
  <system-out/>
  <testcase classname="org.test.GlobalContactRequest" name="completedRequest" time="4.059"/>
  <system-out/>
  <testcase classname="org.test.GlobalContactRequest" name="cancelledRequest" time="3.632"/>
  <system-out/>
  <testcase classname="org.test.GlobalContactRequest" name="requestCancelledStatus" time="0.087"/>
  <system-out/>
  <testcase classname="org.test.GlobalContactRequest" name="searchCustomerName" time="2.061"/>
  <system-out/>
  <testcase classname="org.test.GlobalContactRequest" name="searchRequestNo" time="3.126"/>
  <system-out/>
  <testcase classname="org.test.GlobalContactRequest" name="searchLocation" time="3.283"/>
  <system-out/>
  <testcase classname="org.test.GlobalContactRequest" name="searchFilterByDate" time="4.231"/>
  <system-out/>
  <testcase classname="org.test.GlobalContactRequest" name="searchInvalid" time="1.747"/>
  <system-out/>
</testsuite> <!-- org.test.GlobalContactRequest -->
