<?xml version="1.0" encoding="UTF-8"?>
<!-- Generated by org.testng.reporters.JUnitReportReporter -->
<testsuite hostname="DESKTOP-5M7AM2E" failures="0" tests="52" name="org.test.BulkImportContact" time="832.327" errors="0" timestamp="2023-03-24T18:57:44 IST" skipped="0">
  <testcase classname="org.test.BulkImportContact" name="verify" time="14.827"/>
  <system-out/>
  <testcase classname="org.test.BulkImportContact" name="createLabel" time="6.481"/>
  <system-out/>
  <testcase classname="org.test.BulkImportContact" name="createContract" time="9.741"/>
  <system-out/>
  <testcase classname="org.test.BulkImportContact" name="createContract" time="10.189"/>
  <system-out/>
  <testcase classname="org.test.BulkImportContact" name="createContract" time="9.544"/>
  <system-out/>
  <testcase classname="org.test.BulkImportContact" name="createContract" time="41.026"/>
  <system-out/>
  <testcase classname="org.test.BulkImportContact" name="createContract" time="9.239"/>
  <system-out/>
  <testcase classname="org.test.BulkImportContact" name="createContract" time="14.016"/>
  <system-out/>
  <testcase classname="org.test.BulkImportContact" name="createContract" time="10.034"/>
  <system-out/>
  <testcase classname="org.test.BulkImportContact" name="createContract" time="28.270"/>
  <system-out/>
  <testcase classname="org.test.BulkImportContact" name="createContract" time="27.390"/>
  <system-out/>
  <testcase classname="org.test.BulkImportContact" name="createContract" time="10.990"/>
  <system-out/>
  <testcase classname="org.test.BulkImportContact" name="createContract" time="9.360"/>
  <system-out/>
  <testcase classname="org.test.BulkImportContact" name="createContract" time="9.513"/>
  <system-out/>
  <testcase classname="org.test.BulkImportContact" name="createContract" time="9.500"/>
  <system-out/>
  <testcase classname="org.test.BulkImportContact" name="createContract" time="9.693"/>
  <system-out/>
  <testcase classname="org.test.BulkImportContact" name="createContract" time="9.505"/>
  <system-out/>
  <testcase classname="org.test.BulkImportContact" name="createContract" time="10.000"/>
  <system-out/>
  <testcase classname="org.test.BulkImportContact" name="createContract" time="27.228"/>
  <system-out/>
  <testcase classname="org.test.BulkImportContact" name="createContract" time="26.507"/>
  <system-out/>
  <testcase classname="org.test.BulkImportContact" name="createContract" time="40.677"/>
  <system-out/>
  <testcase classname="org.test.BulkImportContact" name="createContract" time="11.195"/>
  <system-out/>
  <testcase classname="org.test.BulkImportContact" name="createContract" time="25.266"/>
  <system-out/>
  <testcase classname="org.test.BulkImportContact" name="createContract" time="9.383"/>
  <system-out/>
  <testcase classname="org.test.BulkImportContact" name="createContract" time="9.743"/>
  <system-out/>
  <testcase classname="org.test.BulkImportContact" name="createContract" time="9.451"/>
  <system-out/>
  <testcase classname="org.test.BulkImportContact" name="createContract" time="9.382"/>
  <system-out/>
  <testcase classname="org.test.BulkImportContact" name="createContract" time="9.689"/>
  <system-out/>
  <testcase classname="org.test.BulkImportContact" name="createContract" time="9.601"/>
  <system-out/>
  <testcase classname="org.test.BulkImportContact" name="createContract" time="28.067"/>
  <system-out/>
  <testcase classname="org.test.BulkImportContact" name="createContract" time="9.528"/>
  <system-out/>
  <testcase classname="org.test.BulkImportContact" name="createContract" time="9.573"/>
  <system-out/>
  <testcase classname="org.test.BulkImportContact" name="createContract" time="9.641"/>
  <system-out/>
  <testcase classname="org.test.BulkImportContact" name="createContract" time="9.235"/>
  <system-out/>
  <testcase classname="org.test.BulkImportContact" name="createContract" time="9.445"/>
  <system-out/>
  <testcase classname="org.test.BulkImportContact" name="createContract" time="26.665"/>
  <system-out/>
  <testcase classname="org.test.BulkImportContact" name="createContract" time="11.242"/>
  <system-out/>
  <testcase classname="org.test.BulkImportContact" name="createContract" time="26.197"/>
  <system-out/>
  <testcase classname="org.test.BulkImportContact" name="createContract" time="9.644"/>
  <system-out/>
  <testcase classname="org.test.BulkImportContact" name="createContract" time="9.892"/>
  <system-out/>
  <testcase classname="org.test.BulkImportContact" name="createContract" time="28.093"/>
  <system-out/>
  <testcase classname="org.test.BulkImportContact" name="createContract" time="9.733"/>
  <system-out/>
  <testcase classname="org.test.BulkImportContact" name="createContract" time="41.580"/>
  <system-out/>
  <testcase classname="org.test.BulkImportContact" name="createContract" time="27.237"/>
  <system-out/>
  <testcase classname="org.test.BulkImportContact" name="createContract" time="10.981"/>
  <system-out/>
  <testcase classname="org.test.BulkImportContact" name="createContract" time="41.051"/>
  <system-out/>
  <testcase classname="org.test.BulkImportContact" name="createContract" time="27.997"/>
  <system-out/>
  <testcase classname="org.test.BulkImportContact" name="createContract" time="9.481"/>
  <system-out/>
  <testcase classname="org.test.BulkImportContact" name="createContract" time="10.011"/>
  <system-out/>
  <testcase classname="org.test.BulkImportContact" name="createContract" time="9.594"/>
  <system-out/>
  <testcase classname="org.test.BulkImportContact" name="createContract" time="9.927"/>
  <system-out/>
  <testcase classname="org.test.BulkImportContact" name="createContract" time="10.073"/>
  <system-out/>
</testsuite> <!-- org.test.BulkImportContact -->
