<?xml version="1.0" encoding="UTF-8"?>
<!-- Generated by org.testng.reporters.JUnitReportReporter -->
<testsuite hostname="DESKTOP-5M7AM2E" failures="0" tests="5" name="org.enhancement.LeadSource" time="57.189" errors="0" timestamp="2023-05-22T20:03:10 IST" skipped="0">
  <testcase classname="org.enhancement.LeadSource" name="loginPage" time="45.707"/>
  <system-out/>
  <testcase classname="org.enhancement.LeadSource" name="settingModule" time="1.837"/>
  <system-out/>
  <testcase classname="org.enhancement.LeadSource" name="leadSourceLabel" time="0.198"/>
  <system-out/>
  <testcase classname="org.enhancement.LeadSource" name="createFormLabel" time="1.445"/>
  <system-out/>
  <testcase classname="org.enhancement.LeadSource" name="leadSourceCreate" time="8.002"/>
  <system-out/>
</testsuite> <!-- org.enhancement.LeadSource -->
