<?xml version="1.0" encoding="UTF-8"?>
<!-- Generated by org.testng.reporters.JUnitReportReporter -->
<testsuite hostname="DESKTOP-5M7AM2E" failures="0" tests="24" name="org.test.CategoryModule" time="181.692" errors="0" timestamp="2023-06-24T16:51:45 IST" skipped="0">
  <testcase classname="org.test.CategoryModule" name="loginPage" time="20.915"/>
  <system-out/>
  <testcase classname="org.test.CategoryModule" name="settingModule" time="1.541"/>
  <system-out/>
  <testcase classname="org.test.CategoryModule" name="createFormLabel" time="1.431"/>
  <system-out/>
  <testcase classname="org.test.CategoryModule" name="mandatoryValidationCategoryName" time="2.630"/>
  <system-out/>
  <testcase classname="org.test.CategoryModule" name="maximumValidationCategoryName" time="5.378"/>
  <system-out/>
  <testcase classname="org.test.CategoryModule" name="maximumValidationDescription" time="6.765"/>
  <system-out/>
  <testcase classname="org.test.CategoryModule" name="createButton" time="0.091"/>
  <system-out/>
  <testcase classname="org.test.CategoryModule" name="createCategoryProduct" time="8.875"/>
  <system-out/>
  <testcase classname="org.test.CategoryModule" name="createCategoryProductList" time="0.094"/>
  <system-out/>
  <testcase classname="org.test.CategoryModule" name="searchProductName" time="2.467"/>
  <system-out/>
  <testcase classname="org.test.CategoryModule" name="searchInvalid" time="1.431"/>
  <system-out/>
  <testcase classname="org.test.CategoryModule" name="editFormLabel" time="3.217"/>
  <system-out/>
  <testcase classname="org.test.CategoryModule" name="editmandatoryValidationCategoryName" time="0.292"/>
  <system-out/>
  <testcase classname="org.test.CategoryModule" name="editmaximumValidationCategoryName" time="7.534"/>
  <system-out/>
  <testcase classname="org.test.CategoryModule" name="editmaximumValidationDescription" time="6.791"/>
  <system-out/>
  <testcase classname="org.test.CategoryModule" name="updateButton" time="0.112"/>
  <system-out/>
  <testcase classname="org.test.CategoryModule" name="UpdateCategoryProduct" time="8.293"/>
  <system-out/>
  <testcase classname="org.test.CategoryModule" name="deleteProduct" time="18.408"/>
  <system-out/>
  <testcase classname="org.test.CategoryModule" name="reflectCategoryProduct" time="18.564"/>
  <system-out/>
  <testcase classname="org.test.CategoryModule" name="inactiveProductCategory" time="11.246"/>
  <system-out/>
  <testcase classname="org.test.CategoryModule" name="deleteProductCategory" time="17.324"/>
  <system-out/>
  <testcase classname="org.test.CategoryModule" name="reflectCategoryService" time="20.430"/>
  <system-out/>
  <testcase classname="org.test.CategoryModule" name="inactiveProductService" time="13.625"/>
  <system-out/>
  <testcase classname="org.test.CategoryModule" name="deleteProductService" time="4.238"/>
  <system-out/>
</testsuite> <!-- org.test.CategoryModule -->
