<?xml version="1.0" encoding="UTF-8"?>
<!-- Generated by org.testng.reporters.JUnitReportReporter -->
<testsuite hostname="DESKTOP-5M7AM2E" failures="0" tests="7" name="org.test.Login" time="41.039" errors="0" timestamp="2023-04-06T12:58:06 IST" skipped="0">
  <testcase classname="org.test.Login" name="verifyEmptyEmail" time="7.483"/>
  <system-out/>
  <testcase classname="org.test.Login" name="verifyEmptyPassword" time="3.434"/>
  <system-out/>
  <testcase classname="org.test.Login" name="verifyIncorrectMail" time="2.092"/>
  <system-out/>
  <testcase classname="org.test.Login" name="verifyIncorrectPassword" time="3.224"/>
  <system-out/>
  <testcase classname="org.test.Login" name="verifyInvalidEmail" time="2.208"/>
  <system-out/>
  <testcase classname="org.test.Login" name="verifyInvalidCredentials" time="1.680"/>
  <system-out/>
  <testcase classname="org.test.Login" name="verify" time="20.918"/>
  <system-out/>
</testsuite> <!-- org.test.Login -->
