<?xml version="1.0" encoding="UTF-8"?>
<!-- Generated by org.testng.reporters.JUnitReportReporter -->
<testsuite hostname="DESKTOP-5M7AM2E" failures="0" tests="13" name="org.test.TeamSendInvite" time="44.684" errors="0" timestamp="2023-04-15T19:23:14 IST" skipped="0">
  <testcase classname="org.test.TeamSendInvite" name="verify" time="20.155"/>
  <system-out/>
  <testcase classname="org.test.TeamSendInvite" name="TeamUserPage" time="7.977"/>
  <system-out/>
  <testcase classname="org.test.TeamSendInvite" name="landingOnSendInviteForm" time="0.579"/>
  <system-out/>
  <testcase classname="org.test.TeamSendInvite" name="mandatoryValidationFirstNameField" time="0.245"/>
  <system-out/>
  <testcase classname="org.test.TeamSendInvite" name="mandatoryValidationTypeField" time="0.068"/>
  <system-out/>
  <testcase classname="org.test.TeamSendInvite" name="mandatoryValidationEmailField" time="0.073"/>
  <system-out/>
  <testcase classname="org.test.TeamSendInvite" name="maxValidationFirstNameField" time="0.637"/>
  <system-out/>
  <testcase classname="org.test.TeamSendInvite" name="maxValidationLastNameField" time="0.656"/>
  <system-out/>
  <testcase classname="org.test.TeamSendInvite" name="maxValidationEmailFields" time="0.616"/>
  <system-out/>
  <testcase classname="org.test.TeamSendInvite" name="invalidEmailValidation" time="0.740"/>
  <system-out/>
  <testcase classname="org.test.TeamSendInvite" name="maxValidationMessage" time="4.204"/>
  <system-out/>
  <testcase classname="org.test.TeamSendInvite" name="verifySaveButtonExist" time="0.208"/>
  <system-out/>
  <testcase classname="org.test.TeamSendInvite" name="userSendInvite" time="8.526"/>
  <system-out/>
</testsuite> <!-- org.test.TeamSendInvite -->
