<?xml version="1.0" encoding="UTF-8"?>
<!-- Generated by org.testng.reporters.JUnitReportReporter -->
<testsuite hostname="DESKTOP-5M7AM2E" failures="0" tests="30" name="org.test.CustomerContactJob" time="200.164" errors="0" timestamp="2023-01-26T17:38:53 IST" skipped="0">
  <testcase classname="org.test.CustomerContactJob" name="loginPage" time="34.184"/>
  <system-out/>
  <testcase classname="org.test.CustomerContactJob" name="contactModule" time="17.171"/>
  <system-out/>
  <testcase classname="org.test.CustomerContactJob" name="CreateContact" time="14.849"/>
  <system-out/>
  <testcase classname="org.test.CustomerContactJob" name="namePrepopulation" time="1.765"/>
  <system-out/>
  <testcase classname="org.test.CustomerContactJob" name="labelValidation" time="7.459"/>
  <system-out/>
  <testcase classname="org.test.CustomerContactJob" name="maximumValidationTittle" time="1.432"/>
  <system-out/>
  <testcase classname="org.test.CustomerContactJob" name="mandatoryValidationDescription" time="0.214"/>
  <system-out/>
  <testcase classname="org.test.CustomerContactJob" name="maximumValidationDescription" time="7.296"/>
  <system-out/>
  <testcase classname="org.test.CustomerContactJob" name="maximumTagValidation" time="1.102"/>
  <system-out/>
  <testcase classname="org.test.CustomerContactJob" name="duplicateTagsValidation" time="0.489"/>
  <system-out/>
  <testcase classname="org.test.CustomerContactJob" name="maxTagLimitValidation" time="10.749"/>
  <system-out/>
  <testcase classname="org.test.CustomerContactJob" name="maximumValidationNotes" time="7.303"/>
  <system-out/>
  <testcase classname="org.test.CustomerContactJob" name="unsssignedJob" time="13.680"/>
  <system-out/>
  <testcase classname="org.test.CustomerContactJob" name="jobUnassignedStatus" time="1.694"/>
  <system-out/>
  <testcase classname="org.test.CustomerContactJob" name="editJobwithFromDateFromTime" time="17.857"/>
  <system-out/>
  <testcase classname="org.test.CustomerContactJob" name="createJob_FromDateandTime_ToDateandTime" time="19.339"/>
  <system-out/>
  <testcase classname="org.test.CustomerContactJob" name="jobScheduleStatus" time="1.670"/>
  <system-out/>
  <testcase classname="org.test.CustomerContactJob" name="dispatchedJob" time="3.684"/>
  <system-out/>
  <testcase classname="org.test.CustomerContactJob" name="jobDispatchedStatus" time="0.621"/>
  <system-out/>
  <testcase classname="org.test.CustomerContactJob" name="startedJob" time="3.597"/>
  <system-out/>
  <testcase classname="org.test.CustomerContactJob" name="jobStartedStatus" time="0.070"/>
  <system-out/>
  <testcase classname="org.test.CustomerContactJob" name="completedJob" time="4.212"/>
  <system-out/>
  <testcase classname="org.test.CustomerContactJob" name="cancelledJob" time="3.788"/>
  <system-out/>
  <testcase classname="org.test.CustomerContactJob" name="jobCancelledStatus" time="0.620"/>
  <system-out/>
  <testcase classname="org.test.CustomerContactJob" name="jobDraftStatus" time="9.008"/>
  <system-out/>
  <testcase classname="org.test.CustomerContactJob" name="deletedJob" time="1.563"/>
  <system-out/>
  <testcase classname="org.test.CustomerContactJob" name="searchJobNo" time="3.702"/>
  <system-out/>
  <testcase classname="org.test.CustomerContactJob" name="searchLocation" time="4.182"/>
  <system-out/>
  <testcase classname="org.test.CustomerContactJob" name="searchFilterByDate" time="4.984"/>
  <system-out/>
  <testcase classname="org.test.CustomerContactJob" name="searchInvalid" time="1.880"/>
  <system-out/>
</testsuite> <!-- org.test.CustomerContactJob -->
