<?xml version="1.0" encoding="UTF-8"?>
<!-- Generated by org.testng.reporters.JUnitReportReporter -->
<testsuite hostname="DESKTOP-5M7AM2E" failures="0" tests="8" name="org.enhancement.GlobalOrganizationJob" time="302.316" errors="0" timestamp="2023-06-04T11:22:12 IST" skipped="0">
  <testcase classname="org.enhancement.GlobalOrganizationJob" name="loginPage" time="20.986"/>
  <system-out/>
  <testcase classname="org.enhancement.GlobalOrganizationJob" name="jobModule" time="1.041"/>
  <system-out/>
  <testcase classname="org.enhancement.GlobalOrganizationJob" name="labelValidation" time="2.355"/>
  <system-out/>
  <testcase classname="org.enhancement.GlobalOrganizationJob" name="createJob_FromDateandTime_ToDateandTime" time="57.664"/>
  <system-out/>
  <testcase classname="org.enhancement.GlobalOrganizationJob" name="createJob_FromDateandTime_ToDateandTime" time="57.529"/>
  <system-out/>
  <testcase classname="org.enhancement.GlobalOrganizationJob" name="createJob_FromDateandTime_ToDateandTime" time="48.613"/>
  <system-out/>
  <testcase classname="org.enhancement.GlobalOrganizationJob" name="createJob_FromDateandTime_ToDateandTime" time="59.982"/>
  <system-out/>
  <testcase classname="org.enhancement.GlobalOrganizationJob" name="createJob_FromDateandTime_ToDateandTime" time="54.146"/>
  <system-out/>
</testsuite> <!-- org.enhancement.GlobalOrganizationJob -->
