<?xml version="1.0" encoding="UTF-8"?>
<!-- Generated by org.testng.reporters.JUnitReportReporter -->
<testsuite hostname="DESKTOP-5M7AM2E" failures="0" tests="11" name="org.test.SubscriptionYearlyPowerHouse" time="61.192" errors="0" timestamp="2023-06-23T15:22:45 IST" skipped="0">
  <testcase classname="org.test.SubscriptionYearlyPowerHouse" name="createTenant" time="47.060"/>
  <system-out/>
  <testcase classname="org.test.SubscriptionYearlyPowerHouse" name="subDomineURL" time="0.047"/>
  <system-out/>
  <testcase classname="org.test.SubscriptionYearlyPowerHouse" name="ownerName" time="0.092"/>
  <system-out/>
  <testcase classname="org.test.SubscriptionYearlyPowerHouse" name="modulepage" time="6.590"/>
  <system-out/>
  <testcase classname="org.test.SubscriptionYearlyPowerHouse" name="confirmPage" time="1.801"/>
  <system-out/>
  <testcase classname="org.test.SubscriptionYearlyPowerHouse" name="proAmount" time="0.072"/>
  <system-out/>
  <testcase classname="org.test.SubscriptionYearlyPowerHouse" name="totalAmount" time="0.061"/>
  <system-out/>
  <testcase classname="org.test.SubscriptionYearlyPowerHouse" name="billingInformation" time="3.502"/>
  <system-out/>
  <testcase classname="org.test.SubscriptionYearlyPowerHouse" name="billingInformationAmount" time="0.059"/>
  <system-out/>
  <testcase classname="org.test.SubscriptionYearlyPowerHouse" name="paymentDetailsPage" time="1.852"/>
  <system-out/>
  <testcase classname="org.test.SubscriptionYearlyPowerHouse" name="paymentDetailsAmount" time="0.056"/>
  <system-out/>
</testsuite> <!-- org.test.SubscriptionYearlyPowerHouse -->
