<?xml version="1.0" encoding="UTF-8"?>
<!-- Generated by org.testng.reporters.JUnitReportReporter -->
<testsuite hostname="DESKTOP-5M7AM2E" failures="0" tests="7" name="org.test.Login" time="32.766" errors="0" timestamp="2023-01-05T13:40:12 IST" skipped="0">
  <testcase classname="org.test.Login" name="verifyEmptyEmail" time="5.248"/>
  <system-out/>
  <testcase classname="org.test.Login" name="verifyEmptyPassword" time="2.953"/>
  <system-out/>
  <testcase classname="org.test.Login" name="verifyIncorrectMail" time="2.445"/>
  <system-out/>
  <testcase classname="org.test.Login" name="verifyIncorrectPassword" time="2.387"/>
  <system-out/>
  <testcase classname="org.test.Login" name="verifyInvalidEmail" time="2.708"/>
  <system-out/>
  <testcase classname="org.test.Login" name="verifyInvalidCredentials" time="1.909"/>
  <system-out/>
  <testcase classname="org.test.Login" name="verify" time="15.116"/>
  <system-out/>
</testsuite> <!-- org.test.Login -->
