<?xml version="1.0" encoding="UTF-8"?>
<!-- Generated by org.testng.reporters.JUnitReportReporter -->
<<<<<<< HEAD
<testsuite hostname="DESKTOP-5M7AM2E" failures="0" tests="5" name="org.enhancement.BusinessUnit" time="54.189" errors="0" timestamp="2023-05-22T20:03:10 IST" skipped="0">
  <testcase classname="org.enhancement.BusinessUnit" name="loginPage" time="40.934"/>
  <system-out/>
  <testcase classname="org.enhancement.BusinessUnit" name="settingModule" time="2.930"/>
  <system-out/>
  <testcase classname="org.enhancement.BusinessUnit" name="businessUnitLabel" time="0.184"/>
  <system-out/>
  <testcase classname="org.enhancement.BusinessUnit" name="createFormLabel" time="1.422"/>
  <system-out/>
  <testcase classname="org.enhancement.BusinessUnit" name="businessCreate" time="8.719"/>
=======
<testsuite hostname="DESKTOP-5M7AM2E" failures="0" tests="5" name="org.enhancement.BusinessUnit" time="38.281" errors="0" timestamp="2023-05-25T11:49:57 IST" skipped="0">
  <testcase classname="org.enhancement.BusinessUnit" name="loginPage" time="26.381"/>
  <system-out/>
  <testcase classname="org.enhancement.BusinessUnit" name="settingModule" time="2.216"/>
  <system-out/>
  <testcase classname="org.enhancement.BusinessUnit" name="businessUnitLabel" time="0.136"/>
  <system-out/>
  <testcase classname="org.enhancement.BusinessUnit" name="createFormLabel" time="1.243"/>
  <system-out/>
  <testcase classname="org.enhancement.BusinessUnit" name="businessCreate" time="8.305"/>
>>>>>>> c5699b793ecef34ca60eb49f33139d209ba1ec97
  <system-out/>
</testsuite> <!-- org.enhancement.BusinessUnit -->
