<?xml version="1.0" encoding="UTF-8"?>
<!-- Generated by org.testng.reporters.JUnitReportReporter -->
<testsuite hostname="DESKTOP-5M7AM2E" failures="0" tests="5" name="org.enhancement.CustomerContactInvoice" time="96.734" errors="0" timestamp="2023-05-22T20:03:10 IST" skipped="0">
  <testcase classname="org.enhancement.CustomerContactInvoice" name="loginPage" time="46.204"/>
  <system-out/>
  <testcase classname="org.enhancement.CustomerContactInvoice" name="contactModule" time="6.239"/>
  <system-out/>
  <testcase classname="org.enhancement.CustomerContactInvoice" name="CreateContact" time="20.671"/>
  <system-out/>
  <testcase classname="org.enhancement.CustomerContactInvoice" name="labelValidation" time="7.235"/>
  <system-out/>
  <testcase classname="org.enhancement.CustomerContactInvoice" name="createInvoice" time="16.385"/>
  <system-out/>
</testsuite> <!-- org.enhancement.CustomerContactInvoice -->
