<?xml version="1.0" encoding="UTF-8"?>
<!-- Generated by org.testng.reporters.JUnitReportReporter -->
<testsuite hostname="DESKTOP-5M7AM2E" failures="0" tests="11" name="org.test.SubscriptionYearlyTeamPack" time="63.430" errors="0" timestamp="2023-06-23T15:22:45 IST" skipped="0">
  <testcase classname="org.test.SubscriptionYearlyTeamPack" name="createTenant" time="45.877"/>
  <system-out/>
  <testcase classname="org.test.SubscriptionYearlyTeamPack" name="subDomineURL" time="0.061"/>
  <system-out/>
  <testcase classname="org.test.SubscriptionYearlyTeamPack" name="ownerName" time="0.653"/>
  <system-out/>
  <testcase classname="org.test.SubscriptionYearlyTeamPack" name="modulepage" time="7.324"/>
  <system-out/>
  <testcase classname="org.test.SubscriptionYearlyTeamPack" name="confirmPage" time="2.079"/>
  <system-out/>
  <testcase classname="org.test.SubscriptionYearlyTeamPack" name="proAmount" time="0.196"/>
  <system-out/>
  <testcase classname="org.test.SubscriptionYearlyTeamPack" name="totalAmount" time="0.183"/>
  <system-out/>
  <testcase classname="org.test.SubscriptionYearlyTeamPack" name="billingInformation" time="4.166"/>
  <system-out/>
  <testcase classname="org.test.SubscriptionYearlyTeamPack" name="billingInformationAmount" time="0.268"/>
  <system-out/>
  <testcase classname="org.test.SubscriptionYearlyTeamPack" name="paymentDetailsPage" time="2.419"/>
  <system-out/>
  <testcase classname="org.test.SubscriptionYearlyTeamPack" name="paymentDetailsAmount" time="0.204"/>
  <system-out/>
</testsuite> <!-- org.test.SubscriptionYearlyTeamPack -->
