<?xml version="1.0" encoding="UTF-8"?>
<!-- Generated by org.testng.reporters.JUnitReportReporter -->
<testsuite hostname="DESKTOP-5M7AM2E" failures="0" tests="38" name="org.test.ServiceModule" time="178.090" errors="0" timestamp="2023-04-19T13:46:56 IST" skipped="4">
  <testcase classname="org.test.ServiceModule" name="loginPage" time="35.904"/>
  <system-out/>
  <testcase classname="org.test.ServiceModule" name="settingModule" time="3.469"/>
  <system-out/>
  <testcase classname="org.test.ServiceModule" name="createFormLabel" time="1.774"/>
  <system-out/>
  <testcase classname="org.test.ServiceModule" name="mandatoryValidationServiceName" time="0.400"/>
  <system-out/>
  <testcase classname="org.test.ServiceModule" name="mandatoryValidationDescription" time="0.136"/>
  <system-out/>
  <testcase classname="org.test.ServiceModule" name="mandatoryValidationPrice" time="0.142"/>
  <system-out/>
  <testcase classname="org.test.ServiceModule" name="mandatoryValidationTaxName" time="0.966"/>
  <system-out/>
  <testcase classname="org.test.ServiceModule" name="mandatoryValidationTaxPercentage" time="0.109"/>
  <system-out/>
  <testcase classname="org.test.ServiceModule" name="maximumValidationServiceName" time="5.330"/>
  <system-out/>
  <testcase classname="org.test.ServiceModule" name="maximumValidationDescription" time="3.426"/>
  <system-out/>
  <testcase classname="org.test.ServiceModule" name="maximumValidationPrice" time="0.207"/>
  <system-out/>
  <testcase classname="org.test.ServiceModule" name="beforeDecimalPointPriceField" time="0.224"/>
  <system-out/>
  <testcase classname="org.test.ServiceModule" name="afterDecimalPointPriceField" time="0.181"/>
  <system-out/>
  <testcase classname="org.test.ServiceModule" name="beforeDecimalPointTaxPercentageField" time="0.473"/>
  <system-out/>
  <testcase classname="org.test.ServiceModule" name="afterDecimalPointTaxPercentageField" time="0.325"/>
  <system-out/>
  <testcase classname="org.test.ServiceModule" name="createButton" time="0.185"/>
  <system-out/>
  <testcase classname="org.test.ServiceModule" name="createProduct" time="8.782"/>
  <system-out/>
  <testcase classname="org.test.ServiceModule" name="editFormLabel" time="5.777"/>
  <system-out/>
  <testcase classname="org.test.ServiceModule" name="editmandatoryValidationServiceName" time="0.311"/>
  <system-out/>
  <testcase classname="org.test.ServiceModule" name="editmandatoryValidationDescription" time="0.110"/>
  <system-out/>
  <testcase classname="org.test.ServiceModule" name="editmandatoryValidationPrice" time="0.105"/>
  <system-out/>
  <testcase classname="org.test.ServiceModule" name="editmandatoryValidationTaxName" time="0.015">
    <skipped/>
  </testcase> <!-- editmandatoryValidationTaxName -->
  <system-out/>
  <testcase classname="org.test.ServiceModule" name="editmandatoryValidationTaxPercentage" time="0.017">
    <skipped/>
  </testcase> <!-- editmandatoryValidationTaxPercentage -->
  <system-out/>
  <testcase classname="org.test.ServiceModule" name="editmaximumValidationProductName" time="5.421"/>
  <system-out/>
  <testcase classname="org.test.ServiceModule" name="editmaximumValidationDescription" time="4.101"/>
  <system-out/>
  <testcase classname="org.test.ServiceModule" name="editmaximumValidationPrice" time="0.228"/>
  <system-out/>
  <testcase classname="org.test.ServiceModule" name="editbeforeDecimalPointPriceField" time="0.171"/>
  <system-out/>
  <testcase classname="org.test.ServiceModule" name="editafterDecimalPointPriceField" time="0.189"/>
  <system-out/>
  <testcase classname="org.test.ServiceModule" name="editbeforeDecimalPointTaxPercentageField" time="0.054">
    <skipped/>
  </testcase> <!-- editbeforeDecimalPointTaxPercentageField -->
  <system-out/>
  <testcase classname="org.test.ServiceModule" name="editafterDecimalPointTaxPercentageField" time="0.014">
    <skipped/>
  </testcase> <!-- editafterDecimalPointTaxPercentageField -->
  <system-out/>
  <testcase classname="org.test.ServiceModule" name="updateButton" time="0.166"/>
  <system-out/>
  <testcase classname="org.test.ServiceModule" name="updateProduct" time="8.444"/>
  <system-out/>
  <testcase classname="org.test.ServiceModule" name="searchServiceName" time="2.015"/>
  <system-out/>
  <testcase classname="org.test.ServiceModule" name="searchInvalid" time="1.471"/>
  <system-out/>
  <testcase classname="org.test.ServiceModule" name="deletedService" time="17.518"/>
  <system-out/>
  <testcase classname="org.test.ServiceModule" name="reflectQuotePage" time="37.347"/>
  <system-out/>
  <testcase classname="org.test.ServiceModule" name="inactiveProduct" time="21.928"/>
  <system-out/>
  <testcase classname="org.test.ServiceModule" name="deleteProduct" time="10.655"/>
  <system-out/>
</testsuite> <!-- org.test.ServiceModule -->
