<?xml version="1.0" encoding="UTF-8"?>
<!-- Generated by org.testng.reporters.JUnitReportReporter -->
<<<<<<< HEAD
<testsuite hostname="DESKTOP-5M7AM2E" failures="0" tests="6" name="org.enhancement.CustomerOrganizationRequest" time="90.512" errors="0" timestamp="2023-05-22T20:03:10 IST" skipped="0">
  <testcase classname="org.enhancement.CustomerOrganizationRequest" name="loginPage" time="41.561"/>
  <system-out/>
  <testcase classname="org.enhancement.CustomerOrganizationRequest" name="organizationModule" time="4.297"/>
  <system-out/>
  <testcase classname="org.enhancement.CustomerOrganizationRequest" name="createOrganization" time="20.434"/>
  <system-out/>
  <testcase classname="org.enhancement.CustomerOrganizationRequest" name="listabelValidation" time="7.415"/>
  <system-out/>
  <testcase classname="org.enhancement.CustomerOrganizationRequest" name="labelValidation" time="0.897"/>
  <system-out/>
  <testcase classname="org.enhancement.CustomerOrganizationRequest" name="createRequest_FromDateandTime_ToDateandTime" time="15.908"/>
=======
<testsuite hostname="DESKTOP-5M7AM2E" failures="0" tests="6" name="org.enhancement.CustomerOrganizationRequest" time="90.865" errors="0" timestamp="2023-05-25T11:49:57 IST" skipped="0">
  <testcase classname="org.enhancement.CustomerOrganizationRequest" name="loginPage" time="28.254"/>
  <system-out/>
  <testcase classname="org.enhancement.CustomerOrganizationRequest" name="organizationModule" time="7.290"/>
  <system-out/>
  <testcase classname="org.enhancement.CustomerOrganizationRequest" name="listabelValidation" time="9.022"/>
  <system-out/>
  <testcase classname="org.enhancement.CustomerOrganizationRequest" name="createOrganization" time="26.765"/>
  <system-out/>
  <testcase classname="org.enhancement.CustomerOrganizationRequest" name="labelValidation" time="1.549"/>
  <system-out/>
  <testcase classname="org.enhancement.CustomerOrganizationRequest" name="createRequest_FromDateandTime_ToDateandTime" time="17.985"/>
>>>>>>> c5699b793ecef34ca60eb49f33139d209ba1ec97
  <system-out/>
</testsuite> <!-- org.enhancement.CustomerOrganizationRequest -->
