<?xml version="1.0" encoding="UTF-8"?>
<!-- Generated by org.testng.reporters.JUnitReportReporter -->
<testsuite hostname="DESKTOP-5M7AM2E" failures="0" tests="69" name="org.test.GlobalContactQuote" time="534.818" errors="1" timestamp="2023-05-25T18:59:19 IST" skipped="6">
  <testcase classname="org.test.GlobalContactQuote" name="loginPage" time="45.073"/>
  <system-out/>
  <testcase classname="org.test.GlobalContactQuote" name="quoteModule" time="3.686"/>
  <system-out/>
  <testcase classname="org.test.GlobalContactQuote" name="labelValidation" time="1.530"/>
  <system-out/>
  <testcase classname="org.test.GlobalContactQuote" name="contactMandatoryValidation" time="1.831"/>
  <system-out/>
  <testcase classname="org.test.GlobalContactQuote" name="mandatoryValidationExpiryDate" time="0.098"/>
  <system-out/>
  <testcase classname="org.test.GlobalContactQuote" name="mandatoryValidationInventoryItem" time="0.100"/>
  <system-out/>
  <testcase classname="org.test.GlobalContactQuote" name="mandatoryValidationQunatity" time="0.094"/>
  <system-out/>
  <testcase classname="org.test.GlobalContactQuote" name="mandatoryValidationPrice" time="0.102"/>
  <system-out/>
  <testcase classname="org.test.GlobalContactQuote" name="mandatoryValidationDescription" time="0.096"/>
  <system-out/>
  <testcase classname="org.test.GlobalContactQuote" name="autoCompleteContactCreation" time="152.579">
    <error message="Expected condition failed: waiting for visibility of Proxy element for: DefaultElementLocator &#039;By.all({By.xpath: //*[@class=&#039;modal d-block animated fadeIn&#039;]//*[@id=&#039;organization-create&#039;],By.xpath: //*[@class=&#039;modal d-block animated fadeIn&#039;]//*[@id=&#039;contact-create&#039;],By.xpath: //*[@class=&#039;modal d-block animated fadeIn&#039;]//*[@id=&#039;organization-contact-create&#039;],By.xpath: //*[contains(@class,&#039;fadeIn&#039;)]//*[@id=&#039;pqipopup&#039;]})&#039; (tried for 20 second(s) with 500 milliseconds interval)" type="org.openqa.selenium.TimeoutException">
      <![CDATA[org.openqa.selenium.TimeoutException: Expected condition failed: waiting for visibility of Proxy element for: DefaultElementLocator 'By.all({By.xpath: //*[@class='modal d-block animated fadeIn']//*[@id='organization-create'],By.xpath: //*[@class='modal d-block animated fadeIn']//*[@id='contact-create'],By.xpath: //*[@class='modal d-block animated fadeIn']//*[@id='organization-contact-create'],By.xpath: //*[contains(@class,'fadeIn')]//*[@id='pqipopup']})' (tried for 20 second(s) with 500 milliseconds interval)
at org.openqa.selenium.support.ui.WebDriverWait.timeoutException(WebDriverWait.java:95)
at org.openqa.selenium.support.ui.FluentWait.until(FluentWait.java:272)
at com.zaigo.pageobjects.QuotePage.mouseActionClick(QuotePage.java:125)
at com.zaigo.pageobjects.QuotePage.message(QuotePage.java:1023)
at org.test.GlobalContactQuote.autoCompleteContactCreation(GlobalContactQuote.java:278)
at java.base/jdk.internal.reflect.NativeMethodAccessorImpl.invoke0(Native Method)
at java.base/jdk.internal.reflect.NativeMethodAccessorImpl.invoke(NativeMethodAccessorImpl.java:77)
at java.base/jdk.internal.reflect.DelegatingMethodAccessorImpl.invoke(DelegatingMethodAccessorImpl.java:43)
at java.base/java.lang.reflect.Method.invoke(Method.java:568)
at org.testng.internal.MethodInvocationHelper.invokeMethod(MethodInvocationHelper.java:133)
at org.testng.internal.TestInvoker.invokeMethod(TestInvoker.java:598)
at org.testng.internal.TestInvoker.invokeTestMethod(TestInvoker.java:173)
at org.testng.internal.MethodRunner.runInSequence(MethodRunner.java:46)
at org.testng.internal.TestInvoker$MethodInvocationAgent.invoke(TestInvoker.java:824)
at org.testng.internal.TestInvoker.invokeTestMethods(TestInvoker.java:146)
at org.testng.internal.TestMethodWorker.invokeTestMethods(TestMethodWorker.java:146)
at org.testng.internal.TestMethodWorker.run(TestMethodWorker.java:128)
at java.base/java.util.ArrayList.forEach(ArrayList.java:1511)
at org.testng.TestRunner.privateRun(TestRunner.java:794)
at org.testng.TestRunner.run(TestRunner.java:596)
at org.testng.SuiteRunner.runTest(SuiteRunner.java:377)
at org.testng.SuiteRunner.runSequentially(SuiteRunner.java:371)
at org.testng.SuiteRunner.privateRun(SuiteRunner.java:332)
at org.testng.SuiteRunner.run(SuiteRunner.java:276)
at org.testng.SuiteRunnerWorker.runSuite(SuiteRunnerWorker.java:53)
at org.testng.SuiteRunnerWorker.run(SuiteRunnerWorker.java:96)
at org.testng.TestNG.runSuitesSequentially(TestNG.java:1212)
at org.testng.TestNG.runSuitesLocally(TestNG.java:1134)
at org.testng.TestNG.runSuites(TestNG.java:1063)
at org.testng.TestNG.run(TestNG.java:1031)
at org.testng.remote.AbstractRemoteTestNG.run(AbstractRemoteTestNG.java:115)
at org.testng.remote.RemoteTestNG.initAndRun(RemoteTestNG.java:251)
at org.testng.remote.RemoteTestNG.main(RemoteTestNG.java:77)
Caused by: org.openqa.selenium.NoSuchElementException: Cannot locate an element using By.all({By.xpath: //*[@class='modal d-block animated fadeIn']//*[@id='organization-create'],By.xpath: //*[@class='modal d-block animated fadeIn']//*[@id='contact-create'],By.xpath: //*[@class='modal d-block animated fadeIn']//*[@id='organization-contact-create'],By.xpath: //*[contains(@class,'fadeIn')]//*[@id='pqipopup']})
For documentation on this error, please visit: http://seleniumhq.org/exceptions/no_such_element.html
Build info: version: '3.141.5', revision: 'd54ebd709a', time: '2018-11-06T11:42:16'
System info: host: 'DESKTOP-5M7AM2E', ip: '192.168.56.1', os.name: 'Windows 11', os.arch: 'amd64', os.version: '10.0', java.version: '17.0.3'
Driver info: driver.version: RemoteWebDriver
at org.openqa.selenium.support.pagefactory.ByAll.findElement(ByAll.java:58)
at org.openqa.selenium.remote.RemoteWebDriver.findElement(RemoteWebDriver.java:315)
at org.openqa.selenium.support.pagefactory.DefaultElementLocator.findElement(DefaultElementLocator.java:69)
at org.openqa.selenium.support.pagefactory.internal.LocatingElementHandler.invoke(LocatingElementHandler.java:38)
at jdk.proxy2/jdk.proxy2.$Proxy15.isDisplayed(Unknown Source)
at org.openqa.selenium.support.ui.ExpectedConditions.elementIfVisible(ExpectedConditions.java:314)
at org.openqa.selenium.support.ui.ExpectedConditions.access$000(ExpectedConditions.java:43)
at org.openqa.selenium.support.ui.ExpectedConditions$10.apply(ExpectedConditions.java:300)
at org.openqa.selenium.support.ui.ExpectedConditions$10.apply(ExpectedConditions.java:297)
at org.openqa.selenium.support.ui.FluentWait.until(FluentWait.java:249)
... 31 more
]]>
    </error>
  </testcase> <!-- autoCompleteContactCreation -->
  <system-out/>
  <testcase classname="org.test.GlobalContactQuote" name="maximumValidationQuoteTittle" time="1.173"/>
  <system-out/>
  <testcase classname="org.test.GlobalContactQuote" name="maximumValidationReference" time="1.008"/>
  <system-out/>
  <testcase classname="org.test.GlobalContactQuote" name="maximumValidationInventoryItem" time="1.694"/>
  <system-out/>
  <testcase classname="org.test.GlobalContactQuote" name="emptyValidationQuantityField" time="0.410"/>
  <system-out/>
  <testcase classname="org.test.GlobalContactQuote" name="maxQuanitityLimit" time="0.490"/>
  <system-out/>
  <testcase classname="org.test.GlobalContactQuote" name="afterDecimalPointValidationQuantityField" time="0.294"/>
  <system-out/>
  <testcase classname="org.test.GlobalContactQuote" name="beforeDecimalPointValidationQuantityField" time="0.456"/>
  <system-out/>
  <testcase classname="org.test.GlobalContactQuote" name="emptyValidationPriceField" time="0.388"/>
  <system-out/>
  <testcase classname="org.test.GlobalContactQuote" name="maxPriceLimit" time="0.273"/>
  <system-out/>
  <testcase classname="org.test.GlobalContactQuote" name="beforeDecimalPointPriceField" time="0.307"/>
  <system-out/>
  <testcase classname="org.test.GlobalContactQuote" name="afterDecimalPointPriceField" time="0.356"/>
  <system-out/>
  <testcase classname="org.test.GlobalContactQuote" name="afterDecimalPointDiscountField" time="0.263"/>
  <system-out/>
  <testcase classname="org.test.GlobalContactQuote" name="beforeDecimalPointDiscountField" time="0.349"/>
  <system-out/>
  <testcase classname="org.test.GlobalContactQuote" name="maxLimitDiscountField" time="0.222"/>
  <system-out/>
  <testcase classname="org.test.GlobalContactQuote" name="afterDecimalPointTaxField" time="1.361">
    <skipped/>
  </testcase> <!-- afterDecimalPointTaxField -->
  <system-out/>
  <testcase classname="org.test.GlobalContactQuote" name="beforeDecimalPointTaxField" time="1.384">
    <skipped/>
  </testcase> <!-- beforeDecimalPointTaxField -->
  <system-out/>
  <testcase classname="org.test.GlobalContactQuote" name="maxLimitTaxField" time="1.456">
    <skipped/>
  </testcase> <!-- maxLimitTaxField -->
  <system-out/>
  <testcase classname="org.test.GlobalContactQuote" name="maximumValidationDescription" time="2.673"/>
  <system-out/>
  <testcase classname="org.test.GlobalContactQuote" name="maximumValidationNotes" time="58.671"/>
  <system-out/>
  <testcase classname="org.test.GlobalContactQuote" name="expiryFieldPastDateValidation" time="8.063"/>
  <system-out/>
  <testcase classname="org.test.GlobalContactQuote" name="validateCalculation" time="8.860"/>
  <system-out/>
  <testcase classname="org.test.GlobalContactQuote" name="createQuote" time="15.872"/>
  <system-out/>
  <testcase classname="org.test.GlobalContactQuote" name="quoteCount" time="0.229"/>
  <system-out/>
  <testcase classname="org.test.GlobalContactQuote" name="quoteEdit" time="14.669"/>
  <system-out/>
  <testcase classname="org.test.GlobalContactQuote" name="editmandatoryValidationExpiryDate" time="0.117"/>
  <system-out/>
  <testcase classname="org.test.GlobalContactQuote" name="editmandatoryValidationQunatity" time="0.100"/>
  <system-out/>
  <testcase classname="org.test.GlobalContactQuote" name="editmandatoryValidationPrice" time="0.101"/>
  <system-out/>
  <testcase classname="org.test.GlobalContactQuote" name="editmandatoryValidationDescription" time="0.247"/>
  <system-out/>
  <testcase classname="org.test.GlobalContactQuote" name="editmaximumValidationReference" time="1.064"/>
  <system-out/>
  <testcase classname="org.test.GlobalContactQuote" name="editmaximumValidationQuoteTittle" time="1.164"/>
  <system-out/>
  <testcase classname="org.test.GlobalContactQuote" name="editmaximumValidationInventoryItem" time="1.770"/>
  <system-out/>
  <testcase classname="org.test.GlobalContactQuote" name="editemptyValidationQuantityField" time="0.407"/>
  <system-out/>
  <testcase classname="org.test.GlobalContactQuote" name="editmaxQuanitityLimit" time="0.403"/>
  <system-out/>
  <testcase classname="org.test.GlobalContactQuote" name="editafterDecimalPointValidationQuantityField" time="0.316"/>
  <system-out/>
  <testcase classname="org.test.GlobalContactQuote" name="editbeforeDecimalPointValidationQuantityField" time="0.418"/>
  <system-out/>
  <testcase classname="org.test.GlobalContactQuote" name="editemptyValidationPriceField" time="0.299"/>
  <system-out/>
  <testcase classname="org.test.GlobalContactQuote" name="editmaxPriceLimit" time="0.263"/>
  <system-out/>
  <testcase classname="org.test.GlobalContactQuote" name="editbeforeDecimalPointPriceField" time="0.346"/>
  <system-out/>
  <testcase classname="org.test.GlobalContactQuote" name="editafterDecimalPointPriceField" time="0.336"/>
  <system-out/>
  <testcase classname="org.test.GlobalContactQuote" name="editafterDecimalPointDiscountField" time="0.281"/>
  <system-out/>
  <testcase classname="org.test.GlobalContactQuote" name="editbeforeDecimalPointDiscountField" time="0.368"/>
  <system-out/>
  <testcase classname="org.test.GlobalContactQuote" name="editmaxLimitDiscountField" time="0.231"/>
  <system-out/>
  <testcase classname="org.test.GlobalContactQuote" name="editafterDecimalPointTaxField" time="1.352">
    <skipped/>
  </testcase> <!-- editafterDecimalPointTaxField -->
  <system-out/>
  <testcase classname="org.test.GlobalContactQuote" name="editbeforeDecimalPointTaxField" time="1.374">
    <skipped/>
  </testcase> <!-- editbeforeDecimalPointTaxField -->
  <system-out/>
  <testcase classname="org.test.GlobalContactQuote" name="editmaxLimitTaxField" time="1.381">
    <skipped/>
  </testcase> <!-- editmaxLimitTaxField -->
  <system-out/>
  <testcase classname="org.test.GlobalContactQuote" name="editmaximumValidationDescription" time="2.838"/>
  <system-out/>
  <testcase classname="org.test.GlobalContactQuote" name="editmaximumValidationNotes" time="56.160"/>
  <system-out/>
  <testcase classname="org.test.GlobalContactQuote" name="editexpiryFieldPastDateValidation" time="7.980"/>
  <system-out/>
  <testcase classname="org.test.GlobalContactQuote" name="editvalidateCalculation" time="8.841"/>
  <system-out/>
  <testcase classname="org.test.GlobalContactQuote" name="updateQuote" time="15.229"/>
  <system-out/>
  <testcase classname="org.test.GlobalContactQuote" name="createdQuoteStatus" time="0.316"/>
  <system-out/>
  <testcase classname="org.test.GlobalContactQuote" name="draftQuote" time="24.402"/>
  <system-out/>
  <testcase classname="org.test.GlobalContactQuote" name="convertQuote" time="34.184"/>
  <system-out/>
  <testcase classname="org.test.GlobalContactQuote" name="declinedStatus" time="34.877"/>
  <system-out/>
  <testcase classname="org.test.GlobalContactQuote" name="listCustomerName" time="3.151"/>
  <system-out/>
  <testcase classname="org.test.GlobalContactQuote" name="listQuoteNo" time="2.108"/>
  <system-out/>
  <testcase classname="org.test.GlobalContactQuote" name="listQuoteTittle" time="2.583"/>
  <system-out/>
  <testcase classname="org.test.GlobalContactQuote" name="listQuoteReference" time="1.656"/>
  <system-out/>
  <testcase classname="org.test.GlobalContactQuote" name="listInvalid" time="2.045"/>
  <system-out/>
</testsuite> <!-- org.test.GlobalContactQuote -->
