<?xml version="1.0" encoding="UTF-8"?>
<!-- Generated by org.testng.reporters.JUnitReportReporter -->
<testsuite hostname="DESKTOP-5M7AM2E" failures="0" tests="3" name="org.test.BulkImportOrganization" time="49.857" errors="0" timestamp="2023-03-14T15:39:03 IST" skipped="0">
  <testcase classname="org.test.BulkImportOrganization" name="loginPage" time="17.393"/>
  <system-out/>
  <testcase classname="org.test.BulkImportOrganization" name="contactModule" time="5.399"/>
  <system-out/>
  <testcase classname="org.test.BulkImportOrganization" name="createOrganization" time="27.065"/>
  <system-out/>
</testsuite> <!-- org.test.BulkImportOrganization -->
