<?xml version="1.0" encoding="UTF-8"?>
<!-- Generated by org.testng.reporters.JUnitReportReporter -->
<testsuite hostname="DESKTOP-5M7AM2E" failures="0" tests="3" name="org.enhancement.Onboarding" time="139.918" errors="0" timestamp="2023-05-22T20:03:10 IST" skipped="0">
  <testcase classname="org.enhancement.Onboarding" name="createTenant" time="139.660"/>
  <system-out/>
  <testcase classname="org.enhancement.Onboarding" name="subDomineURL" time="0.107"/>
  <system-out/>
  <testcase classname="org.enhancement.Onboarding" name="ownerName" time="0.151"/>
  <system-out/>
</testsuite> <!-- org.enhancement.Onboarding -->
