<?xml version="1.0" encoding="UTF-8"?>
<!-- Generated by org.testng.reporters.JUnitReportReporter -->
<testsuite hostname="DESKTOP-5M7AM2E" failures="0" tests="50" name="org.test.CustomerCreateOrganizationModule" time="138.013" errors="0" timestamp="2023-01-26T17:38:53 IST" skipped="0">
  <testcase classname="org.test.CustomerCreateOrganizationModule" name="loginPage" time="32.450"/>
  <system-out/>
  <testcase classname="org.test.CustomerCreateOrganizationModule" name="modulePage" time="12.603"/>
  <system-out/>
  <testcase classname="org.test.CustomerCreateOrganizationModule" name="mandatoryValidation" time="5.575"/>
  <system-out/>
  <testcase classname="org.test.CustomerCreateOrganizationModule" name="maxValidationOrganizationField" time="1.403"/>
  <system-out/>
  <testcase classname="org.test.CustomerCreateOrganizationModule" name="maxValidationWebsiteField" time="1.254"/>
  <system-out/>
  <testcase classname="org.test.CustomerCreateOrganizationModule" name="maxValidationAddress1Field" time="1.153"/>
  <system-out/>
  <testcase classname="org.test.CustomerCreateOrganizationModule" name="maxValidationAddress2Field" time="1.200"/>
  <system-out/>
  <testcase classname="org.test.CustomerCreateOrganizationModule" name="maxValidationCityField" time="1.165"/>
  <system-out/>
  <testcase classname="org.test.CustomerCreateOrganizationModule" name="maxValidationStateField" time="1.160"/>
  <system-out/>
  <testcase classname="org.test.CustomerCreateOrganizationModule" name="minValidationZipcodeField" time="0.297"/>
  <system-out/>
  <testcase classname="org.test.CustomerCreateOrganizationModule" name="maxValidationZipcodeField" time="0.269"/>
  <system-out/>
  <testcase classname="org.test.CustomerCreateOrganizationModule" name="emailValidation" time="0.325"/>
  <system-out/>
  <testcase classname="org.test.CustomerCreateOrganizationModule" name="maxValidationEmailField" time="1.114"/>
  <system-out/>
  <testcase classname="org.test.CustomerCreateOrganizationModule" name="minValidationPhoneNumberField" time="0.284"/>
  <system-out/>
  <testcase classname="org.test.CustomerCreateOrganizationModule" name="maxValidationPhoneNumberField" time="0.494"/>
  <system-out/>
  <testcase classname="org.test.CustomerCreateOrganizationModule" name="maxValidationContactFirstNameField" time="1.262"/>
  <system-out/>
  <testcase classname="org.test.CustomerCreateOrganizationModule" name="maxValidationContactLastNameField" time="1.186"/>
  <system-out/>
  <testcase classname="org.test.CustomerCreateOrganizationModule" name="maxValidationContactEmailField" time="1.126"/>
  <system-out/>
  <testcase classname="org.test.CustomerCreateOrganizationModule" name="validateContactEmailField" time="0.230"/>
  <system-out/>
  <testcase classname="org.test.CustomerCreateOrganizationModule" name="minValidationContactPhoneNumberField" time="0.300"/>
  <system-out/>
  <testcase classname="org.test.CustomerCreateOrganizationModule" name="maxValidationContactPhoneNumberField" time="0.270"/>
  <system-out/>
  <testcase classname="org.test.CustomerCreateOrganizationModule" name="maxValidationJobTittleField" time="1.243"/>
  <system-out/>
  <testcase classname="org.test.CustomerCreateOrganizationModule" name="maxValidationPropertyNameField" time="0.991"/>
  <system-out/>
  <testcase classname="org.test.CustomerCreateOrganizationModule" name="maxValidationPropertyFirstNameField" time="0.857"/>
  <system-out/>
  <testcase classname="org.test.CustomerCreateOrganizationModule" name="maxValidationPropertyLastNameField" time="0.795"/>
  <system-out/>
  <testcase classname="org.test.CustomerCreateOrganizationModule" name="maxValidationPropertyAddress1Field" time="0.816"/>
  <system-out/>
  <testcase classname="org.test.CustomerCreateOrganizationModule" name="maxValidationPropertyAddress2Field" time="0.803"/>
  <system-out/>
  <testcase classname="org.test.CustomerCreateOrganizationModule" name="maxValidationPropertyStateField" time="0.907"/>
  <system-out/>
  <testcase classname="org.test.CustomerCreateOrganizationModule" name="maxValidationPropertyCityField" time="1.039"/>
  <system-out/>
  <testcase classname="org.test.CustomerCreateOrganizationModule" name="minValidationPropertyZipCodeField" time="0.196"/>
  <system-out/>
  <testcase classname="org.test.CustomerCreateOrganizationModule" name="maxValidationPropertyZipCodeField" time="0.364"/>
  <system-out/>
  <testcase classname="org.test.CustomerCreateOrganizationModule" name="maxValidationProductNameField" time="1.409"/>
  <system-out/>
  <testcase classname="org.test.CustomerCreateOrganizationModule" name="maxValidationBrandNameField" time="1.239"/>
  <system-out/>
  <testcase classname="org.test.CustomerCreateOrganizationModule" name="maxValidationModelNumberField" time="1.104"/>
  <system-out/>
  <testcase classname="org.test.CustomerCreateOrganizationModule" name="maxValidationSerialNumberField" time="0.814"/>
  <system-out/>
  <testcase classname="org.test.CustomerCreateOrganizationModule" name="maxValidationAccessHoursField" time="0.789"/>
  <system-out/>
  <testcase classname="org.test.CustomerCreateOrganizationModule" name="maxValidationInstallationNotesField" time="5.532"/>
  <system-out/>
  <testcase classname="org.test.CustomerCreateOrganizationModule" name="customerOrganizationCount" time="1.213"/>
  <system-out/>
  <testcase classname="org.test.CustomerCreateOrganizationModule" name="createOrganization" time="18.780"/>
  <system-out/>
  <testcase classname="org.test.CustomerCreateOrganizationModule" name="organizationNameAlreadyExistValidation" time="2.572"/>
  <system-out/>
  <testcase classname="org.test.CustomerCreateOrganizationModule" name="alreadyExistedEmail" time="3.912"/>
  <system-out/>
  <testcase classname="org.test.CustomerCreateOrganizationModule" name="createOrganizationListFirstName" time="1.160"/>
  <system-out/>
  <testcase classname="org.test.CustomerCreateOrganizationModule" name="characterListValidation" time="1.710"/>
  <system-out/>
  <testcase classname="org.test.CustomerCreateOrganizationModule" name="searchOrganizationNameListValidation" time="2.178"/>
  <system-out/>
  <testcase classname="org.test.CustomerCreateOrganizationModule" name="searchPhoneNumberListValidation" time="1.680"/>
  <system-out/>
  <testcase classname="org.test.CustomerCreateOrganizationModule" name="searchEmailListValidation" time="1.546"/>
  <system-out/>
  <testcase classname="org.test.CustomerCreateOrganizationModule" name="filterListValidation" time="2.245"/>
  <system-out/>
  <testcase classname="org.test.CustomerCreateOrganizationModule" name="searchInvalid" time="1.630"/>
  <system-out/>
  <testcase classname="org.test.CustomerCreateOrganizationModule" name="editContactList" time="12.043"/>
  <system-out/>
  <testcase classname="org.test.CustomerCreateOrganizationModule" name="deleteContactList" time="3.326"/>
  <system-out/>
</testsuite> <!-- org.test.CustomerCreateOrganizationModule -->
