<?xml version="1.0" encoding="UTF-8"?>
<!-- Generated by org.testng.reporters.JUnitReportReporter -->
<testsuite hostname="DESKTOP-5M7AM2E" failures="0" tests="19" name="org.test.DispatchModule" time="263.701" errors="0" timestamp="2023-05-28T19:37:43 IST" skipped="0">
  <testcase classname="org.test.DispatchModule" name="loginPage" time="18.907"/>
  <system-out/>
  <testcase classname="org.test.DispatchModule" name="userCreate" time="57.224"/>
  <system-out/>
  <testcase classname="org.test.DispatchModule" name="requestModule" time="2.713"/>
  <system-out/>
  <testcase classname="org.test.DispatchModule" name="labelValidation" time="1.003"/>
  <system-out/>
  <testcase classname="org.test.DispatchModule" name="autoCompleteContactCreationRequest" time="12.333"/>
  <system-out/>
  <testcase classname="org.test.DispatchModule" name="unsssignedRequest" time="14.052"/>
  <system-out/>
  <testcase classname="org.test.DispatchModule" name="dispatchModule" time="4.338"/>
  <system-out/>
  <testcase classname="org.test.DispatchModule" name="assignRequest" time="10.460"/>
  <system-out/>
  <testcase classname="org.test.DispatchModule" name="unassignRequest" time="8.182"/>
  <system-out/>
  <testcase classname="org.test.DispatchModule" name="dispatchRequest" time="19.576"/>
  <system-out/>
  <testcase classname="org.test.DispatchModule" name="cancelRequest" time="12.120"/>
  <system-out/>
  <testcase classname="org.test.DispatchModule" name="jobModule" time="2.344"/>
  <system-out/>
  <testcase classname="org.test.DispatchModule" name="labelJobValidation" time="1.125"/>
  <system-out/>
  <testcase classname="org.test.DispatchModule" name="autoCompleteContactCreationJob" time="12.134"/>
  <system-out/>
  <testcase classname="org.test.DispatchModule" name="unsssignedJob" time="14.914"/>
  <system-out/>
  <testcase classname="org.test.DispatchModule" name="assignJob" time="15.660"/>
  <system-out/>
  <testcase classname="org.test.DispatchModule" name="unassignJob" time="25.594"/>
  <system-out/>
  <testcase classname="org.test.DispatchModule" name="dispatchJob" time="19.088"/>
  <system-out/>
  <testcase classname="org.test.DispatchModule" name="cancelJob" time="11.934"/>
  <system-out/>
</testsuite> <!-- org.test.DispatchModule -->
