<?xml version="1.0" encoding="UTF-8"?>
<!-- Generated by org.testng.reporters.JUnitReportReporter -->
<testsuite hostname="DESKTOP-5M7AM2E" failures="0" tests="17" name="org.enhancement.ProductModule" time="227.593" errors="0" timestamp="2023-04-24T20:08:47 IST" skipped="0">
  <testcase classname="org.enhancement.ProductModule" name="loginPage" time="23.945"/>
  <system-out/>
  <testcase classname="org.enhancement.ProductModule" name="settingModule" time="2.348"/>
  <system-out/>
  <testcase classname="org.enhancement.ProductModule" name="createProduct" time="10.361"/>
  <system-out/>
  <testcase classname="org.enhancement.ProductModule" name="createProduct" time="11.628"/>
  <system-out/>
  <testcase classname="org.enhancement.ProductModule" name="createProduct" time="9.674"/>
  <system-out/>
  <testcase classname="org.enhancement.ProductModule" name="createProduct" time="10.556"/>
  <system-out/>
  <testcase classname="org.enhancement.ProductModule" name="createProduct" time="9.650"/>
  <system-out/>
  <testcase classname="org.enhancement.ProductModule" name="createProduct" time="24.157"/>
  <system-out/>
  <testcase classname="org.enhancement.ProductModule" name="createProduct" time="19.479"/>
  <system-out/>
  <testcase classname="org.enhancement.ProductModule" name="createProduct" time="10.793"/>
  <system-out/>
  <testcase classname="org.enhancement.ProductModule" name="createProduct" time="9.713"/>
  <system-out/>
  <testcase classname="org.enhancement.ProductModule" name="createProduct" time="16.977"/>
  <system-out/>
  <testcase classname="org.enhancement.ProductModule" name="createProduct" time="12.093"/>
  <system-out/>
  <testcase classname="org.enhancement.ProductModule" name="createProduct" time="24.183"/>
  <system-out/>
  <testcase classname="org.enhancement.ProductModule" name="createProduct" time="10.676"/>
  <system-out/>
  <testcase classname="org.enhancement.ProductModule" name="createProduct" time="11.652"/>
  <system-out/>
  <testcase classname="org.enhancement.ProductModule" name="createProduct" time="9.708"/>
  <system-out/>
</testsuite> <!-- org.enhancement.ProductModule -->
