<?xml version="1.0" encoding="UTF-8"?>
<!-- Generated by org.testng.reporters.JUnitReportReporter -->
<testsuite hostname="DESKTOP-5M7AM2E" failures="0" tests="20" name="org.test.ServiceType" time="157.175" errors="0" timestamp="2023-05-26T11:27:15 IST" skipped="0">
  <testcase classname="org.test.ServiceType" name="loginPage" time="30.294"/>
  <system-out/>
  <testcase classname="org.test.ServiceType" name="settingModule" time="4.935"/>
  <system-out/>
  <testcase classname="org.test.ServiceType" name="leadSourceLabel" time="0.358"/>
  <system-out/>
  <testcase classname="org.test.ServiceType" name="createFormLabel" time="1.211"/>
  <system-out/>
  <testcase classname="org.test.ServiceType" name="mandatoryValidation" time="1.469"/>
  <system-out/>
  <testcase classname="org.test.ServiceType" name="maximumValidationServiceType" time="6.054"/>
  <system-out/>
  <testcase classname="org.test.ServiceType" name="verifySaveButtonExist" time="0.391"/>
  <system-out/>
  <testcase classname="org.test.ServiceType" name="serviceTypeCreate" time="7.969"/>
  <system-out/>
  <testcase classname="org.test.ServiceType" name="serviceTypeCreateList" time="0.047"/>
  <system-out/>
  <testcase classname="org.test.ServiceType" name="alreadyExists" time="1.743"/>
  <system-out/>
  <testcase classname="org.test.ServiceType" name="activeStatus" time="0.038"/>
  <system-out/>
  <testcase classname="org.test.ServiceType" name="editFormLabel" time="4.192"/>
  <system-out/>
  <testcase classname="org.test.ServiceType" name="editmandatoryValidation" time="3.951"/>
  <system-out/>
  <testcase classname="org.test.ServiceType" name="editmaximumValidationLeadSource" time="5.772"/>
  <system-out/>
  <testcase classname="org.test.ServiceType" name="verifyUpdateButtonExist" time="0.541"/>
  <system-out/>
  <testcase classname="org.test.ServiceType" name="leadSourceUpdate" time="8.514"/>
  <system-out/>
  <testcase classname="org.test.ServiceType" name="deleteBusinessUnit" time="15.555"/>
  <system-out/>
  <testcase classname="org.test.ServiceType" name="reflectCreateContactPage" time="35.173"/>
  <system-out/>
  <testcase classname="org.test.ServiceType" name="inactiveLeadSource" time="19.269"/>
  <system-out/>
  <testcase classname="org.test.ServiceType" name="deleteLeadSource" time="9.699"/>
  <system-out/>
</testsuite> <!-- org.test.ServiceType -->
