<?xml version="1.0" encoding="UTF-8"?>
<!-- Generated by org.testng.reporters.JUnitReportReporter -->
<testsuite hostname="DESKTOP-5M7AM2E" failures="0" tests="68" name="org.test.GlobalContactInvoice" time="133.259" errors="0" timestamp="2023-02-01T22:33:08 IST" skipped="0">
  <testcase classname="org.test.GlobalContactInvoice" name="loginPage" time="33.063"/>
  <system-out/>
  <testcase classname="org.test.GlobalContactInvoice" name="invoiceModule" time="6.630"/>
  <system-out/>
  <testcase classname="org.test.GlobalContactInvoice" name="contactMandatoryValidation" time="1.128"/>
  <system-out/>
  <testcase classname="org.test.GlobalContactInvoice" name="mandatoryValidationDeuDate" time="0.118"/>
  <system-out/>
  <testcase classname="org.test.GlobalContactInvoice" name="mandatoryValidationInventoryItem" time="0.136"/>
  <system-out/>
  <testcase classname="org.test.GlobalContactInvoice" name="mandatoryValidationQunatity" time="0.110"/>
  <system-out/>
  <testcase classname="org.test.GlobalContactInvoice" name="mandatoryValidationPrice" time="0.125"/>
  <system-out/>
  <testcase classname="org.test.GlobalContactInvoice" name="mandatoryValidationDescription" time="0.096"/>
  <system-out/>
  <testcase classname="org.test.GlobalContactInvoice" name="autoCompleteContactCreation" time="8.686"/>
  <system-out/>
  <testcase classname="org.test.GlobalContactInvoice" name="maximumValidationReference" time="0.415"/>
  <system-out/>
  <testcase classname="org.test.GlobalContactInvoice" name="maximumValidationInvoiceTittle" time="1.056"/>
  <system-out/>
  <testcase classname="org.test.GlobalContactInvoice" name="maximumValidationInventoryItem" time="0.971"/>
  <system-out/>
  <testcase classname="org.test.GlobalContactInvoice" name="emptyValidationQuantityField" time="0.303"/>
  <system-out/>
  <testcase classname="org.test.GlobalContactInvoice" name="maxQuanitityLimit" time="0.346"/>
  <system-out/>
  <testcase classname="org.test.GlobalContactInvoice" name="afterDecimalPointValidationQuantityField" time="0.253"/>
  <system-out/>
  <testcase classname="org.test.GlobalContactInvoice" name="beforeDecimalPointValidationQuantityField" time="0.403"/>
  <system-out/>
  <testcase classname="org.test.GlobalContactInvoice" name="emptyValidationPriceField" time="0.268"/>
  <system-out/>
  <testcase classname="org.test.GlobalContactInvoice" name="maxPriceLimit" time="0.258"/>
  <system-out/>
  <testcase classname="org.test.GlobalContactInvoice" name="beforeDecimalPointPriceField" time="0.284"/>
  <system-out/>
  <testcase classname="org.test.GlobalContactInvoice" name="afterDecimalPointPriceField" time="0.307"/>
  <system-out/>
  <testcase classname="org.test.GlobalContactInvoice" name="afterDecimalPointDiscountField" time="0.296"/>
  <system-out/>
  <testcase classname="org.test.GlobalContactInvoice" name="beforeDecimalPointDiscountField" time="0.232"/>
  <system-out/>
  <testcase classname="org.test.GlobalContactInvoice" name="maxLimitDiscountField" time="0.248"/>
  <system-out/>
  <testcase classname="org.test.GlobalContactInvoice" name="afterDecimalPointTaxField" time="0.280"/>
  <system-out/>
  <testcase classname="org.test.GlobalContactInvoice" name="beforeDecimalPointTaxField" time="0.240"/>
  <system-out/>
  <testcase classname="org.test.GlobalContactInvoice" name="maxLimitTaxField" time="0.296"/>
  <system-out/>
  <testcase classname="org.test.GlobalContactInvoice" name="maximumValidationDescription" time="2.079"/>
  <system-out/>
  <testcase classname="org.test.GlobalContactInvoice" name="maximumValidationNotes" time="4.600"/>
  <system-out/>
  <testcase classname="org.test.GlobalContactInvoice" name="expiryFieldPastDateValidation" time="2.215"/>
  <system-out/>
  <testcase classname="org.test.GlobalContactInvoice" name="validateCalculation" time="1.029"/>
  <system-out/>
  <testcase classname="org.test.GlobalContactInvoice" name="createInvoice" time="6.015"/>
  <system-out/>
  <testcase classname="org.test.GlobalContactInvoice" name="editLableValidation" time="9.614"/>
  <system-out/>
  <testcase classname="org.test.GlobalContactInvoice" name="mandatoryValidationEditDueDate" time="1.250"/>
  <system-out/>
  <testcase classname="org.test.GlobalContactInvoice" name="mandatoryValidationEditQunatity" time="0.088"/>
  <system-out/>
  <testcase classname="org.test.GlobalContactInvoice" name="mandatoryValidationEditPrice" time="0.072"/>
  <system-out/>
  <testcase classname="org.test.GlobalContactInvoice" name="mandatoryValidationEditDescription" time="0.094"/>
  <system-out/>
  <testcase classname="org.test.GlobalContactInvoice" name="maximumValidationEditReference" time="0.911"/>
  <system-out/>
  <testcase classname="org.test.GlobalContactInvoice" name="maximumValidationEditInvoiceTittle" time="0.958"/>
  <system-out/>
  <testcase classname="org.test.GlobalContactInvoice" name="maximumValidationEditInventoryItem" time="1.050"/>
  <system-out/>
  <testcase classname="org.test.GlobalContactInvoice" name="emptyValidationEditQuantityField" time="0.324"/>
  <system-out/>
  <testcase classname="org.test.GlobalContactInvoice" name="maxEditQuanitityLimit" time="0.327"/>
  <system-out/>
  <testcase classname="org.test.GlobalContactInvoice" name="afterEditDecimalPointValidationQuantityField" time="0.258"/>
  <system-out/>
  <testcase classname="org.test.GlobalContactInvoice" name="beforeEditDecimalPointValidationQuantityField" time="0.399"/>
  <system-out/>
  <testcase classname="org.test.GlobalContactInvoice" name="emptyValidationEditPriceField" time="0.305"/>
  <system-out/>
  <testcase classname="org.test.GlobalContactInvoice" name="maxEditPriceLimit" time="0.259"/>
  <system-out/>
  <testcase classname="org.test.GlobalContactInvoice" name="beforeEditDecimalPointPriceField" time="0.294"/>
  <system-out/>
  <testcase classname="org.test.GlobalContactInvoice" name="afterEditDecimalPointPriceField" time="0.378"/>
  <system-out/>
  <testcase classname="org.test.GlobalContactInvoice" name="afterEditDecimalPointDiscountField" time="0.316"/>
  <system-out/>
  <testcase classname="org.test.GlobalContactInvoice" name="beforeEditDecimalPointDiscountField" time="0.256"/>
  <system-out/>
  <testcase classname="org.test.GlobalContactInvoice" name="maxLimitEditDiscountField" time="0.216"/>
  <system-out/>
  <testcase classname="org.test.GlobalContactInvoice" name="afterDecimalEditPointTaxField" time="0.272"/>
  <system-out/>
  <testcase classname="org.test.GlobalContactInvoice" name="beforeDecimalEditPointTaxField" time="0.232"/>
  <system-out/>
  <testcase classname="org.test.GlobalContactInvoice" name="maxEditLimitTaxField" time="0.344"/>
  <system-out/>
  <testcase classname="org.test.GlobalContactInvoice" name="maximumEditValidationDescription" time="2.041"/>
  <system-out/>
  <testcase classname="org.test.GlobalContactInvoice" name="maximumEditValidationNotes" time="4.571"/>
  <system-out/>
  <testcase classname="org.test.GlobalContactInvoice" name="expiryEditFieldPastDateValidation" time="2.119"/>
  <system-out/>
  <testcase classname="org.test.GlobalContactInvoice" name="updatedInvoice" time="6.286"/>
  <system-out/>
  <testcase classname="org.test.GlobalContactInvoice" name="draftInvoice" time="13.418"/>
  <system-out/>
  <testcase classname="org.test.GlobalContactInvoice" name="createdQuoteStatus" time="0.078"/>
  <system-out/>
  <testcase classname="org.test.GlobalContactInvoice" name="UpdatedInvociePartialPayment" time="3.530"/>
  <system-out/>
  <testcase classname="org.test.GlobalContactInvoice" name="partialPaidAmount" time="0.080"/>
  <system-out/>
  <testcase classname="org.test.GlobalContactInvoice" name="UpdatedInvociePaid" time="0.865"/>
  <system-out/>
  <testcase classname="org.test.GlobalContactInvoice" name="fullyPaidAmount" time="1.889"/>
  <system-out/>
  <testcase classname="org.test.GlobalContactInvoice" name="listCustomerName" time="1.701"/>
  <system-out/>
  <testcase classname="org.test.GlobalContactInvoice" name="listInvoiceNo" time="1.442"/>
  <system-out/>
  <testcase classname="org.test.GlobalContactInvoice" name="listQuoteReference" time="1.533"/>
  <system-out/>
  <testcase classname="org.test.GlobalContactInvoice" name="filterDateInvoice" time="1.728"/>
  <system-out/>
  <testcase classname="org.test.GlobalContactInvoice" name="listInvalid" time="1.275"/>
  <system-out/>
</testsuite> <!-- org.test.GlobalContactInvoice -->
