<?xml version="1.0" encoding="UTF-8"?>
<!-- Generated by org.testng.reporters.JUnitReportReporter -->
<testsuite hostname="DESKTOP-5M7AM2E" failures="0" tests="8" name="org.test.Login" time="32.438" errors="0" timestamp="2022-10-14T14:10:16 IST" skipped="0">
  <testcase classname="org.test.Login" name="verifyEmptyEmail" time="3.598"/>
  <system-out/>
  <testcase classname="org.test.Login" name="verifyEmptyPassword" time="1.529"/>
  <system-out/>
  <testcase classname="org.test.Login" name="verifyIncorrectMail" time="0.998"/>
  <system-out/>
  <testcase classname="org.test.Login" name="verifyIncorrectPassword" time="1.515"/>
  <system-out/>
  <testcase classname="org.test.Login" name="verifyInvalidEmail" time="1.489"/>
  <system-out/>
  <testcase classname="org.test.Login" name="verifyInvalidPassword" time="1.872"/>
  <system-out/>
  <testcase classname="org.test.Login" name="verifyInvalidCredentials" time="1.866"/>
  <system-out/>
  <testcase classname="org.test.Login" name="verify" time="19.571"/>
  <system-out/>
</testsuite> <!-- org.test.Login -->
