<?xml version="1.0" encoding="UTF-8"?>
<!-- Generated by org.testng.reporters.JUnitReportReporter -->
<testsuite hostname="DESKTOP-5M7AM2E" failures="0" tests="1" name="com.base.Name" time="2.861" errors="0" timestamp="2023-01-18T16:37:02 IST" skipped="0">
  <testcase classname="com.base.Name" name="tst2" time="2.861"/>
  <system-out/>
</testsuite> <!-- com.base.Name -->
