<?xml version="1.0" encoding="UTF-8"?>
<!-- Generated by org.testng.reporters.JUnitReportReporter -->
<testsuite hostname="DESKTOP-5M7AM2E" failures="0" tests="6" name="org.enhancement.CustomerOrganizationJob" time="85.832" errors="0" timestamp="2023-05-25T11:49:57 IST" skipped="0">
  <testcase classname="org.enhancement.CustomerOrganizationJob" name="loginPage" time="20.932"/>
  <system-out/>
  <testcase classname="org.enhancement.CustomerOrganizationJob" name="contactModule" time="6.549"/>
  <system-out/>
  <testcase classname="org.enhancement.CustomerOrganizationJob" name="createOrganization" time="24.232"/>
  <system-out/>
  <testcase classname="org.enhancement.CustomerOrganizationJob" name="listabelValidation" time="12.758"/>
  <system-out/>
  <testcase classname="org.enhancement.CustomerOrganizationJob" name="labelValidation" time="2.033"/>
  <system-out/>
  <testcase classname="org.enhancement.CustomerOrganizationJob" name="createJob_FromDateandTime_ToDateandTime" time="19.328"/>
  <system-out/>
</testsuite> <!-- org.enhancement.CustomerOrganizationJob -->
