<?xml version="1.0" encoding="UTF-8"?>
<!-- Generated by org.testng.reporters.JUnitReportReporter -->
<<<<<<< HEAD
<testsuite hostname="DESKTOP-5M7AM2E" failures="0" tests="70" name="org.test.CustomerContactQuote" time="342.446" errors="0" timestamp="2023-05-12T13:43:14 IST" skipped="6">
  <testcase classname="org.test.CustomerContactQuote" name="loginPage" time="47.158"/>
  <system-out/>
  <testcase classname="org.test.CustomerContactQuote" name="contactModule" time="7.199"/>
  <system-out/>
  <testcase classname="org.test.CustomerContactQuote" name="CreateContact" time="12.014"/>
  <system-out/>
  <testcase classname="org.test.CustomerContactQuote" name="listabelValidation" time="5.949"/>
  <system-out/>
  <testcase classname="org.test.CustomerContactQuote" name="labelValidation" time="1.403"/>
  <system-out/>
  <testcase classname="org.test.CustomerContactQuote" name="namePrepopulation" time="1.157"/>
  <system-out/>
  <testcase classname="org.test.CustomerContactQuote" name="mandatoryValidationExpiryDate" time="0.418"/>
  <system-out/>
  <testcase classname="org.test.CustomerContactQuote" name="mandatoryValidationInventoryItem" time="0.077"/>
  <system-out/>
  <testcase classname="org.test.CustomerContactQuote" name="mandatoryValidationPrice" time="0.070"/>
  <system-out/>
  <testcase classname="org.test.CustomerContactQuote" name="mandatoryValidationQunatity" time="0.078"/>
  <system-out/>
  <testcase classname="org.test.CustomerContactQuote" name="mandatoryValidationDescription" time="0.068"/>
  <system-out/>
  <testcase classname="org.test.CustomerContactQuote" name="maximumValidationReference" time="0.693"/>
  <system-out/>
  <testcase classname="org.test.CustomerContactQuote" name="maximumValidationQuoteTittle" time="0.664"/>
  <system-out/>
  <testcase classname="org.test.CustomerContactQuote" name="maximumValidationInventoryItem" time="0.947"/>
  <system-out/>
  <testcase classname="org.test.CustomerContactQuote" name="emptyValidationQuantityField" time="0.230"/>
  <system-out/>
  <testcase classname="org.test.CustomerContactQuote" name="maxQuanitityLimit" time="0.273"/>
  <system-out/>
  <testcase classname="org.test.CustomerContactQuote" name="afterDecimalPointValidationQuantityField" time="0.317"/>
  <system-out/>
  <testcase classname="org.test.CustomerContactQuote" name="beforeDecimalPointValidationQuantityField" time="0.295"/>
  <system-out/>
  <testcase classname="org.test.CustomerContactQuote" name="emptyValidationPriceField" time="0.218"/>
  <system-out/>
  <testcase classname="org.test.CustomerContactQuote" name="maxPriceLimit" time="0.206"/>
  <system-out/>
  <testcase classname="org.test.CustomerContactQuote" name="beforeDecimalPointPriceField" time="0.212"/>
  <system-out/>
  <testcase classname="org.test.CustomerContactQuote" name="afterDecimalPointPriceField" time="0.238"/>
  <system-out/>
  <testcase classname="org.test.CustomerContactQuote" name="afterDecimalPointDiscountField" time="0.225"/>
  <system-out/>
  <testcase classname="org.test.CustomerContactQuote" name="beforeDecimalPointDiscountField" time="0.185"/>
  <system-out/>
  <testcase classname="org.test.CustomerContactQuote" name="maxLimitDiscountField" time="0.175"/>
  <system-out/>
  <testcase classname="org.test.CustomerContactQuote" name="afterDecimalPointTaxField" time="1.271">
    <skipped/>
  </testcase> <!-- afterDecimalPointTaxField -->
  <system-out/>
  <testcase classname="org.test.CustomerContactQuote" name="beforeDecimalPointTaxField" time="1.240">
    <skipped/>
  </testcase> <!-- beforeDecimalPointTaxField -->
  <system-out/>
  <testcase classname="org.test.CustomerContactQuote" name="maxLimitTaxField" time="1.235">
    <skipped/>
  </testcase> <!-- maxLimitTaxField -->
  <system-out/>
  <testcase classname="org.test.CustomerContactQuote" name="maximumValidationDescription" time="1.851"/>
  <system-out/>
  <testcase classname="org.test.CustomerContactQuote" name="maximumValidationNotes" time="48.974"/>
  <system-out/>
  <testcase classname="org.test.CustomerContactQuote" name="expiryFieldPastDateValidation" time="8.358"/>
  <system-out/>
  <testcase classname="org.test.CustomerContactQuote" name="validateCalculation" time="7.889"/>
  <system-out/>
  <testcase classname="org.test.CustomerContactQuote" name="createQuote" time="13.165"/>
  <system-out/>
  <testcase classname="org.test.CustomerContactQuote" name="quoteCreatedCount" time="0.076"/>
  <system-out/>
  <testcase classname="org.test.CustomerContactQuote" name="quoteEdit" time="10.699"/>
  <system-out/>
  <testcase classname="org.test.CustomerContactQuote" name="editmandatoryValidationExpiryDate" time="0.348"/>
  <system-out/>
  <testcase classname="org.test.CustomerContactQuote" name="editmandatoryValidationQunatity" time="0.071"/>
  <system-out/>
  <testcase classname="org.test.CustomerContactQuote" name="editmandatoryValidationPrice" time="0.071"/>
  <system-out/>
  <testcase classname="org.test.CustomerContactQuote" name="editmandatoryValidationDescription" time="0.073"/>
  <system-out/>
  <testcase classname="org.test.CustomerContactQuote" name="editmaximumValidationReference" time="0.728"/>
  <system-out/>
  <testcase classname="org.test.CustomerContactQuote" name="editmaximumValidationQuoteTittle" time="0.729"/>
  <system-out/>
  <testcase classname="org.test.CustomerContactQuote" name="editmaximumValidationInventoryItem" time="1.031"/>
  <system-out/>
  <testcase classname="org.test.CustomerContactQuote" name="editemptyValidationQuantityField" time="0.245"/>
  <system-out/>
  <testcase classname="org.test.CustomerContactQuote" name="editmaxQuanitityLimit" time="0.276"/>
  <system-out/>
  <testcase classname="org.test.CustomerContactQuote" name="editafterDecimalPointValidationQuantityField" time="0.216"/>
  <system-out/>
  <testcase classname="org.test.CustomerContactQuote" name="editbeforeDecimalPointValidationQuantityField" time="0.300"/>
  <system-out/>
  <testcase classname="org.test.CustomerContactQuote" name="editemptyValidationPriceField" time="0.227"/>
  <system-out/>
  <testcase classname="org.test.CustomerContactQuote" name="editmaxPriceLimit" time="0.204"/>
  <system-out/>
  <testcase classname="org.test.CustomerContactQuote" name="editbeforeDecimalPointPriceField" time="0.236"/>
  <system-out/>
  <testcase classname="org.test.CustomerContactQuote" name="editafterDecimalPointPriceField" time="0.261"/>
  <system-out/>
  <testcase classname="org.test.CustomerContactQuote" name="editafterDecimalPointDiscountField" time="0.221"/>
  <system-out/>
  <testcase classname="org.test.CustomerContactQuote" name="editbeforeDecimalPointDiscountField" time="0.238"/>
  <system-out/>
  <testcase classname="org.test.CustomerContactQuote" name="editmaxLimitDiscountField" time="0.220"/>
  <system-out/>
  <testcase classname="org.test.CustomerContactQuote" name="editafterDecimalPointTaxField" time="1.274">
    <skipped/>
  </testcase> <!-- editafterDecimalPointTaxField -->
  <system-out/>
  <testcase classname="org.test.CustomerContactQuote" name="editbeforeDecimalPointTaxField" time="1.245">
    <skipped/>
  </testcase> <!-- editbeforeDecimalPointTaxField -->
  <system-out/>
  <testcase classname="org.test.CustomerContactQuote" name="editmaxLimitTaxField" time="1.227">
    <skipped/>
  </testcase> <!-- editmaxLimitTaxField -->
  <system-out/>
  <testcase classname="org.test.CustomerContactQuote" name="editmaximumValidationDescription" time="1.860"/>
  <system-out/>
  <testcase classname="org.test.CustomerContactQuote" name="editmaximumValidationNotes" time="49.723"/>
  <system-out/>
  <testcase classname="org.test.CustomerContactQuote" name="editexpiryFieldPastDateValidation" time="7.793"/>
  <system-out/>
  <testcase classname="org.test.CustomerContactQuote" name="editvalidateCalculation" time="7.914"/>
  <system-out/>
  <testcase classname="org.test.CustomerContactQuote" name="updateQuote" time="13.389"/>
  <system-out/>
  <testcase classname="org.test.CustomerContactQuote" name="createdQuoteStatus" time="0.078"/>
  <system-out/>
  <testcase classname="org.test.CustomerContactQuote" name="draftQuote" time="12.945"/>
  <system-out/>
  <testcase classname="org.test.CustomerContactQuote" name="convertQuote" time="29.974"/>
  <system-out/>
  <testcase classname="org.test.CustomerContactQuote" name="declinedStatus" time="23.840"/>
  <system-out/>
  <testcase classname="org.test.CustomerContactQuote" name="listQuoteNo" time="1.919"/>
  <system-out/>
  <testcase classname="org.test.CustomerContactQuote" name="listQuoteTittle" time="1.871"/>
  <system-out/>
  <testcase classname="org.test.CustomerContactQuote" name="listQuoteReference" time="1.859"/>
  <system-out/>
  <testcase classname="org.test.CustomerContactQuote" name="filterDateInvoice" time="2.119"/>
  <system-out/>
  <testcase classname="org.test.CustomerContactQuote" name="listInvalid" time="2.494"/>
=======
<testsuite hostname="DESKTOP-5M7AM2E" failures="0" tests="70" name="org.test.CustomerContactQuote" time="406.583" errors="0" timestamp="2023-05-14T13:43:06 IST" skipped="6">
  <testcase classname="org.test.CustomerContactQuote" name="loginPage" time="19.661"/>
  <system-out/>
  <testcase classname="org.test.CustomerContactQuote" name="contactModule" time="10.302"/>
  <system-out/>
  <testcase classname="org.test.CustomerContactQuote" name="CreateContact" time="13.327"/>
  <system-out/>
  <testcase classname="org.test.CustomerContactQuote" name="listabelValidation" time="8.494"/>
  <system-out/>
  <testcase classname="org.test.CustomerContactQuote" name="labelValidation" time="1.335"/>
  <system-out/>
  <testcase classname="org.test.CustomerContactQuote" name="namePrepopulation" time="3.327"/>
  <system-out/>
  <testcase classname="org.test.CustomerContactQuote" name="mandatoryValidationExpiryDate" time="1.272"/>
  <system-out/>
  <testcase classname="org.test.CustomerContactQuote" name="mandatoryValidationInventoryItem" time="0.105"/>
  <system-out/>
  <testcase classname="org.test.CustomerContactQuote" name="mandatoryValidationQunatity" time="0.071"/>
  <system-out/>
  <testcase classname="org.test.CustomerContactQuote" name="mandatoryValidationPrice" time="0.059"/>
  <system-out/>
  <testcase classname="org.test.CustomerContactQuote" name="mandatoryValidationDescription" time="0.060"/>
  <system-out/>
  <testcase classname="org.test.CustomerContactQuote" name="maximumValidationReference" time="0.657"/>
  <system-out/>
  <testcase classname="org.test.CustomerContactQuote" name="maximumValidationQuoteTittle" time="0.716"/>
  <system-out/>
  <testcase classname="org.test.CustomerContactQuote" name="maximumValidationInventoryItem" time="1.067"/>
  <system-out/>
  <testcase classname="org.test.CustomerContactQuote" name="emptyValidationQuantityField" time="0.268"/>
  <system-out/>
  <testcase classname="org.test.CustomerContactQuote" name="maxQuanitityLimit" time="0.253"/>
  <system-out/>
  <testcase classname="org.test.CustomerContactQuote" name="afterDecimalPointValidationQuantityField" time="0.208"/>
  <system-out/>
  <testcase classname="org.test.CustomerContactQuote" name="beforeDecimalPointValidationQuantityField" time="0.269"/>
  <system-out/>
  <testcase classname="org.test.CustomerContactQuote" name="emptyValidationPriceField" time="0.194"/>
  <system-out/>
  <testcase classname="org.test.CustomerContactQuote" name="maxPriceLimit" time="0.213"/>
  <system-out/>
  <testcase classname="org.test.CustomerContactQuote" name="beforeDecimalPointPriceField" time="0.222"/>
  <system-out/>
  <testcase classname="org.test.CustomerContactQuote" name="afterDecimalPointPriceField" time="0.230"/>
  <system-out/>
  <testcase classname="org.test.CustomerContactQuote" name="afterDecimalPointDiscountField" time="0.199"/>
  <system-out/>
  <testcase classname="org.test.CustomerContactQuote" name="beforeDecimalPointDiscountField" time="0.167"/>
  <system-out/>
  <testcase classname="org.test.CustomerContactQuote" name="maxLimitDiscountField" time="0.158"/>
  <system-out/>
  <testcase classname="org.test.CustomerContactQuote" name="afterDecimalPointTaxField" time="1.300">
    <skipped/>
  </testcase> <!-- afterDecimalPointTaxField -->
  <system-out/>
  <testcase classname="org.test.CustomerContactQuote" name="beforeDecimalPointTaxField" time="1.214">
    <skipped/>
  </testcase> <!-- beforeDecimalPointTaxField -->
  <system-out/>
  <testcase classname="org.test.CustomerContactQuote" name="maxLimitTaxField" time="1.179">
    <skipped/>
  </testcase> <!-- maxLimitTaxField -->
  <system-out/>
  <testcase classname="org.test.CustomerContactQuote" name="maximumValidationDescription" time="1.866"/>
  <system-out/>
  <testcase classname="org.test.CustomerContactQuote" name="maximumValidationNotes" time="50.990"/>
  <system-out/>
  <testcase classname="org.test.CustomerContactQuote" name="expiryFieldPastDateValidation" time="8.287"/>
  <system-out/>
  <testcase classname="org.test.CustomerContactQuote" name="validateCalculation" time="7.775"/>
  <system-out/>
  <testcase classname="org.test.CustomerContactQuote" name="createQuote" time="25.020"/>
  <system-out/>
  <testcase classname="org.test.CustomerContactQuote" name="quoteCreatedCount" time="0.464"/>
  <system-out/>
  <testcase classname="org.test.CustomerContactQuote" name="quoteEdit" time="24.405"/>
  <system-out/>
  <testcase classname="org.test.CustomerContactQuote" name="editmandatoryValidationExpiryDate" time="0.330"/>
  <system-out/>
  <testcase classname="org.test.CustomerContactQuote" name="editmandatoryValidationQunatity" time="0.066"/>
  <system-out/>
  <testcase classname="org.test.CustomerContactQuote" name="editmandatoryValidationPrice" time="0.062"/>
  <system-out/>
  <testcase classname="org.test.CustomerContactQuote" name="editmandatoryValidationDescription" time="0.103"/>
  <system-out/>
  <testcase classname="org.test.CustomerContactQuote" name="editmaximumValidationReference" time="0.645"/>
  <system-out/>
  <testcase classname="org.test.CustomerContactQuote" name="editmaximumValidationQuoteTittle" time="0.722"/>
  <system-out/>
  <testcase classname="org.test.CustomerContactQuote" name="editmaximumValidationInventoryItem" time="1.026"/>
  <system-out/>
  <testcase classname="org.test.CustomerContactQuote" name="editemptyValidationQuantityField" time="0.202"/>
  <system-out/>
  <testcase classname="org.test.CustomerContactQuote" name="editmaxQuanitityLimit" time="0.319"/>
  <system-out/>
  <testcase classname="org.test.CustomerContactQuote" name="editafterDecimalPointValidationQuantityField" time="0.197"/>
  <system-out/>
  <testcase classname="org.test.CustomerContactQuote" name="editbeforeDecimalPointValidationQuantityField" time="0.270"/>
  <system-out/>
  <testcase classname="org.test.CustomerContactQuote" name="editemptyValidationPriceField" time="0.196"/>
  <system-out/>
  <testcase classname="org.test.CustomerContactQuote" name="editmaxPriceLimit" time="0.186"/>
  <system-out/>
  <testcase classname="org.test.CustomerContactQuote" name="editbeforeDecimalPointPriceField" time="0.209"/>
  <system-out/>
  <testcase classname="org.test.CustomerContactQuote" name="editafterDecimalPointPriceField" time="0.271"/>
  <system-out/>
  <testcase classname="org.test.CustomerContactQuote" name="editafterDecimalPointDiscountField" time="0.195"/>
  <system-out/>
  <testcase classname="org.test.CustomerContactQuote" name="editbeforeDecimalPointDiscountField" time="0.178"/>
  <system-out/>
  <testcase classname="org.test.CustomerContactQuote" name="editmaxLimitDiscountField" time="0.187"/>
  <system-out/>
  <testcase classname="org.test.CustomerContactQuote" name="editafterDecimalPointTaxField" time="1.254">
    <skipped/>
  </testcase> <!-- editafterDecimalPointTaxField -->
  <system-out/>
  <testcase classname="org.test.CustomerContactQuote" name="editbeforeDecimalPointTaxField" time="1.198">
    <skipped/>
  </testcase> <!-- editbeforeDecimalPointTaxField -->
  <system-out/>
  <testcase classname="org.test.CustomerContactQuote" name="editmaxLimitTaxField" time="1.184">
    <skipped/>
  </testcase> <!-- editmaxLimitTaxField -->
  <system-out/>
  <testcase classname="org.test.CustomerContactQuote" name="editmaximumValidationDescription" time="1.849"/>
  <system-out/>
  <testcase classname="org.test.CustomerContactQuote" name="editmaximumValidationNotes" time="50.044"/>
  <system-out/>
  <testcase classname="org.test.CustomerContactQuote" name="editexpiryFieldPastDateValidation" time="8.279"/>
  <system-out/>
  <testcase classname="org.test.CustomerContactQuote" name="editvalidateCalculation" time="8.232"/>
  <system-out/>
  <testcase classname="org.test.CustomerContactQuote" name="updateQuote" time="22.301"/>
  <system-out/>
  <testcase classname="org.test.CustomerContactQuote" name="createdQuoteStatus" time="0.086"/>
  <system-out/>
  <testcase classname="org.test.CustomerContactQuote" name="draftQuote" time="22.654"/>
  <system-out/>
  <testcase classname="org.test.CustomerContactQuote" name="convertQuote" time="51.941"/>
  <system-out/>
  <testcase classname="org.test.CustomerContactQuote" name="declinedStatus" time="35.085"/>
  <system-out/>
  <testcase classname="org.test.CustomerContactQuote" name="listQuoteNo" time="2.412"/>
  <system-out/>
  <testcase classname="org.test.CustomerContactQuote" name="listQuoteTittle" time="2.388"/>
  <system-out/>
  <testcase classname="org.test.CustomerContactQuote" name="listQuoteReference" time="2.395"/>
  <system-out/>
  <testcase classname="org.test.CustomerContactQuote" name="filterDateInvoice" time="2.667"/>
  <system-out/>
  <testcase classname="org.test.CustomerContactQuote" name="listInvalid" time="1.916"/>
>>>>>>> 8918fb077ada3f9074ba067a7b48b5e725492e12
  <system-out/>
</testsuite> <!-- org.test.CustomerContactQuote -->
