<?xml version="1.0" encoding="UTF-8"?>
<!-- Generated by org.testng.reporters.JUnitReportReporter -->
<testsuite hostname="DESKTOP-80SP9DN" failures="0" tests="23" name="org.test.TeamCompaniesDetailScreen" time="107.099" errors="0" timestamp="2024-01-02T12:29:49 IST" skipped="0">
  <testcase classname="org.test.TeamCompaniesDetailScreen" name="verify" time="41.496"/>
  <system-out/>
  <testcase classname="org.test.TeamCompaniesDetailScreen" name="teamModule" time="3.197"/>
  <system-out/>
  <testcase classname="org.test.TeamCompaniesDetailScreen" name="editLabel" time="4.956"/>
  <system-out/>
  <testcase classname="org.test.TeamCompaniesDetailScreen" name="maxValidationCompanyWebsiteField" time="4.309"/>
  <system-out/>
  <testcase classname="org.test.TeamCompaniesDetailScreen" name="maxValidationFirstNameField" time="0.920"/>
  <system-out/>
  <testcase classname="org.test.TeamCompaniesDetailScreen" name="maxValidationLastNameField" time="0.915"/>
  <system-out/>
  <testcase classname="org.test.TeamCompaniesDetailScreen" name="maxValidationTaxNumberField" time="4.752"/>
  <system-out/>
  <testcase classname="org.test.TeamCompaniesDetailScreen" name="maxValidationCompanyLocationNameField" time="1.177"/>
  <system-out/>
  <testcase classname="org.test.TeamCompaniesDetailScreen" name="validateCompanyEmailField" time="0.466"/>
  <system-out/>
  <testcase classname="org.test.TeamCompaniesDetailScreen" name="maxValidationCompanyEmailField" time="0.912"/>
  <system-out/>
  <testcase classname="org.test.TeamCompaniesDetailScreen" name="minValidationCompanyPhoneNumberField" time="0.543"/>
  <system-out/>
  <testcase classname="org.test.TeamCompaniesDetailScreen" name="maxValidationCompanyPhoneNumberField" time="0.547"/>
  <system-out/>
  <testcase classname="org.test.TeamCompaniesDetailScreen" name="maxValidationCompanyAddress1Field" time="1.087"/>
  <system-out/>
  <testcase classname="org.test.TeamCompaniesDetailScreen" name="maxValidationCompanyAddress2Field" time="0.902"/>
  <system-out/>
  <testcase classname="org.test.TeamCompaniesDetailScreen" name="maxValidationCompanyStateField" time="0.916"/>
  <system-out/>
  <testcase classname="org.test.TeamCompaniesDetailScreen" name="maxValidationCompanyCityField" time="0.952"/>
  <system-out/>
  <testcase classname="org.test.TeamCompaniesDetailScreen" name="maxValidationCompanyZipcodeField" time="0.452"/>
  <system-out/>
  <testcase classname="org.test.TeamCompaniesDetailScreen" name="minValidationCompanyZipcodeField" time="0.441"/>
  <system-out/>
  <testcase classname="org.test.TeamCompaniesDetailScreen" name="characterValidationCompanyZipcodeField" time="0.396"/>
  <system-out/>
  <testcase classname="org.test.TeamCompaniesDetailScreen" name="maxValidationCompanyContactPerson" time="3.329"/>
  <system-out/>
  <testcase classname="org.test.TeamCompaniesDetailScreen" name="responseMessage" time="16.026"/>
  <system-out/>
  <testcase classname="org.test.TeamCompaniesDetailScreen" name="maximumValidationDescription" time="6.148"/>
  <system-out/>
  <testcase classname="org.test.TeamCompaniesDetailScreen" name="deleteLocation" time="12.260"/>
  <system-out/>
</testsuite> <!-- org.test.TeamCompaniesDetailScreen -->
