<?xml version="1.0" encoding="UTF-8"?>
<!-- Generated by org.testng.reporters.JUnitReportReporter -->
<testsuite hostname="DESKTOP-5M7AM2E" failures="0" tests="13" name="org.test.TeamSendInvite" time="77.694" errors="0" timestamp="2023-06-19T13:26:27 IST" skipped="0">
  <testcase classname="org.test.TeamSendInvite" name="verify" time="50.962"/>
  <system-out/>
  <testcase classname="org.test.TeamSendInvite" name="TeamUserPage" time="7.555"/>
  <system-out/>
  <testcase classname="org.test.TeamSendInvite" name="landingOnSendInviteForm" time="1.170"/>
  <system-out/>
  <testcase classname="org.test.TeamSendInvite" name="mandatoryValidationFirstNameField" time="0.362"/>
  <system-out/>
  <testcase classname="org.test.TeamSendInvite" name="mandatoryValidationTypeField" time="0.105"/>
  <system-out/>
  <testcase classname="org.test.TeamSendInvite" name="mandatoryValidationEmailField" time="0.095"/>
  <system-out/>
  <testcase classname="org.test.TeamSendInvite" name="maxValidationFirstNameField" time="1.358"/>
  <system-out/>
  <testcase classname="org.test.TeamSendInvite" name="maxValidationLastNameField" time="1.036"/>
  <system-out/>
  <testcase classname="org.test.TeamSendInvite" name="maxValidationEmailFields" time="0.939"/>
  <system-out/>
  <testcase classname="org.test.TeamSendInvite" name="invalidEmailValidation" time="1.074"/>
  <system-out/>
  <testcase classname="org.test.TeamSendInvite" name="maxValidationMessage" time="5.309"/>
  <system-out/>
  <testcase classname="org.test.TeamSendInvite" name="verifySaveButtonExist" time="0.220"/>
  <system-out/>
  <testcase classname="org.test.TeamSendInvite" name="userSendInvite" time="7.509"/>
  <system-out/>
</testsuite> <!-- org.test.TeamSendInvite -->
