<?xml version="1.0" encoding="UTF-8"?>
<!-- Generated by org.testng.reporters.JUnitReportReporter -->
<<<<<<< HEAD
<<<<<<< HEAD
<testsuite hostname="DESKTOP-5M7AM2E" failures="0" tests="4" name="org.enhancement.GlobalOrganizationQuote" time="129.142" errors="0" timestamp="2023-05-22T20:03:10 IST" skipped="0">
  <testcase classname="org.enhancement.GlobalOrganizationQuote" name="loginPage" time="46.740"/>
  <system-out/>
  <testcase classname="org.enhancement.GlobalOrganizationQuote" name="quoteModule" time="11.531"/>
  <system-out/>
  <testcase classname="org.enhancement.GlobalOrganizationQuote" name="labelValidation" time="6.616"/>
  <system-out/>
  <testcase classname="org.enhancement.GlobalOrganizationQuote" name="createQuote" time="64.255"/>
=======
<testsuite hostname="DESKTOP-5M7AM2E" failures="0" tests="4" name="org.enhancement.GlobalOrganizationQuote" time="82.976" errors="0" timestamp="2023-05-25T11:49:57 IST" skipped="0">
  <testcase classname="org.enhancement.GlobalOrganizationQuote" name="loginPage" time="28.399"/>
=======
<testsuite hostname="DESKTOP-5M7AM2E" failures="0" tests="8" name="org.enhancement.GlobalOrganizationQuote" time="262.405" errors="0" timestamp="2023-06-04T11:22:12 IST" skipped="0">
  <testcase classname="org.enhancement.GlobalOrganizationQuote" name="loginPage" time="39.001"/>
>>>>>>> 8f032e9abfd9edfc56ded76230782504aeca4741
  <system-out/>
  <testcase classname="org.enhancement.GlobalOrganizationQuote" name="quoteModule" time="5.391"/>
  <system-out/>
  <testcase classname="org.enhancement.GlobalOrganizationQuote" name="labelValidation" time="0.956"/>
  <system-out/>
<<<<<<< HEAD
  <testcase classname="org.enhancement.GlobalOrganizationQuote" name="createQuote" time="49.243"/>
>>>>>>> c5699b793ecef34ca60eb49f33139d209ba1ec97
=======
  <testcase classname="org.enhancement.GlobalOrganizationQuote" name="createQuote" time="44.356"/>
  <system-out/>
  <testcase classname="org.enhancement.GlobalOrganizationQuote" name="createQuote" time="43.966"/>
  <system-out/>
  <testcase classname="org.enhancement.GlobalOrganizationQuote" name="createQuote" time="43.985"/>
  <system-out/>
  <testcase classname="org.enhancement.GlobalOrganizationQuote" name="createQuote" time="45.992"/>
  <system-out/>
  <testcase classname="org.enhancement.GlobalOrganizationQuote" name="createQuote" time="38.758"/>
>>>>>>> 8f032e9abfd9edfc56ded76230782504aeca4741
  <system-out/>
</testsuite> <!-- org.enhancement.GlobalOrganizationQuote -->
