<?xml version="1.0" encoding="UTF-8"?>
<!-- Generated by org.testng.reporters.JUnitReportReporter -->
<<<<<<< HEAD
<<<<<<< HEAD
<testsuite hostname="DESKTOP-5M7AM2E" failures="0" tests="6" name="org.enhancement.CustomerContactQuote" time="89.681" errors="0" timestamp="2023-05-22T20:03:10 IST" skipped="0">
  <testcase classname="org.enhancement.CustomerContactQuote" name="loginPage" time="42.917"/>
  <system-out/>
  <testcase classname="org.enhancement.CustomerContactQuote" name="contactModule" time="8.623"/>
  <system-out/>
  <testcase classname="org.enhancement.CustomerContactQuote" name="CreateContact" time="13.484"/>
  <system-out/>
  <testcase classname="org.enhancement.CustomerContactQuote" name="listabelValidation" time="8.210"/>
  <system-out/>
  <testcase classname="org.enhancement.CustomerContactQuote" name="labelValidation" time="1.971"/>
  <system-out/>
  <testcase classname="org.enhancement.CustomerContactQuote" name="createQuote" time="14.476"/>
=======
<testsuite hostname="DESKTOP-5M7AM2E" failures="0" tests="6" name="org.enhancement.CustomerContactQuote" time="93.303" errors="0" timestamp="2023-05-25T11:49:57 IST" skipped="0">
  <testcase classname="org.enhancement.CustomerContactQuote" name="loginPage" time="32.931"/>
=======
<testsuite hostname="DESKTOP-5M7AM2E" failures="0" tests="10" name="org.enhancement.CustomerContactQuote" time="164.627" errors="0" timestamp="2023-06-04T11:22:12 IST" skipped="0">
  <testcase classname="org.enhancement.CustomerContactQuote" name="loginPage" time="25.603"/>
>>>>>>> 8f032e9abfd9edfc56ded76230782504aeca4741
  <system-out/>
  <testcase classname="org.enhancement.CustomerContactQuote" name="contactModule" time="10.676"/>
  <system-out/>
  <testcase classname="org.enhancement.CustomerContactQuote" name="CreateContact" time="21.988"/>
  <system-out/>
  <testcase classname="org.enhancement.CustomerContactQuote" name="listabelValidation" time="9.028"/>
  <system-out/>
  <testcase classname="org.enhancement.CustomerContactQuote" name="labelValidation" time="1.173"/>
  <system-out/>
<<<<<<< HEAD
  <testcase classname="org.enhancement.CustomerContactQuote" name="createQuote" time="25.316"/>
>>>>>>> c5699b793ecef34ca60eb49f33139d209ba1ec97
=======
  <testcase classname="org.enhancement.CustomerContactQuote" name="createQuote" time="18.370"/>
  <system-out/>
  <testcase classname="org.enhancement.CustomerContactQuote" name="createQuote" time="19.567"/>
  <system-out/>
  <testcase classname="org.enhancement.CustomerContactQuote" name="createQuote" time="19.343"/>
  <system-out/>
  <testcase classname="org.enhancement.CustomerContactQuote" name="createQuote" time="19.437"/>
  <system-out/>
  <testcase classname="org.enhancement.CustomerContactQuote" name="createQuote" time="19.442"/>
>>>>>>> 8f032e9abfd9edfc56ded76230782504aeca4741
  <system-out/>
</testsuite> <!-- org.enhancement.CustomerContactQuote -->
