<?xml version="1.0" encoding="UTF-8"?>
<!-- Generated by org.testng.reporters.JUnitReportReporter -->
<<<<<<< HEAD
<testsuite hostname="DESKTOP-5M7AM2E" failures="0" tests="3" name="org.enhancement.GlobalContactInvoice" time="128.098" errors="0" timestamp="2023-05-22T20:03:10 IST" skipped="0">
  <testcase classname="org.enhancement.GlobalContactInvoice" name="loginPage" time="46.073"/>
  <system-out/>
  <testcase classname="org.enhancement.GlobalContactInvoice" name="invoiceModule" time="2.460"/>
  <system-out/>
  <testcase classname="org.enhancement.GlobalContactInvoice" name="createInvoice" time="79.565"/>
=======
<testsuite hostname="DESKTOP-5M7AM2E" failures="0" tests="3" name="org.enhancement.GlobalContactInvoice" time="75.483" errors="0" timestamp="2023-05-25T11:49:57 IST" skipped="0">
  <testcase classname="org.enhancement.GlobalContactInvoice" name="loginPage" time="27.206"/>
  <system-out/>
  <testcase classname="org.enhancement.GlobalContactInvoice" name="invoiceModule" time="3.037"/>
  <system-out/>
  <testcase classname="org.enhancement.GlobalContactInvoice" name="createInvoice" time="45.240"/>
>>>>>>> c5699b793ecef34ca60eb49f33139d209ba1ec97
  <system-out/>
</testsuite> <!-- org.enhancement.GlobalContactInvoice -->
