<?xml version="1.0" encoding="UTF-8"?>
<!-- Generated by org.testng.reporters.JUnitReportReporter -->
<testsuite hostname="DESKTOP-5M7AM2E" failures="0" tests="7" name="org.test.Login" time="49.788" errors="0" timestamp="2023-05-05T14:24:28 IST" skipped="0">
  <testcase classname="org.test.Login" name="verifyEmptyEmail" time="3.246"/>
  <system-out/>
  <testcase classname="org.test.Login" name="verifyEmptyPassword" time="3.084"/>
  <system-out/>
  <testcase classname="org.test.Login" name="verifyIncorrectMail" time="1.922"/>
  <system-out/>
  <testcase classname="org.test.Login" name="verifyIncorrectPassword" time="2.954"/>
  <system-out/>
  <testcase classname="org.test.Login" name="verifyInvalidEmail" time="1.928"/>
  <system-out/>
  <testcase classname="org.test.Login" name="verifyInvalidCredentials" time="1.935"/>
  <system-out/>
  <testcase classname="org.test.Login" name="verify" time="34.719"/>
  <system-out/>
</testsuite> <!-- org.test.Login -->
