<?xml version="1.0" encoding="UTF-8"?>
<!-- Generated by org.testng.reporters.JUnitReportReporter -->
<testsuite hostname="DESKTOP-5M7AM2E" failures="0" tests="14" name="org.test.AvailabilityTechnicians" time="183.759" errors="0" timestamp="2023-05-03T12:38:55 IST" skipped="0">
  <testcase classname="org.test.AvailabilityTechnicians" name="loginPage" time="25.812"/>
  <system-out/>
  <testcase classname="org.test.AvailabilityTechnicians" name="userCreate" time="39.981"/>
  <system-out/>
  <testcase classname="org.test.AvailabilityTechnicians" name="contactModule" time="6.429"/>
  <system-out/>
  <testcase classname="org.test.AvailabilityTechnicians" name="CreateContact" time="13.632"/>
  <system-out/>
  <testcase classname="org.test.AvailabilityTechnicians" name="listabelValidation" time="7.822"/>
  <system-out/>
  <testcase classname="org.test.AvailabilityTechnicians" name="createdJob90min" time="18.590"/>
  <system-out/>
  <testcase classname="org.test.AvailabilityTechnicians" name="technicianAvailability1" time="5.667"/>
  <system-out/>
  <testcase classname="org.test.AvailabilityTechnicians" name="technicianAvailability2" time="2.953"/>
  <system-out/>
  <testcase classname="org.test.AvailabilityTechnicians" name="technicianAvailability3" time="2.651"/>
  <system-out/>
  <testcase classname="org.test.AvailabilityTechnicians" name="technicianAvailability4" time="2.236"/>
  <system-out/>
  <testcase classname="org.test.AvailabilityTechnicians" name="technicianAvailability5" time="2.792"/>
  <system-out/>
  <testcase classname="org.test.AvailabilityTechnicians" name="technicianAvailability6" time="16.249"/>
  <system-out/>
  <testcase classname="org.test.AvailabilityTechnicians" name="createdJobTwoDays" time="20.000"/>
  <system-out/>
  <testcase classname="org.test.AvailabilityTechnicians" name="technianAvailabilityMidDate" time="18.945"/>
  <system-out/>
</testsuite> <!-- org.test.AvailabilityTechnicians -->
