<?xml version="1.0" encoding="UTF-8"?>
<!-- Generated by org.testng.reporters.JUnitReportReporter -->
<testsuite hostname="DESKTOP-5M7AM2E" failures="0" tests="129" name="org.test.CustomerCreateOrganizationModule" time="231.475" errors="0" timestamp="2023-06-02T15:22:10 IST" skipped="0">
  <testcase classname="org.test.CustomerCreateOrganizationModule" name="loginPage" time="36.234"/>
  <system-out/>
  <testcase classname="org.test.CustomerCreateOrganizationModule" name="modulePage" time="4.521"/>
  <system-out/>
  <testcase classname="org.test.CustomerCreateOrganizationModule" name="createLabel" time="0.646"/>
  <system-out/>
  <testcase classname="org.test.CustomerCreateOrganizationModule" name="maxValidation" time="3.020"/>
  <system-out/>
  <testcase classname="org.test.CustomerCreateOrganizationModule" name="maxValidationOrganizationField" time="1.378"/>
  <system-out/>
  <testcase classname="org.test.CustomerCreateOrganizationModule" name="maxValidationWebsiteField" time="5.543"/>
  <system-out/>
  <testcase classname="org.test.CustomerCreateOrganizationModule" name="maxValidationAddress1Field" time="0.750"/>
  <system-out/>
  <testcase classname="org.test.CustomerCreateOrganizationModule" name="maxValidationAddress2Field" time="0.855"/>
  <system-out/>
  <testcase classname="org.test.CustomerCreateOrganizationModule" name="maxValidationCityField" time="0.814"/>
  <system-out/>
  <testcase classname="org.test.CustomerCreateOrganizationModule" name="maxValidationStateField" time="0.810"/>
  <system-out/>
  <testcase classname="org.test.CustomerCreateOrganizationModule" name="minValidationZipcodeField" time="0.312"/>
  <system-out/>
  <testcase classname="org.test.CustomerCreateOrganizationModule" name="maxValidationZipcodeField" time="0.344"/>
  <system-out/>
  <testcase classname="org.test.CustomerCreateOrganizationModule" name="specialCharacterZipcodeField" time="0.337"/>
  <system-out/>
  <testcase classname="org.test.CustomerCreateOrganizationModule" name="emailValidation" time="0.357"/>
  <system-out/>
  <testcase classname="org.test.CustomerCreateOrganizationModule" name="maxValidationTaxNumberField" time="4.603"/>
  <system-out/>
  <testcase classname="org.test.CustomerCreateOrganizationModule" name="maxValidationEmailField" time="0.844"/>
  <system-out/>
  <testcase classname="org.test.CustomerCreateOrganizationModule" name="invalidPhoneNumberField" time="0.309"/>
  <system-out/>
  <testcase classname="org.test.CustomerCreateOrganizationModule" name="minValidationPhoneNumberField" time="0.281"/>
  <system-out/>
  <testcase classname="org.test.CustomerCreateOrganizationModule" name="maxValidationPhoneNumberField" time="0.560"/>
  <system-out/>
  <testcase classname="org.test.CustomerCreateOrganizationModule" name="maxValidationContactFirstNameField" time="0.872"/>
  <system-out/>
  <testcase classname="org.test.CustomerCreateOrganizationModule" name="maxValidationContactLastNameField" time="0.866"/>
  <system-out/>
  <testcase classname="org.test.CustomerCreateOrganizationModule" name="maxValidationContactEmailField" time="0.866"/>
  <system-out/>
  <testcase classname="org.test.CustomerCreateOrganizationModule" name="validateContactEmailField" time="0.420"/>
  <system-out/>
  <testcase classname="org.test.CustomerCreateOrganizationModule" name="minValidationContactPhoneNumberField" time="0.363"/>
  <system-out/>
  <testcase classname="org.test.CustomerCreateOrganizationModule" name="maxValidationContactPhoneNumberField" time="0.388"/>
  <system-out/>
  <testcase classname="org.test.CustomerCreateOrganizationModule" name="invalidContactPhoneNumberField" time="0.355"/>
  <system-out/>
  <testcase classname="org.test.CustomerCreateOrganizationModule" name="maxValidationJobTittleField" time="1.133"/>
  <system-out/>
  <testcase classname="org.test.CustomerCreateOrganizationModule" name="maxValidationPropertyNameField" time="0.935"/>
  <system-out/>
  <testcase classname="org.test.CustomerCreateOrganizationModule" name="maxValidationPropertyFirstNameField" time="0.917"/>
  <system-out/>
  <testcase classname="org.test.CustomerCreateOrganizationModule" name="maxValidationPropertyLastNameField" time="0.907"/>
  <system-out/>
  <testcase classname="org.test.CustomerCreateOrganizationModule" name="maxValidationPropertyAddress1Field" time="0.881"/>
  <system-out/>
  <testcase classname="org.test.CustomerCreateOrganizationModule" name="maxValidationPropertyAddress2Field" time="0.910"/>
  <system-out/>
  <testcase classname="org.test.CustomerCreateOrganizationModule" name="maxValidationPropertyStateField" time="0.893"/>
  <system-out/>
  <testcase classname="org.test.CustomerCreateOrganizationModule" name="maxValidationPropertyCityField" time="0.935"/>
  <system-out/>
  <testcase classname="org.test.CustomerCreateOrganizationModule" name="specialCharacterPropertyZipcodeField" time="0.374"/>
  <system-out/>
  <testcase classname="org.test.CustomerCreateOrganizationModule" name="minValidationPropertyZipCodeField" time="0.325"/>
  <system-out/>
  <testcase classname="org.test.CustomerCreateOrganizationModule" name="maxValidationPropertyZipCodeField" time="0.598"/>
  <system-out/>
  <testcase classname="org.test.CustomerCreateOrganizationModule" name="maxValidationProductNameField" time="0.931"/>
  <system-out/>
  <testcase classname="org.test.CustomerCreateOrganizationModule" name="maxValidationBrandNameField" time="0.979"/>
  <system-out/>
  <testcase classname="org.test.CustomerCreateOrganizationModule" name="maxValidationModelNumberField" time="1.002"/>
  <system-out/>
  <testcase classname="org.test.CustomerCreateOrganizationModule" name="maxValidationSerialNumberField" time="0.897"/>
  <system-out/>
  <testcase classname="org.test.CustomerCreateOrganizationModule" name="dateValidation" time="7.824"/>
  <system-out/>
  <testcase classname="org.test.CustomerCreateOrganizationModule" name="maxValidationAccessHoursField" time="1.532"/>
  <system-out/>
  <testcase classname="org.test.CustomerCreateOrganizationModule" name="maxValidationInstallationNotesField" time="6.709"/>
  <system-out/>
  <testcase classname="org.test.CustomerCreateOrganizationModule" name="createOrganization" time="23.055"/>
  <system-out/>
  <testcase classname="org.test.CustomerCreateOrganizationModule" name="customerOrganizationCount" time="0.190"/>
  <system-out/>
  <testcase classname="org.test.CustomerCreateOrganizationModule" name="organizationNameAlreadyExistValidation" time="2.899"/>
  <system-out/>
  <testcase classname="org.test.CustomerCreateOrganizationModule" name="alreadyExistedEmail" time="4.593"/>
  <system-out/>
  <testcase classname="org.test.CustomerCreateOrganizationModule" name="characterListValidation" time="1.453"/>
  <system-out/>
  <testcase classname="org.test.CustomerCreateOrganizationModule" name="searchOrganizationNameListValidation" time="2.035"/>
  <system-out/>
  <testcase classname="org.test.CustomerCreateOrganizationModule" name="searchPhoneNumberListValidation" time="1.559"/>
  <system-out/>
  <testcase classname="org.test.CustomerCreateOrganizationModule" name="searchEmailListValidation" time="1.669"/>
  <system-out/>
  <testcase classname="org.test.CustomerCreateOrganizationModule" name="filterListValidation" time="2.974"/>
  <system-out/>
  <testcase classname="org.test.CustomerCreateOrganizationModule" name="searchInvalid" time="1.600"/>
  <system-out/>
  <testcase classname="org.test.CustomerCreateOrganizationModule" name="editLabel" time="4.478"/>
  <system-out/>
  <testcase classname="org.test.CustomerCreateOrganizationModule" name="organizationNamePrepopulate" time="0.107"/>
  <system-out/>
  <testcase classname="org.test.CustomerCreateOrganizationModule" name="websitePrepopulate" time="0.153"/>
  <system-out/>
  <testcase classname="org.test.CustomerCreateOrganizationModule" name="Address1Prepopulate" time="0.091"/>
  <system-out/>
  <testcase classname="org.test.CustomerCreateOrganizationModule" name="Address2Prepopulate" time="0.174"/>
  <system-out/>
  <testcase classname="org.test.CustomerCreateOrganizationModule" name="CityPrepopulate" time="0.128"/>
  <system-out/>
  <testcase classname="org.test.CustomerCreateOrganizationModule" name="StatePrepopulate" time="0.111"/>
  <system-out/>
  <testcase classname="org.test.CustomerCreateOrganizationModule" name="ZipcodePrepopulate" time="0.109"/>
  <system-out/>
  <testcase classname="org.test.CustomerCreateOrganizationModule" name="taxNumberPrepopulate" time="0.301"/>
  <system-out/>
  <testcase classname="org.test.CustomerCreateOrganizationModule" name="leadSourcePrepopulate" time="0.116"/>
  <system-out/>
  <testcase classname="org.test.CustomerCreateOrganizationModule" name="phoneNumberPrepopulate" time="0.347"/>
  <system-out/>
  <testcase classname="org.test.CustomerCreateOrganizationModule" name="firstNamePrepopulate" time="0.085"/>
  <system-out/>
  <testcase classname="org.test.CustomerCreateOrganizationModule" name="lastNamePrepopulate" time="0.089"/>
  <system-out/>
  <testcase classname="org.test.CustomerCreateOrganizationModule" name="emailPrepopulate" time="0.085"/>
  <system-out/>
  <testcase classname="org.test.CustomerCreateOrganizationModule" name="jobTittlePrepopulate" time="0.094"/>
  <system-out/>
  <testcase classname="org.test.CustomerCreateOrganizationModule" name="contactphoneNumberPrepopulate" time="0.357"/>
  <system-out/>
  <testcase classname="org.test.CustomerCreateOrganizationModule" name="propertyFirstNamePrepopulate" time="0.097"/>
  <system-out/>
  <testcase classname="org.test.CustomerCreateOrganizationModule" name="propertyLastNamePrepopulate" time="0.086"/>
  <system-out/>
  <testcase classname="org.test.CustomerCreateOrganizationModule" name="propertyNamePrepopulate" time="0.096"/>
  <system-out/>
  <testcase classname="org.test.CustomerCreateOrganizationModule" name="locationAddress1Prepopulate" time="0.086"/>
  <system-out/>
  <testcase classname="org.test.CustomerCreateOrganizationModule" name="locationAddress2Prepopulate" time="0.099"/>
  <system-out/>
  <testcase classname="org.test.CustomerCreateOrganizationModule" name="locationCityPrepopulate" time="0.086"/>
  <system-out/>
  <testcase classname="org.test.CustomerCreateOrganizationModule" name="locationStatePrepopulate" time="0.093"/>
  <system-out/>
  <testcase classname="org.test.CustomerCreateOrganizationModule" name="locationZipcodePrepopulate" time="0.361"/>
  <system-out/>
  <testcase classname="org.test.CustomerCreateOrganizationModule" name="productNamePrepopulate" time="0.105"/>
  <system-out/>
  <testcase classname="org.test.CustomerCreateOrganizationModule" name="brandNamePrepopulate" time="0.149"/>
  <system-out/>
  <testcase classname="org.test.CustomerCreateOrganizationModule" name="modelNumberPrepopulate" time="0.091"/>
  <system-out/>
  <testcase classname="org.test.CustomerCreateOrganizationModule" name="serialNumberPrepopulate" time="0.079"/>
  <system-out/>
  <testcase classname="org.test.CustomerCreateOrganizationModule" name="dateInstalledPrepopulate" time="0.264"/>
  <system-out/>
  <testcase classname="org.test.CustomerCreateOrganizationModule" name="warrantyInformationPrepopulate" time="0.083"/>
  <system-out/>
  <testcase classname="org.test.CustomerCreateOrganizationModule" name="accessHoursPrepopulate" time="0.088"/>
  <system-out/>
  <testcase classname="org.test.CustomerCreateOrganizationModule" name="installationNotesPrepopulate" time="1.602"/>
  <system-out/>
  <testcase classname="org.test.CustomerCreateOrganizationModule" name="editmaxValidation" time="2.681"/>
  <system-out/>
  <testcase classname="org.test.CustomerCreateOrganizationModule" name="editmaxValidationOrganizationField" time="1.284"/>
  <system-out/>
  <testcase classname="org.test.CustomerCreateOrganizationModule" name="editmaxValidationWebsiteField" time="5.523"/>
  <system-out/>
  <testcase classname="org.test.CustomerCreateOrganizationModule" name="editmaxValidationAddress1Field" time="0.816"/>
  <system-out/>
  <testcase classname="org.test.CustomerCreateOrganizationModule" name="editmaxValidationAddress2Field" time="0.791"/>
  <system-out/>
  <testcase classname="org.test.CustomerCreateOrganizationModule" name="editmaxValidationCityField" time="0.797"/>
  <system-out/>
  <testcase classname="org.test.CustomerCreateOrganizationModule" name="editmaxValidationStateField" time="0.765"/>
  <system-out/>
  <testcase classname="org.test.CustomerCreateOrganizationModule" name="editminValidationZipcodeField" time="0.303"/>
  <system-out/>
  <testcase classname="org.test.CustomerCreateOrganizationModule" name="editmaxValidationZipcodeField" time="0.323"/>
  <system-out/>
  <testcase classname="org.test.CustomerCreateOrganizationModule" name="editspecialCharacterZipcodeField" time="0.309"/>
  <system-out/>
  <testcase classname="org.test.CustomerCreateOrganizationModule" name="editemailValidation" time="0.333"/>
  <system-out/>
  <testcase classname="org.test.CustomerCreateOrganizationModule" name="editmaxValidationEmailField" time="0.794"/>
  <system-out/>
  <testcase classname="org.test.CustomerCreateOrganizationModule" name="editmaxValidationTaxNumberField" time="4.434"/>
  <system-out/>
  <testcase classname="org.test.CustomerCreateOrganizationModule" name="editinvalidPhoneNumberField" time="0.300"/>
  <system-out/>
  <testcase classname="org.test.CustomerCreateOrganizationModule" name="editminValidationPhoneNumberField" time="0.266"/>
  <system-out/>
  <testcase classname="org.test.CustomerCreateOrganizationModule" name="editmaxValidationPhoneNumberField" time="0.916"/>
  <system-out/>
  <testcase classname="org.test.CustomerCreateOrganizationModule" name="editmaxValidationContactFirstNameField" time="0.960"/>
  <system-out/>
  <testcase classname="org.test.CustomerCreateOrganizationModule" name="editmaxValidationContactLastNameField" time="1.031"/>
  <system-out/>
  <testcase classname="org.test.CustomerCreateOrganizationModule" name="editmaxValidationContactEmailField" time="0.988"/>
  <system-out/>
  <testcase classname="org.test.CustomerCreateOrganizationModule" name="editvalidateContactEmailField" time="0.407"/>
  <system-out/>
  <testcase classname="org.test.CustomerCreateOrganizationModule" name="editminValidationContactPhoneNumberField" time="0.373"/>
  <system-out/>
  <testcase classname="org.test.CustomerCreateOrganizationModule" name="editmaxValidationContactPhoneNumberField" time="0.449"/>
  <system-out/>
  <testcase classname="org.test.CustomerCreateOrganizationModule" name="editinvalidContactPhoneNumberField" time="0.437"/>
  <system-out/>
  <testcase classname="org.test.CustomerCreateOrganizationModule" name="editmaxValidationJobTittleField" time="1.712"/>
  <system-out/>
  <testcase classname="org.test.CustomerCreateOrganizationModule" name="editmaxValidationPropertyNameField" time="0.818"/>
  <system-out/>
  <testcase classname="org.test.CustomerCreateOrganizationModule" name="editmaxValidationPropertyFirstNameField" time="0.836"/>
  <system-out/>
  <testcase classname="org.test.CustomerCreateOrganizationModule" name="editmaxValidationPropertyLastNameField" time="0.907"/>
  <system-out/>
  <testcase classname="org.test.CustomerCreateOrganizationModule" name="editmaxValidationPropertyAddress1Field" time="0.834"/>
  <system-out/>
  <testcase classname="org.test.CustomerCreateOrganizationModule" name="editmaxValidationPropertyAddress2Field" time="0.839"/>
  <system-out/>
  <testcase classname="org.test.CustomerCreateOrganizationModule" name="editmaxValidationPropertyStateField" time="0.832"/>
  <system-out/>
  <testcase classname="org.test.CustomerCreateOrganizationModule" name="editmaxValidationPropertyCityField" time="0.800"/>
  <system-out/>
  <testcase classname="org.test.CustomerCreateOrganizationModule" name="editspecialCharacterPropertyZipcodeField" time="0.333"/>
  <system-out/>
  <testcase classname="org.test.CustomerCreateOrganizationModule" name="editminValidationPropertyZipCodeField" time="0.295"/>
  <system-out/>
  <testcase classname="org.test.CustomerCreateOrganizationModule" name="editmaxValidationPropertyZipCodeField" time="1.496"/>
  <system-out/>
  <testcase classname="org.test.CustomerCreateOrganizationModule" name="editmaxValidationProductNameField" time="1.257"/>
  <system-out/>
  <testcase classname="org.test.CustomerCreateOrganizationModule" name="editmaxValidationBrandNameField" time="1.141"/>
  <system-out/>
  <testcase classname="org.test.CustomerCreateOrganizationModule" name="editmaxValidationModelNumberField" time="1.165"/>
  <system-out/>
  <testcase classname="org.test.CustomerCreateOrganizationModule" name="editmaxValidationSerialNumberField" time="1.472"/>
  <system-out/>
  <testcase classname="org.test.CustomerCreateOrganizationModule" name="editdateValidation" time="8.953"/>
  <system-out/>
  <testcase classname="org.test.CustomerCreateOrganizationModule" name="editmaxValidationAccessHoursField" time="1.474"/>
  <system-out/>
  <testcase classname="org.test.CustomerCreateOrganizationModule" name="editmaxValidationInstallationNotesField" time="6.141"/>
  <system-out/>
  <testcase classname="org.test.CustomerCreateOrganizationModule" name="editOrganization" time="18.777"/>
  <system-out/>
  <testcase classname="org.test.CustomerCreateOrganizationModule" name="deleteContactList" time="8.466"/>
  <system-out/>
</testsuite> <!-- org.test.CustomerCreateOrganizationModule -->
