<?xml version="1.0" encoding="UTF-8"?>
<!-- Generated by org.testng.reporters.JUnitReportReporter -->
<<<<<<< HEAD
<testsuite hostname="DESKTOP-5M7AM2E" failures="0" tests="24" name="org.test.CategoryModule" time="158.799" errors="0" timestamp="2023-04-23T22:29:52 IST" skipped="0">
  <testcase classname="org.test.CategoryModule" name="loginPage" time="18.663"/>
  <system-out/>
  <testcase classname="org.test.CategoryModule" name="settingModule" time="1.964"/>
  <system-out/>
  <testcase classname="org.test.CategoryModule" name="createFormLabel" time="1.923"/>
  <system-out/>
  <testcase classname="org.test.CategoryModule" name="mandatoryValidationCategoryName" time="2.557"/>
  <system-out/>
  <testcase classname="org.test.CategoryModule" name="maximumValidationCategoryName" time="3.405"/>
  <system-out/>
  <testcase classname="org.test.CategoryModule" name="maximumValidationDescription" time="3.083"/>
  <system-out/>
  <testcase classname="org.test.CategoryModule" name="createButton" time="0.073"/>
  <system-out/>
  <testcase classname="org.test.CategoryModule" name="createCategoryProduct" time="9.044"/>
  <system-out/>
  <testcase classname="org.test.CategoryModule" name="createCategoryProductList" time="0.086"/>
  <system-out/>
  <testcase classname="org.test.CategoryModule" name="searchProductName" time="1.236"/>
  <system-out/>
  <testcase classname="org.test.CategoryModule" name="searchInvalid" time="1.373"/>
  <system-out/>
  <testcase classname="org.test.CategoryModule" name="editFormLabel" time="3.653"/>
  <system-out/>
  <testcase classname="org.test.CategoryModule" name="editmandatoryValidationCategoryName" time="0.269"/>
  <system-out/>
  <testcase classname="org.test.CategoryModule" name="editmaximumValidationCategoryName" time="3.296"/>
  <system-out/>
  <testcase classname="org.test.CategoryModule" name="editmaximumValidationDescription" time="3.028"/>
  <system-out/>
  <testcase classname="org.test.CategoryModule" name="updateButton" time="0.093"/>
  <system-out/>
  <testcase classname="org.test.CategoryModule" name="UpdateCategoryProduct" time="7.989"/>
  <system-out/>
  <testcase classname="org.test.CategoryModule" name="deleteProduct" time="18.398"/>
  <system-out/>
  <testcase classname="org.test.CategoryModule" name="reflectCategoryProduct" time="18.620"/>
  <system-out/>
  <testcase classname="org.test.CategoryModule" name="inactiveProductCategory" time="11.327"/>
  <system-out/>
  <testcase classname="org.test.CategoryModule" name="deleteProductCategory" time="12.152"/>
  <system-out/>
  <testcase classname="org.test.CategoryModule" name="reflectCategoryService" time="20.008"/>
  <system-out/>
  <testcase classname="org.test.CategoryModule" name="inactiveProductService" time="13.199"/>
  <system-out/>
  <testcase classname="org.test.CategoryModule" name="deleteProductService" time="3.360"/>
=======
<testsuite hostname="DESKTOP-5M7AM2E" failures="0" tests="24" name="org.test.CategoryModule" time="206.191" errors="0" timestamp="2023-04-28T13:35:00 IST" skipped="0">
  <testcase classname="org.test.CategoryModule" name="loginPage" time="40.132"/>
  <system-out/>
  <testcase classname="org.test.CategoryModule" name="settingModule" time="2.685"/>
  <system-out/>
  <testcase classname="org.test.CategoryModule" name="createFormLabel" time="1.643"/>
  <system-out/>
  <testcase classname="org.test.CategoryModule" name="mandatoryValidationCategoryName" time="2.800"/>
  <system-out/>
  <testcase classname="org.test.CategoryModule" name="maximumValidationCategoryName" time="5.557"/>
  <system-out/>
  <testcase classname="org.test.CategoryModule" name="maximumValidationDescription" time="4.287"/>
  <system-out/>
  <testcase classname="org.test.CategoryModule" name="createButton" time="0.081"/>
  <system-out/>
  <testcase classname="org.test.CategoryModule" name="createCategoryProduct" time="8.458"/>
  <system-out/>
  <testcase classname="org.test.CategoryModule" name="createCategoryProductList" time="0.128"/>
  <system-out/>
  <testcase classname="org.test.CategoryModule" name="searchProductName" time="3.488"/>
  <system-out/>
  <testcase classname="org.test.CategoryModule" name="searchInvalid" time="1.449"/>
  <system-out/>
  <testcase classname="org.test.CategoryModule" name="editFormLabel" time="7.749"/>
  <system-out/>
  <testcase classname="org.test.CategoryModule" name="editmandatoryValidationCategoryName" time="0.427"/>
  <system-out/>
  <testcase classname="org.test.CategoryModule" name="editmaximumValidationCategoryName" time="5.312"/>
  <system-out/>
  <testcase classname="org.test.CategoryModule" name="editmaximumValidationDescription" time="3.975"/>
  <system-out/>
  <testcase classname="org.test.CategoryModule" name="updateButton" time="0.107"/>
  <system-out/>
  <testcase classname="org.test.CategoryModule" name="UpdateCategoryProduct" time="9.079"/>
  <system-out/>
  <testcase classname="org.test.CategoryModule" name="deleteProduct" time="19.433"/>
  <system-out/>
  <testcase classname="org.test.CategoryModule" name="reflectCategoryProduct" time="22.682"/>
  <system-out/>
  <testcase classname="org.test.CategoryModule" name="inactiveProductCategory" time="12.889"/>
  <system-out/>
  <testcase classname="org.test.CategoryModule" name="deleteProductCategory" time="13.579"/>
  <system-out/>
  <testcase classname="org.test.CategoryModule" name="reflectCategoryService" time="22.018"/>
  <system-out/>
  <testcase classname="org.test.CategoryModule" name="inactiveProductService" time="14.013"/>
  <system-out/>
  <testcase classname="org.test.CategoryModule" name="deleteProductService" time="4.220"/>
>>>>>>> 0854a1eab27eed2f52fc7f8faa0085f4f5986c02
  <system-out/>
</testsuite> <!-- org.test.CategoryModule -->
