<?xml version="1.0" encoding="UTF-8"?>
<!-- Generated by org.testng.reporters.JUnitReportReporter -->
<testsuite hostname="DESKTOP-5M7AM2E" failures="0" tests="8" name="org.enhancement.TaxModule" time="94.018" errors="0" timestamp="2023-06-19T18:33:28 IST" skipped="0">
  <testcase classname="org.enhancement.TaxModule" name="loginPage" time="39.493"/>
  <system-out/>
  <testcase classname="org.enhancement.TaxModule" name="settingModule" time="2.076"/>
  <system-out/>
  <testcase classname="org.enhancement.TaxModule" name="createFormLabel" time="1.087"/>
  <system-out/>
  <testcase classname="org.enhancement.TaxModule" name="createTax" time="7.629"/>
  <system-out/>
  <testcase classname="org.enhancement.TaxModule" name="createTax" time="14.437"/>
  <system-out/>
  <testcase classname="org.enhancement.TaxModule" name="createTax" time="7.195"/>
  <system-out/>
  <testcase classname="org.enhancement.TaxModule" name="createTax" time="14.493"/>
  <system-out/>
  <testcase classname="org.enhancement.TaxModule" name="createTax" time="7.608"/>
  <system-out/>
</testsuite> <!-- org.enhancement.TaxModule -->
