<?xml version="1.0" encoding="UTF-8"?>
<!-- Generated by org.testng.reporters.JUnitReportReporter -->
<testsuite hostname="DESKTOP-5M7AM2E" failures="0" tests="7" name="org.test.Login" time="42.423" errors="0" timestamp="2023-01-17T20:28:19 IST" skipped="0">
  <testcase classname="org.test.Login" name="verifyEmptyEmail" time="9.339"/>
  <system-out/>
  <testcase classname="org.test.Login" name="verifyEmptyPassword" time="3.513"/>
  <system-out/>
  <testcase classname="org.test.Login" name="verifyIncorrectMail" time="3.757"/>
  <system-out/>
  <testcase classname="org.test.Login" name="verifyIncorrectPassword" time="3.037"/>
  <system-out/>
  <testcase classname="org.test.Login" name="verifyInvalidEmail" time="1.816"/>
  <system-out/>
  <testcase classname="org.test.Login" name="verifyInvalidCredentials" time="2.522"/>
  <system-out/>
  <testcase classname="org.test.Login" name="verify" time="18.439"/>
  <system-out/>
</testsuite> <!-- org.test.Login -->
