<?xml version="1.0" encoding="UTF-8"?>
<!-- Generated by org.testng.reporters.JUnitReportReporter -->
<testsuite hostname="DESKTOP-5M7AM2E" failures="0" tests="10" name="org.enhancement.CustomerOrganizationQuote" time="233.035" errors="0" timestamp="2023-06-04T11:22:12 IST" skipped="0">
  <testcase classname="org.enhancement.CustomerOrganizationQuote" name="loginPage" time="23.959"/>
  <system-out/>
  <testcase classname="org.enhancement.CustomerOrganizationQuote" name="contactModule" time="7.835"/>
  <system-out/>
  <testcase classname="org.enhancement.CustomerOrganizationQuote" name="createOrganization" time="28.042"/>
  <system-out/>
  <testcase classname="org.enhancement.CustomerOrganizationQuote" name="listabelValidation" time="8.306"/>
  <system-out/>
  <testcase classname="org.enhancement.CustomerOrganizationQuote" name="labelValidation" time="0.961"/>
  <system-out/>
  <testcase classname="org.enhancement.CustomerOrganizationQuote" name="createQuote" time="24.509"/>
  <system-out/>
  <testcase classname="org.enhancement.CustomerOrganizationQuote" name="createQuote" time="18.898"/>
  <system-out/>
  <testcase classname="org.enhancement.CustomerOrganizationQuote" name="createQuote" time="19.347"/>
  <system-out/>
  <testcase classname="org.enhancement.CustomerOrganizationQuote" name="createQuote" time="82.268"/>
  <system-out/>
  <testcase classname="org.enhancement.CustomerOrganizationQuote" name="createQuote" time="18.910"/>
  <system-out/>
</testsuite> <!-- org.enhancement.CustomerOrganizationQuote -->
