<?xml version="1.0" encoding="UTF-8"?>
<!-- Generated by org.testng.reporters.JUnitReportReporter -->
<testsuite hostname="DESKTOP-5M7AM2E" failures="0" tests="45" name="org.test.GlobalOrganizationJob" time="377.024" errors="0" timestamp="2023-05-12T12:40:26 IST" skipped="0">
  <testcase classname="org.test.GlobalOrganizationJob" name="loginPage" time="43.760"/>
  <system-out/>
  <testcase classname="org.test.GlobalOrganizationJob" name="jobModule" time="1.506"/>
  <system-out/>
  <testcase classname="org.test.GlobalOrganizationJob" name="labelValidation" time="2.917"/>
  <system-out/>
  <testcase classname="org.test.GlobalOrganizationJob" name="organizationMandatoryValidation" time="1.723"/>
  <system-out/>
  <testcase classname="org.test.GlobalOrganizationJob" name="autoCompleteOrganizationCreation" time="13.637"/>
  <system-out/>
  <testcase classname="org.test.GlobalOrganizationJob" name="autoCompleteOrganizationContactCreation" time="11.199"/>
  <system-out/>
  <testcase classname="org.test.GlobalOrganizationJob" name="mandatoryValidationLocation" time="0.064"/>
  <system-out/>
  <testcase classname="org.test.GlobalOrganizationJob" name="maximumValidationLocation" time="5.448"/>
  <system-out/>
  <testcase classname="org.test.GlobalOrganizationJob" name="maximumValidationTittle" time="5.273"/>
  <system-out/>
  <testcase classname="org.test.GlobalOrganizationJob" name="mandatoryValidationDescription" time="0.094"/>
  <system-out/>
  <testcase classname="org.test.GlobalOrganizationJob" name="maximumValidationDescription" time="4.927"/>
  <system-out/>
  <testcase classname="org.test.GlobalOrganizationJob" name="maximumTagValidation" time="0.753"/>
  <system-out/>
  <testcase classname="org.test.GlobalOrganizationJob" name="duplicateTagsValidation" time="0.383"/>
  <system-out/>
  <testcase classname="org.test.GlobalOrganizationJob" name="maxTagLimitValidation" time="14.662"/>
  <system-out/>
  <testcase classname="org.test.GlobalOrganizationJob" name="maximumValidationNotes" time="4.283"/>
  <system-out/>
  <testcase classname="org.test.GlobalOrganizationJob" name="createButton" time="0.118"/>
  <system-out/>
  <testcase classname="org.test.GlobalOrganizationJob" name="unsssignedJob" time="13.555"/>
  <system-out/>
  <testcase classname="org.test.GlobalOrganizationJob" name="jobUnassignedStatus" time="0.112"/>
  <system-out/>
  <testcase classname="org.test.GlobalOrganizationJob" name="labelEditValidation" time="10.104"/>
  <system-out/>
  <testcase classname="org.test.GlobalOrganizationJob" name="editsmandatoryValidationLocation" time="0.262"/>
  <system-out/>
  <testcase classname="org.test.GlobalOrganizationJob" name="editmaximumValidationLocation" time="4.906"/>
  <system-out/>
  <testcase classname="org.test.GlobalOrganizationJob" name="editmaximumValidationTittle" time="0.112"/>
  <system-out/>
  <testcase classname="org.test.GlobalOrganizationJob" name="editmandatoryValidationDescription" time="0.065"/>
  <system-out/>
  <testcase classname="org.test.GlobalOrganizationJob" name="editmaximumValidationDescription" time="4.439"/>
  <system-out/>
  <testcase classname="org.test.GlobalOrganizationJob" name="editmaximumTagValidation" time="0.766"/>
  <system-out/>
  <testcase classname="org.test.GlobalOrganizationJob" name="editduplicateTagsValidation" time="0.441"/>
  <system-out/>
  <testcase classname="org.test.GlobalOrganizationJob" name="editmaxTagLimitValidation" time="22.645"/>
  <system-out/>
  <testcase classname="org.test.GlobalOrganizationJob" name="editmaximumValidationNotes" time="4.374"/>
  <system-out/>
  <testcase classname="org.test.GlobalOrganizationJob" name="updateButton" time="0.063"/>
  <system-out/>
  <testcase classname="org.test.GlobalOrganizationJob" name="editJobwithFromDateFromTime" time="10.915"/>
  <system-out/>
  <testcase classname="org.test.GlobalOrganizationJob" name="createJob_FromDateandTime_ToDateandTime" time="29.906"/>
  <system-out/>
  <testcase classname="org.test.GlobalOrganizationJob" name="jobScheduleStatus" time="20.356"/>
  <system-out/>
  <testcase classname="org.test.GlobalOrganizationJob" name="dispatchedJob" time="14.405"/>
  <system-out/>
  <testcase classname="org.test.GlobalOrganizationJob" name="jobDispatchedStatus" time="20.265"/>
  <system-out/>
  <testcase classname="org.test.GlobalOrganizationJob" name="startedJob" time="12.269"/>
  <system-out/>
  <testcase classname="org.test.GlobalOrganizationJob" name="jobStartedStatus" time="26.872"/>
  <system-out/>
  <testcase classname="org.test.GlobalOrganizationJob" name="completedJob" time="13.861"/>
  <system-out/>
  <testcase classname="org.test.GlobalOrganizationJob" name="jobCompleteStatus" time="24.211"/>
  <system-out/>
  <testcase classname="org.test.GlobalOrganizationJob" name="cancelledJob" time="15.799"/>
  <system-out/>
  <testcase classname="org.test.GlobalOrganizationJob" name="jobCancelledStatus" time="0.204"/>
  <system-out/>
  <testcase classname="org.test.GlobalOrganizationJob" name="searchCustomerName" time="2.351"/>
  <system-out/>
  <testcase classname="org.test.GlobalOrganizationJob" name="searchJobNo" time="5.825"/>
  <system-out/>
  <testcase classname="org.test.GlobalOrganizationJob" name="searchLocation" time="0.291"/>
  <system-out/>
  <testcase classname="org.test.GlobalOrganizationJob" name="searchFilterByDate" time="4.558"/>
  <system-out/>
  <testcase classname="org.test.GlobalOrganizationJob" name="searchInvalid" time="2.345"/>
  <system-out/>
</testsuite> <!-- org.test.GlobalOrganizationJob -->
