<?xml version="1.0" encoding="UTF-8"?>
<!-- Generated by org.testng.reporters.JUnitReportReporter -->
<testsuite hostname="DESKTOP-5M7AM2E" failures="0" tests="73" name="org.test.CustomerOrganizationQuote" time="522.318" errors="0" timestamp="2023-06-24T16:51:45 IST" skipped="7">
  <testcase classname="org.test.CustomerOrganizationQuote" name="loginPage" time="23.921"/>
  <system-out/>
  <testcase classname="org.test.CustomerOrganizationQuote" name="contactModule" time="8.783"/>
  <system-out/>
  <testcase classname="org.test.CustomerOrganizationQuote" name="createOrganization" time="22.850"/>
  <system-out/>
  <testcase classname="org.test.CustomerOrganizationQuote" name="listabelValidation" time="7.585"/>
  <system-out/>
  <testcase classname="org.test.CustomerOrganizationQuote" name="namePrepopulation" time="2.213"/>
  <system-out/>
  <testcase classname="org.test.CustomerOrganizationQuote" name="labelValidation" time="0.869"/>
  <system-out/>
  <testcase classname="org.test.CustomerOrganizationQuote" name="autoCompleteOrganizationContactCreation" time="20.810">
    <skipped/>
  </testcase> <!-- autoCompleteOrganizationContactCreation -->
  <system-out/>
  <testcase classname="org.test.CustomerOrganizationQuote" name="mandatoryValidationExpiryDate" time="0.464"/>
  <system-out/>
  <testcase classname="org.test.CustomerOrganizationQuote" name="mandatoryValidationInventoryItem" time="0.080"/>
  <system-out/>
  <testcase classname="org.test.CustomerOrganizationQuote" name="mandatoryValidationPrice" time="0.127"/>
  <system-out/>
  <testcase classname="org.test.CustomerOrganizationQuote" name="mandatoryValidationQunatity" time="0.088"/>
  <system-out/>
  <testcase classname="org.test.CustomerOrganizationQuote" name="mandatoryValidationDescription" time="0.087"/>
  <system-out/>
  <testcase classname="org.test.CustomerOrganizationQuote" name="maximumValidationReference" time="1.385"/>
  <system-out/>
  <testcase classname="org.test.CustomerOrganizationQuote" name="maximumValidationQuoteTittle" time="1.041"/>
  <system-out/>
  <testcase classname="org.test.CustomerOrganizationQuote" name="maximumValidationInventoryItem" time="1.565"/>
  <system-out/>
  <testcase classname="org.test.CustomerOrganizationQuote" name="emptyValidationQuantityField" time="0.289"/>
  <system-out/>
  <testcase classname="org.test.CustomerOrganizationQuote" name="maxQuanitityLimit" time="0.384"/>
  <system-out/>
  <testcase classname="org.test.CustomerOrganizationQuote" name="afterDecimalPointValidationQuantityField" time="0.289"/>
  <system-out/>
  <testcase classname="org.test.CustomerOrganizationQuote" name="beforeDecimalPointValidationQuantityField" time="0.454"/>
  <system-out/>
  <testcase classname="org.test.CustomerOrganizationQuote" name="emptyValidationPriceField" time="0.344"/>
  <system-out/>
  <testcase classname="org.test.CustomerOrganizationQuote" name="maxPriceLimit" time="0.327"/>
  <system-out/>
  <testcase classname="org.test.CustomerOrganizationQuote" name="beforeDecimalPointPriceField" time="0.346"/>
  <system-out/>
  <testcase classname="org.test.CustomerOrganizationQuote" name="afterDecimalPointPriceField" time="0.393"/>
  <system-out/>
  <testcase classname="org.test.CustomerOrganizationQuote" name="afterDecimalPointDiscountField" time="0.288"/>
  <system-out/>
  <testcase classname="org.test.CustomerOrganizationQuote" name="beforeDecimalPointDiscountField" time="0.328"/>
  <system-out/>
  <testcase classname="org.test.CustomerOrganizationQuote" name="maxLimitDiscountField" time="0.405"/>
  <system-out/>
  <testcase classname="org.test.CustomerOrganizationQuote" name="afterDecimalPointTaxField" time="1.342">
    <skipped/>
  </testcase> <!-- afterDecimalPointTaxField -->
  <system-out/>
  <testcase classname="org.test.CustomerOrganizationQuote" name="beforeDecimalPointTaxField" time="1.306">
    <skipped/>
  </testcase> <!-- beforeDecimalPointTaxField -->
  <system-out/>
  <testcase classname="org.test.CustomerOrganizationQuote" name="maxLimitTaxField" time="1.265">
    <skipped/>
  </testcase> <!-- maxLimitTaxField -->
  <system-out/>
  <testcase classname="org.test.CustomerOrganizationQuote" name="maximumValidationDescription" time="63.044"/>
  <system-out/>
  <testcase classname="org.test.CustomerOrganizationQuote" name="maximumValidationNotes" time="58.461"/>
  <system-out/>
  <testcase classname="org.test.CustomerOrganizationQuote" name="expiryFieldPastDateValidation" time="7.932"/>
  <system-out/>
  <testcase classname="org.test.CustomerOrganizationQuote" name="validateCalculation" time="8.249"/>
  <system-out/>
  <testcase classname="org.test.CustomerOrganizationQuote" name="createQuote" time="17.213"/>
  <system-out/>
  <testcase classname="org.test.CustomerOrganizationQuote" name="quoteCreatedCount" time="0.090"/>
  <system-out/>
  <testcase classname="org.test.CustomerOrganizationQuote" name="quoteEdit" time="9.366"/>
  <system-out/>
  <testcase classname="org.test.CustomerOrganizationQuote" name="editmandatoryValidationExpiryDate" time="0.437"/>
  <system-out/>
  <testcase classname="org.test.CustomerOrganizationQuote" name="editmandatoryValidationQunatity" time="0.070"/>
  <system-out/>
  <testcase classname="org.test.CustomerOrganizationQuote" name="editmandatoryValidationPrice" time="0.056"/>
  <system-out/>
  <testcase classname="org.test.CustomerOrganizationQuote" name="editmandatoryValidationDescription" time="0.068"/>
  <system-out/>
  <testcase classname="org.test.CustomerOrganizationQuote" name="editmaximumValidationReference" time="1.361"/>
  <system-out/>
  <testcase classname="org.test.CustomerOrganizationQuote" name="editmaximumValidationQuoteTittle" time="0.990"/>
  <system-out/>
  <testcase classname="org.test.CustomerOrganizationQuote" name="editmaximumValidationInventoryItem" time="1.406"/>
  <system-out/>
  <testcase classname="org.test.CustomerOrganizationQuote" name="editemptyValidationQuantityField" time="0.397"/>
  <system-out/>
  <testcase classname="org.test.CustomerOrganizationQuote" name="editmaxQuanitityLimit" time="0.405"/>
  <system-out/>
  <testcase classname="org.test.CustomerOrganizationQuote" name="editafterDecimalPointValidationQuantityField" time="0.271"/>
  <system-out/>
  <testcase classname="org.test.CustomerOrganizationQuote" name="editbeforeDecimalPointValidationQuantityField" time="0.407"/>
  <system-out/>
  <testcase classname="org.test.CustomerOrganizationQuote" name="editemptyValidationPriceField" time="0.332"/>
  <system-out/>
  <testcase classname="org.test.CustomerOrganizationQuote" name="editmaxPriceLimit" time="0.251"/>
  <system-out/>
  <testcase classname="org.test.CustomerOrganizationQuote" name="editbeforeDecimalPointPriceField" time="0.263"/>
  <system-out/>
  <testcase classname="org.test.CustomerOrganizationQuote" name="editafterDecimalPointPriceField" time="0.364"/>
  <system-out/>
  <testcase classname="org.test.CustomerOrganizationQuote" name="editafterDecimalPointDiscountField" time="0.277"/>
  <system-out/>
  <testcase classname="org.test.CustomerOrganizationQuote" name="editbeforeDecimalPointDiscountField" time="0.360"/>
  <system-out/>
  <testcase classname="org.test.CustomerOrganizationQuote" name="editmaxLimitDiscountField" time="0.326"/>
  <system-out/>
  <testcase classname="org.test.CustomerOrganizationQuote" name="editafterDecimalPointTaxField" time="1.335">
    <skipped/>
  </testcase> <!-- editafterDecimalPointTaxField -->
  <system-out/>
  <testcase classname="org.test.CustomerOrganizationQuote" name="editbeforeDecimalPointTaxField" time="1.316">
    <skipped/>
  </testcase> <!-- editbeforeDecimalPointTaxField -->
  <system-out/>
  <testcase classname="org.test.CustomerOrganizationQuote" name="editmaxLimitTaxField" time="1.270">
    <skipped/>
  </testcase> <!-- editmaxLimitTaxField -->
  <system-out/>
  <testcase classname="org.test.CustomerOrganizationQuote" name="editmaximumValidationDescription" time="62.692"/>
  <system-out/>
  <testcase classname="org.test.CustomerOrganizationQuote" name="editmaximumValidationNotes" time="58.493"/>
  <system-out/>
  <testcase classname="org.test.CustomerOrganizationQuote" name="editexpiryFieldPastDateValidation" time="8.441"/>
  <system-out/>
  <testcase classname="org.test.CustomerOrganizationQuote" name="updateQuote" time="13.332"/>
  <system-out/>
  <testcase classname="org.test.CustomerOrganizationQuote" name="checkResponseCode" time="2.366"/>
  <system-out/>
  <testcase classname="org.test.CustomerOrganizationQuote" name="createdQuoteStatus" time="1.173"/>
  <system-out/>
  <testcase classname="org.test.CustomerOrganizationQuote" name="draftQuote" time="12.548"/>
  <system-out/>
  <testcase classname="org.test.CustomerOrganizationQuote" name="convertQuote" time="31.612"/>
  <system-out/>
  <testcase classname="org.test.CustomerOrganizationQuote" name="declinedStatus" time="26.760"/>
  <system-out/>
  <testcase classname="org.test.CustomerOrganizationQuote" name="listQuoteNo" time="2.716"/>
  <system-out/>
  <testcase classname="org.test.CustomerOrganizationQuote" name="listQuoteTittle" time="2.810"/>
  <system-out/>
  <testcase classname="org.test.CustomerOrganizationQuote" name="listQuoteReference" time="4.779"/>
  <system-out/>
  <testcase classname="org.test.CustomerOrganizationQuote" name="filterDateInvoice" time="4.896"/>
  <system-out/>
  <testcase classname="org.test.CustomerOrganizationQuote" name="listInvalid" time="4.135"/>
  <system-out/>
  <testcase classname="org.test.CustomerOrganizationQuote" name="shareLinkResponseCOde" time="3.943"/>
  <system-out/>
  <testcase classname="org.test.CustomerOrganizationQuote" name="pdfLinkResponseCOde" time="5.677"/>
  <system-out/>
</testsuite> <!-- org.test.CustomerOrganizationQuote -->
