<?xml version="1.0" encoding="UTF-8"?>
<!-- Generated by org.testng.reporters.JUnitReportReporter -->
<testsuite hostname="DESKTOP-5M7AM2E" failures="0" tests="69" name="org.test.GlobalOrganizationInvoice" time="162.659" errors="0" timestamp="2023-05-04T12:17:21 IST" skipped="0">
  <testcase classname="org.test.GlobalOrganizationInvoice" name="loginPage" time="25.286"/>
  <system-out/>
  <testcase classname="org.test.GlobalOrganizationInvoice" name="invoiceModule" time="3.345"/>
  <system-out/>
  <testcase classname="org.test.GlobalOrganizationInvoice" name="contactMandatoryValidation" time="1.677"/>
  <system-out/>
  <testcase classname="org.test.GlobalOrganizationInvoice" name="mandatoryValidationDeuDate" time="0.056"/>
  <system-out/>
  <testcase classname="org.test.GlobalOrganizationInvoice" name="mandatoryValidationInventoryItem" time="0.063"/>
  <system-out/>
  <testcase classname="org.test.GlobalOrganizationInvoice" name="mandatoryValidationQunatity" time="0.063"/>
  <system-out/>
  <testcase classname="org.test.GlobalOrganizationInvoice" name="mandatoryValidationPrice" time="0.063"/>
  <system-out/>
  <testcase classname="org.test.GlobalOrganizationInvoice" name="mandatoryValidationDescription" time="0.062"/>
  <system-out/>
  <testcase classname="org.test.GlobalOrganizationInvoice" name="autoCompleteContactCreation" time="12.661"/>
  <system-out/>
  <testcase classname="org.test.GlobalOrganizationInvoice" name="autoCompleteOrganizationContactCreation" time="9.829"/>
  <system-out/>
  <testcase classname="org.test.GlobalOrganizationInvoice" name="maximumValidationReference" time="0.331"/>
  <system-out/>
  <testcase classname="org.test.GlobalOrganizationInvoice" name="maximumValidationInvoiceTittle" time="1.001"/>
  <system-out/>
  <testcase classname="org.test.GlobalOrganizationInvoice" name="maximumValidationInventoryItem" time="0.972"/>
  <system-out/>
  <testcase classname="org.test.GlobalOrganizationInvoice" name="emptyValidationQuantityField" time="0.301"/>
  <system-out/>
  <testcase classname="org.test.GlobalOrganizationInvoice" name="maxQuanitityLimit" time="0.284"/>
  <system-out/>
  <testcase classname="org.test.GlobalOrganizationInvoice" name="afterDecimalPointValidationQuantityField" time="0.188"/>
  <system-out/>
  <testcase classname="org.test.GlobalOrganizationInvoice" name="beforeDecimalPointValidationQuantityField" time="0.300"/>
  <system-out/>
  <testcase classname="org.test.GlobalOrganizationInvoice" name="emptyValidationPriceField" time="0.243"/>
  <system-out/>
  <testcase classname="org.test.GlobalOrganizationInvoice" name="maxPriceLimit" time="0.204"/>
  <system-out/>
  <testcase classname="org.test.GlobalOrganizationInvoice" name="beforeDecimalPointPriceField" time="0.229"/>
  <system-out/>
  <testcase classname="org.test.GlobalOrganizationInvoice" name="afterDecimalPointPriceField" time="0.273"/>
  <system-out/>
  <testcase classname="org.test.GlobalOrganizationInvoice" name="afterDecimalPointDiscountField" time="0.333"/>
  <system-out/>
  <testcase classname="org.test.GlobalOrganizationInvoice" name="beforeDecimalPointDiscountField" time="0.210"/>
  <system-out/>
  <testcase classname="org.test.GlobalOrganizationInvoice" name="maxLimitDiscountField" time="0.268"/>
  <system-out/>
  <testcase classname="org.test.GlobalOrganizationInvoice" name="afterDecimalPointTaxField" time="0.249"/>
  <system-out/>
  <testcase classname="org.test.GlobalOrganizationInvoice" name="beforeDecimalPointTaxField" time="0.186"/>
  <system-out/>
  <testcase classname="org.test.GlobalOrganizationInvoice" name="maxLimitTaxField" time="0.225"/>
  <system-out/>
  <testcase classname="org.test.GlobalOrganizationInvoice" name="maximumValidationDescription" time="1.876"/>
  <system-out/>
  <testcase classname="org.test.GlobalOrganizationInvoice" name="maximumValidationNotes" time="5.912"/>
  <system-out/>
  <testcase classname="org.test.GlobalOrganizationInvoice" name="expiryFieldPastDateValidation" time="8.007"/>
  <system-out/>
  <testcase classname="org.test.GlobalOrganizationInvoice" name="validateCalculation" time="1.025"/>
  <system-out/>
  <testcase classname="org.test.GlobalOrganizationInvoice" name="createInvoice" time="12.132"/>
  <system-out/>
  <testcase classname="org.test.GlobalOrganizationInvoice" name="editLableValidation" time="7.825"/>
  <system-out/>
  <testcase classname="org.test.GlobalOrganizationInvoice" name="mandatoryValidationEditDueDate" time="0.770"/>
  <system-out/>
  <testcase classname="org.test.GlobalOrganizationInvoice" name="mandatoryValidationEditQunatity" time="0.067"/>
  <system-out/>
  <testcase classname="org.test.GlobalOrganizationInvoice" name="mandatoryValidationEditPrice" time="0.065"/>
  <system-out/>
  <testcase classname="org.test.GlobalOrganizationInvoice" name="mandatoryValidationEditDescription" time="0.057"/>
  <system-out/>
  <testcase classname="org.test.GlobalOrganizationInvoice" name="maximumValidationEditReference" time="0.650"/>
  <system-out/>
  <testcase classname="org.test.GlobalOrganizationInvoice" name="maximumValidationEditInvoiceTittle" time="0.677"/>
  <system-out/>
  <testcase classname="org.test.GlobalOrganizationInvoice" name="maximumValidationEditInventoryItem" time="1.104"/>
  <system-out/>
  <testcase classname="org.test.GlobalOrganizationInvoice" name="emptyValidationEditQuantityField" time="0.218"/>
  <system-out/>
  <testcase classname="org.test.GlobalOrganizationInvoice" name="maxEditQuanitityLimit" time="0.284"/>
  <system-out/>
  <testcase classname="org.test.GlobalOrganizationInvoice" name="afterEditDecimalPointValidationQuantityField" time="0.299"/>
  <system-out/>
  <testcase classname="org.test.GlobalOrganizationInvoice" name="beforeEditDecimalPointValidationQuantityField" time="0.377"/>
  <system-out/>
  <testcase classname="org.test.GlobalOrganizationInvoice" name="emptyValidationEditPriceField" time="0.239"/>
  <system-out/>
  <testcase classname="org.test.GlobalOrganizationInvoice" name="maxEditPriceLimit" time="0.180"/>
  <system-out/>
  <testcase classname="org.test.GlobalOrganizationInvoice" name="beforeEditDecimalPointPriceField" time="0.235"/>
  <system-out/>
  <testcase classname="org.test.GlobalOrganizationInvoice" name="afterEditDecimalPointPriceField" time="0.253"/>
  <system-out/>
  <testcase classname="org.test.GlobalOrganizationInvoice" name="afterEditDecimalPointDiscountField" time="0.202"/>
  <system-out/>
  <testcase classname="org.test.GlobalOrganizationInvoice" name="beforeEditDecimalPointDiscountField" time="0.196"/>
  <system-out/>
  <testcase classname="org.test.GlobalOrganizationInvoice" name="maxLimitEditDiscountField" time="0.167"/>
  <system-out/>
  <testcase classname="org.test.GlobalOrganizationInvoice" name="afterDecimalEditPointTaxField" time="0.202"/>
  <system-out/>
  <testcase classname="org.test.GlobalOrganizationInvoice" name="beforeDecimalEditPointTaxField" time="0.187"/>
  <system-out/>
  <testcase classname="org.test.GlobalOrganizationInvoice" name="maxEditLimitTaxField" time="0.232"/>
  <system-out/>
  <testcase classname="org.test.GlobalOrganizationInvoice" name="maximumEditValidationDescription" time="1.935"/>
  <system-out/>
  <testcase classname="org.test.GlobalOrganizationInvoice" name="maximumEditValidationNotes" time="5.178"/>
  <system-out/>
  <testcase classname="org.test.GlobalOrganizationInvoice" name="expiryEditFieldPastDateValidation" time="7.870"/>
  <system-out/>
  <testcase classname="org.test.GlobalOrganizationInvoice" name="updatedInvoice" time="11.868"/>
  <system-out/>
  <testcase classname="org.test.GlobalOrganizationInvoice" name="draftInvoice" time="17.355"/>
  <system-out/>
  <testcase classname="org.test.GlobalOrganizationInvoice" name="createdQuoteStatus" time="0.095"/>
  <system-out/>
  <testcase classname="org.test.GlobalOrganizationInvoice" name="UpdatedInvociePartialPayment" time="3.377"/>
  <system-out/>
  <testcase classname="org.test.GlobalOrganizationInvoice" name="partialPaidAmount" time="0.056"/>
  <system-out/>
  <testcase classname="org.test.GlobalOrganizationInvoice" name="UpdatedInvociePaid" time="4.122"/>
  <system-out/>
  <testcase classname="org.test.GlobalOrganizationInvoice" name="fullyPaidAmount" time="0.170"/>
  <system-out/>
  <testcase classname="org.test.GlobalOrganizationInvoice" name="listCustomerName" time="1.806"/>
  <system-out/>
  <testcase classname="org.test.GlobalOrganizationInvoice" name="listInvoiceNo" time="1.858"/>
  <system-out/>
  <testcase classname="org.test.GlobalOrganizationInvoice" name="listQuoteReference" time="1.750"/>
  <system-out/>
  <testcase classname="org.test.GlobalOrganizationInvoice" name="filterDateInvoice" time="1.648"/>
  <system-out/>
  <testcase classname="org.test.GlobalOrganizationInvoice" name="listInvalid" time="1.231"/>
  <system-out/>
</testsuite> <!-- org.test.GlobalOrganizationInvoice -->
