<?xml version="1.0" encoding="UTF-8"?>
<!-- Generated by org.testng.reporters.JUnitReportReporter -->
<testsuite hostname="DESKTOP-5M7AM2E" failures="0" tests="4" name="org.enhancement.TaxModule" time="64.262" errors="0" timestamp="2023-04-23T11:13:03 IST" skipped="0">
  <testcase classname="org.enhancement.TaxModule" name="loginPage" time="51.707"/>
  <system-out/>
  <testcase classname="org.enhancement.TaxModule" name="settingModule" time="1.694"/>
  <system-out/>
  <testcase classname="org.enhancement.TaxModule" name="createFormLabel" time="0.931"/>
  <system-out/>
  <testcase classname="org.enhancement.TaxModule" name="createTax" time="9.930"/>
  <system-out/>
</testsuite> <!-- org.enhancement.TaxModule -->
