<?xml version="1.0" encoding="UTF-8"?>
<!-- Generated by org.testng.reporters.JUnitReportReporter -->
<testsuite hostname="DESKTOP-5M7AM2E" failures="0" tests="7" name="org.enhancement.TeamCompanyContractor" time="82.709" errors="0" timestamp="2023-06-04T11:22:12 IST" skipped="0">
  <testcase classname="org.enhancement.TeamCompanyContractor" name="verify" time="25.144"/>
  <system-out/>
  <testcase classname="org.enhancement.TeamCompanyContractor" name="createLabel" time="5.981"/>
  <system-out/>
  <testcase classname="org.enhancement.TeamCompanyContractor" name="createContract" time="10.146"/>
  <system-out/>
  <testcase classname="org.enhancement.TeamCompanyContractor" name="createContract" time="10.163"/>
  <system-out/>
  <testcase classname="org.enhancement.TeamCompanyContractor" name="createContract" time="10.302"/>
  <system-out/>
  <testcase classname="org.enhancement.TeamCompanyContractor" name="createContract" time="10.833"/>
  <system-out/>
  <testcase classname="org.enhancement.TeamCompanyContractor" name="createContract" time="10.140"/>
  <system-out/>
</testsuite> <!-- org.enhancement.TeamCompanyContractor -->
