<?xml version="1.0" encoding="UTF-8"?>
<!-- Generated by org.testng.reporters.JUnitReportReporter -->
<testsuite hostname="DESKTOP-5M7AM2E" failures="0" tests="20" name="org.test.BusinessUnit" time="165.255" errors="0" timestamp="2023-05-26T11:27:15 IST" skipped="0">
  <testcase classname="org.test.BusinessUnit" name="loginPage" time="32.533"/>
  <system-out/>
  <testcase classname="org.test.BusinessUnit" name="settingModule" time="12.080"/>
  <system-out/>
  <testcase classname="org.test.BusinessUnit" name="businessUnitLabel" time="0.114"/>
  <system-out/>
  <testcase classname="org.test.BusinessUnit" name="createFormLabel" time="6.958"/>
  <system-out/>
  <testcase classname="org.test.BusinessUnit" name="mandatoryValidation" time="7.114"/>
  <system-out/>
  <testcase classname="org.test.BusinessUnit" name="maximumValidationBussinessUnit" time="7.985"/>
  <system-out/>
  <testcase classname="org.test.BusinessUnit" name="verifySaveButtonExist" time="0.530"/>
  <system-out/>
  <testcase classname="org.test.BusinessUnit" name="businessCreate" time="8.306"/>
  <system-out/>
  <testcase classname="org.test.BusinessUnit" name="businessCreateList" time="0.090"/>
  <system-out/>
  <testcase classname="org.test.BusinessUnit" name="activeStatus" time="0.099"/>
  <system-out/>
  <testcase classname="org.test.BusinessUnit" name="alreadyExists" time="2.034"/>
  <system-out/>
  <testcase classname="org.test.BusinessUnit" name="editFormLabel" time="4.431"/>
  <system-out/>
  <testcase classname="org.test.BusinessUnit" name="editmandatoryValidation" time="1.446"/>
  <system-out/>
  <testcase classname="org.test.BusinessUnit" name="editmaximumValidationBussinessUnit" time="6.724"/>
  <system-out/>
  <testcase classname="org.test.BusinessUnit" name="verifyUpdateButtonExist" time="0.435"/>
  <system-out/>
  <testcase classname="org.test.BusinessUnit" name="businessUpdate" time="8.466"/>
  <system-out/>
  <testcase classname="org.test.BusinessUnit" name="deleteBusinessUnit" time="18.470"/>
  <system-out/>
  <testcase classname="org.test.BusinessUnit" name="reflectCreateContactPage" time="22.962"/>
  <system-out/>
  <testcase classname="org.test.BusinessUnit" name="inactiveLeadSource" time="17.662"/>
  <system-out/>
  <testcase classname="org.test.BusinessUnit" name="deleteLeadSource" time="6.816"/>
  <system-out/>
</testsuite> <!-- org.test.BusinessUnit -->
