<?xml version="1.0" encoding="UTF-8"?>
<!-- Generated by org.testng.reporters.JUnitReportReporter -->
<<<<<<< HEAD
<<<<<<< HEAD
<testsuite hostname="DESKTOP-5M7AM2E" failures="0" tests="4" name="org.enhancement.CustomerContactModule" time="151.544" errors="0" timestamp="2023-05-22T20:03:10 IST" skipped="0">
  <testcase classname="org.enhancement.CustomerContactModule" name="loginPage" time="120.917"/>
  <system-out/>
  <testcase classname="org.enhancement.CustomerContactModule" name="contactModule" time="16.622"/>
  <system-out/>
  <testcase classname="org.enhancement.CustomerContactModule" name="createLabel" time="0.063"/>
  <system-out/>
  <testcase classname="org.enhancement.CustomerContactModule" name="CreateContact" time="13.942"/>
=======
<testsuite hostname="DESKTOP-5M7AM2E" failures="0" tests="4" name="org.enhancement.CustomerContactModule" time="56.240" errors="0" timestamp="2023-05-25T11:49:57 IST" skipped="0">
  <testcase classname="org.enhancement.CustomerContactModule" name="loginPage" time="33.737"/>
=======
<testsuite hostname="DESKTOP-5M7AM2E" failures="0" tests="8" name="org.enhancement.CustomerContactModule" time="110.815" errors="0" timestamp="2023-06-04T11:22:12 IST" skipped="0">
  <testcase classname="org.enhancement.CustomerContactModule" name="loginPage" time="26.440"/>
>>>>>>> 8f032e9abfd9edfc56ded76230782504aeca4741
  <system-out/>
  <testcase classname="org.enhancement.CustomerContactModule" name="contactModule" time="6.809"/>
  <system-out/>
  <testcase classname="org.enhancement.CustomerContactModule" name="createLabel" time="0.417"/>
  <system-out/>
<<<<<<< HEAD
  <testcase classname="org.enhancement.CustomerContactModule" name="CreateContact" time="15.336"/>
>>>>>>> c5699b793ecef34ca60eb49f33139d209ba1ec97
=======
  <testcase classname="org.enhancement.CustomerContactModule" name="CreateContact" time="17.360"/>
  <system-out/>
  <testcase classname="org.enhancement.CustomerContactModule" name="CreateContact" time="14.191"/>
  <system-out/>
  <testcase classname="org.enhancement.CustomerContactModule" name="CreateContact" time="16.411"/>
  <system-out/>
  <testcase classname="org.enhancement.CustomerContactModule" name="CreateContact" time="14.772"/>
  <system-out/>
  <testcase classname="org.enhancement.CustomerContactModule" name="CreateContact" time="14.415"/>
>>>>>>> 8f032e9abfd9edfc56ded76230782504aeca4741
  <system-out/>
</testsuite> <!-- org.enhancement.CustomerContactModule -->
