<?xml version="1.0" encoding="UTF-8"?>
<!-- Generated by org.testng.reporters.JUnitReportReporter -->
<testsuite hostname="DESKTOP-5M7AM2E" failures="0" tests="69" name="org.test.GlobalContactQuote" time="194.677" errors="0" timestamp="2023-05-04T12:17:21 IST" skipped="0">
  <testcase classname="org.test.GlobalContactQuote" name="loginPage" time="25.439"/>
  <system-out/>
  <testcase classname="org.test.GlobalContactQuote" name="quoteModule" time="3.028"/>
  <system-out/>
  <testcase classname="org.test.GlobalContactQuote" name="labelValidation" time="0.871"/>
  <system-out/>
  <testcase classname="org.test.GlobalContactQuote" name="contactMandatoryValidation" time="1.618"/>
  <system-out/>
  <testcase classname="org.test.GlobalContactQuote" name="mandatoryValidationExpiryDate" time="0.062"/>
  <system-out/>
  <testcase classname="org.test.GlobalContactQuote" name="mandatoryValidationInventoryItem" time="0.063"/>
  <system-out/>
  <testcase classname="org.test.GlobalContactQuote" name="mandatoryValidationQunatity" time="0.064"/>
  <system-out/>
  <testcase classname="org.test.GlobalContactQuote" name="mandatoryValidationPrice" time="0.065"/>
  <system-out/>
  <testcase classname="org.test.GlobalContactQuote" name="mandatoryValidationDescription" time="0.064"/>
  <system-out/>
  <testcase classname="org.test.GlobalContactQuote" name="autoCompleteContactCreation" time="9.512"/>
  <system-out/>
  <testcase classname="org.test.GlobalContactQuote" name="maximumValidationQuoteTittle" time="0.727"/>
  <system-out/>
  <testcase classname="org.test.GlobalContactQuote" name="maximumValidationReference" time="0.723"/>
  <system-out/>
  <testcase classname="org.test.GlobalContactQuote" name="maximumValidationInventoryItem" time="1.087"/>
  <system-out/>
  <testcase classname="org.test.GlobalContactQuote" name="emptyValidationQuantityField" time="0.228"/>
  <system-out/>
  <testcase classname="org.test.GlobalContactQuote" name="maxQuanitityLimit" time="0.308"/>
  <system-out/>
  <testcase classname="org.test.GlobalContactQuote" name="afterDecimalPointValidationQuantityField" time="0.199"/>
  <system-out/>
  <testcase classname="org.test.GlobalContactQuote" name="beforeDecimalPointValidationQuantityField" time="0.297"/>
  <system-out/>
  <testcase classname="org.test.GlobalContactQuote" name="emptyValidationPriceField" time="0.239"/>
  <system-out/>
  <testcase classname="org.test.GlobalContactQuote" name="maxPriceLimit" time="0.202"/>
  <system-out/>
  <testcase classname="org.test.GlobalContactQuote" name="beforeDecimalPointPriceField" time="0.222"/>
  <system-out/>
  <testcase classname="org.test.GlobalContactQuote" name="afterDecimalPointPriceField" time="0.262"/>
  <system-out/>
  <testcase classname="org.test.GlobalContactQuote" name="afterDecimalPointDiscountField" time="0.235"/>
  <system-out/>
  <testcase classname="org.test.GlobalContactQuote" name="beforeDecimalPointDiscountField" time="0.190"/>
  <system-out/>
  <testcase classname="org.test.GlobalContactQuote" name="maxLimitDiscountField" time="0.179"/>
  <system-out/>
  <testcase classname="org.test.GlobalContactQuote" name="afterDecimalPointTaxField" time="0.222"/>
  <system-out/>
  <testcase classname="org.test.GlobalContactQuote" name="beforeDecimalPointTaxField" time="0.186"/>
  <system-out/>
  <testcase classname="org.test.GlobalContactQuote" name="maxLimitTaxField" time="0.254"/>
  <system-out/>
  <testcase classname="org.test.GlobalContactQuote" name="maximumValidationDescription" time="1.866"/>
  <system-out/>
  <testcase classname="org.test.GlobalContactQuote" name="maximumValidationNotes" time="4.083"/>
  <system-out/>
  <testcase classname="org.test.GlobalContactQuote" name="expiryFieldPastDateValidation" time="7.772"/>
  <system-out/>
  <testcase classname="org.test.GlobalContactQuote" name="validateCalculation" time="0.779"/>
  <system-out/>
  <testcase classname="org.test.GlobalContactQuote" name="createQuote" time="11.054"/>
  <system-out/>
  <testcase classname="org.test.GlobalContactQuote" name="quoteCount" time="0.151"/>
  <system-out/>
  <testcase classname="org.test.GlobalContactQuote" name="quoteEdit" time="8.261"/>
  <system-out/>
  <testcase classname="org.test.GlobalContactQuote" name="editmandatoryValidationExpiryDate" time="0.061"/>
  <system-out/>
  <testcase classname="org.test.GlobalContactQuote" name="editmandatoryValidationQunatity" time="0.062"/>
  <system-out/>
  <testcase classname="org.test.GlobalContactQuote" name="editmandatoryValidationPrice" time="0.067"/>
  <system-out/>
  <testcase classname="org.test.GlobalContactQuote" name="editmandatoryValidationDescription" time="0.131"/>
  <system-out/>
  <testcase classname="org.test.GlobalContactQuote" name="editmaximumValidationReference" time="0.685"/>
  <system-out/>
  <testcase classname="org.test.GlobalContactQuote" name="editmaximumValidationQuoteTittle" time="0.653"/>
  <system-out/>
  <testcase classname="org.test.GlobalContactQuote" name="editmaximumValidationInventoryItem" time="0.999"/>
  <system-out/>
  <testcase classname="org.test.GlobalContactQuote" name="editemptyValidationQuantityField" time="0.229"/>
  <system-out/>
  <testcase classname="org.test.GlobalContactQuote" name="editmaxQuanitityLimit" time="0.265"/>
  <system-out/>
  <testcase classname="org.test.GlobalContactQuote" name="editafterDecimalPointValidationQuantityField" time="0.207"/>
  <system-out/>
  <testcase classname="org.test.GlobalContactQuote" name="editbeforeDecimalPointValidationQuantityField" time="0.334"/>
  <system-out/>
  <testcase classname="org.test.GlobalContactQuote" name="editemptyValidationPriceField" time="0.223"/>
  <system-out/>
  <testcase classname="org.test.GlobalContactQuote" name="editmaxPriceLimit" time="0.200"/>
  <system-out/>
  <testcase classname="org.test.GlobalContactQuote" name="editbeforeDecimalPointPriceField" time="0.232"/>
  <system-out/>
  <testcase classname="org.test.GlobalContactQuote" name="editafterDecimalPointPriceField" time="0.264"/>
  <system-out/>
  <testcase classname="org.test.GlobalContactQuote" name="editafterDecimalPointDiscountField" time="0.211"/>
  <system-out/>
  <testcase classname="org.test.GlobalContactQuote" name="editbeforeDecimalPointDiscountField" time="0.185"/>
  <system-out/>
  <testcase classname="org.test.GlobalContactQuote" name="editmaxLimitDiscountField" time="0.184"/>
  <system-out/>
  <testcase classname="org.test.GlobalContactQuote" name="editafterDecimalPointTaxField" time="0.212"/>
  <system-out/>
  <testcase classname="org.test.GlobalContactQuote" name="editbeforeDecimalPointTaxField" time="0.196"/>
  <system-out/>
  <testcase classname="org.test.GlobalContactQuote" name="editmaxLimitTaxField" time="0.267"/>
  <system-out/>
  <testcase classname="org.test.GlobalContactQuote" name="editmaximumValidationDescription" time="1.853"/>
  <system-out/>
  <testcase classname="org.test.GlobalContactQuote" name="editmaximumValidationNotes" time="4.058"/>
  <system-out/>
  <testcase classname="org.test.GlobalContactQuote" name="editexpiryFieldPastDateValidation" time="7.803"/>
  <system-out/>
  <testcase classname="org.test.GlobalContactQuote" name="editvalidateCalculation" time="0.724"/>
  <system-out/>
  <testcase classname="org.test.GlobalContactQuote" name="updateQuote" time="10.405"/>
  <system-out/>
  <testcase classname="org.test.GlobalContactQuote" name="createdQuoteStatus" time="0.132"/>
  <system-out/>
  <testcase classname="org.test.GlobalContactQuote" name="draftQuote" time="19.227"/>
  <system-out/>
  <testcase classname="org.test.GlobalContactQuote" name="convertQuote" time="24.346"/>
  <system-out/>
  <testcase classname="org.test.GlobalContactQuote" name="declinedStatus" time="31.026"/>
  <system-out/>
  <testcase classname="org.test.GlobalContactQuote" name="listCustomerName" time="1.951"/>
  <system-out/>
  <testcase classname="org.test.GlobalContactQuote" name="listQuoteNo" time="1.581"/>
  <system-out/>
  <testcase classname="org.test.GlobalContactQuote" name="listQuoteTittle" time="1.715"/>
  <system-out/>
  <testcase classname="org.test.GlobalContactQuote" name="listQuoteReference" time="1.504"/>
  <system-out/>
  <testcase classname="org.test.GlobalContactQuote" name="listInvalid" time="1.973"/>
  <system-out/>
</testsuite> <!-- org.test.GlobalContactQuote -->
