<?xml version="1.0" encoding="UTF-8"?>
<!-- Generated by org.testng.reporters.JUnitReportReporter -->
<testsuite hostname="DESKTOP-5M7AM2E" failures="0" tests="54" name="org.test.CustomerCreateOrganizationModule" time="200.525" errors="0" timestamp="2022-10-14T14:10:16 IST" skipped="0">
  <testcase classname="org.test.CustomerCreateOrganizationModule" name="loginPage" time="20.699"/>
  <system-out/>
  <testcase classname="org.test.CustomerCreateOrganizationModule" name="modulePage" time="7.362"/>
  <system-out/>
  <testcase classname="org.test.CustomerCreateOrganizationModule" name="formatLogoValidation" time="6.278"/>
  <system-out/>
  <testcase classname="org.test.CustomerCreateOrganizationModule" name="maxSizeValidationLogoField" time="1.726"/>
  <system-out/>
  <testcase classname="org.test.CustomerCreateOrganizationModule" name="mandatoryValidation" time="0.216"/>
  <system-out/>
  <testcase classname="org.test.CustomerCreateOrganizationModule" name="organizationNameAlreadyExistValidation" time="1.209"/>
  <system-out/>
  <testcase classname="org.test.CustomerCreateOrganizationModule" name="maxValidationOrganizationField" time="0.681"/>
  <system-out/>
  <testcase classname="org.test.CustomerCreateOrganizationModule" name="maxValidationWebsiteField" time="0.680"/>
  <system-out/>
  <testcase classname="org.test.CustomerCreateOrganizationModule" name="maxValidationAddress1Field" time="0.639"/>
  <system-out/>
  <testcase classname="org.test.CustomerCreateOrganizationModule" name="maxValidationAddress2Field" time="0.647"/>
  <system-out/>
  <testcase classname="org.test.CustomerCreateOrganizationModule" name="maxValidationCityField" time="0.654"/>
  <system-out/>
  <testcase classname="org.test.CustomerCreateOrganizationModule" name="maxValidationStateField" time="0.667"/>
  <system-out/>
  <testcase classname="org.test.CustomerCreateOrganizationModule" name="minValidationZipcodeField" time="0.174"/>
  <system-out/>
  <testcase classname="org.test.CustomerCreateOrganizationModule" name="maxValidationZipcodeField" time="0.145"/>
  <system-out/>
  <testcase classname="org.test.CustomerCreateOrganizationModule" name="emailValidation" time="0.182"/>
  <system-out/>
  <testcase classname="org.test.CustomerCreateOrganizationModule" name="maxValidationEmailField" time="0.610"/>
  <system-out/>
  <testcase classname="org.test.CustomerCreateOrganizationModule" name="minValidationPhoneNumberField" time="0.310"/>
  <system-out/>
  <testcase classname="org.test.CustomerCreateOrganizationModule" name="maxValidationPhoneNumberField" time="0.507"/>
  <system-out/>
  <testcase classname="org.test.CustomerCreateOrganizationModule" name="maxValidationContactFirstNameField" time="0.789"/>
  <system-out/>
  <testcase classname="org.test.CustomerCreateOrganizationModule" name="maxValidationContactLastNameField" time="0.664"/>
  <system-out/>
  <testcase classname="org.test.CustomerCreateOrganizationModule" name="maxValidationContactEmailField" time="0.660"/>
  <system-out/>
  <testcase classname="org.test.CustomerCreateOrganizationModule" name="validateContactEmailField" time="0.122"/>
  <system-out/>
  <testcase classname="org.test.CustomerCreateOrganizationModule" name="minValidationContactPhoneNumberField" time="0.313"/>
  <system-out/>
  <testcase classname="org.test.CustomerCreateOrganizationModule" name="maxValidationContactPhoneNumberField" time="0.297"/>
  <system-out/>
  <testcase classname="org.test.CustomerCreateOrganizationModule" name="maxValidationJobTittleField" time="0.810"/>
  <system-out/>
  <testcase classname="org.test.CustomerCreateOrganizationModule" name="maxValidationPropertyNameField" time="0.642"/>
  <system-out/>
  <testcase classname="org.test.CustomerCreateOrganizationModule" name="maxValidationPropertyLastNameField" time="0.679"/>
  <system-out/>
  <testcase classname="org.test.CustomerCreateOrganizationModule" name="maxValidationPropertyFirstNameField" time="0.665"/>
  <system-out/>
  <testcase classname="org.test.CustomerCreateOrganizationModule" name="maxValidationPropertyAddress1Field" time="0.668"/>
  <system-out/>
  <testcase classname="org.test.CustomerCreateOrganizationModule" name="maxValidationPropertyAddress2Field" time="0.645"/>
  <system-out/>
  <testcase classname="org.test.CustomerCreateOrganizationModule" name="maxValidationPropertyStateField" time="0.661"/>
  <system-out/>
  <testcase classname="org.test.CustomerCreateOrganizationModule" name="maxValidationPropertyCityField" time="0.801"/>
  <system-out/>
  <testcase classname="org.test.CustomerCreateOrganizationModule" name="minValidationPropertyZipCodeField" time="0.176"/>
  <system-out/>
  <testcase classname="org.test.CustomerCreateOrganizationModule" name="maxValidationPropertyZipCodeField" time="0.314"/>
  <system-out/>
  <testcase classname="org.test.CustomerCreateOrganizationModule" name="maxValidationProductNameField" time="0.669"/>
  <system-out/>
  <testcase classname="org.test.CustomerCreateOrganizationModule" name="maxValidationBrandNameField" time="0.662"/>
  <system-out/>
  <testcase classname="org.test.CustomerCreateOrganizationModule" name="maxValidationModelNumberField" time="0.676"/>
  <system-out/>
  <testcase classname="org.test.CustomerCreateOrganizationModule" name="maxValidationSerialNumberField" time="0.683"/>
  <system-out/>
  <testcase classname="org.test.CustomerCreateOrganizationModule" name="maxValidationAccessHoursField" time="0.737"/>
  <system-out/>
  <testcase classname="org.test.CustomerCreateOrganizationModule" name="maxValidationInstallationNotesField" time="4.494"/>
  <system-out/>
  <testcase classname="org.test.CustomerCreateOrganizationModule" name="maxSizeValidationAttachmentField" time="1.870"/>
  <system-out/>
  <testcase classname="org.test.CustomerCreateOrganizationModule" name="fileFormatAttachmentField" time="1.402"/>
  <system-out/>
  <testcase classname="org.test.CustomerCreateOrganizationModule" name="maxFileUploadSizeValidationField" time="22.898"/>
  <system-out/>
  <testcase classname="org.test.CustomerCreateOrganizationModule" name="createOrganization" time="17.119"/>
  <system-out/>
  <testcase classname="org.test.CustomerCreateOrganizationModule" name="createOrganizationListFirstName" time="1.115"/>
  <system-out/>
  <testcase classname="org.test.CustomerCreateOrganizationModule" name="characterListValidation" time="1.353"/>
  <system-out/>
  <testcase classname="org.test.CustomerCreateOrganizationModule" name="searchOrganizationNameListValidation" time="11.395"/>
  <system-out/>
  <testcase classname="org.test.CustomerCreateOrganizationModule" name="searchPhoneNumberListValidation" time="21.384"/>
  <system-out/>
  <testcase classname="org.test.CustomerCreateOrganizationModule" name="searchEmailListValidation" time="21.886"/>
  <system-out/>
  <testcase classname="org.test.CustomerCreateOrganizationModule" name="filterListValidation" time="10.824"/>
  <system-out/>
  <testcase classname="org.test.CustomerCreateOrganizationModule" name="searchInvalid" time="10.732"/>
  <system-out/>
  <testcase classname="org.test.CustomerCreateOrganizationModule" name="alreadyExistedEmail" time="4.879"/>
  <system-out/>
  <testcase classname="org.test.CustomerCreateOrganizationModule" name="editContactList" time="10.379"/>
  <system-out/>
  <testcase classname="org.test.CustomerCreateOrganizationModule" name="deleteContactList" time="3.076"/>
  <system-out/>
</testsuite> <!-- org.test.CustomerCreateOrganizationModule -->
