<?xml version="1.0" encoding="UTF-8"?>
<!-- Generated by org.testng.reporters.JUnitReportReporter -->
<<<<<<< HEAD
<testsuite hostname="DESKTOP-5M7AM2E" failures="0" tests="47" name="org.test.CustomerContactRequest" time="259.946" errors="0" timestamp="2023-06-02T15:22:10 IST" skipped="0">
  <testcase classname="org.test.CustomerContactRequest" name="loginPage" time="28.314"/>
  <system-out/>
  <testcase classname="org.test.CustomerContactRequest" name="contactModule" time="5.641"/>
  <system-out/>
  <testcase classname="org.test.CustomerContactRequest" name="CreateContact" time="14.640"/>
  <system-out/>
  <testcase classname="org.test.CustomerContactRequest" name="listabelValidation" time="5.736"/>
  <system-out/>
  <testcase classname="org.test.CustomerContactRequest" name="labelValidation" time="0.969"/>
  <system-out/>
  <testcase classname="org.test.CustomerContactRequest" name="namePrepopulation" time="1.739"/>
  <system-out/>
  <testcase classname="org.test.CustomerContactRequest" name="mandatoryValidationLocation" time="0.316"/>
  <system-out/>
  <testcase classname="org.test.CustomerContactRequest" name="maximumValidationLocation" time="7.035"/>
  <system-out/>
  <testcase classname="org.test.CustomerContactRequest" name="maximumValidationTittle" time="0.784"/>
  <system-out/>
  <testcase classname="org.test.CustomerContactRequest" name="mandatoryValidationDescription" time="0.070"/>
  <system-out/>
  <testcase classname="org.test.CustomerContactRequest" name="maximumValidationDescription" time="4.533"/>
=======
<testsuite hostname="DESKTOP-5M7AM2E" failures="0" tests="48" name="org.test.CustomerContactRequest" time="301.639" errors="0" timestamp="2023-06-02T15:08:41 IST" skipped="0">
  <testcase classname="org.test.CustomerContactRequest" name="loginPage" time="28.454"/>
  <system-out/>
  <testcase classname="org.test.CustomerContactRequest" name="contactModule" time="7.166"/>
  <system-out/>
  <testcase classname="org.test.CustomerContactRequest" name="CreateContact" time="14.957"/>
  <system-out/>
  <testcase classname="org.test.CustomerContactRequest" name="listabelValidation" time="12.981"/>
  <system-out/>
  <testcase classname="org.test.CustomerContactRequest" name="labelValidation" time="1.911"/>
  <system-out/>
  <testcase classname="org.test.CustomerContactRequest" name="namePrepopulation" time="5.364"/>
  <system-out/>
  <testcase classname="org.test.CustomerContactRequest" name="mandatoryValidationLocation" time="0.234"/>
  <system-out/>
  <testcase classname="org.test.CustomerContactRequest" name="maximumValidationLocation" time="4.419"/>
  <system-out/>
  <testcase classname="org.test.CustomerContactRequest" name="maximumValidationTittle" time="0.673"/>
  <system-out/>
  <testcase classname="org.test.CustomerContactRequest" name="mandatoryValidationDescription" time="0.085"/>
  <system-out/>
  <testcase classname="org.test.CustomerContactRequest" name="maximumValidationDescription" time="3.531"/>
>>>>>>> 8f032e9abfd9edfc56ded76230782504aeca4741
  <system-out/>
  <testcase classname="org.test.CustomerContactRequest" name="maximumTagValidation" time="0.763"/>
  <system-out/>
<<<<<<< HEAD
  <testcase classname="org.test.CustomerContactRequest" name="duplicateTagsValidation" time="0.411"/>
  <system-out/>
  <testcase classname="org.test.CustomerContactRequest" name="maxTagLimitValidation" time="16.400"/>
  <system-out/>
  <testcase classname="org.test.CustomerContactRequest" name="maximumValidationNotes" time="5.498"/>
=======
  <testcase classname="org.test.CustomerContactRequest" name="duplicateTagsValidation" time="0.405"/>
  <system-out/>
  <testcase classname="org.test.CustomerContactRequest" name="maxTagLimitValidation" time="14.857"/>
  <system-out/>
  <testcase classname="org.test.CustomerContactRequest" name="maximumValidationNotes" time="3.454"/>
>>>>>>> 8f032e9abfd9edfc56ded76230782504aeca4741
  <system-out/>
  <testcase classname="org.test.CustomerContactRequest" name="createButton" time="0.087"/>
  <system-out/>
<<<<<<< HEAD
  <testcase classname="org.test.CustomerContactRequest" name="unsssignedRequest" time="13.195"/>
  <system-out/>
  <testcase classname="org.test.CustomerContactRequest" name="requestCreatedCount" time="0.187"/>
  <system-out/>
  <testcase classname="org.test.CustomerContactRequest" name="requestUnassignedStatus" time="0.104"/>
  <system-out/>
  <testcase classname="org.test.CustomerContactRequest" name="labelEditValidation" time="8.111"/>
  <system-out/>
  <testcase classname="org.test.CustomerContactRequest" name="editmandatoryValidationLocation" time="0.168"/>
  <system-out/>
  <testcase classname="org.test.CustomerContactRequest" name="editmaximumValidationLocation" time="7.537"/>
  <system-out/>
  <testcase classname="org.test.CustomerContactRequest" name="editmaximumValidationTittle" time="0.804"/>
  <system-out/>
  <testcase classname="org.test.CustomerContactRequest" name="editmandatoryValidationDescription" time="0.074"/>
  <system-out/>
  <testcase classname="org.test.CustomerContactRequest" name="editmaximumValidationDescription" time="3.935"/>
  <system-out/>
  <testcase classname="org.test.CustomerContactRequest" name="editmaximumTagValidation" time="0.666"/>
  <system-out/>
  <testcase classname="org.test.CustomerContactRequest" name="editduplicateTagsValidation" time="0.387"/>
  <system-out/>
  <testcase classname="org.test.CustomerContactRequest" name="editmaxTagLimitValidation" time="18.215"/>
  <system-out/>
  <testcase classname="org.test.CustomerContactRequest" name="editmaximumValidationNotes" time="5.826"/>
  <system-out/>
  <testcase classname="org.test.CustomerContactRequest" name="updateButton" time="0.103"/>
  <system-out/>
  <testcase classname="org.test.CustomerContactRequest" name="updatedRequest" time="11.644"/>
  <system-out/>
  <testcase classname="org.test.CustomerContactRequest" name="createRequest_FromDateandTime_ToDateandTime" time="17.985"/>
  <system-out/>
  <testcase classname="org.test.CustomerContactRequest" name="requestScheduleStatus" time="0.126"/>
  <system-out/>
  <testcase classname="org.test.CustomerContactRequest" name="dispatchedRequest" time="12.466"/>
  <system-out/>
  <testcase classname="org.test.CustomerContactRequest" name="requestDispatchedStatus" time="0.122"/>
  <system-out/>
  <testcase classname="org.test.CustomerContactRequest" name="startedRequest" time="12.000"/>
  <system-out/>
  <testcase classname="org.test.CustomerContactRequest" name="requestStartedStatus" time="0.124"/>
  <system-out/>
  <testcase classname="org.test.CustomerContactRequest" name="completedRequest" time="12.171"/>
  <system-out/>
  <testcase classname="org.test.CustomerContactRequest" name="requestCompleteStatus" time="0.133"/>
  <system-out/>
  <testcase classname="org.test.CustomerContactRequest" name="cancelledRequest" time="12.333"/>
  <system-out/>
  <testcase classname="org.test.CustomerContactRequest" name="requestCancelledStatus" time="0.132"/>
  <system-out/>
  <testcase classname="org.test.CustomerContactRequest" name="requestDraftStatus" time="9.386"/>
  <system-out/>
  <testcase classname="org.test.CustomerContactRequest" name="deletedRequest" time="7.869"/>
  <system-out/>
  <testcase classname="org.test.CustomerContactRequest" name="searchRequestNo" time="3.396"/>
  <system-out/>
  <testcase classname="org.test.CustomerContactRequest" name="searchLocation" time="2.661"/>
  <system-out/>
  <testcase classname="org.test.CustomerContactRequest" name="searchFilterByDate" time="3.046"/>
  <system-out/>
  <testcase classname="org.test.CustomerContactRequest" name="searchInvalid" time="2.099"/>
=======
  <testcase classname="org.test.CustomerContactRequest" name="unsssignedRequest" time="17.209"/>
  <system-out/>
  <testcase classname="org.test.CustomerContactRequest" name="requestCreatedCount" time="0.126"/>
  <system-out/>
  <testcase classname="org.test.CustomerContactRequest" name="requestUnassignedStatus" time="0.082"/>
  <system-out/>
  <testcase classname="org.test.CustomerContactRequest" name="labelEditValidation" time="12.182"/>
  <system-out/>
  <testcase classname="org.test.CustomerContactRequest" name="editmandatoryValidationLocation" time="0.075"/>
  <system-out/>
  <testcase classname="org.test.CustomerContactRequest" name="editmaximumValidationLocation" time="4.378"/>
  <system-out/>
  <testcase classname="org.test.CustomerContactRequest" name="editmaximumValidationTittle" time="0.685"/>
  <system-out/>
  <testcase classname="org.test.CustomerContactRequest" name="editmandatoryValidationDescription" time="0.083"/>
  <system-out/>
  <testcase classname="org.test.CustomerContactRequest" name="editmaximumValidationDescription" time="3.524"/>
  <system-out/>
  <testcase classname="org.test.CustomerContactRequest" name="editmaximumTagValidation" time="0.675"/>
  <system-out/>
  <testcase classname="org.test.CustomerContactRequest" name="editduplicateTagsValidation" time="0.400"/>
  <system-out/>
  <testcase classname="org.test.CustomerContactRequest" name="editmaxTagLimitValidation" time="14.759"/>
  <system-out/>
  <testcase classname="org.test.CustomerContactRequest" name="editmaximumValidationNotes" time="3.510"/>
  <system-out/>
  <testcase classname="org.test.CustomerContactRequest" name="checkResponseCode" time="2.374"/>
  <system-out/>
  <testcase classname="org.test.CustomerContactRequest" name="updateButton" time="0.075"/>
  <system-out/>
  <testcase classname="org.test.CustomerContactRequest" name="updatedRequest" time="11.673"/>
  <system-out/>
  <testcase classname="org.test.CustomerContactRequest" name="createRequest_FromDateandTime_ToDateandTime" time="18.238"/>
  <system-out/>
  <testcase classname="org.test.CustomerContactRequest" name="requestScheduleStatus" time="0.080"/>
  <system-out/>
  <testcase classname="org.test.CustomerContactRequest" name="dispatchedRequest" time="19.373"/>
  <system-out/>
  <testcase classname="org.test.CustomerContactRequest" name="requestDispatchedStatus" time="0.122"/>
  <system-out/>
  <testcase classname="org.test.CustomerContactRequest" name="startedRequest" time="18.898"/>
  <system-out/>
  <testcase classname="org.test.CustomerContactRequest" name="requestStartedStatus" time="0.093"/>
  <system-out/>
  <testcase classname="org.test.CustomerContactRequest" name="completedRequest" time="19.334"/>
  <system-out/>
  <testcase classname="org.test.CustomerContactRequest" name="requestCompleteStatus" time="0.076"/>
  <system-out/>
  <testcase classname="org.test.CustomerContactRequest" name="cancelledRequest" time="23.425"/>
  <system-out/>
  <testcase classname="org.test.CustomerContactRequest" name="requestCancelledStatus" time="0.181"/>
  <system-out/>
  <testcase classname="org.test.CustomerContactRequest" name="requestDraftStatus" time="11.062"/>
  <system-out/>
  <testcase classname="org.test.CustomerContactRequest" name="deletedRequest" time="7.267"/>
  <system-out/>
  <testcase classname="org.test.CustomerContactRequest" name="searchRequestNo" time="3.828"/>
  <system-out/>
  <testcase classname="org.test.CustomerContactRequest" name="searchLocation" time="2.553"/>
  <system-out/>
  <testcase classname="org.test.CustomerContactRequest" name="searchFilterByDate" time="3.424"/>
  <system-out/>
  <testcase classname="org.test.CustomerContactRequest" name="searchInvalid" time="2.640"/>
>>>>>>> 8f032e9abfd9edfc56ded76230782504aeca4741
  <system-out/>
</testsuite> <!-- org.test.CustomerContactRequest -->
