<?xml version="1.0" encoding="UTF-8"?>
<!-- Generated by org.testng.reporters.JUnitReportReporter -->
<testsuite hostname="DESKTOP-5M7AM2E" failures="0" tests="70" name="org.test.GlobalContactQuote" time="411.364" errors="0" timestamp="2023-06-02T20:31:19 IST" skipped="6">
  <testcase classname="org.test.GlobalContactQuote" name="loginPage" time="40.418"/>
  <system-out/>
  <testcase classname="org.test.GlobalContactQuote" name="quoteModule" time="6.030"/>
  <system-out/>
  <testcase classname="org.test.GlobalContactQuote" name="labelValidation" time="1.705"/>
  <system-out/>
  <testcase classname="org.test.GlobalContactQuote" name="contactMandatoryValidation" time="10.907"/>
  <system-out/>
  <testcase classname="org.test.GlobalContactQuote" name="mandatoryValidationExpiryDate" time="0.119"/>
  <system-out/>
  <testcase classname="org.test.GlobalContactQuote" name="mandatoryValidationInventoryItem" time="0.127"/>
  <system-out/>
  <testcase classname="org.test.GlobalContactQuote" name="mandatoryValidationQunatity" time="0.110"/>
  <system-out/>
  <testcase classname="org.test.GlobalContactQuote" name="mandatoryValidationPrice" time="0.139"/>
  <system-out/>
  <testcase classname="org.test.GlobalContactQuote" name="mandatoryValidationDescription" time="0.099"/>
  <system-out/>
  <testcase classname="org.test.GlobalContactQuote" name="autoCompleteContactCreation" time="30.134"/>
  <system-out/>
  <testcase classname="org.test.GlobalContactQuote" name="maximumValidationQuoteTittle" time="0.682"/>
  <system-out/>
  <testcase classname="org.test.GlobalContactQuote" name="maximumValidationReference" time="1.290"/>
  <system-out/>
  <testcase classname="org.test.GlobalContactQuote" name="maximumValidationInventoryItem" time="0.991"/>
  <system-out/>
  <testcase classname="org.test.GlobalContactQuote" name="emptyValidationQuantityField" time="0.271"/>
  <system-out/>
  <testcase classname="org.test.GlobalContactQuote" name="maxQuanitityLimit" time="0.316"/>
  <system-out/>
  <testcase classname="org.test.GlobalContactQuote" name="afterDecimalPointValidationQuantityField" time="0.223"/>
  <system-out/>
  <testcase classname="org.test.GlobalContactQuote" name="beforeDecimalPointValidationQuantityField" time="0.323"/>
  <system-out/>
  <testcase classname="org.test.GlobalContactQuote" name="emptyValidationPriceField" time="0.265"/>
  <system-out/>
  <testcase classname="org.test.GlobalContactQuote" name="maxPriceLimit" time="0.220"/>
  <system-out/>
  <testcase classname="org.test.GlobalContactQuote" name="beforeDecimalPointPriceField" time="0.250"/>
  <system-out/>
  <testcase classname="org.test.GlobalContactQuote" name="afterDecimalPointPriceField" time="0.293"/>
  <system-out/>
  <testcase classname="org.test.GlobalContactQuote" name="afterDecimalPointDiscountField" time="0.223"/>
  <system-out/>
  <testcase classname="org.test.GlobalContactQuote" name="beforeDecimalPointDiscountField" time="0.222"/>
  <system-out/>
  <testcase classname="org.test.GlobalContactQuote" name="maxLimitDiscountField" time="0.195"/>
  <system-out/>
  <testcase classname="org.test.GlobalContactQuote" name="afterDecimalPointTaxField" time="1.300">
    <skipped/>
  </testcase> <!-- afterDecimalPointTaxField -->
  <system-out/>
  <testcase classname="org.test.GlobalContactQuote" name="beforeDecimalPointTaxField" time="1.252">
    <skipped/>
  </testcase> <!-- beforeDecimalPointTaxField -->
  <system-out/>
  <testcase classname="org.test.GlobalContactQuote" name="maxLimitTaxField" time="1.243">
    <skipped/>
  </testcase> <!-- maxLimitTaxField -->
  <system-out/>
  <testcase classname="org.test.GlobalContactQuote" name="maximumValidationDescription" time="1.792"/>
  <system-out/>
  <testcase classname="org.test.GlobalContactQuote" name="maximumValidationNotes" time="44.955"/>
  <system-out/>
  <testcase classname="org.test.GlobalContactQuote" name="expiryFieldPastDateValidation" time="8.403"/>
  <system-out/>
  <testcase classname="org.test.GlobalContactQuote" name="validateCalculation" time="8.076"/>
  <system-out/>
  <testcase classname="org.test.GlobalContactQuote" name="quoteCount" time="0.180"/>
  <system-out/>
  <testcase classname="org.test.GlobalContactQuote" name="createQuote" time="17.655"/>
  <system-out/>
  <testcase classname="org.test.GlobalContactQuote" name="quoteEdit" time="14.055"/>
  <system-out/>
  <testcase classname="org.test.GlobalContactQuote" name="editmandatoryValidationExpiryDate" time="0.073"/>
  <system-out/>
  <testcase classname="org.test.GlobalContactQuote" name="editmandatoryValidationQunatity" time="0.069"/>
  <system-out/>
  <testcase classname="org.test.GlobalContactQuote" name="editmandatoryValidationPrice" time="0.069"/>
  <system-out/>
  <testcase classname="org.test.GlobalContactQuote" name="editmandatoryValidationDescription" time="0.139"/>
  <system-out/>
  <testcase classname="org.test.GlobalContactQuote" name="editmaximumValidationReference" time="1.291"/>
  <system-out/>
  <testcase classname="org.test.GlobalContactQuote" name="editmaximumValidationQuoteTittle" time="0.652"/>
  <system-out/>
  <testcase classname="org.test.GlobalContactQuote" name="editmaximumValidationInventoryItem" time="1.020"/>
  <system-out/>
  <testcase classname="org.test.GlobalContactQuote" name="editemptyValidationQuantityField" time="0.272"/>
  <system-out/>
  <testcase classname="org.test.GlobalContactQuote" name="editmaxQuanitityLimit" time="0.324"/>
  <system-out/>
  <testcase classname="org.test.GlobalContactQuote" name="editafterDecimalPointValidationQuantityField" time="0.234"/>
  <system-out/>
  <testcase classname="org.test.GlobalContactQuote" name="editbeforeDecimalPointValidationQuantityField" time="0.373"/>
  <system-out/>
  <testcase classname="org.test.GlobalContactQuote" name="editemptyValidationPriceField" time="0.285"/>
  <system-out/>
  <testcase classname="org.test.GlobalContactQuote" name="editmaxPriceLimit" time="0.234"/>
  <system-out/>
  <testcase classname="org.test.GlobalContactQuote" name="editbeforeDecimalPointPriceField" time="0.254"/>
  <system-out/>
  <testcase classname="org.test.GlobalContactQuote" name="editafterDecimalPointPriceField" time="0.308"/>
  <system-out/>
  <testcase classname="org.test.GlobalContactQuote" name="editafterDecimalPointDiscountField" time="0.256"/>
  <system-out/>
  <testcase classname="org.test.GlobalContactQuote" name="editbeforeDecimalPointDiscountField" time="0.338"/>
  <system-out/>
  <testcase classname="org.test.GlobalContactQuote" name="editmaxLimitDiscountField" time="0.224"/>
  <system-out/>
  <testcase classname="org.test.GlobalContactQuote" name="editafterDecimalPointTaxField" time="1.316">
    <skipped/>
  </testcase> <!-- editafterDecimalPointTaxField -->
  <system-out/>
  <testcase classname="org.test.GlobalContactQuote" name="editbeforeDecimalPointTaxField" time="1.272">
    <skipped/>
  </testcase> <!-- editbeforeDecimalPointTaxField -->
  <system-out/>
  <testcase classname="org.test.GlobalContactQuote" name="editmaxLimitTaxField" time="1.269">
    <skipped/>
  </testcase> <!-- editmaxLimitTaxField -->
  <system-out/>
  <testcase classname="org.test.GlobalContactQuote" name="editmaximumValidationDescription" time="1.706"/>
  <system-out/>
  <testcase classname="org.test.GlobalContactQuote" name="editmaximumValidationNotes" time="40.517"/>
  <system-out/>
  <testcase classname="org.test.GlobalContactQuote" name="editexpiryFieldPastDateValidation" time="8.390"/>
  <system-out/>
  <testcase classname="org.test.GlobalContactQuote" name="editvalidateCalculation" time="7.998"/>
  <system-out/>
  <testcase classname="org.test.GlobalContactQuote" name="updateQuote" time="14.146"/>
  <system-out/>
  <testcase classname="org.test.GlobalContactQuote" name="checkResponseCode" time="3.890"/>
  <system-out/>
  <testcase classname="org.test.GlobalContactQuote" name="createdQuoteStatus" time="0.201"/>
  <system-out/>
  <testcase classname="org.test.GlobalContactQuote" name="draftQuote" time="34.035"/>
  <system-out/>
  <testcase classname="org.test.GlobalContactQuote" name="convertQuote" time="34.739"/>
  <system-out/>
  <testcase classname="org.test.GlobalContactQuote" name="declinedStatus" time="47.820"/>
  <system-out/>
  <testcase classname="org.test.GlobalContactQuote" name="listCustomerName" time="2.749"/>
  <system-out/>
  <testcase classname="org.test.GlobalContactQuote" name="listQuoteNo" time="2.810"/>
  <system-out/>
  <testcase classname="org.test.GlobalContactQuote" name="listQuoteTittle" time="3.022"/>
  <system-out/>
  <testcase classname="org.test.GlobalContactQuote" name="listQuoteReference" time="2.637"/>
  <system-out/>
  <testcase classname="org.test.GlobalContactQuote" name="listInvalid" time="1.969"/>
  <system-out/>
</testsuite> <!-- org.test.GlobalContactQuote -->
