<?xml version="1.0" encoding="UTF-8"?>
<!-- Generated by org.testng.reporters.JUnitReportReporter -->
<testsuite hostname="DESKTOP-5M7AM2E" failures="0" tests="5" name="org.enhancement.CustomerContactInvoice" time="118.916" errors="0" timestamp="2023-04-23T11:13:03 IST" skipped="0">
  <testcase classname="org.enhancement.CustomerContactInvoice" name="loginPage" time="53.169"/>
  <system-out/>
  <testcase classname="org.enhancement.CustomerContactInvoice" name="contactModule" time="8.379"/>
  <system-out/>
  <testcase classname="org.enhancement.CustomerContactInvoice" name="CreateContact" time="19.695"/>
  <system-out/>
  <testcase classname="org.enhancement.CustomerContactInvoice" name="labelValidation" time="10.869"/>
  <system-out/>
  <testcase classname="org.enhancement.CustomerContactInvoice" name="createInvoice" time="26.804"/>
  <system-out/>
</testsuite> <!-- org.enhancement.CustomerContactInvoice -->
