<?xml version="1.0" encoding="UTF-8"?>
<!-- Generated by org.testng.reporters.JUnitReportReporter -->
<testsuite hostname="DESKTOP-5M7AM2E" failures="0" tests="20" name="org.test.LeadSource" time="120.620" errors="0" timestamp="2023-03-03T19:06:59 IST" skipped="0">
  <testcase classname="org.test.LeadSource" name="loginPage" time="31.651"/>
  <system-out/>
  <testcase classname="org.test.LeadSource" name="settingModule" time="1.716"/>
  <system-out/>
  <testcase classname="org.test.LeadSource" name="leadSourceLabel" time="0.125"/>
  <system-out/>
  <testcase classname="org.test.LeadSource" name="createFormLabel" time="1.878"/>
  <system-out/>
  <testcase classname="org.test.LeadSource" name="maximumValidationLeadSource" time="3.419"/>
  <system-out/>
  <testcase classname="org.test.LeadSource" name="mandatoryValidation" time="0.288"/>
  <system-out/>
  <testcase classname="org.test.LeadSource" name="verifySaveButtonExist" time="0.339"/>
  <system-out/>
  <testcase classname="org.test.LeadSource" name="leadSourceCreate" time="8.153"/>
  <system-out/>
  <testcase classname="org.test.LeadSource" name="leadSourceCreateList" time="0.045"/>
  <system-out/>
  <testcase classname="org.test.LeadSource" name="activeStatus" time="0.047"/>
  <system-out/>
  <testcase classname="org.test.LeadSource" name="editFormLabel" time="1.367"/>
  <system-out/>
  <testcase classname="org.test.LeadSource" name="editmaximumValidationLeadSource" time="3.614"/>
  <system-out/>
  <testcase classname="org.test.LeadSource" name="editmandatoryValidation" time="0.177"/>
  <system-out/>
  <testcase classname="org.test.LeadSource" name="verifyUpdateButtonExist" time="0.463"/>
  <system-out/>
  <testcase classname="org.test.LeadSource" name="leadSourceUpdate" time="7.650"/>
  <system-out/>
  <testcase classname="org.test.LeadSource" name="alreadyExists" time="1.566"/>
  <system-out/>
  <testcase classname="org.test.LeadSource" name="deleteBusinessUnit" time="17.284"/>
  <system-out/>
  <testcase classname="org.test.LeadSource" name="reflectCreateContactPage" time="20.775"/>
  <system-out/>
  <testcase classname="org.test.LeadSource" name="inactiveLeadSource" time="14.819"/>
  <system-out/>
  <testcase classname="org.test.LeadSource" name="deleteLeadSource" time="5.244"/>
  <system-out/>
</testsuite> <!-- org.test.LeadSource -->
