<?xml version="1.0" encoding="UTF-8"?>
<!-- Generated by org.testng.reporters.JUnitReportReporter -->
<testsuite hostname="DESKTOP-5M7AM2E" failures="0" tests="16" name="org.test.BusinessUnit" time="71.395" errors="0" timestamp="2023-03-03T09:13:54 IST" skipped="0">
  <testcase classname="org.test.BusinessUnit" name="loginPage" time="39.786"/>
  <system-out/>
  <testcase classname="org.test.BusinessUnit" name="settingModule" time="2.170"/>
  <system-out/>
  <testcase classname="org.test.BusinessUnit" name="businessUnitLabel" time="0.200"/>
  <system-out/>
  <testcase classname="org.test.BusinessUnit" name="createFormLabel" time="1.177"/>
  <system-out/>
  <testcase classname="org.test.BusinessUnit" name="maximumValidationBussinessUnit" time="0.994"/>
  <system-out/>
  <testcase classname="org.test.BusinessUnit" name="mandatoryValidation" time="0.329"/>
  <system-out/>
  <testcase classname="org.test.BusinessUnit" name="verifySaveButtonExist" time="0.501"/>
  <system-out/>
  <testcase classname="org.test.BusinessUnit" name="businessCreate" time="7.685"/>
  <system-out/>
  <testcase classname="org.test.BusinessUnit" name="businessCreateList" time="0.062"/>
  <system-out/>
  <testcase classname="org.test.BusinessUnit" name="activeStatus" time="0.079"/>
  <system-out/>
  <testcase classname="org.test.BusinessUnit" name="editFormLabel" time="1.603"/>
  <system-out/>
  <testcase classname="org.test.BusinessUnit" name="editmandatoryValidation" time="0.177"/>
  <system-out/>
  <testcase classname="org.test.BusinessUnit" name="editmaximumValidationBussinessUnit" time="0.967"/>
  <system-out/>
  <testcase classname="org.test.BusinessUnit" name="verifyUpdateButtonExist" time="0.434"/>
  <system-out/>
  <testcase classname="org.test.BusinessUnit" name="businessUpdate" time="7.652"/>
  <system-out/>
  <testcase classname="org.test.BusinessUnit" name="deleteBusinessUnit" time="7.579"/>
  <system-out/>
</testsuite> <!-- org.test.BusinessUnit -->
