<?xml version="1.0" encoding="UTF-8"?>
<!-- Generated by org.testng.reporters.JUnitReportReporter -->
<testsuite hostname="DESKTOP-5M7AM2E" failures="0" tests="6" name="org.enhancement.CustomerContactQuote" time="93.303" errors="0" timestamp="2023-05-25T11:49:57 IST" skipped="0">
  <testcase classname="org.enhancement.CustomerContactQuote" name="loginPage" time="32.931"/>
  <system-out/>
  <testcase classname="org.enhancement.CustomerContactQuote" name="contactModule" time="9.749"/>
  <system-out/>
  <testcase classname="org.enhancement.CustomerContactQuote" name="CreateContact" time="14.305"/>
  <system-out/>
  <testcase classname="org.enhancement.CustomerContactQuote" name="listabelValidation" time="9.575"/>
  <system-out/>
  <testcase classname="org.enhancement.CustomerContactQuote" name="labelValidation" time="1.427"/>
  <system-out/>
  <testcase classname="org.enhancement.CustomerContactQuote" name="createQuote" time="25.316"/>
  <system-out/>
</testsuite> <!-- org.enhancement.CustomerContactQuote -->
