<?xml version="1.0" encoding="UTF-8"?>
<!-- Generated by org.testng.reporters.JUnitReportReporter -->
<testsuite hostname="DESKTOP-5M7AM2E" failures="0" tests="4" name="org.enhancement.TeamUserContractor" time="148.706" errors="0" timestamp="2023-04-23T22:49:44 IST" skipped="0">
  <testcase classname="org.enhancement.TeamUserContractor" name="verify" time="30.700"/>
  <system-out/>
  <testcase classname="org.enhancement.TeamUserContractor" name="TeamUserPage" time="6.637"/>
  <system-out/>
  <testcase classname="org.enhancement.TeamUserContractor" name="landingOnCreateForm" time="0.590"/>
  <system-out/>
  <testcase classname="org.enhancement.TeamUserContractor" name="userCreate" time="110.779"/>
  <system-out/>
</testsuite> <!-- org.enhancement.TeamUserContractor -->
