<?xml version="1.0" encoding="UTF-8"?>
<!-- Generated by org.testng.reporters.JUnitReportReporter -->
<testsuite hostname="DESKTOP-5M7AM2E" failures="0" tests="11" name="org.test.SubscriptionStarterPack" time="57.442" errors="0" timestamp="2023-05-27T15:29:15 IST" skipped="0">
  <testcase classname="org.test.SubscriptionStarterPack" name="createTenant" time="41.172"/>
  <system-out/>
  <testcase classname="org.test.SubscriptionStarterPack" name="subDomineURL" time="0.120"/>
  <system-out/>
  <testcase classname="org.test.SubscriptionStarterPack" name="ownerName" time="0.671"/>
  <system-out/>
  <testcase classname="org.test.SubscriptionStarterPack" name="modulepage" time="7.678"/>
  <system-out/>
  <testcase classname="org.test.SubscriptionStarterPack" name="confirmPage" time="2.142"/>
  <system-out/>
  <testcase classname="org.test.SubscriptionStarterPack" name="proAmount" time="0.057"/>
  <system-out/>
  <testcase classname="org.test.SubscriptionStarterPack" name="totalAmount" time="0.061"/>
  <system-out/>
  <testcase classname="org.test.SubscriptionStarterPack" name="billingInformation" time="3.570"/>
  <system-out/>
  <testcase classname="org.test.SubscriptionStarterPack" name="billingInformationAmount" time="0.074"/>
  <system-out/>
  <testcase classname="org.test.SubscriptionStarterPack" name="paymentDetailsPage" time="1.828"/>
  <system-out/>
  <testcase classname="org.test.SubscriptionStarterPack" name="paymentDetailsAmount" time="0.069"/>
  <system-out/>
</testsuite> <!-- org.test.SubscriptionStarterPack -->
