<?xml version="1.0" encoding="UTF-8"?>
<!-- Generated by org.testng.reporters.JUnitReportReporter -->
<testsuite hostname="DESKTOP-5M7AM2E" failures="0" tests="23" name="org.test.TeamCompaniesDetailScreen" time="94.221" errors="0" timestamp="2023-06-26T12:02:39 IST" skipped="0">
  <testcase classname="org.test.TeamCompaniesDetailScreen" name="verify" time="31.423"/>
  <system-out/>
  <testcase classname="org.test.TeamCompaniesDetailScreen" name="teamModule" time="2.281"/>
  <system-out/>
  <testcase classname="org.test.TeamCompaniesDetailScreen" name="editLabel" time="4.007"/>
  <system-out/>
  <testcase classname="org.test.TeamCompaniesDetailScreen" name="maxValidationCompanyWebsiteField" time="5.636"/>
  <system-out/>
  <testcase classname="org.test.TeamCompaniesDetailScreen" name="maxValidationFirstNameField" time="1.031"/>
  <system-out/>
  <testcase classname="org.test.TeamCompaniesDetailScreen" name="maxValidationLastNameField" time="1.099"/>
  <system-out/>
  <testcase classname="org.test.TeamCompaniesDetailScreen" name="maxValidationTaxNumberField" time="6.390"/>
  <system-out/>
  <testcase classname="org.test.TeamCompaniesDetailScreen" name="maxValidationCompanyLocationNameField" time="1.341"/>
  <system-out/>
  <testcase classname="org.test.TeamCompaniesDetailScreen" name="validateCompanyEmailField" time="0.418"/>
  <system-out/>
  <testcase classname="org.test.TeamCompaniesDetailScreen" name="maxValidationCompanyEmailField" time="1.055"/>
  <system-out/>
  <testcase classname="org.test.TeamCompaniesDetailScreen" name="minValidationCompanyPhoneNumberField" time="0.452"/>
  <system-out/>
  <testcase classname="org.test.TeamCompaniesDetailScreen" name="maxValidationCompanyPhoneNumberField" time="0.548"/>
  <system-out/>
  <testcase classname="org.test.TeamCompaniesDetailScreen" name="maxValidationCompanyAddress1Field" time="1.245"/>
  <system-out/>
  <testcase classname="org.test.TeamCompaniesDetailScreen" name="maxValidationCompanyAddress2Field" time="1.262"/>
  <system-out/>
  <testcase classname="org.test.TeamCompaniesDetailScreen" name="maxValidationCompanyStateField" time="0.929"/>
  <system-out/>
  <testcase classname="org.test.TeamCompaniesDetailScreen" name="maxValidationCompanyCityField" time="1.258"/>
  <system-out/>
  <testcase classname="org.test.TeamCompaniesDetailScreen" name="maxValidationCompanyZipcodeField" time="0.427"/>
  <system-out/>
  <testcase classname="org.test.TeamCompaniesDetailScreen" name="minValidationCompanyZipcodeField" time="0.356"/>
  <system-out/>
  <testcase classname="org.test.TeamCompaniesDetailScreen" name="characterValidationCompanyZipcodeField" time="0.364"/>
  <system-out/>
  <testcase classname="org.test.TeamCompaniesDetailScreen" name="maxValidationCompanyContactPerson" time="11.047"/>
  <system-out/>
  <testcase classname="org.test.TeamCompaniesDetailScreen" name="responseMessage" time="7.407"/>
  <system-out/>
  <testcase classname="org.test.TeamCompaniesDetailScreen" name="maximumValidationDescription" time="5.452"/>
  <system-out/>
  <testcase classname="org.test.TeamCompaniesDetailScreen" name="deleteLocation" time="8.793"/>
  <system-out/>
</testsuite> <!-- org.test.TeamCompaniesDetailScreen -->
