<?xml version="1.0" encoding="UTF-8"?>
<!-- Generated by org.testng.reporters.JUnitReportReporter -->
<testsuite hostname="DESKTOP-5M7AM2E" failures="0" tests="13" name="org.test.CustomerContactJob" time="80.382" errors="0" timestamp="2023-01-07T22:57:02 IST" skipped="0">
  <testcase classname="org.test.CustomerContactJob" name="loginPage" time="31.255"/>
  <system-out/>
  <testcase classname="org.test.CustomerContactJob" name="contactModule" time="6.376"/>
  <system-out/>
  <testcase classname="org.test.CustomerContactJob" name="CreateContact" time="8.115"/>
  <system-out/>
  <testcase classname="org.test.CustomerContactJob" name="labelValidation" time="8.509"/>
  <system-out/>
  <testcase classname="org.test.CustomerContactJob" name="maximumValidationLocation" time="6.790"/>
  <system-out/>
  <testcase classname="org.test.CustomerContactJob" name="mandatoryValidationLocation" time="0.893"/>
  <system-out/>
  <testcase classname="org.test.CustomerContactJob" name="maximumValidationTittle" time="0.755"/>
  <system-out/>
  <testcase classname="org.test.CustomerContactJob" name="mandatoryValidationDescription" time="0.135"/>
  <system-out/>
  <testcase classname="org.test.CustomerContactJob" name="maximumValidationDescription" time="4.152"/>
  <system-out/>
  <testcase classname="org.test.CustomerContactJob" name="maximumTagValidation" time="0.744"/>
  <system-out/>
  <testcase classname="org.test.CustomerContactJob" name="duplicateTagsValidation" time="0.458"/>
  <system-out/>
  <testcase classname="org.test.CustomerContactJob" name="maxTagLimitValidation" time="8.006"/>
  <system-out/>
  <testcase classname="org.test.CustomerContactJob" name="maximumValidationNotes" time="4.194"/>
  <system-out/>
</testsuite> <!-- org.test.CustomerContactJob -->
