<?xml version="1.0" encoding="UTF-8"?>
<!-- Generated by org.testng.reporters.JUnitReportReporter -->
<testsuite hostname="DESKTOP-5M7AM2E" failures="0" tests="64" name="org.test.TeamUser" time="190.151" errors="0" timestamp="2023-05-28T19:37:43 IST" skipped="0">
  <testcase classname="org.test.TeamUser" name="verify" time="19.769"/>
  <system-out/>
  <testcase classname="org.test.TeamUser" name="TeamUserPage" time="9.712"/>
  <system-out/>
  <testcase classname="org.test.TeamUser" name="landingOnCreateForm" time="0.576"/>
  <system-out/>
  <testcase classname="org.test.TeamUser" name="mandatoryValidationFirstNameField" time="0.255"/>
  <system-out/>
  <testcase classname="org.test.TeamUser" name="mandatoryValidationTypeField" time="0.098"/>
  <system-out/>
  <testcase classname="org.test.TeamUser" name="mandatoryValidationEmailField" time="0.095"/>
  <system-out/>
  <testcase classname="org.test.TeamUser" name="maxValidationFirstNameField" time="0.670"/>
  <system-out/>
  <testcase classname="org.test.TeamUser" name="maxValidationLastNameField" time="0.666"/>
  <system-out/>
  <testcase classname="org.test.TeamUser" name="maxValidationJobTittleField" time="0.676"/>
  <system-out/>
  <testcase classname="org.test.TeamUser" name="maxValidationEmailFields" time="0.671"/>
  <system-out/>
  <testcase classname="org.test.TeamUser" name="invalidEmailValidation" time="0.247"/>
  <system-out/>
  <testcase classname="org.test.TeamUser" name="specialCharacterPhoneNumberField" time="0.275"/>
  <system-out/>
  <testcase classname="org.test.TeamUser" name="minValidatonPhoneNumber" time="0.253"/>
  <system-out/>
  <testcase classname="org.test.TeamUser" name="maxValidatonPhoneNumber" time="1.502"/>
  <system-out/>
  <testcase classname="org.test.TeamUser" name="maxValidationLocationName" time="0.722"/>
  <system-out/>
  <testcase classname="org.test.TeamUser" name="maxValidationAddress1" time="0.708"/>
  <system-out/>
  <testcase classname="org.test.TeamUser" name="maxValidationAddress2" time="0.705"/>
  <system-out/>
  <testcase classname="org.test.TeamUser" name="maxValidationState" time="0.707"/>
  <system-out/>
  <testcase classname="org.test.TeamUser" name="maxValidationCity" time="0.717"/>
  <system-out/>
  <testcase classname="org.test.TeamUser" name="minValidationZipcode" time="0.254"/>
  <system-out/>
  <testcase classname="org.test.TeamUser" name="specialCharacterValidationZipcode" time="0.279"/>
  <system-out/>
  <testcase classname="org.test.TeamUser" name="maxValidationZipcode" time="1.022"/>
  <system-out/>
  <testcase classname="org.test.TeamUser" name="verifySaveButtonExist" time="0.224"/>
  <system-out/>
  <testcase classname="org.test.TeamUser" name="userCreate" time="9.103"/>
  <system-out/>
  <testcase classname="org.test.TeamUser" name="userCount" time="1.183"/>
  <system-out/>
  <testcase classname="org.test.TeamUser" name="alreadyExistedMailValidation" time="9.381"/>
  <system-out/>
  <testcase classname="org.test.TeamUser" name="searchNameValidation" time="6.502"/>
  <system-out/>
  <testcase classname="org.test.TeamUser" name="searchPhoneNumberValidation" time="6.846"/>
  <system-out/>
  <testcase classname="org.test.TeamUser" name="searchEmailValidation" time="6.806"/>
  <system-out/>
  <testcase classname="org.test.TeamUser" name="invalidDataValidation" time="6.527"/>
  <system-out/>
  <testcase classname="org.test.TeamUser" name="landingOnEditForm" time="8.563"/>
  <system-out/>
  <testcase classname="org.test.TeamUser" name="firstNamePrepopulate" time="0.059"/>
  <system-out/>
  <testcase classname="org.test.TeamUser" name="lastNamePrepopulate" time="0.065"/>
  <system-out/>
  <testcase classname="org.test.TeamUser" name="emailPrepopulate" time="0.061"/>
  <system-out/>
  <testcase classname="org.test.TeamUser" name="jobTittlePrepopulate" time="0.066"/>
  <system-out/>
  <testcase classname="org.test.TeamUser" name="typePrepopulate" time="0.064"/>
  <system-out/>
  <testcase classname="org.test.TeamUser" name="phoneNumberPrepopulate" time="0.224"/>
  <system-out/>
  <testcase classname="org.test.TeamUser" name="locationNamePrepopulate" time="0.066"/>
  <system-out/>
  <testcase classname="org.test.TeamUser" name="locationAddress1Prepopulate" time="0.071"/>
  <system-out/>
  <testcase classname="org.test.TeamUser" name="locationAddress2Prepopulate" time="0.068"/>
  <system-out/>
  <testcase classname="org.test.TeamUser" name="locationCityPrepopulate" time="0.065"/>
  <system-out/>
  <testcase classname="org.test.TeamUser" name="locationStatePrepopulate" time="0.063"/>
  <system-out/>
  <testcase classname="org.test.TeamUser" name="locationZipcodePrepopulate" time="0.518"/>
  <system-out/>
  <testcase classname="org.test.TeamUser" name="editmandatoryValidationFirstNameField" time="0.263"/>
  <system-out/>
  <testcase classname="org.test.TeamUser" name="editmandatoryValidationEmailField" time="0.097"/>
  <system-out/>
  <testcase classname="org.test.TeamUser" name="editmaxValidationFirstNameField" time="0.692"/>
  <system-out/>
  <testcase classname="org.test.TeamUser" name="editmaxValidationLastNameField" time="0.666"/>
  <system-out/>
  <testcase classname="org.test.TeamUser" name="editmaxValidationJobTittleField" time="0.662"/>
  <system-out/>
  <testcase classname="org.test.TeamUser" name="editmaxValidationEmailFields" time="0.669"/>
  <system-out/>
  <testcase classname="org.test.TeamUser" name="editinvalidEmailValidation" time="0.251"/>
  <system-out/>
  <testcase classname="org.test.TeamUser" name="editspecialCharacterPhoneNumberField" time="0.268"/>
  <system-out/>
  <testcase classname="org.test.TeamUser" name="editminValidatonPhoneNumber" time="0.235"/>
  <system-out/>
  <testcase classname="org.test.TeamUser" name="editmaxValidatonPhoneNumber" time="1.904"/>
  <system-out/>
  <testcase classname="org.test.TeamUser" name="editmaxValidationLocationName" time="0.704"/>
  <system-out/>
  <testcase classname="org.test.TeamUser" name="editmaxValidationAddress1" time="0.693"/>
  <system-out/>
  <testcase classname="org.test.TeamUser" name="editmaxValidationAddress2" time="0.693"/>
  <system-out/>
  <testcase classname="org.test.TeamUser" name="editmaxValidationState" time="0.701"/>
  <system-out/>
  <testcase classname="org.test.TeamUser" name="editmaxValidationCity" time="0.697"/>
  <system-out/>
  <testcase classname="org.test.TeamUser" name="editminValidationZipcode" time="0.246"/>
  <system-out/>
  <testcase classname="org.test.TeamUser" name="editspecialCharacterValidationZipcode" time="0.237"/>
  <system-out/>
  <testcase classname="org.test.TeamUser" name="editmaxValidationZipcode" time="1.044"/>
  <system-out/>
  <testcase classname="org.test.TeamUser" name="verifyUpdateExist" time="0.235"/>
  <system-out/>
  <testcase classname="org.test.TeamUser" name="userEdit" time="8.558"/>
  <system-out/>
  <testcase classname="org.test.TeamUser" name="deleteUserDetails" time="73.532"/>
  <system-out/>
</testsuite> <!-- org.test.TeamUser -->
