<?xml version="1.0" encoding="UTF-8"?>
<!-- Generated by org.testng.reporters.JUnitReportReporter -->
<testsuite hostname="DESKTOP-5M7AM2E" failures="0" tests="11" name="org.test.SubscriptionYearlyStarterPack" time="55.401" errors="0" timestamp="2023-05-27T16:18:00 IST" skipped="0">
  <testcase classname="org.test.SubscriptionYearlyStarterPack" name="createTenant" time="34.971"/>
  <system-out/>
  <testcase classname="org.test.SubscriptionYearlyStarterPack" name="subDomineURL" time="0.113"/>
  <system-out/>
  <testcase classname="org.test.SubscriptionYearlyStarterPack" name="ownerName" time="0.134"/>
  <system-out/>
  <testcase classname="org.test.SubscriptionYearlyStarterPack" name="modulepage" time="12.022"/>
  <system-out/>
  <testcase classname="org.test.SubscriptionYearlyStarterPack" name="confirmPage" time="2.492"/>
  <system-out/>
  <testcase classname="org.test.SubscriptionYearlyStarterPack" name="proAmount" time="0.058"/>
  <system-out/>
  <testcase classname="org.test.SubscriptionYearlyStarterPack" name="totalAmount" time="0.065"/>
  <system-out/>
  <testcase classname="org.test.SubscriptionYearlyStarterPack" name="billingInformation" time="3.548"/>
  <system-out/>
  <testcase classname="org.test.SubscriptionYearlyStarterPack" name="billingInformationAmount" time="0.056"/>
  <system-out/>
  <testcase classname="org.test.SubscriptionYearlyStarterPack" name="paymentDetailsPage" time="1.870"/>
  <system-out/>
  <testcase classname="org.test.SubscriptionYearlyStarterPack" name="paymentDetailsAmount" time="0.072"/>
  <system-out/>
</testsuite> <!-- org.test.SubscriptionYearlyStarterPack -->
