<?xml version="1.0" encoding="UTF-8"?>
<!-- Generated by org.testng.reporters.JUnitReportReporter -->
<testsuite hostname="DESKTOP-5M7AM2E" failures="0" tests="46" name="org.test.CustomerContactJob" time="286.268" errors="1" timestamp="2023-02-23T01:54:18 IST" skipped="0">
  <testcase classname="org.test.CustomerContactJob" name="loginPage" time="41.121"/>
  <system-out/>
  <testcase classname="org.test.CustomerContactJob" name="contactModule" time="4.408"/>
  <system-out/>
  <testcase classname="org.test.CustomerContactJob" name="CreateContact" time="16.011"/>
  <system-out/>
  <testcase classname="org.test.CustomerContactJob" name="labelValidation" time="11.721"/>
  <system-out/>
  <testcase classname="org.test.CustomerContactJob" name="namePrepopulation" time="1.372"/>
  <system-out/>
  <testcase classname="org.test.CustomerContactJob" name="maximumValidationLocation" time="9.092"/>
  <system-out/>
  <testcase classname="org.test.CustomerContactJob" name="mandatoryValidationLocation" time="1.260"/>
  <system-out/>
  <testcase classname="org.test.CustomerContactJob" name="maximumValidationTittle" time="1.494"/>
  <system-out/>
  <testcase classname="org.test.CustomerContactJob" name="mandatoryValidationDescription" time="0.296"/>
  <system-out/>
  <testcase classname="org.test.CustomerContactJob" name="maximumValidationDescription" time="6.729"/>
  <system-out/>
  <testcase classname="org.test.CustomerContactJob" name="maximumTagValidation" time="1.337"/>
  <system-out/>
  <testcase classname="org.test.CustomerContactJob" name="duplicateTagsValidation" time="0.729"/>
  <system-out/>
  <testcase classname="org.test.CustomerContactJob" name="maxTagLimitValidation" time="22.752"/>
  <system-out/>
  <testcase classname="org.test.CustomerContactJob" name="maximumValidationNotes" time="6.603"/>
  <system-out/>
  <testcase classname="org.test.CustomerContactJob" name="createButton" time="0.280"/>
  <system-out/>
  <testcase classname="org.test.CustomerContactJob" name="unsssignedJob" time="12.254"/>
  <system-out/>
  <testcase classname="org.test.CustomerContactJob" name="jobCreatedCount" time="0.218"/>
  <system-out/>
  <testcase classname="org.test.CustomerContactJob" name="jobUnassignedStatus" time="0.122"/>
  <system-out/>
  <testcase classname="org.test.CustomerContactJob" name="labelEditValidation" time="6.919"/>
  <system-out/>
  <testcase classname="org.test.CustomerContactJob" name="editmandatoryValidationLocation" time="1.976"/>
  <system-out/>
  <testcase classname="org.test.CustomerContactJob" name="editmaximumValidationLocation" time="8.532"/>
  <system-out/>
  <testcase classname="org.test.CustomerContactJob" name="editmaximumValidationTittle" time="1.339"/>
  <system-out/>
  <testcase classname="org.test.CustomerContactJob" name="editmandatoryValidationDescription" time="0.301"/>
  <system-out/>
  <testcase classname="org.test.CustomerContactJob" name="editmaximumValidationDescription" time="6.637"/>
  <system-out/>
  <testcase classname="org.test.CustomerContactJob" name="editmaximumTagValidation" time="1.284"/>
  <system-out/>
  <testcase classname="org.test.CustomerContactJob" name="editduplicateTagsValidation" time="0.698"/>
  <system-out/>
  <testcase classname="org.test.CustomerContactJob" name="editmaxTagLimitValidation" time="21.880"/>
  <system-out/>
  <testcase classname="org.test.CustomerContactJob" name="editmaximumValidationNotes" time="6.634"/>
  <system-out/>
  <testcase classname="org.test.CustomerContactJob" name="updateButton" time="0.187"/>
  <system-out/>
  <testcase classname="org.test.CustomerContactJob" name="editJobwithFromDateFromTime" time="8.454"/>
  <system-out/>
  <testcase classname="org.test.CustomerContactJob" name="createJob_FromDateandTime_ToDateandTime" time="16.178"/>
  <system-out/>
  <testcase classname="org.test.CustomerContactJob" name="jobScheduleStatus" time="0.120"/>
  <system-out/>
  <testcase classname="org.test.CustomerContactJob" name="dispatchedJob" time="4.052"/>
  <system-out/>
  <testcase classname="org.test.CustomerContactJob" name="jobDispatchedStatus" time="0.662"/>
  <system-out/>
  <testcase classname="org.test.CustomerContactJob" name="startedJob" time="3.562"/>
  <system-out/>
  <testcase classname="org.test.CustomerContactJob" name="jobStartedStatus" time="0.677"/>
  <system-out/>
  <testcase classname="org.test.CustomerContactJob" name="completedJob" time="4.072"/>
  <system-out/>
  <testcase classname="org.test.CustomerContactJob" name="jobCompleteStatus" time="0.121"/>
  <system-out/>
  <testcase classname="org.test.CustomerContactJob" name="cancelledJob" time="4.725"/>
  <system-out/>
  <testcase classname="org.test.CustomerContactJob" name="jobCancelledStatus" time="0.118"/>
  <system-out/>
  <testcase classname="org.test.CustomerContactJob" name="jobDraftStatus" time="6.582"/>
  <system-out/>
  <testcase classname="org.test.CustomerContactJob" name="deletedJob" time="2.963"/>
  <system-out/>
  <testcase classname="org.test.CustomerContactJob" name="searchJobNo" time="4.494"/>
  <system-out/>
  <testcase classname="org.test.CustomerContactJob" name="searchLocation" time="2.069"/>
  <system-out/>
  <testcase classname="org.test.CustomerContactJob" name="searchFilterByDate" time="31.144">
    <error message="Expected condition failed: waiting for visibility of element located by By.xpath: (//*[text()=&#039;Schedule From  : &#039;]//following-sibling::*[@id=&#039;customer-contact-request-card-booking-time&#039;])[1] (tried for 30 second(s) with 500 milliseconds interval)" type="org.openqa.selenium.TimeoutException">
      <![CDATA[org.openqa.selenium.TimeoutException: Expected condition failed: waiting for visibility of element located by By.xpath: (//*[text()='Schedule From  : ']//following-sibling::*[@id='customer-contact-request-card-booking-time'])[1] (tried for 30 second(s) with 500 milliseconds interval)
at org.openqa.selenium.support.ui.WebDriverWait.timeoutException(WebDriverWait.java:95)
at org.openqa.selenium.support.ui.FluentWait.until(FluentWait.java:272)
at com.zaigo.pageobjects.JobPage.getText(JobPage.java:445)
at com.zaigo.pageobjects.JobPage.validateListFromDate(JobPage.java:1294)
at org.test.CustomerContactJob.searchFilterByDate(CustomerContactJob.java:1096)
at java.base/jdk.internal.reflect.NativeMethodAccessorImpl.invoke0(Native Method)
at java.base/jdk.internal.reflect.NativeMethodAccessorImpl.invoke(NativeMethodAccessorImpl.java:77)
at java.base/jdk.internal.reflect.DelegatingMethodAccessorImpl.invoke(DelegatingMethodAccessorImpl.java:43)
at java.base/java.lang.reflect.Method.invoke(Method.java:568)
at org.testng.internal.MethodInvocationHelper.invokeMethod(MethodInvocationHelper.java:133)
at org.testng.internal.TestInvoker.invokeMethod(TestInvoker.java:598)
at org.testng.internal.TestInvoker.invokeTestMethod(TestInvoker.java:173)
at org.testng.internal.MethodRunner.runInSequence(MethodRunner.java:46)
at org.testng.internal.TestInvoker$MethodInvocationAgent.invoke(TestInvoker.java:824)
at org.testng.internal.TestInvoker.invokeTestMethods(TestInvoker.java:146)
at org.testng.internal.TestMethodWorker.invokeTestMethods(TestMethodWorker.java:146)
at org.testng.internal.TestMethodWorker.run(TestMethodWorker.java:128)
at java.base/java.util.ArrayList.forEach(ArrayList.java:1511)
at org.testng.TestRunner.privateRun(TestRunner.java:794)
at org.testng.TestRunner.run(TestRunner.java:596)
at org.testng.SuiteRunner.runTest(SuiteRunner.java:377)
at org.testng.SuiteRunner.runSequentially(SuiteRunner.java:371)
at org.testng.SuiteRunner.privateRun(SuiteRunner.java:332)
at org.testng.SuiteRunner.run(SuiteRunner.java:276)
at org.testng.SuiteRunnerWorker.runSuite(SuiteRunnerWorker.java:53)
at org.testng.SuiteRunnerWorker.run(SuiteRunnerWorker.java:96)
at org.testng.TestNG.runSuitesSequentially(TestNG.java:1212)
at org.testng.TestNG.runSuitesLocally(TestNG.java:1134)
at org.testng.TestNG.runSuites(TestNG.java:1063)
at org.testng.TestNG.run(TestNG.java:1031)
at org.testng.remote.AbstractRemoteTestNG.run(AbstractRemoteTestNG.java:115)
at org.testng.remote.RemoteTestNG.initAndRun(RemoteTestNG.java:251)
at org.testng.remote.RemoteTestNG.main(RemoteTestNG.java:77)
Caused by: org.openqa.selenium.NoSuchElementException: no such element: Unable to locate element: {"method":"xpath","selector":"(//*[text()='Schedule From  : ']//following-sibling::*[@id='customer-contact-request-card-booking-time'])[1]"}
  (Session info: chrome=110.0.5481.104)
For documentation on this error, please visit: https://www.seleniumhq.org/exceptions/no_such_element.html
Build info: version: '3.141.59', revision: 'e82be7d358', time: '2018-11-14T08:17:03'
System info: host: 'DESKTOP-5M7AM2E', ip: '192.168.1.3', os.name: 'Windows 11', os.arch: 'amd64', os.version: '10.0', java.version: '17.0.3'
Driver info: org.openqa.selenium.chrome.ChromeDriver
Capabilities {acceptInsecureCerts: false, browserName: chrome, browserVersion: 110.0.5481.104, chrome: {chromedriverVersion: 110.0.5481.77 (65ed616c6e8e..., userDataDir: C:\Users\ZAIGOP~1\AppData\L...}, goog:chromeOptions: {debuggerAddress: localhost:53431}, javascriptEnabled: true, networkConnectionEnabled: false, pageLoadStrategy: normal, platform: WINDOWS, platformName: WINDOWS, proxy: Proxy(), setWindowRect: true, strictFileInteractability: false, timeouts: {implicit: 0, pageLoad: 300000, script: 30000}, unhandledPromptBehavior: dismiss and notify, webauthn:extension:credBlob: true, webauthn:extension:largeBlob: true, webauthn:virtualAuthenticators: true}
Session ID: 4c4901fac2ea3bb6d44f2a4028710ad0
*** Element info: {Using=xpath, value=(//*[text()='Schedule From  : ']//following-sibling::*[@id='customer-contact-request-card-booking-time'])[1]}
at jdk.internal.reflect.GeneratedConstructorAccessor17.newInstance(Unknown Source)
at java.base/jdk.internal.reflect.DelegatingConstructorAccessorImpl.newInstance(DelegatingConstructorAccessorImpl.java:45)
at java.base/java.lang.reflect.Constructor.newInstanceWithCaller(Constructor.java:499)
at java.base/java.lang.reflect.Constructor.newInstance(Constructor.java:480)
at org.openqa.selenium.remote.http.W3CHttpResponseCodec.createException(W3CHttpResponseCodec.java:187)
at org.openqa.selenium.remote.http.W3CHttpResponseCodec.decode(W3CHttpResponseCodec.java:122)
at org.openqa.selenium.remote.http.W3CHttpResponseCodec.decode(W3CHttpResponseCodec.java:49)
at org.openqa.selenium.remote.HttpCommandExecutor.execute(HttpCommandExecutor.java:158)
at org.openqa.selenium.remote.service.DriverCommandExecutor.execute(DriverCommandExecutor.java:83)
at org.openqa.selenium.remote.RemoteWebDriver.execute(RemoteWebDriver.java:552)
at org.openqa.selenium.remote.RemoteWebDriver.findElement(RemoteWebDriver.java:323)
at org.openqa.selenium.remote.RemoteWebDriver.findElementByXPath(RemoteWebDriver.java:428)
at org.openqa.selenium.By$ByXPath.findElement(By.java:353)
at org.openqa.selenium.remote.RemoteWebDriver.findElement(RemoteWebDriver.java:315)
at org.openqa.selenium.support.ui.ExpectedConditions$7.apply(ExpectedConditions.java:205)
at org.openqa.selenium.support.ui.ExpectedConditions$7.apply(ExpectedConditions.java:201)
at org.openqa.selenium.support.ui.FluentWait.until(FluentWait.java:249)
... 31 more
]]>
    </error>
  </testcase> <!-- searchFilterByDate -->
  <system-out/>
  <testcase classname="org.test.CustomerContactJob" name="searchInvalid" time="2.089"/>
  <system-out/>
</testsuite> <!-- org.test.CustomerContactJob -->
