<?xml version="1.0" encoding="UTF-8"?>
<!-- Generated by org.testng.reporters.JUnitReportReporter -->
<testsuite hostname="DESKTOP-5M7AM2E" failures="0" tests="4" name="org.enhancement.TeamUser" time="130.549" errors="0" timestamp="2023-04-23T11:13:03 IST" skipped="0">
  <testcase classname="org.enhancement.TeamUser" name="verify" time="53.515"/>
  <system-out/>
  <testcase classname="org.enhancement.TeamUser" name="TeamUserPage" time="11.729"/>
  <system-out/>
  <testcase classname="org.enhancement.TeamUser" name="landingOnCreateForm" time="1.233"/>
  <system-out/>
  <testcase classname="org.enhancement.TeamUser" name="userCreate" time="64.072"/>
  <system-out/>
</testsuite> <!-- org.enhancement.TeamUser -->
