<?xml version="1.0" encoding="UTF-8"?>
<!-- Generated by org.testng.reporters.JUnitReportReporter -->
<testsuite hostname="DESKTOP-5M7AM2E" failures="0" tests="7" name="org.test.Login" time="35.217" errors="0" timestamp="2023-02-01T10:59:54 IST" skipped="0">
  <testcase classname="org.test.Login" name="verifyEmptyEmail" time="4.846"/>
  <system-out/>
  <testcase classname="org.test.Login" name="verifyEmptyPassword" time="3.009"/>
  <system-out/>
  <testcase classname="org.test.Login" name="verifyIncorrectMail" time="2.390"/>
  <system-out/>
  <testcase classname="org.test.Login" name="verifyIncorrectPassword" time="3.691"/>
  <system-out/>
  <testcase classname="org.test.Login" name="verifyInvalidEmail" time="2.714"/>
  <system-out/>
  <testcase classname="org.test.Login" name="verifyInvalidCredentials" time="3.438"/>
  <system-out/>
  <testcase classname="org.test.Login" name="verify" time="15.129"/>
  <system-out/>
</testsuite> <!-- org.test.Login -->
