<?xml version="1.0" encoding="UTF-8"?>
<!-- Generated by org.testng.reporters.JUnitReportReporter -->
<<<<<<< HEAD
<testsuite hostname="DESKTOP-5M7AM2E" failures="0" tests="5" name="org.enhancement.CustomerOrganizationInvoice" time="124.066" errors="0" timestamp="2023-05-22T20:03:10 IST" skipped="0">
  <testcase classname="org.enhancement.CustomerOrganizationInvoice" name="loginPage" time="49.785"/>
  <system-out/>
  <testcase classname="org.enhancement.CustomerOrganizationInvoice" name="modulePage" time="5.784"/>
  <system-out/>
  <testcase classname="org.enhancement.CustomerOrganizationInvoice" name="createOrganization" time="20.836"/>
  <system-out/>
  <testcase classname="org.enhancement.CustomerOrganizationInvoice" name="labelValidation" time="9.020"/>
  <system-out/>
  <testcase classname="org.enhancement.CustomerOrganizationInvoice" name="createInvoice" time="38.641"/>
=======
<testsuite hostname="DESKTOP-5M7AM2E" failures="0" tests="5" name="org.enhancement.CustomerOrganizationInvoice" time="167.245" errors="0" timestamp="2023-05-25T11:49:57 IST" skipped="0">
  <testcase classname="org.enhancement.CustomerOrganizationInvoice" name="loginPage" time="31.186"/>
  <system-out/>
  <testcase classname="org.enhancement.CustomerOrganizationInvoice" name="modulePage" time="7.667"/>
  <system-out/>
  <testcase classname="org.enhancement.CustomerOrganizationInvoice" name="createOrganization" time="24.492"/>
  <system-out/>
  <testcase classname="org.enhancement.CustomerOrganizationInvoice" name="labelValidation" time="8.994"/>
  <system-out/>
  <testcase classname="org.enhancement.CustomerOrganizationInvoice" name="createInvoice" time="94.906"/>
>>>>>>> c5699b793ecef34ca60eb49f33139d209ba1ec97
  <system-out/>
</testsuite> <!-- org.enhancement.CustomerOrganizationInvoice -->
